[0;32mINFO[0;0m 2021-08-18 21:51:22,597 fasta_reader get_alignment_int_form 
	Found 1 non-standard residues in 1 sequences
[0;32mINFO[0;0m 2021-08-18 21:51:22,597 fasta_reader get_alignment_int_form 
	Total number of sequences read from file: 37
[0;32mINFO[0;0m 2021-08-18 21:51:22,597 meanfield_dca compute_sequences_weight 
	Computing sequences weights
[0;32mINFO[0;0m 2021-08-18 21:51:23,447 meanfield_dca __init__ 
	Created a MeanFieldDCA object with the following attributes
        	biomolecule: RNA
        	total states at sites: 5
        	pseudocount: 0.5
        	sequence identity: 0.8
        	alignment length: 44
        	total number of unique sequences (excluding redundant sequences with 100 percent similarity): 36
        	effective number of sequences (with sequence identity 0.8): 2.3310844937570714
        
[0;32mINFO[0;0m 2021-08-18 21:51:23,447 meanfield_dca get_single_site_freqs 
	Computing single site frequencies
[0;32mINFO[0;0m 2021-08-18 21:51:23,806 meanfield_dca get_reg_single_site_freqs 
	Regularizing single site frequencies
[0;32mINFO[0;0m 2021-08-18 21:51:23,930 meanfield_dca get_pair_site_freqs 
	Computing pair site frequencies
[0;32mINFO[0;0m 2021-08-18 21:51:27,086 meanfield_dca get_reg_pair_site_freqs 
	Regularizing pair site frequencies
[0;32mINFO[0;0m 2021-08-18 21:51:27,286 meanfield_dca construct_corr_mat 
	Constructing the correlation matrix
[0;32mINFO[0;0m 2021-08-18 21:51:27,603 meanfield_dca compute_couplings 
	Computing couplings
[0;32mINFO[0;0m 2021-08-18 21:51:28,099 meanfield_dca compute_couplings 
	Maximum and minimum couplings: 5.030238585593402, -20.0
[0;32mINFO[0;0m 2021-08-18 21:51:28,099 meanfield_dca compute_sorted_FN 
	Computing Frobenius norm of couplings
[0;32mINFO[0;0m 2021-08-18 21:51:28,204 meanfield_dca compute_sorted_FN_APC 
	Performing average product correction (APC) to Frobenius norm of couplings.
[0;32mINFO[0;0m 2021-08-18 21:51:28,213 dca_utilities write_sorted_dca_scores 
	Writing DCA scores to file MFDCA_output_4ts0_X/MFDCA_apc_fn_scores_4ts0_X.txt
[0;32mINFO[0;0m 2021-08-18 21:51:28,219 mfdca_main run_meanfield_dca 
	DONE
