[0;32mINFO[0;0m 2021-09-18 14:47:48,359 fasta_reader get_alignment_int_form 
	Total number of sequences read from file: 15
[0;32mINFO[0;0m 2021-09-18 14:47:48,359 meanfield_dca compute_sequences_weight 
	Computing sequences weights
[0;32mINFO[0;0m 2021-09-18 14:47:49,223 meanfield_dca __init__ 
	Created a MeanFieldDCA object with the following attributes
        	biomolecule: RNA
        	total states at sites: 5
        	pseudocount: 0.5
        	sequence identity: 0.8
        	alignment length: 77
        	total number of unique sequences (excluding redundant sequences with 100 percent similarity): 15
        	effective number of sequences (with sequence identity 0.8): 6.449999999999999
        
[0;32mINFO[0;0m 2021-09-18 14:47:49,225 meanfield_dca get_single_site_freqs 
	Computing single site frequencies
[0;32mINFO[0;0m 2021-09-18 14:47:49,594 meanfield_dca get_reg_single_site_freqs 
	Regularizing single site frequencies
[0;32mINFO[0;0m 2021-09-18 14:47:49,717 meanfield_dca get_pair_site_freqs 
	Computing pair site frequencies
[0;32mINFO[0;0m 2021-09-18 14:47:52,982 meanfield_dca get_reg_pair_site_freqs 
	Regularizing pair site frequencies
[0;32mINFO[0;0m 2021-09-18 14:47:53,184 meanfield_dca construct_corr_mat 
	Constructing the correlation matrix
[0;32mINFO[0;0m 2021-09-18 14:47:53,505 meanfield_dca compute_couplings 
	Computing couplings
[0;32mINFO[0;0m 2021-09-18 14:47:54,077 meanfield_dca compute_couplings 
	Maximum and minimum couplings: 2.105962374877085, -20.000000000000025
[0;32mINFO[0;0m 2021-09-18 14:47:54,077 meanfield_dca compute_sorted_FN 
	Computing Frobenius norm of couplings
[0;32mINFO[0;0m 2021-09-18 14:47:54,282 meanfield_dca compute_sorted_FN_APC 
	Performing average product correction (APC) to Frobenius norm of couplings.
[0;32mINFO[0;0m 2021-09-18 14:47:54,299 dca_utilities write_sorted_dca_scores 
	Writing DCA scores to file MFDCA_output_PKB334/MFDCA_apc_fn_scores_PKB334.txt
[0;32mINFO[0;0m 2021-09-18 14:47:54,306 mfdca_main run_meanfield_dca 
	DONE
