[0;32mINFO[0;0m 2021-08-03 01:34:01,376 fasta_reader get_alignment_int_form 
	Found 921 non-standard residues in 105 sequences
[0;32mINFO[0;0m 2021-08-03 01:34:01,376 fasta_reader get_alignment_int_form 
	Total number of sequences read from file: 106
[0;32mINFO[0;0m 2021-08-03 01:34:01,376 meanfield_dca compute_sequences_weight 
	Computing sequences weights
[0;32mINFO[0;0m 2021-08-03 01:34:03,000 meanfield_dca __init__ 
	Created a MeanFieldDCA object with the following attributes
        	biomolecule: RNA
        	total states at sites: 5
        	pseudocount: 0.5
        	sequence identity: 0.8
        	alignment length: 98
        	total number of unique sequences (excluding redundant sequences with 100 percent similarity): 106
        	effective number of sequences (with sequence identity 0.8): 5.038530280104652
        
[0;32mINFO[0;0m 2021-08-03 01:34:03,000 meanfield_dca get_single_site_freqs 
	Computing single site frequencies
[0;32mINFO[0;0m 2021-08-03 01:34:03,631 meanfield_dca get_reg_single_site_freqs 
	Regularizing single site frequencies
[0;32mINFO[0;0m 2021-08-03 01:34:03,858 meanfield_dca get_pair_site_freqs 
	Computing pair site frequencies
[0;32mINFO[0;0m 2021-08-03 01:34:09,686 meanfield_dca get_reg_pair_site_freqs 
	Regularizing pair site frequencies
[0;32mINFO[0;0m 2021-08-03 01:34:10,037 meanfield_dca construct_corr_mat 
	Constructing the correlation matrix
[0;32mINFO[0;0m 2021-08-03 01:34:10,551 meanfield_dca compute_couplings 
	Computing couplings
[0;32mINFO[0;0m 2021-08-03 01:34:12,344 meanfield_dca compute_couplings 
	Maximum and minimum couplings: 4.050874891373363, -19.795542468383704
[0;32mINFO[0;0m 2021-08-03 01:34:12,344 meanfield_dca compute_sorted_FN 
	Computing Frobenius norm of couplings
[0;32mINFO[0;0m 2021-08-03 01:34:12,743 meanfield_dca compute_sorted_FN_APC 
	Performing average product correction (APC) to Frobenius norm of couplings.
[0;32mINFO[0;0m 2021-08-03 01:34:12,798 dca_utilities write_sorted_dca_scores 
	Writing DCA scores to file MFDCA_output_6ufm_B/MFDCA_apc_fn_scores_6ufm_B.txt
[0;32mINFO[0;0m 2021-08-03 01:34:12,813 mfdca_main run_meanfield_dca 
	DONE
