[0;32mINFO[0;0m 2021-05-22 19:00:56,778 fasta_reader get_alignment_int_form 
	Total number of sequences read from file: 15
[0;32mINFO[0;0m 2021-05-22 19:00:56,778 meanfield_dca compute_sequences_weight 
	Computing sequences weights
[0;32mINFO[0;0m 2021-05-22 19:00:57,741 meanfield_dca __init__ 
	Created a MeanFieldDCA object with the following attributes
        	biomolecule: RNA
        	total states at sites: 5
        	pseudocount: 0.5
        	sequence identity: 0.8
        	alignment length: 33
        	total number of unique sequences (excluding redundant sequences with 100 percent similarity): 14
        	effective number of sequences (with sequence identity 0.8): 3.5607142857142864
        
[0;32mINFO[0;0m 2021-05-22 19:00:57,741 meanfield_dca get_single_site_freqs 
	Computing single site frequencies
[0;32mINFO[0;0m 2021-05-22 19:00:58,105 meanfield_dca get_reg_single_site_freqs 
	Regularizing single site frequencies
[0;32mINFO[0;0m 2021-05-22 19:00:58,228 meanfield_dca get_pair_site_freqs 
	Computing pair site frequencies
[0;32mINFO[0;0m 2021-05-22 19:01:01,669 meanfield_dca get_reg_pair_site_freqs 
	Regularizing pair site frequencies
[0;32mINFO[0;0m 2021-05-22 19:01:02,107 meanfield_dca construct_corr_mat 
	Constructing the correlation matrix
[0;32mINFO[0;0m 2021-05-22 19:01:02,453 meanfield_dca compute_couplings 
	Computing couplings
[0;32mINFO[0;0m 2021-05-22 19:01:02,905 meanfield_dca compute_couplings 
	Maximum and minimum couplings: 1.670844222284504, -20.000000000000007
[0;32mINFO[0;0m 2021-05-22 19:01:02,905 meanfield_dca compute_sorted_FN 
	Computing Frobenius norm of couplings
[0;32mINFO[0;0m 2021-05-22 19:01:02,960 meanfield_dca compute_sorted_FN_APC 
	Performing average product correction (APC) to Frobenius norm of couplings.
[0;32mINFO[0;0m 2021-05-22 19:01:02,967 dca_utilities write_sorted_dca_scores 
	Writing DCA scores to file MFDCA_output_3q50_A/MFDCA_apc_fn_scores_3q50_A.txt
[0;32mINFO[0;0m 2021-05-22 19:01:02,971 mfdca_main run_meanfield_dca 
	DONE
