[0;32mINFO[0;0m 2021-10-27 22:07:03,245 fasta_reader get_alignment_int_form 
	Found 867 non-standard residues in 506 sequences
[0;32mINFO[0;0m 2021-10-27 22:07:03,245 fasta_reader get_alignment_int_form 
	Total number of sequences read from file: 50000
[0;32mINFO[0;0m 2021-10-27 22:07:03,251 meanfield_dca compute_sequences_weight 
	Computing sequences weights
[0;32mINFO[0;0m 2021-10-27 22:07:08,161 meanfield_dca __init__ 
	Created a MeanFieldDCA object with the following attributes
        	biomolecule: RNA
        	total states at sites: 5
        	pseudocount: 0.5
        	sequence identity: 0.8
        	alignment length: 76
        	total number of unique sequences (excluding redundant sequences with 100 percent similarity): 49985
        	effective number of sequences (with sequence identity 0.8): 772.0089809384439
        
[0;32mINFO[0;0m 2021-10-27 22:07:08,164 meanfield_dca get_single_site_freqs 
	Computing single site frequencies
[0;32mINFO[0;0m 2021-10-27 22:07:08,875 meanfield_dca get_reg_single_site_freqs 
	Regularizing single site frequencies
[0;32mINFO[0;0m 2021-10-27 22:07:09,090 meanfield_dca get_pair_site_freqs 
	Computing pair site frequencies
[0;32mINFO[0;0m 2021-10-27 22:07:15,204 meanfield_dca get_reg_pair_site_freqs 
	Regularizing pair site frequencies
[0;32mINFO[0;0m 2021-10-27 22:07:15,404 meanfield_dca construct_corr_mat 
	Constructing the correlation matrix
[0;32mINFO[0;0m 2021-10-27 22:07:15,754 meanfield_dca compute_couplings 
	Computing couplings
[0;32mINFO[0;0m 2021-10-27 22:07:16,306 meanfield_dca compute_couplings 
	Maximum and minimum couplings: 2.6780551104565, -19.996046175855103
[0;32mINFO[0;0m 2021-10-27 22:07:16,306 meanfield_dca compute_sorted_FN 
	Computing Frobenius norm of couplings
[0;32mINFO[0;0m 2021-10-27 22:07:16,499 meanfield_dca compute_sorted_FN_APC 
	Performing average product correction (APC) to Frobenius norm of couplings.
[0;32mINFO[0;0m 2021-10-27 22:07:16,515 dca_utilities write_sorted_dca_scores 
	Writing DCA scores to file MFDCA_output_6gsk_3K/MFDCA_apc_fn_scores_6gsk_3K.txt
[0;32mINFO[0;0m 2021-10-27 22:07:16,531 mfdca_main run_meanfield_dca 
	DONE
