[0;32mINFO[0;0m 2021-10-28 10:08:26,235 plmdca __init__ Created plmDCA instance with:
            biomolecule: RNA
            MSA sequence length: 73
            total number of (unweighted) sequences: 2
            sequence identity: 0.8
            lambda_h: 14.4
            lambda_J: 14.4
            gradient decent iterations: 500
            number of threads: 40
        
[0;32mINFO[0;0m 2021-10-28 10:08:26,236 plmdca get_fields_and_couplings_from_backend 
	Computing fields and couplings using gradient decent
Iteration 1:
fx = 776.084045, xnorm = 6.823231, gnorm = 200.795517, step = 0.004256

Iteration 2:
fx = 173.860153, xnorm = 1.651949, gnorm = 98.317146, step = 1.000000

Iteration 3:
fx = 127.741661, xnorm = 2.513318, gnorm = 53.779385, step = 1.000000

Iteration 4:
fx = 103.264420, xnorm = 1.911232, gnorm = 15.202565, step = 1.000000

Iteration 5:
fx = 102.745926, xnorm = 1.702689, gnorm = 5.587909, step = 1.000000

Iteration 6:
fx = 102.254280, xnorm = 1.755495, gnorm = 0.441921, step = 1.000000

L-BFGS optimization terminated with status code = -1001
fx = 102.254265
[0;32mINFO[0;0m 2021-10-28 10:08:26,303 plmdca get_fields_and_couplings_from_backend 
	Data size expected from plmDCA backend: 66065
[0;32mINFO[0;0m 2021-10-28 10:08:26,303 plmdca get_fields_and_couplings_from_backend 
	Data size obtained from plmDCA backend to Python: 66065
[0;32mINFO[0;0m 2021-10-28 10:08:26,344 plmdca compute_sorted_FN 
	Computing non-APC sorted DCA score
[0;32mINFO[0;0m 2021-10-28 10:08:26,455 plmdca compute_sorted_FN_APC 
	Performing average product correction (APC) of FN  of DCA scores
[0;32mINFO[0;0m 2021-10-28 10:08:26,472 dca_utilities write_sorted_dca_scores 
	Writing DCA scores to file PLMDCA_output_5axw_B/PLMDCA_apc_fn_scores_5axw_B.txt
