[0;32mINFO[0;0m 2021-08-03 01:38:20,285 plmdca __init__ Created plmDCA instance with:
            biomolecule: RNA
            MSA sequence length: 77
            total number of (unweighted) sequences: 157
            sequence identity: 0.8
            lambda_h: 15.200000000000001
            lambda_J: 15.200000000000001
            gradient decent iterations: 500
            number of threads: 40
        
[0;32mINFO[0;0m 2021-08-03 01:38:20,285 plmdca get_fields_and_couplings_from_backend 
	Computing fields and couplings using gradient decent
Iteration 1:
fx = 1761.196167, xnorm = 9.977978, gnorm = 310.571350, step = 0.002896

Iteration 2:
fx = 755.875000, xnorm = 3.222401, gnorm = 284.292999, step = 1.000000

Iteration 3:
fx = 347.813049, xnorm = 3.446313, gnorm = 131.908600, step = 1.000000

Iteration 4:
fx = 224.052383, xnorm = 2.452568, gnorm = 28.432283, step = 1.000000

Iteration 5:
fx = 221.674011, xnorm = 2.200060, gnorm = 14.403773, step = 1.000000

Iteration 6:
fx = 219.920013, xnorm = 2.241970, gnorm = 3.471861, step = 1.000000

Iteration 7:
fx = 219.788254, xnorm = 2.234295, gnorm = 1.502590, step = 1.000000

Iteration 8:
fx = 219.783981, xnorm = 2.232354, gnorm = 1.094339, step = 0.268521

L-BFGS optimization terminated with status code = -1001
fx = 219.783844
[0;32mINFO[0;0m 2021-08-03 01:38:20,568 plmdca get_fields_and_couplings_from_backend 
	Data size expected from plmDCA backend: 73535
[0;32mINFO[0;0m 2021-08-03 01:38:20,569 plmdca get_fields_and_couplings_from_backend 
	Data size obtained from plmDCA backend to Python: 73535
[0;32mINFO[0;0m 2021-08-03 01:38:20,660 plmdca compute_sorted_FN 
	Computing non-APC sorted DCA score
[0;32mINFO[0;0m 2021-08-03 01:38:20,905 plmdca compute_sorted_FN_APC 
	Performing average product correction (APC) of FN  of DCA scores
[0;32mINFO[0;0m 2021-08-03 01:38:20,956 dca_utilities write_sorted_dca_scores 
	Writing DCA scores to file PLMDCA_output_4v9k_AW/PLMDCA_apc_fn_scores_4v9k_AW.txt
