[0;32mINFO[0;0m 2021-08-03 00:54:46,594 plmdca __init__ Created plmDCA instance with:
            biomolecule: RNA
            MSA sequence length: 71
            total number of (unweighted) sequences: 3
            sequence identity: 0.8
            lambda_h: 14.0
            lambda_J: 14.0
            gradient decent iterations: 500
            number of threads: 40
        
[0;32mINFO[0;0m 2021-08-03 00:54:46,594 plmdca get_fields_and_couplings_from_backend 
	Computing fields and couplings using gradient decent
Iteration 1:
fx = 444.588531, xnorm = 5.197063, gnorm = 146.965973, step = 0.005560

Iteration 2:
fx = 98.714111, xnorm = 1.036776, gnorm = 57.684914, step = 1.000000

Iteration 3:
fx = 75.154861, xnorm = 1.886802, gnorm = 34.785591, step = 1.000000

Iteration 4:
fx = 66.740753, xnorm = 1.430059, gnorm = 5.906723, step = 1.000000

Iteration 5:
fx = 66.729553, xnorm = 1.412981, gnorm = 4.654783, step = 0.183398

L-BFGS optimization terminated with status code = -1001
fx = 66.724518
[0;32mINFO[0;0m 2021-08-03 00:54:47,098 plmdca get_fields_and_couplings_from_backend 
	Data size expected from plmDCA backend: 62480
[0;32mINFO[0;0m 2021-08-03 00:54:47,098 plmdca get_fields_and_couplings_from_backend 
	Data size obtained from plmDCA backend to Python: 62480
[0;32mINFO[0;0m 2021-08-03 00:54:47,248 plmdca compute_sorted_FN 
	Computing non-APC sorted DCA score
[0;32mINFO[0;0m 2021-08-03 00:54:47,513 plmdca compute_sorted_FN_APC 
	Performing average product correction (APC) of FN  of DCA scores
[0;32mINFO[0;0m 2021-08-03 00:54:47,552 dca_utilities write_sorted_dca_scores 
	Writing DCA scores to file PLMDCA_output_2du4_C/PLMDCA_apc_fn_scores_2du4_C.txt
