[0;32mINFO[0;0m 2021-06-10 15:03:59,057 plmdca __init__ Created plmDCA instance with:
            biomolecule: RNA
            MSA sequence length: 106
            total number of (unweighted) sequences: 3
            sequence identity: 0.8
            lambda_h: 21.0
            lambda_J: 21.0
            gradient decent iterations: 500
            number of threads: 40
        
[0;32mINFO[0;0m 2021-06-10 15:03:59,057 plmdca get_fields_and_couplings_from_backend 
	Computing fields and couplings using gradient decent
Iteration 1:
fx = 671.668091, xnorm = 5.279471, gnorm = 224.785385, step = 0.003692

Iteration 2:
fx = 117.074074, xnorm = 0.754854, gnorm = 71.917526, step = 1.000000

Iteration 3:
fx = 96.834450, xnorm = 1.821740, gnorm = 51.559834, step = 1.000000

Iteration 4:
fx = 82.572899, xnorm = 1.283636, gnorm = 5.721516, step = 1.000000

L-BFGS optimization terminated with status code = -1001
fx = 82.572906
[0;32mINFO[0;0m 2021-06-10 15:03:59,174 plmdca get_fields_and_couplings_from_backend 
	Data size expected from plmDCA backend: 139655
[0;32mINFO[0;0m 2021-06-10 15:03:59,175 plmdca get_fields_and_couplings_from_backend 
	Data size obtained from plmDCA backend to Python: 139655
[0;32mINFO[0;0m 2021-06-10 15:03:59,317 plmdca compute_sorted_FN 
	Computing non-APC sorted DCA score
[0;32mINFO[0;0m 2021-06-10 15:03:59,648 plmdca compute_sorted_FN_APC 
	Performing average product correction (APC) of FN  of DCA scores
[0;32mINFO[0;0m 2021-06-10 15:03:59,695 dca_utilities write_sorted_dca_scores 
	Writing DCA scores to file PLMDCA_output_PKB336/PLMDCA_apc_fn_scores_PKB336.txt
