[0;32mINFO[0;0m 2021-09-18 14:40:02,563 fasta_reader get_alignment_int_form 
	Total number of sequences read from file: 59
[0;32mINFO[0;0m 2021-09-18 14:40:02,564 meanfield_dca compute_sequences_weight 
	Computing sequences weights
[0;32mINFO[0;0m 2021-09-18 14:40:03,427 meanfield_dca __init__ 
	Created a MeanFieldDCA object with the following attributes
        	biomolecule: RNA
        	total states at sites: 5
        	pseudocount: 0.5
        	sequence identity: 0.8
        	alignment length: 67
        	total number of unique sequences (excluding redundant sequences with 100 percent similarity): 58
        	effective number of sequences (with sequence identity 0.8): 32.076190476190476
        
[0;32mINFO[0;0m 2021-09-18 14:40:03,429 meanfield_dca get_single_site_freqs 
	Computing single site frequencies
[0;32mINFO[0;0m 2021-09-18 14:40:03,791 meanfield_dca get_reg_single_site_freqs 
	Regularizing single site frequencies
[0;32mINFO[0;0m 2021-09-18 14:40:03,913 meanfield_dca get_pair_site_freqs 
	Computing pair site frequencies
[0;32mINFO[0;0m 2021-09-18 14:40:07,175 meanfield_dca get_reg_pair_site_freqs 
	Regularizing pair site frequencies
[0;32mINFO[0;0m 2021-09-18 14:40:07,373 meanfield_dca construct_corr_mat 
	Constructing the correlation matrix
[0;32mINFO[0;0m 2021-09-18 14:40:07,685 meanfield_dca compute_couplings 
	Computing couplings
[0;32mINFO[0;0m 2021-09-18 14:40:08,233 meanfield_dca compute_couplings 
	Maximum and minimum couplings: 4.475324449805549, -20.000000000000036
[0;32mINFO[0;0m 2021-09-18 14:40:08,233 meanfield_dca compute_sorted_FN 
	Computing Frobenius norm of couplings
[0;32mINFO[0;0m 2021-09-18 14:40:08,397 meanfield_dca compute_sorted_FN_APC 
	Performing average product correction (APC) to Frobenius norm of couplings.
[0;32mINFO[0;0m 2021-09-18 14:40:08,408 dca_utilities write_sorted_dca_scores 
	Writing DCA scores to file MFDCA_output_PKB229/MFDCA_apc_fn_scores_PKB229.txt
[0;32mINFO[0;0m 2021-09-18 14:40:08,413 mfdca_main run_meanfield_dca 
	DONE
