[0;32mINFO[0;0m 2021-06-10 13:59:22,992 fasta_reader get_alignment_int_form 
	Total number of sequences read from file: 213
[0;32mINFO[0;0m 2021-06-10 13:59:22,992 meanfield_dca compute_sequences_weight 
	Computing sequences weights
[0;32mINFO[0;0m 2021-06-10 13:59:24,656 meanfield_dca __init__ 
	Created a MeanFieldDCA object with the following attributes
        	biomolecule: RNA
        	total states at sites: 5
        	pseudocount: 0.5
        	sequence identity: 0.8
        	alignment length: 46
        	total number of unique sequences (excluding redundant sequences with 100 percent similarity): 212
        	effective number of sequences (with sequence identity 0.8): 7.235375922226763
        
[0;32mINFO[0;0m 2021-06-10 13:59:24,657 meanfield_dca get_single_site_freqs 
	Computing single site frequencies
[0;32mINFO[0;0m 2021-06-10 13:59:25,417 meanfield_dca get_reg_single_site_freqs 
	Regularizing single site frequencies
[0;32mINFO[0;0m 2021-06-10 13:59:25,671 meanfield_dca get_pair_site_freqs 
	Computing pair site frequencies
[0;32mINFO[0;0m 2021-06-10 13:59:32,672 meanfield_dca get_reg_pair_site_freqs 
	Regularizing pair site frequencies
[0;32mINFO[0;0m 2021-06-10 13:59:33,093 meanfield_dca construct_corr_mat 
	Constructing the correlation matrix
[0;32mINFO[0;0m 2021-06-10 13:59:33,708 meanfield_dca compute_couplings 
	Computing couplings
[0;32mINFO[0;0m 2021-06-10 13:59:35,133 meanfield_dca compute_couplings 
	Maximum and minimum couplings: 2.3848252200527416, -20.00000000000002
[0;32mINFO[0;0m 2021-06-10 13:59:35,133 meanfield_dca compute_sorted_FN 
	Computing Frobenius norm of couplings
[0;32mINFO[0;0m 2021-06-10 13:59:35,278 meanfield_dca compute_sorted_FN_APC 
	Performing average product correction (APC) to Frobenius norm of couplings.
[0;32mINFO[0;0m 2021-06-10 13:59:35,287 dca_utilities write_sorted_dca_scores 
	Writing DCA scores to file MFDCA_output_PKB51/MFDCA_apc_fn_scores_PKB51.txt
[0;32mINFO[0;0m 2021-06-10 13:59:35,293 mfdca_main run_meanfield_dca 
	DONE
