[0;32mINFO[0;0m 2021-10-28 10:20:09,232 plmdca __init__ Created plmDCA instance with:
            biomolecule: RNA
            MSA sequence length: 87
            total number of (unweighted) sequences: 8536
            sequence identity: 0.8
            lambda_h: 17.2
            lambda_J: 17.2
            gradient decent iterations: 500
            number of threads: 40
        
[0;32mINFO[0;0m 2021-10-28 10:20:09,232 plmdca get_fields_and_couplings_from_backend 
	Computing fields and couplings using gradient decent
Iteration 1:
fx = 54186.402344, xnorm = 34.598297, gnorm = 6735.122070, step = 0.000235

Iteration 2:
fx = 51910.417969, xnorm = 34.540497, gnorm = 3122.776367, step = 1.000000

Iteration 3:
fx = 50378.527344, xnorm = 34.278172, gnorm = 2705.107178, step = 1.000000

Iteration 4:
fx = 46324.121094, xnorm = 33.217125, gnorm = 3989.408203, step = 1.000000

Iteration 5:
fx = 40557.515625, xnorm = 31.408543, gnorm = 4311.080566, step = 1.000000

Iteration 6:
fx = 36584.449219, xnorm = 29.945692, gnorm = 4220.563477, step = 1.000000

Iteration 7:
fx = 34153.457031, xnorm = 29.565001, gnorm = 3230.898438, step = 1.000000

Iteration 8:
fx = 32338.341797, xnorm = 29.236555, gnorm = 2252.858398, step = 1.000000

Iteration 9:
fx = 30462.138672, xnorm = 28.548666, gnorm = 1870.138550, step = 1.000000

Iteration 10:
fx = 28641.812500, xnorm = 27.466419, gnorm = 2183.650879, step = 1.000000

Iteration 11:
fx = 26919.873047, xnorm = 26.126223, gnorm = 3043.716553, step = 1.000000

Iteration 12:
fx = 25182.158203, xnorm = 25.061180, gnorm = 2213.505615, step = 1.000000

Iteration 13:
fx = 23803.302734, xnorm = 24.241352, gnorm = 1603.658447, step = 1.000000

Iteration 14:
fx = 23170.572266, xnorm = 23.345373, gnorm = 2152.142090, step = 1.000000

Iteration 15:
fx = 22534.863281, xnorm = 22.976967, gnorm = 1474.759033, step = 1.000000

Iteration 16:
fx = 22036.015625, xnorm = 22.602184, gnorm = 1426.091309, step = 1.000000

Iteration 17:
fx = 21212.324219, xnorm = 21.419876, gnorm = 1635.972656, step = 1.000000

Iteration 18:
fx = 20596.425781, xnorm = 19.753365, gnorm = 2385.586426, step = 1.000000

Iteration 19:
fx = 20154.701172, xnorm = 19.300053, gnorm = 1617.202026, step = 1.000000

Iteration 20:
fx = 19876.511719, xnorm = 19.446796, gnorm = 1036.466553, step = 1.000000

Iteration 21:
fx = 19671.349609, xnorm = 19.192068, gnorm = 1221.619263, step = 1.000000

Iteration 22:
fx = 19498.021484, xnorm = 18.892809, gnorm = 679.599182, step = 1.000000

Iteration 23:
fx = 19367.701172, xnorm = 18.478113, gnorm = 656.130188, step = 1.000000

Iteration 24:
fx = 19210.542969, xnorm = 18.030365, gnorm = 689.967712, step = 1.000000

Iteration 25:
fx = 19047.818359, xnorm = 17.567497, gnorm = 910.282471, step = 1.000000

Iteration 26:
fx = 18957.152344, xnorm = 17.339527, gnorm = 939.207581, step = 1.000000

Iteration 27:
fx = 18875.056641, xnorm = 17.454689, gnorm = 381.242920, step = 1.000000

Iteration 28:
fx = 18851.371094, xnorm = 17.500881, gnorm = 303.209473, step = 1.000000

Iteration 29:
fx = 18821.962891, xnorm = 17.480164, gnorm = 293.577515, step = 1.000000

Iteration 30:
fx = 18811.660156, xnorm = 17.299484, gnorm = 610.683899, step = 1.000000

Iteration 31:
fx = 18773.972656, xnorm = 17.243645, gnorm = 244.502136, step = 1.000000

Iteration 32:
fx = 18754.843750, xnorm = 17.138445, gnorm = 220.074860, step = 1.000000

Iteration 33:
fx = 18734.816406, xnorm = 16.968449, gnorm = 230.367706, step = 1.000000

Iteration 34:
fx = 18724.771484, xnorm = 16.747860, gnorm = 427.827179, step = 1.000000

Iteration 35:
fx = 18708.746094, xnorm = 16.734890, gnorm = 145.356796, step = 1.000000

Iteration 36:
fx = 18704.781250, xnorm = 16.747126, gnorm = 149.332321, step = 1.000000

Iteration 37:
fx = 18697.326172, xnorm = 16.726931, gnorm = 164.404480, step = 1.000000

Iteration 38:
fx = 18693.771484, xnorm = 16.676403, gnorm = 348.925873, step = 1.000000

Iteration 39:
fx = 18682.251953, xnorm = 16.640732, gnorm = 123.082336, step = 1.000000

Iteration 40:
fx = 18680.144531, xnorm = 16.635841, gnorm = 82.173630, step = 1.000000

Iteration 41:
fx = 18677.613281, xnorm = 16.619621, gnorm = 74.597305, step = 1.000000

Iteration 42:
fx = 18676.453125, xnorm = 16.599792, gnorm = 119.385178, step = 1.000000

Iteration 43:
fx = 18674.953125, xnorm = 16.587736, gnorm = 80.335472, step = 1.000000

Iteration 44:
fx = 18673.736328, xnorm = 16.585197, gnorm = 61.274643, step = 1.000000

Iteration 45:
fx = 18672.927734, xnorm = 16.583691, gnorm = 60.062828, step = 1.000000

Iteration 46:
fx = 18672.593750, xnorm = 16.583042, gnorm = 94.924911, step = 1.000000

Iteration 47:
fx = 18671.904297, xnorm = 16.583254, gnorm = 48.648746, step = 1.000000

Iteration 48:
fx = 18671.773438, xnorm = 16.583370, gnorm = 38.809467, step = 1.000000

Iteration 49:
fx = 18671.746094, xnorm = 16.583521, gnorm = 37.269730, step = 0.260671

Iteration 50:
fx = 18671.464844, xnorm = 16.584803, gnorm = 43.544983, step = 0.384323

Iteration 51:
fx = 18671.427734, xnorm = 16.585497, gnorm = 32.995796, step = 0.164518

Iteration 52:
fx = 18671.419922, xnorm = 16.586107, gnorm = 28.632544, step = 0.179634

Iteration 53:
fx = 18671.398438, xnorm = 16.587076, gnorm = 28.962481, step = 0.168899

Iteration 54:
fx = 18671.398438, xnorm = 16.587969, gnorm = 22.771042, step = 0.168020

L-BFGS optimization terminated with status code = -1001
fx = 18671.394531
[0;32mINFO[0;0m 2021-10-28 10:20:13,570 plmdca get_fields_and_couplings_from_backend 
	Data size expected from plmDCA backend: 93960
[0;32mINFO[0;0m 2021-10-28 10:20:13,571 plmdca get_fields_and_couplings_from_backend 
	Data size obtained from plmDCA backend to Python: 93960
[0;32mINFO[0;0m 2021-10-28 10:20:13,631 plmdca compute_sorted_FN 
	Computing non-APC sorted DCA score
[0;32mINFO[0;0m 2021-10-28 10:20:13,820 plmdca compute_sorted_FN_APC 
	Performing average product correction (APC) of FN  of DCA scores
[0;32mINFO[0;0m 2021-10-28 10:20:13,853 dca_utilities write_sorted_dca_scores 
	Writing DCA scores to file PLMDCA_output_4wsm_1K/PLMDCA_apc_fn_scores_4wsm_1K.txt
