[0;32mINFO[0;0m 2021-06-10 14:41:46,504 fasta_reader get_alignment_int_form 
	Total number of sequences read from file: 88
[0;32mINFO[0;0m 2021-06-10 14:41:46,504 meanfield_dca compute_sequences_weight 
	Computing sequences weights
[0;32mINFO[0;0m 2021-06-10 14:41:47,361 meanfield_dca __init__ 
	Created a MeanFieldDCA object with the following attributes
        	biomolecule: RNA
        	total states at sites: 5
        	pseudocount: 0.5
        	sequence identity: 0.8
        	alignment length: 64
        	total number of unique sequences (excluding redundant sequences with 100 percent similarity): 87
        	effective number of sequences (with sequence identity 0.8): 38.4992784992785
        
[0;32mINFO[0;0m 2021-06-10 14:41:47,361 meanfield_dca get_single_site_freqs 
	Computing single site frequencies
[0;32mINFO[0;0m 2021-06-10 14:41:47,723 meanfield_dca get_reg_single_site_freqs 
	Regularizing single site frequencies
[0;32mINFO[0;0m 2021-06-10 14:41:47,845 meanfield_dca get_pair_site_freqs 
	Computing pair site frequencies
[0;32mINFO[0;0m 2021-06-10 14:41:51,019 meanfield_dca get_reg_pair_site_freqs 
	Regularizing pair site frequencies
[0;32mINFO[0;0m 2021-06-10 14:41:51,217 meanfield_dca construct_corr_mat 
	Constructing the correlation matrix
[0;32mINFO[0;0m 2021-06-10 14:41:51,526 meanfield_dca compute_couplings 
	Computing couplings
[0;32mINFO[0;0m 2021-06-10 14:41:52,365 meanfield_dca compute_couplings 
	Maximum and minimum couplings: 2.1316692860323525, -20.000000000000014
[0;32mINFO[0;0m 2021-06-10 14:41:52,365 meanfield_dca compute_sorted_FN 
	Computing Frobenius norm of couplings
[0;32mINFO[0;0m 2021-06-10 14:41:52,519 meanfield_dca compute_sorted_FN_APC 
	Performing average product correction (APC) to Frobenius norm of couplings.
[0;32mINFO[0;0m 2021-06-10 14:41:52,529 dca_utilities write_sorted_dca_scores 
	Writing DCA scores to file MFDCA_output_PKB226/MFDCA_apc_fn_scores_PKB226.txt
[0;32mINFO[0;0m 2021-06-10 14:41:52,533 mfdca_main run_meanfield_dca 
	DONE
