[0;32mINFO[0;0m 2021-10-27 21:54:15,051 fasta_reader get_alignment_int_form 
	Found 10 non-standard residues in 8 sequences
[0;32mINFO[0;0m 2021-10-27 21:54:15,051 fasta_reader get_alignment_int_form 
	Total number of sequences read from file: 110
[0;32mINFO[0;0m 2021-10-27 21:54:15,051 meanfield_dca compute_sequences_weight 
	Computing sequences weights
[0;32mINFO[0;0m 2021-10-27 21:54:15,896 meanfield_dca __init__ 
	Created a MeanFieldDCA object with the following attributes
        	biomolecule: RNA
        	total states at sites: 5
        	pseudocount: 0.5
        	sequence identity: 0.8
        	alignment length: 44
        	total number of unique sequences (excluding redundant sequences with 100 percent similarity): 110
        	effective number of sequences (with sequence identity 0.8): 1.0524982520387753
        
[0;32mINFO[0;0m 2021-10-27 21:54:15,898 meanfield_dca get_single_site_freqs 
	Computing single site frequencies
[0;32mINFO[0;0m 2021-10-27 21:54:16,255 meanfield_dca get_reg_single_site_freqs 
	Regularizing single site frequencies
[0;32mINFO[0;0m 2021-10-27 21:54:16,376 meanfield_dca get_pair_site_freqs 
	Computing pair site frequencies
[0;32mINFO[0;0m 2021-10-27 21:54:19,526 meanfield_dca get_reg_pair_site_freqs 
	Regularizing pair site frequencies
[0;32mINFO[0;0m 2021-10-27 21:54:19,722 meanfield_dca construct_corr_mat 
	Constructing the correlation matrix
[0;32mINFO[0;0m 2021-10-27 21:54:20,032 meanfield_dca compute_couplings 
	Computing couplings
[0;32mINFO[0;0m 2021-10-27 21:54:20,527 meanfield_dca compute_couplings 
	Maximum and minimum couplings: 3.4686412438860312, -20.000000000000032
[0;32mINFO[0;0m 2021-10-27 21:54:20,528 meanfield_dca compute_sorted_FN 
	Computing Frobenius norm of couplings
[0;32mINFO[0;0m 2021-10-27 21:54:20,632 meanfield_dca compute_sorted_FN_APC 
	Performing average product correction (APC) to Frobenius norm of couplings.
[0;32mINFO[0;0m 2021-10-27 21:54:20,641 dca_utilities write_sorted_dca_scores 
	Writing DCA scores to file MFDCA_output_1g1x_E/MFDCA_apc_fn_scores_1g1x_E.txt
[0;32mINFO[0;0m 2021-10-27 21:54:20,648 mfdca_main run_meanfield_dca 
	DONE
