[0;32mINFO[0;0m 2021-08-19 11:15:10,986 plmdca __init__ Created plmDCA instance with:
            biomolecule: RNA
            MSA sequence length: 38
            total number of (unweighted) sequences: 16
            sequence identity: 0.8
            lambda_h: 7.4
            lambda_J: 7.4
            gradient decent iterations: 500
            number of threads: 40
        
[0;32mINFO[0;0m 2021-08-19 11:15:10,986 plmdca get_fields_and_couplings_from_backend 
	Computing fields and couplings using gradient decent
Iteration 1:
fx = 770.172791, xnorm = 8.874244, gnorm = 137.180176, step = 0.006473

Iteration 2:
fx = 551.373718, xnorm = 4.238161, gnorm = 215.838486, step = 1.000000

Iteration 3:
fx = 223.784958, xnorm = 4.204721, gnorm = 60.807915, step = 1.000000

Iteration 4:
fx = 176.585571, xnorm = 3.286685, gnorm = 22.279713, step = 1.000000

Iteration 5:
fx = 172.785507, xnorm = 2.938660, gnorm = 13.444410, step = 1.000000

Iteration 6:
fx = 170.772629, xnorm = 2.976539, gnorm = 4.168273, step = 1.000000

Iteration 7:
fx = 170.538010, xnorm = 2.963841, gnorm = 1.681147, step = 1.000000

Iteration 8:
fx = 170.402542, xnorm = 2.938388, gnorm = 0.818743, step = 1.000000

Iteration 9:
fx = 170.334351, xnorm = 2.930655, gnorm = 0.658825, step = 1.000000

L-BFGS optimization terminated with status code = -1001
fx = 170.334381
[0;32mINFO[0;0m 2021-08-19 11:15:11,034 plmdca get_fields_and_couplings_from_backend 
	Data size expected from plmDCA backend: 17765
[0;32mINFO[0;0m 2021-08-19 11:15:11,034 plmdca get_fields_and_couplings_from_backend 
	Data size obtained from plmDCA backend to Python: 17765
[0;32mINFO[0;0m 2021-08-19 11:15:11,045 plmdca compute_sorted_FN 
	Computing non-APC sorted DCA score
[0;32mINFO[0;0m 2021-08-19 11:15:11,084 plmdca compute_sorted_FN_APC 
	Performing average product correction (APC) of FN  of DCA scores
[0;32mINFO[0;0m 2021-08-19 11:15:11,088 dca_utilities write_sorted_dca_scores 
	Writing DCA scores to file PLMDCA_output_1zho_B/PLMDCA_apc_fn_scores_1zho_B.txt
