[0;32mINFO[0;0m 2021-06-10 15:22:56,980 plmdca __init__ Created plmDCA instance with:
            biomolecule: RNA
            MSA sequence length: 33
            total number of (unweighted) sequences: 59
            sequence identity: 0.8
            lambda_h: 6.4
            lambda_J: 6.4
            gradient decent iterations: 500
            number of threads: 40
        
[0;32mINFO[0;0m 2021-06-10 15:22:56,980 plmdca get_fields_and_couplings_from_backend 
	Computing fields and couplings using gradient decent
Iteration 1:
fx = 413.173370, xnorm = 7.052898, gnorm = 90.572067, step = 0.009413

Iteration 2:
fx = 194.822189, xnorm = 2.536743, gnorm = 95.848434, step = 1.000000

Iteration 3:
fx = 135.480804, xnorm = 2.990847, gnorm = 48.583889, step = 1.000000

Iteration 4:
fx = 102.889526, xnorm = 2.308361, gnorm = 17.404919, step = 1.000000

Iteration 5:
fx = 102.297737, xnorm = 2.073915, gnorm = 15.571591, step = 1.000000

Iteration 6:
fx = 99.464676, xnorm = 2.135492, gnorm = 3.135903, step = 1.000000

Iteration 7:
fx = 99.397758, xnorm = 2.121000, gnorm = 1.593880, step = 1.000000

Iteration 8:
fx = 99.342094, xnorm = 2.105971, gnorm = 0.757928, step = 1.000000

Iteration 9:
fx = 99.306801, xnorm = 2.100360, gnorm = 0.359631, step = 1.000000

Iteration 10:
fx = 99.291336, xnorm = 2.098269, gnorm = 0.290509, step = 1.000000

L-BFGS optimization terminated with status code = -1001
fx = 99.291336
[0;32mINFO[0;0m 2021-06-10 15:22:57,075 plmdca get_fields_and_couplings_from_backend 
	Data size expected from plmDCA backend: 13365
[0;32mINFO[0;0m 2021-06-10 15:22:57,075 plmdca get_fields_and_couplings_from_backend 
	Data size obtained from plmDCA backend to Python: 13365
[0;32mINFO[0;0m 2021-06-10 15:22:57,085 plmdca compute_sorted_FN 
	Computing non-APC sorted DCA score
[0;32mINFO[0;0m 2021-06-10 15:22:57,110 plmdca compute_sorted_FN_APC 
	Performing average product correction (APC) of FN  of DCA scores
[0;32mINFO[0;0m 2021-06-10 15:22:57,112 dca_utilities write_sorted_dca_scores 
	Writing DCA scores to file PLMDCA_output_PKB249/PLMDCA_apc_fn_scores_PKB249.txt
