[0;32mINFO[0;0m 2021-10-28 10:28:08,981 plmdca __init__ Created plmDCA instance with:
            biomolecule: RNA
            MSA sequence length: 77
            total number of (unweighted) sequences: 50000
            sequence identity: 0.8
            lambda_h: 15.200000000000001
            lambda_J: 15.200000000000001
            gradient decent iterations: 500
            number of threads: 40
        
[0;32mINFO[0;0m 2021-10-28 10:28:08,982 plmdca get_fields_and_couplings_from_backend 
	Computing fields and couplings using gradient decent
Iteration 1:
fx = 96504.054688, xnorm = 28.007792, gnorm = 5549.282715, step = 0.000047

Iteration 2:
fx = 94929.710938, xnorm = 27.932930, gnorm = 6068.520020, step = 1.000000

Iteration 3:
fx = 91915.312500, xnorm = 27.741850, gnorm = 10147.760742, step = 1.000000

Iteration 4:
fx = 85747.296875, xnorm = 27.517851, gnorm = 12334.643555, step = 1.000000

Iteration 5:
fx = 74812.664062, xnorm = 28.022135, gnorm = 13375.491211, step = 1.000000

Iteration 6:
fx = 68495.179688, xnorm = 29.444616, gnorm = 7372.824707, step = 1.000000

Iteration 7:
fx = 66057.671875, xnorm = 29.522163, gnorm = 3678.973633, step = 1.000000

Iteration 8:
fx = 64992.042969, xnorm = 29.584429, gnorm = 2535.738037, step = 1.000000

Iteration 9:
fx = 64098.203125, xnorm = 29.732859, gnorm = 2627.281250, step = 1.000000

Iteration 10:
fx = 62430.148438, xnorm = 30.105791, gnorm = 4005.472168, step = 1.000000

Iteration 11:
fx = 60547.097656, xnorm = 30.733492, gnorm = 5506.898438, step = 1.000000

Iteration 12:
fx = 58791.851562, xnorm = 31.083229, gnorm = 3502.791748, step = 1.000000

Iteration 13:
fx = 57567.484375, xnorm = 31.062527, gnorm = 2535.027100, step = 1.000000

Iteration 14:
fx = 56597.296875, xnorm = 30.594112, gnorm = 4236.482910, step = 1.000000

Iteration 15:
fx = 55856.800781, xnorm = 30.374363, gnorm = 3431.616455, step = 1.000000

Iteration 16:
fx = 55354.945312, xnorm = 30.247553, gnorm = 2171.427246, step = 1.000000

Iteration 17:
fx = 54583.445312, xnorm = 29.740826, gnorm = 2141.265869, step = 1.000000

Iteration 18:
fx = 54006.453125, xnorm = 29.267080, gnorm = 2228.743408, step = 1.000000

Iteration 19:
fx = 53796.417969, xnorm = 28.272724, gnorm = 5239.137695, step = 1.000000

Iteration 20:
fx = 52671.832031, xnorm = 28.117723, gnorm = 1892.537598, step = 1.000000

Iteration 21:
fx = 52315.585938, xnorm = 28.054462, gnorm = 1597.535645, step = 1.000000

Iteration 22:
fx = 51857.722656, xnorm = 27.636299, gnorm = 1860.926025, step = 1.000000

Iteration 23:
fx = 51724.316406, xnorm = 26.754725, gnorm = 5134.369141, step = 1.000000

Iteration 24:
fx = 50862.617188, xnorm = 26.567467, gnorm = 1937.600098, step = 1.000000

Iteration 25:
fx = 50629.082031, xnorm = 26.448603, gnorm = 1471.893311, step = 1.000000

Iteration 26:
fx = 50394.742188, xnorm = 26.193958, gnorm = 1508.783569, step = 1.000000

Iteration 27:
fx = 50308.726562, xnorm = 25.675112, gnorm = 3788.401367, step = 1.000000

Iteration 28:
fx = 49829.261719, xnorm = 25.558167, gnorm = 1578.554443, step = 1.000000

Iteration 29:
fx = 49633.710938, xnorm = 25.469336, gnorm = 1441.095703, step = 1.000000

Iteration 30:
fx = 49403.273438, xnorm = 25.276970, gnorm = 1643.177002, step = 1.000000

Iteration 31:
fx = 49138.484375, xnorm = 24.985209, gnorm = 2595.461426, step = 1.000000

Iteration 32:
fx = 48768.785156, xnorm = 24.743399, gnorm = 1856.121216, step = 1.000000

Iteration 33:
fx = 48525.152344, xnorm = 24.678896, gnorm = 1481.049561, step = 1.000000

Iteration 34:
fx = 48172.875000, xnorm = 24.536301, gnorm = 1460.514526, step = 1.000000

Iteration 35:
fx = 48064.539062, xnorm = 24.508499, gnorm = 1334.342896, step = 0.323810

Iteration 36:
fx = 47909.773438, xnorm = 24.468954, gnorm = 1266.000488, step = 1.000000

Iteration 37:
fx = 47745.054688, xnorm = 24.454422, gnorm = 1886.611938, step = 1.000000

Iteration 38:
fx = 47640.714844, xnorm = 24.500864, gnorm = 1933.354370, step = 1.000000

Iteration 39:
fx = 47509.062500, xnorm = 24.484659, gnorm = 885.766479, step = 1.000000

Iteration 40:
fx = 47435.839844, xnorm = 24.485081, gnorm = 792.733459, step = 1.000000

Iteration 41:
fx = 47341.824219, xnorm = 24.507362, gnorm = 1105.872192, step = 1.000000

Iteration 42:
fx = 47252.367188, xnorm = 24.566250, gnorm = 1772.598389, step = 1.000000

Iteration 43:
fx = 47112.851562, xnorm = 24.669729, gnorm = 960.483337, step = 1.000000

Iteration 44:
fx = 47038.898438, xnorm = 24.707214, gnorm = 702.179993, step = 1.000000

Iteration 45:
fx = 46952.152344, xnorm = 24.795029, gnorm = 557.938782, step = 1.000000

Iteration 46:
fx = 46930.500000, xnorm = 24.807816, gnorm = 586.219055, step = 0.202634

Iteration 47:
fx = 46896.492188, xnorm = 24.850309, gnorm = 606.505920, step = 1.000000

Iteration 48:
fx = 46843.300781, xnorm = 24.846823, gnorm = 856.424377, step = 1.000000

Iteration 49:
fx = 46811.890625, xnorm = 24.826494, gnorm = 846.311096, step = 1.000000

Iteration 50:
fx = 46776.691406, xnorm = 24.792578, gnorm = 461.728485, step = 1.000000

Iteration 51:
fx = 46753.656250, xnorm = 24.753689, gnorm = 355.848907, step = 1.000000

Iteration 52:
fx = 46726.613281, xnorm = 24.718676, gnorm = 475.723022, step = 1.000000

Iteration 53:
fx = 46719.339844, xnorm = 24.686502, gnorm = 1096.825562, step = 1.000000

Iteration 54:
fx = 46683.742188, xnorm = 24.705568, gnorm = 333.106293, step = 1.000000

Iteration 55:
fx = 46676.929688, xnorm = 24.726608, gnorm = 276.321625, step = 1.000000

Iteration 56:
fx = 46667.269531, xnorm = 24.750858, gnorm = 384.659424, step = 1.000000

Iteration 57:
fx = 46664.207031, xnorm = 24.763460, gnorm = 398.294250, step = 1.000000

Iteration 58:
fx = 46654.875000, xnorm = 24.752745, gnorm = 252.180939, step = 1.000000

Iteration 59:
fx = 46643.660156, xnorm = 24.727865, gnorm = 215.684998, step = 1.000000

Iteration 60:
fx = 46636.867188, xnorm = 24.708721, gnorm = 232.845169, step = 1.000000

Iteration 61:
fx = 46626.738281, xnorm = 24.657732, gnorm = 343.802185, step = 1.000000

Iteration 62:
fx = 46619.085938, xnorm = 24.630653, gnorm = 325.101227, step = 1.000000

Iteration 63:
fx = 46613.761719, xnorm = 24.620115, gnorm = 220.542313, step = 1.000000

Iteration 64:
fx = 46608.484375, xnorm = 24.595993, gnorm = 180.411591, step = 1.000000

Iteration 65:
fx = 46604.972656, xnorm = 24.570969, gnorm = 304.670532, step = 1.000000

Iteration 66:
fx = 46600.601562, xnorm = 24.551798, gnorm = 247.070099, step = 1.000000

Iteration 67:
fx = 46592.250000, xnorm = 24.483412, gnorm = 194.115173, step = 1.000000

Iteration 68:
fx = 46588.695312, xnorm = 24.461397, gnorm = 168.216568, step = 0.431264

Iteration 69:
fx = 46587.035156, xnorm = 24.449118, gnorm = 142.436493, step = 1.000000

Iteration 70:
fx = 46582.570312, xnorm = 24.403793, gnorm = 143.898270, step = 1.000000

Iteration 71:
fx = 46580.968750, xnorm = 24.381855, gnorm = 125.282013, step = 0.367156

Iteration 72:
fx = 46579.375000, xnorm = 24.365591, gnorm = 111.280533, step = 1.000000

Iteration 73:
fx = 46578.164062, xnorm = 24.316019, gnorm = 303.180389, step = 1.000000

Iteration 74:
fx = 46575.468750, xnorm = 24.311064, gnorm = 93.349464, step = 1.000000

Iteration 75:
fx = 46574.886719, xnorm = 24.308453, gnorm = 75.299522, step = 1.000000

Iteration 76:
fx = 46573.226562, xnorm = 24.287790, gnorm = 86.088120, step = 1.000000

Iteration 77:
fx = 46572.871094, xnorm = 24.242769, gnorm = 247.076889, step = 1.000000

Iteration 78:
fx = 46569.503906, xnorm = 24.224426, gnorm = 94.886505, step = 1.000000

Iteration 79:
fx = 46567.839844, xnorm = 24.207758, gnorm = 56.090366, step = 1.000000

Iteration 80:
fx = 46566.648438, xnorm = 24.189451, gnorm = 58.584797, step = 1.000000

Iteration 81:
fx = 46565.277344, xnorm = 24.164297, gnorm = 111.026070, step = 1.000000

Iteration 82:
fx = 46563.855469, xnorm = 24.136055, gnorm = 59.336067, step = 1.000000

Iteration 83:
fx = 46563.761719, xnorm = 24.138737, gnorm = 41.942444, step = 1.000000

Iteration 84:
fx = 46563.433594, xnorm = 24.139420, gnorm = 45.736408, step = 1.000000

Iteration 85:
fx = 46562.347656, xnorm = 24.126423, gnorm = 75.814850, step = 1.000000

Iteration 86:
fx = 46561.660156, xnorm = 24.115135, gnorm = 39.683128, step = 1.000000

Iteration 87:
fx = 46561.078125, xnorm = 24.105978, gnorm = 32.434757, step = 1.000000

Iteration 88:
fx = 46560.617188, xnorm = 24.097193, gnorm = 35.902435, step = 1.000000

Iteration 89:
fx = 46559.496094, xnorm = 24.078196, gnorm = 124.859131, step = 1.000000

Iteration 90:
fx = 46559.472656, xnorm = 24.075495, gnorm = 38.519661, step = 1.000000

L-BFGS optimization terminated with status code = -1001
fx = 46559.476562
[0;32mINFO[0;0m 2021-10-28 10:28:43,999 plmdca get_fields_and_couplings_from_backend 
	Data size expected from plmDCA backend: 73535
[0;32mINFO[0;0m 2021-10-28 10:28:43,999 plmdca get_fields_and_couplings_from_backend 
	Data size obtained from plmDCA backend to Python: 73535
[0;32mINFO[0;0m 2021-10-28 10:28:44,045 plmdca compute_sorted_FN 
	Computing non-APC sorted DCA score
[0;32mINFO[0;0m 2021-10-28 10:28:44,203 plmdca compute_sorted_FN_APC 
	Performing average product correction (APC) of FN  of DCA scores
[0;32mINFO[0;0m 2021-10-28 10:28:44,228 dca_utilities write_sorted_dca_scores 
	Writing DCA scores to file PLMDCA_output_5ccb_N/PLMDCA_apc_fn_scores_5ccb_N.txt
