[0;32mINFO[0;0m 2021-08-03 01:39:54,799 fasta_reader get_alignment_int_form 
	Found 82 non-standard residues in 6 sequences
[0;32mINFO[0;0m 2021-08-03 01:39:54,799 fasta_reader get_alignment_int_form 
	Total number of sequences read from file: 7
[0;32mINFO[0;0m 2021-08-03 01:39:54,799 meanfield_dca compute_sequences_weight 
	Computing sequences weights
[0;32mINFO[0;0m 2021-08-03 01:39:56,359 meanfield_dca __init__ 
	Created a MeanFieldDCA object with the following attributes
        	biomolecule: RNA
        	total states at sites: 5
        	pseudocount: 0.5
        	sequence identity: 0.8
        	alignment length: 75
        	total number of unique sequences (excluding redundant sequences with 100 percent similarity): 7
        	effective number of sequences (with sequence identity 0.8): 1.4761904761904763
        
[0;32mINFO[0;0m 2021-08-03 01:39:56,359 meanfield_dca get_single_site_freqs 
	Computing single site frequencies
[0;32mINFO[0;0m 2021-08-03 01:39:57,100 meanfield_dca get_reg_single_site_freqs 
	Regularizing single site frequencies
[0;32mINFO[0;0m 2021-08-03 01:39:57,466 meanfield_dca get_pair_site_freqs 
	Computing pair site frequencies
[0;32mINFO[0;0m 2021-08-03 01:40:05,826 meanfield_dca get_reg_pair_site_freqs 
	Regularizing pair site frequencies
[0;32mINFO[0;0m 2021-08-03 01:40:06,329 meanfield_dca construct_corr_mat 
	Constructing the correlation matrix
[0;32mINFO[0;0m 2021-08-03 01:40:07,140 meanfield_dca compute_couplings 
	Computing couplings
[0;32mINFO[0;0m 2021-08-03 01:40:10,143 meanfield_dca compute_couplings 
	Maximum and minimum couplings: 4.017520228520536, -20.00000000000002
[0;32mINFO[0;0m 2021-08-03 01:40:10,143 meanfield_dca compute_sorted_FN 
	Computing Frobenius norm of couplings
[0;32mINFO[0;0m 2021-08-03 01:40:10,478 meanfield_dca compute_sorted_FN_APC 
	Performing average product correction (APC) to Frobenius norm of couplings.
[0;32mINFO[0;0m 2021-08-03 01:40:10,511 dca_utilities write_sorted_dca_scores 
	Writing DCA scores to file MFDCA_output_2csx_C/MFDCA_apc_fn_scores_2csx_C.txt
[0;32mINFO[0;0m 2021-08-03 01:40:10,525 mfdca_main run_meanfield_dca 
	DONE
