[0;32mINFO[0;0m 2021-09-18 14:37:07,516 fasta_reader get_alignment_int_form 
	Total number of sequences read from file: 4
[0;32mINFO[0;0m 2021-09-18 14:37:07,516 meanfield_dca compute_sequences_weight 
	Computing sequences weights
[0;32mINFO[0;0m 2021-09-18 14:37:08,377 meanfield_dca __init__ 
	Created a MeanFieldDCA object with the following attributes
        	biomolecule: RNA
        	total states at sites: 5
        	pseudocount: 0.5
        	sequence identity: 0.8
        	alignment length: 32
        	total number of unique sequences (excluding redundant sequences with 100 percent similarity): 3
        	effective number of sequences (with sequence identity 0.8): 2.0
        
[0;32mINFO[0;0m 2021-09-18 14:37:08,378 meanfield_dca get_single_site_freqs 
	Computing single site frequencies
[0;32mINFO[0;0m 2021-09-18 14:37:08,746 meanfield_dca get_reg_single_site_freqs 
	Regularizing single site frequencies
[0;32mINFO[0;0m 2021-09-18 14:37:08,869 meanfield_dca get_pair_site_freqs 
	Computing pair site frequencies
[0;32mINFO[0;0m 2021-09-18 14:37:12,129 meanfield_dca get_reg_pair_site_freqs 
	Regularizing pair site frequencies
[0;32mINFO[0;0m 2021-09-18 14:37:12,329 meanfield_dca construct_corr_mat 
	Constructing the correlation matrix
[0;32mINFO[0;0m 2021-09-18 14:37:12,644 meanfield_dca compute_couplings 
	Computing couplings
[0;32mINFO[0;0m 2021-09-18 14:37:13,111 meanfield_dca compute_couplings 
	Maximum and minimum couplings: 1.5273607908836078, -20.000000000000007
[0;32mINFO[0;0m 2021-09-18 14:37:13,111 meanfield_dca compute_sorted_FN 
	Computing Frobenius norm of couplings
[0;32mINFO[0;0m 2021-09-18 14:37:13,167 meanfield_dca compute_sorted_FN_APC 
	Performing average product correction (APC) to Frobenius norm of couplings.
[0;32mINFO[0;0m 2021-09-18 14:37:13,171 dca_utilities write_sorted_dca_scores 
	Writing DCA scores to file MFDCA_output_PKB198/MFDCA_apc_fn_scores_PKB198.txt
[0;32mINFO[0;0m 2021-09-18 14:37:13,175 mfdca_main run_meanfield_dca 
	DONE
