[0;32mINFO[0;0m 2021-08-18 21:18:40,113 fasta_reader get_alignment_int_form 
	Found 15 non-standard residues in 10 sequences
[0;32mINFO[0;0m 2021-08-18 21:18:40,113 fasta_reader get_alignment_int_form 
	Total number of sequences read from file: 2355
[0;32mINFO[0;0m 2021-08-18 21:18:40,113 meanfield_dca compute_sequences_weight 
	Computing sequences weights
[0;32mINFO[0;0m 2021-08-18 21:18:40,980 meanfield_dca __init__ 
	Created a MeanFieldDCA object with the following attributes
        	biomolecule: RNA
        	total states at sites: 5
        	pseudocount: 0.5
        	sequence identity: 0.8
        	alignment length: 71
        	total number of unique sequences (excluding redundant sequences with 100 percent similarity): 2355
        	effective number of sequences (with sequence identity 0.8): 353.6138140375691
        
[0;32mINFO[0;0m 2021-08-18 21:18:40,981 meanfield_dca get_single_site_freqs 
	Computing single site frequencies
[0;32mINFO[0;0m 2021-08-18 21:18:41,379 meanfield_dca get_reg_single_site_freqs 
	Regularizing single site frequencies
[0;32mINFO[0;0m 2021-08-18 21:18:41,504 meanfield_dca get_pair_site_freqs 
	Computing pair site frequencies
[0;32mINFO[0;0m 2021-08-18 21:18:44,759 meanfield_dca get_reg_pair_site_freqs 
	Regularizing pair site frequencies
[0;32mINFO[0;0m 2021-08-18 21:18:44,957 meanfield_dca construct_corr_mat 
	Constructing the correlation matrix
[0;32mINFO[0;0m 2021-08-18 21:18:45,218 meanfield_dca compute_couplings 
	Computing couplings
[0;32mINFO[0;0m 2021-08-18 21:18:45,772 meanfield_dca compute_couplings 
	Maximum and minimum couplings: 3.943470110039028, -20.000000000000018
[0;32mINFO[0;0m 2021-08-18 21:18:45,773 meanfield_dca compute_sorted_FN 
	Computing Frobenius norm of couplings
[0;32mINFO[0;0m 2021-08-18 21:18:45,943 meanfield_dca compute_sorted_FN_APC 
	Performing average product correction (APC) to Frobenius norm of couplings.
[0;32mINFO[0;0m 2021-08-18 21:18:45,957 dca_utilities write_sorted_dca_scores 
	Writing DCA scores to file MFDCA_output_1y26_X/MFDCA_apc_fn_scores_1y26_X.txt
[0;32mINFO[0;0m 2021-08-18 21:18:45,963 mfdca_main run_meanfield_dca 
	DONE
