[0;32mINFO[0;0m 2021-05-22 18:56:17,970 fasta_reader get_alignment_int_form 
	Found 217 non-standard residues in 100 sequences
[0;32mINFO[0;0m 2021-05-22 18:56:17,971 fasta_reader get_alignment_int_form 
	Total number of sequences read from file: 8327
[0;32mINFO[0;0m 2021-05-22 18:56:17,971 meanfield_dca compute_sequences_weight 
	Computing sequences weights
[0;32mINFO[0;0m 2021-05-22 18:56:19,094 meanfield_dca __init__ 
	Created a MeanFieldDCA object with the following attributes
        	biomolecule: RNA
        	total states at sites: 5
        	pseudocount: 0.5
        	sequence identity: 0.8
        	alignment length: 122
        	total number of unique sequences (excluding redundant sequences with 100 percent similarity): 8323
        	effective number of sequences (with sequence identity 0.8): 644.348386543348
        
[0;32mINFO[0;0m 2021-05-22 18:56:19,095 meanfield_dca get_single_site_freqs 
	Computing single site frequencies
[0;32mINFO[0;0m 2021-05-22 18:56:19,525 meanfield_dca get_reg_single_site_freqs 
	Regularizing single site frequencies
[0;32mINFO[0;0m 2021-05-22 18:56:19,649 meanfield_dca get_pair_site_freqs 
	Computing pair site frequencies
[0;32mINFO[0;0m 2021-05-22 18:56:23,252 meanfield_dca get_reg_pair_site_freqs 
	Regularizing pair site frequencies
[0;32mINFO[0;0m 2021-05-22 18:56:23,454 meanfield_dca construct_corr_mat 
	Constructing the correlation matrix
[0;32mINFO[0;0m 2021-05-22 18:56:23,775 meanfield_dca compute_couplings 
	Computing couplings
[0;32mINFO[0;0m 2021-05-22 18:56:24,598 meanfield_dca compute_couplings 
	Maximum and minimum couplings: 3.3369442091711115, -19.989034715200603
[0;32mINFO[0;0m 2021-05-22 18:56:24,599 meanfield_dca compute_sorted_FN 
	Computing Frobenius norm of couplings
[0;32mINFO[0;0m 2021-05-22 18:56:25,050 meanfield_dca compute_sorted_FN_APC 
	Performing average product correction (APC) to Frobenius norm of couplings.
[0;32mINFO[0;0m 2021-05-22 18:56:25,120 dca_utilities write_sorted_dca_scores 
	Writing DCA scores to file MFDCA_output_3cc2_9/MFDCA_apc_fn_scores_3cc2_9.txt
[0;32mINFO[0;0m 2021-05-22 18:56:25,138 mfdca_main run_meanfield_dca 
	DONE
