[0;32mINFO[0;0m 2021-08-19 11:23:33,859 plmdca __init__ Created plmDCA instance with:
            biomolecule: RNA
            MSA sequence length: 46
            total number of (unweighted) sequences: 272
            sequence identity: 0.8
            lambda_h: 9.0
            lambda_J: 9.0
            gradient decent iterations: 500
            number of threads: 40
        
[0;32mINFO[0;0m 2021-08-19 11:23:33,860 plmdca get_fields_and_couplings_from_backend 
	Computing fields and couplings using gradient decent
Iteration 1:
fx = 788.190002, xnorm = 7.491769, gnorm = 132.161560, step = 0.022038

Iteration 2:
fx = 646.896729, xnorm = 4.929216, gnorm = 181.598831, step = 1.000000

Iteration 3:
fx = 431.043823, xnorm = 3.725333, gnorm = 129.180176, step = 1.000000

Iteration 4:
fx = 336.431274, xnorm = 3.625506, gnorm = 28.143021, step = 1.000000

Iteration 5:
fx = 332.996613, xnorm = 3.564520, gnorm = 11.275100, step = 1.000000

Iteration 6:
fx = 332.207306, xnorm = 3.518564, gnorm = 8.282085, step = 1.000000

Iteration 7:
fx = 331.769623, xnorm = 3.477751, gnorm = 3.897445, step = 1.000000

Iteration 8:
fx = 331.482147, xnorm = 3.444401, gnorm = 1.770112, step = 1.000000

Iteration 9:
fx = 331.416840, xnorm = 3.422770, gnorm = 0.984685, step = 1.000000

Iteration 10:
fx = 331.415649, xnorm = 3.421591, gnorm = 0.689660, step = 0.198221

Iteration 11:
fx = 331.415436, xnorm = 3.421289, gnorm = 0.563283, step = 0.188777

L-BFGS optimization terminated with status code = -1001
fx = 331.415405
[0;32mINFO[0;0m 2021-08-19 11:23:33,929 plmdca get_fields_and_couplings_from_backend 
	Data size expected from plmDCA backend: 26105
[0;32mINFO[0;0m 2021-08-19 11:23:33,929 plmdca get_fields_and_couplings_from_backend 
	Data size obtained from plmDCA backend to Python: 26105
[0;32mINFO[0;0m 2021-08-19 11:23:33,946 plmdca compute_sorted_FN 
	Computing non-APC sorted DCA score
[0;32mINFO[0;0m 2021-08-19 11:23:33,995 plmdca compute_sorted_FN_APC 
	Performing average product correction (APC) of FN  of DCA scores
[0;32mINFO[0;0m 2021-08-19 11:23:34,001 dca_utilities write_sorted_dca_scores 
	Writing DCA scores to file PLMDCA_output_3ciy_C/PLMDCA_apc_fn_scores_3ciy_C.txt
