[0;32mINFO[0;0m 2021-10-27 21:46:02,591 fasta_reader get_alignment_int_form 
	Total number of sequences read from file: 15
[0;32mINFO[0;0m 2021-10-27 21:46:02,591 meanfield_dca compute_sequences_weight 
	Computing sequences weights
[0;32mINFO[0;0m 2021-10-27 21:46:03,469 meanfield_dca __init__ 
	Created a MeanFieldDCA object with the following attributes
        	biomolecule: RNA
        	total states at sites: 5
        	pseudocount: 0.5
        	sequence identity: 0.8
        	alignment length: 34
        	total number of unique sequences (excluding redundant sequences with 100 percent similarity): 14
        	effective number of sequences (with sequence identity 0.8): 0.9999999999999998
        
[0;32mINFO[0;0m 2021-10-27 21:46:03,470 meanfield_dca get_single_site_freqs 
	Computing single site frequencies
[0;32mINFO[0;0m 2021-10-27 21:46:03,830 meanfield_dca get_reg_single_site_freqs 
	Regularizing single site frequencies
[0;32mINFO[0;0m 2021-10-27 21:46:03,951 meanfield_dca get_pair_site_freqs 
	Computing pair site frequencies
[0;32mINFO[0;0m 2021-10-27 21:46:07,107 meanfield_dca get_reg_pair_site_freqs 
	Regularizing pair site frequencies
[0;32mINFO[0;0m 2021-10-27 21:46:07,306 meanfield_dca construct_corr_mat 
	Constructing the correlation matrix
[0;32mINFO[0;0m 2021-10-27 21:46:07,621 meanfield_dca compute_couplings 
	Computing couplings
[0;32mINFO[0;0m 2021-10-27 21:46:08,080 meanfield_dca compute_couplings 
	Maximum and minimum couplings: 5.361450624170345, -20.000000000000007
[0;32mINFO[0;0m 2021-10-27 21:46:08,080 meanfield_dca compute_sorted_FN 
	Computing Frobenius norm of couplings
[0;32mINFO[0;0m 2021-10-27 21:46:08,137 meanfield_dca compute_sorted_FN_APC 
	Performing average product correction (APC) to Frobenius norm of couplings.
[0;32mINFO[0;0m 2021-10-27 21:46:08,145 dca_utilities write_sorted_dca_scores 
	Writing DCA scores to file MFDCA_output_3fu2_A/MFDCA_apc_fn_scores_3fu2_A.txt
[0;32mINFO[0;0m 2021-10-27 21:46:08,149 mfdca_main run_meanfield_dca 
	DONE
