[0;32mINFO[0;0m 2021-06-10 14:30:13,000 fasta_reader get_alignment_int_form 
	Found 39 non-standard residues in 14 sequences
[0;32mINFO[0;0m 2021-06-10 14:30:13,001 fasta_reader get_alignment_int_form 
	Total number of sequences read from file: 1060
[0;32mINFO[0;0m 2021-06-10 14:30:13,001 meanfield_dca compute_sequences_weight 
	Computing sequences weights
[0;32mINFO[0;0m 2021-06-10 14:30:13,874 meanfield_dca __init__ 
	Created a MeanFieldDCA object with the following attributes
        	biomolecule: RNA
        	total states at sites: 5
        	pseudocount: 0.5
        	sequence identity: 0.8
        	alignment length: 52
        	total number of unique sequences (excluding redundant sequences with 100 percent similarity): 1059
        	effective number of sequences (with sequence identity 0.8): 78.45362202728268
        
[0;32mINFO[0;0m 2021-06-10 14:30:13,875 meanfield_dca get_single_site_freqs 
	Computing single site frequencies
[0;32mINFO[0;0m 2021-06-10 14:30:14,240 meanfield_dca get_reg_single_site_freqs 
	Regularizing single site frequencies
[0;32mINFO[0;0m 2021-06-10 14:30:14,397 meanfield_dca get_pair_site_freqs 
	Computing pair site frequencies
[0;32mINFO[0;0m 2021-06-10 14:30:17,603 meanfield_dca get_reg_pair_site_freqs 
	Regularizing pair site frequencies
[0;32mINFO[0;0m 2021-06-10 14:30:17,856 meanfield_dca construct_corr_mat 
	Constructing the correlation matrix
[0;32mINFO[0;0m 2021-06-10 14:30:18,125 meanfield_dca compute_couplings 
	Computing couplings
[0;32mINFO[0;0m 2021-06-10 14:30:18,850 meanfield_dca compute_couplings 
	Maximum and minimum couplings: 3.75048374540001, -19.977854733498457
[0;32mINFO[0;0m 2021-06-10 14:30:18,850 meanfield_dca compute_sorted_FN 
	Computing Frobenius norm of couplings
[0;32mINFO[0;0m 2021-06-10 14:30:18,979 meanfield_dca compute_sorted_FN_APC 
	Performing average product correction (APC) to Frobenius norm of couplings.
[0;32mINFO[0;0m 2021-06-10 14:30:18,984 dca_utilities write_sorted_dca_scores 
	Writing DCA scores to file MFDCA_output_PKB107/MFDCA_apc_fn_scores_PKB107.txt
[0;32mINFO[0;0m 2021-06-10 14:30:18,987 mfdca_main run_meanfield_dca 
	DONE
