[0;32mINFO[0;0m 2021-08-19 10:54:55,948 fasta_reader get_alignment_int_form 
	Total number of sequences read from file: 2
[0;32mINFO[0;0m 2021-08-19 10:54:55,948 meanfield_dca compute_sequences_weight 
	Computing sequences weights
[0;32mINFO[0;0m 2021-08-19 10:54:56,802 meanfield_dca __init__ 
	Created a MeanFieldDCA object with the following attributes
        	biomolecule: RNA
        	total states at sites: 5
        	pseudocount: 0.5
        	sequence identity: 0.8
        	alignment length: 54
        	total number of unique sequences (excluding redundant sequences with 100 percent similarity): 1
        	effective number of sequences (with sequence identity 0.8): 1.0
        
[0;32mINFO[0;0m 2021-08-19 10:54:56,802 meanfield_dca get_single_site_freqs 
	Computing single site frequencies
[0;32mINFO[0;0m 2021-08-19 10:54:57,160 meanfield_dca get_reg_single_site_freqs 
	Regularizing single site frequencies
[0;32mINFO[0;0m 2021-08-19 10:54:57,282 meanfield_dca get_pair_site_freqs 
	Computing pair site frequencies
[0;32mINFO[0;0m 2021-08-19 10:55:00,450 meanfield_dca get_reg_pair_site_freqs 
	Regularizing pair site frequencies
[0;32mINFO[0;0m 2021-08-19 10:55:00,651 meanfield_dca construct_corr_mat 
	Constructing the correlation matrix
[0;32mINFO[0;0m 2021-08-19 10:55:00,969 meanfield_dca compute_couplings 
	Computing couplings
[0;32mINFO[0;0m 2021-08-19 10:55:01,485 meanfield_dca compute_couplings 
	Maximum and minimum couplings: 0.2293577981651559, -20.000000000000007
[0;32mINFO[0;0m 2021-08-19 10:55:01,485 meanfield_dca compute_sorted_FN 
	Computing Frobenius norm of couplings
[0;32mINFO[0;0m 2021-08-19 10:55:01,619 meanfield_dca compute_sorted_FN_APC 
	Performing average product correction (APC) to Frobenius norm of couplings.
[0;32mINFO[0;0m 2021-08-19 10:55:01,624 dca_utilities write_sorted_dca_scores 
	Writing DCA scores to file MFDCA_output_6g7z_B/MFDCA_apc_fn_scores_6g7z_B.txt
[0;32mINFO[0;0m 2021-08-19 10:55:01,627 mfdca_main run_meanfield_dca 
	DONE
