[0;32mINFO[0;0m 2021-05-22 19:06:46,445 fasta_reader get_alignment_int_form 
	Total number of sequences read from file: 736
[0;32mINFO[0;0m 2021-05-22 19:06:46,445 meanfield_dca compute_sequences_weight 
	Computing sequences weights
[0;32mINFO[0;0m 2021-05-22 19:06:47,356 meanfield_dca __init__ 
	Created a MeanFieldDCA object with the following attributes
        	biomolecule: RNA
        	total states at sites: 5
        	pseudocount: 0.5
        	sequence identity: 0.8
        	alignment length: 101
        	total number of unique sequences (excluding redundant sequences with 100 percent similarity): 736
        	effective number of sequences (with sequence identity 0.8): 163.78090137065954
        
[0;32mINFO[0;0m 2021-05-22 19:06:47,356 meanfield_dca get_single_site_freqs 
	Computing single site frequencies
[0;32mINFO[0;0m 2021-05-22 19:06:47,731 meanfield_dca get_reg_single_site_freqs 
	Regularizing single site frequencies
[0;32mINFO[0;0m 2021-05-22 19:06:47,942 meanfield_dca get_pair_site_freqs 
	Computing pair site frequencies
[0;32mINFO[0;0m 2021-05-22 19:06:51,418 meanfield_dca get_reg_pair_site_freqs 
	Regularizing pair site frequencies
[0;32mINFO[0;0m 2021-05-22 19:06:51,624 meanfield_dca construct_corr_mat 
	Constructing the correlation matrix
[0;32mINFO[0;0m 2021-05-22 19:06:51,952 meanfield_dca compute_couplings 
	Computing couplings
[0;32mINFO[0;0m 2021-05-22 19:06:52,615 meanfield_dca compute_couplings 
	Maximum and minimum couplings: 3.8419202682412097, -20.000000000000004
[0;32mINFO[0;0m 2021-05-22 19:06:52,615 meanfield_dca compute_sorted_FN 
	Computing Frobenius norm of couplings
[0;32mINFO[0;0m 2021-05-22 19:06:52,936 meanfield_dca compute_sorted_FN_APC 
	Performing average product correction (APC) to Frobenius norm of couplings.
[0;32mINFO[0;0m 2021-05-22 19:06:52,976 dca_utilities write_sorted_dca_scores 
	Writing DCA scores to file MFDCA_output_6cc1_A/MFDCA_apc_fn_scores_6cc1_A.txt
[0;32mINFO[0;0m 2021-05-22 19:06:52,987 mfdca_main run_meanfield_dca 
	DONE
