[0;32mINFO[0;0m 2021-06-10 13:51:32,520 fasta_reader get_alignment_int_form 
	Total number of sequences read from file: 9
[0;32mINFO[0;0m 2021-06-10 13:51:32,520 meanfield_dca compute_sequences_weight 
	Computing sequences weights
[0;32mINFO[0;0m 2021-06-10 13:51:34,207 meanfield_dca __init__ 
	Created a MeanFieldDCA object with the following attributes
        	biomolecule: RNA
        	total states at sites: 5
        	pseudocount: 0.5
        	sequence identity: 0.8
        	alignment length: 90
        	total number of unique sequences (excluding redundant sequences with 100 percent similarity): 8
        	effective number of sequences (with sequence identity 0.8): 4.0
        
[0;32mINFO[0;0m 2021-06-10 13:51:34,209 meanfield_dca get_single_site_freqs 
	Computing single site frequencies
[0;32mINFO[0;0m 2021-06-10 13:51:34,958 meanfield_dca get_reg_single_site_freqs 
	Regularizing single site frequencies
[0;32mINFO[0;0m 2021-06-10 13:51:35,214 meanfield_dca get_pair_site_freqs 
	Computing pair site frequencies
[0;32mINFO[0;0m 2021-06-10 13:51:42,319 meanfield_dca get_reg_pair_site_freqs 
	Regularizing pair site frequencies
[0;32mINFO[0;0m 2021-06-10 13:51:42,744 meanfield_dca construct_corr_mat 
	Constructing the correlation matrix
[0;32mINFO[0;0m 2021-06-10 13:51:43,387 meanfield_dca compute_couplings 
	Computing couplings
[0;32mINFO[0;0m 2021-06-10 13:51:45,838 meanfield_dca compute_couplings 
	Maximum and minimum couplings: 1.8196672653059704, -20.000000000000043
[0;32mINFO[0;0m 2021-06-10 13:51:45,838 meanfield_dca compute_sorted_FN 
	Computing Frobenius norm of couplings
[0;32mINFO[0;0m 2021-06-10 13:51:46,219 meanfield_dca compute_sorted_FN_APC 
	Performing average product correction (APC) to Frobenius norm of couplings.
[0;32mINFO[0;0m 2021-06-10 13:51:46,277 dca_utilities write_sorted_dca_scores 
	Writing DCA scores to file MFDCA_output_PKB365/MFDCA_apc_fn_scores_PKB365.txt
[0;32mINFO[0;0m 2021-06-10 13:51:46,298 mfdca_main run_meanfield_dca 
	DONE
