[0;32mINFO[0;0m 2021-06-10 13:44:29,654 fasta_reader get_alignment_int_form 
	Found 7 non-standard residues in 1 sequences
[0;32mINFO[0;0m 2021-06-10 13:44:29,655 fasta_reader get_alignment_int_form 
	Total number of sequences read from file: 157
[0;32mINFO[0;0m 2021-06-10 13:44:29,655 meanfield_dca compute_sequences_weight 
	Computing sequences weights
[0;32mINFO[0;0m 2021-06-10 13:44:30,735 meanfield_dca __init__ 
	Created a MeanFieldDCA object with the following attributes
        	biomolecule: RNA
        	total states at sites: 5
        	pseudocount: 0.5
        	sequence identity: 0.8
        	alignment length: 67
        	total number of unique sequences (excluding redundant sequences with 100 percent similarity): 156
        	effective number of sequences (with sequence identity 0.8): 91.42293806984209
        
[0;32mINFO[0;0m 2021-06-10 13:44:30,735 meanfield_dca get_single_site_freqs 
	Computing single site frequencies
[0;32mINFO[0;0m 2021-06-10 13:44:31,187 meanfield_dca get_reg_single_site_freqs 
	Regularizing single site frequencies
[0;32mINFO[0;0m 2021-06-10 13:44:31,341 meanfield_dca get_pair_site_freqs 
	Computing pair site frequencies
[0;32mINFO[0;0m 2021-06-10 13:44:35,346 meanfield_dca get_reg_pair_site_freqs 
	Regularizing pair site frequencies
[0;32mINFO[0;0m 2021-06-10 13:44:35,762 meanfield_dca construct_corr_mat 
	Constructing the correlation matrix
[0;32mINFO[0;0m 2021-06-10 13:44:36,396 meanfield_dca compute_couplings 
	Computing couplings
[0;32mINFO[0;0m 2021-06-10 13:44:38,629 meanfield_dca compute_couplings 
	Maximum and minimum couplings: 2.7585470755403905, -19.99999999999997
[0;32mINFO[0;0m 2021-06-10 13:44:38,630 meanfield_dca compute_sorted_FN 
	Computing Frobenius norm of couplings
[0;32mINFO[0;0m 2021-06-10 13:44:38,886 meanfield_dca compute_sorted_FN_APC 
	Performing average product correction (APC) to Frobenius norm of couplings.
[0;32mINFO[0;0m 2021-06-10 13:44:38,912 dca_utilities write_sorted_dca_scores 
	Writing DCA scores to file MFDCA_output_PKB314/MFDCA_apc_fn_scores_PKB314.txt
[0;32mINFO[0;0m 2021-06-10 13:44:38,924 mfdca_main run_meanfield_dca 
	DONE
