[0;32mINFO[0;0m 2021-08-19 11:24:47,754 plmdca __init__ Created plmDCA instance with:
            biomolecule: RNA
            MSA sequence length: 112
            total number of (unweighted) sequences: 6884
            sequence identity: 0.8
            lambda_h: 22.200000000000003
            lambda_J: 22.200000000000003
            gradient decent iterations: 500
            number of threads: 40
        
[0;32mINFO[0;0m 2021-08-19 11:24:47,754 plmdca get_fields_and_couplings_from_backend 
	Computing fields and couplings using gradient decent
Iteration 1:
fx = 58036.996094, xnorm = 28.084404, gnorm = 5197.057617, step = 0.000176

Iteration 2:
fx = 54562.531250, xnorm = 27.755503, gnorm = 5727.061035, step = 1.000000

Iteration 3:
fx = 47557.976562, xnorm = 26.978472, gnorm = 4634.221680, step = 1.000000

Iteration 4:
fx = 44057.574219, xnorm = 26.223577, gnorm = 4579.912109, step = 1.000000

Iteration 5:
fx = 41043.734375, xnorm = 25.910427, gnorm = 3226.497314, step = 1.000000

Iteration 6:
fx = 38554.441406, xnorm = 25.621614, gnorm = 3036.272949, step = 1.000000

Iteration 7:
fx = 36612.210938, xnorm = 25.591244, gnorm = 2143.251465, step = 1.000000

Iteration 8:
fx = 34676.160156, xnorm = 25.331253, gnorm = 2403.602295, step = 1.000000

Iteration 9:
fx = 32355.710938, xnorm = 24.975153, gnorm = 2030.298584, step = 1.000000

Iteration 10:
fx = 30296.537109, xnorm = 23.947037, gnorm = 2132.578125, step = 1.000000

Iteration 11:
fx = 28676.220703, xnorm = 22.143456, gnorm = 2514.856934, step = 1.000000

Iteration 12:
fx = 27117.304688, xnorm = 21.018915, gnorm = 2094.657715, step = 1.000000

Iteration 13:
fx = 26010.308594, xnorm = 20.261433, gnorm = 1559.449951, step = 1.000000

Iteration 14:
fx = 25302.109375, xnorm = 19.403261, gnorm = 1972.220459, step = 1.000000

Iteration 15:
fx = 24587.603516, xnorm = 18.983917, gnorm = 1203.926147, step = 1.000000

Iteration 16:
fx = 24093.595703, xnorm = 18.847788, gnorm = 1181.164673, step = 1.000000

Iteration 17:
fx = 23566.089844, xnorm = 18.541809, gnorm = 1775.123657, step = 1.000000

Iteration 18:
fx = 23171.158203, xnorm = 18.430027, gnorm = 1592.930420, step = 1.000000

Iteration 19:
fx = 22866.195312, xnorm = 18.358360, gnorm = 844.904785, step = 1.000000

Iteration 20:
fx = 22687.207031, xnorm = 18.240316, gnorm = 703.343262, step = 1.000000

Iteration 21:
fx = 22526.396484, xnorm = 18.125151, gnorm = 827.171570, step = 1.000000

Iteration 22:
fx = 22380.314453, xnorm = 17.987730, gnorm = 909.653625, step = 1.000000

Iteration 23:
fx = 22265.730469, xnorm = 17.937735, gnorm = 551.039673, step = 1.000000

Iteration 24:
fx = 22199.462891, xnorm = 17.875513, gnorm = 404.235901, step = 1.000000

Iteration 25:
fx = 22149.597656, xnorm = 17.766998, gnorm = 393.643402, step = 1.000000

Iteration 26:
fx = 22105.687500, xnorm = 17.568129, gnorm = 560.978577, step = 1.000000

Iteration 27:
fx = 22063.236328, xnorm = 17.458941, gnorm = 322.706848, step = 1.000000

Iteration 28:
fx = 22039.005859, xnorm = 17.369402, gnorm = 270.198273, step = 1.000000

Iteration 29:
fx = 22012.611328, xnorm = 17.214809, gnorm = 279.059479, step = 1.000000

Iteration 30:
fx = 22006.732422, xnorm = 16.954033, gnorm = 576.681213, step = 1.000000

Iteration 31:
fx = 21975.732422, xnorm = 16.938793, gnorm = 196.475784, step = 1.000000

Iteration 32:
fx = 21966.908203, xnorm = 16.907101, gnorm = 158.327255, step = 1.000000

Iteration 33:
fx = 21955.132812, xnorm = 16.802732, gnorm = 164.150162, step = 1.000000

Iteration 34:
fx = 21951.335938, xnorm = 16.642809, gnorm = 395.435059, step = 1.000000

Iteration 35:
fx = 21937.537109, xnorm = 16.595242, gnorm = 119.549225, step = 1.000000

Iteration 36:
fx = 21934.640625, xnorm = 16.577141, gnorm = 85.846725, step = 1.000000

Iteration 37:
fx = 21930.291016, xnorm = 16.520748, gnorm = 93.809334, step = 1.000000

Iteration 38:
fx = 21929.539062, xnorm = 16.445877, gnorm = 236.842682, step = 1.000000

Iteration 39:
fx = 21925.115234, xnorm = 16.440525, gnorm = 77.218323, step = 1.000000

Iteration 40:
fx = 21923.724609, xnorm = 16.429918, gnorm = 52.238197, step = 1.000000

Iteration 41:
fx = 21922.316406, xnorm = 16.407049, gnorm = 61.177917, step = 1.000000

Iteration 42:
fx = 21920.744141, xnorm = 16.380972, gnorm = 69.264015, step = 1.000000

Iteration 43:
fx = 21920.003906, xnorm = 16.338306, gnorm = 131.415649, step = 1.000000

Iteration 44:
fx = 21919.066406, xnorm = 16.351004, gnorm = 38.771439, step = 1.000000

Iteration 45:
fx = 21918.957031, xnorm = 16.353027, gnorm = 32.253742, step = 1.000000

Iteration 46:
fx = 21918.642578, xnorm = 16.349918, gnorm = 40.592060, step = 1.000000

Iteration 47:
fx = 21918.472656, xnorm = 16.343903, gnorm = 54.783562, step = 1.000000

Iteration 48:
fx = 21918.271484, xnorm = 16.342188, gnorm = 40.530617, step = 0.373575

Iteration 49:
fx = 21918.138672, xnorm = 16.339315, gnorm = 25.709824, step = 1.000000

L-BFGS optimization terminated with status code = -1001
fx = 21918.138672
[0;32mINFO[0;0m 2021-08-19 11:24:52,498 plmdca get_fields_and_couplings_from_backend 
	Data size expected from plmDCA backend: 155960
[0;32mINFO[0;0m 2021-08-19 11:24:52,498 plmdca get_fields_and_couplings_from_backend 
	Data size obtained from plmDCA backend to Python: 155960
[0;32mINFO[0;0m 2021-08-19 11:24:52,596 plmdca compute_sorted_FN 
	Computing non-APC sorted DCA score
[0;32mINFO[0;0m 2021-08-19 11:24:52,858 plmdca compute_sorted_FN_APC 
	Performing average product correction (APC) of FN  of DCA scores
[0;32mINFO[0;0m 2021-08-19 11:24:52,925 dca_utilities write_sorted_dca_scores 
	Writing DCA scores to file PLMDCA_output_3f2w_X/PLMDCA_apc_fn_scores_3f2w_X.txt
