[0;32mINFO[0;0m 2021-08-19 10:43:47,423 fasta_reader get_alignment_int_form 
	Found 7 non-standard residues in 1 sequences
[0;32mINFO[0;0m 2021-08-19 10:43:47,423 fasta_reader get_alignment_int_form 
	Total number of sequences read from file: 70
[0;32mINFO[0;0m 2021-08-19 10:43:47,423 meanfield_dca compute_sequences_weight 
	Computing sequences weights
[0;32mINFO[0;0m 2021-08-19 10:43:48,288 meanfield_dca __init__ 
	Created a MeanFieldDCA object with the following attributes
        	biomolecule: RNA
        	total states at sites: 5
        	pseudocount: 0.5
        	sequence identity: 0.8
        	alignment length: 77
        	total number of unique sequences (excluding redundant sequences with 100 percent similarity): 70
        	effective number of sequences (with sequence identity 0.8): 17.204664130034974
        
[0;32mINFO[0;0m 2021-08-19 10:43:48,288 meanfield_dca get_single_site_freqs 
	Computing single site frequencies
[0;32mINFO[0;0m 2021-08-19 10:43:48,644 meanfield_dca get_reg_single_site_freqs 
	Regularizing single site frequencies
[0;32mINFO[0;0m 2021-08-19 10:43:48,764 meanfield_dca get_pair_site_freqs 
	Computing pair site frequencies
[0;32mINFO[0;0m 2021-08-19 10:43:51,923 meanfield_dca get_reg_pair_site_freqs 
	Regularizing pair site frequencies
[0;32mINFO[0;0m 2021-08-19 10:43:52,124 meanfield_dca construct_corr_mat 
	Constructing the correlation matrix
[0;32mINFO[0;0m 2021-08-19 10:43:52,441 meanfield_dca compute_couplings 
	Computing couplings
[0;32mINFO[0;0m 2021-08-19 10:43:53,000 meanfield_dca compute_couplings 
	Maximum and minimum couplings: 4.264163546639875, -20.000000000000032
[0;32mINFO[0;0m 2021-08-19 10:43:53,001 meanfield_dca compute_sorted_FN 
	Computing Frobenius norm of couplings
[0;32mINFO[0;0m 2021-08-19 10:43:53,191 meanfield_dca compute_sorted_FN_APC 
	Performing average product correction (APC) to Frobenius norm of couplings.
[0;32mINFO[0;0m 2021-08-19 10:43:53,208 dca_utilities write_sorted_dca_scores 
	Writing DCA scores to file MFDCA_output_4jf2_A/MFDCA_apc_fn_scores_4jf2_A.txt
[0;32mINFO[0;0m 2021-08-19 10:43:53,214 mfdca_main run_meanfield_dca 
	DONE
