[0;32mINFO[0;0m 2021-08-18 21:43:18,281 fasta_reader get_alignment_int_form 
	Found 2 non-standard residues in 2 sequences
[0;32mINFO[0;0m 2021-08-18 21:43:18,281 fasta_reader get_alignment_int_form 
	Total number of sequences read from file: 103
[0;32mINFO[0;0m 2021-08-18 21:43:18,281 meanfield_dca compute_sequences_weight 
	Computing sequences weights
[0;32mINFO[0;0m 2021-08-18 21:43:19,123 meanfield_dca __init__ 
	Created a MeanFieldDCA object with the following attributes
        	biomolecule: RNA
        	total states at sites: 5
        	pseudocount: 0.5
        	sequence identity: 0.8
        	alignment length: 102
        	total number of unique sequences (excluding redundant sequences with 100 percent similarity): 103
        	effective number of sequences (with sequence identity 0.8): 6.267742920479658
        
[0;32mINFO[0;0m 2021-08-18 21:43:19,123 meanfield_dca get_single_site_freqs 
	Computing single site frequencies
[0;32mINFO[0;0m 2021-08-18 21:43:19,480 meanfield_dca get_reg_single_site_freqs 
	Regularizing single site frequencies
[0;32mINFO[0;0m 2021-08-18 21:43:19,601 meanfield_dca get_pair_site_freqs 
	Computing pair site frequencies
[0;32mINFO[0;0m 2021-08-18 21:43:22,750 meanfield_dca get_reg_pair_site_freqs 
	Regularizing pair site frequencies
[0;32mINFO[0;0m 2021-08-18 21:43:22,946 meanfield_dca construct_corr_mat 
	Constructing the correlation matrix
[0;32mINFO[0;0m 2021-08-18 21:43:23,258 meanfield_dca compute_couplings 
	Computing couplings
[0;32mINFO[0;0m 2021-08-18 21:43:23,891 meanfield_dca compute_couplings 
	Maximum and minimum couplings: 3.2275203964778965, -20.00000000000001
[0;32mINFO[0;0m 2021-08-18 21:43:23,891 meanfield_dca compute_sorted_FN 
	Computing Frobenius norm of couplings
[0;32mINFO[0;0m 2021-08-18 21:43:24,168 meanfield_dca compute_sorted_FN_APC 
	Performing average product correction (APC) to Frobenius norm of couplings.
[0;32mINFO[0;0m 2021-08-18 21:43:24,207 dca_utilities write_sorted_dca_scores 
	Writing DCA scores to file MFDCA_output_4frn_A/MFDCA_apc_fn_scores_4frn_A.txt
[0;32mINFO[0;0m 2021-08-18 21:43:24,218 mfdca_main run_meanfield_dca 
	DONE
