[0;32mINFO[0;0m 2021-05-22 18:55:18,886 fasta_reader get_alignment_int_form 
	Total number of sequences read from file: 10
[0;32mINFO[0;0m 2021-05-22 18:55:18,886 meanfield_dca compute_sequences_weight 
	Computing sequences weights
[0;32mINFO[0;0m 2021-05-22 18:55:19,728 meanfield_dca __init__ 
	Created a MeanFieldDCA object with the following attributes
        	biomolecule: RNA
        	total states at sites: 5
        	pseudocount: 0.5
        	sequence identity: 0.8
        	alignment length: 42
        	total number of unique sequences (excluding redundant sequences with 100 percent similarity): 10
        	effective number of sequences (with sequence identity 0.8): 8.0
        
[0;32mINFO[0;0m 2021-05-22 18:55:19,728 meanfield_dca get_single_site_freqs 
	Computing single site frequencies
[0;32mINFO[0;0m 2021-05-22 18:55:20,083 meanfield_dca get_reg_single_site_freqs 
	Regularizing single site frequencies
[0;32mINFO[0;0m 2021-05-22 18:55:20,204 meanfield_dca get_pair_site_freqs 
	Computing pair site frequencies
[0;32mINFO[0;0m 2021-05-22 18:55:23,351 meanfield_dca get_reg_pair_site_freqs 
	Regularizing pair site frequencies
[0;32mINFO[0;0m 2021-05-22 18:55:23,549 meanfield_dca construct_corr_mat 
	Constructing the correlation matrix
[0;32mINFO[0;0m 2021-05-22 18:55:23,859 meanfield_dca compute_couplings 
	Computing couplings
[0;32mINFO[0;0m 2021-05-22 18:55:24,345 meanfield_dca compute_couplings 
	Maximum and minimum couplings: 1.19752644426596, -20.00000000000001
[0;32mINFO[0;0m 2021-05-22 18:55:24,345 meanfield_dca compute_sorted_FN 
	Computing Frobenius norm of couplings
[0;32mINFO[0;0m 2021-05-22 18:55:24,448 meanfield_dca compute_sorted_FN_APC 
	Performing average product correction (APC) to Frobenius norm of couplings.
[0;32mINFO[0;0m 2021-05-22 18:55:24,456 dca_utilities write_sorted_dca_scores 
	Writing DCA scores to file MFDCA_output_5m0h_A/MFDCA_apc_fn_scores_5m0h_A.txt
[0;32mINFO[0;0m 2021-05-22 18:55:24,462 mfdca_main run_meanfield_dca 
	DONE
