[0;32mINFO[0;0m 2021-06-10 14:34:54,892 fasta_reader get_alignment_int_form 
	Total number of sequences read from file: 40
[0;32mINFO[0;0m 2021-06-10 14:34:54,892 meanfield_dca compute_sequences_weight 
	Computing sequences weights
[0;32mINFO[0;0m 2021-06-10 14:34:55,812 meanfield_dca __init__ 
	Created a MeanFieldDCA object with the following attributes
        	biomolecule: RNA
        	total states at sites: 5
        	pseudocount: 0.5
        	sequence identity: 0.8
        	alignment length: 41
        	total number of unique sequences (excluding redundant sequences with 100 percent similarity): 39
        	effective number of sequences (with sequence identity 0.8): 3.6396734047972443
        
[0;32mINFO[0;0m 2021-06-10 14:34:55,812 meanfield_dca get_single_site_freqs 
	Computing single site frequencies
[0;32mINFO[0;0m 2021-06-10 14:34:56,184 meanfield_dca get_reg_single_site_freqs 
	Regularizing single site frequencies
[0;32mINFO[0;0m 2021-06-10 14:34:56,313 meanfield_dca get_pair_site_freqs 
	Computing pair site frequencies
[0;32mINFO[0;0m 2021-06-10 14:34:59,617 meanfield_dca get_reg_pair_site_freqs 
	Regularizing pair site frequencies
[0;32mINFO[0;0m 2021-06-10 14:34:59,821 meanfield_dca construct_corr_mat 
	Constructing the correlation matrix
[0;32mINFO[0;0m 2021-06-10 14:35:00,146 meanfield_dca compute_couplings 
	Computing couplings
[0;32mINFO[0;0m 2021-06-10 14:35:00,688 meanfield_dca compute_couplings 
	Maximum and minimum couplings: 2.1580986461918386, -20.000000000000014
[0;32mINFO[0;0m 2021-06-10 14:35:00,688 meanfield_dca compute_sorted_FN 
	Computing Frobenius norm of couplings
[0;32mINFO[0;0m 2021-06-10 14:35:00,772 meanfield_dca compute_sorted_FN_APC 
	Performing average product correction (APC) to Frobenius norm of couplings.
[0;32mINFO[0;0m 2021-06-10 14:35:00,779 dca_utilities write_sorted_dca_scores 
	Writing DCA scores to file MFDCA_output_PKB15/MFDCA_apc_fn_scores_PKB15.txt
[0;32mINFO[0;0m 2021-06-10 14:35:00,785 mfdca_main run_meanfield_dca 
	DONE
