[0;32mINFO[0;0m 2021-10-28 10:33:32,953 plmdca __init__ Created plmDCA instance with:
            biomolecule: RNA
            MSA sequence length: 88
            total number of (unweighted) sequences: 3789
            sequence identity: 0.8
            lambda_h: 17.400000000000002
            lambda_J: 17.400000000000002
            gradient decent iterations: 500
            number of threads: 40
        
[0;32mINFO[0;0m 2021-10-28 10:33:32,953 plmdca get_fields_and_couplings_from_backend 
	Computing fields and couplings using gradient decent
Iteration 1:
fx = 66502.664062, xnorm = 31.248049, gnorm = 7541.059570, step = 0.000178

Iteration 2:
fx = 63888.324219, xnorm = 31.155426, gnorm = 4616.557129, step = 1.000000

Iteration 3:
fx = 59400.039062, xnorm = 30.732782, gnorm = 4369.341309, step = 1.000000

Iteration 4:
fx = 53816.464844, xnorm = 30.145784, gnorm = 4089.161133, step = 1.000000

Iteration 5:
fx = 49664.128906, xnorm = 29.592533, gnorm = 6351.566895, step = 1.000000

Iteration 6:
fx = 45697.113281, xnorm = 29.674055, gnorm = 3481.186035, step = 1.000000

Iteration 7:
fx = 44191.667969, xnorm = 29.716648, gnorm = 2531.169922, step = 1.000000

Iteration 8:
fx = 42212.593750, xnorm = 29.733339, gnorm = 2547.025391, step = 1.000000

Iteration 9:
fx = 40459.160156, xnorm = 29.598881, gnorm = 2591.748047, step = 1.000000

Iteration 10:
fx = 38559.226562, xnorm = 29.050955, gnorm = 2601.231445, step = 1.000000

Iteration 11:
fx = 37116.246094, xnorm = 27.977972, gnorm = 4503.958984, step = 1.000000

Iteration 12:
fx = 34510.078125, xnorm = 27.379370, gnorm = 2819.165771, step = 1.000000

Iteration 13:
fx = 33604.980469, xnorm = 26.962400, gnorm = 1581.323364, step = 1.000000

Iteration 14:
fx = 33017.890625, xnorm = 26.345200, gnorm = 1577.655273, step = 1.000000

Iteration 15:
fx = 32344.855469, xnorm = 25.484926, gnorm = 1857.077515, step = 1.000000

Iteration 16:
fx = 31313.373047, xnorm = 23.377644, gnorm = 3032.422607, step = 1.000000

Iteration 17:
fx = 30352.162109, xnorm = 22.565165, gnorm = 2408.845947, step = 1.000000

Iteration 18:
fx = 29834.144531, xnorm = 22.763756, gnorm = 1231.686157, step = 1.000000

Iteration 19:
fx = 29537.986328, xnorm = 22.569349, gnorm = 1151.206055, step = 1.000000

Iteration 20:
fx = 29075.628906, xnorm = 22.200394, gnorm = 1486.607788, step = 1.000000

Iteration 21:
fx = 28721.419922, xnorm = 21.660339, gnorm = 2499.571533, step = 1.000000

Iteration 22:
fx = 28193.494141, xnorm = 21.412996, gnorm = 1224.116577, step = 1.000000

Iteration 23:
fx = 27945.060547, xnorm = 21.289888, gnorm = 868.073975, step = 1.000000

Iteration 24:
fx = 27761.689453, xnorm = 21.162163, gnorm = 941.517029, step = 1.000000

Iteration 25:
fx = 27611.414062, xnorm = 20.956808, gnorm = 1831.181396, step = 1.000000

Iteration 26:
fx = 27333.931641, xnorm = 20.888468, gnorm = 1001.602783, step = 1.000000

Iteration 27:
fx = 27152.314453, xnorm = 20.813112, gnorm = 808.800720, step = 1.000000

Iteration 28:
fx = 27045.539062, xnorm = 20.748878, gnorm = 736.980896, step = 1.000000

Iteration 29:
fx = 26859.000000, xnorm = 20.623142, gnorm = 747.837830, step = 1.000000

Iteration 30:
fx = 26797.097656, xnorm = 20.584135, gnorm = 554.795044, step = 0.328682

Iteration 31:
fx = 26745.333984, xnorm = 20.550274, gnorm = 404.190521, step = 1.000000

Iteration 32:
fx = 26687.568359, xnorm = 20.494673, gnorm = 389.838623, step = 1.000000

Iteration 33:
fx = 26670.888672, xnorm = 20.407824, gnorm = 935.351624, step = 1.000000

Iteration 34:
fx = 26605.533203, xnorm = 20.387190, gnorm = 356.609619, step = 1.000000

Iteration 35:
fx = 26579.917969, xnorm = 20.359228, gnorm = 290.578217, step = 1.000000

Iteration 36:
fx = 26555.576172, xnorm = 20.309912, gnorm = 274.871185, step = 1.000000

Iteration 37:
fx = 26539.873047, xnorm = 20.219460, gnorm = 523.774780, step = 1.000000

Iteration 38:
fx = 26519.859375, xnorm = 20.177431, gnorm = 237.816162, step = 1.000000

Iteration 39:
fx = 26514.345703, xnorm = 20.180019, gnorm = 157.527817, step = 1.000000

Iteration 40:
fx = 26507.191406, xnorm = 20.162231, gnorm = 160.038513, step = 1.000000

Iteration 41:
fx = 26501.664062, xnorm = 20.097647, gnorm = 346.155334, step = 1.000000

Iteration 42:
fx = 26491.390625, xnorm = 20.065733, gnorm = 144.621521, step = 1.000000

Iteration 43:
fx = 26486.107422, xnorm = 20.031429, gnorm = 124.825256, step = 1.000000

Iteration 44:
fx = 26481.835938, xnorm = 19.993420, gnorm = 108.745529, step = 1.000000

Iteration 45:
fx = 26479.398438, xnorm = 19.965855, gnorm = 155.669998, step = 0.477566

Iteration 46:
fx = 26476.548828, xnorm = 19.936747, gnorm = 73.599426, step = 1.000000

Iteration 47:
fx = 26475.232422, xnorm = 19.922670, gnorm = 64.566742, step = 1.000000

Iteration 48:
fx = 26473.501953, xnorm = 19.897522, gnorm = 70.348671, step = 1.000000

Iteration 49:
fx = 26472.906250, xnorm = 19.889145, gnorm = 68.750977, step = 0.296309

Iteration 50:
fx = 26471.859375, xnorm = 19.868671, gnorm = 53.760509, step = 1.000000

Iteration 51:
fx = 26471.296875, xnorm = 19.846390, gnorm = 91.193161, step = 1.000000

Iteration 52:
fx = 26470.314453, xnorm = 19.840385, gnorm = 41.586815, step = 1.000000

Iteration 53:
fx = 26470.007812, xnorm = 19.841461, gnorm = 33.257435, step = 1.000000

Iteration 54:
fx = 26469.583984, xnorm = 19.832603, gnorm = 43.861347, step = 1.000000

Iteration 55:
fx = 26469.169922, xnorm = 19.819433, gnorm = 31.557219, step = 1.000000

Iteration 56:
fx = 26468.759766, xnorm = 19.803553, gnorm = 31.115141, step = 1.000000

Iteration 57:
fx = 26468.693359, xnorm = 19.769381, gnorm = 84.870827, step = 1.000000

Iteration 58:
fx = 26467.929688, xnorm = 19.770233, gnorm = 22.239367, step = 1.000000

Iteration 59:
fx = 26467.804688, xnorm = 19.770817, gnorm = 19.598976, step = 1.000000

Iteration 60:
fx = 26467.406250, xnorm = 19.762928, gnorm = 24.471767, step = 1.000000

Iteration 61:
fx = 26467.025391, xnorm = 19.748268, gnorm = 51.889229, step = 1.000000

Iteration 62:
fx = 26466.765625, xnorm = 19.737183, gnorm = 18.878923, step = 1.000000

Iteration 63:
fx = 26466.714844, xnorm = 19.732563, gnorm = 13.099010, step = 1.000000

Iteration 64:
fx = 26466.574219, xnorm = 19.725582, gnorm = 13.023218, step = 1.000000

Iteration 65:
fx = 26466.416016, xnorm = 19.715899, gnorm = 37.129799, step = 1.000000

Iteration 66:
fx = 26466.402344, xnorm = 19.715910, gnorm = 28.989117, step = 0.288469

L-BFGS optimization terminated with status code = -1001
fx = 26466.400391
[0;32mINFO[0;0m 2021-10-28 10:33:35,336 plmdca get_fields_and_couplings_from_backend 
	Data size expected from plmDCA backend: 96140
[0;32mINFO[0;0m 2021-10-28 10:33:35,336 plmdca get_fields_and_couplings_from_backend 
	Data size obtained from plmDCA backend to Python: 96140
[0;32mINFO[0;0m 2021-10-28 10:33:35,397 plmdca compute_sorted_FN 
	Computing non-APC sorted DCA score
[0;32mINFO[0;0m 2021-10-28 10:33:35,576 plmdca compute_sorted_FN_APC 
	Performing average product correction (APC) of FN  of DCA scores
[0;32mINFO[0;0m 2021-10-28 10:33:35,611 dca_utilities write_sorted_dca_scores 
	Writing DCA scores to file PLMDCA_output_3oww_A/PLMDCA_apc_fn_scores_3oww_A.txt
