[0;32mINFO[0;0m 2021-10-27 22:12:52,158 fasta_reader get_alignment_int_form 
	Total number of sequences read from file: 630
[0;32mINFO[0;0m 2021-10-27 22:12:52,158 meanfield_dca compute_sequences_weight 
	Computing sequences weights
[0;32mINFO[0;0m 2021-10-27 22:12:53,028 meanfield_dca __init__ 
	Created a MeanFieldDCA object with the following attributes
        	biomolecule: RNA
        	total states at sites: 5
        	pseudocount: 0.5
        	sequence identity: 0.8
        	alignment length: 117
        	total number of unique sequences (excluding redundant sequences with 100 percent similarity): 629
        	effective number of sequences (with sequence identity 0.8): 305.7563980705285
        
[0;32mINFO[0;0m 2021-10-27 22:12:53,028 meanfield_dca get_single_site_freqs 
	Computing single site frequencies
[0;32mINFO[0;0m 2021-10-27 22:12:53,390 meanfield_dca get_reg_single_site_freqs 
	Regularizing single site frequencies
[0;32mINFO[0;0m 2021-10-27 22:12:53,544 meanfield_dca get_pair_site_freqs 
	Computing pair site frequencies
[0;32mINFO[0;0m 2021-10-27 22:12:56,714 meanfield_dca get_reg_pair_site_freqs 
	Regularizing pair site frequencies
[0;32mINFO[0;0m 2021-10-27 22:12:56,911 meanfield_dca construct_corr_mat 
	Constructing the correlation matrix
[0;32mINFO[0;0m 2021-10-27 22:12:57,221 meanfield_dca compute_couplings 
	Computing couplings
[0;32mINFO[0;0m 2021-10-27 22:12:57,880 meanfield_dca compute_couplings 
	Maximum and minimum couplings: 3.8855651983621637, -20.000000000000053
[0;32mINFO[0;0m 2021-10-27 22:12:57,880 meanfield_dca compute_sorted_FN 
	Computing Frobenius norm of couplings
[0;32mINFO[0;0m 2021-10-27 22:12:58,271 meanfield_dca compute_sorted_FN_APC 
	Performing average product correction (APC) to Frobenius norm of couplings.
[0;32mINFO[0;0m 2021-10-27 22:12:58,332 dca_utilities write_sorted_dca_scores 
	Writing DCA scores to file MFDCA_output_6ck5_A/MFDCA_apc_fn_scores_6ck5_A.txt
[0;32mINFO[0;0m 2021-10-27 22:12:58,347 mfdca_main run_meanfield_dca 
	DONE
