[0;32mINFO[0;0m 2021-08-19 12:42:37,801 plmdca __init__ Created plmDCA instance with:
            biomolecule: RNA
            MSA sequence length: 64
            total number of (unweighted) sequences: 213
            sequence identity: 0.8
            lambda_h: 12.600000000000001
            lambda_J: 12.600000000000001
            gradient decent iterations: 500
            number of threads: 40
        
[0;32mINFO[0;0m 2021-08-19 12:42:37,801 plmdca get_fields_and_couplings_from_backend 
	Computing fields and couplings using gradient decent
Iteration 1:
fx = 6163.867676, xnorm = 16.567017, gnorm = 538.233521, step = 0.001657

Iteration 2:
fx = 3376.515869, xnorm = 11.251352, gnorm = 737.603210, step = 1.000000

Iteration 3:
fx = 3182.612061, xnorm = 12.363235, gnorm = 514.630005, step = 1.000000

Iteration 4:
fx = 2418.808105, xnorm = 10.574030, gnorm = 281.690613, step = 1.000000

Iteration 5:
fx = 2173.251221, xnorm = 8.657670, gnorm = 280.647278, step = 1.000000

Iteration 6:
fx = 1985.186157, xnorm = 8.547114, gnorm = 131.473831, step = 1.000000

Iteration 7:
fx = 1890.926392, xnorm = 8.078900, gnorm = 94.305290, step = 1.000000

Iteration 8:
fx = 1858.018677, xnorm = 7.542213, gnorm = 147.309601, step = 1.000000

Iteration 9:
fx = 1835.041870, xnorm = 7.218079, gnorm = 90.697952, step = 1.000000

Iteration 10:
fx = 1823.256348, xnorm = 7.288093, gnorm = 22.142290, step = 1.000000

Iteration 11:
fx = 1821.826660, xnorm = 7.251975, gnorm = 15.317928, step = 1.000000

Iteration 12:
fx = 1819.641724, xnorm = 7.152411, gnorm = 13.976331, step = 1.000000

Iteration 13:
fx = 1818.994873, xnorm = 7.101432, gnorm = 24.178682, step = 1.000000

Iteration 14:
fx = 1818.435425, xnorm = 7.098083, gnorm = 5.819510, step = 1.000000

L-BFGS optimization terminated with status code = -1001
fx = 1818.435181
[0;32mINFO[0;0m 2021-08-19 12:42:37,885 plmdca get_fields_and_couplings_from_backend 
	Data size expected from plmDCA backend: 50720
[0;32mINFO[0;0m 2021-08-19 12:42:37,885 plmdca get_fields_and_couplings_from_backend 
	Data size obtained from plmDCA backend to Python: 50720
[0;32mINFO[0;0m 2021-08-19 12:42:37,916 plmdca compute_sorted_FN 
	Computing non-APC sorted DCA score
[0;32mINFO[0;0m 2021-08-19 12:42:38,001 plmdca compute_sorted_FN_APC 
	Performing average product correction (APC) of FN  of DCA scores
[0;32mINFO[0;0m 2021-08-19 12:42:38,015 dca_utilities write_sorted_dca_scores 
	Writing DCA scores to file PLMDCA_output_3nkb_B/PLMDCA_apc_fn_scores_3nkb_B.txt
