[0;32mINFO[0;0m 2021-08-19 11:28:49,623 plmdca __init__ Created plmDCA instance with:
            biomolecule: RNA
            MSA sequence length: 52
            total number of (unweighted) sequences: 24
            sequence identity: 0.8
            lambda_h: 10.200000000000001
            lambda_J: 10.200000000000001
            gradient decent iterations: 500
            number of threads: 40
        
[0;32mINFO[0;0m 2021-08-19 11:28:49,623 plmdca get_fields_and_couplings_from_backend 
	Computing fields and couplings using gradient decent
Iteration 1:
fx = 1176.724854, xnorm = 9.428909, gnorm = 189.705048, step = 0.017017

Iteration 2:
fx = 651.641663, xnorm = 4.773059, gnorm = 216.190460, step = 0.457745

Iteration 3:
fx = 413.451141, xnorm = 4.211375, gnorm = 103.564774, step = 1.000000

Iteration 4:
fx = 351.674286, xnorm = 3.414425, gnorm = 88.953224, step = 1.000000

Iteration 5:
fx = 324.545776, xnorm = 3.183416, gnorm = 33.202644, step = 1.000000

Iteration 6:
fx = 319.645172, xnorm = 3.158338, gnorm = 12.972667, step = 1.000000

Iteration 7:
fx = 319.050262, xnorm = 3.113235, gnorm = 6.846040, step = 1.000000

Iteration 8:
fx = 318.688049, xnorm = 3.108978, gnorm = 3.623597, step = 1.000000

Iteration 9:
fx = 318.537903, xnorm = 3.099296, gnorm = 2.147417, step = 1.000000

Iteration 10:
fx = 318.465790, xnorm = 3.081510, gnorm = 1.445737, step = 1.000000

Iteration 11:
fx = 318.463623, xnorm = 3.074077, gnorm = 1.674308, step = 1.000000

Iteration 12:
fx = 318.455811, xnorm = 3.076515, gnorm = 0.343938, step = 1.000000

L-BFGS optimization terminated with status code = -1001
fx = 318.455841
[0;32mINFO[0;0m 2021-08-19 11:28:49,690 plmdca get_fields_and_couplings_from_backend 
	Data size expected from plmDCA backend: 33410
[0;32mINFO[0;0m 2021-08-19 11:28:49,690 plmdca get_fields_and_couplings_from_backend 
	Data size obtained from plmDCA backend to Python: 33410
[0;32mINFO[0;0m 2021-08-19 11:28:49,711 plmdca compute_sorted_FN 
	Computing non-APC sorted DCA score
[0;32mINFO[0;0m 2021-08-19 11:28:49,765 plmdca compute_sorted_FN_APC 
	Performing average product correction (APC) of FN  of DCA scores
[0;32mINFO[0;0m 2021-08-19 11:28:49,773 dca_utilities write_sorted_dca_scores 
	Writing DCA scores to file PLMDCA_output_4ena_A/PLMDCA_apc_fn_scores_4ena_A.txt
