[0;32mINFO[0;0m 2021-08-03 01:15:59,769 fasta_reader get_alignment_int_form 
	Found 68 non-standard residues in 8 sequences
[0;32mINFO[0;0m 2021-08-03 01:15:59,770 fasta_reader get_alignment_int_form 
	Total number of sequences read from file: 9
[0;32mINFO[0;0m 2021-08-03 01:15:59,770 meanfield_dca compute_sequences_weight 
	Computing sequences weights
[0;32mINFO[0;0m 2021-08-03 01:16:01,394 meanfield_dca __init__ 
	Created a MeanFieldDCA object with the following attributes
        	biomolecule: RNA
        	total states at sites: 5
        	pseudocount: 0.5
        	sequence identity: 0.8
        	alignment length: 76
        	total number of unique sequences (excluding redundant sequences with 100 percent similarity): 9
        	effective number of sequences (with sequence identity 0.8): 2.9999999999999996
        
[0;32mINFO[0;0m 2021-08-03 01:16:01,395 meanfield_dca get_single_site_freqs 
	Computing single site frequencies
[0;32mINFO[0;0m 2021-08-03 01:16:02,077 meanfield_dca get_reg_single_site_freqs 
	Regularizing single site frequencies
[0;32mINFO[0;0m 2021-08-03 01:16:02,325 meanfield_dca get_pair_site_freqs 
	Computing pair site frequencies
[0;32mINFO[0;0m 2021-08-03 01:16:08,344 meanfield_dca get_reg_pair_site_freqs 
	Regularizing pair site frequencies
[0;32mINFO[0;0m 2021-08-03 01:16:08,683 meanfield_dca construct_corr_mat 
	Constructing the correlation matrix
[0;32mINFO[0;0m 2021-08-03 01:16:09,206 meanfield_dca compute_couplings 
	Computing couplings
[0;32mINFO[0;0m 2021-08-03 01:16:11,151 meanfield_dca compute_couplings 
	Maximum and minimum couplings: 4.083967927805158, -20.000000000000004
[0;32mINFO[0;0m 2021-08-03 01:16:11,151 meanfield_dca compute_sorted_FN 
	Computing Frobenius norm of couplings
[0;32mINFO[0;0m 2021-08-03 01:16:11,361 meanfield_dca compute_sorted_FN_APC 
	Performing average product correction (APC) to Frobenius norm of couplings.
[0;32mINFO[0;0m 2021-08-03 01:16:11,391 dca_utilities write_sorted_dca_scores 
	Writing DCA scores to file MFDCA_output_2dlc_Y/MFDCA_apc_fn_scores_2dlc_Y.txt
[0;32mINFO[0;0m 2021-08-03 01:16:11,399 mfdca_main run_meanfield_dca 
	DONE
