[0;32mINFO[0;0m 2021-08-19 11:07:59,208 plmdca __init__ Created plmDCA instance with:
            biomolecule: RNA
            MSA sequence length: 56
            total number of (unweighted) sequences: 11223
            sequence identity: 0.8
            lambda_h: 11.0
            lambda_J: 11.0
            gradient decent iterations: 500
            number of threads: 40
        
[0;32mINFO[0;0m 2021-08-19 11:07:59,208 plmdca get_fields_and_couplings_from_backend 
	Computing fields and couplings using gradient decent
Iteration 1:
fx = 34803.804688, xnorm = 17.663424, gnorm = 4810.005371, step = 0.000216

Iteration 2:
fx = 33357.402344, xnorm = 17.667612, gnorm = 1902.895264, step = 1.000000

Iteration 3:
fx = 32799.101562, xnorm = 17.615047, gnorm = 1836.997681, step = 1.000000

Iteration 4:
fx = 28006.554688, xnorm = 17.398006, gnorm = 2202.381104, step = 1.000000

Iteration 5:
fx = 26221.263672, xnorm = 18.294067, gnorm = 3009.086670, step = 1.000000

Iteration 6:
fx = 24529.203125, xnorm = 19.388252, gnorm = 2008.261719, step = 1.000000

Iteration 7:
fx = 23754.779297, xnorm = 19.579891, gnorm = 1235.217773, step = 1.000000

Iteration 8:
fx = 23033.042969, xnorm = 19.568947, gnorm = 1153.278076, step = 1.000000

Iteration 9:
fx = 22229.214844, xnorm = 19.628420, gnorm = 1452.544067, step = 1.000000

Iteration 10:
fx = 21386.800781, xnorm = 20.288258, gnorm = 2143.731201, step = 1.000000

Iteration 11:
fx = 20961.988281, xnorm = 20.720860, gnorm = 1478.876587, step = 1.000000

Iteration 12:
fx = 20647.076172, xnorm = 20.305109, gnorm = 600.908630, step = 1.000000

Iteration 13:
fx = 20547.308594, xnorm = 20.162169, gnorm = 473.297699, step = 1.000000

Iteration 14:
fx = 20278.042969, xnorm = 19.877302, gnorm = 721.696289, step = 1.000000

Iteration 15:
fx = 19916.628906, xnorm = 19.604650, gnorm = 999.865784, step = 1.000000

Iteration 16:
fx = 19686.138672, xnorm = 19.563610, gnorm = 1062.542358, step = 0.444956

Iteration 17:
fx = 19424.728516, xnorm = 19.737728, gnorm = 502.112427, step = 1.000000

Iteration 18:
fx = 19306.878906, xnorm = 19.834656, gnorm = 383.557648, step = 1.000000

Iteration 19:
fx = 19221.203125, xnorm = 19.876638, gnorm = 506.754761, step = 1.000000

Iteration 20:
fx = 19131.851562, xnorm = 19.812008, gnorm = 443.061554, step = 1.000000

Iteration 21:
fx = 19038.865234, xnorm = 19.684540, gnorm = 391.432648, step = 1.000000

Iteration 22:
fx = 18912.601562, xnorm = 19.328964, gnorm = 488.538330, step = 1.000000

Iteration 23:
fx = 18862.654297, xnorm = 19.185659, gnorm = 349.958435, step = 0.387742

Iteration 24:
fx = 18818.871094, xnorm = 19.042355, gnorm = 261.397125, step = 1.000000

Iteration 25:
fx = 18790.482422, xnorm = 18.857647, gnorm = 282.360931, step = 1.000000

Iteration 26:
fx = 18757.242188, xnorm = 18.691086, gnorm = 268.432892, step = 1.000000

Iteration 27:
fx = 18731.792969, xnorm = 18.605652, gnorm = 203.451706, step = 1.000000

Iteration 28:
fx = 18694.699219, xnorm = 18.369171, gnorm = 259.088806, step = 1.000000

Iteration 29:
fx = 18672.589844, xnorm = 18.161743, gnorm = 365.092468, step = 1.000000

Iteration 30:
fx = 18652.160156, xnorm = 18.149137, gnorm = 162.247009, step = 1.000000

Iteration 31:
fx = 18639.199219, xnorm = 18.095787, gnorm = 109.953087, step = 1.000000

Iteration 32:
fx = 18630.988281, xnorm = 18.034096, gnorm = 121.311638, step = 1.000000

Iteration 33:
fx = 18620.591797, xnorm = 17.922253, gnorm = 199.413239, step = 1.000000

Iteration 34:
fx = 18613.683594, xnorm = 17.912048, gnorm = 87.811577, step = 1.000000

Iteration 35:
fx = 18611.812500, xnorm = 17.918163, gnorm = 80.311035, step = 1.000000

Iteration 36:
fx = 18607.257812, xnorm = 17.911896, gnorm = 84.675423, step = 1.000000

Iteration 37:
fx = 18606.458984, xnorm = 17.906654, gnorm = 75.839577, step = 0.187946

Iteration 38:
fx = 18602.966797, xnorm = 17.890003, gnorm = 68.750687, step = 1.000000

Iteration 39:
fx = 18601.916016, xnorm = 17.890129, gnorm = 89.209343, step = 1.000000

Iteration 40:
fx = 18600.449219, xnorm = 17.898954, gnorm = 56.920155, step = 1.000000

Iteration 41:
fx = 18600.421875, xnorm = 17.907824, gnorm = 40.019020, step = 1.000000

L-BFGS optimization terminated with status code = -1001
fx = 18600.423828
[0;32mINFO[0;0m 2021-08-19 11:08:01,499 plmdca get_fields_and_couplings_from_backend 
	Data size expected from plmDCA backend: 38780
[0;32mINFO[0;0m 2021-08-19 11:08:01,500 plmdca get_fields_and_couplings_from_backend 
	Data size obtained from plmDCA backend to Python: 38780
[0;32mINFO[0;0m 2021-08-19 11:08:01,524 plmdca compute_sorted_FN 
	Computing non-APC sorted DCA score
[0;32mINFO[0;0m 2021-08-19 11:08:01,588 plmdca compute_sorted_FN_APC 
	Performing average product correction (APC) of FN  of DCA scores
[0;32mINFO[0;0m 2021-08-19 11:08:01,598 dca_utilities write_sorted_dca_scores 
	Writing DCA scores to file PLMDCA_output_1gtn_W/PLMDCA_apc_fn_scores_1gtn_W.txt
