[0;32mINFO[0;0m 2021-06-10 13:35:59,448 fasta_reader get_alignment_int_form 
	Total number of sequences read from file: 49
[0;32mINFO[0;0m 2021-06-10 13:35:59,449 meanfield_dca compute_sequences_weight 
	Computing sequences weights
[0;32mINFO[0;0m 2021-06-10 13:36:00,805 meanfield_dca __init__ 
	Created a MeanFieldDCA object with the following attributes
        	biomolecule: RNA
        	total states at sites: 5
        	pseudocount: 0.5
        	sequence identity: 0.8
        	alignment length: 121
        	total number of unique sequences (excluding redundant sequences with 100 percent similarity): 48
        	effective number of sequences (with sequence identity 0.8): 18.43051242236025
        
[0;32mINFO[0;0m 2021-06-10 13:36:00,806 meanfield_dca get_single_site_freqs 
	Computing single site frequencies
[0;32mINFO[0;0m 2021-06-10 13:36:01,469 meanfield_dca get_reg_single_site_freqs 
	Regularizing single site frequencies
[0;32mINFO[0;0m 2021-06-10 13:36:01,622 meanfield_dca get_pair_site_freqs 
	Computing pair site frequencies
[0;32mINFO[0;0m 2021-06-10 13:36:05,587 meanfield_dca get_reg_pair_site_freqs 
	Regularizing pair site frequencies
[0;32mINFO[0;0m 2021-06-10 13:36:05,829 meanfield_dca construct_corr_mat 
	Constructing the correlation matrix
[0;32mINFO[0;0m 2021-06-10 13:36:06,206 meanfield_dca compute_couplings 
	Computing couplings
[0;32mINFO[0;0m 2021-06-10 13:36:08,895 meanfield_dca compute_couplings 
	Maximum and minimum couplings: 1.7123875873496148, -20.000000000000018
[0;32mINFO[0;0m 2021-06-10 13:36:08,895 meanfield_dca compute_sorted_FN 
	Computing Frobenius norm of couplings
[0;32mINFO[0;0m 2021-06-10 13:36:09,341 meanfield_dca compute_sorted_FN_APC 
	Performing average product correction (APC) to Frobenius norm of couplings.
[0;32mINFO[0;0m 2021-06-10 13:36:09,425 dca_utilities write_sorted_dca_scores 
	Writing DCA scores to file MFDCA_output_PKB243/MFDCA_apc_fn_scores_PKB243.txt
[0;32mINFO[0;0m 2021-06-10 13:36:09,445 mfdca_main run_meanfield_dca 
	DONE
