[0;32mINFO[0;0m 2021-08-03 01:54:56,043 fasta_reader get_alignment_int_form 
	Found 42 non-standard residues in 4 sequences
[0;32mINFO[0;0m 2021-08-03 01:54:56,043 fasta_reader get_alignment_int_form 
	Total number of sequences read from file: 5
[0;32mINFO[0;0m 2021-08-03 01:54:56,043 meanfield_dca compute_sequences_weight 
	Computing sequences weights
[0;32mINFO[0;0m 2021-08-03 01:54:57,398 meanfield_dca __init__ 
	Created a MeanFieldDCA object with the following attributes
        	biomolecule: RNA
        	total states at sites: 5
        	pseudocount: 0.5
        	sequence identity: 0.8
        	alignment length: 37
        	total number of unique sequences (excluding redundant sequences with 100 percent similarity): 5
        	effective number of sequences (with sequence identity 0.8): 2.0
        
[0;32mINFO[0;0m 2021-08-03 01:54:57,398 meanfield_dca get_single_site_freqs 
	Computing single site frequencies
[0;32mINFO[0;0m 2021-08-03 01:54:57,996 meanfield_dca get_reg_single_site_freqs 
	Regularizing single site frequencies
[0;32mINFO[0;0m 2021-08-03 01:54:58,205 meanfield_dca get_pair_site_freqs 
	Computing pair site frequencies
[0;32mINFO[0;0m 2021-08-03 01:55:03,513 meanfield_dca get_reg_pair_site_freqs 
	Regularizing pair site frequencies
[0;32mINFO[0;0m 2021-08-03 01:55:03,856 meanfield_dca construct_corr_mat 
	Constructing the correlation matrix
[0;32mINFO[0;0m 2021-08-03 01:55:04,385 meanfield_dca compute_couplings 
	Computing couplings
[0;32mINFO[0;0m 2021-08-03 01:55:05,408 meanfield_dca compute_couplings 
	Maximum and minimum couplings: 3.5438060954115813, -20.000000000000014
[0;32mINFO[0;0m 2021-08-03 01:55:05,409 meanfield_dca compute_sorted_FN 
	Computing Frobenius norm of couplings
[0;32mINFO[0;0m 2021-08-03 01:55:05,524 meanfield_dca compute_sorted_FN_APC 
	Performing average product correction (APC) to Frobenius norm of couplings.
[0;32mINFO[0;0m 2021-08-03 01:55:05,531 dca_utilities write_sorted_dca_scores 
	Writing DCA scores to file MFDCA_output_1kog_I/MFDCA_apc_fn_scores_1kog_I.txt
[0;32mINFO[0;0m 2021-08-03 01:55:05,533 mfdca_main run_meanfield_dca 
	DONE
