[0;32mINFO[0;0m 2021-05-22 20:10:58,571 plmdca __init__ Created plmDCA instance with:
            biomolecule: RNA
            MSA sequence length: 132
            total number of (unweighted) sequences: 331
            sequence identity: 0.8
            lambda_h: 26.200000000000003
            lambda_J: 26.200000000000003
            gradient decent iterations: 500
            number of threads: 40
        
[0;32mINFO[0;0m 2021-05-22 20:10:58,571 plmdca get_fields_and_couplings_from_backend 
	Computing fields and couplings using gradient decent
Iteration 1:
fx = 46322.468750, xnorm = 28.564192, gnorm = 3071.407715, step = 0.000277

Iteration 2:
fx = 41081.101562, xnorm = 27.159550, gnorm = 4347.568848, step = 1.000000

Iteration 3:
fx = 33546.871094, xnorm = 25.229576, gnorm = 3030.806885, step = 1.000000

Iteration 4:
fx = 28097.861328, xnorm = 23.612350, gnorm = 2220.966797, step = 1.000000

Iteration 5:
fx = 24839.642578, xnorm = 22.719381, gnorm = 2088.971924, step = 1.000000

Iteration 6:
fx = 22329.679688, xnorm = 22.109177, gnorm = 1587.719604, step = 1.000000

Iteration 7:
fx = 19647.437500, xnorm = 20.724266, gnorm = 1447.166992, step = 1.000000

Iteration 8:
fx = 17054.322266, xnorm = 18.360399, gnorm = 1679.146973, step = 1.000000

Iteration 9:
fx = 16449.238281, xnorm = 16.573917, gnorm = 1943.390869, step = 1.000000

Iteration 10:
fx = 15225.151367, xnorm = 16.267183, gnorm = 1086.588501, step = 1.000000

Iteration 11:
fx = 14724.326172, xnorm = 15.735013, gnorm = 819.646606, step = 1.000000

Iteration 12:
fx = 14349.183594, xnorm = 15.015088, gnorm = 590.469543, step = 1.000000

Iteration 13:
fx = 14107.291992, xnorm = 13.730073, gnorm = 829.305115, step = 1.000000

Iteration 14:
fx = 13944.250977, xnorm = 13.774684, gnorm = 552.688293, step = 1.000000

Iteration 15:
fx = 13879.092773, xnorm = 13.875665, gnorm = 345.273132, step = 1.000000

Iteration 16:
fx = 13788.390625, xnorm = 13.840360, gnorm = 270.810394, step = 1.000000

Iteration 17:
fx = 13733.353516, xnorm = 13.652988, gnorm = 379.680634, step = 1.000000

Iteration 18:
fx = 13692.656250, xnorm = 13.542500, gnorm = 235.006592, step = 1.000000

Iteration 19:
fx = 13673.557617, xnorm = 13.497377, gnorm = 138.310760, step = 1.000000

Iteration 20:
fx = 13660.040039, xnorm = 13.464659, gnorm = 124.367142, step = 1.000000

Iteration 21:
fx = 13650.791992, xnorm = 13.448545, gnorm = 147.633621, step = 1.000000

Iteration 22:
fx = 13643.994141, xnorm = 13.453156, gnorm = 147.125565, step = 1.000000

Iteration 23:
fx = 13640.585938, xnorm = 13.467134, gnorm = 66.784462, step = 1.000000

Iteration 24:
fx = 13639.351562, xnorm = 13.476944, gnorm = 52.542942, step = 1.000000

Iteration 25:
fx = 13637.840820, xnorm = 13.490197, gnorm = 42.909805, step = 1.000000

Iteration 26:
fx = 13637.279297, xnorm = 13.494518, gnorm = 35.944469, step = 0.377818

Iteration 27:
fx = 13636.588867, xnorm = 13.500206, gnorm = 26.563591, step = 1.000000

Iteration 28:
fx = 13636.276367, xnorm = 13.504240, gnorm = 42.463196, step = 1.000000

Iteration 29:
fx = 13636.044922, xnorm = 13.504208, gnorm = 17.886631, step = 1.000000

Iteration 30:
fx = 13635.871094, xnorm = 13.502322, gnorm = 12.267782, step = 1.000000

Iteration 31:
fx = 13635.614258, xnorm = 13.499278, gnorm = 11.209452, step = 1.000000

Iteration 32:
fx = 13635.303711, xnorm = 13.497199, gnorm = 24.118540, step = 1.000000

Iteration 33:
fx = 13635.283203, xnorm = 13.497482, gnorm = 7.306615, step = 1.000000

Iteration 34:
fx = 13635.267578, xnorm = 13.497681, gnorm = 5.277080, step = 1.000000

Iteration 35:
fx = 13635.251953, xnorm = 13.497291, gnorm = 5.079920, step = 1.000000

Iteration 36:
fx = 13635.221680, xnorm = 13.496689, gnorm = 8.175198, step = 1.000000

Iteration 37:
fx = 13635.209961, xnorm = 13.496055, gnorm = 3.800355, step = 1.000000

Iteration 38:
fx = 13635.207031, xnorm = 13.495879, gnorm = 3.021532, step = 1.000000

Iteration 39:
fx = 13635.204102, xnorm = 13.495775, gnorm = 2.674458, step = 0.170376

Iteration 40:
fx = 13635.172852, xnorm = 13.494240, gnorm = 6.984892, step = 1.000000

L-BFGS optimization terminated with status code = -1001
fx = 13635.170898
[0;32mINFO[0;0m 2021-05-22 20:10:59,336 plmdca get_fields_and_couplings_from_backend 
	Data size expected from plmDCA backend: 216810
[0;32mINFO[0;0m 2021-05-22 20:10:59,337 plmdca get_fields_and_couplings_from_backend 
	Data size obtained from plmDCA backend to Python: 216810
[0;32mINFO[0;0m 2021-05-22 20:10:59,472 plmdca compute_sorted_FN 
	Computing non-APC sorted DCA score
[0;32mINFO[0;0m 2021-05-22 20:10:59,856 plmdca compute_sorted_FN_APC 
	Performing average product correction (APC) of FN  of DCA scores
[0;32mINFO[0;0m 2021-05-22 20:10:59,964 dca_utilities write_sorted_dca_scores 
	Writing DCA scores to file PLMDCA_output_6g7z_A/PLMDCA_apc_fn_scores_6g7z_A.txt
