[0;32mINFO[0;0m 2021-10-27 21:46:40,888 fasta_reader get_alignment_int_form 
	Total number of sequences read from file: 2
[0;32mINFO[0;0m 2021-10-27 21:46:40,889 meanfield_dca compute_sequences_weight 
	Computing sequences weights
[0;32mINFO[0;0m 2021-10-27 21:46:41,734 meanfield_dca __init__ 
	Created a MeanFieldDCA object with the following attributes
        	biomolecule: RNA
        	total states at sites: 5
        	pseudocount: 0.5
        	sequence identity: 0.8
        	alignment length: 40
        	total number of unique sequences (excluding redundant sequences with 100 percent similarity): 2
        	effective number of sequences (with sequence identity 0.8): 2.0
        
[0;32mINFO[0;0m 2021-10-27 21:46:41,736 meanfield_dca get_single_site_freqs 
	Computing single site frequencies
[0;32mINFO[0;0m 2021-10-27 21:46:42,094 meanfield_dca get_reg_single_site_freqs 
	Regularizing single site frequencies
[0;32mINFO[0;0m 2021-10-27 21:46:42,215 meanfield_dca get_pair_site_freqs 
	Computing pair site frequencies
[0;32mINFO[0;0m 2021-10-27 21:46:45,359 meanfield_dca get_reg_pair_site_freqs 
	Regularizing pair site frequencies
[0;32mINFO[0;0m 2021-10-27 21:46:45,554 meanfield_dca construct_corr_mat 
	Constructing the correlation matrix
[0;32mINFO[0;0m 2021-10-27 21:46:45,863 meanfield_dca compute_couplings 
	Computing couplings
[0;32mINFO[0;0m 2021-10-27 21:46:46,334 meanfield_dca compute_couplings 
	Maximum and minimum couplings: 0.46965942488336215, -20.000000000000007
[0;32mINFO[0;0m 2021-10-27 21:46:46,334 meanfield_dca compute_sorted_FN 
	Computing Frobenius norm of couplings
[0;32mINFO[0;0m 2021-10-27 21:46:46,416 meanfield_dca compute_sorted_FN_APC 
	Performing average product correction (APC) to Frobenius norm of couplings.
[0;32mINFO[0;0m 2021-10-27 21:46:46,423 dca_utilities write_sorted_dca_scores 
	Writing DCA scores to file MFDCA_output_3p22_A/MFDCA_apc_fn_scores_3p22_A.txt
[0;32mINFO[0;0m 2021-10-27 21:46:46,429 mfdca_main run_meanfield_dca 
	DONE
