[0;32mINFO[0;0m 2021-08-19 11:24:14,977 plmdca __init__ Created plmDCA instance with:
            biomolecule: RNA
            MSA sequence length: 174
            total number of (unweighted) sequences: 691
            sequence identity: 0.8
            lambda_h: 34.6
            lambda_J: 34.6
            gradient decent iterations: 500
            number of threads: 40
        
[0;32mINFO[0;0m 2021-08-19 11:24:14,977 plmdca get_fields_and_couplings_from_backend 
	Computing fields and couplings using gradient decent
Iteration 1:
fx = 117083.460938, xnorm = 39.707741, gnorm = 7278.872070, step = 0.000159

Iteration 2:
fx = 112389.726562, xnorm = 39.060966, gnorm = 7823.580566, step = 1.000000

Iteration 3:
fx = 94556.273438, xnorm = 35.574654, gnorm = 11684.613281, step = 1.000000

Iteration 4:
fx = 77847.531250, xnorm = 32.779667, gnorm = 6761.250000, step = 1.000000

Iteration 5:
fx = 72242.742188, xnorm = 32.168976, gnorm = 4711.627930, step = 1.000000

Iteration 6:
fx = 66739.781250, xnorm = 31.336519, gnorm = 3554.310303, step = 1.000000

Iteration 7:
fx = 60360.164062, xnorm = 29.901651, gnorm = 5333.189453, step = 1.000000

Iteration 8:
fx = 54700.632812, xnorm = 28.812397, gnorm = 4624.487793, step = 1.000000

Iteration 9:
fx = 50313.644531, xnorm = 27.478117, gnorm = 3686.173340, step = 1.000000

Iteration 10:
fx = 46345.578125, xnorm = 25.224989, gnorm = 3586.595459, step = 1.000000

Iteration 11:
fx = 44811.492188, xnorm = 23.491463, gnorm = 4181.798828, step = 1.000000

Iteration 12:
fx = 42951.183594, xnorm = 23.408802, gnorm = 2531.399658, step = 1.000000

Iteration 13:
fx = 41379.750000, xnorm = 22.726814, gnorm = 2214.168701, step = 1.000000

Iteration 14:
fx = 40036.187500, xnorm = 21.660624, gnorm = 3067.270996, step = 1.000000

Iteration 15:
fx = 38968.523438, xnorm = 20.719309, gnorm = 2941.968750, step = 1.000000

Iteration 16:
fx = 37876.621094, xnorm = 20.619610, gnorm = 1622.475464, step = 1.000000

Iteration 17:
fx = 37306.253906, xnorm = 20.310419, gnorm = 1490.201904, step = 1.000000

Iteration 18:
fx = 36920.285156, xnorm = 19.883322, gnorm = 1449.925171, step = 1.000000

Iteration 19:
fx = 36599.597656, xnorm = 19.668005, gnorm = 892.122620, step = 1.000000

Iteration 20:
fx = 36274.992188, xnorm = 19.215759, gnorm = 908.595886, step = 1.000000

Iteration 21:
fx = 36137.968750, xnorm = 18.868353, gnorm = 1497.945068, step = 1.000000

Iteration 22:
fx = 35938.042969, xnorm = 18.738214, gnorm = 763.684570, step = 1.000000

Iteration 23:
fx = 35800.011719, xnorm = 18.588289, gnorm = 631.199829, step = 1.000000

Iteration 24:
fx = 35714.101562, xnorm = 18.463421, gnorm = 628.516907, step = 1.000000

Iteration 25:
fx = 35672.609375, xnorm = 18.281752, gnorm = 1176.554688, step = 1.000000

Iteration 26:
fx = 35582.710938, xnorm = 18.286804, gnorm = 359.640656, step = 1.000000

Iteration 27:
fx = 35566.699219, xnorm = 18.301792, gnorm = 299.185089, step = 1.000000

Iteration 28:
fx = 35533.699219, xnorm = 18.297365, gnorm = 340.326508, step = 1.000000

Iteration 29:
fx = 35521.859375, xnorm = 18.290085, gnorm = 326.230164, step = 0.338638

Iteration 30:
fx = 35504.773438, xnorm = 18.272751, gnorm = 246.404968, step = 1.000000

Iteration 31:
fx = 35498.507812, xnorm = 18.263611, gnorm = 403.482269, step = 1.000000

Iteration 32:
fx = 35487.484375, xnorm = 18.258430, gnorm = 163.858932, step = 1.000000

Iteration 33:
fx = 35484.539062, xnorm = 18.260761, gnorm = 121.065353, step = 1.000000

Iteration 34:
fx = 35480.058594, xnorm = 18.261839, gnorm = 116.011475, step = 1.000000

Iteration 35:
fx = 35478.417969, xnorm = 18.259666, gnorm = 94.863777, step = 0.345526

Iteration 36:
fx = 35476.375000, xnorm = 18.255323, gnorm = 90.800995, step = 1.000000

Iteration 37:
fx = 35476.316406, xnorm = 18.244728, gnorm = 250.617355, step = 1.000000

Iteration 38:
fx = 35472.019531, xnorm = 18.242113, gnorm = 59.455292, step = 1.000000

Iteration 39:
fx = 35471.054688, xnorm = 18.240896, gnorm = 46.186497, step = 1.000000

Iteration 40:
fx = 35469.761719, xnorm = 18.235947, gnorm = 57.204277, step = 1.000000

Iteration 41:
fx = 35468.808594, xnorm = 18.227039, gnorm = 129.934128, step = 1.000000

Iteration 42:
fx = 35468.242188, xnorm = 18.227806, gnorm = 40.262413, step = 1.000000

Iteration 43:
fx = 35467.968750, xnorm = 18.226566, gnorm = 29.154631, step = 1.000000

Iteration 44:
fx = 35467.542969, xnorm = 18.223551, gnorm = 32.134529, step = 1.000000

Iteration 45:
fx = 35467.160156, xnorm = 18.219034, gnorm = 39.381893, step = 1.000000

Iteration 46:
fx = 35466.738281, xnorm = 18.213709, gnorm = 59.329742, step = 1.000000

Iteration 47:
fx = 35466.566406, xnorm = 18.215414, gnorm = 17.941975, step = 1.000000

L-BFGS optimization terminated with status code = -1001
fx = 35466.566406
[0;32mINFO[0;0m 2021-08-19 11:24:16,632 plmdca get_fields_and_couplings_from_backend 
	Data size expected from plmDCA backend: 377145
[0;32mINFO[0;0m 2021-08-19 11:24:16,633 plmdca get_fields_and_couplings_from_backend 
	Data size obtained from plmDCA backend to Python: 377145
[0;32mINFO[0;0m 2021-08-19 11:24:16,870 plmdca compute_sorted_FN 
	Computing non-APC sorted DCA score
[0;32mINFO[0;0m 2021-08-19 11:24:17,497 plmdca compute_sorted_FN_APC 
	Performing average product correction (APC) of FN  of DCA scores
[0;32mINFO[0;0m 2021-08-19 11:24:17,764 dca_utilities write_sorted_dca_scores 
	Writing DCA scores to file PLMDCA_output_3diq_A/PLMDCA_apc_fn_scores_3diq_A.txt
