[0;32mINFO[0;0m 2021-05-22 16:45:00,015 fasta_reader get_alignment_int_form 
	Found 37 non-standard residues in 22 sequences
[0;32mINFO[0;0m 2021-05-22 16:45:00,015 fasta_reader get_alignment_int_form 
	Total number of sequences read from file: 25000
[0;32mINFO[0;0m 2021-05-22 16:45:00,020 meanfield_dca compute_sequences_weight 
	Computing sequences weights
[0;32mINFO[0;0m 2021-05-22 16:45:01,728 meanfield_dca __init__ 
	Created a MeanFieldDCA object with the following attributes
        	biomolecule: RNA
        	total states at sites: 5
        	pseudocount: 0.5
        	sequence identity: 0.8
        	alignment length: 76
        	total number of unique sequences (excluding redundant sequences with 100 percent similarity): 20231
        	effective number of sequences (with sequence identity 0.8): 1994.754966006562
        
[0;32mINFO[0;0m 2021-05-22 16:45:01,729 meanfield_dca get_single_site_freqs 
	Computing single site frequencies
[0;32mINFO[0;0m 2021-05-22 16:45:02,199 meanfield_dca get_reg_single_site_freqs 
	Regularizing single site frequencies
[0;32mINFO[0;0m 2021-05-22 16:45:02,365 meanfield_dca get_pair_site_freqs 
	Computing pair site frequencies
[0;32mINFO[0;0m 2021-05-22 16:45:06,644 meanfield_dca get_reg_pair_site_freqs 
	Regularizing pair site frequencies
[0;32mINFO[0;0m 2021-05-22 16:45:06,911 meanfield_dca construct_corr_mat 
	Constructing the correlation matrix
[0;32mINFO[0;0m 2021-05-22 16:45:07,174 meanfield_dca compute_couplings 
	Computing couplings
[0;32mINFO[0;0m 2021-05-22 16:45:07,728 meanfield_dca compute_couplings 
	Maximum and minimum couplings: 3.634279114314451, -19.450900704353227
[0;32mINFO[0;0m 2021-05-22 16:45:07,728 meanfield_dca compute_sorted_FN 
	Computing Frobenius norm of couplings
[0;32mINFO[0;0m 2021-05-22 16:45:07,913 meanfield_dca compute_sorted_FN_APC 
	Performing average product correction (APC) to Frobenius norm of couplings.
[0;32mINFO[0;0m 2021-05-22 16:45:07,930 dca_utilities write_sorted_dca_scores 
	Writing DCA scores to file MFDCA_output_4v90_AV/MFDCA_apc_fn_scores_4v90_AV.txt
[0;32mINFO[0;0m 2021-05-22 16:45:07,940 mfdca_main run_meanfield_dca 
	DONE
