[0;32mINFO[0;0m 2021-09-18 14:38:38,747 fasta_reader get_alignment_int_form 
	Total number of sequences read from file: 41
[0;32mINFO[0;0m 2021-09-18 14:38:38,748 meanfield_dca compute_sequences_weight 
	Computing sequences weights
[0;32mINFO[0;0m 2021-09-18 14:38:39,607 meanfield_dca __init__ 
	Created a MeanFieldDCA object with the following attributes
        	biomolecule: RNA
        	total states at sites: 5
        	pseudocount: 0.5
        	sequence identity: 0.8
        	alignment length: 64
        	total number of unique sequences (excluding redundant sequences with 100 percent similarity): 40
        	effective number of sequences (with sequence identity 0.8): 19.782178932178933
        
[0;32mINFO[0;0m 2021-09-18 14:38:39,608 meanfield_dca get_single_site_freqs 
	Computing single site frequencies
[0;32mINFO[0;0m 2021-09-18 14:38:39,976 meanfield_dca get_reg_single_site_freqs 
	Regularizing single site frequencies
[0;32mINFO[0;0m 2021-09-18 14:38:40,107 meanfield_dca get_pair_site_freqs 
	Computing pair site frequencies
[0;32mINFO[0;0m 2021-09-18 14:38:43,359 meanfield_dca get_reg_pair_site_freqs 
	Regularizing pair site frequencies
[0;32mINFO[0;0m 2021-09-18 14:38:43,564 meanfield_dca construct_corr_mat 
	Constructing the correlation matrix
[0;32mINFO[0;0m 2021-09-18 14:38:43,885 meanfield_dca compute_couplings 
	Computing couplings
[0;32mINFO[0;0m 2021-09-18 14:38:44,425 meanfield_dca compute_couplings 
	Maximum and minimum couplings: 2.1537360079696626, -20.00000000000002
[0;32mINFO[0;0m 2021-09-18 14:38:44,426 meanfield_dca compute_sorted_FN 
	Computing Frobenius norm of couplings
[0;32mINFO[0;0m 2021-09-18 14:38:44,582 meanfield_dca compute_sorted_FN_APC 
	Performing average product correction (APC) to Frobenius norm of couplings.
[0;32mINFO[0;0m 2021-09-18 14:38:44,592 dca_utilities write_sorted_dca_scores 
	Writing DCA scores to file MFDCA_output_PKB215/MFDCA_apc_fn_scores_PKB215.txt
[0;32mINFO[0;0m 2021-09-18 14:38:44,596 mfdca_main run_meanfield_dca 
	DONE
