[0;32mINFO[0;0m 2021-06-10 13:33:54,938 fasta_reader get_alignment_int_form 
	Total number of sequences read from file: 62
[0;32mINFO[0;0m 2021-06-10 13:33:54,938 meanfield_dca compute_sequences_weight 
	Computing sequences weights
[0;32mINFO[0;0m 2021-06-10 13:33:56,006 meanfield_dca __init__ 
	Created a MeanFieldDCA object with the following attributes
        	biomolecule: RNA
        	total states at sites: 5
        	pseudocount: 0.5
        	sequence identity: 0.8
        	alignment length: 39
        	total number of unique sequences (excluding redundant sequences with 100 percent similarity): 61
        	effective number of sequences (with sequence identity 0.8): 4.252441869240633
        
[0;32mINFO[0;0m 2021-06-10 13:33:56,006 meanfield_dca get_single_site_freqs 
	Computing single site frequencies
[0;32mINFO[0;0m 2021-06-10 13:33:56,457 meanfield_dca get_reg_single_site_freqs 
	Regularizing single site frequencies
[0;32mINFO[0;0m 2021-06-10 13:33:56,608 meanfield_dca get_pair_site_freqs 
	Computing pair site frequencies
[0;32mINFO[0;0m 2021-06-10 13:34:00,847 meanfield_dca get_reg_pair_site_freqs 
	Regularizing pair site frequencies
[0;32mINFO[0;0m 2021-06-10 13:34:01,095 meanfield_dca construct_corr_mat 
	Constructing the correlation matrix
[0;32mINFO[0;0m 2021-06-10 13:34:01,472 meanfield_dca compute_couplings 
	Computing couplings
[0;32mINFO[0;0m 2021-06-10 13:34:02,517 meanfield_dca compute_couplings 
	Maximum and minimum couplings: 4.277320991834307, -20.000000000000025
[0;32mINFO[0;0m 2021-06-10 13:34:02,517 meanfield_dca compute_sorted_FN 
	Computing Frobenius norm of couplings
[0;32mINFO[0;0m 2021-06-10 13:34:02,633 meanfield_dca compute_sorted_FN_APC 
	Performing average product correction (APC) to Frobenius norm of couplings.
[0;32mINFO[0;0m 2021-06-10 13:34:02,638 dca_utilities write_sorted_dca_scores 
	Writing DCA scores to file MFDCA_output_PKB22/MFDCA_apc_fn_scores_PKB22.txt
[0;32mINFO[0;0m 2021-06-10 13:34:02,640 mfdca_main run_meanfield_dca 
	DONE
