[0;32mINFO[0;0m 2021-08-19 11:34:07,016 plmdca __init__ Created plmDCA instance with:
            biomolecule: RNA
            MSA sequence length: 61
            total number of (unweighted) sequences: 2004
            sequence identity: 0.8
            lambda_h: 12.0
            lambda_J: 12.0
            gradient decent iterations: 500
            number of threads: 40
        
[0;32mINFO[0;0m 2021-08-19 11:34:07,016 plmdca get_fields_and_couplings_from_backend 
	Computing fields and couplings using gradient decent
Iteration 1:
fx = 18663.226562, xnorm = 22.542114, gnorm = 2346.293945, step = 0.000633

Iteration 2:
fx = 17888.894531, xnorm = 22.500744, gnorm = 1099.961548, step = 1.000000

Iteration 3:
fx = 17407.992188, xnorm = 22.214153, gnorm = 873.316467, step = 1.000000

Iteration 4:
fx = 16190.884766, xnorm = 21.028240, gnorm = 1557.746582, step = 1.000000

Iteration 5:
fx = 14040.676758, xnorm = 18.834496, gnorm = 1922.020020, step = 1.000000

Iteration 6:
fx = 13702.558594, xnorm = 17.685328, gnorm = 2966.991455, step = 1.000000

Iteration 7:
fx = 11953.370117, xnorm = 18.132915, gnorm = 1713.704956, step = 1.000000

Iteration 8:
fx = 11167.035156, xnorm = 17.404720, gnorm = 1183.508057, step = 1.000000

Iteration 9:
fx = 10779.859375, xnorm = 16.640686, gnorm = 1208.677490, step = 1.000000

Iteration 10:
fx = 10440.722656, xnorm = 16.911642, gnorm = 577.197876, step = 1.000000

Iteration 11:
fx = 10201.630859, xnorm = 16.723690, gnorm = 454.196381, step = 1.000000

Iteration 12:
fx = 9849.021484, xnorm = 16.226929, gnorm = 647.066833, step = 1.000000

Iteration 13:
fx = 9573.297852, xnorm = 16.176231, gnorm = 761.562134, step = 1.000000

Iteration 14:
fx = 9210.958008, xnorm = 15.688439, gnorm = 458.844940, step = 1.000000

Iteration 15:
fx = 8767.568359, xnorm = 14.040774, gnorm = 507.685638, step = 1.000000

Iteration 16:
fx = 8745.062500, xnorm = 13.676865, gnorm = 685.312378, step = 1.000000

Iteration 17:
fx = 8635.908203, xnorm = 13.722786, gnorm = 202.141571, step = 1.000000

Iteration 18:
fx = 8616.420898, xnorm = 13.587663, gnorm = 172.903519, step = 1.000000

Iteration 19:
fx = 8573.961914, xnorm = 13.147191, gnorm = 203.213776, step = 1.000000

Iteration 20:
fx = 8542.642578, xnorm = 12.734123, gnorm = 282.904297, step = 1.000000

Iteration 21:
fx = 8510.445312, xnorm = 12.434789, gnorm = 121.889610, step = 1.000000

Iteration 22:
fx = 8499.544922, xnorm = 12.388646, gnorm = 111.537773, step = 1.000000

Iteration 23:
fx = 8490.055664, xnorm = 12.352272, gnorm = 132.865997, step = 1.000000

Iteration 24:
fx = 8484.419922, xnorm = 12.284933, gnorm = 243.101089, step = 1.000000

Iteration 25:
fx = 8471.832031, xnorm = 12.301961, gnorm = 106.014305, step = 1.000000

Iteration 26:
fx = 8467.772461, xnorm = 12.321315, gnorm = 79.061356, step = 1.000000

Iteration 27:
fx = 8464.551758, xnorm = 12.331509, gnorm = 68.979591, step = 1.000000

Iteration 28:
fx = 8463.822266, xnorm = 12.324862, gnorm = 111.236221, step = 1.000000

Iteration 29:
fx = 8461.024414, xnorm = 12.315300, gnorm = 46.339695, step = 1.000000

Iteration 30:
fx = 8459.888672, xnorm = 12.302309, gnorm = 35.676918, step = 1.000000

Iteration 31:
fx = 8459.061523, xnorm = 12.290602, gnorm = 34.936802, step = 1.000000

Iteration 32:
fx = 8458.852539, xnorm = 12.265865, gnorm = 81.423401, step = 1.000000

Iteration 33:
fx = 8457.602539, xnorm = 12.264731, gnorm = 20.995516, step = 1.000000

Iteration 34:
fx = 8457.291016, xnorm = 12.264351, gnorm = 18.779949, step = 1.000000

Iteration 35:
fx = 8456.297852, xnorm = 12.253847, gnorm = 19.092196, step = 1.000000

Iteration 36:
fx = 8455.971680, xnorm = 12.245121, gnorm = 26.685286, step = 0.369360

Iteration 37:
fx = 8455.581055, xnorm = 12.238323, gnorm = 10.875183, step = 1.000000

Iteration 38:
fx = 8455.407227, xnorm = 12.232517, gnorm = 7.554530, step = 1.000000

Iteration 39:
fx = 8455.259766, xnorm = 12.226434, gnorm = 8.012297, step = 1.000000

Iteration 40:
fx = 8455.119141, xnorm = 12.214803, gnorm = 15.385984, step = 1.000000

Iteration 41:
fx = 8455.005859, xnorm = 12.212173, gnorm = 6.319678, step = 1.000000

Iteration 42:
fx = 8454.966797, xnorm = 12.210114, gnorm = 6.050478, step = 1.000000

Iteration 43:
fx = 8454.893555, xnorm = 12.205595, gnorm = 6.467842, step = 1.000000

Iteration 44:
fx = 8454.838867, xnorm = 12.201362, gnorm = 9.223384, step = 0.421624

Iteration 45:
fx = 8454.775391, xnorm = 12.196256, gnorm = 4.588295, step = 1.000000

Iteration 46:
fx = 8454.731445, xnorm = 12.194005, gnorm = 2.592398, step = 1.000000

Iteration 47:
fx = 8454.713867, xnorm = 12.191537, gnorm = 2.893935, step = 1.000000

Iteration 48:
fx = 8454.673828, xnorm = 12.188632, gnorm = 4.140966, step = 1.000000

L-BFGS optimization terminated with status code = -1001
fx = 8454.672852
[0;32mINFO[0;0m 2021-08-19 11:34:07,595 plmdca get_fields_and_couplings_from_backend 
	Data size expected from plmDCA backend: 46055
[0;32mINFO[0;0m 2021-08-19 11:34:07,595 plmdca get_fields_and_couplings_from_backend 
	Data size obtained from plmDCA backend to Python: 46055
[0;32mINFO[0;0m 2021-08-19 11:34:07,624 plmdca compute_sorted_FN 
	Computing non-APC sorted DCA score
[0;32mINFO[0;0m 2021-08-19 11:34:07,707 plmdca compute_sorted_FN_APC 
	Performing average product correction (APC) of FN  of DCA scores
[0;32mINFO[0;0m 2021-08-19 11:34:07,719 dca_utilities write_sorted_dca_scores 
	Writing DCA scores to file PLMDCA_output_4u7u_L/PLMDCA_apc_fn_scores_4u7u_L.txt
