[0;32mINFO[0;0m 2021-08-03 01:01:26,770 fasta_reader get_alignment_int_form 
	Found 1229 non-standard residues in 87 sequences
[0;32mINFO[0;0m 2021-08-03 01:01:26,770 fasta_reader get_alignment_int_form 
	Total number of sequences read from file: 88
[0;32mINFO[0;0m 2021-08-03 01:01:26,770 meanfield_dca compute_sequences_weight 
	Computing sequences weights
[0;32mINFO[0;0m 2021-08-03 01:01:28,250 meanfield_dca __init__ 
	Created a MeanFieldDCA object with the following attributes
        	biomolecule: RNA
        	total states at sites: 5
        	pseudocount: 0.5
        	sequence identity: 0.8
        	alignment length: 107
        	total number of unique sequences (excluding redundant sequences with 100 percent similarity): 87
        	effective number of sequences (with sequence identity 0.8): 2.396553087687464
        
[0;32mINFO[0;0m 2021-08-03 01:01:28,250 meanfield_dca get_single_site_freqs 
	Computing single site frequencies
[0;32mINFO[0;0m 2021-08-03 01:01:28,811 meanfield_dca get_reg_single_site_freqs 
	Regularizing single site frequencies
[0;32mINFO[0;0m 2021-08-03 01:01:29,083 meanfield_dca get_pair_site_freqs 
	Computing pair site frequencies
[0;32mINFO[0;0m 2021-08-03 01:01:35,010 meanfield_dca get_reg_pair_site_freqs 
	Regularizing pair site frequencies
[0;32mINFO[0;0m 2021-08-03 01:01:35,365 meanfield_dca construct_corr_mat 
	Constructing the correlation matrix
[0;32mINFO[0;0m 2021-08-03 01:01:35,913 meanfield_dca compute_couplings 
	Computing couplings
[0;32mINFO[0;0m 2021-08-03 01:01:37,693 meanfield_dca compute_couplings 
	Maximum and minimum couplings: 4.550031141647674, -20.000000000000014
[0;32mINFO[0;0m 2021-08-03 01:01:37,693 meanfield_dca compute_sorted_FN 
	Computing Frobenius norm of couplings
[0;32mINFO[0;0m 2021-08-03 01:01:38,226 meanfield_dca compute_sorted_FN_APC 
	Performing average product correction (APC) to Frobenius norm of couplings.
[0;32mINFO[0;0m 2021-08-03 01:01:38,284 dca_utilities write_sorted_dca_scores 
	Writing DCA scores to file MFDCA_output_4wfl_A/MFDCA_apc_fn_scores_4wfl_A.txt
[0;32mINFO[0;0m 2021-08-03 01:01:38,307 mfdca_main run_meanfield_dca 
	DONE
