[0;32mINFO[0;0m 2021-05-22 19:34:58,582 plmdca __init__ Created plmDCA instance with:
            biomolecule: RNA
            MSA sequence length: 72
            total number of (unweighted) sequences: 25000
            sequence identity: 0.8
            lambda_h: 14.200000000000001
            lambda_J: 14.200000000000001
            gradient decent iterations: 500
            number of threads: 40
        
[0;32mINFO[0;0m 2021-05-22 19:34:58,582 plmdca get_fields_and_couplings_from_backend 
	Computing fields and couplings using gradient decent
Iteration 1:
fx = 114453.289062, xnorm = 22.723986, gnorm = 6085.582520, step = 0.000032

Iteration 2:
fx = 113321.156250, xnorm = 22.673424, gnorm = 5514.964355, step = 1.000000

Iteration 3:
fx = 112286.679688, xnorm = 22.629580, gnorm = 5170.000977, step = 1.000000

Iteration 4:
fx = 109119.843750, xnorm = 22.463842, gnorm = 7830.783203, step = 1.000000

Iteration 5:
fx = 104719.765625, xnorm = 22.383392, gnorm = 7990.085449, step = 1.000000

Iteration 6:
fx = 102212.367188, xnorm = 22.658485, gnorm = 8251.793945, step = 1.000000

Iteration 7:
fx = 99962.710938, xnorm = 22.778030, gnorm = 3864.572266, step = 1.000000

Iteration 8:
fx = 99181.968750, xnorm = 22.783773, gnorm = 3181.713379, step = 1.000000

Iteration 9:
fx = 98338.578125, xnorm = 22.794020, gnorm = 3698.538330, step = 1.000000

Iteration 10:
fx = 96808.664062, xnorm = 22.867161, gnorm = 5082.586426, step = 1.000000

Iteration 11:
fx = 94894.531250, xnorm = 23.141451, gnorm = 6891.827148, step = 1.000000

Iteration 12:
fx = 92894.554688, xnorm = 23.539991, gnorm = 4671.270020, step = 1.000000

Iteration 13:
fx = 91666.882812, xnorm = 23.554060, gnorm = 3157.371338, step = 1.000000

Iteration 14:
fx = 90604.687500, xnorm = 23.423384, gnorm = 2962.488281, step = 1.000000

Iteration 15:
fx = 90139.664062, xnorm = 23.427734, gnorm = 3798.486084, step = 1.000000

Iteration 16:
fx = 89576.992188, xnorm = 23.520485, gnorm = 2271.658447, step = 1.000000

Iteration 17:
fx = 89173.125000, xnorm = 23.606871, gnorm = 2244.027344, step = 1.000000

Iteration 18:
fx = 88532.179688, xnorm = 23.783762, gnorm = 3055.392334, step = 1.000000

Iteration 19:
fx = 87878.398438, xnorm = 24.234526, gnorm = 4669.958984, step = 1.000000

Iteration 20:
fx = 86835.039062, xnorm = 24.457645, gnorm = 3171.955322, step = 1.000000

Iteration 21:
fx = 85985.937500, xnorm = 24.780466, gnorm = 2909.468750, step = 1.000000

Iteration 22:
fx = 85494.710938, xnorm = 24.964434, gnorm = 2305.792480, step = 1.000000

Iteration 23:
fx = 85190.265625, xnorm = 24.996340, gnorm = 1601.611328, step = 1.000000

Iteration 24:
fx = 84909.648438, xnorm = 24.982248, gnorm = 1757.219727, step = 1.000000

Iteration 25:
fx = 84677.390625, xnorm = 24.955011, gnorm = 2005.415894, step = 1.000000

Iteration 26:
fx = 84349.320312, xnorm = 24.933268, gnorm = 1770.136475, step = 1.000000

Iteration 27:
fx = 84060.562500, xnorm = 25.092546, gnorm = 4249.871582, step = 1.000000

Iteration 28:
fx = 83438.609375, xnorm = 25.209116, gnorm = 2095.485352, step = 1.000000

Iteration 29:
fx = 83148.804688, xnorm = 25.330906, gnorm = 1525.037109, step = 1.000000

Iteration 30:
fx = 82891.585938, xnorm = 25.557825, gnorm = 1453.858276, step = 1.000000

Iteration 31:
fx = 82754.007812, xnorm = 25.701355, gnorm = 1429.019653, step = 0.452923

Iteration 32:
fx = 82593.039062, xnorm = 25.798691, gnorm = 1179.387817, step = 1.000000

Iteration 33:
fx = 82418.085938, xnorm = 25.867353, gnorm = 1966.773438, step = 1.000000

Iteration 34:
fx = 82263.773438, xnorm = 25.855181, gnorm = 1725.777466, step = 1.000000

Iteration 35:
fx = 82117.492188, xnorm = 25.703674, gnorm = 1185.166260, step = 1.000000

Iteration 36:
fx = 81923.976562, xnorm = 25.400982, gnorm = 1314.251465, step = 1.000000

Iteration 37:
fx = 81905.085938, xnorm = 25.228720, gnorm = 2670.577148, step = 1.000000

Iteration 38:
fx = 81709.125000, xnorm = 25.236532, gnorm = 1233.028442, step = 1.000000

Iteration 39:
fx = 81573.523438, xnorm = 25.232080, gnorm = 893.919373, step = 1.000000

Iteration 40:
fx = 81491.390625, xnorm = 25.204868, gnorm = 1033.335327, step = 1.000000

Iteration 41:
fx = 81440.101562, xnorm = 25.105360, gnorm = 2741.010742, step = 1.000000

Iteration 42:
fx = 81225.976562, xnorm = 25.068504, gnorm = 1143.917725, step = 1.000000

Iteration 43:
fx = 81159.632812, xnorm = 25.022415, gnorm = 817.372803, step = 1.000000

Iteration 44:
fx = 81083.515625, xnorm = 24.927092, gnorm = 898.902832, step = 1.000000

Iteration 45:
fx = 81021.789062, xnorm = 24.816961, gnorm = 1233.422119, step = 1.000000

Iteration 46:
fx = 80938.281250, xnorm = 24.725452, gnorm = 765.558655, step = 1.000000

Iteration 47:
fx = 80886.507812, xnorm = 24.679281, gnorm = 671.768982, step = 1.000000

Iteration 48:
fx = 80830.671875, xnorm = 24.595745, gnorm = 986.110657, step = 1.000000

Iteration 49:
fx = 80781.148438, xnorm = 24.532190, gnorm = 623.726501, step = 1.000000

Iteration 50:
fx = 80734.812500, xnorm = 24.461012, gnorm = 646.420349, step = 1.000000

Iteration 51:
fx = 80693.031250, xnorm = 24.332726, gnorm = 998.228027, step = 1.000000

Iteration 52:
fx = 80639.218750, xnorm = 24.253960, gnorm = 658.082214, step = 1.000000

Iteration 53:
fx = 80605.492188, xnorm = 24.212044, gnorm = 563.880432, step = 1.000000

Iteration 54:
fx = 80555.968750, xnorm = 24.092571, gnorm = 712.735107, step = 1.000000

Iteration 55:
fx = 80534.460938, xnorm = 23.968988, gnorm = 1118.096680, step = 1.000000

Iteration 56:
fx = 80505.125000, xnorm = 23.977066, gnorm = 482.622314, step = 1.000000

Iteration 57:
fx = 80489.648438, xnorm = 23.945293, gnorm = 331.705109, step = 1.000000

Iteration 58:
fx = 80475.718750, xnorm = 23.894405, gnorm = 359.121002, step = 1.000000

Iteration 59:
fx = 80467.117188, xnorm = 23.801903, gnorm = 778.937073, step = 1.000000

Iteration 60:
fx = 80437.351562, xnorm = 23.733459, gnorm = 395.586914, step = 1.000000

Iteration 61:
fx = 80424.804688, xnorm = 23.720518, gnorm = 337.045410, step = 1.000000

Iteration 62:
fx = 80403.179688, xnorm = 23.667952, gnorm = 420.030975, step = 1.000000

Iteration 63:
fx = 80393.664062, xnorm = 23.636930, gnorm = 443.469025, step = 0.339467

Iteration 64:
fx = 80383.148438, xnorm = 23.596722, gnorm = 365.006500, step = 1.000000

Iteration 65:
fx = 80371.773438, xnorm = 23.522705, gnorm = 402.491547, step = 1.000000

Iteration 66:
fx = 80365.218750, xnorm = 23.493542, gnorm = 218.678406, step = 0.420345

Iteration 67:
fx = 80361.078125, xnorm = 23.470932, gnorm = 224.070709, step = 1.000000

Iteration 68:
fx = 80358.093750, xnorm = 23.426027, gnorm = 494.213989, step = 1.000000

Iteration 69:
fx = 80349.578125, xnorm = 23.407143, gnorm = 217.525421, step = 1.000000

Iteration 70:
fx = 80344.937500, xnorm = 23.399509, gnorm = 185.486145, step = 1.000000

Iteration 71:
fx = 80339.882812, xnorm = 23.376369, gnorm = 249.313599, step = 1.000000

Iteration 72:
fx = 80339.500000, xnorm = 23.337221, gnorm = 422.281586, step = 1.000000

Iteration 73:
fx = 80333.757812, xnorm = 23.331537, gnorm = 185.714737, step = 1.000000

Iteration 74:
fx = 80331.023438, xnorm = 23.314041, gnorm = 163.280319, step = 1.000000

Iteration 75:
fx = 80328.992188, xnorm = 23.288221, gnorm = 180.982224, step = 1.000000

Iteration 76:
fx = 80328.093750, xnorm = 23.275743, gnorm = 179.893021, step = 0.222687

Iteration 77:
fx = 80325.687500, xnorm = 23.233770, gnorm = 135.880966, step = 1.000000

Iteration 78:
fx = 80322.882812, xnorm = 23.202969, gnorm = 175.457092, step = 1.000000

Iteration 79:
fx = 80321.156250, xnorm = 23.160694, gnorm = 236.357193, step = 1.000000

Iteration 80:
fx = 80318.578125, xnorm = 23.166489, gnorm = 128.768814, step = 1.000000

Iteration 81:
fx = 80316.914062, xnorm = 23.168596, gnorm = 113.637146, step = 1.000000

Iteration 82:
fx = 80314.382812, xnorm = 23.158875, gnorm = 122.523071, step = 1.000000

Iteration 83:
fx = 80313.726562, xnorm = 23.148069, gnorm = 129.908554, step = 0.239160

Iteration 84:
fx = 80311.914062, xnorm = 23.122353, gnorm = 106.408607, step = 1.000000

Iteration 85:
fx = 80310.609375, xnorm = 23.096144, gnorm = 135.266098, step = 1.000000

Iteration 86:
fx = 80308.648438, xnorm = 23.065960, gnorm = 98.755569, step = 1.000000

Iteration 87:
fx = 80307.140625, xnorm = 23.053019, gnorm = 85.648552, step = 1.000000

Iteration 88:
fx = 80306.351562, xnorm = 23.041401, gnorm = 92.611267, step = 1.000000

Iteration 89:
fx = 80305.000000, xnorm = 23.030758, gnorm = 102.183449, step = 1.000000

Iteration 90:
fx = 80304.320312, xnorm = 23.023672, gnorm = 84.219803, step = 1.000000

Iteration 91:
fx = 80303.781250, xnorm = 23.004307, gnorm = 109.008347, step = 1.000000

Iteration 92:
fx = 80303.531250, xnorm = 22.991068, gnorm = 100.287262, step = 1.000000

Iteration 93:
fx = 80303.156250, xnorm = 22.990383, gnorm = 61.201912, step = 1.000000

Iteration 94:
fx = 80302.843750, xnorm = 22.981565, gnorm = 43.719257, step = 1.000000

Iteration 95:
fx = 80302.554688, xnorm = 22.970480, gnorm = 54.209064, step = 1.000000

Iteration 96:
fx = 80302.304688, xnorm = 22.948235, gnorm = 77.606529, step = 1.000000

Iteration 97:
fx = 80302.179688, xnorm = 22.940102, gnorm = 52.274685, step = 1.000000

Iteration 98:
fx = 80301.867188, xnorm = 22.935875, gnorm = 51.155674, step = 1.000000

L-BFGS optimization terminated with status code = -1001
fx = 80301.867188
[0;32mINFO[0;0m 2021-05-22 19:35:13,090 plmdca get_fields_and_couplings_from_backend 
	Data size expected from plmDCA backend: 64260
[0;32mINFO[0;0m 2021-05-22 19:35:13,091 plmdca get_fields_and_couplings_from_backend 
	Data size obtained from plmDCA backend to Python: 64260
[0;32mINFO[0;0m 2021-05-22 19:35:13,131 plmdca compute_sorted_FN 
	Computing non-APC sorted DCA score
[0;32mINFO[0;0m 2021-05-22 19:35:13,245 plmdca compute_sorted_FN_APC 
	Performing average product correction (APC) of FN  of DCA scores
[0;32mINFO[0;0m 2021-05-22 19:35:13,265 dca_utilities write_sorted_dca_scores 
	Writing DCA scores to file PLMDCA_output_4n0t_B/PLMDCA_apc_fn_scores_4n0t_B.txt
