[0;32mINFO[0;0m 2021-06-10 13:16:13,731 fasta_reader get_alignment_int_form 
	Found 27 non-standard residues in 9 sequences
[0;32mINFO[0;0m 2021-06-10 13:16:13,731 fasta_reader get_alignment_int_form 
	Total number of sequences read from file: 549
[0;32mINFO[0;0m 2021-06-10 13:16:13,731 meanfield_dca compute_sequences_weight 
	Computing sequences weights
[0;32mINFO[0;0m 2021-06-10 13:16:14,826 meanfield_dca __init__ 
	Created a MeanFieldDCA object with the following attributes
        	biomolecule: RNA
        	total states at sites: 5
        	pseudocount: 0.5
        	sequence identity: 0.8
        	alignment length: 52
        	total number of unique sequences (excluding redundant sequences with 100 percent similarity): 548
        	effective number of sequences (with sequence identity 0.8): 30.431163050560674
        
[0;32mINFO[0;0m 2021-06-10 13:16:14,826 meanfield_dca get_single_site_freqs 
	Computing single site frequencies
[0;32mINFO[0;0m 2021-06-10 13:16:15,281 meanfield_dca get_reg_single_site_freqs 
	Regularizing single site frequencies
[0;32mINFO[0;0m 2021-06-10 13:16:15,438 meanfield_dca get_pair_site_freqs 
	Computing pair site frequencies
[0;32mINFO[0;0m 2021-06-10 13:16:19,481 meanfield_dca get_reg_pair_site_freqs 
	Regularizing pair site frequencies
[0;32mINFO[0;0m 2021-06-10 13:16:19,733 meanfield_dca construct_corr_mat 
	Constructing the correlation matrix
[0;32mINFO[0;0m 2021-06-10 13:16:20,121 meanfield_dca compute_couplings 
	Computing couplings
[0;32mINFO[0;0m 2021-06-10 13:16:21,329 meanfield_dca compute_couplings 
	Maximum and minimum couplings: 4.221876420734858, -20.0
[0;32mINFO[0;0m 2021-06-10 13:16:21,329 meanfield_dca compute_sorted_FN 
	Computing Frobenius norm of couplings
[0;32mINFO[0;0m 2021-06-10 13:16:21,470 meanfield_dca compute_sorted_FN_APC 
	Performing average product correction (APC) to Frobenius norm of couplings.
[0;32mINFO[0;0m 2021-06-10 13:16:21,475 dca_utilities write_sorted_dca_scores 
	Writing DCA scores to file MFDCA_output_PKB107/MFDCA_apc_fn_scores_PKB107.txt
[0;32mINFO[0;0m 2021-06-10 13:16:21,479 mfdca_main run_meanfield_dca 
	DONE
