[0;32mINFO[0;0m 2021-09-18 15:16:13,965 fasta_reader get_alignment_int_form 
	Total number of sequences read from file: 28
[0;32mINFO[0;0m 2021-09-18 15:16:13,965 meanfield_dca compute_sequences_weight 
	Computing sequences weights
[0;32mINFO[0;0m 2021-09-18 15:16:14,844 meanfield_dca __init__ 
	Created a MeanFieldDCA object with the following attributes
        	biomolecule: RNA
        	total states at sites: 5
        	pseudocount: 0.5
        	sequence identity: 0.8
        	alignment length: 61
        	total number of unique sequences (excluding redundant sequences with 100 percent similarity): 27
        	effective number of sequences (with sequence identity 0.8): 5.022222222222222
        
[0;32mINFO[0;0m 2021-09-18 15:16:14,844 meanfield_dca get_single_site_freqs 
	Computing single site frequencies
[0;32mINFO[0;0m 2021-09-18 15:16:15,205 meanfield_dca get_reg_single_site_freqs 
	Regularizing single site frequencies
[0;32mINFO[0;0m 2021-09-18 15:16:15,328 meanfield_dca get_pair_site_freqs 
	Computing pair site frequencies
[0;32mINFO[0;0m 2021-09-18 15:16:18,580 meanfield_dca get_reg_pair_site_freqs 
	Regularizing pair site frequencies
[0;32mINFO[0;0m 2021-09-18 15:16:18,777 meanfield_dca construct_corr_mat 
	Constructing the correlation matrix
[0;32mINFO[0;0m 2021-09-18 15:16:19,092 meanfield_dca compute_couplings 
	Computing couplings
[0;32mINFO[0;0m 2021-09-18 15:16:19,611 meanfield_dca compute_couplings 
	Maximum and minimum couplings: 4.0557487774935925, -20.000000000000036
[0;32mINFO[0;0m 2021-09-18 15:16:19,612 meanfield_dca compute_sorted_FN 
	Computing Frobenius norm of couplings
[0;32mINFO[0;0m 2021-09-18 15:16:19,764 meanfield_dca compute_sorted_FN_APC 
	Performing average product correction (APC) to Frobenius norm of couplings.
[0;32mINFO[0;0m 2021-09-18 15:16:19,772 dca_utilities write_sorted_dca_scores 
	Writing DCA scores to file MFDCA_output_PKB265/MFDCA_apc_fn_scores_PKB265.txt
[0;32mINFO[0;0m 2021-09-18 15:16:19,776 mfdca_main run_meanfield_dca 
	DONE
