[0;32mINFO[0;0m 2021-10-28 10:27:27,967 plmdca __init__ Created plmDCA instance with:
            biomolecule: RNA
            MSA sequence length: 77
            total number of (unweighted) sequences: 50000
            sequence identity: 0.8
            lambda_h: 15.200000000000001
            lambda_J: 15.200000000000001
            gradient decent iterations: 500
            number of threads: 40
        
[0;32mINFO[0;0m 2021-10-28 10:27:27,968 plmdca get_fields_and_couplings_from_backend 
	Computing fields and couplings using gradient decent
Iteration 1:
fx = 109191.859375, xnorm = 32.062038, gnorm = 6530.656738, step = 0.000041

Iteration 2:
fx = 107329.101562, xnorm = 31.995754, gnorm = 7168.177246, step = 1.000000

Iteration 3:
fx = 103088.585938, xnorm = 31.786631, gnorm = 12965.646484, step = 1.000000

Iteration 4:
fx = 94995.945312, xnorm = 31.577438, gnorm = 14206.091797, step = 1.000000

Iteration 5:
fx = 84855.171875, xnorm = 32.176853, gnorm = 16572.632812, step = 1.000000

Iteration 6:
fx = 75497.812500, xnorm = 32.896496, gnorm = 7234.575195, step = 1.000000

Iteration 7:
fx = 73104.765625, xnorm = 33.108112, gnorm = 4377.934570, step = 1.000000

Iteration 8:
fx = 71163.148438, xnorm = 33.422199, gnorm = 3054.180664, step = 1.000000

Iteration 9:
fx = 69883.453125, xnorm = 34.102509, gnorm = 5305.191406, step = 1.000000

Iteration 10:
fx = 68591.070312, xnorm = 34.566685, gnorm = 4184.572266, step = 1.000000

Iteration 11:
fx = 67516.945312, xnorm = 34.531784, gnorm = 3303.380371, step = 1.000000

Iteration 12:
fx = 64329.542969, xnorm = 34.693249, gnorm = 3397.072510, step = 1.000000

Iteration 13:
fx = 62035.394531, xnorm = 34.750515, gnorm = 3862.507080, step = 1.000000

Iteration 14:
fx = 61166.195312, xnorm = 34.512302, gnorm = 4957.236816, step = 1.000000

Iteration 15:
fx = 60128.894531, xnorm = 34.402973, gnorm = 2621.329346, step = 1.000000

Iteration 16:
fx = 59220.894531, xnorm = 34.058918, gnorm = 2355.920166, step = 1.000000

Iteration 17:
fx = 58334.492188, xnorm = 33.535889, gnorm = 2901.323242, step = 1.000000

Iteration 18:
fx = 57861.484375, xnorm = 32.841797, gnorm = 5104.465820, step = 1.000000

Iteration 19:
fx = 56723.019531, xnorm = 32.703903, gnorm = 2679.570312, step = 1.000000

Iteration 20:
fx = 56123.609375, xnorm = 32.495724, gnorm = 2872.156250, step = 1.000000

Iteration 21:
fx = 55598.812500, xnorm = 32.246056, gnorm = 2660.521729, step = 1.000000

Iteration 22:
fx = 54666.617188, xnorm = 31.672308, gnorm = 2274.774658, step = 1.000000

Iteration 23:
fx = 54347.875000, xnorm = 31.198057, gnorm = 4652.479004, step = 1.000000

Iteration 24:
fx = 53580.566406, xnorm = 31.090584, gnorm = 2183.024902, step = 1.000000

Iteration 25:
fx = 53172.257812, xnorm = 30.937767, gnorm = 1978.317383, step = 1.000000

Iteration 26:
fx = 52756.269531, xnorm = 30.702871, gnorm = 2396.780029, step = 1.000000

Iteration 27:
fx = 52294.921875, xnorm = 30.262470, gnorm = 3313.725586, step = 1.000000

Iteration 28:
fx = 51667.453125, xnorm = 29.938595, gnorm = 2792.771484, step = 1.000000

Iteration 29:
fx = 51128.804688, xnorm = 29.748339, gnorm = 1942.213257, step = 1.000000

Iteration 30:
fx = 50669.972656, xnorm = 29.475662, gnorm = 1744.704346, step = 1.000000

Iteration 31:
fx = 50492.093750, xnorm = 29.158318, gnorm = 3266.295654, step = 1.000000

Iteration 32:
fx = 50115.957031, xnorm = 29.090303, gnorm = 1587.809204, step = 1.000000

Iteration 33:
fx = 49905.464844, xnorm = 28.986444, gnorm = 1331.614136, step = 1.000000

Iteration 34:
fx = 49732.566406, xnorm = 28.846214, gnorm = 1570.679443, step = 1.000000

Iteration 35:
fx = 49438.550781, xnorm = 28.532770, gnorm = 2357.305908, step = 1.000000

Iteration 36:
fx = 49187.085938, xnorm = 28.248661, gnorm = 2603.977051, step = 1.000000

Iteration 37:
fx = 48930.730469, xnorm = 28.215736, gnorm = 1253.989990, step = 1.000000

Iteration 38:
fx = 48763.179688, xnorm = 28.142424, gnorm = 1146.946777, step = 1.000000

Iteration 39:
fx = 48594.480469, xnorm = 27.982508, gnorm = 1293.982056, step = 1.000000

Iteration 40:
fx = 48448.156250, xnorm = 27.716036, gnorm = 1911.507568, step = 1.000000

Iteration 41:
fx = 48280.273438, xnorm = 27.625395, gnorm = 986.069458, step = 1.000000

Iteration 42:
fx = 48187.589844, xnorm = 27.550470, gnorm = 888.317383, step = 1.000000

Iteration 43:
fx = 48088.464844, xnorm = 27.429195, gnorm = 924.590332, step = 1.000000

Iteration 44:
fx = 48015.687500, xnorm = 27.321583, gnorm = 1219.298340, step = 0.395546

Iteration 45:
fx = 47890.128906, xnorm = 27.136011, gnorm = 790.109070, step = 1.000000

Iteration 46:
fx = 47826.898438, xnorm = 27.020243, gnorm = 1203.957275, step = 1.000000

Iteration 47:
fx = 47717.082031, xnorm = 26.899273, gnorm = 726.812988, step = 1.000000

Iteration 48:
fx = 47652.863281, xnorm = 26.842070, gnorm = 709.034363, step = 1.000000

Iteration 49:
fx = 47594.613281, xnorm = 26.738628, gnorm = 979.864807, step = 1.000000

Iteration 50:
fx = 47549.324219, xnorm = 26.692572, gnorm = 534.881531, step = 1.000000

Iteration 51:
fx = 47518.898438, xnorm = 26.642904, gnorm = 480.472809, step = 1.000000

Iteration 52:
fx = 47497.441406, xnorm = 26.572548, gnorm = 612.982483, step = 1.000000

Iteration 53:
fx = 47465.265625, xnorm = 26.481600, gnorm = 472.064606, step = 1.000000

Iteration 54:
fx = 47439.425781, xnorm = 26.409883, gnorm = 505.374268, step = 1.000000

Iteration 55:
fx = 47409.062500, xnorm = 26.325796, gnorm = 490.942871, step = 1.000000

Iteration 56:
fx = 47388.804688, xnorm = 26.280060, gnorm = 392.451874, step = 1.000000

Iteration 57:
fx = 47359.007812, xnorm = 26.211710, gnorm = 415.303772, step = 1.000000

Iteration 58:
fx = 47351.097656, xnorm = 26.137354, gnorm = 710.398254, step = 1.000000

Iteration 59:
fx = 47331.261719, xnorm = 26.120045, gnorm = 333.582886, step = 1.000000

Iteration 60:
fx = 47322.660156, xnorm = 26.102238, gnorm = 256.383881, step = 1.000000

Iteration 61:
fx = 47314.148438, xnorm = 26.068727, gnorm = 275.416840, step = 1.000000

Iteration 62:
fx = 47313.066406, xnorm = 25.997652, gnorm = 611.272888, step = 1.000000

Iteration 63:
fx = 47296.281250, xnorm = 25.972414, gnorm = 259.543732, step = 1.000000

Iteration 64:
fx = 47290.886719, xnorm = 25.966543, gnorm = 230.169815, step = 1.000000

Iteration 65:
fx = 47281.296875, xnorm = 25.935741, gnorm = 248.067734, step = 1.000000

Iteration 66:
fx = 47276.972656, xnorm = 25.913788, gnorm = 320.457947, step = 0.391576

Iteration 67:
fx = 47269.277344, xnorm = 25.869743, gnorm = 234.363983, step = 1.000000

Iteration 68:
fx = 47265.925781, xnorm = 25.838148, gnorm = 253.270035, step = 1.000000

Iteration 69:
fx = 47262.296875, xnorm = 25.811041, gnorm = 270.267212, step = 1.000000

Iteration 70:
fx = 47259.640625, xnorm = 25.819883, gnorm = 132.691101, step = 1.000000

Iteration 71:
fx = 47258.296875, xnorm = 25.826784, gnorm = 125.238831, step = 1.000000

Iteration 72:
fx = 47256.707031, xnorm = 25.826942, gnorm = 154.643097, step = 1.000000

Iteration 73:
fx = 47256.550781, xnorm = 25.814150, gnorm = 376.305145, step = 1.000000

Iteration 74:
fx = 47253.140625, xnorm = 25.808853, gnorm = 109.757370, step = 1.000000

Iteration 75:
fx = 47252.164062, xnorm = 25.803179, gnorm = 73.923256, step = 1.000000

Iteration 76:
fx = 47251.335938, xnorm = 25.794094, gnorm = 81.232063, step = 1.000000

Iteration 77:
fx = 47249.875000, xnorm = 25.781528, gnorm = 143.866165, step = 1.000000

Iteration 78:
fx = 47249.031250, xnorm = 25.766060, gnorm = 89.522537, step = 1.000000

Iteration 79:
fx = 47247.976562, xnorm = 25.759394, gnorm = 79.922920, step = 1.000000

Iteration 80:
fx = 47246.816406, xnorm = 25.753035, gnorm = 108.993874, step = 1.000000

Iteration 81:
fx = 47246.343750, xnorm = 25.750317, gnorm = 100.141350, step = 1.000000

Iteration 82:
fx = 47245.355469, xnorm = 25.752058, gnorm = 65.589073, step = 1.000000

Iteration 83:
fx = 47244.226562, xnorm = 25.750563, gnorm = 53.245972, step = 1.000000

Iteration 84:
fx = 47243.660156, xnorm = 25.747570, gnorm = 74.548470, step = 1.000000

Iteration 85:
fx = 47242.953125, xnorm = 25.742592, gnorm = 55.629028, step = 1.000000

Iteration 86:
fx = 47242.667969, xnorm = 25.736765, gnorm = 49.963997, step = 1.000000

Iteration 87:
fx = 47242.355469, xnorm = 25.730631, gnorm = 117.441284, step = 1.000000

Iteration 88:
fx = 47242.050781, xnorm = 25.731165, gnorm = 39.284767, step = 1.000000

Iteration 89:
fx = 47242.019531, xnorm = 25.731783, gnorm = 32.658596, step = 1.000000

Iteration 90:
fx = 47241.910156, xnorm = 25.731543, gnorm = 39.484219, step = 1.000000

Iteration 91:
fx = 47241.773438, xnorm = 25.728041, gnorm = 81.182312, step = 1.000000

Iteration 92:
fx = 47241.597656, xnorm = 25.725285, gnorm = 38.177086, step = 1.000000

Iteration 93:
fx = 47241.500000, xnorm = 25.724258, gnorm = 22.208191, step = 1.000000

Iteration 94:
fx = 47241.285156, xnorm = 25.722517, gnorm = 22.965755, step = 1.000000

Iteration 95:
fx = 47241.253906, xnorm = 25.719831, gnorm = 30.227667, step = 1.000000

Iteration 96:
fx = 47240.796875, xnorm = 25.713839, gnorm = 54.216251, step = 1.000000

L-BFGS optimization terminated with status code = -1001
fx = 47240.800781
[0;32mINFO[0;0m 2021-10-28 10:28:05,439 plmdca get_fields_and_couplings_from_backend 
	Data size expected from plmDCA backend: 73535
[0;32mINFO[0;0m 2021-10-28 10:28:05,440 plmdca get_fields_and_couplings_from_backend 
	Data size obtained from plmDCA backend to Python: 73535
[0;32mINFO[0;0m 2021-10-28 10:28:05,487 plmdca compute_sorted_FN 
	Computing non-APC sorted DCA score
[0;32mINFO[0;0m 2021-10-28 10:28:05,614 plmdca compute_sorted_FN_APC 
	Performing average product correction (APC) of FN  of DCA scores
[0;32mINFO[0;0m 2021-10-28 10:28:05,639 dca_utilities write_sorted_dca_scores 
	Writing DCA scores to file PLMDCA_output_1c0a_B/PLMDCA_apc_fn_scores_1c0a_B.txt
