[0;32mINFO[0;0m 2021-08-03 01:05:42,815 plmdca __init__ Created plmDCA instance with:
            biomolecule: RNA
            MSA sequence length: 36
            total number of (unweighted) sequences: 1
            sequence identity: 0.8
            lambda_h: 7.0
            lambda_J: 7.0
            gradient decent iterations: 500
            number of threads: 40
        
[0;32mINFO[0;0m 2021-08-03 01:05:42,816 plmdca get_fields_and_couplings_from_backend 
	Computing fields and couplings using gradient decent
Iteration 1:
fx = 86.315788, xnorm = 2.978600, gnorm = 41.534637, step = 0.016839

Iteration 2:
fx = 28.356440, xnorm = 1.269116, gnorm = 2.975980, step = 1.000000

Iteration 3:
fx = 28.206671, xnorm = 1.386653, gnorm = 1.385599, step = 1.000000

Iteration 4:
fx = 28.175955, xnorm = 1.344243, gnorm = 0.019325, step = 1.000000

Iteration 5:
fx = 28.175882, xnorm = 1.343690, gnorm = 0.000204, step = 1.000000

L-BFGS optimization terminated with status code = 0
fx = 28.175882
[0;32mINFO[0;0m 2021-08-03 01:05:42,881 plmdca get_fields_and_couplings_from_backend 
	Data size expected from plmDCA backend: 15930
[0;32mINFO[0;0m 2021-08-03 01:05:42,881 plmdca get_fields_and_couplings_from_backend 
	Data size obtained from plmDCA backend to Python: 15930
[0;32mINFO[0;0m 2021-08-03 01:05:42,897 plmdca compute_sorted_FN 
	Computing non-APC sorted DCA score
[0;32mINFO[0;0m 2021-08-03 01:05:42,958 plmdca compute_sorted_FN_APC 
	Performing average product correction (APC) of FN  of DCA scores
[0;32mINFO[0;0m 2021-08-03 01:05:42,962 dca_utilities write_sorted_dca_scores 
	Writing DCA scores to file PLMDCA_output_6c64_A/PLMDCA_apc_fn_scores_6c64_A.txt
