[0;32mINFO[0;0m 2021-06-10 15:00:58,250 plmdca __init__ Created plmDCA instance with:
            biomolecule: RNA
            MSA sequence length: 40
            total number of (unweighted) sequences: 19
            sequence identity: 0.8
            lambda_h: 7.800000000000001
            lambda_J: 7.800000000000001
            gradient decent iterations: 500
            number of threads: 40
        
[0;32mINFO[0;0m 2021-06-10 15:00:58,250 plmdca get_fields_and_couplings_from_backend 
	Computing fields and couplings using gradient decent
Iteration 1:
fx = 431.184387, xnorm = 6.521622, gnorm = 105.151268, step = 0.008051

Iteration 2:
fx = 194.688171, xnorm = 2.608043, gnorm = 90.017761, step = 1.000000

Iteration 3:
fx = 122.283112, xnorm = 2.810001, gnorm = 46.173939, step = 1.000000

Iteration 4:
fx = 95.816109, xnorm = 2.268915, gnorm = 10.882110, step = 1.000000

Iteration 5:
fx = 95.452843, xnorm = 2.115906, gnorm = 4.229409, step = 1.000000

Iteration 6:
fx = 94.982361, xnorm = 2.119133, gnorm = 1.175279, step = 1.000000

Iteration 7:
fx = 94.932571, xnorm = 2.110894, gnorm = 0.381193, step = 1.000000

L-BFGS optimization terminated with status code = -1001
fx = 94.932571
[0;32mINFO[0;0m 2021-06-10 15:00:58,330 plmdca get_fields_and_couplings_from_backend 
	Data size expected from plmDCA backend: 19700
[0;32mINFO[0;0m 2021-06-10 15:00:58,330 plmdca get_fields_and_couplings_from_backend 
	Data size obtained from plmDCA backend to Python: 19700
[0;32mINFO[0;0m 2021-06-10 15:00:58,344 plmdca compute_sorted_FN 
	Computing non-APC sorted DCA score
[0;32mINFO[0;0m 2021-06-10 15:00:58,388 plmdca compute_sorted_FN_APC 
	Performing average product correction (APC) of FN  of DCA scores
[0;32mINFO[0;0m 2021-06-10 15:00:58,393 dca_utilities write_sorted_dca_scores 
	Writing DCA scores to file PLMDCA_output_PKB130/PLMDCA_apc_fn_scores_PKB130.txt
