[0;32mINFO[0;0m 2021-08-03 00:57:59,441 fasta_reader get_alignment_int_form 
	Found 2694 non-standard residues in 182 sequences
[0;32mINFO[0;0m 2021-08-03 00:57:59,441 fasta_reader get_alignment_int_form 
	Total number of sequences read from file: 183
[0;32mINFO[0;0m 2021-08-03 00:57:59,441 meanfield_dca compute_sequences_weight 
	Computing sequences weights
[0;32mINFO[0;0m 2021-08-03 00:58:00,841 meanfield_dca __init__ 
	Created a MeanFieldDCA object with the following attributes
        	biomolecule: RNA
        	total states at sites: 5
        	pseudocount: 0.5
        	sequence identity: 0.8
        	alignment length: 87
        	total number of unique sequences (excluding redundant sequences with 100 percent similarity): 178
        	effective number of sequences (with sequence identity 0.8): 3.2812855152507856
        
[0;32mINFO[0;0m 2021-08-03 00:58:00,842 meanfield_dca get_single_site_freqs 
	Computing single site frequencies
[0;32mINFO[0;0m 2021-08-03 00:58:01,555 meanfield_dca get_reg_single_site_freqs 
	Regularizing single site frequencies
[0;32mINFO[0;0m 2021-08-03 00:58:01,771 meanfield_dca get_pair_site_freqs 
	Computing pair site frequencies
[0;32mINFO[0;0m 2021-08-03 00:58:08,103 meanfield_dca get_reg_pair_site_freqs 
	Regularizing pair site frequencies
[0;32mINFO[0;0m 2021-08-03 00:58:08,478 meanfield_dca construct_corr_mat 
	Constructing the correlation matrix
[0;32mINFO[0;0m 2021-08-03 00:58:09,043 meanfield_dca compute_couplings 
	Computing couplings
[0;32mINFO[0;0m 2021-08-03 00:58:11,094 meanfield_dca compute_couplings 
	Maximum and minimum couplings: 4.34095486512949, -20.00000000000003
[0;32mINFO[0;0m 2021-08-03 00:58:11,095 meanfield_dca compute_sorted_FN 
	Computing Frobenius norm of couplings
[0;32mINFO[0;0m 2021-08-03 00:58:11,452 meanfield_dca compute_sorted_FN_APC 
	Performing average product correction (APC) to Frobenius norm of couplings.
[0;32mINFO[0;0m 2021-08-03 00:58:11,498 dca_utilities write_sorted_dca_scores 
	Writing DCA scores to file MFDCA_output_3k0j_E/MFDCA_apc_fn_scores_3k0j_E.txt
[0;32mINFO[0;0m 2021-08-03 00:58:11,518 mfdca_main run_meanfield_dca 
	DONE
