[0;32mINFO[0;0m 2021-05-22 19:37:40,390 plmdca __init__ Created plmDCA instance with:
            biomolecule: RNA
            MSA sequence length: 77
            total number of (unweighted) sequences: 25000
            sequence identity: 0.8
            lambda_h: 15.200000000000001
            lambda_J: 15.200000000000001
            gradient decent iterations: 500
            number of threads: 40
        
[0;32mINFO[0;0m 2021-05-22 19:37:40,390 plmdca get_fields_and_couplings_from_backend 
	Computing fields and couplings using gradient decent
Iteration 1:
fx = 166916.234375, xnorm = 27.642309, gnorm = 10231.545898, step = 0.000029

Iteration 2:
fx = 163417.062500, xnorm = 27.587793, gnorm = 12444.016602, step = 1.000000

Iteration 3:
fx = 154597.062500, xnorm = 27.484507, gnorm = 19630.744141, step = 1.000000

Iteration 4:
fx = 139196.062500, xnorm = 27.638805, gnorm = 21623.261719, step = 1.000000

Iteration 5:
fx = 126322.343750, xnorm = 29.637768, gnorm = 22933.916016, step = 1.000000

Iteration 6:
fx = 113406.031250, xnorm = 30.396479, gnorm = 9264.472656, step = 1.000000

Iteration 7:
fx = 110442.531250, xnorm = 30.567545, gnorm = 5322.909668, step = 1.000000

Iteration 8:
fx = 108074.484375, xnorm = 30.879885, gnorm = 4785.404785, step = 1.000000

Iteration 9:
fx = 105459.437500, xnorm = 31.420084, gnorm = 5826.605957, step = 1.000000

Iteration 10:
fx = 102332.875000, xnorm = 32.721077, gnorm = 9010.840820, step = 1.000000

Iteration 11:
fx = 98728.406250, xnorm = 33.751934, gnorm = 6078.650879, step = 1.000000

Iteration 12:
fx = 96477.015625, xnorm = 34.371574, gnorm = 4004.732178, step = 1.000000

Iteration 13:
fx = 95053.601562, xnorm = 34.713192, gnorm = 4161.339355, step = 1.000000

Iteration 14:
fx = 94084.101562, xnorm = 34.539440, gnorm = 4162.024902, step = 1.000000

Iteration 15:
fx = 93252.578125, xnorm = 34.167950, gnorm = 3486.940674, step = 1.000000

Iteration 16:
fx = 91980.953125, xnorm = 33.431202, gnorm = 3759.148926, step = 1.000000

Iteration 17:
fx = 90845.250000, xnorm = 32.675331, gnorm = 5984.826172, step = 1.000000

Iteration 18:
fx = 89450.625000, xnorm = 32.535259, gnorm = 3556.848389, step = 1.000000

Iteration 19:
fx = 88455.765625, xnorm = 32.490688, gnorm = 3329.269043, step = 1.000000

Iteration 20:
fx = 87911.101562, xnorm = 32.468323, gnorm = 2993.425293, step = 1.000000

Iteration 21:
fx = 87427.148438, xnorm = 32.439102, gnorm = 3621.504150, step = 1.000000

Iteration 22:
fx = 86867.070312, xnorm = 32.379108, gnorm = 2737.458252, step = 1.000000

Iteration 23:
fx = 86284.945312, xnorm = 32.257729, gnorm = 3203.972412, step = 1.000000

Iteration 24:
fx = 85539.539062, xnorm = 32.078911, gnorm = 3263.854248, step = 1.000000

Iteration 25:
fx = 85145.968750, xnorm = 31.996420, gnorm = 3841.414307, step = 0.257849

Iteration 26:
fx = 84300.632812, xnorm = 31.828939, gnorm = 2888.426025, step = 1.000000

Iteration 27:
fx = 83682.867188, xnorm = 31.731661, gnorm = 2865.854736, step = 1.000000

Iteration 28:
fx = 83299.640625, xnorm = 31.660580, gnorm = 4161.273926, step = 1.000000

Iteration 29:
fx = 82846.125000, xnorm = 31.630602, gnorm = 2302.074463, step = 1.000000

Iteration 30:
fx = 82477.148438, xnorm = 31.564083, gnorm = 2396.880371, step = 1.000000

Iteration 31:
fx = 82179.445312, xnorm = 31.501179, gnorm = 2581.943848, step = 1.000000

Iteration 32:
fx = 81924.718750, xnorm = 31.439943, gnorm = 3614.471436, step = 0.333911

Iteration 33:
fx = 81349.320312, xnorm = 31.359039, gnorm = 2198.814941, step = 1.000000

Iteration 34:
fx = 80961.960938, xnorm = 31.331720, gnorm = 1883.508179, step = 1.000000

Iteration 35:
fx = 80772.515625, xnorm = 31.314499, gnorm = 3990.927490, step = 1.000000

Iteration 36:
fx = 80308.921875, xnorm = 31.288252, gnorm = 1652.509033, step = 1.000000

Iteration 37:
fx = 80144.710938, xnorm = 31.260687, gnorm = 1594.383301, step = 1.000000

Iteration 38:
fx = 79884.492188, xnorm = 31.221928, gnorm = 1910.422729, step = 1.000000

Iteration 39:
fx = 79812.156250, xnorm = 31.171497, gnorm = 3907.124023, step = 1.000000

Iteration 40:
fx = 79485.546875, xnorm = 31.188889, gnorm = 1476.020264, step = 1.000000

Iteration 41:
fx = 79380.351562, xnorm = 31.188749, gnorm = 1267.413574, step = 1.000000

Iteration 42:
fx = 79169.312500, xnorm = 31.185398, gnorm = 1861.315186, step = 1.000000

Iteration 43:
fx = 78962.453125, xnorm = 31.188400, gnorm = 2218.419678, step = 1.000000

Iteration 44:
fx = 78831.429688, xnorm = 31.194666, gnorm = 2355.201172, step = 1.000000

Iteration 45:
fx = 78650.703125, xnorm = 31.156065, gnorm = 1069.342529, step = 1.000000

Iteration 46:
fx = 78549.625000, xnorm = 31.105606, gnorm = 1236.707031, step = 1.000000

Iteration 47:
fx = 78400.851562, xnorm = 31.028027, gnorm = 1299.896362, step = 1.000000

Iteration 48:
fx = 78293.765625, xnorm = 30.907021, gnorm = 2205.969238, step = 1.000000

Iteration 49:
fx = 78163.281250, xnorm = 30.866812, gnorm = 1180.961792, step = 1.000000

Iteration 50:
fx = 78095.875000, xnorm = 30.848810, gnorm = 1028.403564, step = 1.000000

Iteration 51:
fx = 78010.132812, xnorm = 30.799618, gnorm = 1224.758179, step = 1.000000

Iteration 52:
fx = 77928.054688, xnorm = 30.687124, gnorm = 1991.078491, step = 1.000000

Iteration 53:
fx = 77829.250000, xnorm = 30.636030, gnorm = 1013.268066, step = 1.000000

Iteration 54:
fx = 77792.039062, xnorm = 30.612518, gnorm = 767.957947, step = 1.000000

Iteration 55:
fx = 77747.468750, xnorm = 30.560402, gnorm = 862.826660, step = 1.000000

Iteration 56:
fx = 77668.617188, xnorm = 30.449663, gnorm = 1013.655334, step = 1.000000

Iteration 57:
fx = 77650.015625, xnorm = 30.309118, gnorm = 1792.409668, step = 1.000000

Iteration 58:
fx = 77567.085938, xnorm = 30.309280, gnorm = 674.106934, step = 1.000000

Iteration 59:
fx = 77529.789062, xnorm = 30.287012, gnorm = 635.010803, step = 1.000000

Iteration 60:
fx = 77490.640625, xnorm = 30.229769, gnorm = 818.160828, step = 1.000000

Iteration 61:
fx = 77443.273438, xnorm = 30.105808, gnorm = 1417.864990, step = 1.000000

Iteration 62:
fx = 77388.023438, xnorm = 29.997528, gnorm = 875.241638, step = 1.000000

Iteration 63:
fx = 77360.906250, xnorm = 29.975471, gnorm = 565.218018, step = 1.000000

Iteration 64:
fx = 77334.218750, xnorm = 29.919432, gnorm = 600.363403, step = 1.000000

Iteration 65:
fx = 77318.523438, xnorm = 29.848068, gnorm = 690.700623, step = 1.000000

Iteration 66:
fx = 77299.351562, xnorm = 29.809734, gnorm = 469.233276, step = 1.000000

Iteration 67:
fx = 77275.234375, xnorm = 29.725485, gnorm = 502.916809, step = 1.000000

Iteration 68:
fx = 77268.640625, xnorm = 29.640467, gnorm = 1103.725830, step = 1.000000

Iteration 69:
fx = 77247.140625, xnorm = 29.635059, gnorm = 599.675476, step = 1.000000

Iteration 70:
fx = 77225.039062, xnorm = 29.591492, gnorm = 408.965240, step = 1.000000

Iteration 71:
fx = 77211.546875, xnorm = 29.535442, gnorm = 459.304321, step = 1.000000

Iteration 72:
fx = 77190.625000, xnorm = 29.416914, gnorm = 742.879395, step = 1.000000

Iteration 73:
fx = 77181.695312, xnorm = 29.300184, gnorm = 902.620239, step = 1.000000

Iteration 74:
fx = 77167.070312, xnorm = 29.334158, gnorm = 319.353912, step = 1.000000

Iteration 75:
fx = 77162.460938, xnorm = 29.331892, gnorm = 250.847168, step = 1.000000

Iteration 76:
fx = 77153.218750, xnorm = 29.305250, gnorm = 354.299133, step = 1.000000

Iteration 77:
fx = 77140.085938, xnorm = 29.241045, gnorm = 426.558289, step = 1.000000

Iteration 78:
fx = 77132.757812, xnorm = 29.200741, gnorm = 497.697632, step = 0.381535

Iteration 79:
fx = 77117.593750, xnorm = 29.119402, gnorm = 279.858459, step = 1.000000

Iteration 80:
fx = 77109.343750, xnorm = 29.073063, gnorm = 223.383484, step = 1.000000

Iteration 81:
fx = 77099.953125, xnorm = 29.016993, gnorm = 540.663147, step = 1.000000

Iteration 82:
fx = 77095.781250, xnorm = 29.022507, gnorm = 212.147705, step = 1.000000

Iteration 83:
fx = 77094.867188, xnorm = 29.030407, gnorm = 190.250626, step = 1.000000

Iteration 84:
fx = 77092.671875, xnorm = 29.031355, gnorm = 217.477859, step = 1.000000

Iteration 85:
fx = 77091.132812, xnorm = 29.017456, gnorm = 280.480072, step = 0.319709

Iteration 86:
fx = 77086.570312, xnorm = 28.983038, gnorm = 221.208023, step = 1.000000

Iteration 87:
fx = 77084.320312, xnorm = 28.937183, gnorm = 442.755280, step = 1.000000

Iteration 88:
fx = 77078.328125, xnorm = 28.903677, gnorm = 181.779449, step = 1.000000

Iteration 89:
fx = 77076.750000, xnorm = 28.882368, gnorm = 140.760315, step = 1.000000

Iteration 90:
fx = 77075.398438, xnorm = 28.856424, gnorm = 131.334717, step = 1.000000

Iteration 91:
fx = 77074.968750, xnorm = 28.848114, gnorm = 134.930267, step = 0.165190

Iteration 92:
fx = 77074.164062, xnorm = 28.810236, gnorm = 145.909744, step = 1.000000

Iteration 93:
fx = 77073.046875, xnorm = 28.783421, gnorm = 254.107193, step = 1.000000

Iteration 94:
fx = 77071.828125, xnorm = 28.769457, gnorm = 112.790749, step = 1.000000

Iteration 95:
fx = 77070.820312, xnorm = 28.773785, gnorm = 98.577126, step = 1.000000

Iteration 96:
fx = 77070.023438, xnorm = 28.771164, gnorm = 200.472534, step = 1.000000

Iteration 97:
fx = 77069.250000, xnorm = 28.764589, gnorm = 83.856209, step = 1.000000

Iteration 98:
fx = 77068.710938, xnorm = 28.752665, gnorm = 87.838127, step = 1.000000

Iteration 99:
fx = 77068.351562, xnorm = 28.730206, gnorm = 107.584488, step = 1.000000

Iteration 100:
fx = 77067.367188, xnorm = 28.718584, gnorm = 122.305077, step = 0.398956

Iteration 101:
fx = 77066.781250, xnorm = 28.710236, gnorm = 77.713356, step = 1.000000

Iteration 102:
fx = 77066.195312, xnorm = 28.700367, gnorm = 81.067986, step = 1.000000

Iteration 103:
fx = 77065.914062, xnorm = 28.688141, gnorm = 157.221588, step = 1.000000

Iteration 104:
fx = 77064.976562, xnorm = 28.686834, gnorm = 79.203217, step = 1.000000

Iteration 105:
fx = 77064.343750, xnorm = 28.686443, gnorm = 66.876747, step = 1.000000

Iteration 106:
fx = 77063.710938, xnorm = 28.683756, gnorm = 77.913322, step = 1.000000

Iteration 107:
fx = 77063.601562, xnorm = 28.673637, gnorm = 190.171677, step = 1.000000

Iteration 108:
fx = 77062.601562, xnorm = 28.671524, gnorm = 60.064472, step = 1.000000

Iteration 109:
fx = 77062.359375, xnorm = 28.668898, gnorm = 52.154728, step = 1.000000

Iteration 110:
fx = 77061.937500, xnorm = 28.663105, gnorm = 60.476677, step = 1.000000

L-BFGS optimization terminated with status code = -1001
fx = 77061.914062
[0;32mINFO[0;0m 2021-05-22 19:37:55,186 plmdca get_fields_and_couplings_from_backend 
	Data size expected from plmDCA backend: 73535
[0;32mINFO[0;0m 2021-05-22 19:37:55,186 plmdca get_fields_and_couplings_from_backend 
	Data size obtained from plmDCA backend to Python: 73535
[0;32mINFO[0;0m 2021-05-22 19:37:55,232 plmdca compute_sorted_FN 
	Computing non-APC sorted DCA score
[0;32mINFO[0;0m 2021-05-22 19:37:55,358 plmdca compute_sorted_FN_APC 
	Performing average product correction (APC) of FN  of DCA scores
[0;32mINFO[0;0m 2021-05-22 19:37:55,382 dca_utilities write_sorted_dca_scores 
	Writing DCA scores to file PLMDCA_output_3cw5_A/PLMDCA_apc_fn_scores_3cw5_A.txt
