[0;32mINFO[0;0m 2021-05-22 19:36:59,855 plmdca __init__ Created plmDCA instance with:
            biomolecule: RNA
            MSA sequence length: 90
            total number of (unweighted) sequences: 2360
            sequence identity: 0.8
            lambda_h: 17.8
            lambda_J: 17.8
            gradient decent iterations: 500
            number of threads: 40
        
[0;32mINFO[0;0m 2021-05-22 19:36:59,855 plmdca get_fields_and_couplings_from_backend 
	Computing fields and couplings using gradient decent
Iteration 1:
fx = 41205.234375, xnorm = 34.020985, gnorm = 3537.062744, step = 0.000352

Iteration 2:
fx = 39476.179688, xnorm = 33.556046, gnorm = 3114.349121, step = 1.000000

Iteration 3:
fx = 32980.191406, xnorm = 30.776575, gnorm = 3003.733398, step = 1.000000

Iteration 4:
fx = 28615.142578, xnorm = 27.759764, gnorm = 2752.685791, step = 1.000000

Iteration 5:
fx = 26266.287109, xnorm = 26.614775, gnorm = 2182.498535, step = 1.000000

Iteration 6:
fx = 24478.806641, xnorm = 25.852070, gnorm = 1814.587646, step = 1.000000

Iteration 7:
fx = 21088.660156, xnorm = 24.261879, gnorm = 2323.845215, step = 1.000000

Iteration 8:
fx = 19070.708984, xnorm = 23.136059, gnorm = 2121.164795, step = 1.000000

Iteration 9:
fx = 17513.412109, xnorm = 21.997972, gnorm = 1512.307373, step = 1.000000

Iteration 10:
fx = 15936.787109, xnorm = 19.852375, gnorm = 1366.302246, step = 1.000000

Iteration 11:
fx = 15297.630859, xnorm = 18.769407, gnorm = 1348.769165, step = 1.000000

Iteration 12:
fx = 14800.639648, xnorm = 18.736786, gnorm = 986.207336, step = 1.000000

Iteration 13:
fx = 14282.278320, xnorm = 18.342873, gnorm = 1034.935669, step = 1.000000

Iteration 14:
fx = 13634.050781, xnorm = 17.777765, gnorm = 922.747314, step = 1.000000

Iteration 15:
fx = 13424.055664, xnorm = 17.110092, gnorm = 1375.189331, step = 1.000000

Iteration 16:
fx = 13030.933594, xnorm = 16.816214, gnorm = 591.125916, step = 1.000000

Iteration 17:
fx = 12931.046875, xnorm = 16.607571, gnorm = 476.123108, step = 1.000000

Iteration 18:
fx = 12751.703125, xnorm = 15.829170, gnorm = 604.071777, step = 1.000000

Iteration 19:
fx = 12626.110352, xnorm = 15.096234, gnorm = 597.705872, step = 1.000000

Iteration 20:
fx = 12522.229492, xnorm = 14.774258, gnorm = 311.651428, step = 1.000000

Iteration 21:
fx = 12482.298828, xnorm = 14.523671, gnorm = 253.640305, step = 1.000000

Iteration 22:
fx = 12458.359375, xnorm = 14.372375, gnorm = 208.047577, step = 1.000000

Iteration 23:
fx = 12438.180664, xnorm = 14.277296, gnorm = 162.593567, step = 1.000000

Iteration 24:
fx = 12415.746094, xnorm = 14.119441, gnorm = 202.304199, step = 1.000000

Iteration 25:
fx = 12405.200195, xnorm = 14.011411, gnorm = 205.182068, step = 1.000000

Iteration 26:
fx = 12397.522461, xnorm = 14.035621, gnorm = 98.769447, step = 1.000000

Iteration 27:
fx = 12393.331055, xnorm = 14.033704, gnorm = 74.322884, step = 1.000000

Iteration 28:
fx = 12389.438477, xnorm = 14.003284, gnorm = 89.473732, step = 1.000000

Iteration 29:
fx = 12389.007812, xnorm = 13.965479, gnorm = 126.527908, step = 1.000000

Iteration 30:
fx = 12385.657227, xnorm = 13.957918, gnorm = 51.514515, step = 1.000000

Iteration 31:
fx = 12384.562500, xnorm = 13.952883, gnorm = 46.807938, step = 1.000000

Iteration 32:
fx = 12383.674805, xnorm = 13.943849, gnorm = 45.015739, step = 1.000000

Iteration 33:
fx = 12383.423828, xnorm = 13.941354, gnorm = 46.081985, step = 0.234194

Iteration 34:
fx = 12382.833984, xnorm = 13.933486, gnorm = 32.451523, step = 1.000000

Iteration 35:
fx = 12382.442383, xnorm = 13.932872, gnorm = 40.130955, step = 1.000000

Iteration 36:
fx = 12382.129883, xnorm = 13.935364, gnorm = 37.348396, step = 1.000000

Iteration 37:
fx = 12381.596680, xnorm = 13.937535, gnorm = 18.664146, step = 1.000000

Iteration 38:
fx = 12381.167969, xnorm = 13.940622, gnorm = 16.896685, step = 1.000000

Iteration 39:
fx = 12380.674805, xnorm = 13.945521, gnorm = 19.096468, step = 1.000000

Iteration 40:
fx = 12380.505859, xnorm = 13.949668, gnorm = 28.742788, step = 0.498952

Iteration 41:
fx = 12380.304688, xnorm = 13.952837, gnorm = 11.333435, step = 1.000000

L-BFGS optimization terminated with status code = -1001
fx = 12380.305664
[0;32mINFO[0;0m 2021-05-22 19:37:01,048 plmdca get_fields_and_couplings_from_backend 
	Data size expected from plmDCA backend: 100575
[0;32mINFO[0;0m 2021-05-22 19:37:01,049 plmdca get_fields_and_couplings_from_backend 
	Data size obtained from plmDCA backend to Python: 100575
[0;32mINFO[0;0m 2021-05-22 19:37:01,113 plmdca compute_sorted_FN 
	Computing non-APC sorted DCA score
[0;32mINFO[0;0m 2021-05-22 19:37:01,340 plmdca compute_sorted_FN_APC 
	Performing average product correction (APC) of FN  of DCA scores
[0;32mINFO[0;0m 2021-05-22 19:37:01,377 dca_utilities write_sorted_dca_scores 
	Writing DCA scores to file PLMDCA_output_3a3a_A/PLMDCA_apc_fn_scores_3a3a_A.txt
