[0;32mINFO[0;0m 2021-06-10 14:47:00,138 fasta_reader get_alignment_int_form 
	Total number of sequences read from file: 43
[0;32mINFO[0;0m 2021-06-10 14:47:00,138 meanfield_dca compute_sequences_weight 
	Computing sequences weights
[0;32mINFO[0;0m 2021-06-10 14:47:01,136 meanfield_dca __init__ 
	Created a MeanFieldDCA object with the following attributes
        	biomolecule: RNA
        	total states at sites: 5
        	pseudocount: 0.5
        	sequence identity: 0.8
        	alignment length: 29
        	total number of unique sequences (excluding redundant sequences with 100 percent similarity): 42
        	effective number of sequences (with sequence identity 0.8): 3.9535199408957653
        
[0;32mINFO[0;0m 2021-06-10 14:47:01,137 meanfield_dca get_single_site_freqs 
	Computing single site frequencies
[0;32mINFO[0;0m 2021-06-10 14:47:01,561 meanfield_dca get_reg_single_site_freqs 
	Regularizing single site frequencies
[0;32mINFO[0;0m 2021-06-10 14:47:01,708 meanfield_dca get_pair_site_freqs 
	Computing pair site frequencies
[0;32mINFO[0;0m 2021-06-10 14:47:05,435 meanfield_dca get_reg_pair_site_freqs 
	Regularizing pair site frequencies
[0;32mINFO[0;0m 2021-06-10 14:47:05,673 meanfield_dca construct_corr_mat 
	Constructing the correlation matrix
[0;32mINFO[0;0m 2021-06-10 14:47:06,053 meanfield_dca compute_couplings 
	Computing couplings
[0;32mINFO[0;0m 2021-06-10 14:47:06,653 meanfield_dca compute_couplings 
	Maximum and minimum couplings: 5.50161525093623, -20.00000000000002
[0;32mINFO[0;0m 2021-06-10 14:47:06,653 meanfield_dca compute_sorted_FN 
	Computing Frobenius norm of couplings
[0;32mINFO[0;0m 2021-06-10 14:47:06,703 meanfield_dca compute_sorted_FN_APC 
	Performing average product correction (APC) to Frobenius norm of couplings.
[0;32mINFO[0;0m 2021-06-10 14:47:06,706 dca_utilities write_sorted_dca_scores 
	Writing DCA scores to file MFDCA_output_PKB278/MFDCA_apc_fn_scores_PKB278.txt
[0;32mINFO[0;0m 2021-06-10 14:47:06,709 mfdca_main run_meanfield_dca 
	DONE
