[0;32mINFO[0;0m 2021-06-10 14:53:53,178 fasta_reader get_alignment_int_form 
	Total number of sequences read from file: 13
[0;32mINFO[0;0m 2021-06-10 14:53:53,178 meanfield_dca compute_sequences_weight 
	Computing sequences weights
[0;32mINFO[0;0m 2021-06-10 14:53:54,180 meanfield_dca __init__ 
	Created a MeanFieldDCA object with the following attributes
        	biomolecule: RNA
        	total states at sites: 5
        	pseudocount: 0.5
        	sequence identity: 0.8
        	alignment length: 38
        	total number of unique sequences (excluding redundant sequences with 100 percent similarity): 12
        	effective number of sequences (with sequence identity 0.8): 6.0
        
[0;32mINFO[0;0m 2021-06-10 14:53:54,180 meanfield_dca get_single_site_freqs 
	Computing single site frequencies
[0;32mINFO[0;0m 2021-06-10 14:53:54,539 meanfield_dca get_reg_single_site_freqs 
	Regularizing single site frequencies
[0;32mINFO[0;0m 2021-06-10 14:53:54,661 meanfield_dca get_pair_site_freqs 
	Computing pair site frequencies
[0;32mINFO[0;0m 2021-06-10 14:53:57,894 meanfield_dca get_reg_pair_site_freqs 
	Regularizing pair site frequencies
[0;32mINFO[0;0m 2021-06-10 14:53:58,217 meanfield_dca construct_corr_mat 
	Constructing the correlation matrix
[0;32mINFO[0;0m 2021-06-10 14:53:58,609 meanfield_dca compute_couplings 
	Computing couplings
[0;32mINFO[0;0m 2021-06-10 14:53:59,543 meanfield_dca compute_couplings 
	Maximum and minimum couplings: 3.860028609181689, -20.000000000000032
[0;32mINFO[0;0m 2021-06-10 14:53:59,543 meanfield_dca compute_sorted_FN 
	Computing Frobenius norm of couplings
[0;32mINFO[0;0m 2021-06-10 14:53:59,639 meanfield_dca compute_sorted_FN_APC 
	Performing average product correction (APC) to Frobenius norm of couplings.
[0;32mINFO[0;0m 2021-06-10 14:53:59,647 dca_utilities write_sorted_dca_scores 
	Writing DCA scores to file MFDCA_output_PKB370/MFDCA_apc_fn_scores_PKB370.txt
[0;32mINFO[0;0m 2021-06-10 14:53:59,653 mfdca_main run_meanfield_dca 
	DONE
