[0;32mINFO[0;0m 2021-05-22 19:45:46,648 plmdca __init__ Created plmDCA instance with:
            biomolecule: RNA
            MSA sequence length: 75
            total number of (unweighted) sequences: 25000
            sequence identity: 0.8
            lambda_h: 14.8
            lambda_J: 14.8
            gradient decent iterations: 500
            number of threads: 40
        
[0;32mINFO[0;0m 2021-05-22 19:45:46,648 plmdca get_fields_and_couplings_from_backend 
	Computing fields and couplings using gradient decent
Iteration 1:
fx = 191425.703125, xnorm = 27.471788, gnorm = 28679.390625, step = 0.000059

Iteration 2:
fx = 181457.281250, xnorm = 27.468235, gnorm = 12254.008789, step = 1.000000

Iteration 3:
fx = 176226.203125, xnorm = 27.437286, gnorm = 10207.853516, step = 1.000000

Iteration 4:
fx = 160689.656250, xnorm = 27.421799, gnorm = 15573.197266, step = 1.000000

Iteration 5:
fx = 141266.250000, xnorm = 28.040024, gnorm = 15740.988281, step = 1.000000

Iteration 6:
fx = 130848.890625, xnorm = 29.936693, gnorm = 16647.771484, step = 1.000000

Iteration 7:
fx = 122732.648438, xnorm = 31.043623, gnorm = 9961.113281, step = 1.000000

Iteration 8:
fx = 119284.648438, xnorm = 31.405857, gnorm = 7547.229492, step = 1.000000

Iteration 9:
fx = 114726.921875, xnorm = 32.103882, gnorm = 8251.642578, step = 1.000000

Iteration 10:
fx = 111998.984375, xnorm = 32.623173, gnorm = 7037.798340, step = 1.000000

Iteration 11:
fx = 110095.515625, xnorm = 32.854412, gnorm = 5919.878906, step = 1.000000

Iteration 12:
fx = 105206.351562, xnorm = 33.769234, gnorm = 5703.533691, step = 1.000000

Iteration 13:
fx = 103662.359375, xnorm = 34.114521, gnorm = 5141.910156, step = 0.434548

Iteration 14:
fx = 102443.007812, xnorm = 34.228382, gnorm = 3940.503418, step = 1.000000

Iteration 15:
fx = 101572.812500, xnorm = 34.235680, gnorm = 6418.893555, step = 1.000000

Iteration 16:
fx = 100440.984375, xnorm = 34.073864, gnorm = 3045.266113, step = 1.000000

Iteration 17:
fx = 100066.390625, xnorm = 33.910950, gnorm = 3655.407471, step = 1.000000

Iteration 18:
fx = 99212.703125, xnorm = 33.509720, gnorm = 4068.822266, step = 1.000000

Iteration 19:
fx = 98089.125000, xnorm = 32.898132, gnorm = 5580.783691, step = 1.000000

Iteration 20:
fx = 96785.804688, xnorm = 32.496635, gnorm = 4341.271484, step = 1.000000

Iteration 21:
fx = 95932.304688, xnorm = 32.528339, gnorm = 2927.061279, step = 1.000000

Iteration 22:
fx = 95253.257812, xnorm = 32.530174, gnorm = 3130.266602, step = 1.000000

Iteration 23:
fx = 95069.679688, xnorm = 32.477264, gnorm = 6083.170410, step = 1.000000

Iteration 24:
fx = 94318.710938, xnorm = 32.463749, gnorm = 2462.076660, step = 1.000000

Iteration 25:
fx = 93976.687500, xnorm = 32.425888, gnorm = 2256.446533, step = 1.000000

Iteration 26:
fx = 93531.921875, xnorm = 32.347420, gnorm = 3042.021973, step = 1.000000

Iteration 27:
fx = 93134.718750, xnorm = 32.210915, gnorm = 5694.147949, step = 1.000000

Iteration 28:
fx = 92320.937500, xnorm = 32.164898, gnorm = 3099.760742, step = 1.000000

Iteration 29:
fx = 91784.242188, xnorm = 32.144283, gnorm = 2475.505615, step = 1.000000

Iteration 30:
fx = 91352.539062, xnorm = 32.132801, gnorm = 2704.439941, step = 1.000000

Iteration 31:
fx = 91110.289062, xnorm = 32.130371, gnorm = 3206.842773, step = 0.315576

Iteration 32:
fx = 90580.820312, xnorm = 32.158070, gnorm = 2647.543213, step = 1.000000

Iteration 33:
fx = 90313.726562, xnorm = 32.208755, gnorm = 4897.237305, step = 1.000000

Iteration 34:
fx = 89693.554688, xnorm = 32.222054, gnorm = 2143.990967, step = 1.000000

Iteration 35:
fx = 89407.265625, xnorm = 32.174618, gnorm = 1879.637817, step = 1.000000

Iteration 36:
fx = 89152.070312, xnorm = 32.138428, gnorm = 2289.332275, step = 1.000000

Iteration 37:
fx = 88941.992188, xnorm = 32.102936, gnorm = 3358.348633, step = 1.000000

Iteration 38:
fx = 88617.625000, xnorm = 32.109791, gnorm = 1659.493042, step = 1.000000

Iteration 39:
fx = 88407.273438, xnorm = 32.130680, gnorm = 1836.213989, step = 1.000000

Iteration 40:
fx = 88176.445312, xnorm = 32.150661, gnorm = 2011.699829, step = 1.000000

Iteration 41:
fx = 87994.414062, xnorm = 32.172359, gnorm = 2745.928223, step = 0.391803

Iteration 42:
fx = 87641.312500, xnorm = 32.248646, gnorm = 1705.476685, step = 1.000000

Iteration 43:
fx = 87430.093750, xnorm = 32.272007, gnorm = 1669.041626, step = 1.000000

Iteration 44:
fx = 87198.492188, xnorm = 32.315666, gnorm = 2064.590088, step = 1.000000

Iteration 45:
fx = 87033.492188, xnorm = 32.263748, gnorm = 1366.802002, step = 1.000000

Iteration 46:
fx = 86891.828125, xnorm = 32.179466, gnorm = 1514.353149, step = 1.000000

Iteration 47:
fx = 86686.796875, xnorm = 32.080292, gnorm = 2166.271729, step = 1.000000

Iteration 48:
fx = 86587.820312, xnorm = 31.957991, gnorm = 2895.731445, step = 1.000000

Iteration 49:
fx = 86390.765625, xnorm = 32.012749, gnorm = 1137.266968, step = 1.000000

Iteration 50:
fx = 86327.343750, xnorm = 32.046764, gnorm = 1046.286377, step = 1.000000

Iteration 51:
fx = 86233.179688, xnorm = 32.073307, gnorm = 1446.436646, step = 1.000000

Iteration 52:
fx = 86172.390625, xnorm = 32.090366, gnorm = 2365.476318, step = 1.000000

Iteration 53:
fx = 86044.359375, xnorm = 32.048340, gnorm = 1163.055420, step = 1.000000

Iteration 54:
fx = 85947.656250, xnorm = 31.963461, gnorm = 1297.385010, step = 1.000000

Iteration 55:
fx = 85875.562500, xnorm = 31.891752, gnorm = 1249.956909, step = 1.000000

Iteration 56:
fx = 85795.312500, xnorm = 31.739677, gnorm = 1715.262451, step = 1.000000

Iteration 57:
fx = 85682.406250, xnorm = 31.623562, gnorm = 1126.851807, step = 1.000000

Iteration 58:
fx = 85625.039062, xnorm = 31.590075, gnorm = 958.045593, step = 1.000000

Iteration 59:
fx = 85521.140625, xnorm = 31.452570, gnorm = 1160.649536, step = 1.000000

Iteration 60:
fx = 85477.234375, xnorm = 31.382994, gnorm = 892.447693, step = 0.426122

Iteration 61:
fx = 85429.296875, xnorm = 31.300354, gnorm = 842.085876, step = 1.000000

Iteration 62:
fx = 85382.007812, xnorm = 31.070835, gnorm = 2042.853760, step = 1.000000

Iteration 63:
fx = 85281.085938, xnorm = 30.975197, gnorm = 716.715271, step = 1.000000

Iteration 64:
fx = 85255.867188, xnorm = 30.978430, gnorm = 597.321045, step = 1.000000

Iteration 65:
fx = 85206.406250, xnorm = 30.913795, gnorm = 803.784668, step = 1.000000

Iteration 66:
fx = 85185.250000, xnorm = 30.716785, gnorm = 1778.490112, step = 1.000000

Iteration 67:
fx = 85123.765625, xnorm = 30.716635, gnorm = 662.327942, step = 1.000000

Iteration 68:
fx = 85103.265625, xnorm = 30.670414, gnorm = 460.483734, step = 1.000000

Iteration 69:
fx = 85081.453125, xnorm = 30.582815, gnorm = 554.827881, step = 1.000000

Iteration 70:
fx = 85072.976562, xnorm = 30.443275, gnorm = 1401.263306, step = 1.000000

Iteration 71:
fx = 85033.734375, xnorm = 30.407711, gnorm = 573.041870, step = 1.000000

Iteration 72:
fx = 85014.281250, xnorm = 30.372078, gnorm = 454.724121, step = 1.000000

Iteration 73:
fx = 84998.375000, xnorm = 30.322433, gnorm = 596.633911, step = 1.000000

Iteration 74:
fx = 84991.085938, xnorm = 30.218439, gnorm = 1286.360596, step = 1.000000

Iteration 75:
fx = 84957.960938, xnorm = 30.139826, gnorm = 541.529541, step = 1.000000

Iteration 76:
fx = 84947.218750, xnorm = 30.128262, gnorm = 356.858093, step = 1.000000

Iteration 77:
fx = 84938.851562, xnorm = 30.105433, gnorm = 374.382446, step = 1.000000

Iteration 78:
fx = 84930.703125, xnorm = 30.054638, gnorm = 628.217468, step = 1.000000

Iteration 79:
fx = 84917.039062, xnorm = 29.996040, gnorm = 373.715271, step = 1.000000

Iteration 80:
fx = 84908.773438, xnorm = 29.967850, gnorm = 322.883575, step = 1.000000

Iteration 81:
fx = 84900.601562, xnorm = 29.900551, gnorm = 688.138611, step = 1.000000

Iteration 82:
fx = 84890.945312, xnorm = 29.892099, gnorm = 330.046051, step = 1.000000

Iteration 83:
fx = 84886.445312, xnorm = 29.887217, gnorm = 280.220337, step = 1.000000

Iteration 84:
fx = 84879.695312, xnorm = 29.864979, gnorm = 311.486237, step = 1.000000

Iteration 85:
fx = 84876.906250, xnorm = 29.812037, gnorm = 825.771057, step = 1.000000

Iteration 86:
fx = 84867.375000, xnorm = 29.810787, gnorm = 300.152496, step = 1.000000

Iteration 87:
fx = 84864.109375, xnorm = 29.799009, gnorm = 169.065781, step = 1.000000

Iteration 88:
fx = 84861.132812, xnorm = 29.779634, gnorm = 199.837555, step = 1.000000

Iteration 89:
fx = 84856.554688, xnorm = 29.756025, gnorm = 246.498322, step = 1.000000

Iteration 90:
fx = 84853.398438, xnorm = 29.727873, gnorm = 340.455750, step = 0.399831

Iteration 91:
fx = 84846.257812, xnorm = 29.689684, gnorm = 210.060486, step = 1.000000

Iteration 92:
fx = 84843.312500, xnorm = 29.671591, gnorm = 196.895065, step = 1.000000

Iteration 93:
fx = 84840.937500, xnorm = 29.646061, gnorm = 394.891174, step = 1.000000

Iteration 94:
fx = 84839.085938, xnorm = 29.653643, gnorm = 164.737488, step = 1.000000

Iteration 95:
fx = 84838.515625, xnorm = 29.658569, gnorm = 156.081833, step = 1.000000

Iteration 96:
fx = 84836.789062, xnorm = 29.661129, gnorm = 180.691193, step = 1.000000

Iteration 97:
fx = 84836.156250, xnorm = 29.658146, gnorm = 185.988968, step = 0.188912

Iteration 98:
fx = 84833.851562, xnorm = 29.646896, gnorm = 176.596481, step = 1.000000

Iteration 99:
fx = 84831.234375, xnorm = 29.636681, gnorm = 138.329544, step = 1.000000

Iteration 100:
fx = 84829.156250, xnorm = 29.627975, gnorm = 350.291840, step = 1.000000

Iteration 101:
fx = 84828.156250, xnorm = 29.628284, gnorm = 104.797813, step = 1.000000

Iteration 102:
fx = 84827.929688, xnorm = 29.628222, gnorm = 85.929649, step = 1.000000

Iteration 103:
fx = 84826.820312, xnorm = 29.625347, gnorm = 122.998955, step = 1.000000

Iteration 104:
fx = 84826.210938, xnorm = 29.619484, gnorm = 193.796387, step = 1.000000

Iteration 105:
fx = 84824.312500, xnorm = 29.614061, gnorm = 105.994522, step = 1.000000

Iteration 106:
fx = 84823.484375, xnorm = 29.611677, gnorm = 74.051796, step = 1.000000

Iteration 107:
fx = 84822.929688, xnorm = 29.607515, gnorm = 90.188354, step = 1.000000

Iteration 108:
fx = 84822.718750, xnorm = 29.601851, gnorm = 135.100037, step = 1.000000

Iteration 109:
fx = 84822.664062, xnorm = 29.598162, gnorm = 74.119781, step = 1.000000

Iteration 110:
fx = 84822.406250, xnorm = 29.595270, gnorm = 76.271980, step = 1.000000

Iteration 111:
fx = 84822.296875, xnorm = 29.593781, gnorm = 80.633926, step = 0.315962

Iteration 112:
fx = 84821.664062, xnorm = 29.586620, gnorm = 96.993835, step = 1.000000

Iteration 113:
fx = 84821.632812, xnorm = 29.586445, gnorm = 86.102592, step = 0.108355

Iteration 114:
fx = 84821.437500, xnorm = 29.585068, gnorm = 86.032997, step = 1.000000

Iteration 115:
fx = 84820.968750, xnorm = 29.583908, gnorm = 88.052376, step = 1.000000

Iteration 116:
fx = 84820.523438, xnorm = 29.581100, gnorm = 102.617996, step = 1.000000

Iteration 117:
fx = 84820.023438, xnorm = 29.580204, gnorm = 56.717091, step = 1.000000

Iteration 118:
fx = 84819.773438, xnorm = 29.578960, gnorm = 64.265617, step = 1.000000

Iteration 119:
fx = 84819.773438, xnorm = 29.578600, gnorm = 60.520042, step = 0.159154

Iteration 120:
fx = 84819.343750, xnorm = 29.574326, gnorm = 87.644386, step = 1.000000

L-BFGS optimization terminated with status code = -1001
fx = 84819.312500
[0;32mINFO[0;0m 2021-05-22 19:46:06,300 plmdca get_fields_and_couplings_from_backend 
	Data size expected from plmDCA backend: 69750
[0;32mINFO[0;0m 2021-05-22 19:46:06,301 plmdca get_fields_and_couplings_from_backend 
	Data size obtained from plmDCA backend to Python: 69750
[0;32mINFO[0;0m 2021-05-22 19:46:06,431 plmdca compute_sorted_FN 
	Computing non-APC sorted DCA score
[0;32mINFO[0;0m 2021-05-22 19:46:06,741 plmdca compute_sorted_FN_APC 
	Performing average product correction (APC) of FN  of DCA scores
[0;32mINFO[0;0m 2021-05-22 19:46:06,794 dca_utilities write_sorted_dca_scores 
	Writing DCA scores to file PLMDCA_output_5wwr_C/PLMDCA_apc_fn_scores_5wwr_C.txt
