[0;32mINFO[0;0m 2021-09-18 15:14:50,732 fasta_reader get_alignment_int_form 
	Found 100 non-standard residues in 69 sequences
[0;32mINFO[0;0m 2021-09-18 15:14:50,732 fasta_reader get_alignment_int_form 
	Total number of sequences read from file: 507
[0;32mINFO[0;0m 2021-09-18 15:14:50,732 meanfield_dca compute_sequences_weight 
	Computing sequences weights
[0;32mINFO[0;0m 2021-09-18 15:14:51,593 meanfield_dca __init__ 
	Created a MeanFieldDCA object with the following attributes
        	biomolecule: RNA
        	total states at sites: 5
        	pseudocount: 0.5
        	sequence identity: 0.8
        	alignment length: 34
        	total number of unique sequences (excluding redundant sequences with 100 percent similarity): 498
        	effective number of sequences (with sequence identity 0.8): 6.598904281255305
        
[0;32mINFO[0;0m 2021-09-18 15:14:51,593 meanfield_dca get_single_site_freqs 
	Computing single site frequencies
[0;32mINFO[0;0m 2021-09-18 15:14:51,955 meanfield_dca get_reg_single_site_freqs 
	Regularizing single site frequencies
[0;32mINFO[0;0m 2021-09-18 15:14:52,081 meanfield_dca get_pair_site_freqs 
	Computing pair site frequencies
[0;32mINFO[0;0m 2021-09-18 15:14:55,330 meanfield_dca get_reg_pair_site_freqs 
	Regularizing pair site frequencies
[0;32mINFO[0;0m 2021-09-18 15:14:55,530 meanfield_dca construct_corr_mat 
	Constructing the correlation matrix
[0;32mINFO[0;0m 2021-09-18 15:14:55,843 meanfield_dca compute_couplings 
	Computing couplings
[0;32mINFO[0;0m 2021-09-18 15:14:56,305 meanfield_dca compute_couplings 
	Maximum and minimum couplings: 4.685962832615942, -19.99999999999995
[0;32mINFO[0;0m 2021-09-18 15:14:56,305 meanfield_dca compute_sorted_FN 
	Computing Frobenius norm of couplings
[0;32mINFO[0;0m 2021-09-18 15:14:56,362 meanfield_dca compute_sorted_FN_APC 
	Performing average product correction (APC) to Frobenius norm of couplings.
[0;32mINFO[0;0m 2021-09-18 15:14:56,367 dca_utilities write_sorted_dca_scores 
	Writing DCA scores to file MFDCA_output_PKB246/MFDCA_apc_fn_scores_PKB246.txt
[0;32mINFO[0;0m 2021-09-18 15:14:56,371 mfdca_main run_meanfield_dca 
	DONE
