[0;32mINFO[0;0m 2021-05-22 16:54:43,186 fasta_reader get_alignment_int_form 
	Found 851 non-standard residues in 132 sequences
[0;32mINFO[0;0m 2021-05-22 16:54:43,187 fasta_reader get_alignment_int_form 
	Total number of sequences read from file: 25000
[0;32mINFO[0;0m 2021-05-22 16:54:43,190 meanfield_dca compute_sequences_weight 
	Computing sequences weights
[0;32mINFO[0;0m 2021-05-22 16:54:45,012 meanfield_dca __init__ 
	Created a MeanFieldDCA object with the following attributes
        	biomolecule: RNA
        	total states at sites: 5
        	pseudocount: 0.5
        	sequence identity: 0.8
        	alignment length: 121
        	total number of unique sequences (excluding redundant sequences with 100 percent similarity): 20528
        	effective number of sequences (with sequence identity 0.8): 2112.552980420289
        
[0;32mINFO[0;0m 2021-05-22 16:54:45,013 meanfield_dca get_single_site_freqs 
	Computing single site frequencies
[0;32mINFO[0;0m 2021-05-22 16:54:45,560 meanfield_dca get_reg_single_site_freqs 
	Regularizing single site frequencies
[0;32mINFO[0;0m 2021-05-22 16:54:45,737 meanfield_dca get_pair_site_freqs 
	Computing pair site frequencies
[0;32mINFO[0;0m 2021-05-22 16:54:49,836 meanfield_dca get_reg_pair_site_freqs 
	Regularizing pair site frequencies
[0;32mINFO[0;0m 2021-05-22 16:54:50,094 meanfield_dca construct_corr_mat 
	Constructing the correlation matrix
[0;32mINFO[0;0m 2021-05-22 16:54:50,354 meanfield_dca compute_couplings 
	Computing couplings
[0;32mINFO[0;0m 2021-05-22 16:54:50,991 meanfield_dca compute_couplings 
	Maximum and minimum couplings: 2.6758447051474787, -19.237338694431468
[0;32mINFO[0;0m 2021-05-22 16:54:50,992 meanfield_dca compute_sorted_FN 
	Computing Frobenius norm of couplings
[0;32mINFO[0;0m 2021-05-22 16:54:51,367 meanfield_dca compute_sorted_FN_APC 
	Performing average product correction (APC) to Frobenius norm of couplings.
[0;32mINFO[0;0m 2021-05-22 16:54:51,436 dca_utilities write_sorted_dca_scores 
	Writing DCA scores to file MFDCA_output_4v88_A3/MFDCA_apc_fn_scores_4v88_A3.txt
[0;32mINFO[0;0m 2021-05-22 16:54:51,457 mfdca_main run_meanfield_dca 
	DONE
