[0;32mINFO[0;0m 2021-06-10 14:51:58,097 fasta_reader get_alignment_int_form 
	Found 7 non-standard residues in 5 sequences
[0;32mINFO[0;0m 2021-06-10 14:51:58,097 fasta_reader get_alignment_int_form 
	Total number of sequences read from file: 6777
[0;32mINFO[0;0m 2021-06-10 14:51:58,098 meanfield_dca compute_sequences_weight 
	Computing sequences weights
[0;32mINFO[0;0m 2021-06-10 14:51:59,220 meanfield_dca __init__ 
	Created a MeanFieldDCA object with the following attributes
        	biomolecule: RNA
        	total states at sites: 5
        	pseudocount: 0.5
        	sequence identity: 0.8
        	alignment length: 190
        	total number of unique sequences (excluding redundant sequences with 100 percent similarity): 6776
        	effective number of sequences (with sequence identity 0.8): 483.0814563417904
        
[0;32mINFO[0;0m 2021-06-10 14:51:59,220 meanfield_dca get_single_site_freqs 
	Computing single site frequencies
[0;32mINFO[0;0m 2021-06-10 14:51:59,689 meanfield_dca get_reg_single_site_freqs 
	Regularizing single site frequencies
[0;32mINFO[0;0m 2021-06-10 14:51:59,813 meanfield_dca get_pair_site_freqs 
	Computing pair site frequencies
[0;32mINFO[0;0m 2021-06-10 14:52:03,960 meanfield_dca get_reg_pair_site_freqs 
	Regularizing pair site frequencies
[0;32mINFO[0;0m 2021-06-10 14:52:04,163 meanfield_dca construct_corr_mat 
	Constructing the correlation matrix
[0;32mINFO[0;0m 2021-06-10 14:52:04,479 meanfield_dca compute_couplings 
	Computing couplings
[0;32mINFO[0;0m 2021-06-10 14:52:07,588 meanfield_dca compute_couplings 
	Maximum and minimum couplings: 4.4282628526851715, -19.674500697453755
[0;32mINFO[0;0m 2021-06-10 14:52:07,589 meanfield_dca compute_sorted_FN 
	Computing Frobenius norm of couplings
[0;32mINFO[0;0m 2021-06-10 14:52:08,348 meanfield_dca compute_sorted_FN_APC 
	Performing average product correction (APC) to Frobenius norm of couplings.
[0;32mINFO[0;0m 2021-06-10 14:52:08,614 dca_utilities write_sorted_dca_scores 
	Writing DCA scores to file MFDCA_output_PKB354/MFDCA_apc_fn_scores_PKB354.txt
[0;32mINFO[0;0m 2021-06-10 14:52:08,659 mfdca_main run_meanfield_dca 
	DONE
