[0;32mINFO[0;0m 2021-08-18 21:08:09,209 fasta_reader get_alignment_int_form 
	Found 38 non-standard residues in 21 sequences
[0;32mINFO[0;0m 2021-08-18 21:08:09,209 fasta_reader get_alignment_int_form 
	Total number of sequences read from file: 4480
[0;32mINFO[0;0m 2021-08-18 21:08:09,210 meanfield_dca compute_sequences_weight 
	Computing sequences weights
[0;32mINFO[0;0m 2021-08-18 21:08:10,140 meanfield_dca __init__ 
	Created a MeanFieldDCA object with the following attributes
        	biomolecule: RNA
        	total states at sites: 5
        	pseudocount: 0.5
        	sequence identity: 0.8
        	alignment length: 55
        	total number of unique sequences (excluding redundant sequences with 100 percent similarity): 4479
        	effective number of sequences (with sequence identity 0.8): 59.76850083124114
        
[0;32mINFO[0;0m 2021-08-18 21:08:10,142 meanfield_dca get_single_site_freqs 
	Computing single site frequencies
[0;32mINFO[0;0m 2021-08-18 21:08:10,521 meanfield_dca get_reg_single_site_freqs 
	Regularizing single site frequencies
[0;32mINFO[0;0m 2021-08-18 21:08:10,644 meanfield_dca get_pair_site_freqs 
	Computing pair site frequencies
[0;32mINFO[0;0m 2021-08-18 21:08:13,898 meanfield_dca get_reg_pair_site_freqs 
	Regularizing pair site frequencies
[0;32mINFO[0;0m 2021-08-18 21:08:14,098 meanfield_dca construct_corr_mat 
	Constructing the correlation matrix
[0;32mINFO[0;0m 2021-08-18 21:08:14,361 meanfield_dca compute_couplings 
	Computing couplings
[0;32mINFO[0;0m 2021-08-18 21:08:14,949 meanfield_dca compute_couplings 
	Maximum and minimum couplings: 3.5826455368366497, -18.722344385999936
[0;32mINFO[0;0m 2021-08-18 21:08:14,949 meanfield_dca compute_sorted_FN 
	Computing Frobenius norm of couplings
[0;32mINFO[0;0m 2021-08-18 21:08:15,084 meanfield_dca compute_sorted_FN_APC 
	Performing average product correction (APC) to Frobenius norm of couplings.
[0;32mINFO[0;0m 2021-08-18 21:08:15,090 dca_utilities write_sorted_dca_scores 
	Writing DCA scores to file MFDCA_output_1c9s_W/MFDCA_apc_fn_scores_1c9s_W.txt
[0;32mINFO[0;0m 2021-08-18 21:08:15,094 mfdca_main run_meanfield_dca 
	DONE
