[0;32mINFO[0;0m 2021-08-03 01:14:35,001 fasta_reader get_alignment_int_form 
	Found 179 non-standard residues in 9 sequences
[0;32mINFO[0;0m 2021-08-03 01:14:35,001 fasta_reader get_alignment_int_form 
	Total number of sequences read from file: 10
[0;32mINFO[0;0m 2021-08-03 01:14:35,001 meanfield_dca compute_sequences_weight 
	Computing sequences weights
[0;32mINFO[0;0m 2021-08-03 01:14:36,479 meanfield_dca __init__ 
	Created a MeanFieldDCA object with the following attributes
        	biomolecule: RNA
        	total states at sites: 5
        	pseudocount: 0.5
        	sequence identity: 0.8
        	alignment length: 81
        	total number of unique sequences (excluding redundant sequences with 100 percent similarity): 10
        	effective number of sequences (with sequence identity 0.8): 2.0
        
[0;32mINFO[0;0m 2021-08-03 01:14:36,479 meanfield_dca get_single_site_freqs 
	Computing single site frequencies
[0;32mINFO[0;0m 2021-08-03 01:14:37,137 meanfield_dca get_reg_single_site_freqs 
	Regularizing single site frequencies
[0;32mINFO[0;0m 2021-08-03 01:14:37,369 meanfield_dca get_pair_site_freqs 
	Computing pair site frequencies
[0;32mINFO[0;0m 2021-08-03 01:14:42,623 meanfield_dca get_reg_pair_site_freqs 
	Regularizing pair site frequencies
[0;32mINFO[0;0m 2021-08-03 01:14:42,971 meanfield_dca construct_corr_mat 
	Constructing the correlation matrix
[0;32mINFO[0;0m 2021-08-03 01:14:43,527 meanfield_dca compute_couplings 
	Computing couplings
[0;32mINFO[0;0m 2021-08-03 01:14:45,604 meanfield_dca compute_couplings 
	Maximum and minimum couplings: 4.660304588047455, -20.00000000000001
[0;32mINFO[0;0m 2021-08-03 01:14:45,605 meanfield_dca compute_sorted_FN 
	Computing Frobenius norm of couplings
[0;32mINFO[0;0m 2021-08-03 01:14:45,899 meanfield_dca compute_sorted_FN_APC 
	Performing average product correction (APC) to Frobenius norm of couplings.
[0;32mINFO[0;0m 2021-08-03 01:14:45,940 dca_utilities write_sorted_dca_scores 
	Writing DCA scores to file MFDCA_output_6cu1_A/MFDCA_apc_fn_scores_6cu1_A.txt
[0;32mINFO[0;0m 2021-08-03 01:14:45,954 mfdca_main run_meanfield_dca 
	DONE
