[0;32mINFO[0;0m 2021-05-22 18:55:54,383 fasta_reader get_alignment_int_form 
	Found 103 non-standard residues in 67 sequences
[0;32mINFO[0;0m 2021-05-22 18:55:54,384 fasta_reader get_alignment_int_form 
	Total number of sequences read from file: 2103
[0;32mINFO[0;0m 2021-05-22 18:55:54,384 meanfield_dca compute_sequences_weight 
	Computing sequences weights
[0;32mINFO[0;0m 2021-05-22 18:55:55,261 meanfield_dca __init__ 
	Created a MeanFieldDCA object with the following attributes
        	biomolecule: RNA
        	total states at sites: 5
        	pseudocount: 0.5
        	sequence identity: 0.8
        	alignment length: 159
        	total number of unique sequences (excluding redundant sequences with 100 percent similarity): 2103
        	effective number of sequences (with sequence identity 0.8): 776.8054779450719
        
[0;32mINFO[0;0m 2021-05-22 18:55:55,261 meanfield_dca get_single_site_freqs 
	Computing single site frequencies
[0;32mINFO[0;0m 2021-05-22 18:55:55,667 meanfield_dca get_reg_single_site_freqs 
	Regularizing single site frequencies
[0;32mINFO[0;0m 2021-05-22 18:55:55,790 meanfield_dca get_pair_site_freqs 
	Computing pair site frequencies
[0;32mINFO[0;0m 2021-05-22 18:55:59,267 meanfield_dca get_reg_pair_site_freqs 
	Regularizing pair site frequencies
[0;32mINFO[0;0m 2021-05-22 18:55:59,510 meanfield_dca construct_corr_mat 
	Constructing the correlation matrix
[0;32mINFO[0;0m 2021-05-22 18:55:59,774 meanfield_dca compute_couplings 
	Computing couplings
[0;32mINFO[0;0m 2021-05-22 18:56:00,599 meanfield_dca compute_couplings 
	Maximum and minimum couplings: 4.858148285099714, -19.85327766796538
[0;32mINFO[0;0m 2021-05-22 18:56:00,599 meanfield_dca compute_sorted_FN 
	Computing Frobenius norm of couplings
[0;32mINFO[0;0m 2021-05-22 18:56:01,216 meanfield_dca compute_sorted_FN_APC 
	Performing average product correction (APC) to Frobenius norm of couplings.
[0;32mINFO[0;0m 2021-05-22 18:56:01,372 dca_utilities write_sorted_dca_scores 
	Writing DCA scores to file MFDCA_output_2r8s_R/MFDCA_apc_fn_scores_2r8s_R.txt
[0;32mINFO[0;0m 2021-05-22 18:56:01,399 mfdca_main run_meanfield_dca 
	DONE
