[0;32mINFO[0;0m 2021-05-22 20:02:55,952 plmdca __init__ Created plmDCA instance with:
            biomolecule: RNA
            MSA sequence length: 73
            total number of (unweighted) sequences: 1674
            sequence identity: 0.8
            lambda_h: 14.4
            lambda_J: 14.4
            gradient decent iterations: 500
            number of threads: 40
        
[0;32mINFO[0;0m 2021-05-22 20:02:55,952 plmdca get_fields_and_couplings_from_backend 
	Computing fields and couplings using gradient decent
Iteration 1:
fx = 38443.480469, xnorm = 35.110306, gnorm = 2045.768311, step = 0.000168

Iteration 2:
fx = 37645.535156, xnorm = 34.743999, gnorm = 2945.045410, step = 1.000000

Iteration 3:
fx = 35854.367188, xnorm = 33.689316, gnorm = 4321.480957, step = 1.000000

Iteration 4:
fx = 32386.406250, xnorm = 31.725452, gnorm = 4011.821289, step = 1.000000

Iteration 5:
fx = 29455.947266, xnorm = 29.527510, gnorm = 3224.928467, step = 1.000000

Iteration 6:
fx = 27770.636719, xnorm = 28.511715, gnorm = 2242.890625, step = 1.000000

Iteration 7:
fx = 26441.109375, xnorm = 27.684795, gnorm = 2102.135010, step = 1.000000

Iteration 8:
fx = 24456.535156, xnorm = 26.417852, gnorm = 1430.506104, step = 1.000000

Iteration 9:
fx = 23065.244141, xnorm = 25.306744, gnorm = 1548.632568, step = 1.000000

Iteration 10:
fx = 21679.632812, xnorm = 23.522287, gnorm = 2449.513184, step = 1.000000

Iteration 11:
fx = 20038.865234, xnorm = 22.681883, gnorm = 1816.569092, step = 1.000000

Iteration 12:
fx = 18725.335938, xnorm = 21.371523, gnorm = 1690.183472, step = 1.000000

Iteration 13:
fx = 17899.187500, xnorm = 20.222410, gnorm = 1202.702393, step = 1.000000

Iteration 14:
fx = 17424.978516, xnorm = 19.533930, gnorm = 1089.767456, step = 1.000000

Iteration 15:
fx = 16985.626953, xnorm = 18.905842, gnorm = 1070.975708, step = 1.000000

Iteration 16:
fx = 16306.832031, xnorm = 17.693367, gnorm = 1171.779419, step = 1.000000

Iteration 17:
fx = 16022.381836, xnorm = 16.687931, gnorm = 2084.990723, step = 1.000000

Iteration 18:
fx = 15401.920898, xnorm = 16.336432, gnorm = 872.191101, step = 1.000000

Iteration 19:
fx = 15174.811523, xnorm = 15.846646, gnorm = 681.472412, step = 1.000000

Iteration 20:
fx = 15028.793945, xnorm = 15.504212, gnorm = 596.689209, step = 1.000000

Iteration 21:
fx = 14906.519531, xnorm = 15.045217, gnorm = 734.618958, step = 1.000000

Iteration 22:
fx = 14798.824219, xnorm = 14.892475, gnorm = 515.618896, step = 1.000000

Iteration 23:
fx = 14710.918945, xnorm = 14.750258, gnorm = 530.454468, step = 1.000000

Iteration 24:
fx = 14609.924805, xnorm = 14.437127, gnorm = 649.795898, step = 1.000000

Iteration 25:
fx = 14561.079102, xnorm = 14.221172, gnorm = 723.192993, step = 1.000000

Iteration 26:
fx = 14500.521484, xnorm = 14.221450, gnorm = 265.753204, step = 1.000000

Iteration 27:
fx = 14479.689453, xnorm = 14.168386, gnorm = 230.382446, step = 1.000000

Iteration 28:
fx = 14459.179688, xnorm = 14.080283, gnorm = 242.318756, step = 1.000000

Iteration 29:
fx = 14441.207031, xnorm = 13.922526, gnorm = 364.881989, step = 1.000000

Iteration 30:
fx = 14419.352539, xnorm = 13.858202, gnorm = 205.038910, step = 1.000000

Iteration 31:
fx = 14405.257812, xnorm = 13.805072, gnorm = 182.847534, step = 1.000000

Iteration 32:
fx = 14391.886719, xnorm = 13.719875, gnorm = 164.240387, step = 1.000000

Iteration 33:
fx = 14385.732422, xnorm = 13.601776, gnorm = 325.960449, step = 1.000000

Iteration 34:
fx = 14375.463867, xnorm = 13.585371, gnorm = 111.414528, step = 1.000000

Iteration 35:
fx = 14372.921875, xnorm = 13.576665, gnorm = 80.880981, step = 1.000000

Iteration 36:
fx = 14369.530273, xnorm = 13.541428, gnorm = 86.981445, step = 1.000000

Iteration 37:
fx = 14366.786133, xnorm = 13.482684, gnorm = 168.972931, step = 1.000000

Iteration 38:
fx = 14363.662109, xnorm = 13.446398, gnorm = 72.883743, step = 1.000000

Iteration 39:
fx = 14362.693359, xnorm = 13.434085, gnorm = 55.602436, step = 1.000000

Iteration 40:
fx = 14361.564453, xnorm = 13.412601, gnorm = 62.728474, step = 1.000000

Iteration 41:
fx = 14361.186523, xnorm = 13.400131, gnorm = 57.974518, step = 0.323205

Iteration 42:
fx = 14360.057617, xnorm = 13.367318, gnorm = 45.328091, step = 1.000000

Iteration 43:
fx = 14358.896484, xnorm = 13.341570, gnorm = 42.038502, step = 1.000000

Iteration 44:
fx = 14358.296875, xnorm = 13.324761, gnorm = 40.002502, step = 0.451587

Iteration 45:
fx = 14357.770508, xnorm = 13.315794, gnorm = 28.525839, step = 1.000000

Iteration 46:
fx = 14357.150391, xnorm = 13.307538, gnorm = 31.196079, step = 1.000000

Iteration 47:
fx = 14356.992188, xnorm = 13.296004, gnorm = 33.021641, step = 1.000000

Iteration 48:
fx = 14356.589844, xnorm = 13.293233, gnorm = 20.349903, step = 1.000000

Iteration 49:
fx = 14356.443359, xnorm = 13.290675, gnorm = 18.319958, step = 1.000000

Iteration 50:
fx = 14356.310547, xnorm = 13.287578, gnorm = 17.220861, step = 1.000000

Iteration 51:
fx = 14356.138672, xnorm = 13.281054, gnorm = 16.031359, step = 1.000000

Iteration 52:
fx = 14356.023438, xnorm = 13.272076, gnorm = 23.153805, step = 1.000000

Iteration 53:
fx = 14355.930664, xnorm = 13.269876, gnorm = 12.117459, step = 1.000000

Iteration 54:
fx = 14355.876953, xnorm = 13.265994, gnorm = 11.085470, step = 1.000000

Iteration 55:
fx = 14355.870117, xnorm = 13.261656, gnorm = 13.769830, step = 1.000000

Iteration 56:
fx = 14355.782227, xnorm = 13.251722, gnorm = 18.949089, step = 1.000000

Iteration 57:
fx = 14355.751953, xnorm = 13.251808, gnorm = 7.305400, step = 1.000000

Iteration 58:
fx = 14355.735352, xnorm = 13.251522, gnorm = 7.239120, step = 1.000000

Iteration 59:
fx = 14355.697266, xnorm = 13.249676, gnorm = 8.302842, step = 1.000000

L-BFGS optimization terminated with status code = -1001
fx = 14355.698242
[0;32mINFO[0;0m 2021-05-22 20:02:56,897 plmdca get_fields_and_couplings_from_backend 
	Data size expected from plmDCA backend: 66065
[0;32mINFO[0;0m 2021-05-22 20:02:56,897 plmdca get_fields_and_couplings_from_backend 
	Data size obtained from plmDCA backend to Python: 66065
[0;32mINFO[0;0m 2021-05-22 20:02:56,941 plmdca compute_sorted_FN 
	Computing non-APC sorted DCA score
[0;32mINFO[0;0m 2021-05-22 20:02:57,059 plmdca compute_sorted_FN_APC 
	Performing average product correction (APC) of FN  of DCA scores
[0;32mINFO[0;0m 2021-05-22 20:02:57,085 dca_utilities write_sorted_dca_scores 
	Writing DCA scores to file PLMDCA_output_4znp_A/PLMDCA_apc_fn_scores_4znp_A.txt
