[0;32mINFO[0;0m 2021-05-22 19:49:55,693 plmdca __init__ Created plmDCA instance with:
            biomolecule: RNA
            MSA sequence length: 85
            total number of (unweighted) sequences: 25000
            sequence identity: 0.8
            lambda_h: 16.8
            lambda_J: 16.8
            gradient decent iterations: 500
            number of threads: 40
        
[0;32mINFO[0;0m 2021-05-22 19:49:55,694 plmdca get_fields_and_couplings_from_backend 
	Computing fields and couplings using gradient decent
Iteration 1:
fx = 164524.968750, xnorm = 28.209808, gnorm = 21680.775391, step = 0.000058

Iteration 2:
fx = 156464.843750, xnorm = 28.180115, gnorm = 13742.538086, step = 1.000000

Iteration 3:
fx = 143771.718750, xnorm = 28.124199, gnorm = 11635.104492, step = 1.000000

Iteration 4:
fx = 131364.875000, xnorm = 28.215675, gnorm = 10334.832031, step = 1.000000

Iteration 5:
fx = 120726.679688, xnorm = 28.869125, gnorm = 14050.097656, step = 1.000000

Iteration 6:
fx = 111064.843750, xnorm = 30.056782, gnorm = 8593.962891, step = 1.000000

Iteration 7:
fx = 106481.265625, xnorm = 31.007742, gnorm = 5884.663574, step = 1.000000

Iteration 8:
fx = 102683.078125, xnorm = 32.324657, gnorm = 5811.437012, step = 1.000000

Iteration 9:
fx = 100421.343750, xnorm = 33.980125, gnorm = 10517.045898, step = 1.000000

Iteration 10:
fx = 96424.937500, xnorm = 33.864887, gnorm = 4907.003906, step = 1.000000

Iteration 11:
fx = 93712.921875, xnorm = 33.192383, gnorm = 5906.354004, step = 1.000000

Iteration 12:
fx = 91593.085938, xnorm = 32.646614, gnorm = 5714.776367, step = 1.000000

Iteration 13:
fx = 90150.046875, xnorm = 32.397766, gnorm = 7638.728027, step = 0.388370

Iteration 14:
fx = 87808.906250, xnorm = 32.124760, gnorm = 4280.293457, step = 1.000000

Iteration 15:
fx = 86691.125000, xnorm = 32.248070, gnorm = 4058.968262, step = 1.000000

Iteration 16:
fx = 85182.390625, xnorm = 32.377075, gnorm = 3097.440674, step = 1.000000

Iteration 17:
fx = 84186.046875, xnorm = 32.427608, gnorm = 7644.725586, step = 1.000000

Iteration 18:
fx = 82537.640625, xnorm = 32.478481, gnorm = 3095.902588, step = 1.000000

Iteration 19:
fx = 81944.156250, xnorm = 32.402184, gnorm = 2918.019775, step = 1.000000

Iteration 20:
fx = 80942.148438, xnorm = 32.218102, gnorm = 3452.723877, step = 1.000000

Iteration 21:
fx = 80505.156250, xnorm = 32.166088, gnorm = 3866.723145, step = 0.413574

Iteration 22:
fx = 79879.125000, xnorm = 32.128445, gnorm = 3185.974365, step = 1.000000

Iteration 23:
fx = 79009.914062, xnorm = 32.123787, gnorm = 4734.846191, step = 1.000000

Iteration 24:
fx = 78310.453125, xnorm = 32.158749, gnorm = 3236.055664, step = 1.000000

Iteration 25:
fx = 77794.234375, xnorm = 32.169411, gnorm = 2895.385010, step = 1.000000

Iteration 26:
fx = 76975.476562, xnorm = 32.277065, gnorm = 4271.903320, step = 1.000000

Iteration 27:
fx = 76709.210938, xnorm = 32.325684, gnorm = 4953.980957, step = 1.000000

Iteration 28:
fx = 76193.875000, xnorm = 32.266983, gnorm = 2358.113281, step = 1.000000

Iteration 29:
fx = 75837.382812, xnorm = 32.223026, gnorm = 1913.290527, step = 1.000000

Iteration 30:
fx = 75415.820312, xnorm = 32.186920, gnorm = 2674.358643, step = 1.000000

Iteration 31:
fx = 75012.757812, xnorm = 32.169628, gnorm = 3961.160400, step = 1.000000

Iteration 32:
fx = 74463.484375, xnorm = 32.274513, gnorm = 2309.057373, step = 1.000000

Iteration 33:
fx = 74124.945312, xnorm = 32.277748, gnorm = 1638.577881, step = 1.000000

Iteration 34:
fx = 73728.671875, xnorm = 32.261528, gnorm = 1793.436646, step = 1.000000

Iteration 35:
fx = 73527.203125, xnorm = 32.206299, gnorm = 2902.210938, step = 1.000000

Iteration 36:
fx = 73201.406250, xnorm = 32.137402, gnorm = 1924.614502, step = 1.000000

Iteration 37:
fx = 72824.695312, xnorm = 32.023804, gnorm = 1928.768555, step = 1.000000

Iteration 38:
fx = 72601.242188, xnorm = 31.937542, gnorm = 1863.107300, step = 1.000000

Iteration 39:
fx = 72268.140625, xnorm = 31.777563, gnorm = 2422.169434, step = 1.000000

Iteration 40:
fx = 72043.781250, xnorm = 31.672171, gnorm = 2404.955811, step = 1.000000

Iteration 41:
fx = 71831.960938, xnorm = 31.629839, gnorm = 1364.443848, step = 1.000000

Iteration 42:
fx = 71674.445312, xnorm = 31.546431, gnorm = 1171.022827, step = 1.000000

Iteration 43:
fx = 71508.812500, xnorm = 31.403877, gnorm = 1597.923706, step = 1.000000

Iteration 44:
fx = 71352.164062, xnorm = 31.170719, gnorm = 2198.768066, step = 1.000000

Iteration 45:
fx = 71169.687500, xnorm = 31.106981, gnorm = 1151.764038, step = 1.000000

Iteration 46:
fx = 71042.109375, xnorm = 31.003893, gnorm = 1110.690308, step = 1.000000

Iteration 47:
fx = 70915.000000, xnorm = 30.847168, gnorm = 1318.004517, step = 1.000000

Iteration 48:
fx = 70838.226562, xnorm = 30.587332, gnorm = 2393.237549, step = 1.000000

Iteration 49:
fx = 70698.593750, xnorm = 30.562162, gnorm = 992.026489, step = 1.000000

Iteration 50:
fx = 70611.414062, xnorm = 30.492180, gnorm = 1048.648682, step = 1.000000

Iteration 51:
fx = 70521.898438, xnorm = 30.357246, gnorm = 1215.377197, step = 1.000000

Iteration 52:
fx = 70451.164062, xnorm = 30.048983, gnorm = 2348.234863, step = 1.000000

Iteration 53:
fx = 70320.421875, xnorm = 29.969774, gnorm = 1025.642334, step = 1.000000

Iteration 54:
fx = 70275.554688, xnorm = 29.934252, gnorm = 795.499756, step = 1.000000

Iteration 55:
fx = 70225.531250, xnorm = 29.839909, gnorm = 799.382690, step = 1.000000

Iteration 56:
fx = 70204.812500, xnorm = 29.629562, gnorm = 1999.206299, step = 1.000000

Iteration 57:
fx = 70112.789062, xnorm = 29.559803, gnorm = 705.631653, step = 1.000000

Iteration 58:
fx = 70085.054688, xnorm = 29.520483, gnorm = 550.370117, step = 1.000000

Iteration 59:
fx = 70053.671875, xnorm = 29.446049, gnorm = 683.476135, step = 1.000000

Iteration 60:
fx = 70012.820312, xnorm = 29.289330, gnorm = 1260.722656, step = 1.000000

Iteration 61:
fx = 69959.632812, xnorm = 29.129492, gnorm = 829.608032, step = 1.000000

Iteration 62:
fx = 69927.679688, xnorm = 29.069887, gnorm = 568.390686, step = 1.000000

Iteration 63:
fx = 69901.796875, xnorm = 28.971245, gnorm = 848.868225, step = 1.000000

Iteration 64:
fx = 69874.210938, xnorm = 28.910206, gnorm = 693.011047, step = 1.000000

Iteration 65:
fx = 69852.914062, xnorm = 28.876677, gnorm = 580.122925, step = 1.000000

Iteration 66:
fx = 69811.945312, xnorm = 28.736128, gnorm = 598.069519, step = 1.000000

Iteration 67:
fx = 69800.203125, xnorm = 28.699497, gnorm = 393.436554, step = 0.248213

Iteration 68:
fx = 69788.679688, xnorm = 28.645897, gnorm = 406.201599, step = 1.000000

Iteration 69:
fx = 69773.757812, xnorm = 28.558958, gnorm = 505.203186, step = 1.000000

Iteration 70:
fx = 69765.414062, xnorm = 28.445297, gnorm = 908.257385, step = 1.000000

Iteration 71:
fx = 69750.468750, xnorm = 28.476168, gnorm = 336.897675, step = 1.000000

Iteration 72:
fx = 69746.375000, xnorm = 28.488445, gnorm = 325.554047, step = 1.000000

Iteration 73:
fx = 69738.742188, xnorm = 28.482212, gnorm = 418.859650, step = 1.000000

Iteration 74:
fx = 69730.828125, xnorm = 28.432030, gnorm = 894.496460, step = 1.000000

Iteration 75:
fx = 69714.960938, xnorm = 28.391359, gnorm = 449.617340, step = 1.000000

Iteration 76:
fx = 69706.023438, xnorm = 28.361376, gnorm = 301.491760, step = 1.000000

Iteration 77:
fx = 69698.343750, xnorm = 28.320917, gnorm = 321.541321, step = 1.000000

Iteration 78:
fx = 69697.343750, xnorm = 28.274704, gnorm = 741.586365, step = 1.000000

Iteration 79:
fx = 69688.203125, xnorm = 28.271744, gnorm = 300.893555, step = 1.000000

Iteration 80:
fx = 69684.765625, xnorm = 28.267515, gnorm = 223.396042, step = 1.000000

Iteration 81:
fx = 69682.328125, xnorm = 28.260895, gnorm = 285.764954, step = 1.000000

Iteration 82:
fx = 69675.421875, xnorm = 28.244452, gnorm = 380.505554, step = 1.000000

Iteration 83:
fx = 69670.968750, xnorm = 28.193460, gnorm = 601.078491, step = 1.000000

Iteration 84:
fx = 69664.312500, xnorm = 28.162451, gnorm = 362.730743, step = 1.000000

Iteration 85:
fx = 69659.343750, xnorm = 28.167784, gnorm = 168.794159, step = 1.000000

Iteration 86:
fx = 69657.109375, xnorm = 28.163044, gnorm = 145.118835, step = 1.000000

Iteration 87:
fx = 69653.828125, xnorm = 28.143761, gnorm = 254.280975, step = 1.000000

Iteration 88:
fx = 69650.343750, xnorm = 28.113281, gnorm = 196.327606, step = 1.000000

Iteration 89:
fx = 69648.414062, xnorm = 28.084299, gnorm = 278.871460, step = 1.000000

Iteration 90:
fx = 69646.304688, xnorm = 28.062538, gnorm = 167.837494, step = 1.000000

Iteration 91:
fx = 69644.414062, xnorm = 28.058794, gnorm = 142.037125, step = 1.000000

Iteration 92:
fx = 69642.281250, xnorm = 28.048586, gnorm = 141.814392, step = 1.000000

Iteration 93:
fx = 69640.132812, xnorm = 28.011719, gnorm = 487.022430, step = 1.000000

Iteration 94:
fx = 69637.453125, xnorm = 28.013931, gnorm = 172.062729, step = 1.000000

Iteration 95:
fx = 69636.859375, xnorm = 28.007160, gnorm = 112.622490, step = 1.000000

Iteration 96:
fx = 69635.554688, xnorm = 27.990150, gnorm = 139.439499, step = 1.000000

Iteration 97:
fx = 69633.250000, xnorm = 27.962915, gnorm = 166.847412, step = 1.000000

Iteration 98:
fx = 69632.101562, xnorm = 27.944864, gnorm = 196.565277, step = 0.346911

Iteration 99:
fx = 69629.398438, xnorm = 27.916910, gnorm = 126.144424, step = 1.000000

Iteration 100:
fx = 69627.375000, xnorm = 27.897039, gnorm = 165.643265, step = 1.000000

Iteration 101:
fx = 69625.718750, xnorm = 27.878647, gnorm = 101.280197, step = 1.000000

Iteration 102:
fx = 69624.250000, xnorm = 27.873777, gnorm = 116.233582, step = 1.000000

Iteration 103:
fx = 69623.664062, xnorm = 27.861259, gnorm = 191.312271, step = 1.000000

Iteration 104:
fx = 69622.054688, xnorm = 27.860542, gnorm = 105.870514, step = 1.000000

Iteration 105:
fx = 69620.093750, xnorm = 27.856434, gnorm = 100.765869, step = 1.000000

Iteration 106:
fx = 69618.429688, xnorm = 27.844316, gnorm = 123.235329, step = 1.000000

Iteration 107:
fx = 69616.984375, xnorm = 27.831709, gnorm = 150.056732, step = 0.481949

Iteration 108:
fx = 69615.515625, xnorm = 27.817205, gnorm = 87.509056, step = 1.000000

Iteration 109:
fx = 69615.164062, xnorm = 27.809429, gnorm = 74.571533, step = 1.000000

Iteration 110:
fx = 69614.156250, xnorm = 27.800472, gnorm = 74.827217, step = 1.000000

Iteration 111:
fx = 69613.265625, xnorm = 27.788465, gnorm = 97.459579, step = 1.000000

Iteration 112:
fx = 69612.406250, xnorm = 27.776133, gnorm = 134.603394, step = 1.000000

Iteration 113:
fx = 69611.085938, xnorm = 27.772518, gnorm = 75.115265, step = 1.000000

Iteration 114:
fx = 69611.039062, xnorm = 27.774920, gnorm = 59.704597, step = 1.000000

Iteration 115:
fx = 69610.875000, xnorm = 27.775888, gnorm = 96.323265, step = 1.000000

Iteration 116:
fx = 69610.679688, xnorm = 27.774012, gnorm = 78.545662, step = 1.000000

Iteration 117:
fx = 69610.195312, xnorm = 27.771204, gnorm = 61.700226, step = 1.000000

Iteration 118:
fx = 69609.734375, xnorm = 27.764023, gnorm = 90.686241, step = 1.000000

Iteration 119:
fx = 69609.023438, xnorm = 27.762644, gnorm = 117.686134, step = 1.000000

Iteration 120:
fx = 69608.992188, xnorm = 27.763000, gnorm = 102.210693, step = 0.239934

Iteration 121:
fx = 69608.929688, xnorm = 27.763725, gnorm = 77.954338, step = 0.227915

Iteration 122:
fx = 69608.929688, xnorm = 27.764330, gnorm = 61.624996, step = 0.181220

Iteration 123:
fx = 69608.867188, xnorm = 27.765051, gnorm = 47.973454, step = 0.185923

L-BFGS optimization terminated with status code = -1001
fx = 69608.859375
[0;32mINFO[0;0m 2021-05-22 19:50:34,069 plmdca get_fields_and_couplings_from_backend 
	Data size expected from plmDCA backend: 89675
[0;32mINFO[0;0m 2021-05-22 19:50:34,070 plmdca get_fields_and_couplings_from_backend 
	Data size obtained from plmDCA backend to Python: 89675
[0;32mINFO[0;0m 2021-05-22 19:50:34,179 plmdca compute_sorted_FN 
	Computing non-APC sorted DCA score
[0;32mINFO[0;0m 2021-05-22 19:50:34,362 plmdca compute_sorted_FN_APC 
	Performing average product correction (APC) of FN  of DCA scores
[0;32mINFO[0;0m 2021-05-22 19:50:34,393 dca_utilities write_sorted_dca_scores 
	Writing DCA scores to file PLMDCA_output_4wzd_2K/PLMDCA_apc_fn_scores_4wzd_2K.txt
