[0;32mINFO[0;0m 2021-06-10 13:30:30,779 fasta_reader get_alignment_int_form 
	Total number of sequences read from file: 57
[0;32mINFO[0;0m 2021-06-10 13:30:30,779 meanfield_dca compute_sequences_weight 
	Computing sequences weights
[0;32mINFO[0;0m 2021-06-10 13:30:32,585 meanfield_dca __init__ 
	Created a MeanFieldDCA object with the following attributes
        	biomolecule: RNA
        	total states at sites: 5
        	pseudocount: 0.5
        	sequence identity: 0.8
        	alignment length: 90
        	total number of unique sequences (excluding redundant sequences with 100 percent similarity): 56
        	effective number of sequences (with sequence identity 0.8): 11.933324845089551
        
[0;32mINFO[0;0m 2021-06-10 13:30:32,585 meanfield_dca get_single_site_freqs 
	Computing single site frequencies
[0;32mINFO[0;0m 2021-06-10 13:30:33,328 meanfield_dca get_reg_single_site_freqs 
	Regularizing single site frequencies
[0;32mINFO[0;0m 2021-06-10 13:30:33,584 meanfield_dca get_pair_site_freqs 
	Computing pair site frequencies
[0;32mINFO[0;0m 2021-06-10 13:30:39,855 meanfield_dca get_reg_pair_site_freqs 
	Regularizing pair site frequencies
[0;32mINFO[0;0m 2021-06-10 13:30:40,091 meanfield_dca construct_corr_mat 
	Constructing the correlation matrix
[0;32mINFO[0;0m 2021-06-10 13:30:40,469 meanfield_dca compute_couplings 
	Computing couplings
[0;32mINFO[0;0m 2021-06-10 13:30:42,227 meanfield_dca compute_couplings 
	Maximum and minimum couplings: 2.455899875656114, -20.000000000000043
[0;32mINFO[0;0m 2021-06-10 13:30:42,227 meanfield_dca compute_sorted_FN 
	Computing Frobenius norm of couplings
[0;32mINFO[0;0m 2021-06-10 13:30:42,556 meanfield_dca compute_sorted_FN_APC 
	Performing average product correction (APC) to Frobenius norm of couplings.
[0;32mINFO[0;0m 2021-06-10 13:30:42,594 dca_utilities write_sorted_dca_scores 
	Writing DCA scores to file MFDCA_output_PKB210/MFDCA_apc_fn_scores_PKB210.txt
[0;32mINFO[0;0m 2021-06-10 13:30:42,605 mfdca_main run_meanfield_dca 
	DONE
