[0;32mINFO[0;0m 2021-05-22 18:48:47,681 fasta_reader get_alignment_int_form 
	Total number of sequences read from file: 12
[0;32mINFO[0;0m 2021-05-22 18:48:47,681 meanfield_dca compute_sequences_weight 
	Computing sequences weights
[0;32mINFO[0;0m 2021-05-22 18:48:48,525 meanfield_dca __init__ 
	Created a MeanFieldDCA object with the following attributes
        	biomolecule: RNA
        	total states at sites: 5
        	pseudocount: 0.5
        	sequence identity: 0.8
        	alignment length: 55
        	total number of unique sequences (excluding redundant sequences with 100 percent similarity): 12
        	effective number of sequences (with sequence identity 0.8): 5.666666666666668
        
[0;32mINFO[0;0m 2021-05-22 18:48:48,525 meanfield_dca get_single_site_freqs 
	Computing single site frequencies
[0;32mINFO[0;0m 2021-05-22 18:48:48,878 meanfield_dca get_reg_single_site_freqs 
	Regularizing single site frequencies
[0;32mINFO[0;0m 2021-05-22 18:48:48,998 meanfield_dca get_pair_site_freqs 
	Computing pair site frequencies
[0;32mINFO[0;0m 2021-05-22 18:48:52,127 meanfield_dca get_reg_pair_site_freqs 
	Regularizing pair site frequencies
[0;32mINFO[0;0m 2021-05-22 18:48:52,323 meanfield_dca construct_corr_mat 
	Constructing the correlation matrix
[0;32mINFO[0;0m 2021-05-22 18:48:52,633 meanfield_dca compute_couplings 
	Computing couplings
[0;32mINFO[0;0m 2021-05-22 18:48:53,139 meanfield_dca compute_couplings 
	Maximum and minimum couplings: 3.6898058433742063, -20.00000000000001
[0;32mINFO[0;0m 2021-05-22 18:48:53,139 meanfield_dca compute_sorted_FN 
	Computing Frobenius norm of couplings
[0;32mINFO[0;0m 2021-05-22 18:48:53,280 meanfield_dca compute_sorted_FN_APC 
	Performing average product correction (APC) to Frobenius norm of couplings.
[0;32mINFO[0;0m 2021-05-22 18:48:53,286 dca_utilities write_sorted_dca_scores 
	Writing DCA scores to file MFDCA_output_4k27_U/MFDCA_apc_fn_scores_4k27_U.txt
[0;32mINFO[0;0m 2021-05-22 18:48:53,289 mfdca_main run_meanfield_dca 
	DONE
