[0;32mINFO[0;0m 2021-06-10 13:30:02,847 fasta_reader get_alignment_int_form 
	Found 1185 non-standard residues in 870 sequences
[0;32mINFO[0;0m 2021-06-10 13:30:02,847 fasta_reader get_alignment_int_form 
	Total number of sequences read from file: 16992
[0;32mINFO[0;0m 2021-06-10 13:30:02,850 meanfield_dca compute_sequences_weight 
	Computing sequences weights
[0;32mINFO[0;0m 2021-06-10 13:30:04,711 meanfield_dca __init__ 
	Created a MeanFieldDCA object with the following attributes
        	biomolecule: RNA
        	total states at sites: 5
        	pseudocount: 0.5
        	sequence identity: 0.8
        	alignment length: 48
        	total number of unique sequences (excluding redundant sequences with 100 percent similarity): 16924
        	effective number of sequences (with sequence identity 0.8): 5.550426517617171
        
[0;32mINFO[0;0m 2021-06-10 13:30:04,712 meanfield_dca get_single_site_freqs 
	Computing single site frequencies
[0;32mINFO[0;0m 2021-06-10 13:30:05,320 meanfield_dca get_reg_single_site_freqs 
	Regularizing single site frequencies
[0;32mINFO[0;0m 2021-06-10 13:30:05,475 meanfield_dca get_pair_site_freqs 
	Computing pair site frequencies
[0;32mINFO[0;0m 2021-06-10 13:30:09,649 meanfield_dca get_reg_pair_site_freqs 
	Regularizing pair site frequencies
[0;32mINFO[0;0m 2021-06-10 13:30:09,939 meanfield_dca construct_corr_mat 
	Constructing the correlation matrix
[0;32mINFO[0;0m 2021-06-10 13:30:10,258 meanfield_dca compute_couplings 
	Computing couplings
[0;32mINFO[0;0m 2021-06-10 13:30:11,265 meanfield_dca compute_couplings 
	Maximum and minimum couplings: 3.9634466586160153, -19.886190890586732
[0;32mINFO[0;0m 2021-06-10 13:30:11,265 meanfield_dca compute_sorted_FN 
	Computing Frobenius norm of couplings
[0;32mINFO[0;0m 2021-06-10 13:30:11,390 meanfield_dca compute_sorted_FN_APC 
	Performing average product correction (APC) to Frobenius norm of couplings.
[0;32mINFO[0;0m 2021-06-10 13:30:11,396 dca_utilities write_sorted_dca_scores 
	Writing DCA scores to file MFDCA_output_PKB205/MFDCA_apc_fn_scores_PKB205.txt
[0;32mINFO[0;0m 2021-06-10 13:30:11,402 mfdca_main run_meanfield_dca 
	DONE
