[0;32mINFO[0;0m 2021-05-22 20:01:28,713 plmdca __init__ Created plmDCA instance with:
            biomolecule: RNA
            MSA sequence length: 75
            total number of (unweighted) sequences: 25000
            sequence identity: 0.8
            lambda_h: 14.8
            lambda_J: 14.8
            gradient decent iterations: 500
            number of threads: 40
        
[0;32mINFO[0;0m 2021-05-22 20:01:28,713 plmdca get_fields_and_couplings_from_backend 
	Computing fields and couplings using gradient decent
Iteration 1:
fx = 202639.921875, xnorm = 26.811687, gnorm = 30472.279297, step = 0.000055

Iteration 2:
fx = 191967.171875, xnorm = 26.808773, gnorm = 12933.974609, step = 1.000000

Iteration 3:
fx = 186441.046875, xnorm = 26.780790, gnorm = 10767.337891, step = 1.000000

Iteration 4:
fx = 169960.406250, xnorm = 26.784302, gnorm = 16090.207031, step = 1.000000

Iteration 5:
fx = 149535.859375, xnorm = 27.447847, gnorm = 16422.937500, step = 1.000000

Iteration 6:
fx = 139509.437500, xnorm = 29.465591, gnorm = 18314.589844, step = 1.000000

Iteration 7:
fx = 130228.257812, xnorm = 30.573145, gnorm = 10435.311523, step = 1.000000

Iteration 8:
fx = 126574.695312, xnorm = 30.919477, gnorm = 7898.399902, step = 1.000000

Iteration 9:
fx = 121885.296875, xnorm = 31.546001, gnorm = 8170.516113, step = 1.000000

Iteration 10:
fx = 118978.406250, xnorm = 32.163200, gnorm = 7935.177246, step = 1.000000

Iteration 11:
fx = 116545.531250, xnorm = 32.529243, gnorm = 6494.667480, step = 1.000000

Iteration 12:
fx = 111475.187500, xnorm = 33.755714, gnorm = 6839.897461, step = 1.000000

Iteration 13:
fx = 111275.164062, xnorm = 34.926655, gnorm = 9762.750977, step = 1.000000

Iteration 14:
fx = 108598.531250, xnorm = 34.402134, gnorm = 5112.058105, step = 1.000000

Iteration 15:
fx = 108013.375000, xnorm = 33.981266, gnorm = 5859.556152, step = 1.000000

Iteration 16:
fx = 107118.734375, xnorm = 34.100288, gnorm = 2619.230225, step = 1.000000

Iteration 17:
fx = 106389.125000, xnorm = 34.151669, gnorm = 2928.500244, step = 1.000000

Iteration 18:
fx = 105497.703125, xnorm = 34.095421, gnorm = 4145.112305, step = 1.000000

Iteration 19:
fx = 104658.132812, xnorm = 33.839386, gnorm = 6792.454102, step = 1.000000

Iteration 20:
fx = 103206.828125, xnorm = 33.616592, gnorm = 3943.870605, step = 1.000000

Iteration 21:
fx = 101951.445312, xnorm = 33.238392, gnorm = 2988.721191, step = 1.000000

Iteration 22:
fx = 101194.671875, xnorm = 33.003792, gnorm = 3660.437500, step = 1.000000

Iteration 23:
fx = 100453.750000, xnorm = 32.759232, gnorm = 3736.661621, step = 1.000000

Iteration 24:
fx = 99906.664062, xnorm = 32.720898, gnorm = 2889.300049, step = 1.000000

Iteration 25:
fx = 99241.421875, xnorm = 32.650150, gnorm = 3361.877686, step = 1.000000

Iteration 26:
fx = 98710.070312, xnorm = 32.572609, gnorm = 3651.643555, step = 1.000000

Iteration 27:
fx = 98173.375000, xnorm = 32.505211, gnorm = 2697.150146, step = 1.000000

Iteration 28:
fx = 97631.093750, xnorm = 32.429375, gnorm = 2808.477783, step = 1.000000

Iteration 29:
fx = 97182.078125, xnorm = 32.350376, gnorm = 3401.978516, step = 1.000000

Iteration 30:
fx = 96733.437500, xnorm = 32.293140, gnorm = 3067.622070, step = 1.000000

Iteration 31:
fx = 96216.734375, xnorm = 32.232567, gnorm = 2911.692871, step = 1.000000

Iteration 32:
fx = 95710.507812, xnorm = 32.185783, gnorm = 2963.873535, step = 1.000000

Iteration 33:
fx = 95331.148438, xnorm = 32.170155, gnorm = 3301.273438, step = 1.000000

Iteration 34:
fx = 94956.046875, xnorm = 32.180164, gnorm = 2281.662842, step = 1.000000

Iteration 35:
fx = 94680.546875, xnorm = 32.201767, gnorm = 2089.116699, step = 1.000000

Iteration 36:
fx = 94432.296875, xnorm = 32.255836, gnorm = 3093.291992, step = 1.000000

Iteration 37:
fx = 94091.453125, xnorm = 32.334404, gnorm = 2067.543213, step = 1.000000

Iteration 38:
fx = 93858.554688, xnorm = 32.395290, gnorm = 2177.834961, step = 1.000000

Iteration 39:
fx = 93626.570312, xnorm = 32.471687, gnorm = 2275.785645, step = 1.000000

Iteration 40:
fx = 93428.101562, xnorm = 32.529984, gnorm = 1944.479492, step = 1.000000

Iteration 41:
fx = 93186.835938, xnorm = 32.596664, gnorm = 1860.425903, step = 1.000000

Iteration 42:
fx = 92964.890625, xnorm = 32.721432, gnorm = 2602.402344, step = 1.000000

Iteration 43:
fx = 92721.265625, xnorm = 32.811249, gnorm = 1661.535034, step = 1.000000

Iteration 44:
fx = 92542.632812, xnorm = 32.866623, gnorm = 1759.052490, step = 1.000000

Iteration 45:
fx = 92370.945312, xnorm = 32.951370, gnorm = 2175.618408, step = 1.000000

Iteration 46:
fx = 92202.882812, xnorm = 33.018776, gnorm = 1657.647827, step = 1.000000

Iteration 47:
fx = 92036.687500, xnorm = 33.054142, gnorm = 1474.158691, step = 1.000000

Iteration 48:
fx = 91900.039062, xnorm = 33.106136, gnorm = 1990.181763, step = 1.000000

Iteration 49:
fx = 91753.148438, xnorm = 33.133121, gnorm = 1350.717407, step = 1.000000

Iteration 50:
fx = 91627.867188, xnorm = 33.153587, gnorm = 1274.193726, step = 1.000000

Iteration 51:
fx = 91582.437500, xnorm = 33.200077, gnorm = 2719.256348, step = 1.000000

Iteration 52:
fx = 91444.789062, xnorm = 33.193371, gnorm = 1082.310181, step = 1.000000

Iteration 53:
fx = 91402.023438, xnorm = 33.176922, gnorm = 1015.901184, step = 1.000000

Iteration 54:
fx = 91335.242188, xnorm = 33.159954, gnorm = 1203.926392, step = 1.000000

Iteration 55:
fx = 91214.773438, xnorm = 33.114006, gnorm = 1558.876221, step = 1.000000

Iteration 56:
fx = 91151.132812, xnorm = 33.095791, gnorm = 1598.508179, step = 0.276327

Iteration 57:
fx = 91042.812500, xnorm = 33.060947, gnorm = 1185.123047, step = 1.000000

Iteration 58:
fx = 90968.671875, xnorm = 33.000145, gnorm = 1612.771606, step = 1.000000

Iteration 59:
fx = 90889.250000, xnorm = 32.936104, gnorm = 1459.479370, step = 1.000000

Iteration 60:
fx = 90839.890625, xnorm = 32.917267, gnorm = 786.306213, step = 1.000000

Iteration 61:
fx = 90800.671875, xnorm = 32.871700, gnorm = 836.026001, step = 1.000000

Iteration 62:
fx = 90754.625000, xnorm = 32.807003, gnorm = 1022.563782, step = 1.000000

Iteration 63:
fx = 90620.062500, xnorm = 32.577374, gnorm = 1233.758789, step = 1.000000

Iteration 64:
fx = 90579.171875, xnorm = 32.496658, gnorm = 1337.753052, step = 0.202506

Iteration 65:
fx = 90497.406250, xnorm = 32.334599, gnorm = 862.502197, step = 1.000000

Iteration 66:
fx = 90444.296875, xnorm = 32.179592, gnorm = 1073.427734, step = 1.000000

Iteration 67:
fx = 90404.523438, xnorm = 32.043324, gnorm = 1213.552856, step = 1.000000

Iteration 68:
fx = 90377.476562, xnorm = 32.073708, gnorm = 576.518188, step = 1.000000

Iteration 69:
fx = 90361.343750, xnorm = 32.075729, gnorm = 522.908508, step = 1.000000

Iteration 70:
fx = 90340.210938, xnorm = 32.041187, gnorm = 620.737061, step = 1.000000

Iteration 71:
fx = 90334.414062, xnorm = 31.847239, gnorm = 1985.867920, step = 1.000000

Iteration 72:
fx = 90264.992188, xnorm = 31.770226, gnorm = 689.376160, step = 1.000000

Iteration 73:
fx = 90240.640625, xnorm = 31.706541, gnorm = 454.244781, step = 1.000000

Iteration 74:
fx = 90220.296875, xnorm = 31.608486, gnorm = 529.115479, step = 1.000000

Iteration 75:
fx = 90187.187500, xnorm = 31.480509, gnorm = 612.915405, step = 1.000000

Iteration 76:
fx = 90174.304688, xnorm = 31.413488, gnorm = 564.476196, step = 0.273343

Iteration 77:
fx = 90153.664062, xnorm = 31.313097, gnorm = 388.882538, step = 1.000000

Iteration 78:
fx = 90134.867188, xnorm = 31.238461, gnorm = 382.253967, step = 1.000000

Iteration 79:
fx = 90107.093750, xnorm = 31.055874, gnorm = 809.809753, step = 1.000000

Iteration 80:
fx = 90099.117188, xnorm = 31.038507, gnorm = 1022.979919, step = 1.000000

Iteration 81:
fx = 90083.085938, xnorm = 31.079609, gnorm = 446.794495, step = 1.000000

Iteration 82:
fx = 90075.375000, xnorm = 31.096657, gnorm = 294.168427, step = 1.000000

Iteration 83:
fx = 90068.125000, xnorm = 31.088131, gnorm = 411.607056, step = 1.000000

Iteration 84:
fx = 90057.867188, xnorm = 31.044228, gnorm = 460.784119, step = 1.000000

Iteration 85:
fx = 90051.250000, xnorm = 31.017080, gnorm = 575.426941, step = 0.270225

Iteration 86:
fx = 90041.320312, xnorm = 30.948507, gnorm = 307.938141, step = 1.000000

Iteration 87:
fx = 90034.742188, xnorm = 30.897882, gnorm = 239.833679, step = 1.000000

Iteration 88:
fx = 90030.367188, xnorm = 30.858463, gnorm = 354.709167, step = 0.419768

Iteration 89:
fx = 90021.875000, xnorm = 30.786150, gnorm = 282.898315, step = 1.000000

Iteration 90:
fx = 90014.976562, xnorm = 30.736252, gnorm = 291.516693, step = 1.000000

Iteration 91:
fx = 90006.210938, xnorm = 30.582829, gnorm = 688.883423, step = 1.000000

Iteration 92:
fx = 89995.601562, xnorm = 30.604158, gnorm = 239.778061, step = 1.000000

Iteration 93:
fx = 89994.484375, xnorm = 30.617920, gnorm = 200.551849, step = 1.000000

Iteration 94:
fx = 89988.625000, xnorm = 30.601688, gnorm = 300.098419, step = 1.000000

Iteration 95:
fx = 89986.765625, xnorm = 30.579481, gnorm = 201.320847, step = 0.326855

Iteration 96:
fx = 89983.664062, xnorm = 30.523758, gnorm = 183.861877, step = 1.000000

Iteration 97:
fx = 89980.921875, xnorm = 30.461246, gnorm = 316.044983, step = 1.000000

Iteration 98:
fx = 89976.804688, xnorm = 30.411955, gnorm = 156.159607, step = 1.000000

Iteration 99:
fx = 89974.867188, xnorm = 30.404278, gnorm = 138.647064, step = 1.000000

Iteration 100:
fx = 89972.179688, xnorm = 30.403353, gnorm = 240.386795, step = 1.000000

Iteration 101:
fx = 89971.570312, xnorm = 30.399105, gnorm = 165.995621, step = 0.334415

Iteration 102:
fx = 89970.398438, xnorm = 30.395069, gnorm = 167.911850, step = 1.000000

Iteration 103:
fx = 89968.421875, xnorm = 30.384428, gnorm = 206.374496, step = 1.000000

Iteration 104:
fx = 89964.710938, xnorm = 30.361277, gnorm = 210.837585, step = 1.000000

Iteration 105:
fx = 89963.171875, xnorm = 30.349430, gnorm = 207.304001, step = 0.286929

Iteration 106:
fx = 89960.492188, xnorm = 30.334888, gnorm = 103.494331, step = 1.000000

Iteration 107:
fx = 89959.343750, xnorm = 30.326216, gnorm = 95.963379, step = 1.000000

Iteration 108:
fx = 89957.656250, xnorm = 30.313116, gnorm = 162.204376, step = 1.000000

Iteration 109:
fx = 89956.945312, xnorm = 30.300306, gnorm = 133.005936, step = 1.000000

Iteration 110:
fx = 89956.453125, xnorm = 30.297316, gnorm = 86.130531, step = 1.000000

Iteration 111:
fx = 89955.804688, xnorm = 30.290991, gnorm = 100.733597, step = 1.000000

Iteration 112:
fx = 89955.546875, xnorm = 30.280277, gnorm = 142.936508, step = 1.000000

Iteration 113:
fx = 89954.828125, xnorm = 30.262218, gnorm = 100.210358, step = 1.000000

Iteration 114:
fx = 89954.554688, xnorm = 30.255806, gnorm = 71.017166, step = 1.000000

L-BFGS optimization terminated with status code = -1001
fx = 89954.546875
[0;32mINFO[0;0m 2021-05-22 20:01:45,820 plmdca get_fields_and_couplings_from_backend 
	Data size expected from plmDCA backend: 69750
[0;32mINFO[0;0m 2021-05-22 20:01:45,821 plmdca get_fields_and_couplings_from_backend 
	Data size obtained from plmDCA backend to Python: 69750
[0;32mINFO[0;0m 2021-05-22 20:01:45,865 plmdca compute_sorted_FN 
	Computing non-APC sorted DCA score
[0;32mINFO[0;0m 2021-05-22 20:01:45,990 plmdca compute_sorted_FN_APC 
	Performing average product correction (APC) of FN  of DCA scores
[0;32mINFO[0;0m 2021-05-22 20:01:46,012 dca_utilities write_sorted_dca_scores 
	Writing DCA scores to file PLMDCA_output_2csx_C/PLMDCA_apc_fn_scores_2csx_C.txt
