[0;32mINFO[0;0m 2021-06-10 14:46:53,733 fasta_reader get_alignment_int_form 
	Total number of sequences read from file: 17
[0;32mINFO[0;0m 2021-06-10 14:46:53,733 meanfield_dca compute_sequences_weight 
	Computing sequences weights
[0;32mINFO[0;0m 2021-06-10 14:46:54,620 meanfield_dca __init__ 
	Created a MeanFieldDCA object with the following attributes
        	biomolecule: RNA
        	total states at sites: 5
        	pseudocount: 0.5
        	sequence identity: 0.8
        	alignment length: 37
        	total number of unique sequences (excluding redundant sequences with 100 percent similarity): 16
        	effective number of sequences (with sequence identity 0.8): 4.402380952380952
        
[0;32mINFO[0;0m 2021-06-10 14:46:54,620 meanfield_dca get_single_site_freqs 
	Computing single site frequencies
[0;32mINFO[0;0m 2021-06-10 14:46:54,980 meanfield_dca get_reg_single_site_freqs 
	Regularizing single site frequencies
[0;32mINFO[0;0m 2021-06-10 14:46:55,102 meanfield_dca get_pair_site_freqs 
	Computing pair site frequencies
[0;32mINFO[0;0m 2021-06-10 14:46:58,290 meanfield_dca get_reg_pair_site_freqs 
	Regularizing pair site frequencies
[0;32mINFO[0;0m 2021-06-10 14:46:58,490 meanfield_dca construct_corr_mat 
	Constructing the correlation matrix
[0;32mINFO[0;0m 2021-06-10 14:46:58,811 meanfield_dca compute_couplings 
	Computing couplings
[0;32mINFO[0;0m 2021-06-10 14:46:59,317 meanfield_dca compute_couplings 
	Maximum and minimum couplings: 3.1881623471850826, -20.00000000000001
[0;32mINFO[0;0m 2021-06-10 14:46:59,317 meanfield_dca compute_sorted_FN 
	Computing Frobenius norm of couplings
[0;32mINFO[0;0m 2021-06-10 14:46:59,401 meanfield_dca compute_sorted_FN_APC 
	Performing average product correction (APC) to Frobenius norm of couplings.
[0;32mINFO[0;0m 2021-06-10 14:46:59,410 dca_utilities write_sorted_dca_scores 
	Writing DCA scores to file MFDCA_output_PKB277/MFDCA_apc_fn_scores_PKB277.txt
[0;32mINFO[0;0m 2021-06-10 14:46:59,414 mfdca_main run_meanfield_dca 
	DONE
