[0;32mINFO[0;0m 2021-09-18 15:09:05,472 fasta_reader get_alignment_int_form 
	Total number of sequences read from file: 9
[0;32mINFO[0;0m 2021-09-18 15:09:05,472 meanfield_dca compute_sequences_weight 
	Computing sequences weights
[0;32mINFO[0;0m 2021-09-18 15:09:06,310 meanfield_dca __init__ 
	Created a MeanFieldDCA object with the following attributes
        	biomolecule: RNA
        	total states at sites: 5
        	pseudocount: 0.5
        	sequence identity: 0.8
        	alignment length: 27
        	total number of unique sequences (excluding redundant sequences with 100 percent similarity): 8
        	effective number of sequences (with sequence identity 0.8): 2.03452380952381
        
[0;32mINFO[0;0m 2021-09-18 15:09:06,311 meanfield_dca get_single_site_freqs 
	Computing single site frequencies
[0;32mINFO[0;0m 2021-09-18 15:09:06,665 meanfield_dca get_reg_single_site_freqs 
	Regularizing single site frequencies
[0;32mINFO[0;0m 2021-09-18 15:09:06,786 meanfield_dca get_pair_site_freqs 
	Computing pair site frequencies
[0;32mINFO[0;0m 2021-09-18 15:09:09,932 meanfield_dca get_reg_pair_site_freqs 
	Regularizing pair site frequencies
[0;32mINFO[0;0m 2021-09-18 15:09:10,168 meanfield_dca construct_corr_mat 
	Constructing the correlation matrix
[0;32mINFO[0;0m 2021-09-18 15:09:10,483 meanfield_dca compute_couplings 
	Computing couplings
[0;32mINFO[0;0m 2021-09-18 15:09:10,928 meanfield_dca compute_couplings 
	Maximum and minimum couplings: 1.5220657860308366, -20.000000000000032
[0;32mINFO[0;0m 2021-09-18 15:09:10,928 meanfield_dca compute_sorted_FN 
	Computing Frobenius norm of couplings
[0;32mINFO[0;0m 2021-09-18 15:09:10,965 meanfield_dca compute_sorted_FN_APC 
	Performing average product correction (APC) to Frobenius norm of couplings.
[0;32mINFO[0;0m 2021-09-18 15:09:10,968 dca_utilities write_sorted_dca_scores 
	Writing DCA scores to file MFDCA_output_PKB183/MFDCA_apc_fn_scores_PKB183.txt
[0;32mINFO[0;0m 2021-09-18 15:09:10,971 mfdca_main run_meanfield_dca 
	DONE
