[0;32mINFO[0;0m 2021-06-10 14:38:06,231 fasta_reader get_alignment_int_form 
	Total number of sequences read from file: 10
[0;32mINFO[0;0m 2021-06-10 14:38:06,232 meanfield_dca compute_sequences_weight 
	Computing sequences weights
[0;32mINFO[0;0m 2021-06-10 14:38:07,243 meanfield_dca __init__ 
	Created a MeanFieldDCA object with the following attributes
        	biomolecule: RNA
        	total states at sites: 5
        	pseudocount: 0.5
        	sequence identity: 0.8
        	alignment length: 28
        	total number of unique sequences (excluding redundant sequences with 100 percent similarity): 9
        	effective number of sequences (with sequence identity 0.8): 1.0
        
[0;32mINFO[0;0m 2021-06-10 14:38:07,244 meanfield_dca get_single_site_freqs 
	Computing single site frequencies
[0;32mINFO[0;0m 2021-06-10 14:38:07,649 meanfield_dca get_reg_single_site_freqs 
	Regularizing single site frequencies
[0;32mINFO[0;0m 2021-06-10 14:38:07,791 meanfield_dca get_pair_site_freqs 
	Computing pair site frequencies
[0;32mINFO[0;0m 2021-06-10 14:38:11,339 meanfield_dca get_reg_pair_site_freqs 
	Regularizing pair site frequencies
[0;32mINFO[0;0m 2021-06-10 14:38:11,562 meanfield_dca construct_corr_mat 
	Constructing the correlation matrix
[0;32mINFO[0;0m 2021-06-10 14:38:11,936 meanfield_dca compute_couplings 
	Computing couplings
[0;32mINFO[0;0m 2021-06-10 14:38:12,471 meanfield_dca compute_couplings 
	Maximum and minimum couplings: 2.238698445425158, -20.000000000000007
[0;32mINFO[0;0m 2021-06-10 14:38:12,471 meanfield_dca compute_sorted_FN 
	Computing Frobenius norm of couplings
[0;32mINFO[0;0m 2021-06-10 14:38:12,511 meanfield_dca compute_sorted_FN_APC 
	Performing average product correction (APC) to Frobenius norm of couplings.
[0;32mINFO[0;0m 2021-06-10 14:38:12,514 dca_utilities write_sorted_dca_scores 
	Writing DCA scores to file MFDCA_output_PKB189/MFDCA_apc_fn_scores_PKB189.txt
[0;32mINFO[0;0m 2021-06-10 14:38:12,517 mfdca_main run_meanfield_dca 
	DONE
