[0;32mINFO[0;0m 2021-10-27 22:09:10,784 fasta_reader get_alignment_int_form 
	Found 840 non-standard residues in 421 sequences
[0;32mINFO[0;0m 2021-10-27 22:09:10,785 fasta_reader get_alignment_int_form 
	Total number of sequences read from file: 50000
[0;32mINFO[0;0m 2021-10-27 22:09:10,791 meanfield_dca compute_sequences_weight 
	Computing sequences weights
[0;32mINFO[0;0m 2021-10-27 22:09:15,946 meanfield_dca __init__ 
	Created a MeanFieldDCA object with the following attributes
        	biomolecule: RNA
        	total states at sites: 5
        	pseudocount: 0.5
        	sequence identity: 0.8
        	alignment length: 77
        	total number of unique sequences (excluding redundant sequences with 100 percent similarity): 49992
        	effective number of sequences (with sequence identity 0.8): 862.605812522665
        
[0;32mINFO[0;0m 2021-10-27 22:09:15,948 meanfield_dca get_single_site_freqs 
	Computing single site frequencies
[0;32mINFO[0;0m 2021-10-27 22:09:16,665 meanfield_dca get_reg_single_site_freqs 
	Regularizing single site frequencies
[0;32mINFO[0;0m 2021-10-27 22:09:16,881 meanfield_dca get_pair_site_freqs 
	Computing pair site frequencies
[0;32mINFO[0;0m 2021-10-27 22:09:23,204 meanfield_dca get_reg_pair_site_freqs 
	Regularizing pair site frequencies
[0;32mINFO[0;0m 2021-10-27 22:09:23,407 meanfield_dca construct_corr_mat 
	Constructing the correlation matrix
[0;32mINFO[0;0m 2021-10-27 22:09:23,758 meanfield_dca compute_couplings 
	Computing couplings
[0;32mINFO[0;0m 2021-10-27 22:09:24,326 meanfield_dca compute_couplings 
	Maximum and minimum couplings: 2.8010516606082283, -19.976606120528107
[0;32mINFO[0;0m 2021-10-27 22:09:24,326 meanfield_dca compute_sorted_FN 
	Computing Frobenius norm of couplings
[0;32mINFO[0;0m 2021-10-27 22:09:24,514 meanfield_dca compute_sorted_FN_APC 
	Performing average product correction (APC) to Frobenius norm of couplings.
[0;32mINFO[0;0m 2021-10-27 22:09:24,532 dca_utilities write_sorted_dca_scores 
	Writing DCA scores to file MFDCA_output_6ufh_B/MFDCA_apc_fn_scores_6ufh_B.txt
[0;32mINFO[0;0m 2021-10-27 22:09:24,548 mfdca_main run_meanfield_dca 
	DONE
