[0;32mINFO[0;0m 2021-08-18 21:35:19,376 fasta_reader get_alignment_int_form 
	Found 328 non-standard residues in 175 sequences
[0;32mINFO[0;0m 2021-08-18 21:35:19,376 fasta_reader get_alignment_int_form 
	Total number of sequences read from file: 37182
[0;32mINFO[0;0m 2021-08-18 21:35:19,381 meanfield_dca compute_sequences_weight 
	Computing sequences weights
[0;32mINFO[0;0m 2021-08-18 21:35:22,303 meanfield_dca __init__ 
	Created a MeanFieldDCA object with the following attributes
        	biomolecule: RNA
        	total states at sites: 5
        	pseudocount: 0.5
        	sequence identity: 0.8
        	alignment length: 69
        	total number of unique sequences (excluding redundant sequences with 100 percent similarity): 37180
        	effective number of sequences (with sequence identity 0.8): 1665.0824129898506
        
[0;32mINFO[0;0m 2021-08-18 21:35:22,303 meanfield_dca get_single_site_freqs 
	Computing single site frequencies
[0;32mINFO[0;0m 2021-08-18 21:35:22,861 meanfield_dca get_reg_single_site_freqs 
	Regularizing single site frequencies
[0;32mINFO[0;0m 2021-08-18 21:35:22,989 meanfield_dca get_pair_site_freqs 
	Computing pair site frequencies
[0;32mINFO[0;0m 2021-08-18 21:35:27,702 meanfield_dca get_reg_pair_site_freqs 
	Regularizing pair site frequencies
[0;32mINFO[0;0m 2021-08-18 21:35:27,902 meanfield_dca construct_corr_mat 
	Constructing the correlation matrix
[0;32mINFO[0;0m 2021-08-18 21:35:28,164 meanfield_dca compute_couplings 
	Computing couplings
[0;32mINFO[0;0m 2021-08-18 21:35:28,780 meanfield_dca compute_couplings 
	Maximum and minimum couplings: 3.0367433569732314, -19.694082408027818
[0;32mINFO[0;0m 2021-08-18 21:35:28,780 meanfield_dca compute_sorted_FN 
	Computing Frobenius norm of couplings
[0;32mINFO[0;0m 2021-08-18 21:35:28,958 meanfield_dca compute_sorted_FN_APC 
	Performing average product correction (APC) to Frobenius norm of couplings.
[0;32mINFO[0;0m 2021-08-18 21:35:28,971 dca_utilities write_sorted_dca_scores 
	Writing DCA scores to file MFDCA_output_3eph_E/MFDCA_apc_fn_scores_3eph_E.txt
[0;32mINFO[0;0m 2021-08-18 21:35:28,982 mfdca_main run_meanfield_dca 
	DONE
