[0;32mINFO[0;0m 2021-09-18 15:28:15,502 fasta_reader get_alignment_int_form 
	Total number of sequences read from file: 7
[0;32mINFO[0;0m 2021-09-18 15:28:15,502 meanfield_dca compute_sequences_weight 
	Computing sequences weights
[0;32mINFO[0;0m 2021-09-18 15:28:16,374 meanfield_dca __init__ 
	Created a MeanFieldDCA object with the following attributes
        	biomolecule: RNA
        	total states at sites: 5
        	pseudocount: 0.5
        	sequence identity: 0.8
        	alignment length: 27
        	total number of unique sequences (excluding redundant sequences with 100 percent similarity): 6
        	effective number of sequences (with sequence identity 0.8): 0.9999999999999999
        
[0;32mINFO[0;0m 2021-09-18 15:28:16,375 meanfield_dca get_single_site_freqs 
	Computing single site frequencies
[0;32mINFO[0;0m 2021-09-18 15:28:16,734 meanfield_dca get_reg_single_site_freqs 
	Regularizing single site frequencies
[0;32mINFO[0;0m 2021-09-18 15:28:16,854 meanfield_dca get_pair_site_freqs 
	Computing pair site frequencies
[0;32mINFO[0;0m 2021-09-18 15:28:20,013 meanfield_dca get_reg_pair_site_freqs 
	Regularizing pair site frequencies
[0;32mINFO[0;0m 2021-09-18 15:28:20,210 meanfield_dca construct_corr_mat 
	Constructing the correlation matrix
[0;32mINFO[0;0m 2021-09-18 15:28:20,522 meanfield_dca compute_couplings 
	Computing couplings
[0;32mINFO[0;0m 2021-09-18 15:28:20,985 meanfield_dca compute_couplings 
	Maximum and minimum couplings: 0.6941671284300432, -20.00000000000001
[0;32mINFO[0;0m 2021-09-18 15:28:20,985 meanfield_dca compute_sorted_FN 
	Computing Frobenius norm of couplings
[0;32mINFO[0;0m 2021-09-18 15:28:21,026 meanfield_dca compute_sorted_FN_APC 
	Performing average product correction (APC) to Frobenius norm of couplings.
[0;32mINFO[0;0m 2021-09-18 15:28:21,029 dca_utilities write_sorted_dca_scores 
	Writing DCA scores to file MFDCA_output_PKB92/MFDCA_apc_fn_scores_PKB92.txt
[0;32mINFO[0;0m 2021-09-18 15:28:21,032 mfdca_main run_meanfield_dca 
	DONE
