[0;32mINFO[0;0m 2021-09-18 14:54:51,348 fasta_reader get_alignment_int_form 
	Found 5 non-standard residues in 1 sequences
[0;32mINFO[0;0m 2021-09-18 14:54:51,348 fasta_reader get_alignment_int_form 
	Total number of sequences read from file: 34
[0;32mINFO[0;0m 2021-09-18 14:54:51,348 meanfield_dca compute_sequences_weight 
	Computing sequences weights
[0;32mINFO[0;0m 2021-09-18 14:54:52,224 meanfield_dca __init__ 
	Created a MeanFieldDCA object with the following attributes
        	biomolecule: RNA
        	total states at sites: 5
        	pseudocount: 0.5
        	sequence identity: 0.8
        	alignment length: 32
        	total number of unique sequences (excluding redundant sequences with 100 percent similarity): 34
        	effective number of sequences (with sequence identity 0.8): 1.499456981454793
        
[0;32mINFO[0;0m 2021-09-18 14:54:52,225 meanfield_dca get_single_site_freqs 
	Computing single site frequencies
[0;32mINFO[0;0m 2021-09-18 14:54:52,598 meanfield_dca get_reg_single_site_freqs 
	Regularizing single site frequencies
[0;32mINFO[0;0m 2021-09-18 14:54:52,726 meanfield_dca get_pair_site_freqs 
	Computing pair site frequencies
[0;32mINFO[0;0m 2021-09-18 14:54:56,007 meanfield_dca get_reg_pair_site_freqs 
	Regularizing pair site frequencies
[0;32mINFO[0;0m 2021-09-18 14:54:56,204 meanfield_dca construct_corr_mat 
	Constructing the correlation matrix
[0;32mINFO[0;0m 2021-09-18 14:54:56,514 meanfield_dca compute_couplings 
	Computing couplings
[0;32mINFO[0;0m 2021-09-18 14:54:56,973 meanfield_dca compute_couplings 
	Maximum and minimum couplings: 4.21572913436908, -20.00000000000002
[0;32mINFO[0;0m 2021-09-18 14:54:56,974 meanfield_dca compute_sorted_FN 
	Computing Frobenius norm of couplings
[0;32mINFO[0;0m 2021-09-18 14:54:57,033 meanfield_dca compute_sorted_FN_APC 
	Performing average product correction (APC) to Frobenius norm of couplings.
[0;32mINFO[0;0m 2021-09-18 14:54:57,037 dca_utilities write_sorted_dca_scores 
	Writing DCA scores to file MFDCA_output_PKB64/MFDCA_apc_fn_scores_PKB64.txt
[0;32mINFO[0;0m 2021-09-18 14:54:57,041 mfdca_main run_meanfield_dca 
	DONE
