[0;32mINFO[0;0m 2021-05-22 16:56:21,693 fasta_reader get_alignment_int_form 
	Found 37 non-standard residues in 22 sequences
[0;32mINFO[0;0m 2021-05-22 16:56:21,693 fasta_reader get_alignment_int_form 
	Total number of sequences read from file: 25000
[0;32mINFO[0;0m 2021-05-22 16:56:21,695 meanfield_dca compute_sequences_weight 
	Computing sequences weights
[0;32mINFO[0;0m 2021-05-22 16:56:23,468 meanfield_dca __init__ 
	Created a MeanFieldDCA object with the following attributes
        	biomolecule: RNA
        	total states at sites: 5
        	pseudocount: 0.5
        	sequence identity: 0.8
        	alignment length: 77
        	total number of unique sequences (excluding redundant sequences with 100 percent similarity): 20231
        	effective number of sequences (with sequence identity 0.8): 1995.4223494033151
        
[0;32mINFO[0;0m 2021-05-22 16:56:23,469 meanfield_dca get_single_site_freqs 
	Computing single site frequencies
[0;32mINFO[0;0m 2021-05-22 16:56:23,975 meanfield_dca get_reg_single_site_freqs 
	Regularizing single site frequencies
[0;32mINFO[0;0m 2021-05-22 16:56:24,161 meanfield_dca get_pair_site_freqs 
	Computing pair site frequencies
[0;32mINFO[0;0m 2021-05-22 16:56:28,618 meanfield_dca get_reg_pair_site_freqs 
	Regularizing pair site frequencies
[0;32mINFO[0;0m 2021-05-22 16:56:28,898 meanfield_dca construct_corr_mat 
	Constructing the correlation matrix
[0;32mINFO[0;0m 2021-05-22 16:56:29,163 meanfield_dca compute_couplings 
	Computing couplings
[0;32mINFO[0;0m 2021-05-22 16:56:29,738 meanfield_dca compute_couplings 
	Maximum and minimum couplings: 3.632171427346889, -19.452737839680246
[0;32mINFO[0;0m 2021-05-22 16:56:29,738 meanfield_dca compute_sorted_FN 
	Computing Frobenius norm of couplings
[0;32mINFO[0;0m 2021-05-22 16:56:29,954 meanfield_dca compute_sorted_FN_APC 
	Performing average product correction (APC) to Frobenius norm of couplings.
[0;32mINFO[0;0m 2021-05-22 16:56:29,971 dca_utilities write_sorted_dca_scores 
	Writing DCA scores to file MFDCA_output_5ccb_N/MFDCA_apc_fn_scores_5ccb_N.txt
[0;32mINFO[0;0m 2021-05-22 16:56:29,982 mfdca_main run_meanfield_dca 
	DONE
