[0;32mINFO[0;0m 2021-09-18 14:46:40,476 fasta_reader get_alignment_int_form 
	Found 1 non-standard residues in 1 sequences
[0;32mINFO[0;0m 2021-09-18 14:46:40,476 fasta_reader get_alignment_int_form 
	Total number of sequences read from file: 37
[0;32mINFO[0;0m 2021-09-18 14:46:40,476 meanfield_dca compute_sequences_weight 
	Computing sequences weights
[0;32mINFO[0;0m 2021-09-18 14:46:41,336 meanfield_dca __init__ 
	Created a MeanFieldDCA object with the following attributes
        	biomolecule: RNA
        	total states at sites: 5
        	pseudocount: 0.5
        	sequence identity: 0.8
        	alignment length: 130
        	total number of unique sequences (excluding redundant sequences with 100 percent similarity): 36
        	effective number of sequences (with sequence identity 0.8): 8.125593555500004
        
[0;32mINFO[0;0m 2021-09-18 14:46:41,337 meanfield_dca get_single_site_freqs 
	Computing single site frequencies
[0;32mINFO[0;0m 2021-09-18 14:46:41,696 meanfield_dca get_reg_single_site_freqs 
	Regularizing single site frequencies
[0;32mINFO[0;0m 2021-09-18 14:46:41,819 meanfield_dca get_pair_site_freqs 
	Computing pair site frequencies
[0;32mINFO[0;0m 2021-09-18 14:46:45,053 meanfield_dca get_reg_pair_site_freqs 
	Regularizing pair site frequencies
[0;32mINFO[0;0m 2021-09-18 14:46:45,254 meanfield_dca construct_corr_mat 
	Constructing the correlation matrix
[0;32mINFO[0;0m 2021-09-18 14:46:45,574 meanfield_dca compute_couplings 
	Computing couplings
[0;32mINFO[0;0m 2021-09-18 14:46:46,280 meanfield_dca compute_couplings 
	Maximum and minimum couplings: 2.63121755935366, -20.000000000000032
[0;32mINFO[0;0m 2021-09-18 14:46:46,280 meanfield_dca compute_sorted_FN 
	Computing Frobenius norm of couplings
[0;32mINFO[0;0m 2021-09-18 14:46:46,725 meanfield_dca compute_sorted_FN_APC 
	Performing average product correction (APC) to Frobenius norm of couplings.
[0;32mINFO[0;0m 2021-09-18 14:46:46,807 dca_utilities write_sorted_dca_scores 
	Writing DCA scores to file MFDCA_output_PKB313/MFDCA_apc_fn_scores_PKB313.txt
[0;32mINFO[0;0m 2021-09-18 14:46:46,825 mfdca_main run_meanfield_dca 
	DONE
