[0;32mINFO[0;0m 2021-08-19 11:53:25,379 plmdca __init__ Created plmDCA instance with:
            biomolecule: RNA
            MSA sequence length: 77
            total number of (unweighted) sequences: 50000
            sequence identity: 0.8
            lambda_h: 15.200000000000001
            lambda_J: 15.200000000000001
            gradient decent iterations: 500
            number of threads: 40
        
[0;32mINFO[0;0m 2021-08-19 11:53:25,380 plmdca get_fields_and_couplings_from_backend 
	Computing fields and couplings using gradient decent
Iteration 1:
fx = 59221.171875, xnorm = 38.222702, gnorm = 3108.787598, step = 0.000083

Iteration 2:
fx = 58334.289062, xnorm = 38.033318, gnorm = 3882.031006, step = 1.000000

Iteration 3:
fx = 56785.652344, xnorm = 37.626381, gnorm = 5666.563477, step = 1.000000

Iteration 4:
fx = 52982.308594, xnorm = 36.328373, gnorm = 10047.600586, step = 1.000000

Iteration 5:
fx = 45145.519531, xnorm = 34.914841, gnorm = 7852.199219, step = 1.000000

Iteration 6:
fx = 37793.804688, xnorm = 34.146828, gnorm = 3354.369873, step = 1.000000

Iteration 7:
fx = 36476.691406, xnorm = 34.154408, gnorm = 3395.649170, step = 1.000000

Iteration 8:
fx = 35317.046875, xnorm = 34.229763, gnorm = 1457.454712, step = 1.000000

Iteration 9:
fx = 34798.511719, xnorm = 34.100433, gnorm = 1366.369995, step = 1.000000

Iteration 10:
fx = 34003.402344, xnorm = 33.676392, gnorm = 1913.836060, step = 1.000000

Iteration 11:
fx = 32192.273438, xnorm = 32.499260, gnorm = 2628.123535, step = 1.000000

Iteration 12:
fx = 31081.660156, xnorm = 31.074957, gnorm = 4176.483398, step = 0.398958

Iteration 13:
fx = 28365.640625, xnorm = 29.232155, gnorm = 3159.078369, step = 1.000000

Iteration 14:
fx = 27094.589844, xnorm = 27.295452, gnorm = 3753.621338, step = 1.000000

Iteration 15:
fx = 25644.218750, xnorm = 26.368475, gnorm = 1842.667236, step = 1.000000

Iteration 16:
fx = 25069.410156, xnorm = 25.683737, gnorm = 1634.526489, step = 1.000000

Iteration 17:
fx = 24764.156250, xnorm = 24.976389, gnorm = 1969.489746, step = 1.000000

Iteration 18:
fx = 24356.687500, xnorm = 24.523895, gnorm = 1329.742065, step = 1.000000

Iteration 19:
fx = 23995.378906, xnorm = 23.804224, gnorm = 1453.858521, step = 1.000000

Iteration 20:
fx = 23419.867188, xnorm = 22.396240, gnorm = 2123.963867, step = 1.000000

Iteration 21:
fx = 23185.304688, xnorm = 20.541639, gnorm = 2920.399170, step = 1.000000

Iteration 22:
fx = 22583.345703, xnorm = 21.120916, gnorm = 1369.494751, step = 1.000000

Iteration 23:
fx = 22306.076172, xnorm = 21.041796, gnorm = 1284.746582, step = 1.000000

Iteration 24:
fx = 21946.785156, xnorm = 20.652609, gnorm = 1573.556030, step = 1.000000

Iteration 25:
fx = 21829.828125, xnorm = 19.960054, gnorm = 2409.226318, step = 1.000000

Iteration 26:
fx = 21494.175781, xnorm = 19.972746, gnorm = 983.004272, step = 1.000000

Iteration 27:
fx = 21368.664062, xnorm = 19.858183, gnorm = 827.999878, step = 1.000000

Iteration 28:
fx = 21265.855469, xnorm = 19.680578, gnorm = 804.277405, step = 1.000000

Iteration 29:
fx = 21216.947266, xnorm = 19.437628, gnorm = 1408.990479, step = 1.000000

Iteration 30:
fx = 21096.476562, xnorm = 19.317633, gnorm = 631.447021, step = 1.000000

Iteration 31:
fx = 21051.646484, xnorm = 19.312828, gnorm = 542.645569, step = 1.000000

Iteration 32:
fx = 20957.996094, xnorm = 19.184725, gnorm = 637.461182, step = 1.000000

Iteration 33:
fx = 20924.556641, xnorm = 19.124289, gnorm = 685.029724, step = 0.238701

Iteration 34:
fx = 20852.265625, xnorm = 18.960066, gnorm = 644.656128, step = 1.000000

Iteration 35:
fx = 20803.779297, xnorm = 18.799126, gnorm = 1135.556274, step = 1.000000

Iteration 36:
fx = 20716.855469, xnorm = 18.713093, gnorm = 467.422485, step = 1.000000

Iteration 37:
fx = 20690.460938, xnorm = 18.726526, gnorm = 415.851318, step = 1.000000

Iteration 38:
fx = 20637.099609, xnorm = 18.689577, gnorm = 673.947449, step = 1.000000

Iteration 39:
fx = 20601.496094, xnorm = 18.645098, gnorm = 631.071045, step = 1.000000

Iteration 40:
fx = 20574.453125, xnorm = 18.610479, gnorm = 374.631348, step = 1.000000

Iteration 41:
fx = 20550.998047, xnorm = 18.560606, gnorm = 332.762756, step = 1.000000

Iteration 42:
fx = 20520.875000, xnorm = 18.501495, gnorm = 372.220581, step = 1.000000

Iteration 43:
fx = 20500.933594, xnorm = 18.472818, gnorm = 457.802368, step = 0.305667

Iteration 44:
fx = 20469.238281, xnorm = 18.440495, gnorm = 326.664368, step = 1.000000

Iteration 45:
fx = 20451.519531, xnorm = 18.435635, gnorm = 311.288940, step = 1.000000

Iteration 46:
fx = 20429.986328, xnorm = 18.447014, gnorm = 332.935394, step = 1.000000

Iteration 47:
fx = 20408.517578, xnorm = 18.459993, gnorm = 255.488831, step = 1.000000

Iteration 48:
fx = 20396.962891, xnorm = 18.481886, gnorm = 397.088654, step = 1.000000

Iteration 49:
fx = 20382.654297, xnorm = 18.480207, gnorm = 210.336807, step = 1.000000

Iteration 50:
fx = 20377.712891, xnorm = 18.474863, gnorm = 198.527649, step = 1.000000

Iteration 51:
fx = 20370.298828, xnorm = 18.467724, gnorm = 377.225098, step = 1.000000

Iteration 52:
fx = 20367.794922, xnorm = 18.473024, gnorm = 496.348053, step = 1.000000

Iteration 53:
fx = 20356.355469, xnorm = 18.476486, gnorm = 195.891342, step = 1.000000

Iteration 54:
fx = 20352.748047, xnorm = 18.481775, gnorm = 147.420914, step = 1.000000

Iteration 55:
fx = 20349.085938, xnorm = 18.488823, gnorm = 156.427322, step = 1.000000

Iteration 56:
fx = 20344.773438, xnorm = 18.499422, gnorm = 238.204727, step = 1.000000

Iteration 57:
fx = 20341.601562, xnorm = 18.511965, gnorm = 206.749252, step = 1.000000

Iteration 58:
fx = 20336.976562, xnorm = 18.505413, gnorm = 114.197060, step = 1.000000

Iteration 59:
fx = 20333.763672, xnorm = 18.496805, gnorm = 116.519371, step = 1.000000

Iteration 60:
fx = 20331.027344, xnorm = 18.492142, gnorm = 179.696777, step = 1.000000

Iteration 61:
fx = 20330.080078, xnorm = 18.490927, gnorm = 119.526741, step = 1.000000

Iteration 62:
fx = 20329.064453, xnorm = 18.492668, gnorm = 58.440544, step = 1.000000

Iteration 63:
fx = 20328.589844, xnorm = 18.493542, gnorm = 56.777905, step = 1.000000

Iteration 64:
fx = 20327.828125, xnorm = 18.493332, gnorm = 75.841064, step = 1.000000

Iteration 65:
fx = 20327.253906, xnorm = 18.491270, gnorm = 122.385056, step = 1.000000

Iteration 66:
fx = 20326.199219, xnorm = 18.489470, gnorm = 50.676445, step = 1.000000

Iteration 67:
fx = 20325.734375, xnorm = 18.487568, gnorm = 35.762268, step = 1.000000

Iteration 68:
fx = 20325.146484, xnorm = 18.485023, gnorm = 33.212158, step = 1.000000

Iteration 69:
fx = 20324.980469, xnorm = 18.483559, gnorm = 51.532036, step = 0.350109

Iteration 70:
fx = 20324.181641, xnorm = 18.480463, gnorm = 41.572540, step = 1.000000

Iteration 71:
fx = 20323.363281, xnorm = 18.476732, gnorm = 55.208145, step = 1.000000

Iteration 72:
fx = 20322.699219, xnorm = 18.474834, gnorm = 41.401058, step = 1.000000

Iteration 73:
fx = 20322.699219, xnorm = 18.474976, gnorm = 37.358311, step = 0.161646

L-BFGS optimization terminated with status code = -1001
fx = 20322.697266
[0;32mINFO[0;0m 2021-08-19 11:53:57,670 plmdca get_fields_and_couplings_from_backend 
	Data size expected from plmDCA backend: 73535
[0;32mINFO[0;0m 2021-08-19 11:53:57,670 plmdca get_fields_and_couplings_from_backend 
	Data size obtained from plmDCA backend to Python: 73535
[0;32mINFO[0;0m 2021-08-19 11:53:57,718 plmdca compute_sorted_FN 
	Computing non-APC sorted DCA score
[0;32mINFO[0;0m 2021-08-19 11:53:57,839 plmdca compute_sorted_FN_APC 
	Performing average product correction (APC) of FN  of DCA scores
[0;32mINFO[0;0m 2021-08-19 11:53:57,863 dca_utilities write_sorted_dca_scores 
	Writing DCA scores to file PLMDCA_output_6ufh_B/PLMDCA_apc_fn_scores_6ufh_B.txt
