[0;32mINFO[0;0m 2021-08-03 01:32:38,447 plmdca __init__ Created plmDCA instance with:
            biomolecule: RNA
            MSA sequence length: 114
            total number of (unweighted) sequences: 554
            sequence identity: 0.8
            lambda_h: 22.6
            lambda_J: 22.6
            gradient decent iterations: 500
            number of threads: 40
        
[0;32mINFO[0;0m 2021-08-03 01:32:38,447 plmdca get_fields_and_couplings_from_backend 
	Computing fields and couplings using gradient decent
Iteration 1:
fx = 2412.376465, xnorm = 9.725956, gnorm = 431.562988, step = 0.007472

Iteration 2:
fx = 1194.178589, xnorm = 2.368907, gnorm = 453.164490, step = 1.000000

Iteration 3:
fx = 598.973389, xnorm = 3.611910, gnorm = 215.289841, step = 1.000000

Iteration 4:
fx = 378.405182, xnorm = 2.574624, gnorm = 52.765934, step = 1.000000

Iteration 5:
fx = 374.077698, xnorm = 2.278197, gnorm = 28.482235, step = 1.000000

Iteration 6:
fx = 369.420441, xnorm = 2.355400, gnorm = 5.236092, step = 1.000000

Iteration 7:
fx = 369.403351, xnorm = 2.348457, gnorm = 2.796253, step = 1.000000

Iteration 8:
fx = 369.351990, xnorm = 2.346092, gnorm = 0.850819, step = 1.000000

L-BFGS optimization terminated with status code = -1001
fx = 369.351868
[0;32mINFO[0;0m 2021-08-03 01:32:39,163 plmdca get_fields_and_couplings_from_backend 
	Data size expected from plmDCA backend: 161595
[0;32mINFO[0;0m 2021-08-03 01:32:39,163 plmdca get_fields_and_couplings_from_backend 
	Data size obtained from plmDCA backend to Python: 161595
[0;32mINFO[0;0m 2021-08-03 01:32:39,469 plmdca compute_sorted_FN 
	Computing non-APC sorted DCA score
[0;32mINFO[0;0m 2021-08-03 01:32:40,161 plmdca compute_sorted_FN_APC 
	Performing average product correction (APC) of FN  of DCA scores
[0;32mINFO[0;0m 2021-08-03 01:32:40,360 dca_utilities write_sorted_dca_scores 
	Writing DCA scores to file PLMDCA_output_4wfa_Y/PLMDCA_apc_fn_scores_4wfa_Y.txt
