[0;32mINFO[0;0m 2021-05-22 18:53:40,269 fasta_reader get_alignment_int_form 
	Total number of sequences read from file: 64
[0;32mINFO[0;0m 2021-05-22 18:53:40,269 meanfield_dca compute_sequences_weight 
	Computing sequences weights
[0;32mINFO[0;0m 2021-05-22 18:53:41,110 meanfield_dca __init__ 
	Created a MeanFieldDCA object with the following attributes
        	biomolecule: RNA
        	total states at sites: 5
        	pseudocount: 0.5
        	sequence identity: 0.8
        	alignment length: 50
        	total number of unique sequences (excluding redundant sequences with 100 percent similarity): 64
        	effective number of sequences (with sequence identity 0.8): 15.050072743160976
        
[0;32mINFO[0;0m 2021-05-22 18:53:41,111 meanfield_dca get_single_site_freqs 
	Computing single site frequencies
[0;32mINFO[0;0m 2021-05-22 18:53:41,466 meanfield_dca get_reg_single_site_freqs 
	Regularizing single site frequencies
[0;32mINFO[0;0m 2021-05-22 18:53:41,587 meanfield_dca get_pair_site_freqs 
	Computing pair site frequencies
[0;32mINFO[0;0m 2021-05-22 18:53:44,748 meanfield_dca get_reg_pair_site_freqs 
	Regularizing pair site frequencies
[0;32mINFO[0;0m 2021-05-22 18:53:44,949 meanfield_dca construct_corr_mat 
	Constructing the correlation matrix
[0;32mINFO[0;0m 2021-05-22 18:53:45,265 meanfield_dca compute_couplings 
	Computing couplings
[0;32mINFO[0;0m 2021-05-22 18:53:45,768 meanfield_dca compute_couplings 
	Maximum and minimum couplings: 3.847126506728041, -20.000000000000014
[0;32mINFO[0;0m 2021-05-22 18:53:45,769 meanfield_dca compute_sorted_FN 
	Computing Frobenius norm of couplings
[0;32mINFO[0;0m 2021-05-22 18:53:45,893 meanfield_dca compute_sorted_FN_APC 
	Performing average product correction (APC) to Frobenius norm of couplings.
[0;32mINFO[0;0m 2021-05-22 18:53:45,897 dca_utilities write_sorted_dca_scores 
	Writing DCA scores to file MFDCA_output_6qn3_A/MFDCA_apc_fn_scores_6qn3_A.txt
[0;32mINFO[0;0m 2021-05-22 18:53:45,900 mfdca_main run_meanfield_dca 
	DONE
