[0;32mINFO[0;0m 2021-10-27 22:22:52,795 fasta_reader get_alignment_int_form 
	Found 944 non-standard residues in 377 sequences
[0;32mINFO[0;0m 2021-10-27 22:22:52,796 fasta_reader get_alignment_int_form 
	Total number of sequences read from file: 39393
[0;32mINFO[0;0m 2021-10-27 22:22:52,801 meanfield_dca compute_sequences_weight 
	Computing sequences weights
[0;32mINFO[0;0m 2021-10-27 22:22:57,219 meanfield_dca __init__ 
	Created a MeanFieldDCA object with the following attributes
        	biomolecule: RNA
        	total states at sites: 5
        	pseudocount: 0.5
        	sequence identity: 0.8
        	alignment length: 121
        	total number of unique sequences (excluding redundant sequences with 100 percent similarity): 39384
        	effective number of sequences (with sequence identity 0.8): 303.95846407257375
        
[0;32mINFO[0;0m 2021-10-27 22:22:57,219 meanfield_dca get_single_site_freqs 
	Computing single site frequencies
[0;32mINFO[0;0m 2021-10-27 22:22:57,991 meanfield_dca get_reg_single_site_freqs 
	Regularizing single site frequencies
[0;32mINFO[0;0m 2021-10-27 22:22:58,117 meanfield_dca get_pair_site_freqs 
	Computing pair site frequencies
[0;32mINFO[0;0m 2021-10-27 22:23:04,274 meanfield_dca get_reg_pair_site_freqs 
	Regularizing pair site frequencies
[0;32mINFO[0;0m 2021-10-27 22:23:04,475 meanfield_dca construct_corr_mat 
	Constructing the correlation matrix
[0;32mINFO[0;0m 2021-10-27 22:23:04,738 meanfield_dca compute_couplings 
	Computing couplings
[0;32mINFO[0;0m 2021-10-27 22:23:05,523 meanfield_dca compute_couplings 
	Maximum and minimum couplings: 2.7848886127119985, -19.72398069281658
[0;32mINFO[0;0m 2021-10-27 22:23:05,523 meanfield_dca compute_sorted_FN 
	Computing Frobenius norm of couplings
[0;32mINFO[0;0m 2021-10-27 22:23:05,933 meanfield_dca compute_sorted_FN_APC 
	Performing average product correction (APC) to Frobenius norm of couplings.
[0;32mINFO[0;0m 2021-10-27 22:23:06,004 dca_utilities write_sorted_dca_scores 
	Writing DCA scores to file MFDCA_output_4v88_A3/MFDCA_apc_fn_scores_4v88_A3.txt
[0;32mINFO[0;0m 2021-10-27 22:23:06,029 mfdca_main run_meanfield_dca 
	DONE
