[0;32mINFO[0;0m 2021-08-19 11:49:48,681 plmdca __init__ Created plmDCA instance with:
            biomolecule: RNA
            MSA sequence length: 72
            total number of (unweighted) sequences: 7163
            sequence identity: 0.8
            lambda_h: 14.200000000000001
            lambda_J: 14.200000000000001
            gradient decent iterations: 500
            number of threads: 40
        
[0;32mINFO[0;0m 2021-08-19 11:49:48,681 plmdca get_fields_and_couplings_from_backend 
	Computing fields and couplings using gradient decent
Iteration 1:
fx = 80316.734375, xnorm = 28.095667, gnorm = 9563.632812, step = 0.000132

Iteration 2:
fx = 76948.976562, xnorm = 28.053335, gnorm = 5773.587402, step = 1.000000

Iteration 3:
fx = 70940.445312, xnorm = 27.868040, gnorm = 4963.797363, step = 1.000000

Iteration 4:
fx = 63398.003906, xnorm = 27.744799, gnorm = 5509.922363, step = 1.000000

Iteration 5:
fx = 59329.515625, xnorm = 28.782230, gnorm = 9373.666016, step = 1.000000

Iteration 6:
fx = 53345.773438, xnorm = 29.738211, gnorm = 5143.518555, step = 1.000000

Iteration 7:
fx = 51342.914062, xnorm = 29.846325, gnorm = 3781.138672, step = 1.000000

Iteration 8:
fx = 49332.894531, xnorm = 29.991053, gnorm = 3214.197754, step = 1.000000

Iteration 9:
fx = 48070.457031, xnorm = 30.136612, gnorm = 3268.620117, step = 1.000000

Iteration 10:
fx = 46581.421875, xnorm = 30.506361, gnorm = 2264.106445, step = 1.000000

Iteration 11:
fx = 45337.468750, xnorm = 30.931334, gnorm = 2420.693359, step = 1.000000

Iteration 12:
fx = 43568.476562, xnorm = 32.104675, gnorm = 3033.489502, step = 1.000000

Iteration 13:
fx = 42881.613281, xnorm = 32.972424, gnorm = 2747.569092, step = 1.000000

Iteration 14:
fx = 41977.792969, xnorm = 32.524269, gnorm = 1475.173584, step = 1.000000

Iteration 15:
fx = 41283.964844, xnorm = 31.771311, gnorm = 1893.819824, step = 1.000000

Iteration 16:
fx = 40429.039062, xnorm = 31.076328, gnorm = 2002.208130, step = 1.000000

Iteration 17:
fx = 39723.378906, xnorm = 30.536743, gnorm = 2853.943604, step = 0.410091

Iteration 18:
fx = 38395.031250, xnorm = 30.362570, gnorm = 2033.547485, step = 1.000000

Iteration 19:
fx = 38006.062500, xnorm = 29.846235, gnorm = 3755.052002, step = 1.000000

Iteration 20:
fx = 37116.789062, xnorm = 29.810890, gnorm = 1468.280151, step = 1.000000

Iteration 21:
fx = 36694.566406, xnorm = 29.413788, gnorm = 1269.107178, step = 1.000000

Iteration 22:
fx = 36085.554688, xnorm = 28.363960, gnorm = 1584.805786, step = 1.000000

Iteration 23:
fx = 35909.742188, xnorm = 27.080252, gnorm = 2933.365967, step = 1.000000

Iteration 24:
fx = 35316.296875, xnorm = 26.931387, gnorm = 1442.850098, step = 1.000000

Iteration 25:
fx = 34937.804688, xnorm = 26.525436, gnorm = 1101.071533, step = 1.000000

Iteration 26:
fx = 34732.285156, xnorm = 26.057381, gnorm = 1020.289612, step = 1.000000

Iteration 27:
fx = 34534.156250, xnorm = 25.456837, gnorm = 1533.990479, step = 1.000000

Iteration 28:
fx = 34297.718750, xnorm = 25.081709, gnorm = 902.021606, step = 1.000000

Iteration 29:
fx = 34139.937500, xnorm = 24.880817, gnorm = 839.844543, step = 1.000000

Iteration 30:
fx = 33943.046875, xnorm = 24.523602, gnorm = 996.173828, step = 1.000000

Iteration 31:
fx = 33934.593750, xnorm = 24.090689, gnorm = 1920.657227, step = 1.000000

Iteration 32:
fx = 33720.394531, xnorm = 24.171694, gnorm = 753.911743, step = 1.000000

Iteration 33:
fx = 33640.531250, xnorm = 24.156912, gnorm = 562.865479, step = 1.000000

Iteration 34:
fx = 33555.156250, xnorm = 24.053825, gnorm = 669.312805, step = 1.000000

Iteration 35:
fx = 33447.464844, xnorm = 23.919609, gnorm = 915.877808, step = 1.000000

Iteration 36:
fx = 33358.839844, xnorm = 23.781370, gnorm = 1195.129761, step = 1.000000

Iteration 37:
fx = 33245.589844, xnorm = 23.783941, gnorm = 540.122314, step = 1.000000

Iteration 38:
fx = 33178.734375, xnorm = 23.803844, gnorm = 515.756042, step = 1.000000

Iteration 39:
fx = 33129.828125, xnorm = 23.821859, gnorm = 546.631958, step = 1.000000

Iteration 40:
fx = 33089.570312, xnorm = 23.880144, gnorm = 985.419495, step = 1.000000

Iteration 41:
fx = 33012.652344, xnorm = 23.901535, gnorm = 438.610352, step = 1.000000

Iteration 42:
fx = 32969.636719, xnorm = 23.923290, gnorm = 414.412323, step = 1.000000

Iteration 43:
fx = 32932.304688, xnorm = 23.961069, gnorm = 409.853516, step = 1.000000

Iteration 44:
fx = 32902.199219, xnorm = 23.996340, gnorm = 604.006775, step = 0.460590

Iteration 45:
fx = 32860.757812, xnorm = 24.060762, gnorm = 327.094177, step = 1.000000

Iteration 46:
fx = 32836.894531, xnorm = 24.093355, gnorm = 276.281494, step = 1.000000

Iteration 47:
fx = 32812.910156, xnorm = 24.140898, gnorm = 479.998230, step = 1.000000

Iteration 48:
fx = 32791.546875, xnorm = 24.152489, gnorm = 291.406433, step = 1.000000

Iteration 49:
fx = 32778.464844, xnorm = 24.141140, gnorm = 230.011917, step = 1.000000

Iteration 50:
fx = 32762.484375, xnorm = 24.137289, gnorm = 299.246185, step = 1.000000

Iteration 51:
fx = 32751.285156, xnorm = 24.145479, gnorm = 259.230255, step = 1.000000

Iteration 52:
fx = 32745.263672, xnorm = 24.154493, gnorm = 171.746246, step = 1.000000

Iteration 53:
fx = 32737.304688, xnorm = 24.178734, gnorm = 128.779312, step = 1.000000

Iteration 54:
fx = 32735.953125, xnorm = 24.185110, gnorm = 246.193497, step = 1.000000

Iteration 55:
fx = 32731.546875, xnorm = 24.184628, gnorm = 128.170654, step = 1.000000

Iteration 56:
fx = 32727.457031, xnorm = 24.179348, gnorm = 97.614708, step = 1.000000

Iteration 57:
fx = 32725.039062, xnorm = 24.174520, gnorm = 111.081528, step = 1.000000

Iteration 58:
fx = 32721.708984, xnorm = 24.155466, gnorm = 182.557785, step = 1.000000

Iteration 59:
fx = 32718.460938, xnorm = 24.146809, gnorm = 117.155678, step = 0.508146

Iteration 60:
fx = 32717.503906, xnorm = 24.143583, gnorm = 68.006775, step = 1.000000

Iteration 61:
fx = 32716.894531, xnorm = 24.137138, gnorm = 61.317070, step = 1.000000

Iteration 62:
fx = 32716.099609, xnorm = 24.130402, gnorm = 60.639904, step = 1.000000

Iteration 63:
fx = 32715.789062, xnorm = 24.121206, gnorm = 66.382797, step = 1.000000

Iteration 64:
fx = 32714.980469, xnorm = 24.118017, gnorm = 39.280128, step = 1.000000

Iteration 65:
fx = 32714.345703, xnorm = 24.114319, gnorm = 41.582573, step = 1.000000

Iteration 66:
fx = 32713.486328, xnorm = 24.106579, gnorm = 58.731655, step = 1.000000

Iteration 67:
fx = 32712.912109, xnorm = 24.093647, gnorm = 53.586201, step = 1.000000

Iteration 68:
fx = 32712.351562, xnorm = 24.090940, gnorm = 31.855083, step = 1.000000

Iteration 69:
fx = 32712.271484, xnorm = 24.089567, gnorm = 24.513115, step = 1.000000

Iteration 70:
fx = 32712.044922, xnorm = 24.085348, gnorm = 23.064175, step = 1.000000

Iteration 71:
fx = 32711.962891, xnorm = 24.081202, gnorm = 33.594501, step = 0.435441

Iteration 72:
fx = 32711.601562, xnorm = 24.073891, gnorm = 24.283272, step = 1.000000

Iteration 73:
fx = 32711.460938, xnorm = 24.066271, gnorm = 31.057190, step = 1.000000

Iteration 74:
fx = 32711.074219, xnorm = 24.058140, gnorm = 20.756907, step = 1.000000

Iteration 75:
fx = 32710.982422, xnorm = 24.056807, gnorm = 19.379766, step = 1.000000

Iteration 76:
fx = 32710.857422, xnorm = 24.055450, gnorm = 22.573051, step = 1.000000

Iteration 77:
fx = 32710.763672, xnorm = 24.053492, gnorm = 19.649452, step = 1.000000

Iteration 78:
fx = 32710.546875, xnorm = 24.049618, gnorm = 18.714666, step = 1.000000

Iteration 79:
fx = 32710.546875, xnorm = 24.048704, gnorm = 15.909213, step = 0.174697

Iteration 80:
fx = 32710.480469, xnorm = 24.044689, gnorm = 11.994287, step = 1.000000

Iteration 81:
fx = 32710.406250, xnorm = 24.042149, gnorm = 20.575132, step = 1.000000

Iteration 82:
fx = 32710.371094, xnorm = 24.041065, gnorm = 9.595585, step = 1.000000

Iteration 83:
fx = 32710.330078, xnorm = 24.041111, gnorm = 9.374150, step = 1.000000

Iteration 84:
fx = 32710.328125, xnorm = 24.041077, gnorm = 9.305820, step = 0.244127

Iteration 85:
fx = 32710.236328, xnorm = 24.041138, gnorm = 15.137042, step = 1.000000

L-BFGS optimization terminated with status code = -1001
fx = 32710.232422
[0;32mINFO[0;0m 2021-08-19 11:49:52,315 plmdca get_fields_and_couplings_from_backend 
	Data size expected from plmDCA backend: 64260
[0;32mINFO[0;0m 2021-08-19 11:49:52,316 plmdca get_fields_and_couplings_from_backend 
	Data size obtained from plmDCA backend to Python: 64260
[0;32mINFO[0;0m 2021-08-19 11:49:52,356 plmdca compute_sorted_FN 
	Computing non-APC sorted DCA score
[0;32mINFO[0;0m 2021-08-19 11:49:52,464 plmdca compute_sorted_FN_APC 
	Performing average product correction (APC) of FN  of DCA scores
[0;32mINFO[0;0m 2021-08-19 11:49:52,484 dca_utilities write_sorted_dca_scores 
	Writing DCA scores to file PLMDCA_output_5ud5_C/PLMDCA_apc_fn_scores_5ud5_C.txt
