[0;32mINFO[0;0m 2021-09-18 14:42:20,158 fasta_reader get_alignment_int_form 
	Found 2296 non-standard residues in 325 sequences
[0;32mINFO[0;0m 2021-09-18 14:42:20,159 fasta_reader get_alignment_int_form 
	Total number of sequences read from file: 550
[0;32mINFO[0;0m 2021-09-18 14:42:20,159 meanfield_dca compute_sequences_weight 
	Computing sequences weights
[0;32mINFO[0;0m 2021-09-18 14:42:21,020 meanfield_dca __init__ 
	Created a MeanFieldDCA object with the following attributes
        	biomolecule: RNA
        	total states at sites: 5
        	pseudocount: 0.5
        	sequence identity: 0.8
        	alignment length: 82
        	total number of unique sequences (excluding redundant sequences with 100 percent similarity): 524
        	effective number of sequences (with sequence identity 0.8): 31.36034395643851
        
[0;32mINFO[0;0m 2021-09-18 14:42:21,021 meanfield_dca get_single_site_freqs 
	Computing single site frequencies
[0;32mINFO[0;0m 2021-09-18 14:42:21,386 meanfield_dca get_reg_single_site_freqs 
	Regularizing single site frequencies
[0;32mINFO[0;0m 2021-09-18 14:42:21,509 meanfield_dca get_pair_site_freqs 
	Computing pair site frequencies
[0;32mINFO[0;0m 2021-09-18 14:42:24,782 meanfield_dca get_reg_pair_site_freqs 
	Regularizing pair site frequencies
[0;32mINFO[0;0m 2021-09-18 14:42:24,981 meanfield_dca construct_corr_mat 
	Constructing the correlation matrix
[0;32mINFO[0;0m 2021-09-18 14:42:25,298 meanfield_dca compute_couplings 
	Computing couplings
[0;32mINFO[0;0m 2021-09-18 14:42:25,879 meanfield_dca compute_couplings 
	Maximum and minimum couplings: 2.771099389091801, -19.47901532808798
[0;32mINFO[0;0m 2021-09-18 14:42:25,879 meanfield_dca compute_sorted_FN 
	Computing Frobenius norm of couplings
[0;32mINFO[0;0m 2021-09-18 14:42:26,103 meanfield_dca compute_sorted_FN_APC 
	Performing average product correction (APC) to Frobenius norm of couplings.
[0;32mINFO[0;0m 2021-09-18 14:42:26,124 dca_utilities write_sorted_dca_scores 
	Writing DCA scores to file MFDCA_output_PKB254/MFDCA_apc_fn_scores_PKB254.txt
[0;32mINFO[0;0m 2021-09-18 14:42:26,131 mfdca_main run_meanfield_dca 
	DONE
