[0;32mINFO[0;0m 2021-09-24 12:24:00,475 fasta_reader get_alignment_int_form 
	Total number of sequences read from file: 2
[0;32mINFO[0;0m 2021-09-24 12:24:00,475 meanfield_dca compute_sequences_weight 
	Computing sequences weights
[0;32mINFO[0;0m 2021-09-24 12:24:01,350 meanfield_dca __init__ 
	Created a MeanFieldDCA object with the following attributes
        	biomolecule: RNA
        	total states at sites: 5
        	pseudocount: 0.5
        	sequence identity: 0.8
        	alignment length: 84
        	total number of unique sequences (excluding redundant sequences with 100 percent similarity): 2
        	effective number of sequences (with sequence identity 0.8): 2.0
        
[0;32mINFO[0;0m 2021-09-24 12:24:01,352 meanfield_dca get_single_site_freqs 
	Computing single site frequencies
[0;32mINFO[0;0m 2021-09-24 12:24:01,714 meanfield_dca get_reg_single_site_freqs 
	Regularizing single site frequencies
[0;32mINFO[0;0m 2021-09-24 12:24:01,836 meanfield_dca get_pair_site_freqs 
	Computing pair site frequencies
[0;32mINFO[0;0m 2021-09-24 12:24:04,995 meanfield_dca get_reg_pair_site_freqs 
	Regularizing pair site frequencies
[0;32mINFO[0;0m 2021-09-24 12:24:05,196 meanfield_dca construct_corr_mat 
	Constructing the correlation matrix
[0;32mINFO[0;0m 2021-09-24 12:24:05,514 meanfield_dca compute_couplings 
	Computing couplings
[0;32mINFO[0;0m 2021-09-24 12:24:06,133 meanfield_dca compute_couplings 
	Maximum and minimum couplings: 1.149425287356333, -20.00000000000002
[0;32mINFO[0;0m 2021-09-24 12:24:06,134 meanfield_dca compute_sorted_FN 
	Computing Frobenius norm of couplings
[0;32mINFO[0;0m 2021-09-24 12:24:06,344 meanfield_dca compute_sorted_FN_APC 
	Performing average product correction (APC) to Frobenius norm of couplings.
[0;32mINFO[0;0m 2021-09-24 12:24:06,362 dca_utilities write_sorted_dca_scores 
	Writing DCA scores to file MFDCA_output_4q9q_R/MFDCA_apc_fn_scores_4q9q_R.txt
[0;32mINFO[0;0m 2021-09-24 12:24:06,370 mfdca_main run_meanfield_dca 
	DONE
