[0;32mINFO[0;0m 2021-05-22 16:57:49,694 fasta_reader get_alignment_int_form 
	Found 23 non-standard residues in 14 sequences
[0;32mINFO[0;0m 2021-05-22 16:57:49,694 fasta_reader get_alignment_int_form 
	Total number of sequences read from file: 25000
[0;32mINFO[0;0m 2021-05-22 16:57:49,697 meanfield_dca compute_sequences_weight 
	Computing sequences weights
[0;32mINFO[0;0m 2021-05-22 16:57:51,360 meanfield_dca __init__ 
	Created a MeanFieldDCA object with the following attributes
        	biomolecule: RNA
        	total states at sites: 5
        	pseudocount: 0.5
        	sequence identity: 0.8
        	alignment length: 75
        	total number of unique sequences (excluding redundant sequences with 100 percent similarity): 19213
        	effective number of sequences (with sequence identity 0.8): 635.4196869243528
        
[0;32mINFO[0;0m 2021-05-22 16:57:51,360 meanfield_dca get_single_site_freqs 
	Computing single site frequencies
[0;32mINFO[0;0m 2021-05-22 16:57:51,841 meanfield_dca get_reg_single_site_freqs 
	Regularizing single site frequencies
[0;32mINFO[0;0m 2021-05-22 16:57:52,041 meanfield_dca get_pair_site_freqs 
	Computing pair site frequencies
[0;32mINFO[0;0m 2021-05-22 16:57:56,237 meanfield_dca get_reg_pair_site_freqs 
	Regularizing pair site frequencies
[0;32mINFO[0;0m 2021-05-22 16:57:56,499 meanfield_dca construct_corr_mat 
	Constructing the correlation matrix
[0;32mINFO[0;0m 2021-05-22 16:57:56,761 meanfield_dca compute_couplings 
	Computing couplings
[0;32mINFO[0;0m 2021-05-22 16:57:57,309 meanfield_dca compute_couplings 
	Maximum and minimum couplings: 3.481263356341032, -19.268276552330406
[0;32mINFO[0;0m 2021-05-22 16:57:57,309 meanfield_dca compute_sorted_FN 
	Computing Frobenius norm of couplings
[0;32mINFO[0;0m 2021-05-22 16:57:57,494 meanfield_dca compute_sorted_FN_APC 
	Performing average product correction (APC) to Frobenius norm of couplings.
[0;32mINFO[0;0m 2021-05-22 16:57:57,511 dca_utilities write_sorted_dca_scores 
	Writing DCA scores to file MFDCA_output_4lck_B/MFDCA_apc_fn_scores_4lck_B.txt
[0;32mINFO[0;0m 2021-05-22 16:57:57,521 mfdca_main run_meanfield_dca 
	DONE
