[0;32mINFO[0;0m 2021-08-03 01:26:03,161 fasta_reader get_alignment_int_form 
	Total number of sequences read from file: 1
[0;32mINFO[0;0m 2021-08-03 01:26:03,161 meanfield_dca compute_sequences_weight 
	Computing sequences weights
[0;32mINFO[0;0m 2021-08-03 01:26:04,685 meanfield_dca __init__ 
	Created a MeanFieldDCA object with the following attributes
        	biomolecule: RNA
        	total states at sites: 5
        	pseudocount: 0.5
        	sequence identity: 0.8
        	alignment length: 38
        	total number of unique sequences (excluding redundant sequences with 100 percent similarity): 1
        	effective number of sequences (with sequence identity 0.8): 1.0
        
[0;32mINFO[0;0m 2021-08-03 01:26:04,687 meanfield_dca get_single_site_freqs 
	Computing single site frequencies
[0;32mINFO[0;0m 2021-08-03 01:26:05,335 meanfield_dca get_reg_single_site_freqs 
	Regularizing single site frequencies
[0;32mINFO[0;0m 2021-08-03 01:26:05,552 meanfield_dca get_pair_site_freqs 
	Computing pair site frequencies
[0;32mINFO[0;0m 2021-08-03 01:26:11,460 meanfield_dca get_reg_pair_site_freqs 
	Regularizing pair site frequencies
[0;32mINFO[0;0m 2021-08-03 01:26:11,762 meanfield_dca construct_corr_mat 
	Constructing the correlation matrix
[0;32mINFO[0;0m 2021-08-03 01:26:12,299 meanfield_dca compute_couplings 
	Computing couplings
[0;32mINFO[0;0m 2021-08-03 01:26:13,389 meanfield_dca compute_couplings 
	Maximum and minimum couplings: 0.3246753246753422, -20.000000000000004
[0;32mINFO[0;0m 2021-08-03 01:26:13,390 meanfield_dca compute_sorted_FN 
	Computing Frobenius norm of couplings
[0;32mINFO[0;0m 2021-08-03 01:26:13,467 meanfield_dca compute_sorted_FN_APC 
	Performing average product correction (APC) to Frobenius norm of couplings.
[0;32mINFO[0;0m 2021-08-03 01:26:13,477 dca_utilities write_sorted_dca_scores 
	Writing DCA scores to file MFDCA_output_4pdb_I/MFDCA_apc_fn_scores_4pdb_I.txt
[0;32mINFO[0;0m 2021-08-03 01:26:13,483 mfdca_main run_meanfield_dca 
	DONE
