[0;32mINFO[0;0m 2021-06-10 13:34:37,055 fasta_reader get_alignment_int_form 
	Total number of sequences read from file: 114
[0;32mINFO[0;0m 2021-06-10 13:34:37,055 meanfield_dca compute_sequences_weight 
	Computing sequences weights
[0;32mINFO[0;0m 2021-06-10 13:34:38,480 meanfield_dca __init__ 
	Created a MeanFieldDCA object with the following attributes
        	biomolecule: RNA
        	total states at sites: 5
        	pseudocount: 0.5
        	sequence identity: 0.8
        	alignment length: 84
        	total number of unique sequences (excluding redundant sequences with 100 percent similarity): 113
        	effective number of sequences (with sequence identity 0.8): 19.190286007194388
        
[0;32mINFO[0;0m 2021-06-10 13:34:38,481 meanfield_dca get_single_site_freqs 
	Computing single site frequencies
[0;32mINFO[0;0m 2021-06-10 13:34:39,202 meanfield_dca get_reg_single_site_freqs 
	Regularizing single site frequencies
[0;32mINFO[0;0m 2021-06-10 13:34:39,463 meanfield_dca get_pair_site_freqs 
	Computing pair site frequencies
[0;32mINFO[0;0m 2021-06-10 13:34:45,139 meanfield_dca get_reg_pair_site_freqs 
	Regularizing pair site frequencies
[0;32mINFO[0;0m 2021-06-10 13:34:45,375 meanfield_dca construct_corr_mat 
	Constructing the correlation matrix
[0;32mINFO[0;0m 2021-06-10 13:34:45,751 meanfield_dca compute_couplings 
	Computing couplings
[0;32mINFO[0;0m 2021-06-10 13:34:47,913 meanfield_dca compute_couplings 
	Maximum and minimum couplings: 3.1221579322487343, -20.000000000000032
[0;32mINFO[0;0m 2021-06-10 13:34:47,914 meanfield_dca compute_sorted_FN 
	Computing Frobenius norm of couplings
[0;32mINFO[0;0m 2021-06-10 13:34:48,211 meanfield_dca compute_sorted_FN_APC 
	Performing average product correction (APC) to Frobenius norm of couplings.
[0;32mINFO[0;0m 2021-06-10 13:34:48,239 dca_utilities write_sorted_dca_scores 
	Writing DCA scores to file MFDCA_output_PKB234/MFDCA_apc_fn_scores_PKB234.txt
[0;32mINFO[0;0m 2021-06-10 13:34:48,249 mfdca_main run_meanfield_dca 
	DONE
