[0;32mINFO[0;0m 2021-09-18 14:44:16,384 fasta_reader get_alignment_int_form 
	Total number of sequences read from file: 151
[0;32mINFO[0;0m 2021-09-18 14:44:16,384 meanfield_dca compute_sequences_weight 
	Computing sequences weights
[0;32mINFO[0;0m 2021-09-18 14:44:17,235 meanfield_dca __init__ 
	Created a MeanFieldDCA object with the following attributes
        	biomolecule: RNA
        	total states at sites: 5
        	pseudocount: 0.5
        	sequence identity: 0.8
        	alignment length: 85
        	total number of unique sequences (excluding redundant sequences with 100 percent similarity): 150
        	effective number of sequences (with sequence identity 0.8): 63.32217792529699
        
[0;32mINFO[0;0m 2021-09-18 14:44:17,236 meanfield_dca get_single_site_freqs 
	Computing single site frequencies
[0;32mINFO[0;0m 2021-09-18 14:44:17,595 meanfield_dca get_reg_single_site_freqs 
	Regularizing single site frequencies
[0;32mINFO[0;0m 2021-09-18 14:44:17,716 meanfield_dca get_pair_site_freqs 
	Computing pair site frequencies
[0;32mINFO[0;0m 2021-09-18 14:44:20,893 meanfield_dca get_reg_pair_site_freqs 
	Regularizing pair site frequencies
[0;32mINFO[0;0m 2021-09-18 14:44:21,093 meanfield_dca construct_corr_mat 
	Constructing the correlation matrix
[0;32mINFO[0;0m 2021-09-18 14:44:21,405 meanfield_dca compute_couplings 
	Computing couplings
[0;32mINFO[0;0m 2021-09-18 14:44:21,985 meanfield_dca compute_couplings 
	Maximum and minimum couplings: 3.4145909090559696, -20.000000000000014
[0;32mINFO[0;0m 2021-09-18 14:44:21,985 meanfield_dca compute_sorted_FN 
	Computing Frobenius norm of couplings
[0;32mINFO[0;0m 2021-09-18 14:44:22,205 meanfield_dca compute_sorted_FN_APC 
	Performing average product correction (APC) to Frobenius norm of couplings.
[0;32mINFO[0;0m 2021-09-18 14:44:22,228 dca_utilities write_sorted_dca_scores 
	Writing DCA scores to file MFDCA_output_PKB275/MFDCA_apc_fn_scores_PKB275.txt
[0;32mINFO[0;0m 2021-09-18 14:44:22,238 mfdca_main run_meanfield_dca 
	DONE
