[0;32mINFO[0;0m 2021-10-28 10:33:29,949 plmdca __init__ Created plmDCA instance with:
            biomolecule: RNA
            MSA sequence length: 174
            total number of (unweighted) sequences: 351
            sequence identity: 0.8
            lambda_h: 34.6
            lambda_J: 34.6
            gradient decent iterations: 500
            number of threads: 40
        
[0;32mINFO[0;0m 2021-10-28 10:33:29,949 plmdca get_fields_and_couplings_from_backend 
	Computing fields and couplings using gradient decent
Iteration 1:
fx = 82183.312500, xnorm = 39.856735, gnorm = 3777.413574, step = 0.000252

Iteration 2:
fx = 72158.703125, xnorm = 36.372616, gnorm = 7054.769043, step = 1.000000

Iteration 3:
fx = 52915.902344, xnorm = 29.560865, gnorm = 7011.090332, step = 1.000000

Iteration 4:
fx = 40581.878906, xnorm = 24.565636, gnorm = 6250.076172, step = 1.000000

Iteration 5:
fx = 33198.917969, xnorm = 23.319542, gnorm = 4737.974609, step = 1.000000

Iteration 6:
fx = 28705.291016, xnorm = 22.007223, gnorm = 2890.528076, step = 1.000000

Iteration 7:
fx = 25548.142578, xnorm = 20.752548, gnorm = 1739.862793, step = 1.000000

Iteration 8:
fx = 22812.111328, xnorm = 18.642422, gnorm = 2102.906006, step = 1.000000

Iteration 9:
fx = 20919.337891, xnorm = 16.422529, gnorm = 2575.995850, step = 1.000000

Iteration 10:
fx = 19593.597656, xnorm = 15.686676, gnorm = 2218.157959, step = 1.000000

Iteration 11:
fx = 18661.605469, xnorm = 15.627919, gnorm = 1229.973511, step = 1.000000

Iteration 12:
fx = 18088.246094, xnorm = 15.236959, gnorm = 1033.865356, step = 1.000000

Iteration 13:
fx = 17676.603516, xnorm = 14.747136, gnorm = 1027.131958, step = 1.000000

Iteration 14:
fx = 17346.929688, xnorm = 14.152520, gnorm = 1131.651855, step = 1.000000

Iteration 15:
fx = 17124.857422, xnorm = 13.984471, gnorm = 602.893921, step = 1.000000

Iteration 16:
fx = 17036.552734, xnorm = 13.880546, gnorm = 406.185364, step = 1.000000

Iteration 17:
fx = 16896.457031, xnorm = 13.447105, gnorm = 458.125336, step = 1.000000

Iteration 18:
fx = 16847.013672, xnorm = 13.149296, gnorm = 686.138489, step = 1.000000

Iteration 19:
fx = 16778.652344, xnorm = 13.055283, gnorm = 281.532440, step = 1.000000

Iteration 20:
fx = 16755.542969, xnorm = 12.970697, gnorm = 176.183975, step = 1.000000

Iteration 21:
fx = 16743.199219, xnorm = 12.905886, gnorm = 163.199799, step = 1.000000

Iteration 22:
fx = 16727.017578, xnorm = 12.817996, gnorm = 199.793686, step = 1.000000

Iteration 23:
fx = 16719.150391, xnorm = 12.792315, gnorm = 144.304565, step = 0.473056

Iteration 24:
fx = 16713.445312, xnorm = 12.802502, gnorm = 110.362335, step = 1.000000

Iteration 25:
fx = 16707.841797, xnorm = 12.812633, gnorm = 105.274185, step = 1.000000

Iteration 26:
fx = 16707.705078, xnorm = 12.820361, gnorm = 170.432007, step = 1.000000

Iteration 27:
fx = 16703.955078, xnorm = 12.815840, gnorm = 49.699654, step = 1.000000

Iteration 28:
fx = 16703.232422, xnorm = 12.812450, gnorm = 36.531147, step = 1.000000

Iteration 29:
fx = 16702.318359, xnorm = 12.807700, gnorm = 39.965931, step = 1.000000

Iteration 30:
fx = 16701.607422, xnorm = 12.802806, gnorm = 74.120575, step = 1.000000

Iteration 31:
fx = 16700.939453, xnorm = 12.801411, gnorm = 29.887201, step = 1.000000

Iteration 32:
fx = 16700.509766, xnorm = 12.801471, gnorm = 22.104731, step = 1.000000

Iteration 33:
fx = 16700.208984, xnorm = 12.800730, gnorm = 21.230484, step = 1.000000

Iteration 34:
fx = 16699.953125, xnorm = 12.799042, gnorm = 50.812695, step = 1.000000

Iteration 35:
fx = 16699.691406, xnorm = 12.798995, gnorm = 12.731208, step = 1.000000

Iteration 36:
fx = 16699.673828, xnorm = 12.798745, gnorm = 9.514630, step = 1.000000

Iteration 37:
fx = 16699.621094, xnorm = 12.798096, gnorm = 11.462366, step = 1.000000

Iteration 38:
fx = 16699.402344, xnorm = 12.797685, gnorm = 12.470044, step = 1.000000

Iteration 39:
fx = 16699.289062, xnorm = 12.797554, gnorm = 12.710436, step = 0.381752

Iteration 40:
fx = 16699.195312, xnorm = 12.797665, gnorm = 5.413152, step = 1.000000

Iteration 41:
fx = 16699.191406, xnorm = 12.797973, gnorm = 4.178438, step = 1.000000

Iteration 42:
fx = 16699.183594, xnorm = 12.798506, gnorm = 4.687294, step = 1.000000

L-BFGS optimization terminated with status code = -1001
fx = 16699.185547
[0;32mINFO[0;0m 2021-10-28 10:33:31,074 plmdca get_fields_and_couplings_from_backend 
	Data size expected from plmDCA backend: 377145
[0;32mINFO[0;0m 2021-10-28 10:33:31,074 plmdca get_fields_and_couplings_from_backend 
	Data size obtained from plmDCA backend to Python: 377145
[0;32mINFO[0;0m 2021-10-28 10:33:31,317 plmdca compute_sorted_FN 
	Computing non-APC sorted DCA score
[0;32mINFO[0;0m 2021-10-28 10:33:32,022 plmdca compute_sorted_FN_APC 
	Performing average product correction (APC) of FN  of DCA scores
[0;32mINFO[0;0m 2021-10-28 10:33:32,271 dca_utilities write_sorted_dca_scores 
	Writing DCA scores to file PLMDCA_output_3diq_A/PLMDCA_apc_fn_scores_3diq_A.txt
