[0;32mINFO[0;0m 2021-05-22 18:51:41,252 fasta_reader get_alignment_int_form 
	Found 4 non-standard residues in 2 sequences
[0;32mINFO[0;0m 2021-05-22 18:51:41,252 fasta_reader get_alignment_int_form 
	Total number of sequences read from file: 52
[0;32mINFO[0;0m 2021-05-22 18:51:41,252 meanfield_dca compute_sequences_weight 
	Computing sequences weights
[0;32mINFO[0;0m 2021-05-22 18:51:42,224 meanfield_dca __init__ 
	Created a MeanFieldDCA object with the following attributes
        	biomolecule: RNA
        	total states at sites: 5
        	pseudocount: 0.5
        	sequence identity: 0.8
        	alignment length: 112
        	total number of unique sequences (excluding redundant sequences with 100 percent similarity): 52
        	effective number of sequences (with sequence identity 0.8): 52.0
        
[0;32mINFO[0;0m 2021-05-22 18:51:42,224 meanfield_dca get_single_site_freqs 
	Computing single site frequencies
[0;32mINFO[0;0m 2021-05-22 18:51:42,582 meanfield_dca get_reg_single_site_freqs 
	Regularizing single site frequencies
[0;32mINFO[0;0m 2021-05-22 18:51:42,704 meanfield_dca get_pair_site_freqs 
	Computing pair site frequencies
[0;32mINFO[0;0m 2021-05-22 18:51:45,845 meanfield_dca get_reg_pair_site_freqs 
	Regularizing pair site frequencies
[0;32mINFO[0;0m 2021-05-22 18:51:46,041 meanfield_dca construct_corr_mat 
	Constructing the correlation matrix
[0;32mINFO[0;0m 2021-05-22 18:51:46,347 meanfield_dca compute_couplings 
	Computing couplings
[0;32mINFO[0;0m 2021-05-22 18:51:47,002 meanfield_dca compute_couplings 
	Maximum and minimum couplings: 3.0980793391542125, -19.999999999999993
[0;32mINFO[0;0m 2021-05-22 18:51:47,002 meanfield_dca compute_sorted_FN 
	Computing Frobenius norm of couplings
[0;32mINFO[0;0m 2021-05-22 18:51:47,310 meanfield_dca compute_sorted_FN_APC 
	Performing average product correction (APC) to Frobenius norm of couplings.
[0;32mINFO[0;0m 2021-05-22 18:51:47,364 dca_utilities write_sorted_dca_scores 
	Writing DCA scores to file MFDCA_output_5u30_B/MFDCA_apc_fn_scores_5u30_B.txt
[0;32mINFO[0;0m 2021-05-22 18:51:47,378 mfdca_main run_meanfield_dca 
	DONE
