[0;32mINFO[0;0m 2021-05-22 19:57:45,008 plmdca __init__ Created plmDCA instance with:
            biomolecule: RNA
            MSA sequence length: 128
            total number of (unweighted) sequences: 993
            sequence identity: 0.8
            lambda_h: 25.400000000000002
            lambda_J: 25.400000000000002
            gradient decent iterations: 500
            number of threads: 40
        
[0;32mINFO[0;0m 2021-05-22 19:57:45,008 plmdca get_fields_and_couplings_from_backend 
	Computing fields and couplings using gradient decent
Iteration 1:
fx = 75006.078125, xnorm = 35.230621, gnorm = 8371.297852, step = 0.000195

Iteration 2:
fx = 72151.843750, xnorm = 35.159233, gnorm = 3869.335449, step = 1.000000

Iteration 3:
fx = 70189.812500, xnorm = 34.818420, gnorm = 3319.491211, step = 1.000000

Iteration 4:
fx = 64766.660156, xnorm = 33.349621, gnorm = 5217.208496, step = 1.000000

Iteration 5:
fx = 55905.949219, xnorm = 30.608889, gnorm = 5613.512207, step = 1.000000

Iteration 6:
fx = 49673.753906, xnorm = 28.180643, gnorm = 5903.749023, step = 1.000000

Iteration 7:
fx = 46295.839844, xnorm = 27.707731, gnorm = 4940.636230, step = 1.000000

Iteration 8:
fx = 43586.238281, xnorm = 27.358484, gnorm = 3754.302246, step = 1.000000

Iteration 9:
fx = 39786.687500, xnorm = 26.004028, gnorm = 4269.226074, step = 1.000000

Iteration 10:
fx = 37490.996094, xnorm = 25.621864, gnorm = 2587.013184, step = 1.000000

Iteration 11:
fx = 35072.156250, xnorm = 24.703243, gnorm = 2563.992676, step = 1.000000

Iteration 12:
fx = 32538.927734, xnorm = 23.675642, gnorm = 2838.585205, step = 1.000000

Iteration 13:
fx = 31668.029297, xnorm = 23.209112, gnorm = 3706.846436, step = 1.000000

Iteration 14:
fx = 30080.064453, xnorm = 22.839350, gnorm = 1936.620239, step = 1.000000

Iteration 15:
fx = 29499.392578, xnorm = 22.355515, gnorm = 2062.328857, step = 1.000000

Iteration 16:
fx = 29006.060547, xnorm = 22.022612, gnorm = 1659.364990, step = 1.000000

Iteration 17:
fx = 27968.287109, xnorm = 20.741596, gnorm = 1938.659058, step = 1.000000

Iteration 18:
fx = 27393.642578, xnorm = 19.969604, gnorm = 2039.676147, step = 1.000000

Iteration 19:
fx = 26831.185547, xnorm = 19.645987, gnorm = 1185.261963, step = 1.000000

Iteration 20:
fx = 26413.498047, xnorm = 18.922373, gnorm = 1076.843628, step = 1.000000

Iteration 21:
fx = 26133.638672, xnorm = 18.279282, gnorm = 1050.297363, step = 1.000000

Iteration 22:
fx = 25984.882812, xnorm = 17.669525, gnorm = 1274.183472, step = 1.000000

Iteration 23:
fx = 25822.234375, xnorm = 17.703156, gnorm = 650.282288, step = 1.000000

Iteration 24:
fx = 25748.773438, xnorm = 17.709696, gnorm = 531.068726, step = 1.000000

Iteration 25:
fx = 25676.250000, xnorm = 17.586103, gnorm = 545.960388, step = 1.000000

Iteration 26:
fx = 25605.146484, xnorm = 17.242903, gnorm = 992.194092, step = 1.000000

Iteration 27:
fx = 25504.082031, xnorm = 17.076490, gnorm = 548.346558, step = 1.000000

Iteration 28:
fx = 25453.197266, xnorm = 16.960375, gnorm = 390.082031, step = 1.000000

Iteration 29:
fx = 25413.970703, xnorm = 16.804113, gnorm = 358.873291, step = 1.000000

Iteration 30:
fx = 25411.816406, xnorm = 16.609112, gnorm = 816.057129, step = 1.000000

Iteration 31:
fx = 25370.460938, xnorm = 16.658144, gnorm = 238.299881, step = 1.000000

Iteration 32:
fx = 25364.021484, xnorm = 16.664192, gnorm = 187.120453, step = 1.000000

Iteration 33:
fx = 25354.359375, xnorm = 16.647230, gnorm = 217.671631, step = 1.000000

Iteration 34:
fx = 25343.246094, xnorm = 16.607767, gnorm = 340.527832, step = 1.000000

Iteration 35:
fx = 25331.011719, xnorm = 16.547014, gnorm = 307.772156, step = 1.000000

Iteration 36:
fx = 25322.572266, xnorm = 16.541611, gnorm = 153.672104, step = 1.000000

Iteration 37:
fx = 25317.701172, xnorm = 16.535921, gnorm = 139.048111, step = 1.000000

Iteration 38:
fx = 25314.300781, xnorm = 16.526142, gnorm = 158.480240, step = 1.000000

Iteration 39:
fx = 25310.000000, xnorm = 16.515316, gnorm = 189.342117, step = 1.000000

Iteration 40:
fx = 25306.808594, xnorm = 16.515182, gnorm = 105.629456, step = 1.000000

Iteration 41:
fx = 25304.990234, xnorm = 16.518311, gnorm = 93.038254, step = 1.000000

Iteration 42:
fx = 25303.753906, xnorm = 16.522396, gnorm = 104.557968, step = 1.000000

Iteration 43:
fx = 25302.681641, xnorm = 16.529589, gnorm = 90.820427, step = 1.000000

Iteration 44:
fx = 25301.443359, xnorm = 16.534428, gnorm = 75.556961, step = 1.000000

Iteration 45:
fx = 25300.359375, xnorm = 16.540640, gnorm = 66.666847, step = 1.000000

Iteration 46:
fx = 25299.619141, xnorm = 16.549177, gnorm = 78.110603, step = 1.000000

Iteration 47:
fx = 25298.859375, xnorm = 16.558096, gnorm = 58.635654, step = 1.000000

Iteration 48:
fx = 25298.533203, xnorm = 16.565296, gnorm = 51.974773, step = 1.000000

Iteration 49:
fx = 25298.169922, xnorm = 16.574314, gnorm = 58.230095, step = 1.000000

Iteration 50:
fx = 25298.062500, xnorm = 16.577497, gnorm = 38.558655, step = 1.000000

Iteration 51:
fx = 25297.873047, xnorm = 16.579391, gnorm = 31.776506, step = 1.000000

Iteration 52:
fx = 25297.617188, xnorm = 16.585176, gnorm = 38.063190, step = 1.000000

Iteration 53:
fx = 25297.511719, xnorm = 16.594503, gnorm = 68.727333, step = 1.000000

Iteration 54:
fx = 25297.228516, xnorm = 16.594021, gnorm = 27.578440, step = 1.000000

Iteration 55:
fx = 25297.130859, xnorm = 16.595640, gnorm = 20.085194, step = 1.000000

Iteration 56:
fx = 25297.083984, xnorm = 16.596622, gnorm = 19.457317, step = 0.241658

Iteration 57:
fx = 25297.050781, xnorm = 16.604069, gnorm = 33.124832, step = 1.000000

Iteration 58:
fx = 25297.046875, xnorm = 16.604559, gnorm = 27.586296, step = 0.083725

L-BFGS optimization terminated with status code = -1001
fx = 25297.050781
[0;32mINFO[0;0m 2021-05-22 19:57:46,903 plmdca get_fields_and_couplings_from_backend 
	Data size expected from plmDCA backend: 203840
[0;32mINFO[0;0m 2021-05-22 19:57:46,903 plmdca get_fields_and_couplings_from_backend 
	Data size obtained from plmDCA backend to Python: 203840
[0;32mINFO[0;0m 2021-05-22 19:57:47,032 plmdca compute_sorted_FN 
	Computing non-APC sorted DCA score
[0;32mINFO[0;0m 2021-05-22 19:57:47,392 plmdca compute_sorted_FN_APC 
	Performing average product correction (APC) of FN  of DCA scores
[0;32mINFO[0;0m 2021-05-22 19:57:47,489 dca_utilities write_sorted_dca_scores 
	Writing DCA scores to file PLMDCA_output_6n5q_A/PLMDCA_apc_fn_scores_6n5q_A.txt
