[0;32mINFO[0;0m 2021-09-18 14:29:43,950 fasta_reader get_alignment_int_form 
	Total number of sequences read from file: 247
[0;32mINFO[0;0m 2021-09-18 14:29:43,950 meanfield_dca compute_sequences_weight 
	Computing sequences weights
[0;32mINFO[0;0m 2021-09-18 14:29:44,812 meanfield_dca __init__ 
	Created a MeanFieldDCA object with the following attributes
        	biomolecule: RNA
        	total states at sites: 5
        	pseudocount: 0.5
        	sequence identity: 0.8
        	alignment length: 56
        	total number of unique sequences (excluding redundant sequences with 100 percent similarity): 247
        	effective number of sequences (with sequence identity 0.8): 150.89605019163844
        
[0;32mINFO[0;0m 2021-09-18 14:29:44,813 meanfield_dca get_single_site_freqs 
	Computing single site frequencies
[0;32mINFO[0;0m 2021-09-18 14:29:45,175 meanfield_dca get_reg_single_site_freqs 
	Regularizing single site frequencies
[0;32mINFO[0;0m 2021-09-18 14:29:45,298 meanfield_dca get_pair_site_freqs 
	Computing pair site frequencies
[0;32mINFO[0;0m 2021-09-18 14:29:48,559 meanfield_dca get_reg_pair_site_freqs 
	Regularizing pair site frequencies
[0;32mINFO[0;0m 2021-09-18 14:29:48,755 meanfield_dca construct_corr_mat 
	Constructing the correlation matrix
[0;32mINFO[0;0m 2021-09-18 14:29:49,063 meanfield_dca compute_couplings 
	Computing couplings
[0;32mINFO[0;0m 2021-09-18 14:29:49,578 meanfield_dca compute_couplings 
	Maximum and minimum couplings: 4.7355669931085735, -19.999999999999996
[0;32mINFO[0;0m 2021-09-18 14:29:49,579 meanfield_dca compute_sorted_FN 
	Computing Frobenius norm of couplings
[0;32mINFO[0;0m 2021-09-18 14:29:49,716 meanfield_dca compute_sorted_FN_APC 
	Performing average product correction (APC) to Frobenius norm of couplings.
[0;32mINFO[0;0m 2021-09-18 14:29:49,723 dca_utilities write_sorted_dca_scores 
	Writing DCA scores to file MFDCA_output_PKB127/MFDCA_apc_fn_scores_PKB127.txt
[0;32mINFO[0;0m 2021-09-18 14:29:49,727 mfdca_main run_meanfield_dca 
	DONE
