[0;32mINFO[0;0m 2021-10-27 22:20:06,064 fasta_reader get_alignment_int_form 
	Found 478 non-standard residues in 245 sequences
[0;32mINFO[0;0m 2021-10-27 22:20:06,064 fasta_reader get_alignment_int_form 
	Total number of sequences read from file: 8759
[0;32mINFO[0;0m 2021-10-27 22:20:06,065 meanfield_dca compute_sequences_weight 
	Computing sequences weights
[0;32mINFO[0;0m 2021-10-27 22:20:07,106 meanfield_dca __init__ 
	Created a MeanFieldDCA object with the following attributes
        	biomolecule: RNA
        	total states at sites: 5
        	pseudocount: 0.5
        	sequence identity: 0.8
        	alignment length: 75
        	total number of unique sequences (excluding redundant sequences with 100 percent similarity): 8754
        	effective number of sequences (with sequence identity 0.8): 711.1374896917448
        
[0;32mINFO[0;0m 2021-10-27 22:20:07,106 meanfield_dca get_single_site_freqs 
	Computing single site frequencies
[0;32mINFO[0;0m 2021-10-27 22:20:07,509 meanfield_dca get_reg_single_site_freqs 
	Regularizing single site frequencies
[0;32mINFO[0;0m 2021-10-27 22:20:07,665 meanfield_dca get_pair_site_freqs 
	Computing pair site frequencies
[0;32mINFO[0;0m 2021-10-27 22:20:11,235 meanfield_dca get_reg_pair_site_freqs 
	Regularizing pair site frequencies
[0;32mINFO[0;0m 2021-10-27 22:20:11,487 meanfield_dca construct_corr_mat 
	Constructing the correlation matrix
[0;32mINFO[0;0m 2021-10-27 22:20:11,747 meanfield_dca compute_couplings 
	Computing couplings
[0;32mINFO[0;0m 2021-10-27 22:20:12,292 meanfield_dca compute_couplings 
	Maximum and minimum couplings: 3.1390503166366903, -19.99723653160568
[0;32mINFO[0;0m 2021-10-27 22:20:12,292 meanfield_dca compute_sorted_FN 
	Computing Frobenius norm of couplings
[0;32mINFO[0;0m 2021-10-27 22:20:12,488 meanfield_dca compute_sorted_FN_APC 
	Performing average product correction (APC) to Frobenius norm of couplings.
[0;32mINFO[0;0m 2021-10-27 22:20:12,505 dca_utilities write_sorted_dca_scores 
	Writing DCA scores to file MFDCA_output_3tra_A/MFDCA_apc_fn_scores_3tra_A.txt
[0;32mINFO[0;0m 2021-10-27 22:20:12,512 mfdca_main run_meanfield_dca 
	DONE
