[0;32mINFO[0;0m 2021-05-22 19:45:44,163 plmdca __init__ Created plmDCA instance with:
            biomolecule: RNA
            MSA sequence length: 87
            total number of (unweighted) sequences: 4721
            sequence identity: 0.8
            lambda_h: 17.2
            lambda_J: 17.2
            gradient decent iterations: 500
            number of threads: 40
        
[0;32mINFO[0;0m 2021-05-22 19:45:44,164 plmdca get_fields_and_couplings_from_backend 
	Computing fields and couplings using gradient decent
Iteration 1:
fx = 133832.421875, xnorm = 32.471909, gnorm = 16910.011719, step = 0.000082

Iteration 2:
fx = 128262.710938, xnorm = 32.443146, gnorm = 8956.126953, step = 1.000000

Iteration 3:
fx = 122221.726562, xnorm = 32.329887, gnorm = 7459.511719, step = 1.000000

Iteration 4:
fx = 112445.640625, xnorm = 32.147919, gnorm = 8697.058594, step = 1.000000

Iteration 5:
fx = 104827.867188, xnorm = 32.333248, gnorm = 12410.109375, step = 1.000000

Iteration 6:
fx = 98176.789062, xnorm = 32.798393, gnorm = 8589.355469, step = 1.000000

Iteration 7:
fx = 95165.835938, xnorm = 33.018318, gnorm = 5920.212891, step = 1.000000

Iteration 8:
fx = 92124.921875, xnorm = 33.398117, gnorm = 4852.666504, step = 1.000000

Iteration 9:
fx = 89623.484375, xnorm = 33.717583, gnorm = 3972.061279, step = 1.000000

Iteration 10:
fx = 87646.031250, xnorm = 33.910957, gnorm = 6964.019043, step = 1.000000

Iteration 11:
fx = 84731.023438, xnorm = 34.036301, gnorm = 4242.376465, step = 1.000000

Iteration 12:
fx = 83091.734375, xnorm = 34.040066, gnorm = 4080.882812, step = 1.000000

Iteration 13:
fx = 80403.726562, xnorm = 34.242001, gnorm = 3929.472412, step = 1.000000

Iteration 14:
fx = 78833.359375, xnorm = 34.248558, gnorm = 5406.297852, step = 1.000000

Iteration 15:
fx = 77212.718750, xnorm = 33.957741, gnorm = 3206.401611, step = 1.000000

Iteration 16:
fx = 76011.421875, xnorm = 33.390106, gnorm = 3296.256104, step = 1.000000

Iteration 17:
fx = 75104.281250, xnorm = 32.950279, gnorm = 3141.648438, step = 1.000000

Iteration 18:
fx = 73817.015625, xnorm = 31.700481, gnorm = 6449.880859, step = 1.000000

Iteration 19:
fx = 71864.210938, xnorm = 31.515234, gnorm = 3626.132324, step = 1.000000

Iteration 20:
fx = 71001.476562, xnorm = 31.574640, gnorm = 2552.723633, step = 1.000000

Iteration 21:
fx = 69815.960938, xnorm = 31.191866, gnorm = 2503.376221, step = 1.000000

Iteration 22:
fx = 69169.585938, xnorm = 30.824255, gnorm = 3440.433594, step = 1.000000

Iteration 23:
fx = 68396.070312, xnorm = 30.631649, gnorm = 2038.076538, step = 1.000000

Iteration 24:
fx = 67740.656250, xnorm = 30.320271, gnorm = 2020.197876, step = 1.000000

Iteration 25:
fx = 67182.265625, xnorm = 29.981314, gnorm = 2472.464355, step = 1.000000

Iteration 26:
fx = 66431.554688, xnorm = 29.552248, gnorm = 2097.511230, step = 1.000000

Iteration 27:
fx = 65742.789062, xnorm = 29.186758, gnorm = 2535.871826, step = 1.000000

Iteration 28:
fx = 65122.117188, xnorm = 28.885384, gnorm = 2216.220947, step = 1.000000

Iteration 29:
fx = 64724.253906, xnorm = 28.801901, gnorm = 1740.827271, step = 1.000000

Iteration 30:
fx = 64385.503906, xnorm = 28.692968, gnorm = 1655.718872, step = 1.000000

Iteration 31:
fx = 63993.253906, xnorm = 28.524769, gnorm = 1738.697266, step = 1.000000

Iteration 32:
fx = 63583.386719, xnorm = 28.224747, gnorm = 2414.298584, step = 1.000000

Iteration 33:
fx = 63268.308594, xnorm = 28.091599, gnorm = 1780.759521, step = 1.000000

Iteration 34:
fx = 63113.632812, xnorm = 28.074421, gnorm = 1058.865112, step = 1.000000

Iteration 35:
fx = 62995.812500, xnorm = 28.025883, gnorm = 954.520325, step = 1.000000

Iteration 36:
fx = 62866.140625, xnorm = 27.940495, gnorm = 1259.433228, step = 1.000000

Iteration 37:
fx = 62684.367188, xnorm = 27.794428, gnorm = 1373.896851, step = 1.000000

Iteration 38:
fx = 62477.863281, xnorm = 27.670204, gnorm = 1087.736450, step = 1.000000

Iteration 39:
fx = 62274.566406, xnorm = 27.481131, gnorm = 1309.635986, step = 1.000000

Iteration 40:
fx = 62187.199219, xnorm = 27.376015, gnorm = 1273.119019, step = 1.000000

Iteration 41:
fx = 62116.300781, xnorm = 27.372887, gnorm = 706.069092, step = 1.000000

Iteration 42:
fx = 62053.441406, xnorm = 27.333391, gnorm = 685.761230, step = 1.000000

Iteration 43:
fx = 61993.230469, xnorm = 27.261023, gnorm = 767.642761, step = 1.000000

Iteration 44:
fx = 61944.070312, xnorm = 27.162661, gnorm = 1093.689941, step = 0.433223

Iteration 45:
fx = 61850.078125, xnorm = 27.009846, gnorm = 618.705078, step = 1.000000

Iteration 46:
fx = 61797.664062, xnorm = 26.916178, gnorm = 503.037506, step = 1.000000

Iteration 47:
fx = 61770.878906, xnorm = 26.750069, gnorm = 1175.444946, step = 1.000000

Iteration 48:
fx = 61720.980469, xnorm = 26.741629, gnorm = 426.531250, step = 1.000000

Iteration 49:
fx = 61708.035156, xnorm = 26.741404, gnorm = 364.429688, step = 1.000000

Iteration 50:
fx = 61683.835938, xnorm = 26.694204, gnorm = 426.946594, step = 1.000000

Iteration 51:
fx = 61660.039062, xnorm = 26.597179, gnorm = 702.165466, step = 1.000000

Iteration 52:
fx = 61626.515625, xnorm = 26.484013, gnorm = 386.701752, step = 1.000000

Iteration 53:
fx = 61606.019531, xnorm = 26.421011, gnorm = 303.947723, step = 1.000000

Iteration 54:
fx = 61589.613281, xnorm = 26.300280, gnorm = 475.799469, step = 1.000000

Iteration 55:
fx = 61577.539062, xnorm = 26.227713, gnorm = 415.488037, step = 1.000000

Iteration 56:
fx = 61569.714844, xnorm = 26.236830, gnorm = 238.267883, step = 1.000000

Iteration 57:
fx = 61561.089844, xnorm = 26.207287, gnorm = 185.401764, step = 1.000000

Iteration 58:
fx = 61553.597656, xnorm = 26.159727, gnorm = 236.195770, step = 1.000000

Iteration 59:
fx = 61546.742188, xnorm = 26.028225, gnorm = 462.634033, step = 1.000000

Iteration 60:
fx = 61531.972656, xnorm = 25.981331, gnorm = 210.709930, step = 1.000000

Iteration 61:
fx = 61524.769531, xnorm = 25.949060, gnorm = 192.783005, step = 1.000000

Iteration 62:
fx = 61518.835938, xnorm = 25.898968, gnorm = 176.182587, step = 1.000000

Iteration 63:
fx = 61516.722656, xnorm = 25.877674, gnorm = 157.517944, step = 0.305698

Iteration 64:
fx = 61514.125000, xnorm = 25.844765, gnorm = 122.502777, step = 1.000000

Iteration 65:
fx = 61511.644531, xnorm = 25.813951, gnorm = 133.709778, step = 1.000000

Iteration 66:
fx = 61508.078125, xnorm = 25.759319, gnorm = 256.707245, step = 1.000000

Iteration 67:
fx = 61505.671875, xnorm = 25.762167, gnorm = 104.393799, step = 1.000000

Iteration 68:
fx = 61504.460938, xnorm = 25.766127, gnorm = 101.547867, step = 1.000000

Iteration 69:
fx = 61502.578125, xnorm = 25.758528, gnorm = 109.359390, step = 1.000000

Iteration 70:
fx = 61501.699219, xnorm = 25.747335, gnorm = 134.180832, step = 0.385804

Iteration 71:
fx = 61498.761719, xnorm = 25.718338, gnorm = 73.575172, step = 1.000000

Iteration 72:
fx = 61498.144531, xnorm = 25.709204, gnorm = 102.202179, step = 1.000000

Iteration 73:
fx = 61496.886719, xnorm = 25.699818, gnorm = 72.688873, step = 1.000000

Iteration 74:
fx = 61496.214844, xnorm = 25.686052, gnorm = 81.704300, step = 1.000000

Iteration 75:
fx = 61495.378906, xnorm = 25.683289, gnorm = 63.604019, step = 1.000000

Iteration 76:
fx = 61494.882812, xnorm = 25.679865, gnorm = 59.728989, step = 1.000000

Iteration 77:
fx = 61494.406250, xnorm = 25.667685, gnorm = 98.405647, step = 1.000000

Iteration 78:
fx = 61493.746094, xnorm = 25.662848, gnorm = 42.563881, step = 0.458042

Iteration 79:
fx = 61493.542969, xnorm = 25.662905, gnorm = 32.576672, step = 1.000000

Iteration 80:
fx = 61493.472656, xnorm = 25.661913, gnorm = 40.350857, step = 1.000000

Iteration 81:
fx = 61492.843750, xnorm = 25.660492, gnorm = 48.110355, step = 0.501072

Iteration 82:
fx = 61492.781250, xnorm = 25.659452, gnorm = 36.560078, step = 1.000000

Iteration 83:
fx = 61492.761719, xnorm = 25.659033, gnorm = 32.405365, step = 0.183253

Iteration 84:
fx = 61492.691406, xnorm = 25.658510, gnorm = 29.797682, step = 0.226806

L-BFGS optimization terminated with status code = -1001
fx = 61492.671875
[0;32mINFO[0;0m 2021-05-22 19:45:48,596 plmdca get_fields_and_couplings_from_backend 
	Data size expected from plmDCA backend: 93960
[0;32mINFO[0;0m 2021-05-22 19:45:48,596 plmdca get_fields_and_couplings_from_backend 
	Data size obtained from plmDCA backend to Python: 93960
[0;32mINFO[0;0m 2021-05-22 19:45:48,655 plmdca compute_sorted_FN 
	Computing non-APC sorted DCA score
[0;32mINFO[0;0m 2021-05-22 19:45:48,818 plmdca compute_sorted_FN_APC 
	Performing average product correction (APC) of FN  of DCA scores
[0;32mINFO[0;0m 2021-05-22 19:45:48,855 dca_utilities write_sorted_dca_scores 
	Writing DCA scores to file PLMDCA_output_3k0j_E/PLMDCA_apc_fn_scores_3k0j_E.txt
