[0;32mINFO[0;0m 2021-08-03 00:57:28,350 fasta_reader get_alignment_int_form 
	Total number of sequences read from file: 1
[0;32mINFO[0;0m 2021-08-03 00:57:28,350 meanfield_dca compute_sequences_weight 
	Computing sequences weights
[0;32mINFO[0;0m 2021-08-03 00:57:29,771 meanfield_dca __init__ 
	Created a MeanFieldDCA object with the following attributes
        	biomolecule: RNA
        	total states at sites: 5
        	pseudocount: 0.5
        	sequence identity: 0.8
        	alignment length: 137
        	total number of unique sequences (excluding redundant sequences with 100 percent similarity): 1
        	effective number of sequences (with sequence identity 0.8): 1.0
        
[0;32mINFO[0;0m 2021-08-03 00:57:29,772 meanfield_dca get_single_site_freqs 
	Computing single site frequencies
[0;32mINFO[0;0m 2021-08-03 00:57:30,407 meanfield_dca get_reg_single_site_freqs 
	Regularizing single site frequencies
[0;32mINFO[0;0m 2021-08-03 00:57:30,593 meanfield_dca get_pair_site_freqs 
	Computing pair site frequencies
[0;32mINFO[0;0m 2021-08-03 00:57:36,682 meanfield_dca get_reg_pair_site_freqs 
	Regularizing pair site frequencies
[0;32mINFO[0;0m 2021-08-03 00:57:37,036 meanfield_dca construct_corr_mat 
	Constructing the correlation matrix
[0;32mINFO[0;0m 2021-08-03 00:57:37,563 meanfield_dca compute_couplings 
	Computing couplings
[0;32mINFO[0;0m 2021-08-03 00:57:40,061 meanfield_dca compute_couplings 
	Maximum and minimum couplings: 0.09090909090912568, -20.000000000000004
[0;32mINFO[0;0m 2021-08-03 00:57:40,061 meanfield_dca compute_sorted_FN 
	Computing Frobenius norm of couplings
[0;32mINFO[0;0m 2021-08-03 00:57:40,889 meanfield_dca compute_sorted_FN_APC 
	Performing average product correction (APC) to Frobenius norm of couplings.
[0;32mINFO[0;0m 2021-08-03 00:57:41,057 dca_utilities write_sorted_dca_scores 
	Writing DCA scores to file MFDCA_output_3hhn_C/MFDCA_apc_fn_scores_3hhn_C.txt
[0;32mINFO[0;0m 2021-08-03 00:57:41,100 mfdca_main run_meanfield_dca 
	DONE
