[0;32mINFO[0;0m 2021-08-18 21:27:55,029 fasta_reader get_alignment_int_form 
	Total number of sequences read from file: 73
[0;32mINFO[0;0m 2021-08-18 21:27:55,029 meanfield_dca compute_sequences_weight 
	Computing sequences weights
[0;32mINFO[0;0m 2021-08-18 21:27:55,875 meanfield_dca __init__ 
	Created a MeanFieldDCA object with the following attributes
        	biomolecule: RNA
        	total states at sites: 5
        	pseudocount: 0.5
        	sequence identity: 0.8
        	alignment length: 142
        	total number of unique sequences (excluding redundant sequences with 100 percent similarity): 73
        	effective number of sequences (with sequence identity 0.8): 43.69285714285714
        
[0;32mINFO[0;0m 2021-08-18 21:27:55,876 meanfield_dca get_single_site_freqs 
	Computing single site frequencies
[0;32mINFO[0;0m 2021-08-18 21:27:56,236 meanfield_dca get_reg_single_site_freqs 
	Regularizing single site frequencies
[0;32mINFO[0;0m 2021-08-18 21:27:56,357 meanfield_dca get_pair_site_freqs 
	Computing pair site frequencies
[0;32mINFO[0;0m 2021-08-18 21:27:59,531 meanfield_dca get_reg_pair_site_freqs 
	Regularizing pair site frequencies
[0;32mINFO[0;0m 2021-08-18 21:27:59,730 meanfield_dca construct_corr_mat 
	Constructing the correlation matrix
[0;32mINFO[0;0m 2021-08-18 21:28:00,045 meanfield_dca compute_couplings 
	Computing couplings
[0;32mINFO[0;0m 2021-08-18 21:28:00,786 meanfield_dca compute_couplings 
	Maximum and minimum couplings: 1.8069571772759885, -19.887204178401532
[0;32mINFO[0;0m 2021-08-18 21:28:00,786 meanfield_dca compute_sorted_FN 
	Computing Frobenius norm of couplings
[0;32mINFO[0;0m 2021-08-18 21:28:01,255 meanfield_dca compute_sorted_FN_APC 
	Performing average product correction (APC) to Frobenius norm of couplings.
[0;32mINFO[0;0m 2021-08-18 21:28:01,365 dca_utilities write_sorted_dca_scores 
	Writing DCA scores to file MFDCA_output_2il9_A/MFDCA_apc_fn_scores_2il9_A.txt
[0;32mINFO[0;0m 2021-08-18 21:28:01,386 mfdca_main run_meanfield_dca 
	DONE
