[0;32mINFO[0;0m 2021-10-27 22:37:16,890 fasta_reader get_alignment_int_form 
	Total number of sequences read from file: 837
[0;32mINFO[0;0m 2021-10-27 22:37:16,890 meanfield_dca compute_sequences_weight 
	Computing sequences weights
[0;32mINFO[0;0m 2021-10-27 22:37:17,771 meanfield_dca __init__ 
	Created a MeanFieldDCA object with the following attributes
        	biomolecule: RNA
        	total states at sites: 5
        	pseudocount: 0.5
        	sequence identity: 0.8
        	alignment length: 99
        	total number of unique sequences (excluding redundant sequences with 100 percent similarity): 837
        	effective number of sequences (with sequence identity 0.8): 143.4638910700734
        
[0;32mINFO[0;0m 2021-10-27 22:37:17,772 meanfield_dca get_single_site_freqs 
	Computing single site frequencies
[0;32mINFO[0;0m 2021-10-27 22:37:18,146 meanfield_dca get_reg_single_site_freqs 
	Regularizing single site frequencies
[0;32mINFO[0;0m 2021-10-27 22:37:18,301 meanfield_dca get_pair_site_freqs 
	Computing pair site frequencies
[0;32mINFO[0;0m 2021-10-27 22:37:21,537 meanfield_dca get_reg_pair_site_freqs 
	Regularizing pair site frequencies
[0;32mINFO[0;0m 2021-10-27 22:37:21,791 meanfield_dca construct_corr_mat 
	Constructing the correlation matrix
[0;32mINFO[0;0m 2021-10-27 22:37:22,061 meanfield_dca compute_couplings 
	Computing couplings
[0;32mINFO[0;0m 2021-10-27 22:37:22,691 meanfield_dca compute_couplings 
	Maximum and minimum couplings: 4.3231132736684055, -20.000000000000018
[0;32mINFO[0;0m 2021-10-27 22:37:22,691 meanfield_dca compute_sorted_FN 
	Computing Frobenius norm of couplings
[0;32mINFO[0;0m 2021-10-27 22:37:23,006 meanfield_dca compute_sorted_FN_APC 
	Performing average product correction (APC) to Frobenius norm of couplings.
[0;32mINFO[0;0m 2021-10-27 22:37:23,043 dca_utilities write_sorted_dca_scores 
	Writing DCA scores to file MFDCA_output_6n2v_A/MFDCA_apc_fn_scores_6n2v_A.txt
[0;32mINFO[0;0m 2021-10-27 22:37:23,054 mfdca_main run_meanfield_dca 
	DONE
