[0;32mINFO[0;0m 2021-06-10 14:51:49,850 fasta_reader get_alignment_int_form 
	Total number of sequences read from file: 9
[0;32mINFO[0;0m 2021-06-10 14:51:49,850 meanfield_dca compute_sequences_weight 
	Computing sequences weights
[0;32mINFO[0;0m 2021-06-10 14:51:50,704 meanfield_dca __init__ 
	Created a MeanFieldDCA object with the following attributes
        	biomolecule: RNA
        	total states at sites: 5
        	pseudocount: 0.5
        	sequence identity: 0.8
        	alignment length: 70
        	total number of unique sequences (excluding redundant sequences with 100 percent similarity): 8
        	effective number of sequences (with sequence identity 0.8): 5.0
        
[0;32mINFO[0;0m 2021-06-10 14:51:50,704 meanfield_dca get_single_site_freqs 
	Computing single site frequencies
[0;32mINFO[0;0m 2021-06-10 14:51:51,061 meanfield_dca get_reg_single_site_freqs 
	Regularizing single site frequencies
[0;32mINFO[0;0m 2021-06-10 14:51:51,183 meanfield_dca get_pair_site_freqs 
	Computing pair site frequencies
[0;32mINFO[0;0m 2021-06-10 14:51:54,368 meanfield_dca get_reg_pair_site_freqs 
	Regularizing pair site frequencies
[0;32mINFO[0;0m 2021-06-10 14:51:54,568 meanfield_dca construct_corr_mat 
	Constructing the correlation matrix
[0;32mINFO[0;0m 2021-06-10 14:51:54,884 meanfield_dca compute_couplings 
	Computing couplings
[0;32mINFO[0;0m 2021-06-10 14:51:55,700 meanfield_dca compute_couplings 
	Maximum and minimum couplings: 1.372360513489117, -20.000000000000014
[0;32mINFO[0;0m 2021-06-10 14:51:55,700 meanfield_dca compute_sorted_FN 
	Computing Frobenius norm of couplings
[0;32mINFO[0;0m 2021-06-10 14:51:55,868 meanfield_dca compute_sorted_FN_APC 
	Performing average product correction (APC) to Frobenius norm of couplings.
[0;32mINFO[0;0m 2021-06-10 14:51:55,881 dca_utilities write_sorted_dca_scores 
	Writing DCA scores to file MFDCA_output_PKB353/MFDCA_apc_fn_scores_PKB353.txt
[0;32mINFO[0;0m 2021-06-10 14:51:55,886 mfdca_main run_meanfield_dca 
	DONE
