[0;32mINFO[0;0m 2021-10-28 10:28:45,816 plmdca __init__ Created plmDCA instance with:
            biomolecule: RNA
            MSA sequence length: 77
            total number of (unweighted) sequences: 50000
            sequence identity: 0.8
            lambda_h: 15.200000000000001
            lambda_J: 15.200000000000001
            gradient decent iterations: 500
            number of threads: 40
        
[0;32mINFO[0;0m 2021-10-28 10:28:45,816 plmdca get_fields_and_couplings_from_backend 
	Computing fields and couplings using gradient decent
Iteration 1:
fx = 109174.078125, xnorm = 29.104685, gnorm = 6107.374023, step = 0.000035

Iteration 2:
fx = 107464.546875, xnorm = 29.031261, gnorm = 6911.568359, step = 1.000000

Iteration 3:
fx = 104919.328125, xnorm = 28.896942, gnorm = 9769.221680, step = 1.000000

Iteration 4:
fx = 99003.914062, xnorm = 28.660851, gnorm = 13900.514648, step = 1.000000

Iteration 5:
fx = 87196.078125, xnorm = 28.797834, gnorm = 14445.309570, step = 1.000000

Iteration 6:
fx = 78797.578125, xnorm = 30.423500, gnorm = 9008.512695, step = 1.000000

Iteration 7:
fx = 75802.156250, xnorm = 30.651373, gnorm = 4902.751953, step = 1.000000

Iteration 8:
fx = 74426.687500, xnorm = 30.758524, gnorm = 3060.569580, step = 1.000000

Iteration 9:
fx = 73371.515625, xnorm = 30.913939, gnorm = 2955.927246, step = 1.000000

Iteration 10:
fx = 71772.257812, xnorm = 31.245111, gnorm = 3448.941406, step = 1.000000

Iteration 11:
fx = 70818.734375, xnorm = 31.842173, gnorm = 7085.186035, step = 1.000000

Iteration 12:
fx = 68335.617188, xnorm = 31.983120, gnorm = 3852.745850, step = 1.000000

Iteration 13:
fx = 66515.796875, xnorm = 32.232414, gnorm = 3708.866699, step = 1.000000

Iteration 14:
fx = 65060.726562, xnorm = 32.431004, gnorm = 3056.540283, step = 1.000000

Iteration 15:
fx = 64039.707031, xnorm = 32.292744, gnorm = 3958.271729, step = 1.000000

Iteration 16:
fx = 63277.093750, xnorm = 32.050098, gnorm = 2626.052490, step = 1.000000

Iteration 17:
fx = 62809.273438, xnorm = 31.744831, gnorm = 2410.975342, step = 1.000000

Iteration 18:
fx = 61833.578125, xnorm = 30.812401, gnorm = 2502.341309, step = 1.000000

Iteration 19:
fx = 61068.304688, xnorm = 30.016361, gnorm = 4809.796387, step = 1.000000

Iteration 20:
fx = 59979.933594, xnorm = 29.776018, gnorm = 2854.638184, step = 1.000000

Iteration 21:
fx = 59428.378906, xnorm = 29.317513, gnorm = 3756.427490, step = 1.000000

Iteration 22:
fx = 58996.265625, xnorm = 29.256859, gnorm = 1717.814209, step = 1.000000

Iteration 23:
fx = 58832.574219, xnorm = 29.215040, gnorm = 1646.169434, step = 1.000000

Iteration 24:
fx = 58180.804688, xnorm = 28.774000, gnorm = 2309.255127, step = 1.000000

Iteration 25:
fx = 58042.156250, xnorm = 28.267857, gnorm = 4405.249023, step = 1.000000

Iteration 26:
fx = 57416.683594, xnorm = 28.165674, gnorm = 2274.858154, step = 1.000000

Iteration 27:
fx = 57056.433594, xnorm = 27.925388, gnorm = 2058.131348, step = 1.000000

Iteration 28:
fx = 56805.308594, xnorm = 27.709776, gnorm = 1851.401123, step = 1.000000

Iteration 29:
fx = 56381.214844, xnorm = 27.258808, gnorm = 2127.503418, step = 1.000000

Iteration 30:
fx = 56038.593750, xnorm = 27.013639, gnorm = 1997.637451, step = 1.000000

Iteration 31:
fx = 55791.578125, xnorm = 26.926760, gnorm = 1655.236938, step = 1.000000

Iteration 32:
fx = 55537.929688, xnorm = 26.837795, gnorm = 1558.271973, step = 1.000000

Iteration 33:
fx = 55379.531250, xnorm = 26.631075, gnorm = 2537.702148, step = 1.000000

Iteration 34:
fx = 55103.226562, xnorm = 26.616789, gnorm = 1347.391235, step = 1.000000

Iteration 35:
fx = 54930.781250, xnorm = 26.567827, gnorm = 1197.258423, step = 1.000000

Iteration 36:
fx = 54699.242188, xnorm = 26.446192, gnorm = 1435.609131, step = 1.000000

Iteration 37:
fx = 54656.613281, xnorm = 26.328241, gnorm = 2974.397461, step = 1.000000

Iteration 38:
fx = 54332.417969, xnorm = 26.297819, gnorm = 991.535278, step = 1.000000

Iteration 39:
fx = 54251.992188, xnorm = 26.290920, gnorm = 929.438293, step = 1.000000

Iteration 40:
fx = 54108.214844, xnorm = 26.264654, gnorm = 1156.185669, step = 1.000000

Iteration 41:
fx = 54033.417969, xnorm = 26.250338, gnorm = 1293.019287, step = 0.339134

Iteration 42:
fx = 53902.941406, xnorm = 26.238672, gnorm = 1005.143127, step = 1.000000

Iteration 43:
fx = 53761.167969, xnorm = 26.240955, gnorm = 1087.387329, step = 1.000000

Iteration 44:
fx = 53665.089844, xnorm = 26.285711, gnorm = 1304.946411, step = 1.000000

Iteration 45:
fx = 53566.222656, xnorm = 26.270679, gnorm = 668.854431, step = 1.000000

Iteration 46:
fx = 53518.113281, xnorm = 26.248632, gnorm = 651.615112, step = 1.000000

Iteration 47:
fx = 53458.664062, xnorm = 26.231800, gnorm = 912.044373, step = 1.000000

Iteration 48:
fx = 53408.433594, xnorm = 26.214638, gnorm = 1016.875977, step = 1.000000

Iteration 49:
fx = 53356.589844, xnorm = 26.225763, gnorm = 599.024536, step = 1.000000

Iteration 50:
fx = 53324.660156, xnorm = 26.240540, gnorm = 520.429871, step = 1.000000

Iteration 51:
fx = 53296.714844, xnorm = 26.244884, gnorm = 632.320007, step = 1.000000

Iteration 52:
fx = 53268.750000, xnorm = 26.238045, gnorm = 369.549866, step = 1.000000

Iteration 53:
fx = 53240.390625, xnorm = 26.214273, gnorm = 442.259583, step = 1.000000

Iteration 54:
fx = 53228.003906, xnorm = 26.173561, gnorm = 841.325256, step = 1.000000

Iteration 55:
fx = 53196.195312, xnorm = 26.152369, gnorm = 354.300842, step = 1.000000

Iteration 56:
fx = 53179.582031, xnorm = 26.133127, gnorm = 324.164581, step = 1.000000

Iteration 57:
fx = 53158.050781, xnorm = 26.094030, gnorm = 385.125641, step = 1.000000

Iteration 58:
fx = 53145.632812, xnorm = 26.030111, gnorm = 819.337402, step = 1.000000

Iteration 59:
fx = 53125.542969, xnorm = 26.008066, gnorm = 279.520813, step = 1.000000

Iteration 60:
fx = 53121.093750, xnorm = 26.000179, gnorm = 204.765854, step = 1.000000

Iteration 61:
fx = 53114.949219, xnorm = 25.979870, gnorm = 222.635437, step = 1.000000

Iteration 62:
fx = 53112.812500, xnorm = 25.932756, gnorm = 544.046875, step = 1.000000

Iteration 63:
fx = 53097.992188, xnorm = 25.899824, gnorm = 253.632843, step = 1.000000

Iteration 64:
fx = 53090.187500, xnorm = 25.873901, gnorm = 171.831894, step = 1.000000

Iteration 65:
fx = 53085.187500, xnorm = 25.846951, gnorm = 201.075363, step = 1.000000

Iteration 66:
fx = 53082.339844, xnorm = 25.794092, gnorm = 362.724609, step = 1.000000

Iteration 67:
fx = 53076.894531, xnorm = 25.782101, gnorm = 169.202560, step = 1.000000

Iteration 68:
fx = 53074.203125, xnorm = 25.766411, gnorm = 162.663788, step = 1.000000

Iteration 69:
fx = 53070.859375, xnorm = 25.744501, gnorm = 165.374115, step = 1.000000

Iteration 70:
fx = 53070.273438, xnorm = 25.733000, gnorm = 170.889282, step = 0.185819

Iteration 71:
fx = 53065.617188, xnorm = 25.681635, gnorm = 149.550858, step = 1.000000

Iteration 72:
fx = 53060.484375, xnorm = 25.635984, gnorm = 210.971405, step = 1.000000

Iteration 73:
fx = 53059.324219, xnorm = 25.596430, gnorm = 183.619156, step = 1.000000

Iteration 74:
fx = 53057.460938, xnorm = 25.606468, gnorm = 96.648186, step = 1.000000

Iteration 75:
fx = 53056.128906, xnorm = 25.608013, gnorm = 91.416748, step = 1.000000

Iteration 76:
fx = 53054.628906, xnorm = 25.599422, gnorm = 119.169006, step = 1.000000

Iteration 77:
fx = 53053.488281, xnorm = 25.567719, gnorm = 203.237091, step = 1.000000

Iteration 78:
fx = 53051.832031, xnorm = 25.554844, gnorm = 89.215736, step = 1.000000

Iteration 79:
fx = 53050.792969, xnorm = 25.540798, gnorm = 72.609871, step = 1.000000

Iteration 80:
fx = 53050.304688, xnorm = 25.527035, gnorm = 73.151611, step = 1.000000

Iteration 81:
fx = 53048.285156, xnorm = 25.497135, gnorm = 186.812622, step = 1.000000

Iteration 82:
fx = 53048.230469, xnorm = 25.499123, gnorm = 56.716286, step = 1.000000

Iteration 83:
fx = 53048.078125, xnorm = 25.498692, gnorm = 48.215775, step = 1.000000

Iteration 84:
fx = 53047.699219, xnorm = 25.493200, gnorm = 58.879642, step = 1.000000

Iteration 85:
fx = 53047.031250, xnorm = 25.483988, gnorm = 113.771812, step = 1.000000

Iteration 86:
fx = 53046.273438, xnorm = 25.473284, gnorm = 60.528633, step = 1.000000

Iteration 87:
fx = 53045.765625, xnorm = 25.466770, gnorm = 49.979259, step = 1.000000

Iteration 88:
fx = 53045.476562, xnorm = 25.457460, gnorm = 45.621769, step = 1.000000

Iteration 89:
fx = 53044.839844, xnorm = 25.453264, gnorm = 65.333817, step = 0.336520

Iteration 90:
fx = 53044.757812, xnorm = 25.448830, gnorm = 39.664337, step = 1.000000

Iteration 91:
fx = 53044.734375, xnorm = 25.444376, gnorm = 29.264719, step = 1.000000

Iteration 92:
fx = 53044.628906, xnorm = 25.439550, gnorm = 36.557541, step = 1.000000

Iteration 93:
fx = 53044.468750, xnorm = 25.430965, gnorm = 76.559296, step = 1.000000

Iteration 94:
fx = 53044.210938, xnorm = 25.430317, gnorm = 32.459740, step = 1.000000

Iteration 95:
fx = 53044.062500, xnorm = 25.429754, gnorm = 27.625751, step = 1.000000

Iteration 96:
fx = 53044.027344, xnorm = 25.427773, gnorm = 28.745289, step = 1.000000

Iteration 97:
fx = 53043.484375, xnorm = 25.420761, gnorm = 85.403694, step = 1.000000

L-BFGS optimization terminated with status code = -1001
fx = 53043.492188
[0;32mINFO[0;0m 2021-10-28 10:29:22,313 plmdca get_fields_and_couplings_from_backend 
	Data size expected from plmDCA backend: 73535
[0;32mINFO[0;0m 2021-10-28 10:29:22,313 plmdca get_fields_and_couplings_from_backend 
	Data size obtained from plmDCA backend to Python: 73535
[0;32mINFO[0;0m 2021-10-28 10:29:22,360 plmdca compute_sorted_FN 
	Computing non-APC sorted DCA score
[0;32mINFO[0;0m 2021-10-28 10:29:22,486 plmdca compute_sorted_FN_APC 
	Performing average product correction (APC) of FN  of DCA scores
[0;32mINFO[0;0m 2021-10-28 10:29:22,509 dca_utilities write_sorted_dca_scores 
	Writing DCA scores to file PLMDCA_output_4v9k_AW/PLMDCA_apc_fn_scores_4v9k_AW.txt
