[0;32mINFO[0;0m 2021-08-03 00:53:25,883 fasta_reader get_alignment_int_form 
	Found 245 non-standard residues in 10 sequences
[0;32mINFO[0;0m 2021-08-03 00:53:25,884 fasta_reader get_alignment_int_form 
	Total number of sequences read from file: 11
[0;32mINFO[0;0m 2021-08-03 00:53:25,884 meanfield_dca compute_sequences_weight 
	Computing sequences weights
[0;32mINFO[0;0m 2021-08-03 00:53:27,606 meanfield_dca __init__ 
	Created a MeanFieldDCA object with the following attributes
        	biomolecule: RNA
        	total states at sites: 5
        	pseudocount: 0.5
        	sequence identity: 0.8
        	alignment length: 71
        	total number of unique sequences (excluding redundant sequences with 100 percent similarity): 11
        	effective number of sequences (with sequence identity 0.8): 2.0000000000000004
        
[0;32mINFO[0;0m 2021-08-03 00:53:27,607 meanfield_dca get_single_site_freqs 
	Computing single site frequencies
[0;32mINFO[0;0m 2021-08-03 00:53:28,314 meanfield_dca get_reg_single_site_freqs 
	Regularizing single site frequencies
[0;32mINFO[0;0m 2021-08-03 00:53:28,577 meanfield_dca get_pair_site_freqs 
	Computing pair site frequencies
[0;32mINFO[0;0m 2021-08-03 00:53:35,368 meanfield_dca get_reg_pair_site_freqs 
	Regularizing pair site frequencies
[0;32mINFO[0;0m 2021-08-03 00:53:35,709 meanfield_dca construct_corr_mat 
	Constructing the correlation matrix
[0;32mINFO[0;0m 2021-08-03 00:53:36,231 meanfield_dca compute_couplings 
	Computing couplings
[0;32mINFO[0;0m 2021-08-03 00:53:37,717 meanfield_dca compute_couplings 
	Maximum and minimum couplings: 2.518551562938789, -20.00000000000001
[0;32mINFO[0;0m 2021-08-03 00:53:37,718 meanfield_dca compute_sorted_FN 
	Computing Frobenius norm of couplings
[0;32mINFO[0;0m 2021-08-03 00:53:37,915 meanfield_dca compute_sorted_FN_APC 
	Performing average product correction (APC) to Frobenius norm of couplings.
[0;32mINFO[0;0m 2021-08-03 00:53:37,940 dca_utilities write_sorted_dca_scores 
	Writing DCA scores to file MFDCA_output_1y26_X/MFDCA_apc_fn_scores_1y26_X.txt
[0;32mINFO[0;0m 2021-08-03 00:53:37,953 mfdca_main run_meanfield_dca 
	DONE
