[0;32mINFO[0;0m 2021-10-27 22:31:50,285 fasta_reader get_alignment_int_form 
	Found 693 non-standard residues in 439 sequences
[0;32mINFO[0;0m 2021-10-27 22:31:50,286 fasta_reader get_alignment_int_form 
	Total number of sequences read from file: 50000
[0;32mINFO[0;0m 2021-10-27 22:31:50,296 meanfield_dca compute_sequences_weight 
	Computing sequences weights
[0;32mINFO[0;0m 2021-10-27 22:31:55,286 meanfield_dca __init__ 
	Created a MeanFieldDCA object with the following attributes
        	biomolecule: RNA
        	total states at sites: 5
        	pseudocount: 0.5
        	sequence identity: 0.8
        	alignment length: 75
        	total number of unique sequences (excluding redundant sequences with 100 percent similarity): 49990
        	effective number of sequences (with sequence identity 0.8): 1272.9948958924028
        
[0;32mINFO[0;0m 2021-10-27 22:31:55,288 meanfield_dca get_single_site_freqs 
	Computing single site frequencies
[0;32mINFO[0;0m 2021-10-27 22:31:55,942 meanfield_dca get_reg_single_site_freqs 
	Regularizing single site frequencies
[0;32mINFO[0;0m 2021-10-27 22:31:56,147 meanfield_dca get_pair_site_freqs 
	Computing pair site frequencies
[0;32mINFO[0;0m 2021-10-27 22:32:02,282 meanfield_dca get_reg_pair_site_freqs 
	Regularizing pair site frequencies
[0;32mINFO[0;0m 2021-10-27 22:32:02,484 meanfield_dca construct_corr_mat 
	Constructing the correlation matrix
[0;32mINFO[0;0m 2021-10-27 22:32:02,834 meanfield_dca compute_couplings 
	Computing couplings
[0;32mINFO[0;0m 2021-10-27 22:32:03,395 meanfield_dca compute_couplings 
	Maximum and minimum couplings: 3.9883238083757826, -19.999770304312296
[0;32mINFO[0;0m 2021-10-27 22:32:03,395 meanfield_dca compute_sorted_FN 
	Computing Frobenius norm of couplings
[0;32mINFO[0;0m 2021-10-27 22:32:03,586 meanfield_dca compute_sorted_FN_APC 
	Performing average product correction (APC) to Frobenius norm of couplings.
[0;32mINFO[0;0m 2021-10-27 22:32:03,602 dca_utilities write_sorted_dca_scores 
	Writing DCA scores to file MFDCA_output_1gax_C/MFDCA_apc_fn_scores_1gax_C.txt
[0;32mINFO[0;0m 2021-10-27 22:32:03,616 mfdca_main run_meanfield_dca 
	DONE
