[0;32mINFO[0;0m 2021-06-10 14:41:39,461 fasta_reader get_alignment_int_form 
	Total number of sequences read from file: 59
[0;32mINFO[0;0m 2021-06-10 14:41:39,461 meanfield_dca compute_sequences_weight 
	Computing sequences weights
[0;32mINFO[0;0m 2021-06-10 14:41:40,488 meanfield_dca __init__ 
	Created a MeanFieldDCA object with the following attributes
        	biomolecule: RNA
        	total states at sites: 5
        	pseudocount: 0.5
        	sequence identity: 0.8
        	alignment length: 81
        	total number of unique sequences (excluding redundant sequences with 100 percent similarity): 59
        	effective number of sequences (with sequence identity 0.8): 32.93452380952381
        
[0;32mINFO[0;0m 2021-06-10 14:41:40,489 meanfield_dca get_single_site_freqs 
	Computing single site frequencies
[0;32mINFO[0;0m 2021-06-10 14:41:40,861 meanfield_dca get_reg_single_site_freqs 
	Regularizing single site frequencies
[0;32mINFO[0;0m 2021-06-10 14:41:40,988 meanfield_dca get_pair_site_freqs 
	Computing pair site frequencies
[0;32mINFO[0;0m 2021-06-10 14:41:44,181 meanfield_dca get_reg_pair_site_freqs 
	Regularizing pair site frequencies
[0;32mINFO[0;0m 2021-06-10 14:41:44,382 meanfield_dca construct_corr_mat 
	Constructing the correlation matrix
[0;32mINFO[0;0m 2021-06-10 14:41:44,701 meanfield_dca compute_couplings 
	Computing couplings
[0;32mINFO[0;0m 2021-06-10 14:41:45,570 meanfield_dca compute_couplings 
	Maximum and minimum couplings: 2.680066371675514, -20.00000000000002
[0;32mINFO[0;0m 2021-06-10 14:41:45,570 meanfield_dca compute_sorted_FN 
	Computing Frobenius norm of couplings
[0;32mINFO[0;0m 2021-06-10 14:41:45,774 meanfield_dca compute_sorted_FN_APC 
	Performing average product correction (APC) to Frobenius norm of couplings.
[0;32mINFO[0;0m 2021-06-10 14:41:45,795 dca_utilities write_sorted_dca_scores 
	Writing DCA scores to file MFDCA_output_PKB225/MFDCA_apc_fn_scores_PKB225.txt
[0;32mINFO[0;0m 2021-06-10 14:41:45,802 mfdca_main run_meanfield_dca 
	DONE
