[0;32mINFO[0;0m 2021-09-18 14:41:59,762 fasta_reader get_alignment_int_form 
	Total number of sequences read from file: 27
[0;32mINFO[0;0m 2021-09-18 14:41:59,762 meanfield_dca compute_sequences_weight 
	Computing sequences weights
[0;32mINFO[0;0m 2021-09-18 14:42:00,650 meanfield_dca __init__ 
	Created a MeanFieldDCA object with the following attributes
        	biomolecule: RNA
        	total states at sites: 5
        	pseudocount: 0.5
        	sequence identity: 0.8
        	alignment length: 33
        	total number of unique sequences (excluding redundant sequences with 100 percent similarity): 26
        	effective number of sequences (with sequence identity 0.8): 4.4599567099567095
        
[0;32mINFO[0;0m 2021-09-18 14:42:00,651 meanfield_dca get_single_site_freqs 
	Computing single site frequencies
[0;32mINFO[0;0m 2021-09-18 14:42:01,021 meanfield_dca get_reg_single_site_freqs 
	Regularizing single site frequencies
[0;32mINFO[0;0m 2021-09-18 14:42:01,143 meanfield_dca get_pair_site_freqs 
	Computing pair site frequencies
[0;32mINFO[0;0m 2021-09-18 14:42:04,409 meanfield_dca get_reg_pair_site_freqs 
	Regularizing pair site frequencies
[0;32mINFO[0;0m 2021-09-18 14:42:04,606 meanfield_dca construct_corr_mat 
	Constructing the correlation matrix
[0;32mINFO[0;0m 2021-09-18 14:42:04,922 meanfield_dca compute_couplings 
	Computing couplings
[0;32mINFO[0;0m 2021-09-18 14:42:05,407 meanfield_dca compute_couplings 
	Maximum and minimum couplings: 4.281372549624991, -20.00000000000002
[0;32mINFO[0;0m 2021-09-18 14:42:05,407 meanfield_dca compute_sorted_FN 
	Computing Frobenius norm of couplings
[0;32mINFO[0;0m 2021-09-18 14:42:05,468 meanfield_dca compute_sorted_FN_APC 
	Performing average product correction (APC) to Frobenius norm of couplings.
[0;32mINFO[0;0m 2021-09-18 14:42:05,474 dca_utilities write_sorted_dca_scores 
	Writing DCA scores to file MFDCA_output_PKB249/MFDCA_apc_fn_scores_PKB249.txt
[0;32mINFO[0;0m 2021-09-18 14:42:05,478 mfdca_main run_meanfield_dca 
	DONE
