[0;32mINFO[0;0m 2021-08-03 01:20:03,298 fasta_reader get_alignment_int_form 
	Found 526959 non-standard residues in 49999 sequences
[0;32mINFO[0;0m 2021-08-03 01:20:03,300 fasta_reader get_alignment_int_form 
	Total number of sequences read from file: 50000
[0;32mINFO[0;0m 2021-08-03 01:20:03,322 meanfield_dca compute_sequences_weight 
	Computing sequences weights
[0;32mINFO[0;0m 2021-08-03 01:20:12,166 meanfield_dca __init__ 
	Created a MeanFieldDCA object with the following attributes
        	biomolecule: RNA
        	total states at sites: 5
        	pseudocount: 0.5
        	sequence identity: 0.8
        	alignment length: 87
        	total number of unique sequences (excluding redundant sequences with 100 percent similarity): 49609
        	effective number of sequences (with sequence identity 0.8): 3.015960609013793
        
[0;32mINFO[0;0m 2021-08-03 01:20:12,168 meanfield_dca get_single_site_freqs 
	Computing single site frequencies
[0;32mINFO[0;0m 2021-08-03 01:20:13,471 meanfield_dca get_reg_single_site_freqs 
	Regularizing single site frequencies
[0;32mINFO[0;0m 2021-08-03 01:20:13,796 meanfield_dca get_pair_site_freqs 
	Computing pair site frequencies
[0;32mINFO[0;0m 2021-08-03 01:20:22,785 meanfield_dca get_reg_pair_site_freqs 
	Regularizing pair site frequencies
[0;32mINFO[0;0m 2021-08-03 01:20:23,115 meanfield_dca construct_corr_mat 
	Constructing the correlation matrix
[0;32mINFO[0;0m 2021-08-03 01:20:23,683 meanfield_dca compute_couplings 
	Computing couplings
[0;32mINFO[0;0m 2021-08-03 01:20:25,752 meanfield_dca compute_couplings 
	Maximum and minimum couplings: 4.182705110698873, -19.836240992979867
[0;32mINFO[0;0m 2021-08-03 01:20:25,752 meanfield_dca compute_sorted_FN 
	Computing Frobenius norm of couplings
[0;32mINFO[0;0m 2021-08-03 01:20:26,039 meanfield_dca compute_sorted_FN_APC 
	Performing average product correction (APC) to Frobenius norm of couplings.
[0;32mINFO[0;0m 2021-08-03 01:20:26,084 dca_utilities write_sorted_dca_scores 
	Writing DCA scores to file MFDCA_output_5aox_C/MFDCA_apc_fn_scores_5aox_C.txt
[0;32mINFO[0;0m 2021-08-03 01:20:26,110 mfdca_main run_meanfield_dca 
	DONE
