[0;32mINFO[0;0m 2021-06-10 13:46:55,992 fasta_reader get_alignment_int_form 
	Total number of sequences read from file: 3
[0;32mINFO[0;0m 2021-06-10 13:46:55,993 meanfield_dca compute_sequences_weight 
	Computing sequences weights
[0;32mINFO[0;0m 2021-06-10 13:46:57,087 meanfield_dca __init__ 
	Created a MeanFieldDCA object with the following attributes
        	biomolecule: RNA
        	total states at sites: 5
        	pseudocount: 0.5
        	sequence identity: 0.8
        	alignment length: 106
        	total number of unique sequences (excluding redundant sequences with 100 percent similarity): 2
        	effective number of sequences (with sequence identity 0.8): 1.0
        
[0;32mINFO[0;0m 2021-06-10 13:46:57,088 meanfield_dca get_single_site_freqs 
	Computing single site frequencies
[0;32mINFO[0;0m 2021-06-10 13:46:57,572 meanfield_dca get_reg_single_site_freqs 
	Regularizing single site frequencies
[0;32mINFO[0;0m 2021-06-10 13:46:57,728 meanfield_dca get_pair_site_freqs 
	Computing pair site frequencies
[0;32mINFO[0;0m 2021-06-10 13:47:01,808 meanfield_dca get_reg_pair_site_freqs 
	Regularizing pair site frequencies
[0;32mINFO[0;0m 2021-06-10 13:47:02,083 meanfield_dca construct_corr_mat 
	Constructing the correlation matrix
[0;32mINFO[0;0m 2021-06-10 13:47:02,483 meanfield_dca compute_couplings 
	Computing couplings
[0;32mINFO[0;0m 2021-06-10 13:47:05,079 meanfield_dca compute_couplings 
	Maximum and minimum couplings: 0.80645161290325, -20.000000000000004
[0;32mINFO[0;0m 2021-06-10 13:47:05,079 meanfield_dca compute_sorted_FN 
	Computing Frobenius norm of couplings
[0;32mINFO[0;0m 2021-06-10 13:47:05,451 meanfield_dca compute_sorted_FN_APC 
	Performing average product correction (APC) to Frobenius norm of couplings.
[0;32mINFO[0;0m 2021-06-10 13:47:05,502 dca_utilities write_sorted_dca_scores 
	Writing DCA scores to file MFDCA_output_PKB336/MFDCA_apc_fn_scores_PKB336.txt
[0;32mINFO[0;0m 2021-06-10 13:47:05,517 mfdca_main run_meanfield_dca 
	DONE
