[0;32mINFO[0;0m 2021-08-19 11:49:47,172 plmdca __init__ Created plmDCA instance with:
            biomolecule: RNA
            MSA sequence length: 85
            total number of (unweighted) sequences: 1372
            sequence identity: 0.8
            lambda_h: 16.8
            lambda_J: 16.8
            gradient decent iterations: 500
            number of threads: 40
        
[0;32mINFO[0;0m 2021-08-19 11:49:47,172 plmdca get_fields_and_couplings_from_backend 
	Computing fields and couplings using gradient decent
Iteration 1:
fx = 20780.996094, xnorm = 28.433512, gnorm = 1422.783813, step = 0.000728

Iteration 2:
fx = 18931.978516, xnorm = 26.377918, gnorm = 2346.569580, step = 1.000000

Iteration 3:
fx = 14395.859375, xnorm = 21.149885, gnorm = 2681.362549, step = 1.000000

Iteration 4:
fx = 11014.199219, xnorm = 16.644663, gnorm = 2194.780762, step = 1.000000

Iteration 5:
fx = 9321.585938, xnorm = 15.669134, gnorm = 1863.927490, step = 1.000000

Iteration 6:
fx = 7915.927246, xnorm = 14.994517, gnorm = 1063.101318, step = 1.000000

Iteration 7:
fx = 6923.489746, xnorm = 13.973488, gnorm = 662.968872, step = 1.000000

Iteration 8:
fx = 6322.731934, xnorm = 12.867043, gnorm = 598.064758, step = 1.000000

Iteration 9:
fx = 5810.200684, xnorm = 11.805752, gnorm = 623.966370, step = 1.000000

Iteration 10:
fx = 5662.998047, xnorm = 10.913687, gnorm = 985.074524, step = 1.000000

Iteration 11:
fx = 5290.791992, xnorm = 10.681350, gnorm = 317.598022, step = 1.000000

Iteration 12:
fx = 5218.694824, xnorm = 10.361666, gnorm = 285.056641, step = 1.000000

Iteration 13:
fx = 5127.672852, xnorm = 9.712758, gnorm = 254.580872, step = 1.000000

Iteration 14:
fx = 5072.910156, xnorm = 9.149214, gnorm = 264.500732, step = 1.000000

Iteration 15:
fx = 5034.044434, xnorm = 9.150029, gnorm = 134.201477, step = 1.000000

Iteration 16:
fx = 5018.440430, xnorm = 9.088772, gnorm = 128.369400, step = 1.000000

Iteration 17:
fx = 5002.506348, xnorm = 8.997579, gnorm = 139.188278, step = 1.000000

Iteration 18:
fx = 5001.294434, xnorm = 8.977674, gnorm = 199.672089, step = 1.000000

Iteration 19:
fx = 4988.462402, xnorm = 8.969430, gnorm = 64.762894, step = 1.000000

Iteration 20:
fx = 4986.061035, xnorm = 8.967067, gnorm = 46.183365, step = 1.000000

Iteration 21:
fx = 4984.250488, xnorm = 8.961992, gnorm = 47.899315, step = 1.000000

Iteration 22:
fx = 4983.482910, xnorm = 8.947360, gnorm = 66.528992, step = 1.000000

Iteration 23:
fx = 4981.946777, xnorm = 8.939854, gnorm = 28.909393, step = 1.000000

Iteration 24:
fx = 4981.201660, xnorm = 8.928898, gnorm = 24.944036, step = 1.000000

Iteration 25:
fx = 4980.437012, xnorm = 8.913608, gnorm = 25.677319, step = 1.000000

Iteration 26:
fx = 4979.853516, xnorm = 8.883762, gnorm = 47.741196, step = 1.000000

Iteration 27:
fx = 4979.152344, xnorm = 8.874586, gnorm = 16.085606, step = 1.000000

Iteration 28:
fx = 4979.068359, xnorm = 8.878888, gnorm = 8.740530, step = 1.000000

Iteration 29:
fx = 4978.933594, xnorm = 8.876910, gnorm = 7.120629, step = 1.000000

Iteration 30:
fx = 4978.745605, xnorm = 8.867614, gnorm = 14.310962, step = 1.000000

Iteration 31:
fx = 4978.482422, xnorm = 8.858531, gnorm = 10.888544, step = 1.000000

Iteration 32:
fx = 4978.444824, xnorm = 8.855885, gnorm = 5.800669, step = 1.000000

Iteration 33:
fx = 4978.396484, xnorm = 8.852312, gnorm = 3.427814, step = 1.000000

Iteration 34:
fx = 4978.377930, xnorm = 8.850414, gnorm = 3.237946, step = 1.000000

Iteration 35:
fx = 4978.328125, xnorm = 8.849010, gnorm = 4.249980, step = 1.000000

L-BFGS optimization terminated with status code = -1001
fx = 4978.328125
[0;32mINFO[0;0m 2021-08-19 11:49:47,755 plmdca get_fields_and_couplings_from_backend 
	Data size expected from plmDCA backend: 89675
[0;32mINFO[0;0m 2021-08-19 11:49:47,755 plmdca get_fields_and_couplings_from_backend 
	Data size obtained from plmDCA backend to Python: 89675
[0;32mINFO[0;0m 2021-08-19 11:49:47,810 plmdca compute_sorted_FN 
	Computing non-APC sorted DCA score
[0;32mINFO[0;0m 2021-08-19 11:49:47,963 plmdca compute_sorted_FN_APC 
	Performing average product correction (APC) of FN  of DCA scores
[0;32mINFO[0;0m 2021-08-19 11:49:47,994 dca_utilities write_sorted_dca_scores 
	Writing DCA scores to file PLMDCA_output_5u3g_B/PLMDCA_apc_fn_scores_5u3g_B.txt
