[0;32mINFO[0;0m 2021-06-10 13:42:53,874 fasta_reader get_alignment_int_form 
	Found 1 non-standard residues in 1 sequences
[0;32mINFO[0;0m 2021-06-10 13:42:53,874 fasta_reader get_alignment_int_form 
	Total number of sequences read from file: 21
[0;32mINFO[0;0m 2021-06-10 13:42:53,874 meanfield_dca compute_sequences_weight 
	Computing sequences weights
[0;32mINFO[0;0m 2021-06-10 13:42:54,968 meanfield_dca __init__ 
	Created a MeanFieldDCA object with the following attributes
        	biomolecule: RNA
        	total states at sites: 5
        	pseudocount: 0.5
        	sequence identity: 0.8
        	alignment length: 29
        	total number of unique sequences (excluding redundant sequences with 100 percent similarity): 20
        	effective number of sequences (with sequence identity 0.8): 1.8246354952237305
        
[0;32mINFO[0;0m 2021-06-10 13:42:54,969 meanfield_dca get_single_site_freqs 
	Computing single site frequencies
[0;32mINFO[0;0m 2021-06-10 13:42:55,423 meanfield_dca get_reg_single_site_freqs 
	Regularizing single site frequencies
[0;32mINFO[0;0m 2021-06-10 13:42:55,577 meanfield_dca get_pair_site_freqs 
	Computing pair site frequencies
[0;32mINFO[0;0m 2021-06-10 13:42:59,575 meanfield_dca get_reg_pair_site_freqs 
	Regularizing pair site frequencies
[0;32mINFO[0;0m 2021-06-10 13:42:59,825 meanfield_dca construct_corr_mat 
	Constructing the correlation matrix
[0;32mINFO[0;0m 2021-06-10 13:43:00,214 meanfield_dca compute_couplings 
	Computing couplings
[0;32mINFO[0;0m 2021-06-10 13:43:01,092 meanfield_dca compute_couplings 
	Maximum and minimum couplings: 6.669394063759032, -20.000000000000004
[0;32mINFO[0;0m 2021-06-10 13:43:01,093 meanfield_dca compute_sorted_FN 
	Computing Frobenius norm of couplings
[0;32mINFO[0;0m 2021-06-10 13:43:01,196 meanfield_dca compute_sorted_FN_APC 
	Performing average product correction (APC) to Frobenius norm of couplings.
[0;32mINFO[0;0m 2021-06-10 13:43:01,199 dca_utilities write_sorted_dca_scores 
	Writing DCA scores to file MFDCA_output_PKB298/MFDCA_apc_fn_scores_PKB298.txt
[0;32mINFO[0;0m 2021-06-10 13:43:01,208 mfdca_main run_meanfield_dca 
	DONE
