[0;32mINFO[0;0m 2021-10-27 22:35:21,505 fasta_reader get_alignment_int_form 
	Total number of sequences read from file: 843
[0;32mINFO[0;0m 2021-10-27 22:35:21,505 meanfield_dca compute_sequences_weight 
	Computing sequences weights
[0;32mINFO[0;0m 2021-10-27 22:35:22,364 meanfield_dca __init__ 
	Created a MeanFieldDCA object with the following attributes
        	biomolecule: RNA
        	total states at sites: 5
        	pseudocount: 0.5
        	sequence identity: 0.8
        	alignment length: 86
        	total number of unique sequences (excluding redundant sequences with 100 percent similarity): 843
        	effective number of sequences (with sequence identity 0.8): 439.29452116626527
        
[0;32mINFO[0;0m 2021-10-27 22:35:22,364 meanfield_dca get_single_site_freqs 
	Computing single site frequencies
[0;32mINFO[0;0m 2021-10-27 22:35:22,733 meanfield_dca get_reg_single_site_freqs 
	Regularizing single site frequencies
[0;32mINFO[0;0m 2021-10-27 22:35:22,886 meanfield_dca get_pair_site_freqs 
	Computing pair site frequencies
[0;32mINFO[0;0m 2021-10-27 22:35:26,081 meanfield_dca get_reg_pair_site_freqs 
	Regularizing pair site frequencies
[0;32mINFO[0;0m 2021-10-27 22:35:26,331 meanfield_dca construct_corr_mat 
	Constructing the correlation matrix
[0;32mINFO[0;0m 2021-10-27 22:35:26,595 meanfield_dca compute_couplings 
	Computing couplings
[0;32mINFO[0;0m 2021-10-27 22:35:27,189 meanfield_dca compute_couplings 
	Maximum and minimum couplings: 4.587809536592777, -20.000000000000018
[0;32mINFO[0;0m 2021-10-27 22:35:27,189 meanfield_dca compute_sorted_FN 
	Computing Frobenius norm of couplings
[0;32mINFO[0;0m 2021-10-27 22:35:27,442 meanfield_dca compute_sorted_FN_APC 
	Performing average product correction (APC) to Frobenius norm of couplings.
[0;32mINFO[0;0m 2021-10-27 22:35:27,467 dca_utilities write_sorted_dca_scores 
	Writing DCA scores to file MFDCA_output_4mgn_A/MFDCA_apc_fn_scores_4mgn_A.txt
[0;32mINFO[0;0m 2021-10-27 22:35:27,475 mfdca_main run_meanfield_dca 
	DONE
