[0;32mINFO[0;0m 2021-05-22 20:10:12,608 plmdca __init__ Created plmDCA instance with:
            biomolecule: RNA
            MSA sequence length: 55
            total number of (unweighted) sequences: 5323
            sequence identity: 0.8
            lambda_h: 10.8
            lambda_J: 10.8
            gradient decent iterations: 500
            number of threads: 40
        
[0;32mINFO[0;0m 2021-05-22 20:10:12,608 plmdca get_fields_and_couplings_from_backend 
	Computing fields and couplings using gradient decent
Iteration 1:
fx = 12180.283203, xnorm = 18.790260, gnorm = 1191.262939, step = 0.000871

Iteration 2:
fx = 11417.184570, xnorm = 18.199917, gnorm = 1447.864014, step = 1.000000

Iteration 3:
fx = 9723.268555, xnorm = 17.200544, gnorm = 1134.511108, step = 1.000000

Iteration 4:
fx = 8486.302734, xnorm = 16.654118, gnorm = 1255.619873, step = 1.000000

Iteration 5:
fx = 7632.908203, xnorm = 16.718481, gnorm = 621.762512, step = 1.000000

Iteration 6:
fx = 7285.340820, xnorm = 16.517258, gnorm = 464.698639, step = 1.000000

Iteration 7:
fx = 6831.363770, xnorm = 15.898314, gnorm = 549.190918, step = 1.000000

Iteration 8:
fx = 6444.800781, xnorm = 15.271646, gnorm = 550.139954, step = 1.000000

Iteration 9:
fx = 5898.666992, xnorm = 14.593805, gnorm = 594.586060, step = 1.000000

Iteration 10:
fx = 5695.385742, xnorm = 14.209362, gnorm = 460.811401, step = 0.458915

Iteration 11:
fx = 5511.654785, xnorm = 13.790137, gnorm = 277.817963, step = 1.000000

Iteration 12:
fx = 5421.131348, xnorm = 13.100482, gnorm = 322.847168, step = 1.000000

Iteration 13:
fx = 5345.937988, xnorm = 12.904713, gnorm = 191.048981, step = 1.000000

Iteration 14:
fx = 5287.305664, xnorm = 12.494627, gnorm = 127.516693, step = 1.000000

Iteration 15:
fx = 5261.941895, xnorm = 12.142953, gnorm = 152.514954, step = 1.000000

Iteration 16:
fx = 5251.368652, xnorm = 11.908568, gnorm = 173.776657, step = 1.000000

Iteration 17:
fx = 5238.718262, xnorm = 11.931544, gnorm = 84.336899, step = 1.000000

Iteration 18:
fx = 5231.540039, xnorm = 11.863537, gnorm = 57.938423, step = 1.000000

Iteration 19:
fx = 5226.295410, xnorm = 11.777513, gnorm = 58.219158, step = 1.000000

Iteration 20:
fx = 5220.677734, xnorm = 11.649726, gnorm = 95.544991, step = 1.000000

Iteration 21:
fx = 5218.820801, xnorm = 11.583662, gnorm = 94.535370, step = 1.000000

Iteration 22:
fx = 5215.207031, xnorm = 11.625019, gnorm = 31.108076, step = 1.000000

Iteration 23:
fx = 5214.329102, xnorm = 11.631609, gnorm = 23.772608, step = 1.000000

Iteration 24:
fx = 5212.915527, xnorm = 11.639991, gnorm = 30.914993, step = 1.000000

Iteration 25:
fx = 5211.588379, xnorm = 11.646595, gnorm = 30.850138, step = 1.000000

Iteration 26:
fx = 5211.140625, xnorm = 11.651285, gnorm = 26.291698, step = 0.211106

Iteration 27:
fx = 5210.282227, xnorm = 11.658090, gnorm = 14.997489, step = 1.000000

Iteration 28:
fx = 5209.920898, xnorm = 11.661414, gnorm = 13.496232, step = 1.000000

Iteration 29:
fx = 5209.672363, xnorm = 11.664348, gnorm = 15.229678, step = 0.356578

Iteration 30:
fx = 5209.463379, xnorm = 11.668176, gnorm = 7.558278, step = 1.000000

Iteration 31:
fx = 5209.396484, xnorm = 11.668164, gnorm = 8.510878, step = 1.000000

Iteration 32:
fx = 5209.301270, xnorm = 11.669421, gnorm = 5.544474, step = 1.000000

Iteration 33:
fx = 5209.254883, xnorm = 11.670143, gnorm = 4.574678, step = 1.000000

Iteration 34:
fx = 5209.199219, xnorm = 11.671157, gnorm = 3.476473, step = 1.000000

Iteration 35:
fx = 5209.191406, xnorm = 11.673210, gnorm = 4.553557, step = 1.000000

Iteration 36:
fx = 5209.156738, xnorm = 11.673955, gnorm = 2.138400, step = 1.000000

Iteration 37:
fx = 5209.153809, xnorm = 11.674331, gnorm = 1.505507, step = 1.000000

L-BFGS optimization terminated with status code = -1001
fx = 5209.152832
[0;32mINFO[0;0m 2021-05-22 20:10:15,184 plmdca get_fields_and_couplings_from_backend 
	Data size expected from plmDCA backend: 37400
[0;32mINFO[0;0m 2021-05-22 20:10:15,185 plmdca get_fields_and_couplings_from_backend 
	Data size obtained from plmDCA backend to Python: 37400
[0;32mINFO[0;0m 2021-05-22 20:10:15,212 plmdca compute_sorted_FN 
	Computing non-APC sorted DCA score
[0;32mINFO[0;0m 2021-05-22 20:10:15,329 plmdca compute_sorted_FN_APC 
	Performing average product correction (APC) of FN  of DCA scores
[0;32mINFO[0;0m 2021-05-22 20:10:15,351 dca_utilities write_sorted_dca_scores 
	Writing DCA scores to file PLMDCA_output_4k27_U/PLMDCA_apc_fn_scores_4k27_U.txt
