[0;32mINFO[0;0m 2021-08-19 11:09:26,918 plmdca __init__ Created plmDCA instance with:
            biomolecule: RNA
            MSA sequence length: 77
            total number of (unweighted) sequences: 50000
            sequence identity: 0.8
            lambda_h: 15.200000000000001
            lambda_J: 15.200000000000001
            gradient decent iterations: 500
            number of threads: 40
        
[0;32mINFO[0;0m 2021-08-19 11:09:26,919 plmdca get_fields_and_couplings_from_backend 
	Computing fields and couplings using gradient decent
Iteration 1:
fx = 65857.992188, xnorm = 37.454914, gnorm = 3561.425537, step = 0.000067

Iteration 2:
fx = 64825.617188, xnorm = 37.303638, gnorm = 4258.381348, step = 1.000000

Iteration 3:
fx = 63127.394531, xnorm = 36.947617, gnorm = 6680.509766, step = 1.000000

Iteration 4:
fx = 59087.593750, xnorm = 36.145912, gnorm = 9428.031250, step = 1.000000

Iteration 5:
fx = 49905.527344, xnorm = 34.855492, gnorm = 8790.885742, step = 1.000000

Iteration 6:
fx = 43846.742188, xnorm = 34.872875, gnorm = 6265.112793, step = 1.000000

Iteration 7:
fx = 41706.078125, xnorm = 34.953098, gnorm = 3538.268799, step = 1.000000

Iteration 8:
fx = 40632.578125, xnorm = 34.840405, gnorm = 1958.157104, step = 1.000000

Iteration 9:
fx = 39846.550781, xnorm = 34.636444, gnorm = 1853.866699, step = 1.000000

Iteration 10:
fx = 38675.933594, xnorm = 34.241405, gnorm = 2067.639160, step = 1.000000

Iteration 11:
fx = 37092.980469, xnorm = 33.396832, gnorm = 4049.033447, step = 1.000000

Iteration 12:
fx = 35684.316406, xnorm = 32.944996, gnorm = 4382.281250, step = 1.000000

Iteration 13:
fx = 34207.097656, xnorm = 32.673321, gnorm = 2454.475830, step = 1.000000

Iteration 14:
fx = 33298.371094, xnorm = 32.499287, gnorm = 1562.083252, step = 1.000000

Iteration 15:
fx = 32471.318359, xnorm = 32.082039, gnorm = 2460.777100, step = 1.000000

Iteration 16:
fx = 31727.277344, xnorm = 31.558580, gnorm = 2443.084717, step = 1.000000

Iteration 17:
fx = 31117.337891, xnorm = 31.070656, gnorm = 1886.446777, step = 1.000000

Iteration 18:
fx = 30308.115234, xnorm = 30.212896, gnorm = 2028.973633, step = 1.000000

Iteration 19:
fx = 29639.830078, xnorm = 29.216846, gnorm = 2593.633789, step = 1.000000

Iteration 20:
fx = 28260.767578, xnorm = 27.440603, gnorm = 2628.351562, step = 1.000000

Iteration 21:
fx = 27305.347656, xnorm = 26.142595, gnorm = 3111.034912, step = 1.000000

Iteration 22:
fx = 26308.859375, xnorm = 25.142567, gnorm = 1464.472900, step = 1.000000

Iteration 23:
fx = 25910.591797, xnorm = 24.556433, gnorm = 1165.473877, step = 1.000000

Iteration 24:
fx = 25715.009766, xnorm = 22.788988, gnorm = 2966.094971, step = 1.000000

Iteration 25:
fx = 25051.359375, xnorm = 22.890770, gnorm = 1179.666748, step = 1.000000

Iteration 26:
fx = 24889.718750, xnorm = 22.763607, gnorm = 1126.815918, step = 1.000000

Iteration 27:
fx = 24685.064453, xnorm = 22.307056, gnorm = 1025.849365, step = 1.000000

Iteration 28:
fx = 24444.330078, xnorm = 21.363104, gnorm = 1376.413940, step = 1.000000

Iteration 29:
fx = 24320.107422, xnorm = 20.848465, gnorm = 1122.267578, step = 1.000000

Iteration 30:
fx = 24243.271484, xnorm = 20.864582, gnorm = 623.911926, step = 1.000000

Iteration 31:
fx = 24180.357422, xnorm = 20.793943, gnorm = 563.465393, step = 1.000000

Iteration 32:
fx = 24097.292969, xnorm = 20.540400, gnorm = 827.545715, step = 1.000000

Iteration 33:
fx = 24031.056641, xnorm = 20.191946, gnorm = 1196.608276, step = 1.000000

Iteration 34:
fx = 23930.781250, xnorm = 19.954262, gnorm = 671.990723, step = 1.000000

Iteration 35:
fx = 23878.070312, xnorm = 19.873507, gnorm = 423.902283, step = 1.000000

Iteration 36:
fx = 23839.261719, xnorm = 19.791393, gnorm = 412.761871, step = 1.000000

Iteration 37:
fx = 23807.517578, xnorm = 19.666811, gnorm = 736.739136, step = 1.000000

Iteration 38:
fx = 23762.773438, xnorm = 19.656784, gnorm = 457.023682, step = 1.000000

Iteration 39:
fx = 23732.615234, xnorm = 19.675802, gnorm = 365.706451, step = 1.000000

Iteration 40:
fx = 23707.908203, xnorm = 19.710987, gnorm = 495.592377, step = 1.000000

Iteration 41:
fx = 23703.980469, xnorm = 19.728220, gnorm = 875.818726, step = 1.000000

Iteration 42:
fx = 23669.390625, xnorm = 19.733946, gnorm = 342.777802, step = 1.000000

Iteration 43:
fx = 23655.484375, xnorm = 19.735926, gnorm = 274.376953, step = 1.000000

Iteration 44:
fx = 23646.029297, xnorm = 19.741560, gnorm = 293.092529, step = 1.000000

Iteration 45:
fx = 23633.322266, xnorm = 19.770250, gnorm = 434.436584, step = 1.000000

Iteration 46:
fx = 23624.333984, xnorm = 19.815619, gnorm = 442.147827, step = 1.000000

Iteration 47:
fx = 23612.013672, xnorm = 19.814774, gnorm = 181.667725, step = 1.000000

Iteration 48:
fx = 23607.367188, xnorm = 19.820974, gnorm = 167.847214, step = 1.000000

Iteration 49:
fx = 23602.810547, xnorm = 19.834440, gnorm = 187.164398, step = 1.000000

Iteration 50:
fx = 23600.099609, xnorm = 19.846659, gnorm = 250.571198, step = 0.293123

Iteration 51:
fx = 23592.562500, xnorm = 19.897482, gnorm = 200.206573, step = 1.000000

Iteration 52:
fx = 23589.656250, xnorm = 19.921900, gnorm = 284.660767, step = 1.000000

Iteration 53:
fx = 23582.824219, xnorm = 19.945280, gnorm = 130.601624, step = 1.000000

Iteration 54:
fx = 23580.021484, xnorm = 19.951891, gnorm = 109.899727, step = 1.000000

Iteration 55:
fx = 23578.130859, xnorm = 19.954521, gnorm = 101.870583, step = 1.000000

Iteration 56:
fx = 23575.003906, xnorm = 19.962425, gnorm = 122.259987, step = 1.000000

Iteration 57:
fx = 23573.115234, xnorm = 19.963959, gnorm = 132.446457, step = 0.468380

Iteration 58:
fx = 23571.703125, xnorm = 19.965427, gnorm = 83.835579, step = 1.000000

Iteration 59:
fx = 23569.507812, xnorm = 19.965967, gnorm = 79.033737, step = 1.000000

Iteration 60:
fx = 23567.636719, xnorm = 19.964815, gnorm = 132.240845, step = 1.000000

Iteration 61:
fx = 23564.474609, xnorm = 19.962759, gnorm = 77.620094, step = 1.000000

Iteration 62:
fx = 23563.152344, xnorm = 19.959972, gnorm = 59.652756, step = 1.000000

Iteration 63:
fx = 23562.056641, xnorm = 19.955101, gnorm = 63.127319, step = 1.000000

Iteration 64:
fx = 23560.695312, xnorm = 19.946909, gnorm = 106.198349, step = 1.000000

Iteration 65:
fx = 23559.373047, xnorm = 19.942167, gnorm = 58.545937, step = 1.000000

Iteration 66:
fx = 23558.875000, xnorm = 19.939713, gnorm = 44.600964, step = 1.000000

Iteration 67:
fx = 23558.257812, xnorm = 19.936773, gnorm = 44.701542, step = 1.000000

Iteration 68:
fx = 23557.546875, xnorm = 19.930822, gnorm = 57.552677, step = 1.000000

Iteration 69:
fx = 23556.789062, xnorm = 19.925234, gnorm = 35.876953, step = 1.000000

Iteration 70:
fx = 23556.240234, xnorm = 19.918589, gnorm = 37.060329, step = 1.000000

Iteration 71:
fx = 23555.951172, xnorm = 19.912439, gnorm = 52.235085, step = 1.000000

Iteration 72:
fx = 23555.857422, xnorm = 19.910225, gnorm = 31.728205, step = 1.000000

Iteration 73:
fx = 23555.755859, xnorm = 19.908438, gnorm = 26.703411, step = 1.000000

Iteration 74:
fx = 23555.746094, xnorm = 19.904221, gnorm = 37.537151, step = 1.000000

Iteration 75:
fx = 23555.494141, xnorm = 19.897804, gnorm = 47.569481, step = 1.000000

Iteration 76:
fx = 23555.476562, xnorm = 19.897455, gnorm = 38.281265, step = 0.271060

Iteration 77:
fx = 23555.441406, xnorm = 19.895201, gnorm = 18.615143, step = 1.000000

Iteration 78:
fx = 23555.419922, xnorm = 19.893690, gnorm = 18.440363, step = 1.000000

Iteration 79:
fx = 23555.419922, xnorm = 19.892492, gnorm = 18.602114, step = 0.221907

Iteration 80:
fx = 23555.343750, xnorm = 19.886942, gnorm = 13.523036, step = 1.000000

Iteration 81:
fx = 23555.257812, xnorm = 19.885498, gnorm = 19.863092, step = 1.000000

Iteration 82:
fx = 23555.125000, xnorm = 19.883768, gnorm = 11.425065, step = 1.000000

Iteration 83:
fx = 23554.939453, xnorm = 19.883791, gnorm = 20.225195, step = 1.000000

L-BFGS optimization terminated with status code = -1001
fx = 23554.931641
[0;32mINFO[0;0m 2021-08-19 11:10:00,376 plmdca get_fields_and_couplings_from_backend 
	Data size expected from plmDCA backend: 73535
[0;32mINFO[0;0m 2021-08-19 11:10:00,376 plmdca get_fields_and_couplings_from_backend 
	Data size obtained from plmDCA backend to Python: 73535
[0;32mINFO[0;0m 2021-08-19 11:10:00,423 plmdca compute_sorted_FN 
	Computing non-APC sorted DCA score
[0;32mINFO[0;0m 2021-08-19 11:10:00,542 plmdca compute_sorted_FN_APC 
	Performing average product correction (APC) of FN  of DCA scores
[0;32mINFO[0;0m 2021-08-19 11:10:00,566 dca_utilities write_sorted_dca_scores 
	Writing DCA scores to file PLMDCA_output_1j1u_B/PLMDCA_apc_fn_scores_1j1u_B.txt
