[0;32mINFO[0;0m 2021-08-18 21:52:35,624 fasta_reader get_alignment_int_form 
	Found 1031 non-standard residues in 399 sequences
[0;32mINFO[0;0m 2021-08-18 21:52:35,624 fasta_reader get_alignment_int_form 
	Total number of sequences read from file: 42071
[0;32mINFO[0;0m 2021-08-18 21:52:35,630 meanfield_dca compute_sequences_weight 
	Computing sequences weights
[0;32mINFO[0;0m 2021-08-18 21:52:40,540 meanfield_dca __init__ 
	Created a MeanFieldDCA object with the following attributes
        	biomolecule: RNA
        	total states at sites: 5
        	pseudocount: 0.5
        	sequence identity: 0.8
        	alignment length: 121
        	total number of unique sequences (excluding redundant sequences with 100 percent similarity): 42060
        	effective number of sequences (with sequence identity 0.8): 458.0716664682586
        
[0;32mINFO[0;0m 2021-08-18 21:52:40,541 meanfield_dca get_single_site_freqs 
	Computing single site frequencies
[0;32mINFO[0;0m 2021-08-18 21:52:41,358 meanfield_dca get_reg_single_site_freqs 
	Regularizing single site frequencies
[0;32mINFO[0;0m 2021-08-18 21:52:41,483 meanfield_dca get_pair_site_freqs 
	Computing pair site frequencies
[0;32mINFO[0;0m 2021-08-18 21:52:48,192 meanfield_dca get_reg_pair_site_freqs 
	Regularizing pair site frequencies
[0;32mINFO[0;0m 2021-08-18 21:52:48,481 meanfield_dca construct_corr_mat 
	Constructing the correlation matrix
[0;32mINFO[0;0m 2021-08-18 21:52:48,745 meanfield_dca compute_couplings 
	Computing couplings
[0;32mINFO[0;0m 2021-08-18 21:52:49,407 meanfield_dca compute_couplings 
	Maximum and minimum couplings: 2.8882335688734972, -19.734678220007797
[0;32mINFO[0;0m 2021-08-18 21:52:49,407 meanfield_dca compute_sorted_FN 
	Computing Frobenius norm of couplings
[0;32mINFO[0;0m 2021-08-18 21:52:49,801 meanfield_dca compute_sorted_FN_APC 
	Performing average product correction (APC) to Frobenius norm of couplings.
[0;32mINFO[0;0m 2021-08-18 21:52:49,870 dca_utilities write_sorted_dca_scores 
	Writing DCA scores to file MFDCA_output_4v88_A3/MFDCA_apc_fn_scores_4v88_A3.txt
[0;32mINFO[0;0m 2021-08-18 21:52:49,896 mfdca_main run_meanfield_dca 
	DONE
