[0;32mINFO[0;0m 2021-05-22 18:54:41,910 fasta_reader get_alignment_int_form 
	Found 8 non-standard residues in 6 sequences
[0;32mINFO[0;0m 2021-05-22 18:54:41,910 fasta_reader get_alignment_int_form 
	Total number of sequences read from file: 190
[0;32mINFO[0;0m 2021-05-22 18:54:41,910 meanfield_dca compute_sequences_weight 
	Computing sequences weights
[0;32mINFO[0;0m 2021-05-22 18:54:43,105 meanfield_dca __init__ 
	Created a MeanFieldDCA object with the following attributes
        	biomolecule: RNA
        	total states at sites: 5
        	pseudocount: 0.5
        	sequence identity: 0.8
        	alignment length: 68
        	total number of unique sequences (excluding redundant sequences with 100 percent similarity): 190
        	effective number of sequences (with sequence identity 0.8): 14.083616119550289
        
[0;32mINFO[0;0m 2021-05-22 18:54:43,106 meanfield_dca get_single_site_freqs 
	Computing single site frequencies
[0;32mINFO[0;0m 2021-05-22 18:54:43,881 meanfield_dca get_reg_single_site_freqs 
	Regularizing single site frequencies
[0;32mINFO[0;0m 2021-05-22 18:54:44,013 meanfield_dca get_pair_site_freqs 
	Computing pair site frequencies
[0;32mINFO[0;0m 2021-05-22 18:54:47,184 meanfield_dca get_reg_pair_site_freqs 
	Regularizing pair site frequencies
[0;32mINFO[0;0m 2021-05-22 18:54:47,379 meanfield_dca construct_corr_mat 
	Constructing the correlation matrix
[0;32mINFO[0;0m 2021-05-22 18:54:47,684 meanfield_dca compute_couplings 
	Computing couplings
[0;32mINFO[0;0m 2021-05-22 18:54:48,673 meanfield_dca compute_couplings 
	Maximum and minimum couplings: 2.796357247919879, -19.930142183751208
[0;32mINFO[0;0m 2021-05-22 18:54:48,673 meanfield_dca compute_sorted_FN 
	Computing Frobenius norm of couplings
[0;32mINFO[0;0m 2021-05-22 18:54:48,898 meanfield_dca compute_sorted_FN_APC 
	Performing average product correction (APC) to Frobenius norm of couplings.
[0;32mINFO[0;0m 2021-05-22 18:54:48,910 dca_utilities write_sorted_dca_scores 
	Writing DCA scores to file MFDCA_output_4pqv_A/MFDCA_apc_fn_scores_4pqv_A.txt
[0;32mINFO[0;0m 2021-05-22 18:54:48,915 mfdca_main run_meanfield_dca 
	DONE
