[0;32mINFO[0;0m 2021-08-19 11:23:12,472 plmdca __init__ Created plmDCA instance with:
            biomolecule: RNA
            MSA sequence length: 122
            total number of (unweighted) sequences: 14524
            sequence identity: 0.8
            lambda_h: 24.200000000000003
            lambda_J: 24.200000000000003
            gradient decent iterations: 500
            number of threads: 40
        
[0;32mINFO[0;0m 2021-08-19 11:23:12,472 plmdca get_fields_and_couplings_from_backend 
	Computing fields and couplings using gradient decent
Iteration 1:
fx = 186740.640625, xnorm = 38.147221, gnorm = 24368.732422, step = 0.000060

Iteration 2:
fx = 178475.234375, xnorm = 38.112988, gnorm = 12451.352539, step = 1.000000

Iteration 3:
fx = 170788.421875, xnorm = 37.974754, gnorm = 10458.358398, step = 1.000000

Iteration 4:
fx = 158310.640625, xnorm = 37.690075, gnorm = 12630.401367, step = 1.000000

Iteration 5:
fx = 145783.000000, xnorm = 37.433067, gnorm = 16397.373047, step = 1.000000

Iteration 6:
fx = 137760.375000, xnorm = 37.563774, gnorm = 14563.430664, step = 1.000000

Iteration 7:
fx = 131947.015625, xnorm = 37.678234, gnorm = 8260.577148, step = 1.000000

Iteration 8:
fx = 127907.453125, xnorm = 37.838783, gnorm = 6175.725098, step = 1.000000

Iteration 9:
fx = 125023.726562, xnorm = 37.958618, gnorm = 6828.169434, step = 1.000000

Iteration 10:
fx = 120811.125000, xnorm = 38.080772, gnorm = 6970.663574, step = 1.000000

Iteration 11:
fx = 116514.125000, xnorm = 38.296886, gnorm = 8665.855469, step = 1.000000

Iteration 12:
fx = 112601.539062, xnorm = 38.335438, gnorm = 6021.779297, step = 1.000000

Iteration 13:
fx = 109465.609375, xnorm = 38.060474, gnorm = 5831.385742, step = 1.000000

Iteration 14:
fx = 105265.718750, xnorm = 37.424484, gnorm = 7737.552246, step = 1.000000

Iteration 15:
fx = 102322.757812, xnorm = 36.862816, gnorm = 6921.958008, step = 1.000000

Iteration 16:
fx = 100358.835938, xnorm = 36.594975, gnorm = 4696.263672, step = 1.000000

Iteration 17:
fx = 97755.515625, xnorm = 35.702438, gnorm = 5873.253418, step = 1.000000

Iteration 18:
fx = 96202.445312, xnorm = 35.286411, gnorm = 5268.358887, step = 1.000000

Iteration 19:
fx = 94063.445312, xnorm = 34.551262, gnorm = 4367.146973, step = 1.000000

Iteration 20:
fx = 92163.414062, xnorm = 33.874050, gnorm = 4174.484375, step = 1.000000

Iteration 21:
fx = 90389.351562, xnorm = 32.959415, gnorm = 5835.555664, step = 1.000000

Iteration 22:
fx = 88767.203125, xnorm = 32.382137, gnorm = 4634.095215, step = 1.000000

Iteration 23:
fx = 87478.164062, xnorm = 32.116261, gnorm = 3882.748779, step = 1.000000

Iteration 24:
fx = 85943.421875, xnorm = 31.328634, gnorm = 5566.193848, step = 1.000000

Iteration 25:
fx = 84648.976562, xnorm = 30.754755, gnorm = 4198.802734, step = 1.000000

Iteration 26:
fx = 83851.250000, xnorm = 30.604685, gnorm = 2938.248535, step = 1.000000

Iteration 27:
fx = 83016.156250, xnorm = 30.202755, gnorm = 3549.200684, step = 1.000000

Iteration 28:
fx = 82453.710938, xnorm = 29.772585, gnorm = 4413.625488, step = 1.000000

Iteration 29:
fx = 81728.890625, xnorm = 29.615488, gnorm = 3264.229248, step = 1.000000

Iteration 30:
fx = 80636.312500, xnorm = 29.080389, gnorm = 4224.485352, step = 1.000000

Iteration 31:
fx = 80123.132812, xnorm = 28.854078, gnorm = 4370.854980, step = 1.000000

Iteration 32:
fx = 79600.007812, xnorm = 28.786877, gnorm = 3160.785645, step = 1.000000

Iteration 33:
fx = 78627.507812, xnorm = 28.491226, gnorm = 2357.479736, step = 1.000000

Iteration 34:
fx = 78270.804688, xnorm = 28.369184, gnorm = 2653.608398, step = 1.000000

Iteration 35:
fx = 77769.343750, xnorm = 28.221157, gnorm = 2444.293457, step = 1.000000

Iteration 36:
fx = 77393.218750, xnorm = 28.165190, gnorm = 2365.070557, step = 1.000000

Iteration 37:
fx = 76979.273438, xnorm = 28.106575, gnorm = 2337.553955, step = 1.000000

Iteration 38:
fx = 76701.554688, xnorm = 27.988091, gnorm = 4920.602051, step = 1.000000

Iteration 39:
fx = 76156.734375, xnorm = 27.947208, gnorm = 1881.660645, step = 1.000000

Iteration 40:
fx = 76007.132812, xnorm = 27.939381, gnorm = 1345.304077, step = 1.000000

Iteration 41:
fx = 75804.781250, xnorm = 27.894350, gnorm = 1081.614746, step = 1.000000

Iteration 42:
fx = 75731.523438, xnorm = 27.817829, gnorm = 2639.697021, step = 1.000000

Iteration 43:
fx = 75564.093750, xnorm = 27.791367, gnorm = 1170.580933, step = 1.000000

Iteration 44:
fx = 75482.593750, xnorm = 27.759068, gnorm = 942.490417, step = 1.000000

Iteration 45:
fx = 75406.328125, xnorm = 27.711784, gnorm = 1033.229614, step = 1.000000

Iteration 46:
fx = 75323.015625, xnorm = 27.610399, gnorm = 1956.130737, step = 1.000000

Iteration 47:
fx = 75232.390625, xnorm = 27.516800, gnorm = 1478.149048, step = 1.000000

Iteration 48:
fx = 75169.125000, xnorm = 27.514645, gnorm = 767.758240, step = 1.000000

Iteration 49:
fx = 75119.734375, xnorm = 27.481722, gnorm = 741.701416, step = 1.000000

Iteration 50:
fx = 75077.523438, xnorm = 27.426033, gnorm = 899.987122, step = 1.000000

Iteration 51:
fx = 75042.546875, xnorm = 27.304127, gnorm = 1261.770264, step = 1.000000

Iteration 52:
fx = 74991.328125, xnorm = 27.261093, gnorm = 615.345276, step = 1.000000

Iteration 53:
fx = 74965.000000, xnorm = 27.226784, gnorm = 576.956299, step = 1.000000

Iteration 54:
fx = 74932.546875, xnorm = 27.154079, gnorm = 616.411316, step = 1.000000

Iteration 55:
fx = 74912.406250, xnorm = 27.095547, gnorm = 630.214844, step = 0.391718

Iteration 56:
fx = 74883.703125, xnorm = 27.012424, gnorm = 514.247131, step = 1.000000

Iteration 57:
fx = 74851.609375, xnorm = 26.919979, gnorm = 550.299744, step = 1.000000

Iteration 58:
fx = 74828.437500, xnorm = 26.727024, gnorm = 1321.606079, step = 1.000000

Iteration 59:
fx = 74786.125000, xnorm = 26.729452, gnorm = 571.720764, step = 1.000000

Iteration 60:
fx = 74775.398438, xnorm = 26.744919, gnorm = 358.232117, step = 1.000000

Iteration 61:
fx = 74762.851562, xnorm = 26.735085, gnorm = 350.798340, step = 1.000000

Iteration 62:
fx = 74736.734375, xnorm = 26.676296, gnorm = 382.165009, step = 1.000000

Iteration 63:
fx = 74725.546875, xnorm = 26.630632, gnorm = 579.863159, step = 0.461339

Iteration 64:
fx = 74712.070312, xnorm = 26.585127, gnorm = 282.114532, step = 1.000000

Iteration 65:
fx = 74704.257812, xnorm = 26.553968, gnorm = 248.637268, step = 1.000000

Iteration 66:
fx = 74695.789062, xnorm = 26.496592, gnorm = 366.765137, step = 1.000000

Iteration 67:
fx = 74688.609375, xnorm = 26.451233, gnorm = 460.308746, step = 1.000000

Iteration 68:
fx = 74683.531250, xnorm = 26.454405, gnorm = 237.172592, step = 1.000000

Iteration 69:
fx = 74679.617188, xnorm = 26.448692, gnorm = 227.807678, step = 1.000000

Iteration 70:
fx = 74675.585938, xnorm = 26.429798, gnorm = 270.220306, step = 1.000000

Iteration 71:
fx = 74674.250000, xnorm = 26.368368, gnorm = 623.159973, step = 1.000000

Iteration 72:
fx = 74665.640625, xnorm = 26.362175, gnorm = 182.612961, step = 1.000000

Iteration 73:
fx = 74663.335938, xnorm = 26.352413, gnorm = 143.479126, step = 1.000000

Iteration 74:
fx = 74661.054688, xnorm = 26.332777, gnorm = 147.987091, step = 1.000000

Iteration 75:
fx = 74660.445312, xnorm = 26.302574, gnorm = 385.110443, step = 1.000000

Iteration 76:
fx = 74656.828125, xnorm = 26.294399, gnorm = 162.220016, step = 1.000000

Iteration 77:
fx = 74654.765625, xnorm = 26.285120, gnorm = 131.468613, step = 1.000000

Iteration 78:
fx = 74652.867188, xnorm = 26.273432, gnorm = 163.819351, step = 1.000000

Iteration 79:
fx = 74649.765625, xnorm = 26.249517, gnorm = 231.752579, step = 1.000000

Iteration 80:
fx = 74647.953125, xnorm = 26.231979, gnorm = 216.756821, step = 0.419965

Iteration 81:
fx = 74646.890625, xnorm = 26.226221, gnorm = 113.070671, step = 1.000000

Iteration 82:
fx = 74646.312500, xnorm = 26.222233, gnorm = 103.139862, step = 1.000000

Iteration 83:
fx = 74645.554688, xnorm = 26.217234, gnorm = 115.891212, step = 1.000000

Iteration 84:
fx = 74645.226562, xnorm = 26.209137, gnorm = 247.915115, step = 1.000000

Iteration 85:
fx = 74643.031250, xnorm = 26.203913, gnorm = 126.713882, step = 1.000000

Iteration 86:
fx = 74642.257812, xnorm = 26.202547, gnorm = 80.142113, step = 1.000000

Iteration 87:
fx = 74641.695312, xnorm = 26.200922, gnorm = 90.220848, step = 1.000000

Iteration 88:
fx = 74641.359375, xnorm = 26.198933, gnorm = 94.196991, step = 1.000000

Iteration 89:
fx = 74641.148438, xnorm = 26.198338, gnorm = 82.886520, step = 0.232622

Iteration 90:
fx = 74641.125000, xnorm = 26.197170, gnorm = 63.999744, step = 1.000000

Iteration 91:
fx = 74640.890625, xnorm = 26.197739, gnorm = 70.273552, step = 1.000000

L-BFGS optimization terminated with status code = -1001
fx = 74640.890625
[0;32mINFO[0;0m 2021-08-19 11:23:32,690 plmdca get_fields_and_couplings_from_backend 
	Data size expected from plmDCA backend: 185135
[0;32mINFO[0;0m 2021-08-19 11:23:32,691 plmdca get_fields_and_couplings_from_backend 
	Data size obtained from plmDCA backend to Python: 185135
[0;32mINFO[0;0m 2021-08-19 11:23:32,809 plmdca compute_sorted_FN 
	Computing non-APC sorted DCA score
[0;32mINFO[0;0m 2021-08-19 11:23:33,132 plmdca compute_sorted_FN_APC 
	Performing average product correction (APC) of FN  of DCA scores
[0;32mINFO[0;0m 2021-08-19 11:23:33,216 dca_utilities write_sorted_dca_scores 
	Writing DCA scores to file PLMDCA_output_3cc2_9/PLMDCA_apc_fn_scores_3cc2_9.txt
