[0;32mINFO[0;0m 2021-05-22 16:42:52,751 fasta_reader get_alignment_int_form 
	Found 37 non-standard residues in 22 sequences
[0;32mINFO[0;0m 2021-05-22 16:42:52,752 fasta_reader get_alignment_int_form 
	Total number of sequences read from file: 25000
[0;32mINFO[0;0m 2021-05-22 16:42:52,756 meanfield_dca compute_sequences_weight 
	Computing sequences weights
[0;32mINFO[0;0m 2021-05-22 16:42:54,500 meanfield_dca __init__ 
	Created a MeanFieldDCA object with the following attributes
        	biomolecule: RNA
        	total states at sites: 5
        	pseudocount: 0.5
        	sequence identity: 0.8
        	alignment length: 77
        	total number of unique sequences (excluding redundant sequences with 100 percent similarity): 20239
        	effective number of sequences (with sequence identity 0.8): 2018.9700681514926
        
[0;32mINFO[0;0m 2021-05-22 16:42:54,501 meanfield_dca get_single_site_freqs 
	Computing single site frequencies
[0;32mINFO[0;0m 2021-05-22 16:42:54,980 meanfield_dca get_reg_single_site_freqs 
	Regularizing single site frequencies
[0;32mINFO[0;0m 2021-05-22 16:42:55,153 meanfield_dca get_pair_site_freqs 
	Computing pair site frequencies
[0;32mINFO[0;0m 2021-05-22 16:42:59,431 meanfield_dca get_reg_pair_site_freqs 
	Regularizing pair site frequencies
[0;32mINFO[0;0m 2021-05-22 16:42:59,679 meanfield_dca construct_corr_mat 
	Constructing the correlation matrix
[0;32mINFO[0;0m 2021-05-22 16:42:59,940 meanfield_dca compute_couplings 
	Computing couplings
[0;32mINFO[0;0m 2021-05-22 16:43:00,496 meanfield_dca compute_couplings 
	Maximum and minimum couplings: 3.6278490054784056, -19.455939244669455
[0;32mINFO[0;0m 2021-05-22 16:43:00,496 meanfield_dca compute_sorted_FN 
	Computing Frobenius norm of couplings
[0;32mINFO[0;0m 2021-05-22 16:43:00,682 meanfield_dca compute_sorted_FN_APC 
	Performing average product correction (APC) to Frobenius norm of couplings.
[0;32mINFO[0;0m 2021-05-22 16:43:00,700 dca_utilities write_sorted_dca_scores 
	Writing DCA scores to file MFDCA_output_3cw5_A/MFDCA_apc_fn_scores_3cw5_A.txt
[0;32mINFO[0;0m 2021-05-22 16:43:00,710 mfdca_main run_meanfield_dca 
	DONE
