[0;32mINFO[0;0m 2021-10-19 19:23:52,679 fasta_reader get_alignment_int_form 
	Found 62 non-standard residues in 40 sequences
[0;32mINFO[0;0m 2021-10-19 19:23:52,679 fasta_reader get_alignment_int_form 
	Total number of sequences read from file: 50000
[0;32mINFO[0;0m 2021-10-19 19:23:52,685 meanfield_dca compute_sequences_weight 
	Computing sequences weights
[0;32mINFO[0;0m 2021-10-19 19:23:56,246 meanfield_dca __init__ 
	Created a MeanFieldDCA object with the following attributes
        	biomolecule: RNA
        	total states at sites: 5
        	pseudocount: 0.5
        	sequence identity: 0.8
        	alignment length: 77
        	total number of unique sequences (excluding redundant sequences with 100 percent similarity): 38178
        	effective number of sequences (with sequence identity 0.8): 2846.269310574338
        
[0;32mINFO[0;0m 2021-10-19 19:23:56,248 meanfield_dca get_single_site_freqs 
	Computing single site frequencies
[0;32mINFO[0;0m 2021-10-19 19:23:56,838 meanfield_dca get_reg_single_site_freqs 
	Regularizing single site frequencies
[0;32mINFO[0;0m 2021-10-19 19:23:56,962 meanfield_dca get_pair_site_freqs 
	Computing pair site frequencies
[0;32mINFO[0;0m 2021-10-19 19:24:02,526 meanfield_dca get_reg_pair_site_freqs 
	Regularizing pair site frequencies
[0;32mINFO[0;0m 2021-10-19 19:24:02,728 meanfield_dca construct_corr_mat 
	Constructing the correlation matrix
[0;32mINFO[0;0m 2021-10-19 19:24:03,068 meanfield_dca compute_couplings 
	Computing couplings
[0;32mINFO[0;0m 2021-10-19 19:24:03,654 meanfield_dca compute_couplings 
	Maximum and minimum couplings: 3.5987017503336878, -19.374732159851575
[0;32mINFO[0;0m 2021-10-19 19:24:03,654 meanfield_dca compute_sorted_FN 
	Computing Frobenius norm of couplings
[0;32mINFO[0;0m 2021-10-19 19:24:03,845 meanfield_dca compute_sorted_FN_APC 
	Performing average product correction (APC) to Frobenius norm of couplings.
[0;32mINFO[0;0m 2021-10-19 19:24:03,862 dca_utilities write_sorted_dca_scores 
	Writing DCA scores to file MFDCA_output_3cw5_A/MFDCA_apc_fn_scores_3cw5_A.txt
[0;32mINFO[0;0m 2021-10-19 19:24:03,876 mfdca_main run_meanfield_dca 
	DONE
