[0;32mINFO[0;0m 2021-08-18 22:22:15,855 fasta_reader get_alignment_int_form 
	Found 18 non-standard residues in 3 sequences
[0;32mINFO[0;0m 2021-08-18 22:22:15,855 fasta_reader get_alignment_int_form 
	Total number of sequences read from file: 1261
[0;32mINFO[0;0m 2021-08-18 22:22:15,855 meanfield_dca compute_sequences_weight 
	Computing sequences weights
[0;32mINFO[0;0m 2021-08-18 22:22:16,714 meanfield_dca __init__ 
	Created a MeanFieldDCA object with the following attributes
        	biomolecule: RNA
        	total states at sites: 5
        	pseudocount: 0.5
        	sequence identity: 0.8
        	alignment length: 128
        	total number of unique sequences (excluding redundant sequences with 100 percent similarity): 1261
        	effective number of sequences (with sequence identity 0.8): 568.8671943198726
        
[0;32mINFO[0;0m 2021-08-18 22:22:16,715 meanfield_dca get_single_site_freqs 
	Computing single site frequencies
[0;32mINFO[0;0m 2021-08-18 22:22:17,085 meanfield_dca get_reg_single_site_freqs 
	Regularizing single site frequencies
[0;32mINFO[0;0m 2021-08-18 22:22:17,239 meanfield_dca get_pair_site_freqs 
	Computing pair site frequencies
[0;32mINFO[0;0m 2021-08-18 22:22:20,464 meanfield_dca get_reg_pair_site_freqs 
	Regularizing pair site frequencies
[0;32mINFO[0;0m 2021-08-18 22:22:20,709 meanfield_dca construct_corr_mat 
	Constructing the correlation matrix
[0;32mINFO[0;0m 2021-08-18 22:22:20,972 meanfield_dca compute_couplings 
	Computing couplings
[0;32mINFO[0;0m 2021-08-18 22:22:21,661 meanfield_dca compute_couplings 
	Maximum and minimum couplings: 4.111780066657532, -19.940947046529274
[0;32mINFO[0;0m 2021-08-18 22:22:21,661 meanfield_dca compute_sorted_FN 
	Computing Frobenius norm of couplings
[0;32mINFO[0;0m 2021-08-18 22:22:22,035 meanfield_dca compute_sorted_FN_APC 
	Performing average product correction (APC) to Frobenius norm of couplings.
[0;32mINFO[0;0m 2021-08-18 22:22:22,118 dca_utilities write_sorted_dca_scores 
	Writing DCA scores to file MFDCA_output_6n5q_A/MFDCA_apc_fn_scores_6n5q_A.txt
[0;32mINFO[0;0m 2021-08-18 22:22:22,135 mfdca_main run_meanfield_dca 
	DONE
