[0;32mINFO[0;0m 2021-08-19 10:46:12,119 fasta_reader get_alignment_int_form 
	Total number of sequences read from file: 6
[0;32mINFO[0;0m 2021-08-19 10:46:12,119 meanfield_dca compute_sequences_weight 
	Computing sequences weights
[0;32mINFO[0;0m 2021-08-19 10:46:12,966 meanfield_dca __init__ 
	Created a MeanFieldDCA object with the following attributes
        	biomolecule: RNA
        	total states at sites: 5
        	pseudocount: 0.5
        	sequence identity: 0.8
        	alignment length: 186
        	total number of unique sequences (excluding redundant sequences with 100 percent similarity): 6
        	effective number of sequences (with sequence identity 0.8): 3.1666666666666665
        
[0;32mINFO[0;0m 2021-08-19 10:46:12,967 meanfield_dca get_single_site_freqs 
	Computing single site frequencies
[0;32mINFO[0;0m 2021-08-19 10:46:13,323 meanfield_dca get_reg_single_site_freqs 
	Regularizing single site frequencies
[0;32mINFO[0;0m 2021-08-19 10:46:13,443 meanfield_dca get_pair_site_freqs 
	Computing pair site frequencies
[0;32mINFO[0;0m 2021-08-19 10:46:16,594 meanfield_dca get_reg_pair_site_freqs 
	Regularizing pair site frequencies
[0;32mINFO[0;0m 2021-08-19 10:46:16,791 meanfield_dca construct_corr_mat 
	Constructing the correlation matrix
[0;32mINFO[0;0m 2021-08-19 10:46:17,105 meanfield_dca compute_couplings 
	Computing couplings
[0;32mINFO[0;0m 2021-08-19 10:46:17,960 meanfield_dca compute_couplings 
	Maximum and minimum couplings: 2.3641900004965897, -20.00000000000003
[0;32mINFO[0;0m 2021-08-19 10:46:17,960 meanfield_dca compute_sorted_FN 
	Computing Frobenius norm of couplings
[0;32mINFO[0;0m 2021-08-19 10:46:18,741 meanfield_dca compute_sorted_FN_APC 
	Performing average product correction (APC) to Frobenius norm of couplings.
[0;32mINFO[0;0m 2021-08-19 10:46:18,995 dca_utilities write_sorted_dca_scores 
	Writing DCA scores to file MFDCA_output_4r4v_A/MFDCA_apc_fn_scores_4r4v_A.txt
[0;32mINFO[0;0m 2021-08-19 10:46:19,031 mfdca_main run_meanfield_dca 
	DONE
