[0;32mINFO[0;0m 2021-06-10 14:49:20,727 fasta_reader get_alignment_int_form 
	Found 47 non-standard residues in 7 sequences
[0;32mINFO[0;0m 2021-06-10 14:49:20,728 fasta_reader get_alignment_int_form 
	Total number of sequences read from file: 6125
[0;32mINFO[0;0m 2021-06-10 14:49:20,729 meanfield_dca compute_sequences_weight 
	Computing sequences weights
[0;32mINFO[0;0m 2021-06-10 14:49:21,799 meanfield_dca __init__ 
	Created a MeanFieldDCA object with the following attributes
        	biomolecule: RNA
        	total states at sites: 5
        	pseudocount: 0.5
        	sequence identity: 0.8
        	alignment length: 180
        	total number of unique sequences (excluding redundant sequences with 100 percent similarity): 6125
        	effective number of sequences (with sequence identity 0.8): 2521.004336510794
        
[0;32mINFO[0;0m 2021-06-10 14:49:21,799 meanfield_dca get_single_site_freqs 
	Computing single site frequencies
[0;32mINFO[0;0m 2021-06-10 14:49:22,245 meanfield_dca get_reg_single_site_freqs 
	Regularizing single site frequencies
[0;32mINFO[0;0m 2021-06-10 14:49:22,370 meanfield_dca get_pair_site_freqs 
	Computing pair site frequencies
[0;32mINFO[0;0m 2021-06-10 14:49:26,209 meanfield_dca get_reg_pair_site_freqs 
	Regularizing pair site frequencies
[0;32mINFO[0;0m 2021-06-10 14:49:26,413 meanfield_dca construct_corr_mat 
	Constructing the correlation matrix
[0;32mINFO[0;0m 2021-06-10 14:49:26,680 meanfield_dca compute_couplings 
	Computing couplings
[0;32mINFO[0;0m 2021-06-10 14:49:27,671 meanfield_dca compute_couplings 
	Maximum and minimum couplings: 4.28572130535272, -19.139994148372057
[0;32mINFO[0;0m 2021-06-10 14:49:27,671 meanfield_dca compute_sorted_FN 
	Computing Frobenius norm of couplings
[0;32mINFO[0;0m 2021-06-10 14:49:28,369 meanfield_dca compute_sorted_FN_APC 
	Performing average product correction (APC) to Frobenius norm of couplings.
[0;32mINFO[0;0m 2021-06-10 14:49:28,595 dca_utilities write_sorted_dca_scores 
	Writing DCA scores to file MFDCA_output_PKB323/MFDCA_apc_fn_scores_PKB323.txt
[0;32mINFO[0;0m 2021-06-10 14:49:28,631 mfdca_main run_meanfield_dca 
	DONE
