[0;32mINFO[0;0m 2021-09-18 15:20:11,827 fasta_reader get_alignment_int_form 
	Total number of sequences read from file: 68
[0;32mINFO[0;0m 2021-09-18 15:20:11,827 meanfield_dca compute_sequences_weight 
	Computing sequences weights
[0;32mINFO[0;0m 2021-09-18 15:20:12,692 meanfield_dca __init__ 
	Created a MeanFieldDCA object with the following attributes
        	biomolecule: RNA
        	total states at sites: 5
        	pseudocount: 0.5
        	sequence identity: 0.8
        	alignment length: 68
        	total number of unique sequences (excluding redundant sequences with 100 percent similarity): 67
        	effective number of sequences (with sequence identity 0.8): 6.359505593046443
        
[0;32mINFO[0;0m 2021-09-18 15:20:12,692 meanfield_dca get_single_site_freqs 
	Computing single site frequencies
[0;32mINFO[0;0m 2021-09-18 15:20:13,056 meanfield_dca get_reg_single_site_freqs 
	Regularizing single site frequencies
[0;32mINFO[0;0m 2021-09-18 15:20:13,179 meanfield_dca get_pair_site_freqs 
	Computing pair site frequencies
[0;32mINFO[0;0m 2021-09-18 15:20:16,394 meanfield_dca get_reg_pair_site_freqs 
	Regularizing pair site frequencies
[0;32mINFO[0;0m 2021-09-18 15:20:16,595 meanfield_dca construct_corr_mat 
	Constructing the correlation matrix
[0;32mINFO[0;0m 2021-09-18 15:20:16,910 meanfield_dca compute_couplings 
	Computing couplings
[0;32mINFO[0;0m 2021-09-18 15:20:17,452 meanfield_dca compute_couplings 
	Maximum and minimum couplings: 1.887092188513882, -20.000000000000032
[0;32mINFO[0;0m 2021-09-18 15:20:17,453 meanfield_dca compute_sorted_FN 
	Computing Frobenius norm of couplings
[0;32mINFO[0;0m 2021-09-18 15:20:17,616 meanfield_dca compute_sorted_FN_APC 
	Performing average product correction (APC) to Frobenius norm of couplings.
[0;32mINFO[0;0m 2021-09-18 15:20:17,629 dca_utilities write_sorted_dca_scores 
	Writing DCA scores to file MFDCA_output_PKB333/MFDCA_apc_fn_scores_PKB333.txt
[0;32mINFO[0;0m 2021-09-18 15:20:17,634 mfdca_main run_meanfield_dca 
	DONE
