[0;32mINFO[0;0m 2021-06-10 13:44:40,011 fasta_reader get_alignment_int_form 
	Found 41 non-standard residues in 5 sequences
[0;32mINFO[0;0m 2021-06-10 13:44:40,011 fasta_reader get_alignment_int_form 
	Total number of sequences read from file: 94
[0;32mINFO[0;0m 2021-06-10 13:44:40,011 meanfield_dca compute_sequences_weight 
	Computing sequences weights
[0;32mINFO[0;0m 2021-06-10 13:44:41,743 meanfield_dca __init__ 
	Created a MeanFieldDCA object with the following attributes
        	biomolecule: RNA
        	total states at sites: 5
        	pseudocount: 0.5
        	sequence identity: 0.8
        	alignment length: 180
        	total number of unique sequences (excluding redundant sequences with 100 percent similarity): 94
        	effective number of sequences (with sequence identity 0.8): 34.81958356534395
        
[0;32mINFO[0;0m 2021-06-10 13:44:41,743 meanfield_dca get_single_site_freqs 
	Computing single site frequencies
[0;32mINFO[0;0m 2021-06-10 13:44:42,550 meanfield_dca get_reg_single_site_freqs 
	Regularizing single site frequencies
[0;32mINFO[0;0m 2021-06-10 13:44:42,826 meanfield_dca get_pair_site_freqs 
	Computing pair site frequencies
[0;32mINFO[0;0m 2021-06-10 13:44:50,362 meanfield_dca get_reg_pair_site_freqs 
	Regularizing pair site frequencies
[0;32mINFO[0;0m 2021-06-10 13:44:50,811 meanfield_dca construct_corr_mat 
	Constructing the correlation matrix
[0;32mINFO[0;0m 2021-06-10 13:44:51,484 meanfield_dca compute_couplings 
	Computing couplings
[0;32mINFO[0;0m 2021-06-10 13:44:55,482 meanfield_dca compute_couplings 
	Maximum and minimum couplings: 2.1673506482875924, -20.000000000000004
[0;32mINFO[0;0m 2021-06-10 13:44:55,496 meanfield_dca compute_sorted_FN 
	Computing Frobenius norm of couplings
[0;32mINFO[0;0m 2021-06-10 13:44:57,155 meanfield_dca compute_sorted_FN_APC 
	Performing average product correction (APC) to Frobenius norm of couplings.
[0;32mINFO[0;0m 2021-06-10 13:44:57,679 dca_utilities write_sorted_dca_scores 
	Writing DCA scores to file MFDCA_output_PKB323/MFDCA_apc_fn_scores_PKB323.txt
[0;32mINFO[0;0m 2021-06-10 13:44:57,775 mfdca_main run_meanfield_dca 
	DONE
