[0;32mINFO[0;0m 2021-05-22 19:21:56,086 fasta_reader get_alignment_int_form 
	Found 1308 non-standard residues in 657 sequences
[0;32mINFO[0;0m 2021-05-22 19:21:56,087 fasta_reader get_alignment_int_form 
	Total number of sequences read from file: 50000
[0;32mINFO[0;0m 2021-05-22 19:21:56,093 meanfield_dca compute_sequences_weight 
	Computing sequences weights
[0;32mINFO[0;0m 2021-05-22 19:22:01,239 meanfield_dca __init__ 
	Created a MeanFieldDCA object with the following attributes
        	biomolecule: RNA
        	total states at sites: 5
        	pseudocount: 0.5
        	sequence identity: 0.8
        	alignment length: 76
        	total number of unique sequences (excluding redundant sequences with 100 percent similarity): 49989
        	effective number of sequences (with sequence identity 0.8): 2609.578003199951
        
[0;32mINFO[0;0m 2021-05-22 19:22:01,239 meanfield_dca get_single_site_freqs 
	Computing single site frequencies
[0;32mINFO[0;0m 2021-05-22 19:22:01,874 meanfield_dca get_reg_single_site_freqs 
	Regularizing single site frequencies
[0;32mINFO[0;0m 2021-05-22 19:22:02,062 meanfield_dca get_pair_site_freqs 
	Computing pair site frequencies
[0;32mINFO[0;0m 2021-05-22 19:22:08,227 meanfield_dca get_reg_pair_site_freqs 
	Regularizing pair site frequencies
[0;32mINFO[0;0m 2021-05-22 19:22:08,432 meanfield_dca construct_corr_mat 
	Constructing the correlation matrix
[0;32mINFO[0;0m 2021-05-22 19:22:08,776 meanfield_dca compute_couplings 
	Computing couplings
[0;32mINFO[0;0m 2021-05-22 19:22:09,360 meanfield_dca compute_couplings 
	Maximum and minimum couplings: 3.015426980900408, -19.890376905948873
[0;32mINFO[0;0m 2021-05-22 19:22:09,361 meanfield_dca compute_sorted_FN 
	Computing Frobenius norm of couplings
[0;32mINFO[0;0m 2021-05-22 19:22:09,546 meanfield_dca compute_sorted_FN_APC 
	Performing average product correction (APC) to Frobenius norm of couplings.
[0;32mINFO[0;0m 2021-05-22 19:22:09,563 dca_utilities write_sorted_dca_scores 
	Writing DCA scores to file MFDCA_output_2der_C/MFDCA_apc_fn_scores_2der_C.txt
[0;32mINFO[0;0m 2021-05-22 19:22:09,577 mfdca_main run_meanfield_dca 
	DONE
