[0;32mINFO[0;0m 2021-08-03 01:16:29,180 fasta_reader get_alignment_int_form 
	Found 41 non-standard residues in 3 sequences
[0;32mINFO[0;0m 2021-08-03 01:16:29,181 fasta_reader get_alignment_int_form 
	Total number of sequences read from file: 4
[0;32mINFO[0;0m 2021-08-03 01:16:29,181 meanfield_dca compute_sequences_weight 
	Computing sequences weights
[0;32mINFO[0;0m 2021-08-03 01:16:30,723 meanfield_dca __init__ 
	Created a MeanFieldDCA object with the following attributes
        	biomolecule: RNA
        	total states at sites: 5
        	pseudocount: 0.5
        	sequence identity: 0.8
        	alignment length: 75
        	total number of unique sequences (excluding redundant sequences with 100 percent similarity): 4
        	effective number of sequences (with sequence identity 0.8): 1.1666666666666665
        
[0;32mINFO[0;0m 2021-08-03 01:16:30,724 meanfield_dca get_single_site_freqs 
	Computing single site frequencies
[0;32mINFO[0;0m 2021-08-03 01:16:31,443 meanfield_dca get_reg_single_site_freqs 
	Regularizing single site frequencies
[0;32mINFO[0;0m 2021-08-03 01:16:31,671 meanfield_dca get_pair_site_freqs 
	Computing pair site frequencies
[0;32mINFO[0;0m 2021-08-03 01:16:37,404 meanfield_dca get_reg_pair_site_freqs 
	Regularizing pair site frequencies
[0;32mINFO[0;0m 2021-08-03 01:16:37,772 meanfield_dca construct_corr_mat 
	Constructing the correlation matrix
[0;32mINFO[0;0m 2021-08-03 01:16:38,285 meanfield_dca compute_couplings 
	Computing couplings
[0;32mINFO[0;0m 2021-08-03 01:16:40,231 meanfield_dca compute_couplings 
	Maximum and minimum couplings: 1.4603263209949657, -20.000000000000007
[0;32mINFO[0;0m 2021-08-03 01:16:40,231 meanfield_dca compute_sorted_FN 
	Computing Frobenius norm of couplings
[0;32mINFO[0;0m 2021-08-03 01:16:40,522 meanfield_dca compute_sorted_FN_APC 
	Performing average product correction (APC) to Frobenius norm of couplings.
[0;32mINFO[0;0m 2021-08-03 01:16:40,550 dca_utilities write_sorted_dca_scores 
	Writing DCA scores to file MFDCA_output_2zzn_C/MFDCA_apc_fn_scores_2zzn_C.txt
[0;32mINFO[0;0m 2021-08-03 01:16:40,561 mfdca_main run_meanfield_dca 
	DONE
