[0;32mINFO[0;0m 2021-05-22 19:50:36,296 plmdca __init__ Created plmDCA instance with:
            biomolecule: RNA
            MSA sequence length: 77
            total number of (unweighted) sequences: 50000
            sequence identity: 0.8
            lambda_h: 15.200000000000001
            lambda_J: 15.200000000000001
            gradient decent iterations: 500
            number of threads: 40
        
[0;32mINFO[0;0m 2021-05-22 19:50:36,297 plmdca get_fields_and_couplings_from_backend 
	Computing fields and couplings using gradient decent
Iteration 1:
fx = 79025.898438, xnorm = 37.259602, gnorm = 4295.270996, step = 0.000057

Iteration 2:
fx = 77762.289062, xnorm = 37.129810, gnorm = 5286.367676, step = 1.000000

Iteration 3:
fx = 75533.179688, xnorm = 36.827667, gnorm = 8134.552734, step = 1.000000

Iteration 4:
fx = 70720.390625, xnorm = 36.178146, gnorm = 12193.887695, step = 1.000000

Iteration 5:
fx = 59131.867188, xnorm = 35.444611, gnorm = 9439.055664, step = 1.000000

Iteration 6:
fx = 52857.867188, xnorm = 35.841465, gnorm = 8462.076172, step = 1.000000

Iteration 7:
fx = 49932.800781, xnorm = 36.224468, gnorm = 3846.323975, step = 1.000000

Iteration 8:
fx = 48974.234375, xnorm = 36.220699, gnorm = 2423.669922, step = 1.000000

Iteration 9:
fx = 48018.851562, xnorm = 36.137753, gnorm = 2238.197510, step = 1.000000

Iteration 10:
fx = 47218.925781, xnorm = 36.017799, gnorm = 2178.849854, step = 1.000000

Iteration 11:
fx = 45890.437500, xnorm = 35.587532, gnorm = 5093.907715, step = 1.000000

Iteration 12:
fx = 43561.375000, xnorm = 35.324608, gnorm = 2312.661133, step = 1.000000

Iteration 13:
fx = 42330.203125, xnorm = 35.236416, gnorm = 2138.688965, step = 1.000000

Iteration 14:
fx = 41785.738281, xnorm = 34.838142, gnorm = 5549.453125, step = 1.000000

Iteration 15:
fx = 39597.429688, xnorm = 34.471287, gnorm = 2129.565430, step = 1.000000

Iteration 16:
fx = 39062.144531, xnorm = 34.008522, gnorm = 1840.819824, step = 1.000000

Iteration 17:
fx = 38449.355469, xnorm = 33.165230, gnorm = 2321.646729, step = 1.000000

Iteration 18:
fx = 37843.878906, xnorm = 32.303284, gnorm = 4014.902588, step = 1.000000

Iteration 19:
fx = 36741.183594, xnorm = 31.715014, gnorm = 2541.752441, step = 1.000000

Iteration 20:
fx = 35713.335938, xnorm = 30.516190, gnorm = 2341.141357, step = 1.000000

Iteration 21:
fx = 34760.808594, xnorm = 29.323576, gnorm = 3041.244873, step = 1.000000

Iteration 22:
fx = 33912.804688, xnorm = 28.356449, gnorm = 2730.347168, step = 1.000000

Iteration 23:
fx = 33297.074219, xnorm = 28.044109, gnorm = 1713.192627, step = 1.000000

Iteration 24:
fx = 32751.986328, xnorm = 27.271984, gnorm = 2093.379150, step = 1.000000

Iteration 25:
fx = 32416.748047, xnorm = 26.749769, gnorm = 1928.163818, step = 1.000000

Iteration 26:
fx = 32071.921875, xnorm = 26.325153, gnorm = 1457.262695, step = 1.000000

Iteration 27:
fx = 31559.988281, xnorm = 25.359264, gnorm = 1539.591553, step = 1.000000

Iteration 28:
fx = 31453.539062, xnorm = 24.316601, gnorm = 2815.243408, step = 1.000000

Iteration 29:
fx = 31072.529297, xnorm = 24.402884, gnorm = 1195.989868, step = 1.000000

Iteration 30:
fx = 30915.521484, xnorm = 24.323135, gnorm = 1068.972168, step = 1.000000

Iteration 31:
fx = 30755.144531, xnorm = 24.110216, gnorm = 1239.649170, step = 1.000000

Iteration 32:
fx = 30554.656250, xnorm = 23.488445, gnorm = 2209.425781, step = 1.000000

Iteration 33:
fx = 30318.228516, xnorm = 23.089987, gnorm = 1396.225586, step = 1.000000

Iteration 34:
fx = 30173.179688, xnorm = 23.005259, gnorm = 876.089905, step = 1.000000

Iteration 35:
fx = 30043.232422, xnorm = 22.770466, gnorm = 723.755615, step = 1.000000

Iteration 36:
fx = 29958.468750, xnorm = 22.507996, gnorm = 1005.402222, step = 1.000000

Iteration 37:
fx = 29887.488281, xnorm = 22.401051, gnorm = 729.415100, step = 1.000000

Iteration 38:
fx = 29840.847656, xnorm = 22.397934, gnorm = 537.841858, step = 1.000000

Iteration 39:
fx = 29777.167969, xnorm = 22.328196, gnorm = 800.453308, step = 1.000000

Iteration 40:
fx = 29732.130859, xnorm = 22.206337, gnorm = 960.398254, step = 1.000000

Iteration 41:
fx = 29686.277344, xnorm = 22.181454, gnorm = 600.474731, step = 1.000000

Iteration 42:
fx = 29638.707031, xnorm = 22.098701, gnorm = 389.560059, step = 1.000000

Iteration 43:
fx = 29621.763672, xnorm = 22.065477, gnorm = 424.422119, step = 1.000000

Iteration 44:
fx = 29599.171875, xnorm = 22.029806, gnorm = 377.584229, step = 1.000000

Iteration 45:
fx = 29579.554688, xnorm = 22.028482, gnorm = 390.556763, step = 1.000000

Iteration 46:
fx = 29558.933594, xnorm = 22.045921, gnorm = 345.101440, step = 1.000000

Iteration 47:
fx = 29543.052734, xnorm = 22.061373, gnorm = 429.034515, step = 1.000000

Iteration 48:
fx = 29529.904297, xnorm = 22.068581, gnorm = 296.882568, step = 1.000000

Iteration 49:
fx = 29517.519531, xnorm = 22.068638, gnorm = 240.032562, step = 1.000000

Iteration 50:
fx = 29511.595703, xnorm = 22.064602, gnorm = 266.249268, step = 1.000000

Iteration 51:
fx = 29508.783203, xnorm = 22.066856, gnorm = 356.310181, step = 1.000000

Iteration 52:
fx = 29502.718750, xnorm = 22.063927, gnorm = 132.153793, step = 1.000000

Iteration 53:
fx = 29501.335938, xnorm = 22.063478, gnorm = 113.839455, step = 1.000000

Iteration 54:
fx = 29499.335938, xnorm = 22.062925, gnorm = 139.442444, step = 1.000000

Iteration 55:
fx = 29498.468750, xnorm = 22.061975, gnorm = 140.473312, step = 0.290346

Iteration 56:
fx = 29495.810547, xnorm = 22.058132, gnorm = 129.372360, step = 1.000000

Iteration 57:
fx = 29492.587891, xnorm = 22.047194, gnorm = 138.616165, step = 1.000000

Iteration 58:
fx = 29491.296875, xnorm = 22.041624, gnorm = 112.711159, step = 0.260621

Iteration 59:
fx = 29488.189453, xnorm = 22.027540, gnorm = 92.923866, step = 1.000000

Iteration 60:
fx = 29487.710938, xnorm = 22.023258, gnorm = 85.261559, step = 0.310326

Iteration 61:
fx = 29486.152344, xnorm = 22.012909, gnorm = 74.915421, step = 1.000000

Iteration 62:
fx = 29484.429688, xnorm = 21.997696, gnorm = 144.030640, step = 1.000000

Iteration 63:
fx = 29484.294922, xnorm = 21.991566, gnorm = 60.472054, step = 1.000000

Iteration 64:
fx = 29483.904297, xnorm = 21.992424, gnorm = 45.931118, step = 1.000000

Iteration 65:
fx = 29483.347656, xnorm = 21.988497, gnorm = 46.554649, step = 1.000000

Iteration 66:
fx = 29481.970703, xnorm = 21.975288, gnorm = 103.642265, step = 1.000000

Iteration 67:
fx = 29481.621094, xnorm = 21.968935, gnorm = 49.990532, step = 1.000000

Iteration 68:
fx = 29481.242188, xnorm = 21.958620, gnorm = 40.650658, step = 1.000000

Iteration 69:
fx = 29480.898438, xnorm = 21.948221, gnorm = 42.932972, step = 1.000000

Iteration 70:
fx = 29479.710938, xnorm = 21.929277, gnorm = 72.105766, step = 1.000000

Iteration 71:
fx = 29479.654297, xnorm = 21.928600, gnorm = 28.694359, step = 1.000000

Iteration 72:
fx = 29479.521484, xnorm = 21.929211, gnorm = 30.296082, step = 1.000000

Iteration 73:
fx = 29479.376953, xnorm = 21.925564, gnorm = 34.998920, step = 1.000000

Iteration 74:
fx = 29478.812500, xnorm = 21.920645, gnorm = 34.215736, step = 1.000000

Iteration 75:
fx = 29478.734375, xnorm = 21.919189, gnorm = 21.082499, step = 1.000000

Iteration 76:
fx = 29478.505859, xnorm = 21.913626, gnorm = 24.034508, step = 1.000000

Iteration 77:
fx = 29478.316406, xnorm = 21.907183, gnorm = 24.808823, step = 1.000000

Iteration 78:
fx = 29477.990234, xnorm = 21.898617, gnorm = 22.234833, step = 1.000000

Iteration 79:
fx = 29477.628906, xnorm = 21.893047, gnorm = 29.498808, step = 1.000000

Iteration 80:
fx = 29477.617188, xnorm = 21.892977, gnorm = 26.200890, step = 0.178748

L-BFGS optimization terminated with status code = -1001
fx = 29477.619141
[0;32mINFO[0;0m 2021-05-22 19:51:30,683 plmdca get_fields_and_couplings_from_backend 
	Data size expected from plmDCA backend: 73535
[0;32mINFO[0;0m 2021-05-22 19:51:30,684 plmdca get_fields_and_couplings_from_backend 
	Data size obtained from plmDCA backend to Python: 73535
[0;32mINFO[0;0m 2021-05-22 19:51:30,732 plmdca compute_sorted_FN 
	Computing non-APC sorted DCA score
[0;32mINFO[0;0m 2021-05-22 19:51:30,862 plmdca compute_sorted_FN_APC 
	Performing average product correction (APC) of FN  of DCA scores
[0;32mINFO[0;0m 2021-05-22 19:51:30,891 dca_utilities write_sorted_dca_scores 
	Writing DCA scores to file PLMDCA_output_4x0b_B/PLMDCA_apc_fn_scores_4x0b_B.txt
