[0;32mINFO[0;0m 2021-06-10 14:41:03,577 fasta_reader get_alignment_int_form 
	Found 51 non-standard residues in 10 sequences
[0;32mINFO[0;0m 2021-06-10 14:41:03,577 fasta_reader get_alignment_int_form 
	Total number of sequences read from file: 783
[0;32mINFO[0;0m 2021-06-10 14:41:03,577 meanfield_dca compute_sequences_weight 
	Computing sequences weights
[0;32mINFO[0;0m 2021-06-10 14:41:04,550 meanfield_dca __init__ 
	Created a MeanFieldDCA object with the following attributes
        	biomolecule: RNA
        	total states at sites: 5
        	pseudocount: 0.5
        	sequence identity: 0.8
        	alignment length: 83
        	total number of unique sequences (excluding redundant sequences with 100 percent similarity): 783
        	effective number of sequences (with sequence identity 0.8): 436.5080708684269
        
[0;32mINFO[0;0m 2021-06-10 14:41:04,550 meanfield_dca get_single_site_freqs 
	Computing single site frequencies
[0;32mINFO[0;0m 2021-06-10 14:41:04,988 meanfield_dca get_reg_single_site_freqs 
	Regularizing single site frequencies
[0;32mINFO[0;0m 2021-06-10 14:41:05,183 meanfield_dca get_pair_site_freqs 
	Computing pair site frequencies
[0;32mINFO[0;0m 2021-06-10 14:41:08,896 meanfield_dca get_reg_pair_site_freqs 
	Regularizing pair site frequencies
[0;32mINFO[0;0m 2021-06-10 14:41:09,148 meanfield_dca construct_corr_mat 
	Constructing the correlation matrix
[0;32mINFO[0;0m 2021-06-10 14:41:09,533 meanfield_dca compute_couplings 
	Computing couplings
[0;32mINFO[0;0m 2021-06-10 14:41:10,479 meanfield_dca compute_couplings 
	Maximum and minimum couplings: 3.8561374713109022, -19.864126771621393
[0;32mINFO[0;0m 2021-06-10 14:41:10,479 meanfield_dca compute_sorted_FN 
	Computing Frobenius norm of couplings
[0;32mINFO[0;0m 2021-06-10 14:41:10,717 meanfield_dca compute_sorted_FN_APC 
	Performing average product correction (APC) to Frobenius norm of couplings.
[0;32mINFO[0;0m 2021-06-10 14:41:10,740 dca_utilities write_sorted_dca_scores 
	Writing DCA scores to file MFDCA_output_PKB219/MFDCA_apc_fn_scores_PKB219.txt
[0;32mINFO[0;0m 2021-06-10 14:41:10,751 mfdca_main run_meanfield_dca 
	DONE
