[0;32mINFO[0;0m 2021-05-22 18:53:46,548 fasta_reader get_alignment_int_form 
	Total number of sequences read from file: 9
[0;32mINFO[0;0m 2021-05-22 18:53:46,548 meanfield_dca compute_sequences_weight 
	Computing sequences weights
[0;32mINFO[0;0m 2021-05-22 18:53:47,412 meanfield_dca __init__ 
	Created a MeanFieldDCA object with the following attributes
        	biomolecule: RNA
        	total states at sites: 5
        	pseudocount: 0.5
        	sequence identity: 0.8
        	alignment length: 52
        	total number of unique sequences (excluding redundant sequences with 100 percent similarity): 9
        	effective number of sequences (with sequence identity 0.8): 2.7666666666666666
        
[0;32mINFO[0;0m 2021-05-22 18:53:47,412 meanfield_dca get_single_site_freqs 
	Computing single site frequencies
[0;32mINFO[0;0m 2021-05-22 18:53:47,767 meanfield_dca get_reg_single_site_freqs 
	Regularizing single site frequencies
[0;32mINFO[0;0m 2021-05-22 18:53:47,888 meanfield_dca get_pair_site_freqs 
	Computing pair site frequencies
[0;32mINFO[0;0m 2021-05-22 18:53:51,041 meanfield_dca get_reg_pair_site_freqs 
	Regularizing pair site frequencies
[0;32mINFO[0;0m 2021-05-22 18:53:51,237 meanfield_dca construct_corr_mat 
	Constructing the correlation matrix
[0;32mINFO[0;0m 2021-05-22 18:53:51,547 meanfield_dca compute_couplings 
	Computing couplings
[0;32mINFO[0;0m 2021-05-22 18:53:52,049 meanfield_dca compute_couplings 
	Maximum and minimum couplings: 3.0456610150650776, -20.00000000000001
[0;32mINFO[0;0m 2021-05-22 18:53:52,049 meanfield_dca compute_sorted_FN 
	Computing Frobenius norm of couplings
[0;32mINFO[0;0m 2021-05-22 18:53:52,175 meanfield_dca compute_sorted_FN_APC 
	Performing average product correction (APC) to Frobenius norm of couplings.
[0;32mINFO[0;0m 2021-05-22 18:53:52,179 dca_utilities write_sorted_dca_scores 
	Writing DCA scores to file MFDCA_output_6tfe_A/MFDCA_apc_fn_scores_6tfe_A.txt
[0;32mINFO[0;0m 2021-05-22 18:53:52,182 mfdca_main run_meanfield_dca 
	DONE
