[0;32mINFO[0;0m 2021-06-10 14:33:56,266 fasta_reader get_alignment_int_form 
	Found 2610 non-standard residues in 1679 sequences
[0;32mINFO[0;0m 2021-06-10 14:33:56,266 fasta_reader get_alignment_int_form 
	Total number of sequences read from file: 31898
[0;32mINFO[0;0m 2021-06-10 14:33:56,271 meanfield_dca compute_sequences_weight 
	Computing sequences weights
[0;32mINFO[0;0m 2021-06-10 14:33:58,644 meanfield_dca __init__ 
	Created a MeanFieldDCA object with the following attributes
        	biomolecule: RNA
        	total states at sites: 5
        	pseudocount: 0.5
        	sequence identity: 0.8
        	alignment length: 51
        	total number of unique sequences (excluding redundant sequences with 100 percent similarity): 31771
        	effective number of sequences (with sequence identity 0.8): 31.31678264822036
        
[0;32mINFO[0;0m 2021-06-10 14:33:58,644 meanfield_dca get_single_site_freqs 
	Computing single site frequencies
[0;32mINFO[0;0m 2021-06-10 14:33:59,157 meanfield_dca get_reg_single_site_freqs 
	Regularizing single site frequencies
[0;32mINFO[0;0m 2021-06-10 14:33:59,337 meanfield_dca get_pair_site_freqs 
	Computing pair site frequencies
[0;32mINFO[0;0m 2021-06-10 14:34:03,177 meanfield_dca get_reg_pair_site_freqs 
	Regularizing pair site frequencies
[0;32mINFO[0;0m 2021-06-10 14:34:03,395 meanfield_dca construct_corr_mat 
	Constructing the correlation matrix
[0;32mINFO[0;0m 2021-06-10 14:34:03,746 meanfield_dca compute_couplings 
	Computing couplings
[0;32mINFO[0;0m 2021-06-10 14:34:04,520 meanfield_dca compute_couplings 
	Maximum and minimum couplings: 3.051992678388594, -19.55251921629381
[0;32mINFO[0;0m 2021-06-10 14:34:04,520 meanfield_dca compute_sorted_FN 
	Computing Frobenius norm of couplings
[0;32mINFO[0;0m 2021-06-10 14:34:04,645 meanfield_dca compute_sorted_FN_APC 
	Performing average product correction (APC) to Frobenius norm of couplings.
[0;32mINFO[0;0m 2021-06-10 14:34:04,651 dca_utilities write_sorted_dca_scores 
	Writing DCA scores to file MFDCA_output_PKB147/MFDCA_apc_fn_scores_PKB147.txt
[0;32mINFO[0;0m 2021-06-10 14:34:04,660 mfdca_main run_meanfield_dca 
	DONE
