[0;32mINFO[0;0m 2021-09-18 15:26:32,644 fasta_reader get_alignment_int_form 
	Total number of sequences read from file: 54
[0;32mINFO[0;0m 2021-09-18 15:26:32,644 meanfield_dca compute_sequences_weight 
	Computing sequences weights
[0;32mINFO[0;0m 2021-09-18 15:26:33,506 meanfield_dca __init__ 
	Created a MeanFieldDCA object with the following attributes
        	biomolecule: RNA
        	total states at sites: 5
        	pseudocount: 0.5
        	sequence identity: 0.8
        	alignment length: 41
        	total number of unique sequences (excluding redundant sequences with 100 percent similarity): 53
        	effective number of sequences (with sequence identity 0.8): 10.309614405202641
        
[0;32mINFO[0;0m 2021-09-18 15:26:33,506 meanfield_dca get_single_site_freqs 
	Computing single site frequencies
[0;32mINFO[0;0m 2021-09-18 15:26:33,870 meanfield_dca get_reg_single_site_freqs 
	Regularizing single site frequencies
[0;32mINFO[0;0m 2021-09-18 15:26:33,993 meanfield_dca get_pair_site_freqs 
	Computing pair site frequencies
[0;32mINFO[0;0m 2021-09-18 15:26:37,204 meanfield_dca get_reg_pair_site_freqs 
	Regularizing pair site frequencies
[0;32mINFO[0;0m 2021-09-18 15:26:37,405 meanfield_dca construct_corr_mat 
	Constructing the correlation matrix
[0;32mINFO[0;0m 2021-09-18 15:26:37,721 meanfield_dca compute_couplings 
	Computing couplings
[0;32mINFO[0;0m 2021-09-18 15:26:38,207 meanfield_dca compute_couplings 
	Maximum and minimum couplings: 2.3841128490467765, -20.000000000000018
[0;32mINFO[0;0m 2021-09-18 15:26:38,208 meanfield_dca compute_sorted_FN 
	Computing Frobenius norm of couplings
[0;32mINFO[0;0m 2021-09-18 15:26:38,294 meanfield_dca compute_sorted_FN_APC 
	Performing average product correction (APC) to Frobenius norm of couplings.
[0;32mINFO[0;0m 2021-09-18 15:26:38,302 dca_utilities write_sorted_dca_scores 
	Writing DCA scores to file MFDCA_output_PKB5/MFDCA_apc_fn_scores_PKB5.txt
[0;32mINFO[0;0m 2021-09-18 15:26:38,307 mfdca_main run_meanfield_dca 
	DONE
