[0;32mINFO[0;0m 2021-10-28 10:11:43,776 plmdca __init__ Created plmDCA instance with:
            biomolecule: RNA
            MSA sequence length: 93
            total number of (unweighted) sequences: 769
            sequence identity: 0.8
            lambda_h: 18.400000000000002
            lambda_J: 18.400000000000002
            gradient decent iterations: 500
            number of threads: 40
        
[0;32mINFO[0;0m 2021-10-28 10:11:43,777 plmdca get_fields_and_couplings_from_backend 
	Computing fields and couplings using gradient decent
Iteration 1:
fx = 42523.367188, xnorm = 31.522245, gnorm = 4388.575684, step = 0.000318

Iteration 2:
fx = 40904.296875, xnorm = 31.299488, gnorm = 2952.770508, step = 1.000000

Iteration 3:
fx = 37512.046875, xnorm = 30.215738, gnorm = 3289.837646, step = 1.000000

Iteration 4:
fx = 32707.746094, xnorm = 28.452179, gnorm = 2885.455078, step = 1.000000

Iteration 5:
fx = 28351.937500, xnorm = 26.346272, gnorm = 3072.970947, step = 1.000000

Iteration 6:
fx = 26361.390625, xnorm = 25.436419, gnorm = 3158.666016, step = 1.000000

Iteration 7:
fx = 24729.976562, xnorm = 25.207941, gnorm = 2171.950439, step = 1.000000

Iteration 8:
fx = 23538.416016, xnorm = 24.703026, gnorm = 1677.570679, step = 1.000000

Iteration 9:
fx = 21822.333984, xnorm = 23.256994, gnorm = 2059.383545, step = 1.000000

Iteration 10:
fx = 20335.962891, xnorm = 21.945269, gnorm = 2287.252686, step = 1.000000

Iteration 11:
fx = 18066.591797, xnorm = 20.419743, gnorm = 1895.198853, step = 1.000000

Iteration 12:
fx = 17611.873047, xnorm = 19.730627, gnorm = 2644.779541, step = 1.000000

Iteration 13:
fx = 16505.878906, xnorm = 19.564817, gnorm = 1141.419189, step = 1.000000

Iteration 14:
fx = 16184.373047, xnorm = 19.298544, gnorm = 783.322327, step = 1.000000

Iteration 15:
fx = 15859.965820, xnorm = 18.757803, gnorm = 883.659302, step = 1.000000

Iteration 16:
fx = 15434.647461, xnorm = 17.633421, gnorm = 1354.048218, step = 1.000000

Iteration 17:
fx = 15121.998047, xnorm = 16.628323, gnorm = 1446.901855, step = 1.000000

Iteration 18:
fx = 14803.845703, xnorm = 16.627802, gnorm = 621.634155, step = 1.000000

Iteration 19:
fx = 14671.779297, xnorm = 16.310074, gnorm = 456.446777, step = 1.000000

Iteration 20:
fx = 14572.301758, xnorm = 15.915402, gnorm = 455.853088, step = 1.000000

Iteration 21:
fx = 14501.995117, xnorm = 15.542954, gnorm = 658.240784, step = 1.000000

Iteration 22:
fx = 14431.795898, xnorm = 15.396942, gnorm = 342.406769, step = 1.000000

Iteration 23:
fx = 14395.656250, xnorm = 15.315840, gnorm = 309.979431, step = 1.000000

Iteration 24:
fx = 14351.814453, xnorm = 15.145238, gnorm = 330.797211, step = 1.000000

Iteration 25:
fx = 14328.491211, xnorm = 15.026554, gnorm = 365.700348, step = 0.381419

Iteration 26:
fx = 14297.150391, xnorm = 14.871365, gnorm = 215.243530, step = 1.000000

Iteration 27:
fx = 14282.401367, xnorm = 14.783693, gnorm = 223.860245, step = 1.000000

Iteration 28:
fx = 14267.808594, xnorm = 14.720738, gnorm = 176.113663, step = 1.000000

Iteration 29:
fx = 14261.101562, xnorm = 14.700802, gnorm = 166.542587, step = 1.000000

Iteration 30:
fx = 14255.489258, xnorm = 14.689487, gnorm = 106.640251, step = 1.000000

Iteration 31:
fx = 14250.929688, xnorm = 14.667686, gnorm = 88.705414, step = 1.000000

Iteration 32:
fx = 14247.783203, xnorm = 14.623559, gnorm = 154.189362, step = 1.000000

Iteration 33:
fx = 14243.213867, xnorm = 14.586639, gnorm = 94.631371, step = 1.000000

Iteration 34:
fx = 14241.169922, xnorm = 14.577489, gnorm = 67.887161, step = 1.000000

Iteration 35:
fx = 14239.095703, xnorm = 14.555680, gnorm = 66.702209, step = 1.000000

Iteration 36:
fx = 14238.568359, xnorm = 14.534878, gnorm = 125.700912, step = 1.000000

Iteration 37:
fx = 14237.360352, xnorm = 14.536302, gnorm = 52.410019, step = 1.000000

Iteration 38:
fx = 14236.878906, xnorm = 14.533993, gnorm = 37.336884, step = 1.000000

Iteration 39:
fx = 14236.454102, xnorm = 14.528668, gnorm = 43.668827, step = 1.000000

Iteration 40:
fx = 14235.993164, xnorm = 14.523601, gnorm = 54.339420, step = 1.000000

Iteration 41:
fx = 14235.562500, xnorm = 14.520741, gnorm = 48.447552, step = 0.396414

Iteration 42:
fx = 14235.051758, xnorm = 14.520217, gnorm = 32.842342, step = 1.000000

Iteration 43:
fx = 14234.983398, xnorm = 14.521553, gnorm = 38.941280, step = 1.000000

Iteration 44:
fx = 14234.679688, xnorm = 14.524019, gnorm = 26.812714, step = 1.000000

Iteration 45:
fx = 14234.506836, xnorm = 14.526020, gnorm = 24.063662, step = 1.000000

Iteration 46:
fx = 14234.462891, xnorm = 14.531605, gnorm = 31.347681, step = 1.000000

Iteration 47:
fx = 14234.319336, xnorm = 14.533777, gnorm = 16.699841, step = 1.000000

Iteration 48:
fx = 14234.280273, xnorm = 14.534971, gnorm = 14.203547, step = 1.000000

Iteration 49:
fx = 14234.275391, xnorm = 14.535692, gnorm = 13.383934, step = 0.189562

L-BFGS optimization terminated with status code = -1001
fx = 14234.275391
[0;32mINFO[0;0m 2021-10-28 10:11:44,397 plmdca get_fields_and_couplings_from_backend 
	Data size expected from plmDCA backend: 107415
[0;32mINFO[0;0m 2021-10-28 10:11:44,397 plmdca get_fields_and_couplings_from_backend 
	Data size obtained from plmDCA backend to Python: 107415
[0;32mINFO[0;0m 2021-10-28 10:11:44,464 plmdca compute_sorted_FN 
	Computing non-APC sorted DCA score
[0;32mINFO[0;0m 2021-10-28 10:11:44,639 plmdca compute_sorted_FN_APC 
	Performing average product correction (APC) of FN  of DCA scores
[0;32mINFO[0;0m 2021-10-28 10:11:44,678 dca_utilities write_sorted_dca_scores 
	Writing DCA scores to file PLMDCA_output_3iwn_A/PLMDCA_apc_fn_scores_3iwn_A.txt
