[0;32mINFO[0;0m 2021-08-03 01:15:29,724 plmdca __init__ Created plmDCA instance with:
            biomolecule: RNA
            MSA sequence length: 77
            total number of (unweighted) sequences: 10
            sequence identity: 0.8
            lambda_h: 15.200000000000001
            lambda_J: 15.200000000000001
            gradient decent iterations: 500
            number of threads: 40
        
[0;32mINFO[0;0m 2021-08-03 01:15:29,725 plmdca get_fields_and_couplings_from_backend 
	Computing fields and couplings using gradient decent
Iteration 1:
fx = 582.127258, xnorm = 5.725714, gnorm = 175.566574, step = 0.004747

Iteration 2:
fx = 144.203751, xnorm = 1.093167, gnorm = 85.220734, step = 1.000000

Iteration 3:
fx = 101.369713, xnorm = 2.074900, gnorm = 49.475880, step = 1.000000

Iteration 4:
fx = 83.583382, xnorm = 1.494320, gnorm = 10.598581, step = 1.000000

Iteration 5:
fx = 83.386162, xnorm = 1.449897, gnorm = 7.018445, step = 0.279745

Iteration 6:
fx = 83.368858, xnorm = 1.432826, gnorm = 5.581808, step = 0.200132

Iteration 7:
fx = 83.366379, xnorm = 1.422406, gnorm = 4.700792, step = 0.156224

L-BFGS optimization terminated with status code = -1001
fx = 83.366386
[0;32mINFO[0;0m 2021-08-03 01:15:29,893 plmdca get_fields_and_couplings_from_backend 
	Data size expected from plmDCA backend: 73535
[0;32mINFO[0;0m 2021-08-03 01:15:29,894 plmdca get_fields_and_couplings_from_backend 
	Data size obtained from plmDCA backend to Python: 73535
[0;32mINFO[0;0m 2021-08-03 01:15:29,981 plmdca compute_sorted_FN 
	Computing non-APC sorted DCA score
[0;32mINFO[0;0m 2021-08-03 01:15:30,245 plmdca compute_sorted_FN_APC 
	Performing average product correction (APC) of FN  of DCA scores
[0;32mINFO[0;0m 2021-08-03 01:15:30,287 dca_utilities write_sorted_dca_scores 
	Writing DCA scores to file PLMDCA_output_1j1u_B/PLMDCA_apc_fn_scores_1j1u_B.txt
