# ---------------------------------------------------------------------------------------------
#                                GREMLIN_CPP v1.0                                              
# ---------------------------------------------------------------------------------------------
#   -i           /export/home/s5040933/scratch/project5/msa_files/final_msa/1f1t_A.a2m
#   -o           /export/home/s5040933/scratch/project5/msa_files/gremlin_output/1f1t_A.dca
# ---------------------------------------------------------------------------------------------
#   -only_neff   0
#   -only_v      0
#   -gap_cutoff  0.5
#   -alphabet    rna
#   -eff_cutoff  0.8
#   -lambda      0.01
# ---------------------------------------------------------------------------------------------
#   -min_type    lbfgs
#   -max_iter    100
# ---------------------------------------------------------------------------------------------
# removing 1 out of 38 positions with >= 50% gaps!
# SEQ GGAUCCCGACUGGCGAGAGCCAGGUAACGAAUGGAUCC
# CUT GGAUCCCGACUGGCGAG-GCCAGGUAACGAAUGGAUCC
# NC 37
# NEFF 3
# learning MRF ...
# lbfgs::iter S_S fx: 178.648 gnorm: 13.8307
# lbfgs::iter 0_1 fx: 177.268 gnorm: 13.7684
# lbfgs::iter 1_1 fx: 53.3607 gnorm: 2.41202
# lbfgs::iter 2_1 fx: 49.7792 gnorm: 1.5961
# lbfgs::iter 3_1 fx: 48.5606 gnorm: 0.703406
# lbfgs::iter 4_1 fx: 47.7206 gnorm: 0.38838
# lbfgs::iter 5_1 fx: 47.4063 gnorm: 0.266834
# lbfgs::iter 6_2 fx: 47.3733 gnorm: 0.206877
# lbfgs::iter 7_1 fx: 47.2871 gnorm: 0.0588333
# lbfgs::iter 8_1 fx: 47.2787 gnorm: 0.0627976
# lbfgs::iter 9_1 fx: 47.2754 gnorm: 0.0563403
# lbfgs::iter 10_1 fx: 47.2733 gnorm: 0.0119478
# lbfgs::iter 11_1 fx: 47.2731 gnorm: 0.00590184
# lbfgs::iter 12_1 fx: 47.2731 gnorm: 0.00412045
# lbfgs::iter 13_1 fx: 47.2731 gnorm: 0.00328155
# lbfgs::iter 14_1 fx: 47.2731 gnorm: 0.00283092
# lbfgs::iter 15_1 fx: 47.273 gnorm: 0.00222184
# lbfgs::iter 16_1 fx: 47.273 gnorm: 0.000876692
# lbfgs::iter 17_1 fx: 47.273 gnorm: 0.00017987
# lbfgs::iter 18_1 fx: 47.273 gnorm: 0.000139095
# lbfgs::iter 19_1 fx: 47.273 gnorm: 0.000149408
# lbfgs::iter 20_1 fx: 47.273 gnorm: 0.000134165
# lbfgs::iter 21_1 fx: 47.273 gnorm: 3.20307e-05
# lbfgs::iter 22_1 fx: 47.273 gnorm: 2.632e-05
# lbfgs::iter 23_1 fx: 47.273 gnorm: 2.04359e-05
# lbfgs::iter 24_1 fx: 47.273 gnorm: 3.21382e-05
# lbfgs::iter 25_1 fx: 47.273 gnorm: 4.28423e-06
# lbfgs::iter 26_1 fx: 47.273 gnorm: 2.26012e-06
# lbfgs::iter 27_1 fx: 47.273 gnorm: 2.02085e-06
# lbfgs::iter 28_1 fx: 47.273 gnorm: 1.55808e-06
# lbfgs::iter 29_1 fx: 47.273 gnorm: 5.9577e-06
# lbfgs::iter 30_1 fx: 47.273 gnorm: 5.8705e-07
# lbfgs::iter 31_1 fx: 47.273 gnorm: 3.23057e-07
# lbfgs::iter 32_1 fx: 47.273 gnorm: 2.28987e-07
# lbfgs::iter 33_1 fx: 47.273 gnorm: 1.92341e-07
# lbfgs::iter 34_1 fx: 47.273 gnorm: 2.11177e-07
# lbfgs::iter 35_1 fx: 47.273 gnorm: 6.64311e-08
# lbfgs::iter 36_1 fx: 47.273 gnorm: 2.48458e-08
# lbfgs::iter 37_1 fx: 47.273 gnorm: 1.75547e-08
# lbfgs::iter 38_1 fx: 47.273 gnorm: 6.73652e-09
# lbfgs::iter 39_1 fx: 47.273 gnorm: 6.91279e-09
# lbfgs::iter 40_1 fx: 47.273 gnorm: 6.75659e-09
# lbfgs::iter 41_1 fx: 47.273 gnorm: 1.84951e-08
# lbfgs::iter 42_1 fx: 47.273 gnorm: 1.65583e-09
# lbfgs::iter 43_1 fx: 47.273 gnorm: 5.98576e-10
# lbfgs::iter 44_1 fx: 47.273 gnorm: 5.79935e-10
# lbfgs::iter 45_1 fx: 47.273 gnorm: 4.75753e-10
# lbfgs::iter 46_1 fx: 47.273 gnorm: 3.16384e-10
# lbfgs::iter 47_1 fx: 47.273 gnorm: 1.99708e-10
# lbfgs::iter 48_1 fx: 47.273 gnorm: 3.85532e-11
# lbfgs::iter 49_1 fx: 47.273 gnorm: 2.94795e-11
# lbfgs::iter 50_1 fx: 47.273 gnorm: 2.033e-11
# lbfgs::iter 51_1 fx: 47.273 gnorm: 5.59316e-11
# lbfgs::iter 52_1 fx: 47.273 gnorm: 7.02605e-12
# lbfgs::iter 53_1 fx: 47.273 gnorm: 4.80793e-12
# lbfgs::iter 54_1 fx: 47.273 gnorm: 4.4475e-12
# lbfgs::iter 55_1 fx: 47.273 gnorm: 4.48252e-12
# lbfgs::iter 56_1 fx: 47.273 gnorm: 1.94009e-12
# lbfgs::iter 57_1 fx: 47.273 gnorm: 1.10746e-12
# lbfgs::iter 58_1 fx: 47.273 gnorm: 8.20436e-13
# lbfgs::iter 59_1 fx: 47.273 gnorm: 4.80991e-13
# lbfgs::iter 60_1 fx: 47.273 gnorm: 3.9016e-13
# lbfgs::iter 61_1 fx: 47.273 gnorm: 3.67954e-13
# lbfgs::iter 62_1 fx: 47.273 gnorm: 5.80877e-14
# lbfgs::iter 63_1 fx: 47.273 gnorm: 2.47144e-14
# lbfgs::iter 64_1 fx: 47.273 gnorm: 1.4637e-14
# lbfgs::iter 65_1 fx: 47.273 gnorm: 1.16914e-14
# lbfgs::iter 66_1 fx: 47.273 gnorm: 1.40408e-14
# lbfgs::iter 67_1 fx: 47.273 gnorm: 9.18441e-15
# lbfgs::iter 68_1 fx: 47.273 gnorm: 6.33175e-15
# lbfgs::iter 69_1 fx: 47.273 gnorm: 7.07129e-15
# lbfgs::iter 70_1 fx: 47.273 gnorm: 6.22321e-15
# lbfgs::iter 71_1 fx: 47.273 gnorm: 4.9308e-15
# lbfgs::iter 72_1 fx: 47.273 gnorm: 4.77888e-15
# lbfgs::iter 73_1 fx: 47.273 gnorm: 1.09409e-14
# lbfgs::iter 74_1 fx: 47.273 gnorm: 4.23453e-15
# lbfgs::iter 75_1 fx: 47.273 gnorm: 2.44098e-15
# lbfgs::iter 76_1 fx: 47.273 gnorm: 5.00855e-15
# lbfgs::iter 77_1 fx: 47.273 gnorm: 7.7519e-15
# lbfgs::iter 78_1 fx: 47.273 gnorm: 4.03119e-15
# lbfgs::iter 79_1 fx: 47.273 gnorm: 7.613e-15
# lbfgs::iter 80_1 fx: 47.273 gnorm: 4.41145e-15
# lbfgs::iter 81_1 fx: 47.273 gnorm: 4.31478e-15
# lbfgs::iter 82_1 fx: 47.273 gnorm: 3.15263e-15
# lbfgs::iter 83_1 fx: 47.273 gnorm: 4.58014e-15
# lbfgs::iter 84_1 fx: 47.273 gnorm: 2.88093e-15
# lbfgs::iter 85_1 fx: 47.273 gnorm: 2.87231e-15
# lbfgs::iter 86_1 fx: 47.273 gnorm: 1.57546e-15
# lbfgs::iter 87_1 fx: 47.273 gnorm: 1.5474e-15
# lbfgs::iter 88_1 fx: 47.273 gnorm: 1.91841e-15
# lbfgs::iter 89_1 fx: 47.273 gnorm: 1.55944e-15
# lbfgs::iter 90_1 fx: 47.273 gnorm: 1.55944e-15
# lbfgs::iter 91_1 fx: 47.273 gnorm: 2.84883e-15
# lbfgs::iter 92_1 fx: 47.273 gnorm: 1.54937e-15
# lbfgs::iter 93_1 fx: 47.273 gnorm: 1.54937e-15
# lbfgs::iter 94_1 fx: 47.273 gnorm: 2.83863e-15
# lbfgs::iter 95_1 fx: 47.273 gnorm: 1.51506e-15
# lbfgs::iter 96_1 fx: 47.273 gnorm: 1.51506e-15
# lbfgs::iter 97_1 fx: 47.273 gnorm: 1.51323e-15
# lbfgs::iter 98_1 fx: 47.273 gnorm: 1.51317e-15
# lbfgs::iter 99_1 fx: 47.273 gnorm: 1.65186e-14
# lbfgs::iter S_S fx: 47.273 gnorm: 22.3708
# lbfgs::iter 0_1 fx: 45.0984 gnorm: 21.1228
# lbfgs::iter 1_1 fx: 25.4851 gnorm: 6.07516
# lbfgs::iter 2_1 fx: 25.3669 gnorm: 6.28683
# lbfgs::iter 3_1 fx: 24.5125 gnorm: 1.16871
# lbfgs::iter 4_1 fx: 24.4711 gnorm: 0.623455
# lbfgs::iter 5_1 fx: 24.4452 gnorm: 0.529482
# lbfgs::iter 6_1 fx: 24.4133 gnorm: 0.422778
# lbfgs::iter 7_1 fx: 24.3859 gnorm: 0.635104
# lbfgs::iter 8_1 fx: 24.3241 gnorm: 0.807348
# lbfgs::iter 9_1 fx: 24.1699 gnorm: 1.55484
# lbfgs::iter 10_1 fx: 23.9539 gnorm: 2.05278
# lbfgs::iter 11_1 fx: 23.7239 gnorm: 1.21819
# lbfgs::iter 12_1 fx: 23.5831 gnorm: 0.811619
# lbfgs::iter 13_1 fx: 23.5824 gnorm: 0.986164
# lbfgs::iter 14_1 fx: 23.5608 gnorm: 0.186849
# lbfgs::iter 15_1 fx: 23.5592 gnorm: 0.144933
# lbfgs::iter 16_1 fx: 23.5548 gnorm: 0.159352
# lbfgs::iter 17_1 fx: 23.5511 gnorm: 0.206155
# lbfgs::iter 18_1 fx: 23.5372 gnorm: 0.383543
# lbfgs::iter 19_1 fx: 23.5244 gnorm: 0.658595
# lbfgs::iter 20_1 fx: 23.5094 gnorm: 0.397214
# lbfgs::iter 21_1 fx: 23.4945 gnorm: 0.186835
# lbfgs::iter 22_1 fx: 23.4933 gnorm: 0.21949
# lbfgs::iter 23_1 fx: 23.4921 gnorm: 0.0761254
# lbfgs::iter 24_1 fx: 23.4918 gnorm: 0.0459165
# lbfgs::iter 25_1 fx: 23.4916 gnorm: 0.0386597
# lbfgs::iter 26_1 fx: 23.4913 gnorm: 0.0476139
# lbfgs::iter 27_1 fx: 23.4911 gnorm: 0.123146
# lbfgs::iter 28_1 fx: 23.4908 gnorm: 0.0534341
# lbfgs::iter 29_1 fx: 23.4905 gnorm: 0.0410276
# lbfgs::iter 30_1 fx: 23.4902 gnorm: 0.0485809
# lbfgs::iter 31_1 fx: 23.4898 gnorm: 0.0464256
# lbfgs::iter 32_2 fx: 23.4897 gnorm: 0.0342054
# lbfgs::iter 33_1 fx: 23.4896 gnorm: 0.0203344
# lbfgs::iter 34_1 fx: 23.4895 gnorm: 0.0230361
# lbfgs::iter 35_1 fx: 23.4894 gnorm: 0.091879
# lbfgs::iter 36_1 fx: 23.4892 gnorm: 0.0402432
# lbfgs::iter 37_1 fx: 23.489 gnorm: 0.0382108
# lbfgs::iter 38_1 fx: 23.4888 gnorm: 0.0573791
# lbfgs::iter 39_1 fx: 23.4883 gnorm: 0.0713043
# lbfgs::iter 40_1 fx: 23.4883 gnorm: 0.135652
# lbfgs::iter 41_1 fx: 23.4879 gnorm: 0.0406073
# lbfgs::iter 42_1 fx: 23.4878 gnorm: 0.0175643
# lbfgs::iter 43_1 fx: 23.4878 gnorm: 0.00899695
# lbfgs::iter 44_1 fx: 23.4878 gnorm: 0.00906449
# lbfgs::iter 45_1 fx: 23.4878 gnorm: 0.0131447
# lbfgs::iter 46_1 fx: 23.4878 gnorm: 0.0112535
# lbfgs::iter 47_1 fx: 23.4878 gnorm: 0.0107803
# lbfgs::iter 48_1 fx: 23.4877 gnorm: 0.0216211
# lbfgs::iter 49_1 fx: 23.4877 gnorm: 0.0170452
# lbfgs::iter 50_1 fx: 23.4877 gnorm: 0.00681282
# lbfgs::iter 51_1 fx: 23.4877 gnorm: 0.00480395
# lbfgs::iter 52_1 fx: 23.4877 gnorm: 0.00649206
# lbfgs::iter 53_1 fx: 23.4877 gnorm: 0.010713
# lbfgs::iter 54_1 fx: 23.4877 gnorm: 0.0116038
# lbfgs::iter 55_1 fx: 23.4877 gnorm: 0.0144261
# lbfgs::iter 56_1 fx: 23.4876 gnorm: 0.0172318
# lbfgs::iter 57_1 fx: 23.4876 gnorm: 0.0056004
# lbfgs::iter 58_1 fx: 23.4876 gnorm: 0.00240102
# lbfgs::iter 59_1 fx: 23.4876 gnorm: 0.00224254
# lbfgs::iter 60_1 fx: 23.4876 gnorm: 0.00367737
# lbfgs::iter 61_1 fx: 23.4876 gnorm: 0.00152594
# lbfgs::iter 62_1 fx: 23.4876 gnorm: 0.00116932
# lbfgs::iter 63_1 fx: 23.4876 gnorm: 0.00140072
# lbfgs::iter 64_1 fx: 23.4876 gnorm: 0.00176421
# lbfgs::iter 65_1 fx: 23.4876 gnorm: 0.00820135
# lbfgs::iter 66_1 fx: 23.4876 gnorm: 0.00176485
# lbfgs::iter 67_1 fx: 23.4876 gnorm: 0.00103136
# lbfgs::iter 68_1 fx: 23.4876 gnorm: 0.000885656
# lbfgs::iter 69_1 fx: 23.4876 gnorm: 0.00394392
# lbfgs::iter 70_1 fx: 23.4876 gnorm: 0.000379358
# lbfgs::iter 71_1 fx: 23.4876 gnorm: 0.000259047
# lbfgs::iter 72_1 fx: 23.4876 gnorm: 0.000205336
# lbfgs::iter 73_1 fx: 23.4876 gnorm: 0.000211573
# lbfgs::iter 74_1 fx: 23.4876 gnorm: 0.000307833
# lbfgs::iter 75_1 fx: 23.4876 gnorm: 0.000636045
# lbfgs::iter 76_1 fx: 23.4876 gnorm: 0.000635734
# lbfgs::iter 77_1 fx: 23.4876 gnorm: 0.000757726
# lbfgs::iter 78_1 fx: 23.4876 gnorm: 0.000392311
# lbfgs::iter 79_1 fx: 23.4876 gnorm: 0.000163309
# lbfgs::iter 80_1 fx: 23.4876 gnorm: 0.000113408
# lbfgs::iter 81_1 fx: 23.4876 gnorm: 0.000129223
# lbfgs::iter 82_1 fx: 23.4876 gnorm: 0.000134711
# lbfgs::iter 83_1 fx: 23.4876 gnorm: 0.000112103
# lbfgs::iter 84_1 fx: 23.4876 gnorm: 0.000166239
# lbfgs::iter 85_1 fx: 23.4876 gnorm: 0.000218444
# lbfgs::iter 86_1 fx: 23.4876 gnorm: 0.000565358
# lbfgs::iter 87_1 fx: 23.4876 gnorm: 0.000186917
# lbfgs::iter 88_1 fx: 23.4876 gnorm: 7.66161e-05
# lbfgs::iter 89_1 fx: 23.4876 gnorm: 5.96645e-05
# lbfgs::iter 90_1 fx: 23.4876 gnorm: 0.000128829
# lbfgs::iter 91_1 fx: 23.4876 gnorm: 2.88141e-05
# lbfgs::iter 92_1 fx: 23.4876 gnorm: 1.80736e-05
# lbfgs::iter 93_1 fx: 23.4876 gnorm: 1.4058e-05
# lbfgs::iter 94_1 fx: 23.4876 gnorm: 2.56259e-05
# lbfgs::iter 95_1 fx: 23.4876 gnorm: 5.06353e-05
# lbfgs::iter 96_1 fx: 23.4876 gnorm: 2.89914e-05
# lbfgs::iter 97_1 fx: 23.4876 gnorm: 1.84e-05
# lbfgs::iter 98_1 fx: 23.4876 gnorm: 1.64993e-05
# lbfgs::iter 99_1 fx: 23.4876 gnorm: 2.91909e-05
