# ---------------------------------------------------------------------------------------------
#                                GREMLIN_CPP v1.0                                              
# ---------------------------------------------------------------------------------------------
#   -i           /export/home/s5040933/scratch/project5/msa_files/final_msa/2hw8_B.a2m
#   -o           /export/home/s5040933/scratch/project5/msa_files/gremlin_output/2hw8_B.dca
# ---------------------------------------------------------------------------------------------
#   -only_neff   0
#   -only_v      0
#   -gap_cutoff  0.5
#   -alphabet    rna
#   -eff_cutoff  0.8
#   -lambda      0.01
# ---------------------------------------------------------------------------------------------
#   -min_type    lbfgs
#   -max_iter    100
# ---------------------------------------------------------------------------------------------
# SEQ GGGGUGAAGGAGGCUUCGGCCGCGAAACUUCACCCC
# CUT GGGGUGAAGGAGGCUUCGGCCGCGAAACUUCACCCC
# NC 36
# NEFF 2
# learning MRF ...
# lbfgs::iter S_S fx: 115.88 gnorm: 9.41488
# lbfgs::iter 0_1 fx: 114.94 gnorm: 9.37266
# lbfgs::iter 1_1 fx: 30.0257 gnorm: 0.97407
# lbfgs::iter 2_1 fx: 28.8525 gnorm: 0.681686
# lbfgs::iter 3_1 fx: 28.318 gnorm: 0.35532
# lbfgs::iter 4_1 fx: 28.0926 gnorm: 0.277277
# lbfgs::iter 5_1 fx: 28.0226 gnorm: 0.154001
# lbfgs::iter 6_1 fx: 28.0045 gnorm: 0.0630265
# lbfgs::iter 7_1 fx: 27.9981 gnorm: 0.0253277
# lbfgs::iter 8_1 fx: 27.9966 gnorm: 0.0199898
# lbfgs::iter 9_2 fx: 27.9962 gnorm: 0.0176906
# lbfgs::iter 10_1 fx: 27.995 gnorm: 0.00716577
# lbfgs::iter 11_1 fx: 27.995 gnorm: 0.0116467
# lbfgs::iter 12_1 fx: 27.9949 gnorm: 0.00158695
# lbfgs::iter 13_1 fx: 27.9949 gnorm: 0.00090797
# lbfgs::iter 14_1 fx: 27.9949 gnorm: 0.000516026
# lbfgs::iter 15_1 fx: 27.9949 gnorm: 0.00108333
# lbfgs::iter 16_1 fx: 27.9949 gnorm: 0.000226775
# lbfgs::iter 17_1 fx: 27.9949 gnorm: 0.000148887
# lbfgs::iter 18_1 fx: 27.9949 gnorm: 5.39011e-05
# lbfgs::iter 19_1 fx: 27.9949 gnorm: 0.000108857
# lbfgs::iter 20_1 fx: 27.9949 gnorm: 2.28047e-05
# lbfgs::iter 21_1 fx: 27.9949 gnorm: 1.35003e-05
# lbfgs::iter 22_1 fx: 27.9949 gnorm: 8.94034e-06
# lbfgs::iter 23_1 fx: 27.9949 gnorm: 1.19454e-05
# lbfgs::iter 24_1 fx: 27.9949 gnorm: 1.47958e-06
# lbfgs::iter 25_1 fx: 27.9949 gnorm: 8.32721e-07
# lbfgs::iter 26_1 fx: 27.9949 gnorm: 6.28562e-07
# lbfgs::iter 27_1 fx: 27.9949 gnorm: 5.59607e-07
# lbfgs::iter 28_1 fx: 27.9949 gnorm: 4.7281e-07
# lbfgs::iter 29_1 fx: 27.9949 gnorm: 6.842e-08
# lbfgs::iter 30_1 fx: 27.9949 gnorm: 5.34803e-08
# lbfgs::iter 31_1 fx: 27.9949 gnorm: 4.51769e-08
# lbfgs::iter 32_1 fx: 27.9949 gnorm: 1.10485e-07
# lbfgs::iter 33_1 fx: 27.9949 gnorm: 1.3913e-08
# lbfgs::iter 34_1 fx: 27.9949 gnorm: 8.72071e-09
# lbfgs::iter 35_1 fx: 27.9949 gnorm: 6.05863e-09
# lbfgs::iter 36_1 fx: 27.9949 gnorm: 4.67309e-09
# lbfgs::iter 37_1 fx: 27.9949 gnorm: 1.73008e-09
# lbfgs::iter 38_1 fx: 27.9949 gnorm: 8.68731e-10
# lbfgs::iter 39_1 fx: 27.9949 gnorm: 6.11991e-10
# lbfgs::iter 40_1 fx: 27.9949 gnorm: 7.34472e-10
# lbfgs::iter 41_1 fx: 27.9949 gnorm: 9.71727e-10
# lbfgs::iter 42_1 fx: 27.9949 gnorm: 1.13978e-10
# lbfgs::iter 43_1 fx: 27.9949 gnorm: 7.77365e-11
# lbfgs::iter 44_1 fx: 27.9949 gnorm: 6.73567e-11
# lbfgs::iter 45_1 fx: 27.9949 gnorm: 7.44926e-11
# lbfgs::iter 46_1 fx: 27.9949 gnorm: 1.61026e-11
# lbfgs::iter 47_1 fx: 27.9949 gnorm: 3.98733e-12
# lbfgs::iter 48_1 fx: 27.9949 gnorm: 3.37429e-12
# lbfgs::iter 49_1 fx: 27.9949 gnorm: 3.82022e-12
# lbfgs::iter 50_1 fx: 27.9949 gnorm: 5.86348e-12
# lbfgs::iter 51_1 fx: 27.9949 gnorm: 3.69591e-13
# lbfgs::iter 52_1 fx: 27.9949 gnorm: 1.83478e-13
# lbfgs::iter 53_1 fx: 27.9949 gnorm: 9.31018e-14
# lbfgs::iter 54_1 fx: 27.9949 gnorm: 9.03069e-14
# lbfgs::iter 55_1 fx: 27.9949 gnorm: 1.24024e-13
# lbfgs::iter 56_1 fx: 27.9949 gnorm: 1.38254e-14
# lbfgs::iter 57_1 fx: 27.9949 gnorm: 9.32182e-15
# lbfgs::iter 58_1 fx: 27.9949 gnorm: 7.39613e-15
# lbfgs::iter 59_1 fx: 27.9949 gnorm: 1.65116e-14
# lbfgs::iter 60_1 fx: 27.9949 gnorm: 4.50384e-15
# lbfgs::iter 61_1 fx: 27.9949 gnorm: 1.74522e-15
# lbfgs::iter 62_1 fx: 27.9949 gnorm: 1.25541e-15
# lbfgs::iter 63_1 fx: 27.9949 gnorm: 3.07467e-15
# lbfgs::iter 64_1 fx: 27.9949 gnorm: 1.4395e-15
# lbfgs::iter 65_1 fx: 27.9949 gnorm: 1.20532e-15
# lbfgs::iter 66_1 fx: 27.9949 gnorm: 1.4476e-15
# lbfgs::iter 67_1 fx: 27.9949 gnorm: 3.87885e-15
# lbfgs::iter 68_1 fx: 27.9949 gnorm: 1.8121e-15
# lbfgs::iter 69_1 fx: 27.9949 gnorm: 1.50419e-15
# lbfgs::iter 70_1 fx: 27.9949 gnorm: 2.74115e-15
# lbfgs::iter 71_1 fx: 27.9949 gnorm: 1.24646e-15
# lbfgs::iter 72_1 fx: 27.9949 gnorm: 9.86172e-16
# lbfgs::iter 73_1 fx: 27.9949 gnorm: 1.10148e-15
# lbfgs::iter 74_1 fx: 27.9949 gnorm: 1.27969e-15
# lbfgs::iter 75_1 fx: 27.9949 gnorm: 1.09976e-15
# lbfgs::iter 76_1 fx: 27.9949 gnorm: 1.12144e-15
# lbfgs::iter 77_1 fx: 27.9949 gnorm: 1.07013e-15
# lbfgs::iter 78_1 fx: 27.9949 gnorm: 1.6985e-15
# lbfgs::iter 79_1 fx: 27.9949 gnorm: 9.1147e-16
# lbfgs::iter 80_1 fx: 27.9949 gnorm: 1.24134e-15
# lbfgs::iter 81_1 fx: 27.9949 gnorm: 1.15121e-15
# lbfgs::iter 82_1 fx: 27.9949 gnorm: 9.18909e-16
# lbfgs::iter 83_1 fx: 27.9949 gnorm: 8.55893e-16
# lbfgs::iter 84_1 fx: 27.9949 gnorm: 1.79854e-15
# lbfgs::iter 85_1 fx: 27.9949 gnorm: 1.26028e-15
# lbfgs::iter 86_1 fx: 27.9949 gnorm: 8.6366e-16
# lbfgs::iter 87_1 fx: 27.9949 gnorm: 1.02261e-15
# lbfgs::iter 88_1 fx: 27.9949 gnorm: 8.52067e-16
# lbfgs::iter 89_1 fx: 27.9949 gnorm: 8.38827e-16
# lbfgs::iter 90_1 fx: 27.9949 gnorm: 1.04906e-15
# lbfgs::iter 91_1 fx: 27.9949 gnorm: 8.38827e-16
# lbfgs::iter 92_1 fx: 27.9949 gnorm: 8.38827e-16
# lbfgs::iter 93_1 fx: 27.9949 gnorm: 1.24166e-15
# lbfgs::iter 94_1 fx: 27.9949 gnorm: 8.38606e-16
# lbfgs::iter 95_1 fx: 27.9949 gnorm: 8.38388e-16
# lbfgs::iter 96_1 fx: 27.9949 gnorm: 1.30003e-14
# lbfgs::iter 97_1 fx: 27.9949 gnorm: 1.04307e-15
# lbfgs::iter 98_1 fx: 27.9949 gnorm: 2.85429e-15
# lbfgs::iter 99_1 fx: 27.9949 gnorm: 2.9918e-15
# lbfgs::iter S_S fx: 27.9949 gnorm: 14.4754
# lbfgs::iter 0_1 fx: 26.6047 gnorm: 13.3332
# lbfgs::iter 1_1 fx: 18.1125 gnorm: 3.93185
# lbfgs::iter 2_1 fx: 17.7971 gnorm: 3.04123
# lbfgs::iter 3_1 fx: 17.5603 gnorm: 0.73789
# lbfgs::iter 4_1 fx: 17.5355 gnorm: 0.526563
# lbfgs::iter 5_1 fx: 17.4988 gnorm: 0.454656
# lbfgs::iter 6_1 fx: 17.4766 gnorm: 0.396483
# lbfgs::iter 7_1 fx: 17.4492 gnorm: 0.678067
# lbfgs::iter 8_1 fx: 17.4095 gnorm: 0.660569
# lbfgs::iter 9_1 fx: 17.2979 gnorm: 1.12691
# lbfgs::iter 10_1 fx: 17.0969 gnorm: 1.52448
# lbfgs::iter 11_1 fx: 16.9919 gnorm: 2.64523
# lbfgs::iter 12_1 fx: 16.8298 gnorm: 1.04724
# lbfgs::iter 13_1 fx: 16.7955 gnorm: 0.334624
# lbfgs::iter 14_1 fx: 16.7905 gnorm: 0.145189
# lbfgs::iter 15_1 fx: 16.7891 gnorm: 0.128381
# lbfgs::iter 16_1 fx: 16.7865 gnorm: 0.138509
# lbfgs::iter 17_1 fx: 16.784 gnorm: 0.153564
# lbfgs::iter 18_1 fx: 16.7798 gnorm: 0.21136
# lbfgs::iter 19_1 fx: 16.7665 gnorm: 0.356936
# lbfgs::iter 20_2 fx: 16.7641 gnorm: 0.303515
# lbfgs::iter 21_1 fx: 16.7565 gnorm: 0.181828
# lbfgs::iter 22_1 fx: 16.755 gnorm: 0.165022
# lbfgs::iter 23_1 fx: 16.7541 gnorm: 0.0258263
# lbfgs::iter 24_1 fx: 16.7541 gnorm: 0.016811
# lbfgs::iter 25_1 fx: 16.754 gnorm: 0.0186921
# lbfgs::iter 26_1 fx: 16.7539 gnorm: 0.0268455
# lbfgs::iter 27_1 fx: 16.7538 gnorm: 0.0331936
# lbfgs::iter 28_1 fx: 16.7535 gnorm: 0.0509588
# lbfgs::iter 29_1 fx: 16.7534 gnorm: 0.128266
# lbfgs::iter 30_1 fx: 16.7529 gnorm: 0.0336071
# lbfgs::iter 31_1 fx: 16.7528 gnorm: 0.0147538
# lbfgs::iter 32_1 fx: 16.7528 gnorm: 0.00623691
# lbfgs::iter 33_1 fx: 16.7528 gnorm: 0.00954499
# lbfgs::iter 34_1 fx: 16.7528 gnorm: 0.00282017
# lbfgs::iter 35_1 fx: 16.7528 gnorm: 0.00198759
# lbfgs::iter 36_1 fx: 16.7528 gnorm: 0.00274024
# lbfgs::iter 37_1 fx: 16.7528 gnorm: 0.00377063
# lbfgs::iter 38_1 fx: 16.7528 gnorm: 0.0072165
# lbfgs::iter 39_1 fx: 16.7528 gnorm: 0.00709374
# lbfgs::iter 40_1 fx: 16.7528 gnorm: 0.00651853
# lbfgs::iter 41_1 fx: 16.7528 gnorm: 0.0257089
# lbfgs::iter 42_1 fx: 16.7528 gnorm: 0.00240524
# lbfgs::iter 43_1 fx: 16.7528 gnorm: 0.001449
# lbfgs::iter 44_1 fx: 16.7528 gnorm: 0.000790458
# lbfgs::iter 45_1 fx: 16.7528 gnorm: 0.0020726
# lbfgs::iter 46_1 fx: 16.7528 gnorm: 0.000807534
# lbfgs::iter 47_1 fx: 16.7528 gnorm: 0.000654706
# lbfgs::iter 48_1 fx: 16.7528 gnorm: 0.0011847
# lbfgs::iter 49_1 fx: 16.7528 gnorm: 0.00177167
# lbfgs::iter 50_1 fx: 16.7528 gnorm: 0.00258408
# lbfgs::iter 51_1 fx: 16.7528 gnorm: 0.00444286
# lbfgs::iter 52_1 fx: 16.7528 gnorm: 0.00108414
# lbfgs::iter 53_1 fx: 16.7528 gnorm: 0.000505995
# lbfgs::iter 54_1 fx: 16.7528 gnorm: 0.000318457
# lbfgs::iter 55_1 fx: 16.7528 gnorm: 0.00021938
# lbfgs::iter 56_1 fx: 16.7528 gnorm: 0.0004984
# lbfgs::iter 57_1 fx: 16.7528 gnorm: 0.0001253
# lbfgs::iter 58_1 fx: 16.7528 gnorm: 0.000102153
# lbfgs::iter 59_1 fx: 16.7528 gnorm: 0.000153148
# lbfgs::iter 60_1 fx: 16.7528 gnorm: 0.000239287
# lbfgs::iter 61_1 fx: 16.7528 gnorm: 0.000365958
# lbfgs::iter 62_1 fx: 16.7528 gnorm: 0.000678829
# lbfgs::iter 63_1 fx: 16.7528 gnorm: 0.000347891
# lbfgs::iter 64_1 fx: 16.7528 gnorm: 0.000132305
# lbfgs::iter 65_1 fx: 16.7528 gnorm: 0.000100966
# lbfgs::iter 66_1 fx: 16.7528 gnorm: 0.000214129
# lbfgs::iter 67_1 fx: 16.7528 gnorm: 0.000106417
# lbfgs::iter 68_1 fx: 16.7528 gnorm: 0.000110343
# lbfgs::iter 69_1 fx: 16.7528 gnorm: 0.000170181
# lbfgs::iter 70_1 fx: 16.7528 gnorm: 0.000235672
# lbfgs::iter 71_1 fx: 16.7528 gnorm: 0.000417116
# lbfgs::iter 72_1 fx: 16.7528 gnorm: 0.000201591
# lbfgs::iter 73_1 fx: 16.7528 gnorm: 6.38263e-05
# lbfgs::iter 74_1 fx: 16.7528 gnorm: 2.17121e-05
# lbfgs::iter 75_1 fx: 16.7528 gnorm: 1.71981e-05
# lbfgs::iter 76_1 fx: 16.7528 gnorm: 3.39531e-05
# lbfgs::iter 77_1 fx: 16.7528 gnorm: 1.3181e-05
# lbfgs::iter 78_1 fx: 16.7528 gnorm: 1.50799e-05
# lbfgs::iter 79_1 fx: 16.7528 gnorm: 2.44371e-05
# lbfgs::iter 80_1 fx: 16.7528 gnorm: 5.20614e-05
# lbfgs::iter 81_1 fx: 16.7528 gnorm: 4.1097e-05
# lbfgs::iter 82_1 fx: 16.7528 gnorm: 2.20063e-05
# lbfgs::iter 83_1 fx: 16.7528 gnorm: 3.54159e-05
# lbfgs::iter 84_1 fx: 16.7528 gnorm: 1.25607e-05
# lbfgs::iter 85_1 fx: 16.7528 gnorm: 4.43976e-06
# lbfgs::iter 86_1 fx: 16.7528 gnorm: 4.26101e-06
# lbfgs::iter 87_1 fx: 16.7528 gnorm: 1.16347e-05
# lbfgs::iter 88_1 fx: 16.7528 gnorm: 1.63039e-05
# lbfgs::iter 89_1 fx: 16.7528 gnorm: 2.43277e-05
# lbfgs::iter 90_1 fx: 16.7528 gnorm: 3.55351e-05
# lbfgs::iter 91_1 fx: 16.7528 gnorm: 7.61554e-06
# lbfgs::iter 92_1 fx: 16.7528 gnorm: 2.31188e-06
# lbfgs::iter 93_1 fx: 16.7528 gnorm: 2.13894e-06
# lbfgs::iter 94_1 fx: 16.7528 gnorm: 5.99927e-06
# lbfgs::iter 95_1 fx: 16.7528 gnorm: 3.00298e-06
# lbfgs::iter 96_1 fx: 16.7528 gnorm: 1.79321e-06
# lbfgs::iter 97_1 fx: 16.7528 gnorm: 2.47296e-06
# lbfgs::iter 98_1 fx: 16.7528 gnorm: 2.75547e-06
# lbfgs::iter 99_1 fx: 16.7528 gnorm: 2.72645e-06
