# ---------------------------------------------------------------------------------------------
#                                GREMLIN_CPP v1.0                                              
# ---------------------------------------------------------------------------------------------
#   -i           /export/home/s5040933/scratch/project5/msa_files/final_msa/2zhb_B.a2m
#   -o           /export/home/s5040933/scratch/project5/msa_files/gremlin_output/2zhb_B.dca
# ---------------------------------------------------------------------------------------------
#   -only_neff   0
#   -only_v      0
#   -gap_cutoff  0.5
#   -alphabet    rna
#   -eff_cutoff  0.8
#   -lambda      0.01
# ---------------------------------------------------------------------------------------------
#   -min_type    lbfgs
#   -max_iter    100
# ---------------------------------------------------------------------------------------------
# SEQ GGCCCGGGGCGGUUCGAUUCCGCCCUGGGCCAUC
# CUT GGCCCGGGGCGGUUCGAUUCCGCCCUGGGCCAUC
# NC 34
# NEFF 2.66667
# learning MRF ...
# lbfgs::iter S_S fx: 145.922 gnorm: 11.9689
# lbfgs::iter 0_1 fx: 144.728 gnorm: 11.9133
# lbfgs::iter 1_1 fx: 41.7026 gnorm: 1.92129
# lbfgs::iter 2_1 fx: 38.7281 gnorm: 1.11709
# lbfgs::iter 3_1 fx: 37.9384 gnorm: 0.480651
# lbfgs::iter 4_1 fx: 37.5475 gnorm: 0.359786
# lbfgs::iter 5_1 fx: 37.3069 gnorm: 0.253152
# lbfgs::iter 6_1 fx: 37.2686 gnorm: 0.243981
# lbfgs::iter 7_1 fx: 37.2432 gnorm: 0.059092
# lbfgs::iter 8_1 fx: 37.2403 gnorm: 0.0466287
# lbfgs::iter 9_1 fx: 37.2326 gnorm: 0.026907
# lbfgs::iter 10_1 fx: 37.232 gnorm: 0.020018
# lbfgs::iter 11_1 fx: 37.2317 gnorm: 0.00837543
# lbfgs::iter 12_1 fx: 37.2317 gnorm: 0.00244823
# lbfgs::iter 13_1 fx: 37.2317 gnorm: 0.00182042
# lbfgs::iter 14_1 fx: 37.2317 gnorm: 0.00145734
# lbfgs::iter 15_1 fx: 37.2317 gnorm: 0.00382628
# lbfgs::iter 16_1 fx: 37.2317 gnorm: 0.000715121
# lbfgs::iter 17_1 fx: 37.2317 gnorm: 0.000396245
# lbfgs::iter 18_1 fx: 37.2317 gnorm: 0.000276795
# lbfgs::iter 19_1 fx: 37.2317 gnorm: 0.000197965
# lbfgs::iter 20_1 fx: 37.2317 gnorm: 0.000100141
# lbfgs::iter 21_1 fx: 37.2317 gnorm: 3.57561e-05
# lbfgs::iter 22_1 fx: 37.2317 gnorm: 2.79487e-05
# lbfgs::iter 23_1 fx: 37.2317 gnorm: 2.56858e-05
# lbfgs::iter 24_1 fx: 37.2317 gnorm: 4.77788e-05
# lbfgs::iter 25_1 fx: 37.2317 gnorm: 6.28465e-06
# lbfgs::iter 26_1 fx: 37.2317 gnorm: 4.23083e-06
# lbfgs::iter 27_1 fx: 37.2317 gnorm: 3.60461e-06
# lbfgs::iter 28_1 fx: 37.2317 gnorm: 3.40074e-06
# lbfgs::iter 29_1 fx: 37.2317 gnorm: 3.41763e-06
# lbfgs::iter 30_1 fx: 37.2317 gnorm: 1.09562e-06
# lbfgs::iter 31_1 fx: 37.2317 gnorm: 7.73125e-07
# lbfgs::iter 32_1 fx: 37.2317 gnorm: 6.52614e-07
# lbfgs::iter 33_1 fx: 37.2317 gnorm: 1.10166e-06
# lbfgs::iter 34_1 fx: 37.2317 gnorm: 1.12178e-07
# lbfgs::iter 35_1 fx: 37.2317 gnorm: 6.19804e-08
# lbfgs::iter 36_1 fx: 37.2317 gnorm: 5.04648e-08
# lbfgs::iter 37_1 fx: 37.2317 gnorm: 4.07679e-08
# lbfgs::iter 38_1 fx: 37.2317 gnorm: 9.07129e-08
# lbfgs::iter 39_1 fx: 37.2317 gnorm: 2.31964e-08
# lbfgs::iter 40_1 fx: 37.2317 gnorm: 4.77716e-09
# lbfgs::iter 41_1 fx: 37.2317 gnorm: 2.54347e-09
# lbfgs::iter 42_1 fx: 37.2317 gnorm: 1.62503e-09
# lbfgs::iter 43_1 fx: 37.2317 gnorm: 1.17524e-09
# lbfgs::iter 44_1 fx: 37.2317 gnorm: 8.44913e-10
# lbfgs::iter 45_1 fx: 37.2317 gnorm: 4.90462e-10
# lbfgs::iter 46_1 fx: 37.2317 gnorm: 9.95641e-10
# lbfgs::iter 47_1 fx: 37.2317 gnorm: 6.73749e-11
# lbfgs::iter 48_1 fx: 37.2317 gnorm: 4.02547e-11
# lbfgs::iter 49_1 fx: 37.2317 gnorm: 1.97116e-11
# lbfgs::iter 50_1 fx: 37.2317 gnorm: 2.27048e-11
# lbfgs::iter 51_1 fx: 37.2317 gnorm: 1.14233e-11
# lbfgs::iter 52_1 fx: 37.2317 gnorm: 9.19234e-12
# lbfgs::iter 53_1 fx: 37.2317 gnorm: 2.61052e-12
# lbfgs::iter 54_1 fx: 37.2317 gnorm: 1.78035e-12
# lbfgs::iter 55_1 fx: 37.2317 gnorm: 1.27285e-12
# lbfgs::iter 56_1 fx: 37.2317 gnorm: 2.88887e-12
# lbfgs::iter 57_1 fx: 37.2317 gnorm: 3.77398e-13
# lbfgs::iter 58_1 fx: 37.2317 gnorm: 2.54836e-13
# lbfgs::iter 59_1 fx: 37.2317 gnorm: 2.45182e-13
# lbfgs::iter 60_1 fx: 37.2317 gnorm: 4.06981e-13
# lbfgs::iter 61_1 fx: 37.2317 gnorm: 5.94053e-14
# lbfgs::iter 62_1 fx: 37.2317 gnorm: 1.94374e-14
# lbfgs::iter 63_1 fx: 37.2317 gnorm: 1.55438e-14
# lbfgs::iter 64_1 fx: 37.2317 gnorm: 1.68985e-14
# lbfgs::iter 65_1 fx: 37.2317 gnorm: 3.43969e-14
# lbfgs::iter 66_1 fx: 37.2317 gnorm: 3.56824e-15
# lbfgs::iter 67_1 fx: 37.2317 gnorm: 4.73431e-15
# lbfgs::iter 68_1 fx: 37.2317 gnorm: 3.04613e-15
# lbfgs::iter 69_1 fx: 37.2317 gnorm: 1.98961e-15
# lbfgs::iter 70_1 fx: 37.2317 gnorm: 2.03547e-15
# lbfgs::iter 71_1 fx: 37.2317 gnorm: 3.73472e-15
# lbfgs::iter 72_1 fx: 37.2317 gnorm: 1.96988e-15
# lbfgs::iter 73_1 fx: 37.2317 gnorm: 2.0856e-15
# lbfgs::iter 74_1 fx: 37.2317 gnorm: 2.02904e-15
# lbfgs::iter 75_1 fx: 37.2317 gnorm: 1.99902e-15
# lbfgs::iter 76_1 fx: 37.2317 gnorm: 1.5446e-15
# lbfgs::iter 77_1 fx: 37.2317 gnorm: 1.73629e-15
# lbfgs::iter 78_1 fx: 37.2317 gnorm: 1.43622e-15
# lbfgs::iter 79_1 fx: 37.2317 gnorm: 1.6078e-15
# lbfgs::iter 80_1 fx: 37.2317 gnorm: 1.44916e-15
# lbfgs::iter 81_1 fx: 37.2317 gnorm: 1.72335e-15
# lbfgs::iter 82_1 fx: 37.2317 gnorm: 1.55093e-15
# lbfgs::iter 83_1 fx: 37.2317 gnorm: 1.66412e-15
# lbfgs::iter 84_1 fx: 37.2317 gnorm: 1.42255e-15
# lbfgs::iter 85_1 fx: 37.2317 gnorm: 1.83428e-15
# lbfgs::iter 86_1 fx: 37.2317 gnorm: 1.52278e-15
# lbfgs::iter 87_1 fx: 37.2317 gnorm: 1.36154e-15
# lbfgs::iter 88_1 fx: 37.2317 gnorm: 1.44245e-15
# lbfgs::iter 89_1 fx: 37.2317 gnorm: 1.65083e-15
# lbfgs::iter 90_1 fx: 37.2317 gnorm: 1.52112e-15
# lbfgs::iter 91_1 fx: 37.2317 gnorm: 1.45646e-15
# lbfgs::iter 92_1 fx: 37.2317 gnorm: 1.45646e-15
# lbfgs::iter 93_1 fx: 37.2317 gnorm: 1.39523e-15
# lbfgs::iter 94_1 fx: 37.2317 gnorm: 1.39316e-15
# lbfgs::iter 95_1 fx: 37.2317 gnorm: 1.07446e-14
# lbfgs::iter 96_1 fx: 37.2317 gnorm: 1.63738e-15
# lbfgs::iter 97_1 fx: 37.2317 gnorm: 1.65088e-15
# lbfgs::iter 98_1 fx: 37.2317 gnorm: 1.49959e-15
# lbfgs::iter 99_1 fx: 37.2317 gnorm: 1.42336e-15
# lbfgs::iter S_S fx: 37.2317 gnorm: 16.0699
# lbfgs::iter 0_1 fx: 35.6701 gnorm: 15.1635
# lbfgs::iter 1_1 fx: 22.7657 gnorm: 7.12721
# lbfgs::iter 2_2 fx: 22.3177 gnorm: 5.48729
# lbfgs::iter 3_1 fx: 21.5905 gnorm: 0.788728
# lbfgs::iter 4_1 fx: 21.5629 gnorm: 0.469433
# lbfgs::iter 5_1 fx: 21.5423 gnorm: 0.460319
# lbfgs::iter 6_1 fx: 21.5179 gnorm: 0.524216
# lbfgs::iter 7_1 fx: 21.4945 gnorm: 0.513976
# lbfgs::iter 8_1 fx: 21.4674 gnorm: 0.51571
# lbfgs::iter 9_1 fx: 21.3698 gnorm: 1.01212
# lbfgs::iter 10_1 fx: 21.2308 gnorm: 1.47314
# lbfgs::iter 11_1 fx: 21.0345 gnorm: 1.66813
# lbfgs::iter 12_1 fx: 20.869 gnorm: 1.07649
# lbfgs::iter 13_1 fx: 20.8274 gnorm: 0.899054
# lbfgs::iter 14_1 fx: 20.8069 gnorm: 0.242692
# lbfgs::iter 15_1 fx: 20.8043 gnorm: 0.175342
# lbfgs::iter 16_1 fx: 20.7997 gnorm: 0.110995
# lbfgs::iter 17_1 fx: 20.7984 gnorm: 0.197968
# lbfgs::iter 18_1 fx: 20.7967 gnorm: 0.148898
# lbfgs::iter 19_1 fx: 20.7902 gnorm: 0.197279
# lbfgs::iter 20_1 fx: 20.7843 gnorm: 0.263458
# lbfgs::iter 21_1 fx: 20.7818 gnorm: 0.55433
# lbfgs::iter 22_1 fx: 20.7742 gnorm: 0.148616
# lbfgs::iter 23_1 fx: 20.7732 gnorm: 0.070973
# lbfgs::iter 24_1 fx: 20.7726 gnorm: 0.057222
# lbfgs::iter 25_1 fx: 20.7722 gnorm: 0.0639536
# lbfgs::iter 26_1 fx: 20.7716 gnorm: 0.0936004
# lbfgs::iter 27_1 fx: 20.771 gnorm: 0.0746187
# lbfgs::iter 28_1 fx: 20.7697 gnorm: 0.0989485
# lbfgs::iter 29_1 fx: 20.7679 gnorm: 0.123335
# lbfgs::iter 30_2 fx: 20.7676 gnorm: 0.114813
# lbfgs::iter 31_1 fx: 20.7663 gnorm: 0.059184
# lbfgs::iter 32_1 fx: 20.7662 gnorm: 0.0889039
# lbfgs::iter 33_1 fx: 20.766 gnorm: 0.0159531
# lbfgs::iter 34_1 fx: 20.766 gnorm: 0.0105632
# lbfgs::iter 35_1 fx: 20.766 gnorm: 0.0099701
# lbfgs::iter 36_1 fx: 20.766 gnorm: 0.0170874
# lbfgs::iter 37_1 fx: 20.7659 gnorm: 0.029216
# lbfgs::iter 38_1 fx: 20.7658 gnorm: 0.0276605
# lbfgs::iter 39_1 fx: 20.7657 gnorm: 0.0370458
# lbfgs::iter 40_1 fx: 20.7657 gnorm: 0.0707039
# lbfgs::iter 41_1 fx: 20.7655 gnorm: 0.0153931
# lbfgs::iter 42_1 fx: 20.7655 gnorm: 0.0085996
# lbfgs::iter 43_1 fx: 20.7655 gnorm: 0.00585437
# lbfgs::iter 44_1 fx: 20.7655 gnorm: 0.0145304
# lbfgs::iter 45_1 fx: 20.7655 gnorm: 0.00757292
# lbfgs::iter 46_1 fx: 20.7655 gnorm: 0.00680027
# lbfgs::iter 47_1 fx: 20.7655 gnorm: 0.00973081
# lbfgs::iter 48_1 fx: 20.7655 gnorm: 0.0144098
# lbfgs::iter 49_1 fx: 20.7655 gnorm: 0.0321749
# lbfgs::iter 50_1 fx: 20.7655 gnorm: 0.00942277
# lbfgs::iter 51_1 fx: 20.7655 gnorm: 0.004103
# lbfgs::iter 52_1 fx: 20.7655 gnorm: 0.0035496
# lbfgs::iter 53_1 fx: 20.7655 gnorm: 0.00327895
# lbfgs::iter 54_1 fx: 20.7655 gnorm: 0.0101141
# lbfgs::iter 55_1 fx: 20.7655 gnorm: 0.00409403
# lbfgs::iter 56_1 fx: 20.7655 gnorm: 0.00344111
# lbfgs::iter 57_1 fx: 20.7654 gnorm: 0.00524352
# lbfgs::iter 58_1 fx: 20.7654 gnorm: 0.00639349
# lbfgs::iter 59_1 fx: 20.7654 gnorm: 0.0174681
# lbfgs::iter 60_1 fx: 20.7654 gnorm: 0.00482801
# lbfgs::iter 61_1 fx: 20.7654 gnorm: 0.00265154
# lbfgs::iter 62_1 fx: 20.7654 gnorm: 0.00227674
# lbfgs::iter 63_1 fx: 20.7654 gnorm: 0.0028218
# lbfgs::iter 64_1 fx: 20.7654 gnorm: 0.00331426
# lbfgs::iter 65_1 fx: 20.7654 gnorm: 0.00525269
# lbfgs::iter 66_1 fx: 20.7654 gnorm: 0.00310292
# lbfgs::iter 67_1 fx: 20.7654 gnorm: 0.00196792
# lbfgs::iter 68_1 fx: 20.7654 gnorm: 0.00266753
# lbfgs::iter 69_1 fx: 20.7654 gnorm: 0.00249499
# lbfgs::iter 70_1 fx: 20.7654 gnorm: 0.00148822
# lbfgs::iter 71_1 fx: 20.7654 gnorm: 0.00100038
# lbfgs::iter 72_1 fx: 20.7654 gnorm: 0.0012529
# lbfgs::iter 73_1 fx: 20.7654 gnorm: 0.002271
# lbfgs::iter 74_1 fx: 20.7654 gnorm: 0.00125434
# lbfgs::iter 75_1 fx: 20.7654 gnorm: 0.00112571
# lbfgs::iter 76_1 fx: 20.7654 gnorm: 0.00138765
# lbfgs::iter 77_1 fx: 20.7654 gnorm: 0.00335169
# lbfgs::iter 78_1 fx: 20.7654 gnorm: 0.00118683
# lbfgs::iter 79_1 fx: 20.7654 gnorm: 0.00084731
# lbfgs::iter 80_1 fx: 20.7654 gnorm: 0.00103341
# lbfgs::iter 81_1 fx: 20.7654 gnorm: 0.00123338
# lbfgs::iter 82_1 fx: 20.7654 gnorm: 0.00157634
# lbfgs::iter 83_1 fx: 20.7654 gnorm: 0.00040867
# lbfgs::iter 84_1 fx: 20.7654 gnorm: 0.000277707
# lbfgs::iter 85_1 fx: 20.7654 gnorm: 0.000328598
# lbfgs::iter 86_1 fx: 20.7654 gnorm: 0.000394476
# lbfgs::iter 87_1 fx: 20.7654 gnorm: 0.000947373
# lbfgs::iter 88_1 fx: 20.7654 gnorm: 0.000334587
# lbfgs::iter 89_1 fx: 20.7654 gnorm: 0.000217623
# lbfgs::iter 90_1 fx: 20.7654 gnorm: 0.000219442
# lbfgs::iter 91_1 fx: 20.7654 gnorm: 0.000228888
# lbfgs::iter 92_1 fx: 20.7654 gnorm: 0.000459296
# lbfgs::iter 93_1 fx: 20.7654 gnorm: 0.000205101
# lbfgs::iter 94_1 fx: 20.7654 gnorm: 0.000212992
# lbfgs::iter 95_1 fx: 20.7654 gnorm: 0.000345178
# lbfgs::iter 96_1 fx: 20.7654 gnorm: 0.00051119
# lbfgs::iter 97_1 fx: 20.7654 gnorm: 0.000533662
# lbfgs::iter 98_1 fx: 20.7654 gnorm: 0.000229504
# lbfgs::iter 99_1 fx: 20.7654 gnorm: 8.34841e-05
