# ---------------------------------------------------------------------------------------------
#                                GREMLIN_CPP v1.0                                              
# ---------------------------------------------------------------------------------------------
#   -i           /export/home/s5040933/scratch/project5/msa_files/final_msa/3q50_A.a2m
#   -o           /export/home/s5040933/scratch/project5/msa_files/gremlin_output/3q50_A.dca
# ---------------------------------------------------------------------------------------------
#   -only_neff   0
#   -only_v      0
#   -gap_cutoff  0.5
#   -alphabet    rna
#   -eff_cutoff  0.8
#   -lambda      0.01
# ---------------------------------------------------------------------------------------------
#   -min_type    lbfgs
#   -max_iter    100
# ---------------------------------------------------------------------------------------------
# removing 5 out of 33 positions with >= 50% gaps!
# SEQ CUGGGUCGCAGUAACCCCAGUUAACAAAACAAG
# CUT CUGGGUCGCA-----CCCAGUUAACAAAACAAG
# NC 28
# NEFF 18.3493
# learning MRF ...
# lbfgs::iter S_S fx: 826.898 gnorm: 62.3225
# lbfgs::iter 0_1 fx: 820.685 gnorm: 61.9512
# lbfgs::iter 1_1 fx: 453.594 gnorm: 14.8411
# lbfgs::iter 2_1 fx: 422.76 gnorm: 6.65959
# lbfgs::iter 3_1 fx: 414.919 gnorm: 4.92459
# lbfgs::iter 4_1 fx: 411.804 gnorm: 2.42622
# lbfgs::iter 5_1 fx: 409.193 gnorm: 1.68771
# lbfgs::iter 6_1 fx: 407.431 gnorm: 1.19837
# lbfgs::iter 7_1 fx: 407.093 gnorm: 2.26795
# lbfgs::iter 8_1 fx: 406.541 gnorm: 0.583085
# lbfgs::iter 9_1 fx: 406.472 gnorm: 0.411281
# lbfgs::iter 10_1 fx: 406.353 gnorm: 0.411877
# lbfgs::iter 11_1 fx: 406.261 gnorm: 0.357107
# lbfgs::iter 12_2 fx: 406.25 gnorm: 0.283725
# lbfgs::iter 13_1 fx: 406.22 gnorm: 0.134094
# lbfgs::iter 14_1 fx: 406.212 gnorm: 0.122482
# lbfgs::iter 15_1 fx: 406.207 gnorm: 0.131961
# lbfgs::iter 16_1 fx: 406.204 gnorm: 0.0630234
# lbfgs::iter 17_1 fx: 406.203 gnorm: 0.0518941
# lbfgs::iter 18_1 fx: 406.201 gnorm: 0.0542378
# lbfgs::iter 19_2 fx: 406.201 gnorm: 0.0450107
# lbfgs::iter 20_1 fx: 406.2 gnorm: 0.0287663
# lbfgs::iter 21_1 fx: 406.2 gnorm: 0.0258647
# lbfgs::iter 22_1 fx: 406.2 gnorm: 0.0553983
# lbfgs::iter 23_1 fx: 406.199 gnorm: 0.0182196
# lbfgs::iter 24_1 fx: 406.199 gnorm: 0.0143745
# lbfgs::iter 25_1 fx: 406.199 gnorm: 0.0131487
# lbfgs::iter 26_1 fx: 406.199 gnorm: 0.0392412
# lbfgs::iter 27_1 fx: 406.199 gnorm: 0.00540662
# lbfgs::iter 28_1 fx: 406.199 gnorm: 0.00393248
# lbfgs::iter 29_1 fx: 406.199 gnorm: 0.00358393
# lbfgs::iter 30_1 fx: 406.199 gnorm: 0.00665978
# lbfgs::iter 31_1 fx: 406.199 gnorm: 0.00280542
# lbfgs::iter 32_1 fx: 406.199 gnorm: 0.00249915
# lbfgs::iter 33_1 fx: 406.199 gnorm: 0.00262807
# lbfgs::iter 34_1 fx: 406.199 gnorm: 0.00751254
# lbfgs::iter 35_1 fx: 406.199 gnorm: 0.00161887
# lbfgs::iter 36_1 fx: 406.199 gnorm: 0.00113184
# lbfgs::iter 37_1 fx: 406.199 gnorm: 0.00118884
# lbfgs::iter 38_1 fx: 406.199 gnorm: 0.00275816
# lbfgs::iter 39_1 fx: 406.199 gnorm: 0.00070603
# lbfgs::iter 40_1 fx: 406.199 gnorm: 0.00054657
# lbfgs::iter 41_1 fx: 406.199 gnorm: 0.000602039
# lbfgs::iter 42_1 fx: 406.199 gnorm: 0.000514769
# lbfgs::iter 43_1 fx: 406.199 gnorm: 0.000873306
# lbfgs::iter 44_1 fx: 406.199 gnorm: 0.000278831
# lbfgs::iter 45_1 fx: 406.199 gnorm: 0.000211383
# lbfgs::iter 46_1 fx: 406.199 gnorm: 0.000243676
# lbfgs::iter 47_1 fx: 406.199 gnorm: 0.000396312
# lbfgs::iter 48_1 fx: 406.199 gnorm: 0.000144462
# lbfgs::iter 49_1 fx: 406.199 gnorm: 0.00010253
# lbfgs::iter 50_1 fx: 406.199 gnorm: 9.49974e-05
# lbfgs::iter 51_1 fx: 406.199 gnorm: 0.000215686
# lbfgs::iter 52_1 fx: 406.199 gnorm: 6.07411e-05
# lbfgs::iter 53_1 fx: 406.199 gnorm: 4.56229e-05
# lbfgs::iter 54_1 fx: 406.199 gnorm: 4.41466e-05
# lbfgs::iter 55_1 fx: 406.199 gnorm: 8.16169e-05
# lbfgs::iter 56_1 fx: 406.199 gnorm: 3.03786e-05
# lbfgs::iter 57_1 fx: 406.199 gnorm: 2.03874e-05
# lbfgs::iter 58_1 fx: 406.199 gnorm: 1.67934e-05
# lbfgs::iter 59_1 fx: 406.199 gnorm: 3.58178e-05
# lbfgs::iter 60_1 fx: 406.199 gnorm: 1.41201e-05
# lbfgs::iter 61_1 fx: 406.199 gnorm: 1.1179e-05
# lbfgs::iter 62_1 fx: 406.199 gnorm: 1.18347e-05
# lbfgs::iter 63_1 fx: 406.199 gnorm: 2.05931e-05
# lbfgs::iter 64_1 fx: 406.199 gnorm: 6.12678e-06
# lbfgs::iter 65_1 fx: 406.199 gnorm: 4.36765e-06
# lbfgs::iter 66_1 fx: 406.199 gnorm: 3.69097e-06
# lbfgs::iter 67_1 fx: 406.199 gnorm: 8.87938e-06
# lbfgs::iter 68_1 fx: 406.199 gnorm: 3.17061e-06
# lbfgs::iter 69_1 fx: 406.199 gnorm: 2.29631e-06
# lbfgs::iter 70_1 fx: 406.199 gnorm: 2.58783e-06
# lbfgs::iter 71_1 fx: 406.199 gnorm: 2.91674e-06
# lbfgs::iter 72_1 fx: 406.199 gnorm: 8.96302e-06
# lbfgs::iter 73_1 fx: 406.199 gnorm: 1.75519e-06
# lbfgs::iter 74_1 fx: 406.199 gnorm: 1.17447e-06
# lbfgs::iter 75_1 fx: 406.199 gnorm: 1.07185e-06
# lbfgs::iter 76_1 fx: 406.199 gnorm: 1.23928e-06
# lbfgs::iter 77_1 fx: 406.199 gnorm: 1.71056e-06
# lbfgs::iter 78_1 fx: 406.199 gnorm: 4.56313e-07
# lbfgs::iter 79_1 fx: 406.199 gnorm: 3.49777e-07
# lbfgs::iter 80_1 fx: 406.199 gnorm: 3.76233e-07
# lbfgs::iter 81_1 fx: 406.199 gnorm: 5.01849e-07
# lbfgs::iter 82_1 fx: 406.199 gnorm: 2.32439e-07
# lbfgs::iter 83_1 fx: 406.199 gnorm: 1.81046e-07
# lbfgs::iter 84_1 fx: 406.199 gnorm: 2.7293e-07
# lbfgs::iter 85_1 fx: 406.199 gnorm: 2.37428e-07
# lbfgs::iter 86_1 fx: 406.199 gnorm: 1.18282e-07
# lbfgs::iter 87_1 fx: 406.199 gnorm: 7.42431e-08
# lbfgs::iter 88_1 fx: 406.199 gnorm: 7.85452e-08
# lbfgs::iter 89_1 fx: 406.199 gnorm: 2.53622e-07
# lbfgs::iter 90_1 fx: 406.199 gnorm: 3.66539e-08
# lbfgs::iter 91_1 fx: 406.199 gnorm: 2.48813e-08
# lbfgs::iter 92_1 fx: 406.199 gnorm: 2.14865e-08
# lbfgs::iter 93_1 fx: 406.199 gnorm: 2.44694e-08
# lbfgs::iter 94_1 fx: 406.199 gnorm: 3.9768e-08
# lbfgs::iter 95_1 fx: 406.199 gnorm: 1.23635e-08
# lbfgs::iter 96_1 fx: 406.199 gnorm: 1.02e-08
# lbfgs::iter 97_1 fx: 406.199 gnorm: 1.19074e-08
# lbfgs::iter 98_1 fx: 406.199 gnorm: 1.64874e-08
# lbfgs::iter 99_1 fx: 406.199 gnorm: 7.24062e-09
# lbfgs::iter S_S fx: 406.199 gnorm: 65.982
# lbfgs::iter 0_1 fx: 399.662 gnorm: 64.7696
# lbfgs::iter 1_1 fx: 279.922 gnorm: 111.661
# lbfgs::iter 2_1 fx: 246.138 gnorm: 42.737
# lbfgs::iter 3_1 fx: 209.657 gnorm: 22.8447
# lbfgs::iter 4_1 fx: 206.237 gnorm: 33.4106
# lbfgs::iter 5_1 fx: 195.414 gnorm: 10.9122
# lbfgs::iter 6_1 fx: 193.794 gnorm: 6.90662
# lbfgs::iter 7_1 fx: 191.369 gnorm: 7.54901
# lbfgs::iter 8_1 fx: 189.734 gnorm: 6.6471
# lbfgs::iter 9_1 fx: 189.608 gnorm: 9.52294
# lbfgs::iter 10_1 fx: 188.814 gnorm: 1.77969
# lbfgs::iter 11_1 fx: 188.748 gnorm: 1.47047
# lbfgs::iter 12_1 fx: 188.611 gnorm: 2.9302
# lbfgs::iter 13_1 fx: 188.576 gnorm: 2.71734
# lbfgs::iter 14_1 fx: 188.521 gnorm: 0.841118
# lbfgs::iter 15_1 fx: 188.506 gnorm: 0.65679
# lbfgs::iter 16_1 fx: 188.465 gnorm: 0.897507
# lbfgs::iter 17_1 fx: 188.43 gnorm: 1.08136
# lbfgs::iter 18_1 fx: 188.39 gnorm: 2.27804
# lbfgs::iter 19_1 fx: 188.321 gnorm: 1.00794
# lbfgs::iter 20_1 fx: 188.269 gnorm: 1.30262
# lbfgs::iter 21_1 fx: 188.193 gnorm: 1.55291
# lbfgs::iter 22_1 fx: 188.105 gnorm: 3.98299
# lbfgs::iter 23_1 fx: 187.952 gnorm: 1.94909
# lbfgs::iter 24_1 fx: 187.817 gnorm: 1.40316
# lbfgs::iter 25_1 fx: 187.728 gnorm: 1.45066
# lbfgs::iter 26_2 fx: 187.709 gnorm: 1.38917
# lbfgs::iter 27_1 fx: 187.624 gnorm: 1.00182
# lbfgs::iter 28_1 fx: 187.588 gnorm: 1.03431
# lbfgs::iter 29_1 fx: 187.578 gnorm: 1.08061
# lbfgs::iter 30_1 fx: 187.569 gnorm: 0.33088
# lbfgs::iter 31_1 fx: 187.567 gnorm: 0.271084
# lbfgs::iter 32_1 fx: 187.563 gnorm: 0.279333
# lbfgs::iter 33_1 fx: 187.56 gnorm: 0.324567
# lbfgs::iter 34_1 fx: 187.559 gnorm: 0.319165
# lbfgs::iter 35_1 fx: 187.557 gnorm: 0.176467
# lbfgs::iter 36_1 fx: 187.556 gnorm: 0.205621
# lbfgs::iter 37_1 fx: 187.554 gnorm: 0.271774
# lbfgs::iter 38_1 fx: 187.549 gnorm: 0.507602
# lbfgs::iter 39_1 fx: 187.544 gnorm: 0.441542
# lbfgs::iter 40_1 fx: 187.539 gnorm: 0.351221
# lbfgs::iter 41_1 fx: 187.529 gnorm: 0.464223
# lbfgs::iter 42_1 fx: 187.524 gnorm: 0.759966
# lbfgs::iter 43_1 fx: 187.519 gnorm: 0.420732
# lbfgs::iter 44_1 fx: 187.513 gnorm: 0.279011
# lbfgs::iter 45_1 fx: 187.51 gnorm: 0.296558
# lbfgs::iter 46_1 fx: 187.51 gnorm: 0.976487
# lbfgs::iter 47_1 fx: 187.503 gnorm: 0.181703
# lbfgs::iter 48_1 fx: 187.503 gnorm: 0.120215
# lbfgs::iter 49_1 fx: 187.502 gnorm: 0.121212
# lbfgs::iter 50_1 fx: 187.501 gnorm: 0.199502
# lbfgs::iter 51_1 fx: 187.5 gnorm: 0.155607
# lbfgs::iter 52_1 fx: 187.5 gnorm: 0.14828
# lbfgs::iter 53_1 fx: 187.498 gnorm: 0.331129
# lbfgs::iter 54_1 fx: 187.496 gnorm: 0.222269
# lbfgs::iter 55_1 fx: 187.493 gnorm: 0.231496
# lbfgs::iter 56_1 fx: 187.49 gnorm: 0.449798
# lbfgs::iter 57_1 fx: 187.487 gnorm: 0.219357
# lbfgs::iter 58_1 fx: 187.486 gnorm: 0.218157
# lbfgs::iter 59_1 fx: 187.484 gnorm: 0.231999
# lbfgs::iter 60_1 fx: 187.484 gnorm: 0.600072
# lbfgs::iter 61_1 fx: 187.481 gnorm: 0.131619
# lbfgs::iter 62_1 fx: 187.481 gnorm: 0.103941
# lbfgs::iter 63_1 fx: 187.48 gnorm: 0.0979993
# lbfgs::iter 64_1 fx: 187.48 gnorm: 0.241306
# lbfgs::iter 65_1 fx: 187.48 gnorm: 0.0672811
# lbfgs::iter 66_1 fx: 187.479 gnorm: 0.0410954
# lbfgs::iter 67_1 fx: 187.479 gnorm: 0.047562
# lbfgs::iter 68_1 fx: 187.479 gnorm: 0.0581194
# lbfgs::iter 69_1 fx: 187.479 gnorm: 0.162741
# lbfgs::iter 70_1 fx: 187.479 gnorm: 0.0407777
# lbfgs::iter 71_1 fx: 187.479 gnorm: 0.0312701
# lbfgs::iter 72_1 fx: 187.479 gnorm: 0.0354997
# lbfgs::iter 73_1 fx: 187.479 gnorm: 0.0415722
# lbfgs::iter 74_1 fx: 187.479 gnorm: 0.108554
# lbfgs::iter 75_1 fx: 187.479 gnorm: 0.0441383
# lbfgs::iter 76_1 fx: 187.479 gnorm: 0.0387816
# lbfgs::iter 77_1 fx: 187.478 gnorm: 0.0478446
# lbfgs::iter 78_1 fx: 187.479 gnorm: 0.173974
# lbfgs::iter 79_1 fx: 187.478 gnorm: 0.0397341
# lbfgs::iter 80_1 fx: 187.478 gnorm: 0.027174
# lbfgs::iter 81_1 fx: 187.478 gnorm: 0.0344529
# lbfgs::iter 82_1 fx: 187.478 gnorm: 0.097168
# lbfgs::iter 83_1 fx: 187.478 gnorm: 0.0242351
# lbfgs::iter 84_1 fx: 187.478 gnorm: 0.0159823
# lbfgs::iter 85_1 fx: 187.478 gnorm: 0.0170906
# lbfgs::iter 86_1 fx: 187.478 gnorm: 0.0151853
# lbfgs::iter 87_1 fx: 187.478 gnorm: 0.077409
# lbfgs::iter 88_1 fx: 187.478 gnorm: 0.0110246
# lbfgs::iter 89_1 fx: 187.478 gnorm: 0.00966645
# lbfgs::iter 90_1 fx: 187.478 gnorm: 0.0128814
# lbfgs::iter 91_1 fx: 187.478 gnorm: 0.0268619
# lbfgs::iter 92_1 fx: 187.478 gnorm: 0.0229258
# lbfgs::iter 93_1 fx: 187.478 gnorm: 0.0237062
# lbfgs::iter 94_1 fx: 187.478 gnorm: 0.035989
# lbfgs::iter 95_1 fx: 187.478 gnorm: 0.0176712
# lbfgs::iter 96_1 fx: 187.478 gnorm: 0.0171722
# lbfgs::iter 97_1 fx: 187.478 gnorm: 0.0325486
# lbfgs::iter 98_1 fx: 187.478 gnorm: 0.0160087
# lbfgs::iter 99_1 fx: 187.478 gnorm: 0.00798369
