# ---------------------------------------------------------------------------------------------
#                                GREMLIN_CPP v1.0                                              
# ---------------------------------------------------------------------------------------------
#   -i           /export/home/s5040933/scratch/project5/msa_files/final_msa/4pdb_I.a2m
#   -o           /export/home/s5040933/scratch/project5/msa_files/gremlin_output/4pdb_I.dca
# ---------------------------------------------------------------------------------------------
#   -only_neff   0
#   -only_v      0
#   -gap_cutoff  0.5
#   -alphabet    rna
#   -eff_cutoff  0.8
#   -lambda      0.01
# ---------------------------------------------------------------------------------------------
#   -min_type    lbfgs
#   -max_iter    100
# ---------------------------------------------------------------------------------------------
# SEQ GGGAUGCUCAGUGAUCCUUCGGGAUAUCAGGGCAUCCC
# CUT GGGAUGCUCAGUGAUCCUUCGGGAUAUCAGGGCAUCCC
# NC 38
# NEFF 2
# learning MRF ...
# lbfgs::iter S_S fx: 122.317 gnorm: 9.57079
# lbfgs::iter 0_1 fx: 121.362 gnorm: 9.52858
# lbfgs::iter 1_1 fx: 31.4312 gnorm: 0.662545
# lbfgs::iter 2_1 fx: 30.5729 gnorm: 0.37049
# lbfgs::iter 3_1 fx: 30.0873 gnorm: 0.103828
# lbfgs::iter 4_1 fx: 30.0365 gnorm: 0.0258504
# lbfgs::iter 5_1 fx: 30.0331 gnorm: 0.00642974
# lbfgs::iter 6_1 fx: 30.033 gnorm: 0.00343045
# lbfgs::iter 7_1 fx: 30.0329 gnorm: 5.55263e-05
# lbfgs::iter 8_1 fx: 30.0329 gnorm: 1.82674e-07
# lbfgs::iter 9_1 fx: 30.0329 gnorm: 1.57039e-09
# lbfgs::iter 10_1 fx: 30.0329 gnorm: 1.20394e-13
# lbfgs::iter 11_1 fx: 30.0329 gnorm: 2.67558e-15
# lbfgs::iter 12_1 fx: 30.0329 gnorm: 2.4475e-15
# lbfgs::iter 13_1 fx: 30.0329 gnorm: 1.07188e-14
# lbfgs::iter 14_1 fx: 30.0329 gnorm: 2.7016e-15
# lbfgs::iter 15_1 fx: 30.0329 gnorm: 2.37814e-15
# lbfgs::iter 16_1 fx: 30.0329 gnorm: 2.66654e-15
# lbfgs::iter 17_1 fx: 30.0329 gnorm: 2.69216e-15
# lbfgs::iter 18_1 fx: 30.0329 gnorm: 3.85244e-15
# lbfgs::iter 19_1 fx: 30.0329 gnorm: 2.52788e-15
# lbfgs::iter 20_1 fx: 30.0329 gnorm: 1.13694e-14
# lbfgs::iter 21_1 fx: 30.0329 gnorm: 2.4344e-15
# lbfgs::iter 22_1 fx: 30.0329 gnorm: 2.46444e-15
# lbfgs::iter 23_1 fx: 30.0329 gnorm: 2.23445e-15
# lbfgs::iter 24_1 fx: 30.0329 gnorm: 1.40754e-15
# lbfgs::iter 25_1 fx: 30.0329 gnorm: 1.30218e-15
# lbfgs::iter 26_1 fx: 30.0329 gnorm: 6.89689e-15
# lbfgs::iter 27_1 fx: 30.0329 gnorm: 2.89471e-15
# lbfgs::iter 28_1 fx: 30.0329 gnorm: 1.67635e-15
# lbfgs::iter 29_1 fx: 30.0329 gnorm: 2.76656e-15
# lbfgs::iter 30_1 fx: 30.0329 gnorm: 3.10108e-15
# lbfgs::iter 31_1 fx: 30.0329 gnorm: 1.93007e-15
# lbfgs::iter 32_1 fx: 30.0329 gnorm: 2.11139e-15
# lbfgs::iter 33_1 fx: 30.0329 gnorm: 2.28016e-15
# lbfgs::iter 34_1 fx: 30.0329 gnorm: 2.20171e-15
# lbfgs::iter 35_1 fx: 30.0329 gnorm: 1.07492e-14
# lbfgs::iter 36_1 fx: 30.0329 gnorm: 2.26464e-15
# lbfgs::iter 37_1 fx: 30.0329 gnorm: 1.23475e-15
# lbfgs::iter 38_1 fx: 30.0329 gnorm: 2.52583e-15
# lbfgs::iter 39_1 fx: 30.0329 gnorm: 1.03764e-15
# lbfgs::iter 40_1 fx: 30.0329 gnorm: 3.02285e-15
# lbfgs::iter 41_1 fx: 30.0329 gnorm: 2.23197e-15
# lbfgs::iter 42_1 fx: 30.0329 gnorm: 2.35311e-15
# lbfgs::iter 43_1 fx: 30.0329 gnorm: 3.02298e-15
# lbfgs::iter 44_1 fx: 30.0329 gnorm: 1.92043e-15
# lbfgs::iter 45_1 fx: 30.0329 gnorm: 2.20398e-15
# lbfgs::iter 46_1 fx: 30.0329 gnorm: 1.2015e-15
# lbfgs::iter 47_1 fx: 30.0329 gnorm: 2.19175e-15
# lbfgs::iter 48_1 fx: 30.0329 gnorm: 3.31973e-15
# lbfgs::iter 49_1 fx: 30.0329 gnorm: 2.60004e-15
# lbfgs::iter 50_1 fx: 30.0329 gnorm: 4.13546e-15
# lbfgs::iter 51_1 fx: 30.0329 gnorm: 1.44487e-15
# lbfgs::iter 52_1 fx: 30.0329 gnorm: 2.12956e-15
# lbfgs::iter 53_1 fx: 30.0329 gnorm: 1.23281e-15
# lbfgs::iter 54_1 fx: 30.0329 gnorm: 2.19147e-15
# lbfgs::iter 55_1 fx: 30.0329 gnorm: 3.31912e-15
# lbfgs::iter 56_1 fx: 30.0329 gnorm: 1.9553e-15
# lbfgs::iter 57_1 fx: 30.0329 gnorm: 1.28211e-15
# lbfgs::iter 58_1 fx: 30.0329 gnorm: 1.18131e-15
# lbfgs::iter 59_1 fx: 30.0329 gnorm: 6.21124e-15
# lbfgs::iter 60_1 fx: 30.0329 gnorm: 2.18292e-15
# lbfgs::iter 61_1 fx: 30.0329 gnorm: 2.9825e-15
# lbfgs::iter 62_1 fx: 30.0329 gnorm: 2.37861e-15
# lbfgs::iter 63_1 fx: 30.0329 gnorm: 5.11625e-15
# lbfgs::iter 64_1 fx: 30.0329 gnorm: 1.36456e-15
# lbfgs::iter 65_1 fx: 30.0329 gnorm: 2.0912e-15
# lbfgs::iter 66_1 fx: 30.0329 gnorm: 2.34654e-15
# lbfgs::iter 67_1 fx: 30.0329 gnorm: 1.22873e-15
# lbfgs::iter 68_1 fx: 30.0329 gnorm: 1.10411e-15
# lbfgs::iter 69_1 fx: 30.0329 gnorm: 1.15953e-14
# lbfgs::iter 70_1 fx: 30.0329 gnorm: 2.80776e-15
# lbfgs::iter 71_1 fx: 30.0329 gnorm: 2.23328e-15
# lbfgs::iter 72_1 fx: 30.0329 gnorm: 1.37813e-15
# lbfgs::iter 73_1 fx: 30.0329 gnorm: 2.20974e-15
# lbfgs::iter 74_1 fx: 30.0329 gnorm: 2.80062e-15
# lbfgs::iter 75_1 fx: 30.0329 gnorm: 2.27518e-15
# lbfgs::iter 76_1 fx: 30.0329 gnorm: 1.93845e-15
# lbfgs::iter 77_1 fx: 30.0329 gnorm: 9.68454e-15
# lbfgs::iter 78_1 fx: 30.0329 gnorm: 1.37769e-15
# lbfgs::iter 79_1 fx: 30.0329 gnorm: 1.07922e-15
# lbfgs::iter 80_1 fx: 30.0329 gnorm: 8.23546e-15
# lbfgs::iter 81_1 fx: 30.0329 gnorm: 3.39441e-15
# lbfgs::iter 82_1 fx: 30.0329 gnorm: 2.11723e-15
# lbfgs::iter 83_1 fx: 30.0329 gnorm: 1.59766e-15
# lbfgs::iter 84_1 fx: 30.0329 gnorm: 9.72697e-15
# lbfgs::iter 85_1 fx: 30.0329 gnorm: 1.21655e-15
# lbfgs::iter 86_1 fx: 30.0329 gnorm: 2.81245e-15
# lbfgs::iter 87_1 fx: 30.0329 gnorm: 2.08593e-15
# lbfgs::iter 88_1 fx: 30.0329 gnorm: 1.11457e-15
# lbfgs::iter 89_1 fx: 30.0329 gnorm: 2.26881e-15
# lbfgs::iter 90_1 fx: 30.0329 gnorm: 3.22461e-15
# lbfgs::iter 91_1 fx: 30.0329 gnorm: 2.12155e-15
# lbfgs::iter 92_1 fx: 30.0329 gnorm: 1.90876e-15
# lbfgs::iter 93_1 fx: 30.0329 gnorm: 1.1467e-15
# lbfgs::iter 94_1 fx: 30.0329 gnorm: 1.09258e-15
# lbfgs::iter 95_1 fx: 30.0329 gnorm: 5.79758e-15
# lbfgs::iter 96_1 fx: 30.0329 gnorm: 2.90062e-15
# lbfgs::iter 97_1 fx: 30.0329 gnorm: 1.77997e-15
# lbfgs::iter 98_1 fx: 30.0329 gnorm: 1.4736e-15
# lbfgs::iter 99_1 fx: 30.0329 gnorm: 1.08327e-14
# lbfgs::iter S_S fx: 30.0329 gnorm: 20.8014
# lbfgs::iter 0_1 fx: 28.0333 gnorm: 19.1927
# lbfgs::iter 1_1 fx: 15.4167 gnorm: 2.99413
# lbfgs::iter 2_1 fx: 14.9611 gnorm: 0.944855
# lbfgs::iter 3_1 fx: 14.8965 gnorm: 0.287777
# lbfgs::iter 4_1 fx: 14.884 gnorm: 0.293945
# lbfgs::iter 5_1 fx: 14.8333 gnorm: 0.561653
# lbfgs::iter 6_1 fx: 14.7345 gnorm: 0.975382
# lbfgs::iter 7_1 fx: 14.5211 gnorm: 1.455
# lbfgs::iter 8_1 fx: 14.2394 gnorm: 1.43445
# lbfgs::iter 9_3 fx: 14.2294 gnorm: 1.36713
# lbfgs::iter 10_1 fx: 14.0703 gnorm: 0.501196
# lbfgs::iter 11_1 fx: 14.0486 gnorm: 0.0393173
# lbfgs::iter 12_1 fx: 14.0482 gnorm: 0.0161641
# lbfgs::iter 13_1 fx: 14.0481 gnorm: 0.0238676
# lbfgs::iter 14_1 fx: 14.0479 gnorm: 0.0243368
# lbfgs::iter 15_2 fx: 14.0478 gnorm: 0.0652797
# lbfgs::iter 16_1 fx: 14.0467 gnorm: 0.0118953
# lbfgs::iter 17_1 fx: 14.0467 gnorm: 0.012174
# lbfgs::iter 18_1 fx: 14.0467 gnorm: 0.0146853
# lbfgs::iter 19_1 fx: 14.0467 gnorm: 0.000101807
# lbfgs::iter 20_1 fx: 14.0467 gnorm: 8.20423e-05
# lbfgs::iter 21_1 fx: 14.0467 gnorm: 6.8196e-05
# lbfgs::iter 22_1 fx: 14.0467 gnorm: 1.06437e-06
# lbfgs::iter 23_1 fx: 14.0467 gnorm: 4.01017e-07
# lbfgs::iter 24_1 fx: 14.0467 gnorm: 2.30451e-07
# lbfgs::iter 25_1 fx: 14.0467 gnorm: 1.16859e-07
# lbfgs::iter 26_1 fx: 14.0467 gnorm: 8.79338e-08
# lbfgs::iter 27_1 fx: 14.0467 gnorm: 9.30566e-08
# lbfgs::iter 28_1 fx: 14.0467 gnorm: 9.58689e-08
# lbfgs::iter 29_1 fx: 14.0467 gnorm: 7.9217e-07
# lbfgs::iter 30_1 fx: 14.0467 gnorm: 1.0347e-07
# lbfgs::iter 31_1 fx: 14.0467 gnorm: 6.68804e-08
# lbfgs::iter 32_1 fx: 14.0467 gnorm: 8.76028e-08
# lbfgs::iter 33_1 fx: 14.0467 gnorm: 1.42437e-07
# lbfgs::iter 34_1 fx: 14.0467 gnorm: 5.47868e-08
# lbfgs::iter 35_1 fx: 14.0467 gnorm: 5.46845e-09
# lbfgs::iter 36_1 fx: 14.0467 gnorm: 1.8023e-09
# lbfgs::iter 37_1 fx: 14.0467 gnorm: 1.71772e-09
# lbfgs::iter 38_1 fx: 14.0467 gnorm: 2.8523e-09
# lbfgs::iter 39_1 fx: 14.0467 gnorm: 4.40373e-09
# lbfgs::iter 40_1 fx: 14.0467 gnorm: 5.06512e-09
# lbfgs::iter 41_1 fx: 14.0467 gnorm: 1.60733e-08
# lbfgs::iter 42_1 fx: 14.0467 gnorm: 1.88203e-09
# lbfgs::iter 43_1 fx: 14.0467 gnorm: 7.86949e-10
# lbfgs::iter 44_1 fx: 14.0467 gnorm: 1.22882e-10
# lbfgs::iter 45_1 fx: 14.0467 gnorm: 1.17448e-10
# lbfgs::iter 46_1 fx: 14.0467 gnorm: 3.50493e-11
# lbfgs::iter 47_1 fx: 14.0467 gnorm: 2.32616e-11
# lbfgs::iter 48_1 fx: 14.0467 gnorm: 3.07616e-11
# lbfgs::iter 49_1 fx: 14.0467 gnorm: 5.17403e-11
# lbfgs::iter 50_1 fx: 14.0467 gnorm: 9.04714e-11
# lbfgs::iter 51_1 fx: 14.0467 gnorm: 1.24269e-10
# lbfgs::iter 52_1 fx: 14.0467 gnorm: 2.03291e-10
# lbfgs::iter 53_1 fx: 14.0467 gnorm: 6.25936e-11
# lbfgs::iter 54_1 fx: 14.0467 gnorm: 2.23903e-11
# lbfgs::iter 55_1 fx: 14.0467 gnorm: 9.5103e-12
# lbfgs::iter 56_1 fx: 14.0467 gnorm: 1.03182e-11
# lbfgs::iter 57_1 fx: 14.0467 gnorm: 1.33604e-11
# lbfgs::iter 58_1 fx: 14.0467 gnorm: 2.14077e-11
# lbfgs::iter 59_1 fx: 14.0467 gnorm: 2.32619e-11
# lbfgs::iter 60_1 fx: 14.0467 gnorm: 2.56419e-10
# lbfgs::iter 61_1 fx: 14.0467 gnorm: 1.87727e-11
# lbfgs::iter 62_1 fx: 14.0467 gnorm: 9.66598e-12
# lbfgs::iter 63_1 fx: 14.0467 gnorm: 4.71972e-12
# lbfgs::iter 64_1 fx: 14.0467 gnorm: 6.97403e-12
# lbfgs::iter 65_1 fx: 14.0467 gnorm: 8.44244e-12
# lbfgs::iter 66_1 fx: 14.0467 gnorm: 8.9335e-12
# lbfgs::iter 67_1 fx: 14.0467 gnorm: 1.31399e-10
# lbfgs::iter 68_1 fx: 14.0467 gnorm: 3.36035e-12
# lbfgs::iter 69_1 fx: 14.0467 gnorm: 1.25804e-12
# lbfgs::iter 70_1 fx: 14.0467 gnorm: 3.79104e-13
# lbfgs::iter 71_1 fx: 14.0467 gnorm: 3.41665e-13
# lbfgs::iter 72_1 fx: 14.0467 gnorm: 4.78064e-13
# lbfgs::iter 73_1 fx: 14.0467 gnorm: 8.88625e-13
# lbfgs::iter 74_1 fx: 14.0467 gnorm: 7.24137e-13
# lbfgs::iter 75_1 fx: 14.0467 gnorm: 7.16844e-13
# lbfgs::iter 76_1 fx: 14.0467 gnorm: 1.63344e-12
# lbfgs::iter 77_1 fx: 14.0467 gnorm: 2.08241e-13
# lbfgs::iter 78_1 fx: 14.0467 gnorm: 8.85008e-14
# lbfgs::iter 79_1 fx: 14.0467 gnorm: 6.16901e-14
# lbfgs::iter 80_1 fx: 14.0467 gnorm: 6.99749e-14
# lbfgs::iter 81_1 fx: 14.0467 gnorm: 8.35542e-14
# lbfgs::iter 82_1 fx: 14.0467 gnorm: 1.08365e-13
# lbfgs::iter 83_1 fx: 14.0467 gnorm: 1.93402e-13
# lbfgs::iter 84_1 fx: 14.0467 gnorm: 2.36651e-13
# lbfgs::iter 85_1 fx: 14.0467 gnorm: 1.15947e-13
# lbfgs::iter 86_1 fx: 14.0467 gnorm: 7.66139e-14
# lbfgs::iter 87_1 fx: 14.0467 gnorm: 3.04774e-14
# lbfgs::iter 88_1 fx: 14.0467 gnorm: 1.50727e-14
# lbfgs::iter 89_1 fx: 14.0467 gnorm: 1.59444e-14
# lbfgs::iter 90_1 fx: 14.0467 gnorm: 2.31058e-14
# lbfgs::iter 91_1 fx: 14.0467 gnorm: 2.00054e-14
# lbfgs::iter 92_1 fx: 14.0467 gnorm: 2.05259e-14
# lbfgs::iter 93_1 fx: 14.0467 gnorm: 2.78934e-14
# lbfgs::iter 94_1 fx: 14.0467 gnorm: 2.70192e-14
# lbfgs::iter 95_1 fx: 14.0467 gnorm: 3.31518e-14
# lbfgs::iter 96_1 fx: 14.0467 gnorm: 2.77278e-14
# lbfgs::iter 97_1 fx: 14.0467 gnorm: 1.57847e-14
# lbfgs::iter 98_1 fx: 14.0467 gnorm: 1.92163e-14
# lbfgs::iter 99_1 fx: 14.0467 gnorm: 1.56239e-14
