# ---------------------------------------------------------------------------------------------
#                                GREMLIN_CPP v1.0                                              
# ---------------------------------------------------------------------------------------------
#   -i           /export/home/s5040933/scratch/project5/msa_files/final_msa/4x4r_B.a2m
#   -o           /export/home/s5040933/scratch/project5/msa_files/gremlin_output/4x4r_B.dca
# ---------------------------------------------------------------------------------------------
#   -only_neff   0
#   -only_v      0
#   -gap_cutoff  0.5
#   -alphabet    rna
#   -eff_cutoff  0.8
#   -lambda      0.01
# ---------------------------------------------------------------------------------------------
#   -min_type    lbfgs
#   -max_iter    100
# ---------------------------------------------------------------------------------------------
# SEQ GGCCGCGGCAGGUUCGAGUCCUGCCGCGAUCGCCACC
# CUT GGCCGCGGCAGGUUCGAGUCCUGCCGCGAUCGCCACC
# NC 37
# NEFF 2.33333
# learning MRF ...
# lbfgs::iter S_S fx: 138.948 gnorm: 11.0449
# lbfgs::iter 0_1 fx: 137.846 gnorm: 10.9959
# lbfgs::iter 1_1 fx: 37.8086 gnorm: 1.48736
# lbfgs::iter 2_1 fx: 35.7815 gnorm: 0.934767
# lbfgs::iter 3_1 fx: 35.1826 gnorm: 0.412224
# lbfgs::iter 4_1 fx: 34.8874 gnorm: 0.298872
# lbfgs::iter 5_1 fx: 34.6927 gnorm: 0.154381
# lbfgs::iter 6_2 fx: 34.6832 gnorm: 0.123465
# lbfgs::iter 7_1 fx: 34.6551 gnorm: 0.0472218
# lbfgs::iter 8_1 fx: 34.6508 gnorm: 0.0521599
# lbfgs::iter 9_1 fx: 34.6474 gnorm: 0.0169329
# lbfgs::iter 10_1 fx: 34.647 gnorm: 0.0163124
# lbfgs::iter 11_1 fx: 34.6469 gnorm: 0.00657564
# lbfgs::iter 12_1 fx: 34.6468 gnorm: 0.0011936
# lbfgs::iter 13_1 fx: 34.6468 gnorm: 0.00103293
# lbfgs::iter 14_1 fx: 34.6468 gnorm: 0.000773777
# lbfgs::iter 15_1 fx: 34.6468 gnorm: 0.00319269
# lbfgs::iter 16_1 fx: 34.6468 gnorm: 0.000238899
# lbfgs::iter 17_1 fx: 34.6468 gnorm: 0.000168733
# lbfgs::iter 18_1 fx: 34.6468 gnorm: 0.000118089
# lbfgs::iter 19_1 fx: 34.6468 gnorm: 0.000243542
# lbfgs::iter 20_1 fx: 34.6468 gnorm: 1.7248e-05
# lbfgs::iter 21_1 fx: 34.6468 gnorm: 1.22316e-05
# lbfgs::iter 22_1 fx: 34.6468 gnorm: 1.18247e-05
# lbfgs::iter 23_1 fx: 34.6468 gnorm: 9.69424e-06
# lbfgs::iter 24_1 fx: 34.6468 gnorm: 1.0395e-05
# lbfgs::iter 25_1 fx: 34.6468 gnorm: 1.58203e-06
# lbfgs::iter 26_1 fx: 34.6468 gnorm: 1.15637e-06
# lbfgs::iter 27_1 fx: 34.6468 gnorm: 6.10047e-07
# lbfgs::iter 28_1 fx: 34.6468 gnorm: 1.01173e-06
# lbfgs::iter 29_1 fx: 34.6468 gnorm: 1.37675e-07
# lbfgs::iter 30_1 fx: 34.6468 gnorm: 1.11858e-07
# lbfgs::iter 31_1 fx: 34.6468 gnorm: 1.0681e-07
# lbfgs::iter 32_1 fx: 34.6468 gnorm: 1.24778e-07
# lbfgs::iter 33_1 fx: 34.6468 gnorm: 1.65899e-08
# lbfgs::iter 34_1 fx: 34.6468 gnorm: 1.21989e-08
# lbfgs::iter 35_1 fx: 34.6468 gnorm: 4.69345e-09
# lbfgs::iter 36_1 fx: 34.6468 gnorm: 6.06717e-09
# lbfgs::iter 37_1 fx: 34.6468 gnorm: 4.84839e-09
# lbfgs::iter 38_1 fx: 34.6468 gnorm: 1.59893e-09
# lbfgs::iter 39_1 fx: 34.6468 gnorm: 1.18995e-09
# lbfgs::iter 40_1 fx: 34.6468 gnorm: 1.01262e-09
# lbfgs::iter 41_1 fx: 34.6468 gnorm: 1.65795e-09
# lbfgs::iter 42_1 fx: 34.6468 gnorm: 2.21193e-10
# lbfgs::iter 43_1 fx: 34.6468 gnorm: 8.37277e-11
# lbfgs::iter 44_1 fx: 34.6468 gnorm: 4.05311e-11
# lbfgs::iter 45_1 fx: 34.6468 gnorm: 4.0937e-11
# lbfgs::iter 46_1 fx: 34.6468 gnorm: 3.32031e-11
# lbfgs::iter 47_1 fx: 34.6468 gnorm: 7.71282e-11
# lbfgs::iter 48_1 fx: 34.6468 gnorm: 8.47667e-12
# lbfgs::iter 49_1 fx: 34.6468 gnorm: 4.44379e-12
# lbfgs::iter 50_1 fx: 34.6468 gnorm: 3.7e-12
# lbfgs::iter 51_1 fx: 34.6468 gnorm: 2.9314e-12
# lbfgs::iter 52_1 fx: 34.6468 gnorm: 4.53207e-12
# lbfgs::iter 53_1 fx: 34.6468 gnorm: 4.18915e-13
# lbfgs::iter 54_1 fx: 34.6468 gnorm: 3.33697e-13
# lbfgs::iter 55_1 fx: 34.6468 gnorm: 2.85601e-13
# lbfgs::iter 56_1 fx: 34.6468 gnorm: 1.13952e-12
# lbfgs::iter 57_1 fx: 34.6468 gnorm: 6.01738e-14
# lbfgs::iter 58_1 fx: 34.6468 gnorm: 2.22813e-14
# lbfgs::iter 59_1 fx: 34.6468 gnorm: 1.72481e-14
# lbfgs::iter 60_1 fx: 34.6468 gnorm: 1.56861e-14
# lbfgs::iter 61_1 fx: 34.6468 gnorm: 3.73811e-14
# lbfgs::iter 62_1 fx: 34.6468 gnorm: 9.49461e-15
# lbfgs::iter 63_1 fx: 34.6468 gnorm: 4.04388e-15
# lbfgs::iter 64_1 fx: 34.6468 gnorm: 3.16477e-15
# lbfgs::iter 65_1 fx: 34.6468 gnorm: 3.115e-15
# lbfgs::iter 66_1 fx: 34.6468 gnorm: 4.7623e-15
# lbfgs::iter 67_1 fx: 34.6468 gnorm: 3.0548e-15
# lbfgs::iter 68_1 fx: 34.6468 gnorm: 2.54794e-15
# lbfgs::iter 69_1 fx: 34.6468 gnorm: 1.90548e-15
# lbfgs::iter 70_1 fx: 34.6468 gnorm: 1.81055e-15
# lbfgs::iter 71_1 fx: 34.6468 gnorm: 1.84418e-15
# lbfgs::iter 72_1 fx: 34.6468 gnorm: 1.91561e-15
# lbfgs::iter 73_1 fx: 34.6468 gnorm: 3.86374e-15
# lbfgs::iter 74_1 fx: 34.6468 gnorm: 1.8608e-15
# lbfgs::iter 75_1 fx: 34.6468 gnorm: 1.37868e-15
# lbfgs::iter 76_1 fx: 34.6468 gnorm: 1.41816e-15
# lbfgs::iter 77_1 fx: 34.6468 gnorm: 1.64567e-15
# lbfgs::iter 78_1 fx: 34.6468 gnorm: 1.59716e-15
# lbfgs::iter 79_1 fx: 34.6468 gnorm: 2.85418e-15
# lbfgs::iter 80_1 fx: 34.6468 gnorm: 1.25503e-15
# lbfgs::iter 81_1 fx: 34.6468 gnorm: 1.67355e-15
# lbfgs::iter 82_1 fx: 34.6468 gnorm: 1.37939e-15
# lbfgs::iter 83_1 fx: 34.6468 gnorm: 1.27329e-15
# lbfgs::iter 84_1 fx: 34.6468 gnorm: 1.30876e-15
# lbfgs::iter 85_1 fx: 34.6468 gnorm: 1.2909e-15
# lbfgs::iter 86_1 fx: 34.6468 gnorm: 1.30536e-15
# lbfgs::iter 87_1 fx: 34.6468 gnorm: 1.30719e-15
# lbfgs::iter 88_1 fx: 34.6468 gnorm: 1.61398e-15
# lbfgs::iter 89_1 fx: 34.6468 gnorm: 1.26741e-15
# lbfgs::iter 90_1 fx: 34.6468 gnorm: 1.26345e-15
# lbfgs::iter 91_1 fx: 34.6468 gnorm: 1.26253e-15
# lbfgs::iter 92_1 fx: 34.6468 gnorm: 1.23518e-15
# lbfgs::iter 93_1 fx: 34.6468 gnorm: 1.23518e-15
# lbfgs::iter 94_1 fx: 34.6468 gnorm: 1.3432e-15
# lbfgs::iter 95_1 fx: 34.6468 gnorm: 1.3432e-15
# lbfgs::iter 96_1 fx: 34.6468 gnorm: 1.63089e-15
# lbfgs::iter 97_1 fx: 34.6468 gnorm: 1.30381e-15
# lbfgs::iter 98_1 fx: 34.6468 gnorm: 1.26163e-15
# lbfgs::iter 99_1 fx: 34.6468 gnorm: 1.26163e-15
# lbfgs::iter S_S fx: 34.6468 gnorm: 15.4565
# lbfgs::iter 0_1 fx: 33.149 gnorm: 14.5048
# lbfgs::iter 1_1 fx: 21.7066 gnorm: 6.81529
# lbfgs::iter 2_1 fx: 21.6255 gnorm: 5.90516
# lbfgs::iter 3_1 fx: 20.6287 gnorm: 0.933547
# lbfgs::iter 4_1 fx: 20.5941 gnorm: 0.446317
# lbfgs::iter 5_1 fx: 20.5805 gnorm: 0.358991
# lbfgs::iter 6_1 fx: 20.548 gnorm: 0.631304
# lbfgs::iter 7_1 fx: 20.5239 gnorm: 0.701741
# lbfgs::iter 8_1 fx: 20.4959 gnorm: 0.650713
# lbfgs::iter 9_1 fx: 20.0181 gnorm: 1.26648
# lbfgs::iter 10_2 fx: 19.9622 gnorm: 0.944025
# lbfgs::iter 11_1 fx: 19.8569 gnorm: 0.730259
# lbfgs::iter 12_1 fx: 19.8229 gnorm: 0.443016
# lbfgs::iter 13_1 fx: 19.8221 gnorm: 0.507902
# lbfgs::iter 14_1 fx: 19.8161 gnorm: 0.121731
# lbfgs::iter 15_1 fx: 19.8153 gnorm: 0.0907928
# lbfgs::iter 16_1 fx: 19.8133 gnorm: 0.105671
# lbfgs::iter 17_1 fx: 19.8113 gnorm: 0.151218
# lbfgs::iter 18_1 fx: 19.8047 gnorm: 0.278267
# lbfgs::iter 19_1 fx: 19.7978 gnorm: 0.39391
# lbfgs::iter 20_1 fx: 19.7909 gnorm: 0.224187
# lbfgs::iter 21_1 fx: 19.7867 gnorm: 0.115885
# lbfgs::iter 22_1 fx: 19.7865 gnorm: 0.121475
# lbfgs::iter 23_1 fx: 19.7862 gnorm: 0.0360768
# lbfgs::iter 24_1 fx: 19.7861 gnorm: 0.0262389
# lbfgs::iter 25_1 fx: 19.786 gnorm: 0.0270165
# lbfgs::iter 26_1 fx: 19.7859 gnorm: 0.0327454
# lbfgs::iter 27_1 fx: 19.7856 gnorm: 0.0863305
# lbfgs::iter 28_1 fx: 19.7852 gnorm: 0.0566881
# lbfgs::iter 29_1 fx: 19.785 gnorm: 0.0379159
# lbfgs::iter 30_1 fx: 19.7848 gnorm: 0.0337282
# lbfgs::iter 31_1 fx: 19.7848 gnorm: 0.0664687
# lbfgs::iter 32_1 fx: 19.7847 gnorm: 0.0246329
# lbfgs::iter 33_1 fx: 19.7847 gnorm: 0.017834
# lbfgs::iter 34_1 fx: 19.7846 gnorm: 0.0268651
# lbfgs::iter 35_1 fx: 19.7845 gnorm: 0.0344078
# lbfgs::iter 36_1 fx: 19.7845 gnorm: 0.0985666
# lbfgs::iter 37_1 fx: 19.7842 gnorm: 0.0356331
# lbfgs::iter 38_1 fx: 19.7842 gnorm: 0.0201797
# lbfgs::iter 39_1 fx: 19.7841 gnorm: 0.0200769
# lbfgs::iter 40_1 fx: 19.784 gnorm: 0.0185814
# lbfgs::iter 41_1 fx: 19.7841 gnorm: 0.071599
# lbfgs::iter 42_1 fx: 19.784 gnorm: 0.0177701
# lbfgs::iter 43_1 fx: 19.7839 gnorm: 0.0127958
# lbfgs::iter 44_1 fx: 19.7839 gnorm: 0.0167491
# lbfgs::iter 45_1 fx: 19.7839 gnorm: 0.0188239
# lbfgs::iter 46_1 fx: 19.7839 gnorm: 0.0512622
# lbfgs::iter 47_1 fx: 19.7838 gnorm: 0.0151626
# lbfgs::iter 48_1 fx: 19.7838 gnorm: 0.00915944
# lbfgs::iter 49_1 fx: 19.7838 gnorm: 0.0131421
# lbfgs::iter 50_1 fx: 19.7838 gnorm: 0.0155701
# lbfgs::iter 51_1 fx: 19.7837 gnorm: 0.0255628
# lbfgs::iter 52_1 fx: 19.7837 gnorm: 0.015883
# lbfgs::iter 53_1 fx: 19.7837 gnorm: 0.00994548
# lbfgs::iter 54_1 fx: 19.7837 gnorm: 0.0115798
# lbfgs::iter 55_1 fx: 19.7837 gnorm: 0.0132553
# lbfgs::iter 56_1 fx: 19.7836 gnorm: 0.00900113
# lbfgs::iter 57_1 fx: 19.7836 gnorm: 0.00495837
# lbfgs::iter 58_1 fx: 19.7836 gnorm: 0.00404604
# lbfgs::iter 59_1 fx: 19.7836 gnorm: 0.00502692
# lbfgs::iter 60_1 fx: 19.7836 gnorm: 0.0109351
# lbfgs::iter 61_1 fx: 19.7836 gnorm: 0.0037652
# lbfgs::iter 62_1 fx: 19.7836 gnorm: 0.00312008
# lbfgs::iter 63_1 fx: 19.7836 gnorm: 0.00301183
# lbfgs::iter 64_1 fx: 19.7836 gnorm: 0.00549135
# lbfgs::iter 65_1 fx: 19.7836 gnorm: 0.00374295
# lbfgs::iter 66_1 fx: 19.7836 gnorm: 0.00664015
# lbfgs::iter 67_1 fx: 19.7836 gnorm: 0.00714082
# lbfgs::iter 68_1 fx: 19.7836 gnorm: 0.00984391
# lbfgs::iter 69_1 fx: 19.7836 gnorm: 0.00379081
# lbfgs::iter 70_1 fx: 19.7836 gnorm: 0.00205214
# lbfgs::iter 71_1 fx: 19.7836 gnorm: 0.00144606
# lbfgs::iter 72_1 fx: 19.7836 gnorm: 0.00208182
# lbfgs::iter 73_1 fx: 19.7836 gnorm: 0.00152971
# lbfgs::iter 74_1 fx: 19.7836 gnorm: 0.00105067
# lbfgs::iter 75_1 fx: 19.7836 gnorm: 0.00124053
# lbfgs::iter 76_1 fx: 19.7836 gnorm: 0.001708
# lbfgs::iter 77_1 fx: 19.7836 gnorm: 0.00148126
# lbfgs::iter 78_1 fx: 19.7836 gnorm: 0.000974608
# lbfgs::iter 79_1 fx: 19.7836 gnorm: 0.00128329
# lbfgs::iter 80_1 fx: 19.7836 gnorm: 0.000328149
# lbfgs::iter 81_1 fx: 19.7836 gnorm: 0.000234971
# lbfgs::iter 82_1 fx: 19.7836 gnorm: 0.000148777
# lbfgs::iter 83_1 fx: 19.7836 gnorm: 0.000222458
# lbfgs::iter 84_1 fx: 19.7836 gnorm: 0.000109373
# lbfgs::iter 85_1 fx: 19.7836 gnorm: 0.000116565
# lbfgs::iter 86_1 fx: 19.7836 gnorm: 0.000113963
# lbfgs::iter 87_1 fx: 19.7836 gnorm: 0.000239501
# lbfgs::iter 88_1 fx: 19.7836 gnorm: 0.000104894
# lbfgs::iter 89_1 fx: 19.7836 gnorm: 0.000100702
# lbfgs::iter 90_1 fx: 19.7836 gnorm: 0.000128152
# lbfgs::iter 91_1 fx: 19.7836 gnorm: 0.000152444
# lbfgs::iter 92_1 fx: 19.7836 gnorm: 0.000558348
# lbfgs::iter 93_1 fx: 19.7836 gnorm: 0.000106394
# lbfgs::iter 94_1 fx: 19.7836 gnorm: 6.40026e-05
# lbfgs::iter 95_1 fx: 19.7836 gnorm: 4.25681e-05
# lbfgs::iter 96_1 fx: 19.7836 gnorm: 8.14282e-05
# lbfgs::iter 97_1 fx: 19.7836 gnorm: 3.53077e-05
# lbfgs::iter 98_1 fx: 19.7836 gnorm: 3.49605e-05
# lbfgs::iter 99_1 fx: 19.7836 gnorm: 5.65741e-05
