# ---------------------------------------------------------------------------------------------
#                                GREMLIN_CPP v1.0                                              
# ---------------------------------------------------------------------------------------------
#   -i           /export/home/s5040933/scratch/project5/msa_files/final_msa/6c65_C.a2m
#   -o           /export/home/s5040933/scratch/project5/msa_files/gremlin_output/6c65_C.dca
# ---------------------------------------------------------------------------------------------
#   -only_neff   0
#   -only_v      0
#   -gap_cutoff  0.5
#   -alphabet    rna
#   -eff_cutoff  0.8
#   -lambda      0.01
# ---------------------------------------------------------------------------------------------
#   -min_type    lbfgs
#   -max_iter    100
# ---------------------------------------------------------------------------------------------
# SEQ CGUACGAAGGAGAGGAGAGGUAGAGGAGAGUACGG
# CUT CGUACGAAGGAGAGGAGAGGUAGAGGAGAGUACGG
# NC 35
# NEFF 4
# learning MRF ...
# lbfgs::iter S_S fx: 225.321 gnorm: 17.9444
# lbfgs::iter 0_1 fx: 223.531 gnorm: 17.8619
# lbfgs::iter 1_1 fx: 67.262 gnorm: 3.19586
# lbfgs::iter 2_1 fx: 60.4946 gnorm: 1.0668
# lbfgs::iter 3_1 fx: 59.4095 gnorm: 0.822971
# lbfgs::iter 4_1 fx: 58.2617 gnorm: 0.725666
# lbfgs::iter 5_1 fx: 58.0724 gnorm: 0.311107
# lbfgs::iter 6_1 fx: 58.039 gnorm: 0.0654508
# lbfgs::iter 7_1 fx: 58.0362 gnorm: 0.0495345
# lbfgs::iter 8_1 fx: 58.0314 gnorm: 0.0526863
# lbfgs::iter 9_1 fx: 58.0268 gnorm: 0.0266476
# lbfgs::iter 10_1 fx: 58.0258 gnorm: 0.00455626
# lbfgs::iter 11_1 fx: 58.0258 gnorm: 0.00134637
# lbfgs::iter 12_1 fx: 58.0258 gnorm: 0.0013386
# lbfgs::iter 13_1 fx: 58.0258 gnorm: 0.00184127
# lbfgs::iter 14_1 fx: 58.0258 gnorm: 0.00104229
# lbfgs::iter 15_1 fx: 58.0258 gnorm: 6.44603e-05
# lbfgs::iter 16_1 fx: 58.0258 gnorm: 5.16531e-05
# lbfgs::iter 17_1 fx: 58.0258 gnorm: 4.71023e-05
# lbfgs::iter 18_1 fx: 58.0258 gnorm: 4.63233e-05
# lbfgs::iter 19_1 fx: 58.0258 gnorm: 2.37546e-05
# lbfgs::iter 20_1 fx: 58.0258 gnorm: 5.26744e-06
# lbfgs::iter 21_1 fx: 58.0258 gnorm: 3.82809e-06
# lbfgs::iter 22_1 fx: 58.0258 gnorm: 1.91203e-05
# lbfgs::iter 23_1 fx: 58.0258 gnorm: 1.97001e-06
# lbfgs::iter 24_1 fx: 58.0258 gnorm: 1.27774e-06
# lbfgs::iter 25_1 fx: 58.0258 gnorm: 5.30624e-07
# lbfgs::iter 26_1 fx: 58.0258 gnorm: 9.72465e-07
# lbfgs::iter 27_1 fx: 58.0258 gnorm: 3.89775e-08
# lbfgs::iter 28_1 fx: 58.0258 gnorm: 3.70476e-08
# lbfgs::iter 29_1 fx: 58.0258 gnorm: 5.83192e-08
# lbfgs::iter 30_1 fx: 58.0258 gnorm: 4.37411e-08
# lbfgs::iter 31_1 fx: 58.0258 gnorm: 5.1159e-09
# lbfgs::iter 32_1 fx: 58.0258 gnorm: 4.58871e-09
# lbfgs::iter 33_1 fx: 58.0258 gnorm: 1.33868e-09
# lbfgs::iter 34_1 fx: 58.0258 gnorm: 8.89825e-09
# lbfgs::iter 35_1 fx: 58.0258 gnorm: 5.74541e-10
# lbfgs::iter 36_1 fx: 58.0258 gnorm: 2.97086e-10
# lbfgs::iter 37_1 fx: 58.0258 gnorm: 9.31848e-11
# lbfgs::iter 38_1 fx: 58.0258 gnorm: 7.48204e-11
# lbfgs::iter 39_1 fx: 58.0258 gnorm: 1.63118e-11
# lbfgs::iter 40_1 fx: 58.0258 gnorm: 3.2362e-12
# lbfgs::iter 41_1 fx: 58.0258 gnorm: 1.00694e-11
# lbfgs::iter 42_1 fx: 58.0258 gnorm: 1.59768e-12
# lbfgs::iter 43_1 fx: 58.0258 gnorm: 8.08326e-13
# lbfgs::iter 44_1 fx: 58.0258 gnorm: 6.31132e-13
# lbfgs::iter 45_1 fx: 58.0258 gnorm: 4.33171e-13
# lbfgs::iter 46_1 fx: 58.0258 gnorm: 1.74075e-12
# lbfgs::iter 47_1 fx: 58.0258 gnorm: 1.32968e-13
# lbfgs::iter 48_1 fx: 58.0258 gnorm: 6.93436e-14
# lbfgs::iter 49_1 fx: 58.0258 gnorm: 8.01109e-14
# lbfgs::iter 50_1 fx: 58.0258 gnorm: 2.64541e-14
# lbfgs::iter 51_1 fx: 58.0258 gnorm: 2.42514e-14
# lbfgs::iter 52_1 fx: 58.0258 gnorm: 2.54622e-14
# lbfgs::iter 53_1 fx: 58.0258 gnorm: 1.22925e-13
# lbfgs::iter 54_1 fx: 58.0258 gnorm: 1.16847e-14
# lbfgs::iter 55_1 fx: 58.0258 gnorm: 6.00795e-15
# lbfgs::iter 56_1 fx: 58.0258 gnorm: 1.02743e-14
# lbfgs::iter 57_1 fx: 58.0258 gnorm: 5.94763e-15
# lbfgs::iter 58_1 fx: 58.0258 gnorm: 6.30797e-15
# lbfgs::iter 59_1 fx: 58.0258 gnorm: 9.51395e-15
# lbfgs::iter 60_1 fx: 58.0258 gnorm: 8.45811e-15
# lbfgs::iter 61_1 fx: 58.0258 gnorm: 8.79321e-15
# lbfgs::iter 62_1 fx: 58.0258 gnorm: 5.37973e-15
# lbfgs::iter 63_1 fx: 58.0258 gnorm: 1.20062e-14
# lbfgs::iter 64_1 fx: 58.0258 gnorm: 8.74084e-15
# lbfgs::iter 65_1 fx: 58.0258 gnorm: 7.91171e-15
# lbfgs::iter 66_1 fx: 58.0258 gnorm: 5.54491e-15
# lbfgs::iter 67_1 fx: 58.0258 gnorm: 1.02341e-14
# lbfgs::iter 68_1 fx: 58.0258 gnorm: 8.58527e-15
# lbfgs::iter 69_1 fx: 58.0258 gnorm: 1.702e-14
# lbfgs::iter 70_1 fx: 58.0258 gnorm: 2.1343e-14
# lbfgs::iter 71_1 fx: 58.0258 gnorm: 1.00825e-14
# lbfgs::iter 72_1 fx: 58.0258 gnorm: 6.39403e-15
# lbfgs::iter 73_1 fx: 58.0258 gnorm: 6.14146e-15
# lbfgs::iter 74_1 fx: 58.0258 gnorm: 1.24818e-14
# lbfgs::iter 75_1 fx: 58.0258 gnorm: 9.01972e-15
# lbfgs::iter 76_1 fx: 58.0258 gnorm: 2.8195e-14
# lbfgs::iter 77_1 fx: 58.0258 gnorm: 1.38333e-14
# lbfgs::iter 78_1 fx: 58.0258 gnorm: 2.22777e-14
# lbfgs::iter 79_1 fx: 58.0258 gnorm: 5.1584e-15
# lbfgs::iter 80_1 fx: 58.0258 gnorm: 8.28412e-15
# lbfgs::iter 81_1 fx: 58.0258 gnorm: 5.01574e-15
# lbfgs::iter 82_1 fx: 58.0258 gnorm: 4.95447e-15
# lbfgs::iter 83_1 fx: 58.0258 gnorm: 5.10915e-14
# lbfgs::iter 84_1 fx: 58.0258 gnorm: 1.88641e-14
# lbfgs::iter 85_1 fx: 58.0258 gnorm: 1.06928e-13
# lbfgs::iter 86_1 fx: 58.0258 gnorm: 5.74296e-15
# lbfgs::iter 87_1 fx: 58.0258 gnorm: 9.16947e-15
# lbfgs::iter 88_1 fx: 58.0258 gnorm: 5.94724e-15
# lbfgs::iter 89_1 fx: 58.0258 gnorm: 6.99898e-15
# lbfgs::iter 90_1 fx: 58.0258 gnorm: 1.17392e-14
# lbfgs::iter 91_1 fx: 58.0258 gnorm: 8.05548e-15
# lbfgs::iter 92_1 fx: 58.0258 gnorm: 8.6494e-15
# lbfgs::iter 93_1 fx: 58.0258 gnorm: 5.4022e-15
# lbfgs::iter 94_1 fx: 58.0258 gnorm: 1.83427e-14
# lbfgs::iter 95_1 fx: 58.0258 gnorm: 1.12417e-14
# lbfgs::iter 96_1 fx: 58.0258 gnorm: 2.68085e-14
# lbfgs::iter 97_1 fx: 58.0258 gnorm: 8.86768e-15
# lbfgs::iter 98_1 fx: 58.0258 gnorm: 2.10155e-14
# lbfgs::iter 99_1 fx: 58.0258 gnorm: 8.81777e-15
# lbfgs::iter S_S fx: 58.0258 gnorm: 25.8038
# lbfgs::iter 0_1 fx: 55.5035 gnorm: 24.6421
# lbfgs::iter 1_1 fx: 30.3277 gnorm: 13.3607
# lbfgs::iter 2_1 fx: 29.759 gnorm: 9.97688
# lbfgs::iter 3_1 fx: 27.3788 gnorm: 1.91821
# lbfgs::iter 4_1 fx: 27.231 gnorm: 0.804241
# lbfgs::iter 5_1 fx: 27.2091 gnorm: 0.411785
# lbfgs::iter 6_1 fx: 27.1907 gnorm: 0.432606
# lbfgs::iter 7_1 fx: 27.1733 gnorm: 0.523752
# lbfgs::iter 8_1 fx: 27.1301 gnorm: 1.01662
# lbfgs::iter 9_1 fx: 27.0523 gnorm: 0.984253
# lbfgs::iter 10_1 fx: 26.8869 gnorm: 1.18514
# lbfgs::iter 11_1 fx: 26.7759 gnorm: 4.23862
# lbfgs::iter 12_1 fx: 26.3472 gnorm: 1.12073
# lbfgs::iter 13_1 fx: 26.2729 gnorm: 0.557248
# lbfgs::iter 14_1 fx: 26.2492 gnorm: 0.442238
# lbfgs::iter 15_2 fx: 26.2474 gnorm: 0.348486
# lbfgs::iter 16_1 fx: 26.2436 gnorm: 0.107758
# lbfgs::iter 17_1 fx: 26.243 gnorm: 0.105418
# lbfgs::iter 18_1 fx: 26.241 gnorm: 0.138846
# lbfgs::iter 19_1 fx: 26.239 gnorm: 0.21921
# lbfgs::iter 20_1 fx: 26.2361 gnorm: 0.171849
# lbfgs::iter 21_1 fx: 26.2274 gnorm: 0.29026
# lbfgs::iter 22_1 fx: 26.2208 gnorm: 0.310126
# lbfgs::iter 23_1 fx: 26.2198 gnorm: 0.440034
# lbfgs::iter 24_1 fx: 26.2154 gnorm: 0.0863037
# lbfgs::iter 25_1 fx: 26.215 gnorm: 0.0507489
# lbfgs::iter 26_1 fx: 26.2148 gnorm: 0.0345534
# lbfgs::iter 27_1 fx: 26.2148 gnorm: 0.066809
# lbfgs::iter 28_1 fx: 26.2147 gnorm: 0.0125724
# lbfgs::iter 29_1 fx: 26.2147 gnorm: 0.00842387
# lbfgs::iter 30_1 fx: 26.2147 gnorm: 0.00868329
# lbfgs::iter 31_1 fx: 26.2147 gnorm: 0.0105823
# lbfgs::iter 32_1 fx: 26.2147 gnorm: 0.0195298
# lbfgs::iter 33_1 fx: 26.2146 gnorm: 0.0158557
# lbfgs::iter 34_1 fx: 26.2146 gnorm: 0.0210082
# lbfgs::iter 35_1 fx: 26.2145 gnorm: 0.0355795
# lbfgs::iter 36_1 fx: 26.2145 gnorm: 0.0493993
# lbfgs::iter 37_1 fx: 26.2144 gnorm: 0.0153281
# lbfgs::iter 38_1 fx: 26.2144 gnorm: 0.00778125
# lbfgs::iter 39_1 fx: 26.2144 gnorm: 0.00601814
# lbfgs::iter 40_1 fx: 26.2144 gnorm: 0.0150154
# lbfgs::iter 41_1 fx: 26.2144 gnorm: 0.00393939
# lbfgs::iter 42_1 fx: 26.2144 gnorm: 0.00314385
# lbfgs::iter 43_1 fx: 26.2144 gnorm: 0.00429225
# lbfgs::iter 44_1 fx: 26.2144 gnorm: 0.00629032
# lbfgs::iter 45_1 fx: 26.2144 gnorm: 0.0103445
# lbfgs::iter 46_1 fx: 26.2144 gnorm: 0.0111077
# lbfgs::iter 47_1 fx: 26.2144 gnorm: 0.00621275
# lbfgs::iter 48_1 fx: 26.2144 gnorm: 0.00414716
# lbfgs::iter 49_1 fx: 26.2144 gnorm: 0.00655892
# lbfgs::iter 50_1 fx: 26.2144 gnorm: 0.00244742
# lbfgs::iter 51_1 fx: 26.2144 gnorm: 0.00153079
# lbfgs::iter 52_1 fx: 26.2144 gnorm: 0.00142094
# lbfgs::iter 53_1 fx: 26.2144 gnorm: 0.00287469
# lbfgs::iter 54_1 fx: 26.2144 gnorm: 0.00180326
# lbfgs::iter 55_1 fx: 26.2144 gnorm: 0.00153122
# lbfgs::iter 56_1 fx: 26.2144 gnorm: 0.00172099
# lbfgs::iter 57_1 fx: 26.2144 gnorm: 0.00508951
# lbfgs::iter 58_1 fx: 26.2144 gnorm: 0.00136346
# lbfgs::iter 59_1 fx: 26.2144 gnorm: 0.000977336
# lbfgs::iter 60_1 fx: 26.2144 gnorm: 0.00112404
# lbfgs::iter 61_1 fx: 26.2144 gnorm: 0.00148559
# lbfgs::iter 62_1 fx: 26.2144 gnorm: 0.00162741
# lbfgs::iter 63_1 fx: 26.2144 gnorm: 0.000946038
# lbfgs::iter 64_1 fx: 26.2144 gnorm: 0.00124723
# lbfgs::iter 65_1 fx: 26.2144 gnorm: 0.00145511
# lbfgs::iter 66_1 fx: 26.2144 gnorm: 0.00285061
# lbfgs::iter 67_1 fx: 26.2144 gnorm: 0.00161237
# lbfgs::iter 68_1 fx: 26.2144 gnorm: 0.00160217
# lbfgs::iter 69_1 fx: 26.2144 gnorm: 0.00144887
# lbfgs::iter 70_1 fx: 26.2144 gnorm: 0.00518582
# lbfgs::iter 71_1 fx: 26.2144 gnorm: 0.000742378
# lbfgs::iter 72_1 fx: 26.2144 gnorm: 0.000537066
# lbfgs::iter 73_1 fx: 26.2144 gnorm: 0.000616586
# lbfgs::iter 74_1 fx: 26.2144 gnorm: 0.00107887
# lbfgs::iter 75_1 fx: 26.2144 gnorm: 0.000917612
# lbfgs::iter 76_1 fx: 26.2144 gnorm: 0.00089863
# lbfgs::iter 77_1 fx: 26.2144 gnorm: 0.00384655
# lbfgs::iter 78_1 fx: 26.2144 gnorm: 0.00060941
# lbfgs::iter 79_1 fx: 26.2144 gnorm: 0.000270402
# lbfgs::iter 80_1 fx: 26.2144 gnorm: 0.000347798
# lbfgs::iter 81_1 fx: 26.2144 gnorm: 0.00113821
# lbfgs::iter 82_1 fx: 26.2144 gnorm: 0.000463923
# lbfgs::iter 83_1 fx: 26.2144 gnorm: 0.000311431
# lbfgs::iter 84_1 fx: 26.2144 gnorm: 0.000539132
# lbfgs::iter 85_1 fx: 26.2144 gnorm: 0.000651309
# lbfgs::iter 86_1 fx: 26.2144 gnorm: 0.00305984
# lbfgs::iter 87_1 fx: 26.2144 gnorm: 0.00035129
# lbfgs::iter 88_1 fx: 26.2144 gnorm: 0.000195825
# lbfgs::iter 89_1 fx: 26.2144 gnorm: 0.000142072
# lbfgs::iter 90_1 fx: 26.2144 gnorm: 0.000300705
# lbfgs::iter 91_1 fx: 26.2144 gnorm: 0.000112134
# lbfgs::iter 92_1 fx: 26.2144 gnorm: 7.49793e-05
# lbfgs::iter 93_1 fx: 26.2144 gnorm: 9.7322e-05
# lbfgs::iter 94_1 fx: 26.2144 gnorm: 0.000160554
# lbfgs::iter 95_1 fx: 26.2144 gnorm: 0.000243356
# lbfgs::iter 96_1 fx: 26.2144 gnorm: 0.000306029
# lbfgs::iter 97_1 fx: 26.2144 gnorm: 0.000165903
# lbfgs::iter 98_1 fx: 26.2144 gnorm: 0.000107355
# lbfgs::iter 99_1 fx: 26.2144 gnorm: 7.40625e-05
