# ---------------------------------------------------------------------------------------------
#                                GREMLIN_CPP v1.0                                              
# ---------------------------------------------------------------------------------------------
#   -i           /export/home/s5040933/scratch/project5/msa_files/final_msa/6cf2_G.a2m
#   -o           /export/home/s5040933/scratch/project5/msa_files/gremlin_output/6cf2_G.dca
# ---------------------------------------------------------------------------------------------
#   -only_neff   0
#   -only_v      0
#   -gap_cutoff  0.5
#   -alphabet    rna
#   -eff_cutoff  0.8
#   -lambda      0.01
# ---------------------------------------------------------------------------------------------
#   -min_type    lbfgs
#   -max_iter    100
# ---------------------------------------------------------------------------------------------
# SEQ GGCUGGACUCGUACUUCGGUACUGGAGAAACAGCC
# CUT GGCUGGACUCGUACUUCGGUACUGGAGAAACAGCC
# NC 35
# NEFF 2
# learning MRF ...
# lbfgs::iter S_S fx: 112.661 gnorm: 9.59166
# lbfgs::iter 0_1 fx: 111.704 gnorm: 9.54944
# lbfgs::iter 1_1 fx: 23.3554 gnorm: 0.541645
# lbfgs::iter 2_1 fx: 22.793 gnorm: 0.308718
# lbfgs::iter 3_1 fx: 22.4573 gnorm: 0.0864395
# lbfgs::iter 4_1 fx: 22.4223 gnorm: 0.0222175
# lbfgs::iter 5_1 fx: 22.4199 gnorm: 0.00649256
# lbfgs::iter 6_1 fx: 22.4198 gnorm: 0.00386991
# lbfgs::iter 7_1 fx: 22.4197 gnorm: 4.98644e-05
# lbfgs::iter 8_1 fx: 22.4197 gnorm: 1.59093e-07
# lbfgs::iter 9_1 fx: 22.4197 gnorm: 1.01205e-09
# lbfgs::iter 10_1 fx: 22.4197 gnorm: 5.68815e-13
# lbfgs::iter 11_1 fx: 22.4197 gnorm: 1.76754e-15
# lbfgs::iter 12_1 fx: 22.4197 gnorm: 3.24591e-15
# lbfgs::iter 13_1 fx: 22.4197 gnorm: 1.54877e-15
# lbfgs::iter 14_1 fx: 22.4197 gnorm: 2.33366e-15
# lbfgs::iter 15_1 fx: 22.4197 gnorm: 2.0885e-15
# lbfgs::iter 16_1 fx: 22.4197 gnorm: 2.12957e-15
# lbfgs::iter 17_1 fx: 22.4197 gnorm: 2.92924e-15
# lbfgs::iter 18_1 fx: 22.4197 gnorm: 2.44281e-15
# lbfgs::iter 19_1 fx: 22.4197 gnorm: 8.17585e-15
# lbfgs::iter 20_1 fx: 22.4197 gnorm: 2.24174e-15
# lbfgs::iter 21_1 fx: 22.4197 gnorm: 3.05402e-15
# lbfgs::iter 22_1 fx: 22.4197 gnorm: 2.22425e-15
# lbfgs::iter 23_1 fx: 22.4197 gnorm: 2.4689e-15
# lbfgs::iter 24_1 fx: 22.4197 gnorm: 1.5149e-15
# lbfgs::iter 25_1 fx: 22.4197 gnorm: 1.36938e-15
# lbfgs::iter 26_1 fx: 22.4197 gnorm: 9.60508e-15
# lbfgs::iter 27_1 fx: 22.4197 gnorm: 1.96316e-15
# lbfgs::iter 28_1 fx: 22.4197 gnorm: 3.10903e-15
# lbfgs::iter 29_1 fx: 22.4197 gnorm: 2.33775e-15
# lbfgs::iter 30_1 fx: 22.4197 gnorm: 1.53518e-15
# lbfgs::iter 31_1 fx: 22.4197 gnorm: 2.13253e-15
# lbfgs::iter 32_1 fx: 22.4197 gnorm: 2.18551e-15
# lbfgs::iter 33_1 fx: 22.4197 gnorm: 2.3167e-15
# lbfgs::iter 34_1 fx: 22.4197 gnorm: 2.73871e-15
# lbfgs::iter 35_1 fx: 22.4197 gnorm: 1.38942e-15
# lbfgs::iter 36_1 fx: 22.4197 gnorm: 2.20407e-15
# lbfgs::iter 37_1 fx: 22.4197 gnorm: 3.24566e-15
# lbfgs::iter 38_1 fx: 22.4197 gnorm: 2.30195e-15
# lbfgs::iter 39_1 fx: 22.4197 gnorm: 6.49026e-15
# lbfgs::iter 40_1 fx: 22.4197 gnorm: 2.27562e-15
# lbfgs::iter 41_1 fx: 22.4197 gnorm: 3.04019e-15
# lbfgs::iter 42_1 fx: 22.4197 gnorm: 1.69379e-15
# lbfgs::iter 43_1 fx: 22.4197 gnorm: 1.46835e-15
# lbfgs::iter 44_1 fx: 22.4197 gnorm: 5.98313e-15
# lbfgs::iter 45_1 fx: 22.4197 gnorm: 3.23691e-15
# lbfgs::iter 46_1 fx: 22.4197 gnorm: 6.51124e-15
# lbfgs::iter 47_1 fx: 22.4197 gnorm: 1.68611e-15
# lbfgs::iter 48_1 fx: 22.4197 gnorm: 2.2308e-15
# lbfgs::iter 49_1 fx: 22.4197 gnorm: 3.80743e-15
# lbfgs::iter 50_1 fx: 22.4197 gnorm: 2.82832e-15
# lbfgs::iter 51_1 fx: 22.4197 gnorm: 1.15563e-14
# lbfgs::iter 52_1 fx: 22.4197 gnorm: 1.68119e-15
# lbfgs::iter 53_1 fx: 22.4197 gnorm: 2.2304e-15
# lbfgs::iter 54_1 fx: 22.4197 gnorm: 2.25252e-15
# lbfgs::iter 55_1 fx: 22.4197 gnorm: 2.13092e-15
# lbfgs::iter 56_1 fx: 22.4197 gnorm: 2.03901e-15
# lbfgs::iter 57_1 fx: 22.4197 gnorm: 1.38881e-15
# lbfgs::iter 58_1 fx: 22.4197 gnorm: 2.2212e-15
# lbfgs::iter 59_1 fx: 22.4197 gnorm: 2.18958e-15
# lbfgs::iter 60_1 fx: 22.4197 gnorm: 1.24758e-14
# lbfgs::iter 61_1 fx: 22.4197 gnorm: 3.02402e-15
# lbfgs::iter 62_1 fx: 22.4197 gnorm: 1.99856e-15
# lbfgs::iter 63_1 fx: 22.4197 gnorm: 1.56476e-15
# lbfgs::iter 64_1 fx: 22.4197 gnorm: 1.0355e-14
# lbfgs::iter 65_1 fx: 22.4197 gnorm: 2.24467e-15
# lbfgs::iter 66_1 fx: 22.4197 gnorm: 2.59202e-15
# lbfgs::iter 67_1 fx: 22.4197 gnorm: 1.37874e-15
# lbfgs::iter 68_1 fx: 22.4197 gnorm: 2.07132e-15
# lbfgs::iter 69_1 fx: 22.4197 gnorm: 2.43713e-15
# lbfgs::iter 70_1 fx: 22.4197 gnorm: 2.83598e-15
# lbfgs::iter 71_1 fx: 22.4197 gnorm: 1.24643e-15
# lbfgs::iter 72_1 fx: 22.4197 gnorm: 1.93322e-15
# lbfgs::iter 73_1 fx: 22.4197 gnorm: 2.85688e-15
# lbfgs::iter 74_1 fx: 22.4197 gnorm: 1.10589e-15
# lbfgs::iter 75_1 fx: 22.4197 gnorm: 3.12706e-15
# lbfgs::iter 76_1 fx: 22.4197 gnorm: 2.40634e-15
# lbfgs::iter 77_1 fx: 22.4197 gnorm: 2.85964e-15
# lbfgs::iter 78_1 fx: 22.4197 gnorm: 2.71265e-15
# lbfgs::iter 79_1 fx: 22.4197 gnorm: 9.90439e-15
# lbfgs::iter 80_1 fx: 22.4197 gnorm: 2.23251e-15
# lbfgs::iter 81_1 fx: 22.4197 gnorm: 2.61083e-15
# lbfgs::iter 82_1 fx: 22.4197 gnorm: 3.20595e-15
# lbfgs::iter 83_1 fx: 22.4197 gnorm: 1.39378e-15
# lbfgs::iter 84_1 fx: 22.4197 gnorm: 1.98708e-15
# lbfgs::iter 85_1 fx: 22.4197 gnorm: 2.56134e-14
# lbfgs::iter 86_1 fx: 22.4197 gnorm: 3.47771e-15
# lbfgs::iter 87_1 fx: 22.4197 gnorm: 1.80487e-15
# lbfgs::iter 88_1 fx: 22.4197 gnorm: 1.51783e-15
# lbfgs::iter 89_1 fx: 22.4197 gnorm: 2.16901e-14
# lbfgs::iter 90_1 fx: 22.4197 gnorm: 2.88575e-15
# lbfgs::iter 91_1 fx: 22.4197 gnorm: 2.644e-15
# lbfgs::iter 92_1 fx: 22.4197 gnorm: 1.73424e-15
# lbfgs::iter 93_1 fx: 22.4197 gnorm: 2.46527e-15
# lbfgs::iter 94_1 fx: 22.4197 gnorm: 2.07902e-15
# lbfgs::iter 95_1 fx: 22.4197 gnorm: 1.42192e-15
# lbfgs::iter 96_1 fx: 22.4197 gnorm: 2.18178e-15
# lbfgs::iter 97_1 fx: 22.4197 gnorm: 3.19775e-15
# lbfgs::iter 98_1 fx: 22.4197 gnorm: 1.21049e-15
# lbfgs::iter 99_1 fx: 22.4197 gnorm: 1.15303e-15
# lbfgs::iter S_S fx: 22.4197 gnorm: 13.8492
# lbfgs::iter 0_1 fx: 21.0902 gnorm: 12.7423
# lbfgs::iter 1_1 fx: 13.1348 gnorm: 1.6366
# lbfgs::iter 2_1 fx: 12.9498 gnorm: 0.465514
# lbfgs::iter 3_1 fx: 12.9249 gnorm: 0.26636
# lbfgs::iter 4_1 fx: 12.9075 gnorm: 0.329719
# lbfgs::iter 5_1 fx: 12.8364 gnorm: 0.689453
# lbfgs::iter 6_1 fx: 12.7043 gnorm: 1.11881
# lbfgs::iter 7_1 fx: 12.4611 gnorm: 1.42415
# lbfgs::iter 8_1 fx: 12.2409 gnorm: 1.04725
# lbfgs::iter 9_2 fx: 12.2158 gnorm: 0.920033
# lbfgs::iter 10_1 fx: 12.1466 gnorm: 0.0863244
# lbfgs::iter 11_1 fx: 12.1447 gnorm: 0.0127061
# lbfgs::iter 12_1 fx: 12.1447 gnorm: 0.0108776
# lbfgs::iter 13_1 fx: 12.1447 gnorm: 0.0112504
# lbfgs::iter 14_1 fx: 12.1444 gnorm: 0.0197186
# lbfgs::iter 15_1 fx: 12.1442 gnorm: 0.0283196
# lbfgs::iter 16_2 fx: 12.1442 gnorm: 0.0207787
# lbfgs::iter 17_1 fx: 12.1441 gnorm: 0.01698
# lbfgs::iter 18_1 fx: 12.1442 gnorm: 0.0525304
# lbfgs::iter 19_1 fx: 12.1441 gnorm: 0.00344019
# lbfgs::iter 20_1 fx: 12.1441 gnorm: 0.00238425
# lbfgs::iter 21_1 fx: 12.1441 gnorm: 0.000536847
# lbfgs::iter 22_1 fx: 12.1441 gnorm: 0.000569907
# lbfgs::iter 23_1 fx: 12.1441 gnorm: 0.000207793
# lbfgs::iter 24_1 fx: 12.1441 gnorm: 0.000137969
# lbfgs::iter 25_1 fx: 12.1441 gnorm: 8.96988e-07
# lbfgs::iter 26_1 fx: 12.1441 gnorm: 3.85678e-07
# lbfgs::iter 27_1 fx: 12.1441 gnorm: 2.46834e-07
# lbfgs::iter 28_1 fx: 12.1441 gnorm: 1.9244e-07
# lbfgs::iter 29_1 fx: 12.1441 gnorm: 2.40211e-07
# lbfgs::iter 30_1 fx: 12.1441 gnorm: 3.54851e-07
# lbfgs::iter 31_1 fx: 12.1441 gnorm: 4.14627e-07
# lbfgs::iter 32_1 fx: 12.1441 gnorm: 2.56571e-06
# lbfgs::iter 33_1 fx: 12.1441 gnorm: 1.92902e-07
# lbfgs::iter 34_1 fx: 12.1441 gnorm: 1.0967e-07
# lbfgs::iter 35_1 fx: 12.1441 gnorm: 2.39203e-07
# lbfgs::iter 36_1 fx: 12.1441 gnorm: 5.56109e-07
# lbfgs::iter 37_1 fx: 12.1441 gnorm: 3.63611e-07
# lbfgs::iter 38_1 fx: 12.1441 gnorm: 1.08218e-07
# lbfgs::iter 39_1 fx: 12.1441 gnorm: 1.95454e-08
# lbfgs::iter 40_1 fx: 12.1441 gnorm: 2.14036e-08
# lbfgs::iter 41_1 fx: 12.1441 gnorm: 3.92809e-09
# lbfgs::iter 42_1 fx: 12.1441 gnorm: 3.03447e-09
# lbfgs::iter 43_1 fx: 12.1441 gnorm: 4.44906e-09
# lbfgs::iter 44_1 fx: 12.1441 gnorm: 6.04406e-09
# lbfgs::iter 45_1 fx: 12.1441 gnorm: 7.7987e-09
# lbfgs::iter 46_1 fx: 12.1441 gnorm: 1.73599e-08
# lbfgs::iter 47_1 fx: 12.1441 gnorm: 2.46274e-09
# lbfgs::iter 48_1 fx: 12.1441 gnorm: 2.39682e-09
# lbfgs::iter 49_1 fx: 12.1441 gnorm: 6.78779e-09
# lbfgs::iter 50_1 fx: 12.1441 gnorm: 9.66918e-09
# lbfgs::iter 51_1 fx: 12.1441 gnorm: 6.90409e-09
# lbfgs::iter 52_1 fx: 12.1441 gnorm: 3.12178e-09
# lbfgs::iter 53_1 fx: 12.1441 gnorm: 4.55067e-09
# lbfgs::iter 54_1 fx: 12.1441 gnorm: 6.92218e-10
# lbfgs::iter 55_1 fx: 12.1441 gnorm: 5.98897e-10
# lbfgs::iter 56_1 fx: 12.1441 gnorm: 1.02829e-09
# lbfgs::iter 57_1 fx: 12.1441 gnorm: 1.58292e-09
# lbfgs::iter 58_1 fx: 12.1441 gnorm: 1.78903e-09
# lbfgs::iter 59_1 fx: 12.1441 gnorm: 4.3844e-09
# lbfgs::iter 60_1 fx: 12.1441 gnorm: 8.24913e-10
# lbfgs::iter 61_1 fx: 12.1441 gnorm: 3.87167e-10
# lbfgs::iter 62_1 fx: 12.1441 gnorm: 4.10844e-10
# lbfgs::iter 63_1 fx: 12.1441 gnorm: 7.33412e-10
# lbfgs::iter 64_1 fx: 12.1441 gnorm: 4.25922e-10
# lbfgs::iter 65_1 fx: 12.1441 gnorm: 4.13546e-10
# lbfgs::iter 66_1 fx: 12.1441 gnorm: 5.00945e-10
# lbfgs::iter 67_1 fx: 12.1441 gnorm: 6.27811e-10
# lbfgs::iter 68_1 fx: 12.1441 gnorm: 5.49102e-10
# lbfgs::iter 69_1 fx: 12.1441 gnorm: 1.11884e-10
# lbfgs::iter 70_1 fx: 12.1441 gnorm: 9.99838e-11
# lbfgs::iter 71_1 fx: 12.1441 gnorm: 2.22763e-10
# lbfgs::iter 72_1 fx: 12.1441 gnorm: 2.88117e-10
# lbfgs::iter 73_1 fx: 12.1441 gnorm: 4.68251e-10
# lbfgs::iter 74_1 fx: 12.1441 gnorm: 4.84863e-10
# lbfgs::iter 75_1 fx: 12.1441 gnorm: 1.00242e-10
# lbfgs::iter 76_1 fx: 12.1441 gnorm: 5.76727e-11
# lbfgs::iter 77_1 fx: 12.1441 gnorm: 6.36488e-11
# lbfgs::iter 78_1 fx: 12.1441 gnorm: 7.41393e-11
# lbfgs::iter 79_1 fx: 12.1441 gnorm: 1.74114e-10
# lbfgs::iter 80_1 fx: 12.1441 gnorm: 1.03151e-10
# lbfgs::iter 81_1 fx: 12.1441 gnorm: 1.07724e-10
# lbfgs::iter 82_1 fx: 12.1441 gnorm: 1.22328e-10
# lbfgs::iter 83_1 fx: 12.1441 gnorm: 2.61735e-10
# lbfgs::iter 84_1 fx: 12.1441 gnorm: 5.63e-11
# lbfgs::iter 85_1 fx: 12.1441 gnorm: 3.70416e-11
# lbfgs::iter 86_1 fx: 12.1441 gnorm: 5.9954e-11
# lbfgs::iter 87_1 fx: 12.1441 gnorm: 9.2029e-11
# lbfgs::iter 88_1 fx: 12.1441 gnorm: 1.32566e-10
# lbfgs::iter 89_1 fx: 12.1441 gnorm: 1.77823e-10
# lbfgs::iter 90_1 fx: 12.1441 gnorm: 6.0207e-11
# lbfgs::iter 91_1 fx: 12.1441 gnorm: 2.47596e-11
# lbfgs::iter 92_1 fx: 12.1441 gnorm: 1.76042e-11
# lbfgs::iter 93_1 fx: 12.1441 gnorm: 2.93967e-11
# lbfgs::iter 94_1 fx: 12.1441 gnorm: 1.22214e-11
# lbfgs::iter 95_1 fx: 12.1441 gnorm: 8.11403e-12
# lbfgs::iter 96_1 fx: 12.1441 gnorm: 1.25162e-11
# lbfgs::iter 97_1 fx: 12.1441 gnorm: 1.50545e-11
# lbfgs::iter 98_1 fx: 12.1441 gnorm: 7.35436e-11
# lbfgs::iter 99_1 fx: 12.1441 gnorm: 6.97255e-12
