# ---------------------------------------------------------------------------------------------
#                                GREMLIN_CPP v1.0                                              
# ---------------------------------------------------------------------------------------------
#   -i           add_inf_a2m/6vff_C.a2m
#   -o           cmp_others/gremlin_output/6vff_C.dca
# ---------------------------------------------------------------------------------------------
#   -only_neff   0
#   -only_v      0
#   -gap_cutoff  0.5
#   -alphabet    rna
#   -eff_cutoff  0.8
#   -lambda      0.01
# ---------------------------------------------------------------------------------------------
#   -min_type    lbfgs
#   -max_iter    100
# ---------------------------------------------------------------------------------------------
# removing 2 out of 32 positions with >= 50% gaps!
# SEQ GCUCGCGAUGCU-GAGGGCUCUGAUAGCUACG
# CUT GCUCGCGAUGCU-GAGGGCUCUGAUAGCUAC-
# NC 30
# NEFF 1
# learning MRF ...
# lbfgs::iter S_S fx: 48.2831 gnorm: 4.89898
# lbfgs::iter 0_1 fx: 47.7943 gnorm: 4.87686
# lbfgs::iter 1_1 fx: 6.18258 gnorm: 0.187371
# lbfgs::iter 2_1 fx: 6.05391 gnorm: 0.127034
# lbfgs::iter 3_1 fx: 5.96069 gnorm: 0.0245085
# lbfgs::iter 4_1 fx: 5.95766 gnorm: 0.00253161
# lbfgs::iter 5_1 fx: 5.95763 gnorm: 4.45774e-05
# lbfgs::iter 6_1 fx: 5.95763 gnorm: 8.29701e-08
# lbfgs::iter 7_1 fx: 5.95763 gnorm: 2.71343e-12
# lbfgs::iter 8_1 fx: 5.95763 gnorm: 1.04522e-15
# lbfgs::iter 9_1 fx: 5.95763 gnorm: 1.09168e-15
# lbfgs::iter 10_1 fx: 5.95763 gnorm: 1.08487e-15
# lbfgs::iter 11_1 fx: 5.95763 gnorm: 9.53839e-16
# lbfgs::iter 12_1 fx: 5.95763 gnorm: 9.3765e-16
# lbfgs::iter 13_1 fx: 5.95763 gnorm: 1.2906e-15
# lbfgs::iter 14_1 fx: 5.95763 gnorm: 1.06507e-15
# lbfgs::iter 15_1 fx: 5.95763 gnorm: 3.62356e-15
# lbfgs::iter 16_1 fx: 5.95763 gnorm: 8.94122e-16
# lbfgs::iter 17_1 fx: 5.95763 gnorm: 1.20165e-15
# lbfgs::iter 18_1 fx: 5.95763 gnorm: 7.61826e-16
# lbfgs::iter 19_1 fx: 5.95763 gnorm: 7.61067e-16
# lbfgs::iter 20_1 fx: 5.95763 gnorm: 3.12139e-14
# lbfgs::iter 21_1 fx: 5.95763 gnorm: 1.29752e-15
# lbfgs::iter 22_1 fx: 5.95763 gnorm: 9.81062e-16
# lbfgs::iter 23_1 fx: 5.95763 gnorm: 9.52273e-16
# lbfgs::iter 24_1 fx: 5.95763 gnorm: 1.05046e-15
# lbfgs::iter 25_1 fx: 5.95763 gnorm: 1.10844e-15
# lbfgs::iter 26_1 fx: 5.95763 gnorm: 8.94768e-16
# lbfgs::iter 27_1 fx: 5.95763 gnorm: 1.17924e-15
# lbfgs::iter 28_1 fx: 5.95763 gnorm: 9.59476e-16
# lbfgs::iter 29_1 fx: 5.95763 gnorm: 4.00799e-15
# lbfgs::iter 30_1 fx: 5.95763 gnorm: 8.55034e-16
# lbfgs::iter 31_1 fx: 5.95763 gnorm: 1.04775e-15
# lbfgs::iter 32_1 fx: 5.95763 gnorm: 1.12303e-15
# lbfgs::iter 33_1 fx: 5.95763 gnorm: 1.27589e-15
# lbfgs::iter 34_1 fx: 5.95763 gnorm: 1.03703e-15
# lbfgs::iter 35_1 fx: 5.95763 gnorm: 6.13202e-15
# lbfgs::iter 36_1 fx: 5.95763 gnorm: 1.06863e-15
# lbfgs::iter 37_1 fx: 5.95763 gnorm: 1.06349e-15
# lbfgs::iter 38_1 fx: 5.95763 gnorm: 9.38522e-16
# lbfgs::iter 39_1 fx: 5.95763 gnorm: 8.46886e-16
# lbfgs::iter 40_1 fx: 5.95763 gnorm: 1.31353e-14
# lbfgs::iter 41_1 fx: 5.95763 gnorm: 1.08837e-15
# lbfgs::iter 42_1 fx: 5.95763 gnorm: 1.13425e-15
# lbfgs::iter 43_1 fx: 5.95763 gnorm: 9.87568e-16
# lbfgs::iter 44_1 fx: 5.95763 gnorm: 6.40856e-15
# lbfgs::iter 45_1 fx: 5.95763 gnorm: 1.20065e-15
# lbfgs::iter 46_1 fx: 5.95763 gnorm: 1.19928e-15
# lbfgs::iter 47_1 fx: 5.95763 gnorm: 9.73574e-16
# lbfgs::iter 48_1 fx: 5.95763 gnorm: 9.78507e-16
# lbfgs::iter 49_1 fx: 5.95763 gnorm: 9.24723e-16
# lbfgs::iter 50_1 fx: 5.95763 gnorm: 1.18929e-15
# lbfgs::iter 51_1 fx: 5.95763 gnorm: 8.10337e-16
# lbfgs::iter 52_1 fx: 5.95763 gnorm: 9.72139e-16
# lbfgs::iter 53_1 fx: 5.95763 gnorm: 9.46034e-16
# lbfgs::iter 54_1 fx: 5.95763 gnorm: 8.33765e-16
# lbfgs::iter 55_1 fx: 5.95763 gnorm: 1.10562e-15
# lbfgs::iter 56_1 fx: 5.95763 gnorm: 8.0885e-16
# lbfgs::iter 57_1 fx: 5.95763 gnorm: 8.0885e-16
# lbfgs::iter 58_1 fx: 5.95763 gnorm: 8.0885e-16
# lbfgs::iter 59_1 fx: 5.95763 gnorm: 8.0885e-16
# lbfgs::iter 60_1 fx: 5.95763 gnorm: 8.0885e-16
# lbfgs::iter 61_1 fx: 5.95763 gnorm: 8.0885e-16
# lbfgs::iter 62_1 fx: 5.95763 gnorm: 8.0885e-16
# lbfgs::iter 63_1 fx: 5.95763 gnorm: 8.0885e-16
# lbfgs::iter 64_1 fx: 5.95763 gnorm: 8.0885e-16
# lbfgs::iter 65_1 fx: 5.95763 gnorm: 8.0885e-16
# lbfgs::iter 66_1 fx: 5.95763 gnorm: 8.0885e-16
# lbfgs::iter 67_1 fx: 5.95763 gnorm: 8.0885e-16
# lbfgs::iter 68_1 fx: 5.95763 gnorm: 8.0885e-16
# lbfgs::iter 69_1 fx: 5.95763 gnorm: 8.0885e-16
# lbfgs::iter 70_1 fx: 5.95763 gnorm: 8.0885e-16
# lbfgs::iter 71_1 fx: 5.95763 gnorm: 8.0885e-16
# lbfgs::iter 72_1 fx: 5.95763 gnorm: 8.0885e-16
# lbfgs::iter 73_1 fx: 5.95763 gnorm: 8.0885e-16
# lbfgs::iter 74_1 fx: 5.95763 gnorm: 8.0885e-16
# lbfgs::iter 75_1 fx: 5.95763 gnorm: 8.0885e-16
# lbfgs::iter 76_1 fx: 5.95763 gnorm: 8.0885e-16
# lbfgs::iter 77_1 fx: 5.95763 gnorm: 8.0885e-16
# lbfgs::iter 78_1 fx: 5.95763 gnorm: 8.0885e-16
# lbfgs::iter 79_1 fx: 5.95763 gnorm: 8.0885e-16
# lbfgs::iter 80_1 fx: 5.95763 gnorm: 8.0885e-16
# lbfgs::iter 81_1 fx: 5.95763 gnorm: 8.0885e-16
# lbfgs::iter 82_1 fx: 5.95763 gnorm: 8.0885e-16
# lbfgs::iter 83_1 fx: 5.95763 gnorm: 8.0885e-16
# lbfgs::iter 84_1 fx: 5.95763 gnorm: 8.0885e-16
# lbfgs::iter 85_1 fx: 5.95763 gnorm: 8.0885e-16
# lbfgs::iter 86_1 fx: 5.95763 gnorm: 8.0885e-16
# lbfgs::iter 87_1 fx: 5.95763 gnorm: 8.0885e-16
# lbfgs::iter 88_1 fx: 5.95763 gnorm: 8.0885e-16
# lbfgs::iter 89_1 fx: 5.95763 gnorm: 8.0885e-16
# lbfgs::iter 90_1 fx: 5.95763 gnorm: 8.0885e-16
# lbfgs::iter 91_1 fx: 5.95763 gnorm: 8.0885e-16
# lbfgs::iter 92_1 fx: 5.95763 gnorm: 8.0885e-16
# lbfgs::iter 93_1 fx: 5.95763 gnorm: 8.0885e-16
# lbfgs::iter 94_1 fx: 5.95763 gnorm: 8.0885e-16
# lbfgs::iter 95_1 fx: 5.95763 gnorm: 8.0885e-16
# lbfgs::iter 96_1 fx: 5.95763 gnorm: 8.0885e-16
# lbfgs::iter 97_1 fx: 5.95763 gnorm: 8.0885e-16
# lbfgs::iter 98_1 fx: 5.95763 gnorm: 8.0885e-16
# lbfgs::iter 99_1 fx: 5.95763 gnorm: 8.0885e-16
# lbfgs::iter S_S fx: 5.95763 gnorm: 2.87021
# lbfgs::iter 0_1 fx: 5.70118 gnorm: 2.26746
# lbfgs::iter 1_1 fx: 5.21345 gnorm: 0.411648
# lbfgs::iter 2_1 fx: 5.18725 gnorm: 0.213713
# lbfgs::iter 3_1 fx: 5.17059 gnorm: 0.256958
# lbfgs::iter 4_1 fx: 5.12255 gnorm: 0.48621
# lbfgs::iter 5_1 fx: 5.02628 gnorm: 0.795132
# lbfgs::iter 6_1 fx: 4.85582 gnorm: 1.00118
# lbfgs::iter 7_1 fx: 4.67667 gnorm: 0.588516
# lbfgs::iter 8_1 fx: 4.64339 gnorm: 0.0375421
# lbfgs::iter 9_1 fx: 4.64188 gnorm: 0.00754508
# lbfgs::iter 10_1 fx: 4.64185 gnorm: 0.000183602
# lbfgs::iter 11_1 fx: 4.64185 gnorm: 9.52608e-06
# lbfgs::iter 12_1 fx: 4.64185 gnorm: 6.72332e-10
# lbfgs::iter 13_1 fx: 4.64185 gnorm: 8.95763e-13
# lbfgs::iter 14_1 fx: 4.64185 gnorm: 7.69309e-13
# lbfgs::iter 15_1 fx: 4.64185 gnorm: 1.30686e-13
# lbfgs::iter 16_1 fx: 4.64185 gnorm: 5.62264e-14
# lbfgs::iter 17_1 fx: 4.64185 gnorm: 1.32749e-14
# lbfgs::iter 18_1 fx: 4.64185 gnorm: 9.85153e-15
# lbfgs::iter 19_1 fx: 4.64185 gnorm: 7.52908e-15
# lbfgs::iter 20_1 fx: 4.64185 gnorm: 1.25471e-14
# lbfgs::iter 21_1 fx: 4.64185 gnorm: 1.46539e-14
# lbfgs::iter 22_1 fx: 4.64185 gnorm: 3.77697e-13
# lbfgs::iter 23_1 fx: 4.64185 gnorm: 1.03229e-14
# lbfgs::iter 24_1 fx: 4.64185 gnorm: 8.39383e-15
# lbfgs::iter 25_1 fx: 4.64185 gnorm: 1.68173e-14
# lbfgs::iter 26_1 fx: 4.64185 gnorm: 9.25068e-15
# lbfgs::iter 27_1 fx: 4.64185 gnorm: 2.85481e-14
# lbfgs::iter 28_1 fx: 4.64185 gnorm: 6.39847e-15
# lbfgs::iter 29_1 fx: 4.64185 gnorm: 1.04559e-14
# lbfgs::iter 30_1 fx: 4.64185 gnorm: 8.3167e-15
# lbfgs::iter 31_1 fx: 4.64185 gnorm: 5.95404e-15
# lbfgs::iter 32_1 fx: 4.64185 gnorm: 1.13473e-14
# lbfgs::iter 33_1 fx: 4.64185 gnorm: 8.92077e-15
# lbfgs::iter 34_1 fx: 4.64185 gnorm: 7.86673e-15
# lbfgs::iter 35_1 fx: 4.64185 gnorm: 4.69693e-15
# lbfgs::iter 36_1 fx: 4.64185 gnorm: 9.27523e-15
# lbfgs::iter 37_1 fx: 4.64185 gnorm: 1.00155e-10
# lbfgs::iter 38_1 fx: 4.64185 gnorm: 6.37564e-15
# lbfgs::iter 39_1 fx: 4.64185 gnorm: 6.64361e-15
# lbfgs::iter 40_1 fx: 4.64185 gnorm: 1.06079e-14
# lbfgs::iter 41_1 fx: 4.64185 gnorm: 5.0055e-15
# lbfgs::iter 42_1 fx: 4.64185 gnorm: 3.80603e-15
# lbfgs::iter 43_1 fx: 4.64185 gnorm: 3.49271e-15
# lbfgs::iter 44_1 fx: 4.64185 gnorm: 3.09168e-15
# lbfgs::iter 45_1 fx: 4.64185 gnorm: 2.07653e-15
# lbfgs::iter 46_1 fx: 4.64185 gnorm: 1.01459e-14
# lbfgs::iter 47_1 fx: 4.64185 gnorm: 2.02515e-14
# lbfgs::iter 48_1 fx: 4.64185 gnorm: 9.11065e-15
# lbfgs::iter 49_1 fx: 4.64185 gnorm: 8.51185e-15
# lbfgs::iter 50_1 fx: 4.64185 gnorm: 1.06797e-14
# lbfgs::iter 51_1 fx: 4.64185 gnorm: 6.40792e-15
# lbfgs::iter 52_1 fx: 4.64185 gnorm: 8.8325e-15
# lbfgs::iter 53_1 fx: 4.64185 gnorm: 5.48553e-15
# lbfgs::iter 54_1 fx: 4.64185 gnorm: 5.46999e-15
# lbfgs::iter 55_1 fx: 4.64185 gnorm: 8.72003e-15
# lbfgs::iter 56_1 fx: 4.64185 gnorm: 5.19663e-15
# lbfgs::iter 57_1 fx: 4.64185 gnorm: 5.41339e-15
# lbfgs::iter 58_1 fx: 4.64185 gnorm: 4.9272e-15
# lbfgs::iter 59_1 fx: 4.64185 gnorm: 6.81867e-15
# lbfgs::iter 60_1 fx: 4.64185 gnorm: 6.04564e-15
# lbfgs::iter 61_1 fx: 4.64185 gnorm: 6.95204e-15
# lbfgs::iter 62_1 fx: 4.64185 gnorm: 7.31862e-15
# lbfgs::iter 63_1 fx: 4.64185 gnorm: 6.75175e-15
# lbfgs::iter 64_1 fx: 4.64185 gnorm: 6.81584e-15
# lbfgs::iter 65_1 fx: 4.64185 gnorm: 6.19216e-15
# lbfgs::iter 66_1 fx: 4.64185 gnorm: 6.19775e-15
# lbfgs::iter 67_1 fx: 4.64185 gnorm: 9.80171e-14
# lbfgs::iter 68_1 fx: 4.64185 gnorm: 1.2063e-14
# lbfgs::iter 69_1 fx: 4.64185 gnorm: 1.87854e-14
# lbfgs::iter 70_1 fx: 4.64185 gnorm: 1.77895e-14
# lbfgs::iter 71_1 fx: 4.64185 gnorm: 1.42421e-14
# lbfgs::iter 72_1 fx: 4.64185 gnorm: 7.31211e-15
# lbfgs::iter 73_1 fx: 4.64185 gnorm: 5.88554e-15
# lbfgs::iter 74_1 fx: 4.64185 gnorm: 1.25482e-14
# lbfgs::iter 75_1 fx: 4.64185 gnorm: 9.08354e-15
# lbfgs::iter 76_1 fx: 4.64185 gnorm: 1.27294e-14
# lbfgs::iter 77_1 fx: 4.64185 gnorm: 7.70487e-15
# lbfgs::iter 78_1 fx: 4.64185 gnorm: 1.34267e-14
# lbfgs::iter 79_1 fx: 4.64185 gnorm: 5.13949e-15
# lbfgs::iter 80_1 fx: 4.64185 gnorm: 9.73625e-15
# lbfgs::iter 81_1 fx: 4.64185 gnorm: 8.65805e-15
# lbfgs::iter 82_1 fx: 4.64185 gnorm: 2.72596e-14
# lbfgs::iter 83_1 fx: 4.64185 gnorm: 8.92292e-15
# lbfgs::iter 84_1 fx: 4.64185 gnorm: 1.23097e-14
# lbfgs::iter 85_1 fx: 4.64185 gnorm: 5.7509e-15
# lbfgs::iter 86_1 fx: 4.64185 gnorm: 9.17285e-15
# lbfgs::iter 87_1 fx: 4.64185 gnorm: 5.38007e-15
# lbfgs::iter 88_1 fx: 4.64185 gnorm: 5.18534e-15
# lbfgs::iter 89_1 fx: 4.64185 gnorm: 1.37456e-14
# lbfgs::iter 90_1 fx: 4.64185 gnorm: 9.87343e-15
# lbfgs::iter 91_1 fx: 4.64185 gnorm: 1.3311e-14
# lbfgs::iter 92_1 fx: 4.64185 gnorm: 7.90229e-15
# lbfgs::iter 93_1 fx: 4.64185 gnorm: 1.38517e-14
# lbfgs::iter 94_1 fx: 4.64185 gnorm: 5.07936e-15
# lbfgs::iter 95_1 fx: 4.64185 gnorm: 9.90484e-15
# lbfgs::iter 96_1 fx: 4.64185 gnorm: 9.21656e-15
# lbfgs::iter 97_1 fx: 4.64185 gnorm: 1.48987e-14
# lbfgs::iter 98_1 fx: 4.64185 gnorm: 8.4624e-15
# lbfgs::iter 99_1 fx: 4.64185 gnorm: 1.34774e-14
