[0;32mINFO[0;0m 2021-08-19 10:39:35,914 fasta_reader get_alignment_int_form 
	Found 310 non-standard residues in 157 sequences
[0;32mINFO[0;0m 2021-08-19 10:39:35,914 fasta_reader get_alignment_int_form 
	Total number of sequences read from file: 612
[0;32mINFO[0;0m 2021-08-19 10:39:35,914 meanfield_dca compute_sequences_weight 
	Computing sequences weights
[0;32mINFO[0;0m 2021-08-19 10:39:36,763 meanfield_dca __init__ 
	Created a MeanFieldDCA object with the following attributes
        	biomolecule: RNA
        	total states at sites: 5
        	pseudocount: 0.5
        	sequence identity: 0.8
        	alignment length: 47
        	total number of unique sequences (excluding redundant sequences with 100 percent similarity): 566
        	effective number of sequences (with sequence identity 0.8): 20.44353622981232
        
[0;32mINFO[0;0m 2021-08-19 10:39:36,763 meanfield_dca get_single_site_freqs 
	Computing single site frequencies
[0;32mINFO[0;0m 2021-08-19 10:39:37,118 meanfield_dca get_reg_single_site_freqs 
	Regularizing single site frequencies
[0;32mINFO[0;0m 2021-08-19 10:39:37,271 meanfield_dca get_pair_site_freqs 
	Computing pair site frequencies
[0;32mINFO[0;0m 2021-08-19 10:39:40,390 meanfield_dca get_reg_pair_site_freqs 
	Regularizing pair site frequencies
[0;32mINFO[0;0m 2021-08-19 10:39:40,588 meanfield_dca construct_corr_mat 
	Constructing the correlation matrix
[0;32mINFO[0;0m 2021-08-19 10:39:40,898 meanfield_dca compute_couplings 
	Computing couplings
[0;32mINFO[0;0m 2021-08-19 10:39:41,397 meanfield_dca compute_couplings 
	Maximum and minimum couplings: 3.328118702124381, -19.761718439382705
[0;32mINFO[0;0m 2021-08-19 10:39:41,397 meanfield_dca compute_sorted_FN 
	Computing Frobenius norm of couplings
[0;32mINFO[0;0m 2021-08-19 10:39:41,514 meanfield_dca compute_sorted_FN_APC 
	Performing average product correction (APC) to Frobenius norm of couplings.
[0;32mINFO[0;0m 2021-08-19 10:39:41,521 dca_utilities write_sorted_dca_scores 
	Writing DCA scores to file MFDCA_output_1xjr_A/MFDCA_apc_fn_scores_1xjr_A.txt
[0;32mINFO[0;0m 2021-08-19 10:39:41,524 mfdca_main run_meanfield_dca 
	DONE
