[0;32mINFO[0;0m 2021-08-03 01:43:31,905 plmdca __init__ Created plmDCA instance with:
            biomolecule: RNA
            MSA sequence length: 64
            total number of (unweighted) sequences: 2
            sequence identity: 0.8
            lambda_h: 12.600000000000001
            lambda_J: 12.600000000000001
            gradient decent iterations: 500
            number of threads: 40
        
[0;32mINFO[0;0m 2021-08-03 01:43:31,906 plmdca get_fields_and_couplings_from_backend 
	Computing fields and couplings using gradient decent
Iteration 1:
fx = 584.336365, xnorm = 6.228817, gnorm = 161.115509, step = 0.005235

Iteration 2:
fx = 139.138107, xnorm = 1.669134, gnorm = 72.647392, step = 1.000000

Iteration 3:
fx = 110.244675, xnorm = 2.415271, gnorm = 42.204227, step = 1.000000

Iteration 4:
fx = 93.121872, xnorm = 1.901683, gnorm = 10.593020, step = 1.000000

Iteration 5:
fx = 92.934410, xnorm = 1.753454, gnorm = 3.250588, step = 1.000000

Iteration 6:
fx = 92.673637, xnorm = 1.786481, gnorm = 0.241913, step = 1.000000

L-BFGS optimization terminated with status code = -1001
fx = 92.673332
[0;32mINFO[0;0m 2021-08-03 01:43:32,009 plmdca get_fields_and_couplings_from_backend 
	Data size expected from plmDCA backend: 50720
[0;32mINFO[0;0m 2021-08-03 01:43:32,009 plmdca get_fields_and_couplings_from_backend 
	Data size obtained from plmDCA backend to Python: 50720
[0;32mINFO[0;0m 2021-08-03 01:43:32,074 plmdca compute_sorted_FN 
	Computing non-APC sorted DCA score
[0;32mINFO[0;0m 2021-08-03 01:43:32,247 plmdca compute_sorted_FN_APC 
	Performing average product correction (APC) of FN  of DCA scores
[0;32mINFO[0;0m 2021-08-03 01:43:32,277 dca_utilities write_sorted_dca_scores 
	Writing DCA scores to file PLMDCA_output_4xwf_A/PLMDCA_apc_fn_scores_4xwf_A.txt
