[0;32mINFO[0;0m 2021-05-22 16:39:54,254 fasta_reader get_alignment_int_form 
	Total number of sequences read from file: 253
[0;32mINFO[0;0m 2021-05-22 16:39:54,254 meanfield_dca compute_sequences_weight 
	Computing sequences weights
[0;32mINFO[0;0m 2021-05-22 16:39:55,099 meanfield_dca __init__ 
	Created a MeanFieldDCA object with the following attributes
        	biomolecule: RNA
        	total states at sites: 5
        	pseudocount: 0.5
        	sequence identity: 0.8
        	alignment length: 94
        	total number of unique sequences (excluding redundant sequences with 100 percent similarity): 193
        	effective number of sequences (with sequence identity 0.8): 120.5030747030747
        
[0;32mINFO[0;0m 2021-05-22 16:39:55,099 meanfield_dca get_single_site_freqs 
	Computing single site frequencies
[0;32mINFO[0;0m 2021-05-22 16:39:55,455 meanfield_dca get_reg_single_site_freqs 
	Regularizing single site frequencies
[0;32mINFO[0;0m 2021-05-22 16:39:55,575 meanfield_dca get_pair_site_freqs 
	Computing pair site frequencies
[0;32mINFO[0;0m 2021-05-22 16:39:58,708 meanfield_dca get_reg_pair_site_freqs 
	Regularizing pair site frequencies
[0;32mINFO[0;0m 2021-05-22 16:39:58,903 meanfield_dca construct_corr_mat 
	Constructing the correlation matrix
[0;32mINFO[0;0m 2021-05-22 16:39:59,215 meanfield_dca compute_couplings 
	Computing couplings
[0;32mINFO[0;0m 2021-05-22 16:39:59,805 meanfield_dca compute_couplings 
	Maximum and minimum couplings: 4.047936511700196, -19.85807558633115
[0;32mINFO[0;0m 2021-05-22 16:39:59,805 meanfield_dca compute_sorted_FN 
	Computing Frobenius norm of couplings
[0;32mINFO[0;0m 2021-05-22 16:40:00,058 meanfield_dca compute_sorted_FN_APC 
	Performing average product correction (APC) to Frobenius norm of couplings.
[0;32mINFO[0;0m 2021-05-22 16:40:00,090 dca_utilities write_sorted_dca_scores 
	Writing DCA scores to file MFDCA_output_4rum_A/MFDCA_apc_fn_scores_4rum_A.txt
[0;32mINFO[0;0m 2021-05-22 16:40:00,099 mfdca_main run_meanfield_dca 
	DONE
