[0;32mINFO[0;0m 2021-06-10 15:01:34,752 plmdca __init__ Created plmDCA instance with:
            biomolecule: RNA
            MSA sequence length: 35
            total number of (unweighted) sequences: 5
            sequence identity: 0.8
            lambda_h: 6.800000000000001
            lambda_J: 6.800000000000001
            gradient decent iterations: 500
            number of threads: 40
        
[0;32mINFO[0;0m 2021-06-10 15:01:34,753 plmdca get_fields_and_couplings_from_backend 
	Computing fields and couplings using gradient decent
Iteration 1:
fx = 297.001251, xnorm = 5.917558, gnorm = 81.105927, step = 0.010047

Iteration 2:
fx = 75.411789, xnorm = 1.995813, gnorm = 27.760866, step = 1.000000

Iteration 3:
fx = 71.958237, xnorm = 2.116147, gnorm = 26.437546, step = 1.000000

Iteration 4:
fx = 63.313419, xnorm = 1.927560, gnorm = 3.372276, step = 1.000000

Iteration 5:
fx = 63.230518, xnorm = 1.910809, gnorm = 1.042836, step = 1.000000

Iteration 6:
fx = 63.166958, xnorm = 1.908707, gnorm = 0.451997, step = 1.000000

Iteration 7:
fx = 63.127571, xnorm = 1.903345, gnorm = 0.055978, step = 1.000000

Iteration 8:
fx = 63.126606, xnorm = 1.902628, gnorm = 0.047347, step = 1.000000

Iteration 9:
fx = 63.126595, xnorm = 1.902856, gnorm = 0.008625, step = 1.000000

Iteration 10:
fx = 63.126335, xnorm = 1.902858, gnorm = 0.004048, step = 1.000000

Iteration 11:
fx = 63.126305, xnorm = 1.902859, gnorm = 0.001004, step = 1.000000

L-BFGS optimization terminated with status code = 0
fx = 63.126305
[0;32mINFO[0;0m 2021-06-10 15:01:34,832 plmdca get_fields_and_couplings_from_backend 
	Data size expected from plmDCA backend: 15050
[0;32mINFO[0;0m 2021-06-10 15:01:34,832 plmdca get_fields_and_couplings_from_backend 
	Data size obtained from plmDCA backend to Python: 15050
[0;32mINFO[0;0m 2021-06-10 15:01:34,845 plmdca compute_sorted_FN 
	Computing non-APC sorted DCA score
[0;32mINFO[0;0m 2021-06-10 15:01:34,880 plmdca compute_sorted_FN_APC 
	Performing average product correction (APC) of FN  of DCA scores
[0;32mINFO[0;0m 2021-06-10 15:01:34,884 dca_utilities write_sorted_dca_scores 
	Writing DCA scores to file PLMDCA_output_PKB162/PLMDCA_apc_fn_scores_PKB162.txt
