[0;32mINFO[0;0m 2021-05-23 16:49:55,809 fasta_reader get_alignment_int_form 
	Found 24 non-standard residues in 11 sequences
[0;32mINFO[0;0m 2021-05-23 16:49:55,809 fasta_reader get_alignment_int_form 
	Total number of sequences read from file: 727
[0;32mINFO[0;0m 2021-05-23 16:49:55,810 meanfield_dca compute_sequences_weight 
	Computing sequences weights
[0;32mINFO[0;0m 2021-05-23 16:49:56,742 meanfield_dca __init__ 
	Created a MeanFieldDCA object with the following attributes
        	biomolecule: RNA
        	total states at sites: 5
        	pseudocount: 0.5
        	sequence identity: 0.8
        	alignment length: 77
        	total number of unique sequences (excluding redundant sequences with 100 percent similarity): 727
        	effective number of sequences (with sequence identity 0.8): 368.76314482423294
        
[0;32mINFO[0;0m 2021-05-23 16:49:56,743 meanfield_dca get_single_site_freqs 
	Computing single site frequencies
[0;32mINFO[0;0m 2021-05-23 16:49:57,103 meanfield_dca get_reg_single_site_freqs 
	Regularizing single site frequencies
[0;32mINFO[0;0m 2021-05-23 16:49:57,259 meanfield_dca get_pair_site_freqs 
	Computing pair site frequencies
[0;32mINFO[0;0m 2021-05-23 16:50:00,392 meanfield_dca get_reg_pair_site_freqs 
	Regularizing pair site frequencies
[0;32mINFO[0;0m 2021-05-23 16:50:00,588 meanfield_dca construct_corr_mat 
	Constructing the correlation matrix
[0;32mINFO[0;0m 2021-05-23 16:50:00,890 meanfield_dca compute_couplings 
	Computing couplings
[0;32mINFO[0;0m 2021-05-23 16:50:01,467 meanfield_dca compute_couplings 
	Maximum and minimum couplings: 4.238716251190887, -20.000000000000004
[0;32mINFO[0;0m 2021-05-23 16:50:01,467 meanfield_dca compute_sorted_FN 
	Computing Frobenius norm of couplings
[0;32mINFO[0;0m 2021-05-23 16:50:01,653 meanfield_dca compute_sorted_FN_APC 
	Performing average product correction (APC) to Frobenius norm of couplings.
[0;32mINFO[0;0m 2021-05-23 16:50:01,671 dca_utilities write_sorted_dca_scores 
	Writing DCA scores to file MFDCA_output_6svs_A/MFDCA_apc_fn_scores_6svs_A.txt
[0;32mINFO[0;0m 2021-05-23 16:50:01,678 mfdca_main run_meanfield_dca 
	DONE
