[0;32mINFO[0;0m 2021-08-03 00:55:02,399 fasta_reader get_alignment_int_form 
	Found 215 non-standard residues in 16 sequences
[0;32mINFO[0;0m 2021-08-03 00:55:02,399 fasta_reader get_alignment_int_form 
	Total number of sequences read from file: 17
[0;32mINFO[0;0m 2021-08-03 00:55:02,400 meanfield_dca compute_sequences_weight 
	Computing sequences weights
[0;32mINFO[0;0m 2021-08-03 00:55:03,935 meanfield_dca __init__ 
	Created a MeanFieldDCA object with the following attributes
        	biomolecule: RNA
        	total states at sites: 5
        	pseudocount: 0.5
        	sequence identity: 0.8
        	alignment length: 75
        	total number of unique sequences (excluding redundant sequences with 100 percent similarity): 17
        	effective number of sequences (with sequence identity 0.8): 3.121212121212121
        
[0;32mINFO[0;0m 2021-08-03 00:55:03,936 meanfield_dca get_single_site_freqs 
	Computing single site frequencies
[0;32mINFO[0;0m 2021-08-03 00:55:04,560 meanfield_dca get_reg_single_site_freqs 
	Regularizing single site frequencies
[0;32mINFO[0;0m 2021-08-03 00:55:04,802 meanfield_dca get_pair_site_freqs 
	Computing pair site frequencies
[0;32mINFO[0;0m 2021-08-03 00:55:10,921 meanfield_dca get_reg_pair_site_freqs 
	Regularizing pair site frequencies
[0;32mINFO[0;0m 2021-08-03 00:55:11,285 meanfield_dca construct_corr_mat 
	Constructing the correlation matrix
[0;32mINFO[0;0m 2021-08-03 00:55:11,827 meanfield_dca compute_couplings 
	Computing couplings
[0;32mINFO[0;0m 2021-08-03 00:55:13,784 meanfield_dca compute_couplings 
	Maximum and minimum couplings: 3.8782929548208287, -20.00000000000002
[0;32mINFO[0;0m 2021-08-03 00:55:13,784 meanfield_dca compute_sorted_FN 
	Computing Frobenius norm of couplings
[0;32mINFO[0;0m 2021-08-03 00:55:14,064 meanfield_dca compute_sorted_FN_APC 
	Performing average product correction (APC) to Frobenius norm of couplings.
[0;32mINFO[0;0m 2021-08-03 00:55:14,090 dca_utilities write_sorted_dca_scores 
	Writing DCA scores to file MFDCA_output_2dxi_C/MFDCA_apc_fn_scores_2dxi_C.txt
[0;32mINFO[0;0m 2021-08-03 00:55:14,105 mfdca_main run_meanfield_dca 
	DONE
