[0;32mINFO[0;0m 2021-10-28 10:25:30,412 plmdca __init__ Created plmDCA instance with:
            biomolecule: RNA
            MSA sequence length: 197
            total number of (unweighted) sequences: 1203
            sequence identity: 0.8
            lambda_h: 39.2
            lambda_J: 39.2
            gradient decent iterations: 500
            number of threads: 40
        
[0;32mINFO[0;0m 2021-10-28 10:25:30,413 plmdca get_fields_and_couplings_from_backend 
	Computing fields and couplings using gradient decent
Iteration 1:
fx = 116766.359375, xnorm = 36.803555, gnorm = 7871.982910, step = 0.000130

Iteration 2:
fx = 111708.820312, xnorm = 36.261677, gnorm = 8786.913086, step = 1.000000

Iteration 3:
fx = 89432.351562, xnorm = 33.322685, gnorm = 10421.804688, step = 1.000000

Iteration 4:
fx = 83720.710938, xnorm = 31.152855, gnorm = 11549.024414, step = 1.000000

Iteration 5:
fx = 72613.507812, xnorm = 30.575542, gnorm = 6496.905273, step = 1.000000

Iteration 6:
fx = 67277.726562, xnorm = 29.979996, gnorm = 4760.412109, step = 1.000000

Iteration 7:
fx = 61276.074219, xnorm = 28.371483, gnorm = 5535.331055, step = 1.000000

Iteration 8:
fx = 56499.500000, xnorm = 27.570396, gnorm = 3908.848145, step = 1.000000

Iteration 9:
fx = 51714.367188, xnorm = 26.572424, gnorm = 3755.055908, step = 1.000000

Iteration 10:
fx = 47234.312500, xnorm = 26.339745, gnorm = 3284.505859, step = 1.000000

Iteration 11:
fx = 45348.199219, xnorm = 25.086544, gnorm = 5840.027344, step = 1.000000

Iteration 12:
fx = 41537.078125, xnorm = 24.078068, gnorm = 2887.431641, step = 1.000000

Iteration 13:
fx = 39031.472656, xnorm = 22.204891, gnorm = 2834.043457, step = 1.000000

Iteration 14:
fx = 37201.410156, xnorm = 20.559198, gnorm = 2506.196777, step = 1.000000

Iteration 15:
fx = 35805.546875, xnorm = 19.250954, gnorm = 2161.093018, step = 1.000000

Iteration 16:
fx = 35118.527344, xnorm = 18.685001, gnorm = 2260.373779, step = 1.000000

Iteration 17:
fx = 34647.761719, xnorm = 18.680620, gnorm = 1328.605469, step = 1.000000

Iteration 18:
fx = 34256.691406, xnorm = 18.429424, gnorm = 1277.493042, step = 1.000000

Iteration 19:
fx = 33959.656250, xnorm = 18.088099, gnorm = 1409.765503, step = 1.000000

Iteration 20:
fx = 33645.187500, xnorm = 17.885300, gnorm = 1000.553345, step = 1.000000

Iteration 21:
fx = 33442.109375, xnorm = 17.648598, gnorm = 676.335999, step = 1.000000

Iteration 22:
fx = 33388.160156, xnorm = 17.524406, gnorm = 747.924011, step = 1.000000

Iteration 23:
fx = 33335.660156, xnorm = 17.507256, gnorm = 435.287140, step = 1.000000

Iteration 24:
fx = 33280.644531, xnorm = 17.441603, gnorm = 386.268707, step = 1.000000

Iteration 25:
fx = 33233.175781, xnorm = 17.342102, gnorm = 451.312347, step = 1.000000

Iteration 26:
fx = 33204.718750, xnorm = 17.116541, gnorm = 833.836487, step = 1.000000

Iteration 27:
fx = 33152.773438, xnorm = 17.079527, gnorm = 263.682434, step = 1.000000

Iteration 28:
fx = 33145.136719, xnorm = 17.077831, gnorm = 158.977646, step = 1.000000

Iteration 29:
fx = 33136.996094, xnorm = 17.047678, gnorm = 157.446869, step = 1.000000

Iteration 30:
fx = 33128.046875, xnorm = 16.989313, gnorm = 223.584946, step = 1.000000

Iteration 31:
fx = 33117.585938, xnorm = 16.923632, gnorm = 157.170029, step = 1.000000

Iteration 32:
fx = 33110.410156, xnorm = 16.880690, gnorm = 107.567879, step = 1.000000

Iteration 33:
fx = 33105.964844, xnorm = 16.830734, gnorm = 199.782486, step = 1.000000

Iteration 34:
fx = 33103.222656, xnorm = 16.826468, gnorm = 75.783714, step = 1.000000

Iteration 35:
fx = 33102.289062, xnorm = 16.823654, gnorm = 64.552338, step = 1.000000

Iteration 36:
fx = 33100.515625, xnorm = 16.804918, gnorm = 62.755531, step = 1.000000

Iteration 37:
fx = 33099.687500, xnorm = 16.785522, gnorm = 131.179321, step = 1.000000

Iteration 38:
fx = 33098.542969, xnorm = 16.779175, gnorm = 44.267071, step = 1.000000

Iteration 39:
fx = 33098.285156, xnorm = 16.776865, gnorm = 31.313160, step = 1.000000

Iteration 40:
fx = 33098.136719, xnorm = 16.772890, gnorm = 37.527832, step = 1.000000

Iteration 41:
fx = 33098.132812, xnorm = 16.771885, gnorm = 35.339779, step = 0.243107

Iteration 42:
fx = 33097.976562, xnorm = 16.770441, gnorm = 29.901506, step = 0.300158

L-BFGS optimization terminated with status code = -1001
fx = 33097.976562
[0;32mINFO[0;0m 2021-10-28 10:25:33,304 plmdca get_fields_and_couplings_from_backend 
	Data size expected from plmDCA backend: 483635
[0;32mINFO[0;0m 2021-10-28 10:25:33,304 plmdca get_fields_and_couplings_from_backend 
	Data size obtained from plmDCA backend to Python: 483635
[0;32mINFO[0;0m 2021-10-28 10:25:33,615 plmdca compute_sorted_FN 
	Computing non-APC sorted DCA score
[0;32mINFO[0;0m 2021-10-28 10:25:34,610 plmdca compute_sorted_FN_APC 
	Performing average product correction (APC) of FN  of DCA scores
[0;32mINFO[0;0m 2021-10-28 10:25:34,941 dca_utilities write_sorted_dca_scores 
	Writing DCA scores to file PLMDCA_output_3bo2_B/PLMDCA_apc_fn_scores_3bo2_B.txt
