[0;32mINFO[0;0m 2021-08-19 11:49:32,471 plmdca __init__ Created plmDCA instance with:
            biomolecule: RNA
            MSA sequence length: 96
            total number of (unweighted) sequences: 9806
            sequence identity: 0.8
            lambda_h: 19.0
            lambda_J: 19.0
            gradient decent iterations: 500
            number of threads: 40
        
[0;32mINFO[0;0m 2021-08-19 11:49:32,472 plmdca get_fields_and_couplings_from_backend 
	Computing fields and couplings using gradient decent
Iteration 1:
fx = 86365.062500, xnorm = 37.345600, gnorm = 11273.107422, step = 0.000161

Iteration 2:
fx = 82611.335938, xnorm = 37.306065, gnorm = 5092.966309, step = 1.000000

Iteration 3:
fx = 80218.906250, xnorm = 37.107552, gnorm = 4219.108398, step = 1.000000

Iteration 4:
fx = 74554.820312, xnorm = 36.359875, gnorm = 6668.100586, step = 1.000000

Iteration 5:
fx = 66327.843750, xnorm = 35.234211, gnorm = 6538.736816, step = 1.000000

Iteration 6:
fx = 61452.859375, xnorm = 34.505592, gnorm = 6568.666016, step = 1.000000

Iteration 7:
fx = 58466.839844, xnorm = 34.375351, gnorm = 5403.063965, step = 1.000000

Iteration 8:
fx = 56257.859375, xnorm = 34.259613, gnorm = 3803.168701, step = 1.000000

Iteration 9:
fx = 53712.210938, xnorm = 33.841686, gnorm = 3677.536133, step = 1.000000

Iteration 10:
fx = 52006.734375, xnorm = 33.463737, gnorm = 3154.856201, step = 1.000000

Iteration 11:
fx = 49810.105469, xnorm = 32.803509, gnorm = 3377.522949, step = 1.000000

Iteration 12:
fx = 46976.355469, xnorm = 31.945471, gnorm = 4763.487793, step = 1.000000

Iteration 13:
fx = 44050.441406, xnorm = 31.540720, gnorm = 3682.826660, step = 1.000000

Iteration 14:
fx = 42652.539062, xnorm = 31.211309, gnorm = 3284.893311, step = 1.000000

Iteration 15:
fx = 41816.570312, xnorm = 30.844267, gnorm = 2609.562012, step = 1.000000

Iteration 16:
fx = 41144.359375, xnorm = 30.473207, gnorm = 1885.730835, step = 1.000000

Iteration 17:
fx = 40480.128906, xnorm = 29.800926, gnorm = 2186.209961, step = 1.000000

Iteration 18:
fx = 39405.398438, xnorm = 28.729876, gnorm = 2955.944092, step = 1.000000

Iteration 19:
fx = 37683.187500, xnorm = 26.443491, gnorm = 3551.278564, step = 1.000000

Iteration 20:
fx = 36443.796875, xnorm = 25.280457, gnorm = 3589.224365, step = 1.000000

Iteration 21:
fx = 35412.425781, xnorm = 24.520994, gnorm = 2365.204346, step = 1.000000

Iteration 22:
fx = 34899.562500, xnorm = 24.138611, gnorm = 1540.127563, step = 1.000000

Iteration 23:
fx = 34498.828125, xnorm = 23.706755, gnorm = 1560.861816, step = 1.000000

Iteration 24:
fx = 34116.164062, xnorm = 23.100151, gnorm = 2111.720215, step = 1.000000

Iteration 25:
fx = 33723.304688, xnorm = 22.829311, gnorm = 1550.020630, step = 1.000000

Iteration 26:
fx = 33487.570312, xnorm = 22.803093, gnorm = 1135.226807, step = 1.000000

Iteration 27:
fx = 33283.359375, xnorm = 22.513521, gnorm = 1262.727905, step = 1.000000

Iteration 28:
fx = 32989.703125, xnorm = 21.929207, gnorm = 1354.304443, step = 1.000000

Iteration 29:
fx = 32678.246094, xnorm = 21.144655, gnorm = 1507.744873, step = 1.000000

Iteration 30:
fx = 32551.013672, xnorm = 20.828876, gnorm = 1645.299438, step = 1.000000

Iteration 31:
fx = 32416.587891, xnorm = 20.883543, gnorm = 833.197510, step = 1.000000

Iteration 32:
fx = 32342.740234, xnorm = 20.847340, gnorm = 676.465576, step = 1.000000

Iteration 33:
fx = 32219.498047, xnorm = 20.627367, gnorm = 852.655212, step = 1.000000

Iteration 34:
fx = 32117.394531, xnorm = 20.402817, gnorm = 1096.556885, step = 1.000000

Iteration 35:
fx = 32062.560547, xnorm = 20.104235, gnorm = 1435.015991, step = 1.000000

Iteration 36:
fx = 31946.478516, xnorm = 20.142847, gnorm = 541.111389, step = 1.000000

Iteration 37:
fx = 31907.955078, xnorm = 20.143446, gnorm = 511.119049, step = 1.000000

Iteration 38:
fx = 31849.326172, xnorm = 20.099619, gnorm = 606.779175, step = 1.000000

Iteration 39:
fx = 31824.166016, xnorm = 20.078606, gnorm = 646.418396, step = 0.347496

Iteration 40:
fx = 31772.562500, xnorm = 20.021133, gnorm = 552.343689, step = 1.000000

Iteration 41:
fx = 31737.996094, xnorm = 20.003012, gnorm = 890.526794, step = 1.000000

Iteration 42:
fx = 31697.728516, xnorm = 20.009094, gnorm = 503.756470, step = 1.000000

Iteration 43:
fx = 31682.000000, xnorm = 20.019798, gnorm = 257.354706, step = 1.000000

Iteration 44:
fx = 31674.101562, xnorm = 20.033915, gnorm = 256.356750, step = 1.000000

Iteration 45:
fx = 31658.880859, xnorm = 20.065969, gnorm = 348.630920, step = 1.000000

Iteration 46:
fx = 31647.371094, xnorm = 20.094040, gnorm = 401.856873, step = 0.425540

Iteration 47:
fx = 31631.728516, xnorm = 20.140404, gnorm = 259.511169, step = 1.000000

Iteration 48:
fx = 31629.031250, xnorm = 20.170013, gnorm = 477.972748, step = 1.000000

Iteration 49:
fx = 31619.820312, xnorm = 20.171305, gnorm = 165.074051, step = 1.000000

Iteration 50:
fx = 31617.425781, xnorm = 20.169817, gnorm = 136.876862, step = 1.000000

Iteration 51:
fx = 31614.255859, xnorm = 20.176239, gnorm = 145.703354, step = 1.000000

Iteration 52:
fx = 31612.582031, xnorm = 20.196020, gnorm = 259.488068, step = 1.000000

Iteration 53:
fx = 31610.513672, xnorm = 20.217026, gnorm = 204.866058, step = 1.000000

Iteration 54:
fx = 31607.439453, xnorm = 20.213091, gnorm = 92.106651, step = 1.000000

Iteration 55:
fx = 31606.476562, xnorm = 20.214275, gnorm = 84.484634, step = 1.000000

Iteration 56:
fx = 31605.496094, xnorm = 20.221857, gnorm = 131.536987, step = 1.000000

Iteration 57:
fx = 31604.376953, xnorm = 20.232204, gnorm = 119.027649, step = 1.000000

Iteration 58:
fx = 31603.572266, xnorm = 20.238850, gnorm = 85.916031, step = 1.000000

Iteration 59:
fx = 31602.898438, xnorm = 20.247564, gnorm = 118.683823, step = 1.000000

Iteration 60:
fx = 31602.640625, xnorm = 20.248892, gnorm = 82.749687, step = 1.000000

Iteration 61:
fx = 31602.080078, xnorm = 20.246645, gnorm = 51.043907, step = 1.000000

Iteration 62:
fx = 31601.250000, xnorm = 20.242184, gnorm = 46.597107, step = 1.000000

Iteration 63:
fx = 31600.789062, xnorm = 20.239098, gnorm = 60.680965, step = 1.000000

Iteration 64:
fx = 31599.496094, xnorm = 20.230152, gnorm = 76.781464, step = 1.000000

Iteration 65:
fx = 31599.023438, xnorm = 20.223213, gnorm = 97.338791, step = 1.000000

Iteration 66:
fx = 31598.517578, xnorm = 20.222980, gnorm = 42.155499, step = 1.000000

Iteration 67:
fx = 31598.257812, xnorm = 20.221880, gnorm = 28.496498, step = 1.000000

Iteration 68:
fx = 31597.937500, xnorm = 20.219337, gnorm = 29.875324, step = 1.000000

Iteration 69:
fx = 31597.718750, xnorm = 20.212280, gnorm = 86.909813, step = 1.000000

Iteration 70:
fx = 31597.265625, xnorm = 20.212214, gnorm = 24.724911, step = 1.000000

Iteration 71:
fx = 31597.152344, xnorm = 20.211458, gnorm = 19.246786, step = 1.000000

Iteration 72:
fx = 31596.951172, xnorm = 20.209179, gnorm = 19.985191, step = 1.000000

Iteration 73:
fx = 31596.656250, xnorm = 20.205359, gnorm = 28.629961, step = 1.000000

Iteration 74:
fx = 31596.326172, xnorm = 20.199875, gnorm = 40.934658, step = 1.000000

Iteration 75:
fx = 31596.308594, xnorm = 20.200249, gnorm = 31.523458, step = 0.289378

L-BFGS optimization terminated with status code = -1001
fx = 31596.312500
[0;32mINFO[0;0m 2021-08-19 11:49:39,924 plmdca get_fields_and_couplings_from_backend 
	Data size expected from plmDCA backend: 114480
[0;32mINFO[0;0m 2021-08-19 11:49:39,924 plmdca get_fields_and_couplings_from_backend 
	Data size obtained from plmDCA backend to Python: 114480
[0;32mINFO[0;0m 2021-08-19 11:49:39,995 plmdca compute_sorted_FN 
	Computing non-APC sorted DCA score
[0;32mINFO[0;0m 2021-08-19 11:49:40,215 plmdca compute_sorted_FN_APC 
	Performing average product correction (APC) of FN  of DCA scores
[0;32mINFO[0;0m 2021-08-19 11:49:40,258 dca_utilities write_sorted_dca_scores 
	Writing DCA scores to file PLMDCA_output_5ml7_A/PLMDCA_apc_fn_scores_5ml7_A.txt
