[0;32mINFO[0;0m 2021-08-19 10:43:22,024 fasta_reader get_alignment_int_form 
	Total number of sequences read from file: 58
[0;32mINFO[0;0m 2021-08-19 10:43:22,024 meanfield_dca compute_sequences_weight 
	Computing sequences weights
[0;32mINFO[0;0m 2021-08-19 10:43:22,869 meanfield_dca __init__ 
	Created a MeanFieldDCA object with the following attributes
        	biomolecule: RNA
        	total states at sites: 5
        	pseudocount: 0.5
        	sequence identity: 0.8
        	alignment length: 34
        	total number of unique sequences (excluding redundant sequences with 100 percent similarity): 58
        	effective number of sequences (with sequence identity 0.8): 20.91883533133533
        
[0;32mINFO[0;0m 2021-08-19 10:43:22,869 meanfield_dca get_single_site_freqs 
	Computing single site frequencies
[0;32mINFO[0;0m 2021-08-19 10:43:23,227 meanfield_dca get_reg_single_site_freqs 
	Regularizing single site frequencies
[0;32mINFO[0;0m 2021-08-19 10:43:23,348 meanfield_dca get_pair_site_freqs 
	Computing pair site frequencies
[0;32mINFO[0;0m 2021-08-19 10:43:26,495 meanfield_dca get_reg_pair_site_freqs 
	Regularizing pair site frequencies
[0;32mINFO[0;0m 2021-08-19 10:43:26,693 meanfield_dca construct_corr_mat 
	Constructing the correlation matrix
[0;32mINFO[0;0m 2021-08-19 10:43:27,001 meanfield_dca compute_couplings 
	Computing couplings
[0;32mINFO[0;0m 2021-08-19 10:43:27,476 meanfield_dca compute_couplings 
	Maximum and minimum couplings: 5.537513080305066, -20.00000000000002
[0;32mINFO[0;0m 2021-08-19 10:43:27,476 meanfield_dca compute_sorted_FN 
	Computing Frobenius norm of couplings
[0;32mINFO[0;0m 2021-08-19 10:43:27,535 meanfield_dca compute_sorted_FN_APC 
	Performing average product correction (APC) to Frobenius norm of couplings.
[0;32mINFO[0;0m 2021-08-19 10:43:27,542 dca_utilities write_sorted_dca_scores 
	Writing DCA scores to file MFDCA_output_4ato_G/MFDCA_apc_fn_scores_4ato_G.txt
[0;32mINFO[0;0m 2021-08-19 10:43:27,546 mfdca_main run_meanfield_dca 
	DONE
