[0;32mINFO[0;0m 2021-09-18 14:36:21,983 fasta_reader get_alignment_int_form 
	Total number of sequences read from file: 9
[0;32mINFO[0;0m 2021-09-18 14:36:21,984 meanfield_dca compute_sequences_weight 
	Computing sequences weights
[0;32mINFO[0;0m 2021-09-18 14:36:22,828 meanfield_dca __init__ 
	Created a MeanFieldDCA object with the following attributes
        	biomolecule: RNA
        	total states at sites: 5
        	pseudocount: 0.5
        	sequence identity: 0.8
        	alignment length: 28
        	total number of unique sequences (excluding redundant sequences with 100 percent similarity): 8
        	effective number of sequences (with sequence identity 0.8): 1.0
        
[0;32mINFO[0;0m 2021-09-18 14:36:22,830 meanfield_dca get_single_site_freqs 
	Computing single site frequencies
[0;32mINFO[0;0m 2021-09-18 14:36:23,192 meanfield_dca get_reg_single_site_freqs 
	Regularizing single site frequencies
[0;32mINFO[0;0m 2021-09-18 14:36:23,319 meanfield_dca get_pair_site_freqs 
	Computing pair site frequencies
[0;32mINFO[0;0m 2021-09-18 14:36:26,567 meanfield_dca get_reg_pair_site_freqs 
	Regularizing pair site frequencies
[0;32mINFO[0;0m 2021-09-18 14:36:26,764 meanfield_dca construct_corr_mat 
	Constructing the correlation matrix
[0;32mINFO[0;0m 2021-09-18 14:36:27,080 meanfield_dca compute_couplings 
	Computing couplings
[0;32mINFO[0;0m 2021-09-18 14:36:27,540 meanfield_dca compute_couplings 
	Maximum and minimum couplings: 2.269697546635591, -20.00000000000001
[0;32mINFO[0;0m 2021-09-18 14:36:27,540 meanfield_dca compute_sorted_FN 
	Computing Frobenius norm of couplings
[0;32mINFO[0;0m 2021-09-18 14:36:27,583 meanfield_dca compute_sorted_FN_APC 
	Performing average product correction (APC) to Frobenius norm of couplings.
[0;32mINFO[0;0m 2021-09-18 14:36:27,586 dca_utilities write_sorted_dca_scores 
	Writing DCA scores to file MFDCA_output_PKB189/MFDCA_apc_fn_scores_PKB189.txt
[0;32mINFO[0;0m 2021-09-18 14:36:27,589 mfdca_main run_meanfield_dca 
	DONE
