[0;32mINFO[0;0m 2021-08-18 21:08:34,726 fasta_reader get_alignment_int_form 
	Found 9 non-standard residues in 7 sequences
[0;32mINFO[0;0m 2021-08-18 21:08:34,727 fasta_reader get_alignment_int_form 
	Total number of sequences read from file: 392
[0;32mINFO[0;0m 2021-08-18 21:08:34,727 meanfield_dca compute_sequences_weight 
	Computing sequences weights
[0;32mINFO[0;0m 2021-08-18 21:08:35,600 meanfield_dca __init__ 
	Created a MeanFieldDCA object with the following attributes
        	biomolecule: RNA
        	total states at sites: 5
        	pseudocount: 0.5
        	sequence identity: 0.8
        	alignment length: 41
        	total number of unique sequences (excluding redundant sequences with 100 percent similarity): 392
        	effective number of sequences (with sequence identity 0.8): 14.778673520556836
        
[0;32mINFO[0;0m 2021-08-18 21:08:35,601 meanfield_dca get_single_site_freqs 
	Computing single site frequencies
[0;32mINFO[0;0m 2021-08-18 21:08:35,968 meanfield_dca get_reg_single_site_freqs 
	Regularizing single site frequencies
[0;32mINFO[0;0m 2021-08-18 21:08:36,089 meanfield_dca get_pair_site_freqs 
	Computing pair site frequencies
[0;32mINFO[0;0m 2021-08-18 21:08:39,293 meanfield_dca get_reg_pair_site_freqs 
	Regularizing pair site frequencies
[0;32mINFO[0;0m 2021-08-18 21:08:39,495 meanfield_dca construct_corr_mat 
	Constructing the correlation matrix
[0;32mINFO[0;0m 2021-08-18 21:08:39,822 meanfield_dca compute_couplings 
	Computing couplings
[0;32mINFO[0;0m 2021-08-18 21:08:40,304 meanfield_dca compute_couplings 
	Maximum and minimum couplings: 4.406937117209286, -19.99999999999999
[0;32mINFO[0;0m 2021-08-18 21:08:40,304 meanfield_dca compute_sorted_FN 
	Computing Frobenius norm of couplings
[0;32mINFO[0;0m 2021-08-18 21:08:40,392 meanfield_dca compute_sorted_FN_APC 
	Performing average product correction (APC) to Frobenius norm of couplings.
[0;32mINFO[0;0m 2021-08-18 21:08:40,399 dca_utilities write_sorted_dca_scores 
	Writing DCA scores to file MFDCA_output_1g1x_D/MFDCA_apc_fn_scores_1g1x_D.txt
[0;32mINFO[0;0m 2021-08-18 21:08:40,405 mfdca_main run_meanfield_dca 
	DONE
