[0;32mINFO[0;0m 2021-09-18 14:32:11,077 fasta_reader get_alignment_int_form 
	Total number of sequences read from file: 275
[0;32mINFO[0;0m 2021-09-18 14:32:11,077 meanfield_dca compute_sequences_weight 
	Computing sequences weights
[0;32mINFO[0;0m 2021-09-18 14:32:11,932 meanfield_dca __init__ 
	Created a MeanFieldDCA object with the following attributes
        	biomolecule: RNA
        	total states at sites: 5
        	pseudocount: 0.5
        	sequence identity: 0.8
        	alignment length: 92
        	total number of unique sequences (excluding redundant sequences with 100 percent similarity): 275
        	effective number of sequences (with sequence identity 0.8): 12.813767703959687
        
[0;32mINFO[0;0m 2021-09-18 14:32:11,934 meanfield_dca get_single_site_freqs 
	Computing single site frequencies
[0;32mINFO[0;0m 2021-09-18 14:32:12,301 meanfield_dca get_reg_single_site_freqs 
	Regularizing single site frequencies
[0;32mINFO[0;0m 2021-09-18 14:32:12,422 meanfield_dca get_pair_site_freqs 
	Computing pair site frequencies
[0;32mINFO[0;0m 2021-09-18 14:32:15,656 meanfield_dca get_reg_pair_site_freqs 
	Regularizing pair site frequencies
[0;32mINFO[0;0m 2021-09-18 14:32:15,852 meanfield_dca construct_corr_mat 
	Constructing the correlation matrix
[0;32mINFO[0;0m 2021-09-18 14:32:16,164 meanfield_dca compute_couplings 
	Computing couplings
[0;32mINFO[0;0m 2021-09-18 14:32:16,756 meanfield_dca compute_couplings 
	Maximum and minimum couplings: 2.844865547083575, -19.894745501550496
[0;32mINFO[0;0m 2021-09-18 14:32:16,757 meanfield_dca compute_sorted_FN 
	Computing Frobenius norm of couplings
[0;32mINFO[0;0m 2021-09-18 14:32:16,998 meanfield_dca compute_sorted_FN_APC 
	Performing average product correction (APC) to Frobenius norm of couplings.
[0;32mINFO[0;0m 2021-09-18 14:32:17,027 dca_utilities write_sorted_dca_scores 
	Writing DCA scores to file MFDCA_output_PKB149/MFDCA_apc_fn_scores_PKB149.txt
[0;32mINFO[0;0m 2021-09-18 14:32:17,036 mfdca_main run_meanfield_dca 
	DONE
