[0;32mINFO[0;0m 2021-08-18 21:50:06,816 fasta_reader get_alignment_int_form 
	Total number of sequences read from file: 75
[0;32mINFO[0;0m 2021-08-18 21:50:06,817 meanfield_dca compute_sequences_weight 
	Computing sequences weights
[0;32mINFO[0;0m 2021-08-18 21:50:07,673 meanfield_dca __init__ 
	Created a MeanFieldDCA object with the following attributes
        	biomolecule: RNA
        	total states at sites: 5
        	pseudocount: 0.5
        	sequence identity: 0.8
        	alignment length: 94
        	total number of unique sequences (excluding redundant sequences with 100 percent similarity): 75
        	effective number of sequences (with sequence identity 0.8): 50.906746031746025
        
[0;32mINFO[0;0m 2021-08-18 21:50:07,673 meanfield_dca get_single_site_freqs 
	Computing single site frequencies
[0;32mINFO[0;0m 2021-08-18 21:50:08,033 meanfield_dca get_reg_single_site_freqs 
	Regularizing single site frequencies
[0;32mINFO[0;0m 2021-08-18 21:50:08,158 meanfield_dca get_pair_site_freqs 
	Computing pair site frequencies
[0;32mINFO[0;0m 2021-08-18 21:50:11,328 meanfield_dca get_reg_pair_site_freqs 
	Regularizing pair site frequencies
[0;32mINFO[0;0m 2021-08-18 21:50:11,530 meanfield_dca construct_corr_mat 
	Constructing the correlation matrix
[0;32mINFO[0;0m 2021-08-18 21:50:11,849 meanfield_dca compute_couplings 
	Computing couplings
[0;32mINFO[0;0m 2021-08-18 21:50:12,455 meanfield_dca compute_couplings 
	Maximum and minimum couplings: 3.845314735847709, -20.000000000000014
[0;32mINFO[0;0m 2021-08-18 21:50:12,455 meanfield_dca compute_sorted_FN 
	Computing Frobenius norm of couplings
[0;32mINFO[0;0m 2021-08-18 21:50:12,714 meanfield_dca compute_sorted_FN_APC 
	Performing average product correction (APC) to Frobenius norm of couplings.
[0;32mINFO[0;0m 2021-08-18 21:50:12,746 dca_utilities write_sorted_dca_scores 
	Writing DCA scores to file MFDCA_output_4rum_A/MFDCA_apc_fn_scores_4rum_A.txt
[0;32mINFO[0;0m 2021-08-18 21:50:12,755 mfdca_main run_meanfield_dca 
	DONE
