[0;32mINFO[0;0m 2021-06-10 15:02:47,041 plmdca __init__ Created plmDCA instance with:
            biomolecule: RNA
            MSA sequence length: 62
            total number of (unweighted) sequences: 61
            sequence identity: 0.8
            lambda_h: 12.200000000000001
            lambda_J: 12.200000000000001
            gradient decent iterations: 500
            number of threads: 40
        
[0;32mINFO[0;0m 2021-06-10 15:02:47,042 plmdca get_fields_and_couplings_from_backend 
	Computing fields and couplings using gradient decent
Iteration 1:
fx = 2329.626221, xnorm = 12.216167, gnorm = 313.383759, step = 0.011795

Iteration 2:
fx = 1304.559570, xnorm = 6.274219, gnorm = 342.787323, step = 0.419519

Iteration 3:
fx = 766.998962, xnorm = 4.175835, gnorm = 232.546097, step = 1.000000

Iteration 4:
fx = 583.505249, xnorm = 4.026945, gnorm = 123.211815, step = 1.000000

Iteration 5:
fx = 546.153442, xnorm = 3.960131, gnorm = 64.619362, step = 1.000000

Iteration 6:
fx = 536.235596, xnorm = 3.862741, gnorm = 24.370855, step = 1.000000

Iteration 7:
fx = 533.941833, xnorm = 3.802163, gnorm = 19.260612, step = 1.000000

Iteration 8:
fx = 530.991272, xnorm = 3.656224, gnorm = 13.174791, step = 1.000000

Iteration 9:
fx = 530.414062, xnorm = 3.602849, gnorm = 9.615728, step = 0.410346

Iteration 10:
fx = 530.007263, xnorm = 3.561000, gnorm = 3.748478, step = 1.000000

Iteration 11:
fx = 529.944641, xnorm = 3.547931, gnorm = 2.301748, step = 1.000000

Iteration 12:
fx = 529.921326, xnorm = 3.539665, gnorm = 1.400880, step = 1.000000

Iteration 13:
fx = 529.892212, xnorm = 3.539794, gnorm = 0.995933, step = 1.000000

Iteration 14:
fx = 529.866028, xnorm = 3.538555, gnorm = 0.902711, step = 1.000000

Iteration 15:
fx = 529.862122, xnorm = 3.538251, gnorm = 0.350572, step = 1.000000

L-BFGS optimization terminated with status code = -1001
fx = 529.862061
[0;32mINFO[0;0m 2021-06-10 15:02:47,201 plmdca get_fields_and_couplings_from_backend 
	Data size expected from plmDCA backend: 47585
[0;32mINFO[0;0m 2021-06-10 15:02:47,201 plmdca get_fields_and_couplings_from_backend 
	Data size obtained from plmDCA backend to Python: 47585
[0;32mINFO[0;0m 2021-06-10 15:02:47,271 plmdca compute_sorted_FN 
	Computing non-APC sorted DCA score
[0;32mINFO[0;0m 2021-06-10 15:02:47,394 plmdca compute_sorted_FN_APC 
	Performing average product correction (APC) of FN  of DCA scores
[0;32mINFO[0;0m 2021-06-10 15:02:47,420 dca_utilities write_sorted_dca_scores 
	Writing DCA scores to file PLMDCA_output_PKB232/PLMDCA_apc_fn_scores_PKB232.txt
