[0;32mINFO[0;0m 2021-08-18 22:24:21,268 fasta_reader get_alignment_int_form 
	Found 125 non-standard residues in 91 sequences
[0;32mINFO[0;0m 2021-08-18 22:24:21,268 fasta_reader get_alignment_int_form 
	Total number of sequences read from file: 655
[0;32mINFO[0;0m 2021-08-18 22:24:21,269 meanfield_dca compute_sequences_weight 
	Computing sequences weights
[0;32mINFO[0;0m 2021-08-18 22:24:22,149 meanfield_dca __init__ 
	Created a MeanFieldDCA object with the following attributes
        	biomolecule: RNA
        	total states at sites: 5
        	pseudocount: 0.5
        	sequence identity: 0.8
        	alignment length: 68
        	total number of unique sequences (excluding redundant sequences with 100 percent similarity): 650
        	effective number of sequences (with sequence identity 0.8): 5.700474487443731
        
[0;32mINFO[0;0m 2021-08-18 22:24:22,150 meanfield_dca get_single_site_freqs 
	Computing single site frequencies
[0;32mINFO[0;0m 2021-08-18 22:24:22,509 meanfield_dca get_reg_single_site_freqs 
	Regularizing single site frequencies
[0;32mINFO[0;0m 2021-08-18 22:24:22,663 meanfield_dca get_pair_site_freqs 
	Computing pair site frequencies
[0;32mINFO[0;0m 2021-08-18 22:24:25,811 meanfield_dca get_reg_pair_site_freqs 
	Regularizing pair site frequencies
[0;32mINFO[0;0m 2021-08-18 22:24:26,010 meanfield_dca construct_corr_mat 
	Constructing the correlation matrix
[0;32mINFO[0;0m 2021-08-18 22:24:26,320 meanfield_dca compute_couplings 
	Computing couplings
[0;32mINFO[0;0m 2021-08-18 22:24:26,862 meanfield_dca compute_couplings 
	Maximum and minimum couplings: 3.961840190013544, -20.0
[0;32mINFO[0;0m 2021-08-18 22:24:26,862 meanfield_dca compute_sorted_FN 
	Computing Frobenius norm of couplings
[0;32mINFO[0;0m 2021-08-18 22:24:27,026 meanfield_dca compute_sorted_FN_APC 
	Performing average product correction (APC) to Frobenius norm of couplings.
[0;32mINFO[0;0m 2021-08-18 22:24:27,037 dca_utilities write_sorted_dca_scores 
	Writing DCA scores to file MFDCA_output_6u8k_A/MFDCA_apc_fn_scores_6u8k_A.txt
[0;32mINFO[0;0m 2021-08-18 22:24:27,043 mfdca_main run_meanfield_dca 
	DONE
