[0;32mINFO[0;0m 2021-06-10 13:30:12,261 fasta_reader get_alignment_int_form 
	Found 21 non-standard residues in 17 sequences
[0;32mINFO[0;0m 2021-06-10 13:30:12,261 fasta_reader get_alignment_int_form 
	Total number of sequences read from file: 382
[0;32mINFO[0;0m 2021-06-10 13:30:12,261 meanfield_dca compute_sequences_weight 
	Computing sequences weights
[0;32mINFO[0;0m 2021-06-10 13:30:13,559 meanfield_dca __init__ 
	Created a MeanFieldDCA object with the following attributes
        	biomolecule: RNA
        	total states at sites: 5
        	pseudocount: 0.5
        	sequence identity: 0.8
        	alignment length: 45
        	total number of unique sequences (excluding redundant sequences with 100 percent similarity): 381
        	effective number of sequences (with sequence identity 0.8): 5.520607649286209
        
[0;32mINFO[0;0m 2021-06-10 13:30:13,559 meanfield_dca get_single_site_freqs 
	Computing single site frequencies
[0;32mINFO[0;0m 2021-06-10 13:30:14,073 meanfield_dca get_reg_single_site_freqs 
	Regularizing single site frequencies
[0;32mINFO[0;0m 2021-06-10 13:30:14,250 meanfield_dca get_pair_site_freqs 
	Computing pair site frequencies
[0;32mINFO[0;0m 2021-06-10 13:30:18,455 meanfield_dca get_reg_pair_site_freqs 
	Regularizing pair site frequencies
[0;32mINFO[0;0m 2021-06-10 13:30:18,697 meanfield_dca construct_corr_mat 
	Constructing the correlation matrix
[0;32mINFO[0;0m 2021-06-10 13:30:19,145 meanfield_dca compute_couplings 
	Computing couplings
[0;32mINFO[0;0m 2021-06-10 13:30:20,022 meanfield_dca compute_couplings 
	Maximum and minimum couplings: 4.414692654846688, -20.000000000000025
[0;32mINFO[0;0m 2021-06-10 13:30:20,022 meanfield_dca compute_sorted_FN 
	Computing Frobenius norm of couplings
[0;32mINFO[0;0m 2021-06-10 13:30:20,136 meanfield_dca compute_sorted_FN_APC 
	Performing average product correction (APC) to Frobenius norm of couplings.
[0;32mINFO[0;0m 2021-06-10 13:30:20,145 dca_utilities write_sorted_dca_scores 
	Writing DCA scores to file MFDCA_output_PKB206/MFDCA_apc_fn_scores_PKB206.txt
[0;32mINFO[0;0m 2021-06-10 13:30:20,151 mfdca_main run_meanfield_dca 
	DONE
