[0;32mINFO[0;0m 2021-10-27 22:23:22,838 fasta_reader get_alignment_int_form 
	Total number of sequences read from file: 861
[0;32mINFO[0;0m 2021-10-27 22:23:22,838 meanfield_dca compute_sequences_weight 
	Computing sequences weights
[0;32mINFO[0;0m 2021-10-27 22:23:23,687 meanfield_dca __init__ 
	Created a MeanFieldDCA object with the following attributes
        	biomolecule: RNA
        	total states at sites: 5
        	pseudocount: 0.5
        	sequence identity: 0.8
        	alignment length: 107
        	total number of unique sequences (excluding redundant sequences with 100 percent similarity): 861
        	effective number of sequences (with sequence identity 0.8): 301.534020554678
        
[0;32mINFO[0;0m 2021-10-27 22:23:23,687 meanfield_dca get_single_site_freqs 
	Computing single site frequencies
[0;32mINFO[0;0m 2021-10-27 22:23:24,054 meanfield_dca get_reg_single_site_freqs 
	Regularizing single site frequencies
[0;32mINFO[0;0m 2021-10-27 22:23:24,206 meanfield_dca get_pair_site_freqs 
	Computing pair site frequencies
[0;32mINFO[0;0m 2021-10-27 22:23:27,373 meanfield_dca get_reg_pair_site_freqs 
	Regularizing pair site frequencies
[0;32mINFO[0;0m 2021-10-27 22:23:27,620 meanfield_dca construct_corr_mat 
	Constructing the correlation matrix
[0;32mINFO[0;0m 2021-10-27 22:23:27,882 meanfield_dca compute_couplings 
	Computing couplings
[0;32mINFO[0;0m 2021-10-27 22:23:28,515 meanfield_dca compute_couplings 
	Maximum and minimum couplings: 4.1121174274435575, -20.000000000000025
[0;32mINFO[0;0m 2021-10-27 22:23:28,515 meanfield_dca compute_sorted_FN 
	Computing Frobenius norm of couplings
[0;32mINFO[0;0m 2021-10-27 22:23:28,814 meanfield_dca compute_sorted_FN_APC 
	Performing average product correction (APC) to Frobenius norm of couplings.
[0;32mINFO[0;0m 2021-10-27 22:23:28,861 dca_utilities write_sorted_dca_scores 
	Writing DCA scores to file MFDCA_output_6dlq_A/MFDCA_apc_fn_scores_6dlq_A.txt
[0;32mINFO[0;0m 2021-10-27 22:23:28,873 mfdca_main run_meanfield_dca 
	DONE
