[0;32mINFO[0;0m 2021-05-22 18:52:47,452 fasta_reader get_alignment_int_form 
	Total number of sequences read from file: 44
[0;32mINFO[0;0m 2021-05-22 18:52:47,452 meanfield_dca compute_sequences_weight 
	Computing sequences weights
[0;32mINFO[0;0m 2021-05-22 18:52:48,304 meanfield_dca __init__ 
	Created a MeanFieldDCA object with the following attributes
        	biomolecule: RNA
        	total states at sites: 5
        	pseudocount: 0.5
        	sequence identity: 0.8
        	alignment length: 58
        	total number of unique sequences (excluding redundant sequences with 100 percent similarity): 44
        	effective number of sequences (with sequence identity 0.8): 9.833612092068236
        
[0;32mINFO[0;0m 2021-05-22 18:52:48,304 meanfield_dca get_single_site_freqs 
	Computing single site frequencies
[0;32mINFO[0;0m 2021-05-22 18:52:48,658 meanfield_dca get_reg_single_site_freqs 
	Regularizing single site frequencies
[0;32mINFO[0;0m 2021-05-22 18:52:48,778 meanfield_dca get_pair_site_freqs 
	Computing pair site frequencies
[0;32mINFO[0;0m 2021-05-22 18:52:52,119 meanfield_dca get_reg_pair_site_freqs 
	Regularizing pair site frequencies
[0;32mINFO[0;0m 2021-05-22 18:52:52,317 meanfield_dca construct_corr_mat 
	Constructing the correlation matrix
[0;32mINFO[0;0m 2021-05-22 18:52:52,634 meanfield_dca compute_couplings 
	Computing couplings
[0;32mINFO[0;0m 2021-05-22 18:52:53,149 meanfield_dca compute_couplings 
	Maximum and minimum couplings: 2.9845071203355467, -20.00000000000004
[0;32mINFO[0;0m 2021-05-22 18:52:53,149 meanfield_dca compute_sorted_FN 
	Computing Frobenius norm of couplings
[0;32mINFO[0;0m 2021-05-22 18:52:53,306 meanfield_dca compute_sorted_FN_APC 
	Performing average product correction (APC) to Frobenius norm of couplings.
[0;32mINFO[0;0m 2021-05-22 18:52:53,313 dca_utilities write_sorted_dca_scores 
	Writing DCA scores to file MFDCA_output_3lwo_D/MFDCA_apc_fn_scores_3lwo_D.txt
[0;32mINFO[0;0m 2021-05-22 18:52:53,317 mfdca_main run_meanfield_dca 
	DONE
