[0;32mINFO[0;0m 2021-06-10 13:31:44,283 fasta_reader get_alignment_int_form 
	Found 2 non-standard residues in 2 sequences
[0;32mINFO[0;0m 2021-06-10 13:31:44,283 fasta_reader get_alignment_int_form 
	Total number of sequences read from file: 68
[0;32mINFO[0;0m 2021-06-10 13:31:44,283 meanfield_dca compute_sequences_weight 
	Computing sequences weights
[0;32mINFO[0;0m 2021-06-10 13:31:45,948 meanfield_dca __init__ 
	Created a MeanFieldDCA object with the following attributes
        	biomolecule: RNA
        	total states at sites: 5
        	pseudocount: 0.5
        	sequence identity: 0.8
        	alignment length: 73
        	total number of unique sequences (excluding redundant sequences with 100 percent similarity): 67
        	effective number of sequences (with sequence identity 0.8): 12.921238522399515
        
[0;32mINFO[0;0m 2021-06-10 13:31:45,948 meanfield_dca get_single_site_freqs 
	Computing single site frequencies
[0;32mINFO[0;0m 2021-06-10 13:31:46,540 meanfield_dca get_reg_single_site_freqs 
	Regularizing single site frequencies
[0;32mINFO[0;0m 2021-06-10 13:31:46,693 meanfield_dca get_pair_site_freqs 
	Computing pair site frequencies
[0;32mINFO[0;0m 2021-06-10 13:31:50,673 meanfield_dca get_reg_pair_site_freqs 
	Regularizing pair site frequencies
[0;32mINFO[0;0m 2021-06-10 13:31:50,913 meanfield_dca construct_corr_mat 
	Constructing the correlation matrix
[0;32mINFO[0;0m 2021-06-10 13:31:51,272 meanfield_dca compute_couplings 
	Computing couplings
[0;32mINFO[0;0m 2021-06-10 13:31:52,993 meanfield_dca compute_couplings 
	Maximum and minimum couplings: 2.0548372717578043, -20.0
[0;32mINFO[0;0m 2021-06-10 13:31:52,994 meanfield_dca compute_sorted_FN 
	Computing Frobenius norm of couplings
[0;32mINFO[0;0m 2021-06-10 13:31:53,215 meanfield_dca compute_sorted_FN_APC 
	Performing average product correction (APC) to Frobenius norm of couplings.
[0;32mINFO[0;0m 2021-06-10 13:31:53,234 dca_utilities write_sorted_dca_scores 
	Writing DCA scores to file MFDCA_output_PKB217/MFDCA_apc_fn_scores_PKB217.txt
[0;32mINFO[0;0m 2021-06-10 13:31:53,241 mfdca_main run_meanfield_dca 
	DONE
