[0;32mINFO[0;0m 2021-10-28 10:08:36,048 plmdca __init__ Created plmDCA instance with:
            biomolecule: RNA
            MSA sequence length: 65
            total number of (unweighted) sequences: 55
            sequence identity: 0.8
            lambda_h: 12.8
            lambda_J: 12.8
            gradient decent iterations: 500
            number of threads: 40
        
[0;32mINFO[0;0m 2021-10-28 10:08:36,048 plmdca get_fields_and_couplings_from_backend 
	Computing fields and couplings using gradient decent
Iteration 1:
fx = 1344.015503, xnorm = 9.096162, gnorm = 230.626587, step = 0.013640

Iteration 2:
fx = 1036.208862, xnorm = 4.374476, gnorm = 345.207703, step = 1.000000

Iteration 3:
fx = 545.791565, xnorm = 4.407385, gnorm = 167.622528, step = 1.000000

Iteration 4:
fx = 385.260681, xnorm = 3.584206, gnorm = 76.045303, step = 1.000000

Iteration 5:
fx = 360.213989, xnorm = 3.291784, gnorm = 41.989403, step = 1.000000

Iteration 6:
fx = 350.301270, xnorm = 3.267066, gnorm = 12.078772, step = 1.000000

Iteration 7:
fx = 349.368988, xnorm = 3.205407, gnorm = 6.700782, step = 1.000000

Iteration 8:
fx = 348.969543, xnorm = 3.140590, gnorm = 3.222187, step = 1.000000

Iteration 9:
fx = 348.953186, xnorm = 3.137854, gnorm = 1.907809, step = 0.184431

Iteration 10:
fx = 348.952515, xnorm = 3.137152, gnorm = 1.525844, step = 0.204196

Iteration 11:
fx = 348.948029, xnorm = 3.136642, gnorm = 1.076688, step = 0.287716

Iteration 12:
fx = 348.947754, xnorm = 3.136461, gnorm = 0.867433, step = 0.193531

Iteration 13:
fx = 348.946411, xnorm = 3.136496, gnorm = 0.636526, step = 0.251359

L-BFGS optimization terminated with status code = -1001
fx = 348.946411
[0;32mINFO[0;0m 2021-10-28 10:08:36,122 plmdca get_fields_and_couplings_from_backend 
	Data size expected from plmDCA backend: 52325
[0;32mINFO[0;0m 2021-10-28 10:08:36,122 plmdca get_fields_and_couplings_from_backend 
	Data size obtained from plmDCA backend to Python: 52325
[0;32mINFO[0;0m 2021-10-28 10:08:36,157 plmdca compute_sorted_FN 
	Computing non-APC sorted DCA score
[0;32mINFO[0;0m 2021-10-28 10:08:36,246 plmdca compute_sorted_FN_APC 
	Performing average product correction (APC) of FN  of DCA scores
[0;32mINFO[0;0m 2021-10-28 10:08:36,261 dca_utilities write_sorted_dca_scores 
	Writing DCA scores to file PLMDCA_output_4v2s_Q/PLMDCA_apc_fn_scores_4v2s_Q.txt
