[0;32mINFO[0;0m 2021-08-19 11:20:30,919 plmdca __init__ Created plmDCA instance with:
            biomolecule: RNA
            MSA sequence length: 33
            total number of (unweighted) sequences: 2612
            sequence identity: 0.8
            lambda_h: 6.4
            lambda_J: 6.4
            gradient decent iterations: 500
            number of threads: 40
        
[0;32mINFO[0;0m 2021-08-19 11:20:30,919 plmdca get_fields_and_couplings_from_backend 
	Computing fields and couplings using gradient decent
Iteration 1:
fx = 613.450745, xnorm = 8.156053, gnorm = 105.756935, step = 0.008372

Iteration 2:
fx = 397.921783, xnorm = 3.986786, gnorm = 147.450974, step = 0.441607

Iteration 3:
fx = 214.979095, xnorm = 3.427331, gnorm = 47.837326, step = 1.000000

Iteration 4:
fx = 187.413010, xnorm = 2.661458, gnorm = 15.143397, step = 1.000000

Iteration 5:
fx = 186.769379, xnorm = 2.476677, gnorm = 10.249608, step = 1.000000

Iteration 6:
fx = 185.893982, xnorm = 2.476805, gnorm = 1.936180, step = 1.000000

Iteration 7:
fx = 185.816681, xnorm = 2.471807, gnorm = 1.146018, step = 1.000000

Iteration 8:
fx = 185.783218, xnorm = 2.447569, gnorm = 0.698374, step = 1.000000

Iteration 9:
fx = 185.775131, xnorm = 2.444288, gnorm = 0.216976, step = 0.366844

Iteration 10:
fx = 185.770157, xnorm = 2.444027, gnorm = 0.113065, step = 1.000000

L-BFGS optimization terminated with status code = -1001
fx = 185.770157
[0;32mINFO[0;0m 2021-08-19 11:20:31,056 plmdca get_fields_and_couplings_from_backend 
	Data size expected from plmDCA backend: 13365
[0;32mINFO[0;0m 2021-08-19 11:20:31,056 plmdca get_fields_and_couplings_from_backend 
	Data size obtained from plmDCA backend to Python: 13365
[0;32mINFO[0;0m 2021-08-19 11:20:31,068 plmdca compute_sorted_FN 
	Computing non-APC sorted DCA score
[0;32mINFO[0;0m 2021-08-19 11:20:31,094 plmdca compute_sorted_FN_APC 
	Performing average product correction (APC) of FN  of DCA scores
[0;32mINFO[0;0m 2021-08-19 11:20:31,096 dca_utilities write_sorted_dca_scores 
	Writing DCA scores to file PLMDCA_output_2ozb_C/PLMDCA_apc_fn_scores_2ozb_C.txt
