[0;32mINFO[0;0m 2021-08-18 22:13:33,239 fasta_reader get_alignment_int_form 
	Found 1 non-standard residues in 1 sequences
[0;32mINFO[0;0m 2021-08-18 22:13:33,240 fasta_reader get_alignment_int_form 
	Total number of sequences read from file: 784
[0;32mINFO[0;0m 2021-08-18 22:13:33,240 meanfield_dca compute_sequences_weight 
	Computing sequences weights
[0;32mINFO[0;0m 2021-08-18 22:13:34,088 meanfield_dca __init__ 
	Created a MeanFieldDCA object with the following attributes
        	biomolecule: RNA
        	total states at sites: 5
        	pseudocount: 0.5
        	sequence identity: 0.8
        	alignment length: 43
        	total number of unique sequences (excluding redundant sequences with 100 percent similarity): 784
        	effective number of sequences (with sequence identity 0.8): 232.384549804004
        
[0;32mINFO[0;0m 2021-08-18 22:13:34,089 meanfield_dca get_single_site_freqs 
	Computing single site frequencies
[0;32mINFO[0;0m 2021-08-18 22:13:34,448 meanfield_dca get_reg_single_site_freqs 
	Regularizing single site frequencies
[0;32mINFO[0;0m 2021-08-18 22:13:34,601 meanfield_dca get_pair_site_freqs 
	Computing pair site frequencies
[0;32mINFO[0;0m 2021-08-18 22:13:37,737 meanfield_dca get_reg_pair_site_freqs 
	Regularizing pair site frequencies
[0;32mINFO[0;0m 2021-08-18 22:13:37,936 meanfield_dca construct_corr_mat 
	Constructing the correlation matrix
[0;32mINFO[0;0m 2021-08-18 22:13:38,246 meanfield_dca compute_couplings 
	Computing couplings
[0;32mINFO[0;0m 2021-08-18 22:13:38,743 meanfield_dca compute_couplings 
	Maximum and minimum couplings: 2.618044045225826, -20.0
[0;32mINFO[0;0m 2021-08-18 22:13:38,744 meanfield_dca compute_sorted_FN 
	Computing Frobenius norm of couplings
[0;32mINFO[0;0m 2021-08-18 22:13:38,838 meanfield_dca compute_sorted_FN_APC 
	Performing average product correction (APC) to Frobenius norm of couplings.
[0;32mINFO[0;0m 2021-08-18 22:13:38,846 dca_utilities write_sorted_dca_scores 
	Writing DCA scores to file MFDCA_output_5o6u_A/MFDCA_apc_fn_scores_5o6u_A.txt
[0;32mINFO[0;0m 2021-08-18 22:13:38,853 mfdca_main run_meanfield_dca 
	DONE
