[0;32mINFO[0;0m 2021-06-10 13:17:19,142 fasta_reader get_alignment_int_form 
	Total number of sequences read from file: 2
[0;32mINFO[0;0m 2021-06-10 13:17:19,142 meanfield_dca compute_sequences_weight 
	Computing sequences weights
[0;32mINFO[0;0m 2021-06-10 13:17:20,268 meanfield_dca __init__ 
	Created a MeanFieldDCA object with the following attributes
        	biomolecule: RNA
        	total states at sites: 5
        	pseudocount: 0.5
        	sequence identity: 0.8
        	alignment length: 26
        	total number of unique sequences (excluding redundant sequences with 100 percent similarity): 1
        	effective number of sequences (with sequence identity 0.8): 1.0
        
[0;32mINFO[0;0m 2021-06-10 13:17:20,269 meanfield_dca get_single_site_freqs 
	Computing single site frequencies
[0;32mINFO[0;0m 2021-06-10 13:17:20,718 meanfield_dca get_reg_single_site_freqs 
	Regularizing single site frequencies
[0;32mINFO[0;0m 2021-06-10 13:17:20,870 meanfield_dca get_pair_site_freqs 
	Computing pair site frequencies
[0;32mINFO[0;0m 2021-06-10 13:17:24,974 meanfield_dca get_reg_pair_site_freqs 
	Regularizing pair site frequencies
[0;32mINFO[0;0m 2021-06-10 13:17:25,223 meanfield_dca construct_corr_mat 
	Constructing the correlation matrix
[0;32mINFO[0;0m 2021-06-10 13:17:25,625 meanfield_dca compute_couplings 
	Computing couplings
[0;32mINFO[0;0m 2021-06-10 13:17:26,572 meanfield_dca compute_couplings 
	Maximum and minimum couplings: 0.47169811320755933, -20.0
[0;32mINFO[0;0m 2021-06-10 13:17:26,573 meanfield_dca compute_sorted_FN 
	Computing Frobenius norm of couplings
[0;32mINFO[0;0m 2021-06-10 13:17:26,634 meanfield_dca compute_sorted_FN_APC 
	Performing average product correction (APC) to Frobenius norm of couplings.
[0;32mINFO[0;0m 2021-06-10 13:17:26,636 dca_utilities write_sorted_dca_scores 
	Writing DCA scores to file MFDCA_output_PKB121/MFDCA_apc_fn_scores_PKB121.txt
[0;32mINFO[0;0m 2021-06-10 13:17:26,639 mfdca_main run_meanfield_dca 
	DONE
