[0;32mINFO[0;0m 2021-08-19 12:42:26,798 plmdca __init__ Created plmDCA instance with:
            biomolecule: RNA
            MSA sequence length: 46
            total number of (unweighted) sequences: 1388
            sequence identity: 0.8
            lambda_h: 9.0
            lambda_J: 9.0
            gradient decent iterations: 500
            number of threads: 40
        
[0;32mINFO[0;0m 2021-08-19 12:42:26,798 plmdca get_fields_and_couplings_from_backend 
	Computing fields and couplings using gradient decent
Iteration 1:
fx = 2230.177246, xnorm = 13.066775, gnorm = 252.765762, step = 0.003618

Iteration 2:
fx = 1084.594360, xnorm = 7.929615, gnorm = 228.016418, step = 1.000000

Iteration 3:
fx = 941.069824, xnorm = 5.054766, gnorm = 252.027603, step = 1.000000

Iteration 4:
fx = 619.287048, xnorm = 4.480584, gnorm = 79.071526, step = 1.000000

Iteration 5:
fx = 603.760925, xnorm = 4.434557, gnorm = 64.474960, step = 1.000000

Iteration 6:
fx = 589.854126, xnorm = 4.330547, gnorm = 24.918915, step = 1.000000

Iteration 7:
fx = 586.851379, xnorm = 4.229461, gnorm = 17.848478, step = 1.000000

Iteration 8:
fx = 583.898376, xnorm = 4.001215, gnorm = 18.133364, step = 1.000000

Iteration 9:
fx = 583.117676, xnorm = 3.973154, gnorm = 7.169673, step = 0.412633

Iteration 10:
fx = 582.930603, xnorm = 3.986886, gnorm = 4.402188, step = 1.000000

Iteration 11:
fx = 582.819946, xnorm = 3.987955, gnorm = 2.855178, step = 1.000000

Iteration 12:
fx = 582.695251, xnorm = 3.992756, gnorm = 2.460352, step = 1.000000

Iteration 13:
fx = 582.678711, xnorm = 3.992822, gnorm = 1.071303, step = 0.388678

Iteration 14:
fx = 582.669495, xnorm = 3.993299, gnorm = 0.505821, step = 1.000000

Iteration 15:
fx = 582.667297, xnorm = 3.993537, gnorm = 0.381374, step = 1.000000

L-BFGS optimization terminated with status code = -1001
fx = 582.667236
[0;32mINFO[0;0m 2021-08-19 12:42:26,944 plmdca get_fields_and_couplings_from_backend 
	Data size expected from plmDCA backend: 26105
[0;32mINFO[0;0m 2021-08-19 12:42:26,944 plmdca get_fields_and_couplings_from_backend 
	Data size obtained from plmDCA backend to Python: 26105
[0;32mINFO[0;0m 2021-08-19 12:42:26,960 plmdca compute_sorted_FN 
	Computing non-APC sorted DCA score
[0;32mINFO[0;0m 2021-08-19 12:42:27,004 plmdca compute_sorted_FN_APC 
	Performing average product correction (APC) of FN  of DCA scores
[0;32mINFO[0;0m 2021-08-19 12:42:27,010 dca_utilities write_sorted_dca_scores 
	Writing DCA scores to file PLMDCA_output_3ciy_C/PLMDCA_apc_fn_scores_3ciy_C.txt
