[0;32mINFO[0;0m 2021-08-19 12:42:42,899 plmdca __init__ Created plmDCA instance with:
            biomolecule: RNA
            MSA sequence length: 66
            total number of (unweighted) sequences: 48
            sequence identity: 0.8
            lambda_h: 13.0
            lambda_J: 13.0
            gradient decent iterations: 500
            number of threads: 40
        
[0;32mINFO[0;0m 2021-08-19 12:42:42,900 plmdca get_fields_and_couplings_from_backend 
	Computing fields and couplings using gradient decent
Iteration 1:
fx = 860.382324, xnorm = 7.183597, gnorm = 179.236389, step = 0.015844

Iteration 2:
fx = 627.877991, xnorm = 2.406020, gnorm = 267.492340, step = 1.000000

Iteration 3:
fx = 334.690308, xnorm = 3.565936, gnorm = 98.984734, step = 1.000000

Iteration 4:
fx = 262.661804, xnorm = 2.828825, gnorm = 30.156178, step = 1.000000

Iteration 5:
fx = 259.494720, xnorm = 2.629680, gnorm = 11.263135, step = 1.000000

Iteration 6:
fx = 258.374695, xnorm = 2.664543, gnorm = 2.424266, step = 1.000000

Iteration 7:
fx = 258.345947, xnorm = 2.660338, gnorm = 1.230303, step = 1.000000

L-BFGS optimization terminated with status code = -1001
fx = 258.345520
[0;32mINFO[0;0m 2021-08-19 12:42:42,964 plmdca get_fields_and_couplings_from_backend 
	Data size expected from plmDCA backend: 53955
[0;32mINFO[0;0m 2021-08-19 12:42:42,964 plmdca get_fields_and_couplings_from_backend 
	Data size obtained from plmDCA backend to Python: 53955
[0;32mINFO[0;0m 2021-08-19 12:42:42,999 plmdca compute_sorted_FN 
	Computing non-APC sorted DCA score
[0;32mINFO[0;0m 2021-08-19 12:42:43,100 plmdca compute_sorted_FN_APC 
	Performing average product correction (APC) of FN  of DCA scores
[0;32mINFO[0;0m 2021-08-19 12:42:43,115 dca_utilities write_sorted_dca_scores 
	Writing DCA scores to file PLMDCA_output_3r4f_A/PLMDCA_apc_fn_scores_3r4f_A.txt
