[0;32mINFO[0;0m 2021-10-19 19:57:01,642 fasta_reader get_alignment_int_form 
	Found 56 non-standard residues in 39 sequences
[0;32mINFO[0;0m 2021-10-19 19:57:01,643 fasta_reader get_alignment_int_form 
	Total number of sequences read from file: 50000
[0;32mINFO[0;0m 2021-10-19 19:57:01,652 meanfield_dca compute_sequences_weight 
	Computing sequences weights
[0;32mINFO[0;0m 2021-10-19 19:57:09,686 meanfield_dca __init__ 
	Created a MeanFieldDCA object with the following attributes
        	biomolecule: RNA
        	total states at sites: 5
        	pseudocount: 0.5
        	sequence identity: 0.8
        	alignment length: 75
        	total number of unique sequences (excluding redundant sequences with 100 percent similarity): 38181
        	effective number of sequences (with sequence identity 0.8): 3478.3203960721485
        
[0;32mINFO[0;0m 2021-10-19 19:57:09,701 meanfield_dca get_single_site_freqs 
	Computing single site frequencies
[0;32mINFO[0;0m 2021-10-19 19:57:10,945 meanfield_dca get_reg_single_site_freqs 
	Regularizing single site frequencies
[0;32mINFO[0;0m 2021-10-19 19:57:11,194 meanfield_dca get_pair_site_freqs 
	Computing pair site frequencies
[0;32mINFO[0;0m 2021-10-19 19:57:21,926 meanfield_dca get_reg_pair_site_freqs 
	Regularizing pair site frequencies
[0;32mINFO[0;0m 2021-10-19 19:57:22,352 meanfield_dca construct_corr_mat 
	Constructing the correlation matrix
[0;32mINFO[0;0m 2021-10-19 19:57:23,041 meanfield_dca compute_couplings 
	Computing couplings
[0;32mINFO[0;0m 2021-10-19 19:57:25,430 meanfield_dca compute_couplings 
	Maximum and minimum couplings: 3.629921464412302, -19.391499292085157
[0;32mINFO[0;0m 2021-10-19 19:57:25,431 meanfield_dca compute_sorted_FN 
	Computing Frobenius norm of couplings
[0;32mINFO[0;0m 2021-10-19 19:57:25,771 meanfield_dca compute_sorted_FN_APC 
	Performing average product correction (APC) to Frobenius norm of couplings.
[0;32mINFO[0;0m 2021-10-19 19:57:25,808 dca_utilities write_sorted_dca_scores 
	Writing DCA scores to file MFDCA_output_2csx_C/MFDCA_apc_fn_scores_2csx_C.txt
[0;32mINFO[0;0m 2021-10-19 19:57:25,835 mfdca_main run_meanfield_dca 
	DONE
