[0;32mINFO[0;0m 2021-09-18 15:12:03,164 fasta_reader get_alignment_int_form 
	Found 18 non-standard residues in 11 sequences
[0;32mINFO[0;0m 2021-09-18 15:12:03,164 fasta_reader get_alignment_int_form 
	Total number of sequences read from file: 9102
[0;32mINFO[0;0m 2021-09-18 15:12:03,166 meanfield_dca compute_sequences_weight 
	Computing sequences weights
[0;32mINFO[0;0m 2021-09-18 15:12:04,243 meanfield_dca __init__ 
	Created a MeanFieldDCA object with the following attributes
        	biomolecule: RNA
        	total states at sites: 5
        	pseudocount: 0.5
        	sequence identity: 0.8
        	alignment length: 72
        	total number of unique sequences (excluding redundant sequences with 100 percent similarity): 9101
        	effective number of sequences (with sequence identity 0.8): 275.487450394594
        
[0;32mINFO[0;0m 2021-09-18 15:12:04,243 meanfield_dca get_single_site_freqs 
	Computing single site frequencies
[0;32mINFO[0;0m 2021-09-18 15:12:04,648 meanfield_dca get_reg_single_site_freqs 
	Regularizing single site frequencies
[0;32mINFO[0;0m 2021-09-18 15:12:04,807 meanfield_dca get_pair_site_freqs 
	Computing pair site frequencies
[0;32mINFO[0;0m 2021-09-18 15:12:08,310 meanfield_dca get_reg_pair_site_freqs 
	Regularizing pair site frequencies
[0;32mINFO[0;0m 2021-09-18 15:12:08,561 meanfield_dca construct_corr_mat 
	Constructing the correlation matrix
[0;32mINFO[0;0m 2021-09-18 15:12:08,822 meanfield_dca compute_couplings 
	Computing couplings
[0;32mINFO[0;0m 2021-09-18 15:12:09,370 meanfield_dca compute_couplings 
	Maximum and minimum couplings: 3.879870799379399, -19.004207255012364
[0;32mINFO[0;0m 2021-09-18 15:12:09,370 meanfield_dca compute_sorted_FN 
	Computing Frobenius norm of couplings
[0;32mINFO[0;0m 2021-09-18 15:12:09,546 meanfield_dca compute_sorted_FN_APC 
	Performing average product correction (APC) to Frobenius norm of couplings.
[0;32mINFO[0;0m 2021-09-18 15:12:09,560 dca_utilities write_sorted_dca_scores 
	Writing DCA scores to file MFDCA_output_PKB218/MFDCA_apc_fn_scores_PKB218.txt
[0;32mINFO[0;0m 2021-09-18 15:12:09,567 mfdca_main run_meanfield_dca 
	DONE
