[0;32mINFO[0;0m 2021-09-18 15:03:44,030 fasta_reader get_alignment_int_form 
	Total number of sequences read from file: 23
[0;32mINFO[0;0m 2021-09-18 15:03:44,031 meanfield_dca compute_sequences_weight 
	Computing sequences weights
[0;32mINFO[0;0m 2021-09-18 15:03:44,911 meanfield_dca __init__ 
	Created a MeanFieldDCA object with the following attributes
        	biomolecule: RNA
        	total states at sites: 5
        	pseudocount: 0.5
        	sequence identity: 0.8
        	alignment length: 40
        	total number of unique sequences (excluding redundant sequences with 100 percent similarity): 22
        	effective number of sequences (with sequence identity 0.8): 3.131431966726084
        
[0;32mINFO[0;0m 2021-09-18 15:03:44,912 meanfield_dca get_single_site_freqs 
	Computing single site frequencies
[0;32mINFO[0;0m 2021-09-18 15:03:45,272 meanfield_dca get_reg_single_site_freqs 
	Regularizing single site frequencies
[0;32mINFO[0;0m 2021-09-18 15:03:45,394 meanfield_dca get_pair_site_freqs 
	Computing pair site frequencies
[0;32mINFO[0;0m 2021-09-18 15:03:48,571 meanfield_dca get_reg_pair_site_freqs 
	Regularizing pair site frequencies
[0;32mINFO[0;0m 2021-09-18 15:03:48,769 meanfield_dca construct_corr_mat 
	Constructing the correlation matrix
[0;32mINFO[0;0m 2021-09-18 15:03:49,084 meanfield_dca compute_couplings 
	Computing couplings
[0;32mINFO[0;0m 2021-09-18 15:03:49,559 meanfield_dca compute_couplings 
	Maximum and minimum couplings: 5.004728310819217, -20.000000000000018
[0;32mINFO[0;0m 2021-09-18 15:03:49,560 meanfield_dca compute_sorted_FN 
	Computing Frobenius norm of couplings
[0;32mINFO[0;0m 2021-09-18 15:03:49,649 meanfield_dca compute_sorted_FN_APC 
	Performing average product correction (APC) to Frobenius norm of couplings.
[0;32mINFO[0;0m 2021-09-18 15:03:49,656 dca_utilities write_sorted_dca_scores 
	Writing DCA scores to file MFDCA_output_PKB130/MFDCA_apc_fn_scores_PKB130.txt
[0;32mINFO[0;0m 2021-09-18 15:03:49,662 mfdca_main run_meanfield_dca 
	DONE
