[0;32mINFO[0;0m 2021-08-19 11:44:46,644 plmdca __init__ Created plmDCA instance with:
            biomolecule: RNA
            MSA sequence length: 55
            total number of (unweighted) sequences: 9841
            sequence identity: 0.8
            lambda_h: 10.8
            lambda_J: 10.8
            gradient decent iterations: 500
            number of threads: 40
        
[0;32mINFO[0;0m 2021-08-19 11:44:46,644 plmdca get_fields_and_couplings_from_backend 
	Computing fields and couplings using gradient decent
Iteration 1:
fx = 62590.980469, xnorm = 20.570776, gnorm = 9853.849609, step = 0.000120

Iteration 2:
fx = 59360.414062, xnorm = 20.569151, gnorm = 3998.419434, step = 1.000000

Iteration 3:
fx = 57975.527344, xnorm = 20.533104, gnorm = 3462.668945, step = 1.000000

Iteration 4:
fx = 53651.089844, xnorm = 20.460283, gnorm = 3196.980957, step = 1.000000

Iteration 5:
fx = 51616.023438, xnorm = 20.595856, gnorm = 6105.594727, step = 1.000000

Iteration 6:
fx = 48343.617188, xnorm = 21.067978, gnorm = 3002.811523, step = 1.000000

Iteration 7:
fx = 47066.195312, xnorm = 21.374123, gnorm = 2367.131836, step = 1.000000

Iteration 8:
fx = 44811.007812, xnorm = 22.292242, gnorm = 2296.706543, step = 1.000000

Iteration 9:
fx = 43634.289062, xnorm = 23.777510, gnorm = 3452.064697, step = 1.000000

Iteration 10:
fx = 41878.460938, xnorm = 23.414553, gnorm = 2161.585449, step = 1.000000

Iteration 11:
fx = 40740.843750, xnorm = 22.642538, gnorm = 2422.998779, step = 1.000000

Iteration 12:
fx = 40151.578125, xnorm = 22.764730, gnorm = 1166.071045, step = 1.000000

Iteration 13:
fx = 39785.757812, xnorm = 22.695333, gnorm = 1176.783203, step = 1.000000

Iteration 14:
fx = 39076.691406, xnorm = 22.477806, gnorm = 1760.106934, step = 1.000000

Iteration 15:
fx = 38545.578125, xnorm = 22.357635, gnorm = 2516.342773, step = 1.000000

Iteration 16:
fx = 38085.718750, xnorm = 22.387058, gnorm = 1775.269287, step = 1.000000

Iteration 17:
fx = 37784.859375, xnorm = 22.381481, gnorm = 1270.638550, step = 1.000000

Iteration 18:
fx = 37560.949219, xnorm = 22.378918, gnorm = 1462.467896, step = 1.000000

Iteration 19:
fx = 37299.980469, xnorm = 22.370697, gnorm = 842.966492, step = 1.000000

Iteration 20:
fx = 36751.132812, xnorm = 22.408243, gnorm = 861.474487, step = 1.000000

Iteration 21:
fx = 36567.734375, xnorm = 22.585775, gnorm = 2072.264404, step = 1.000000

Iteration 22:
fx = 36208.859375, xnorm = 22.681355, gnorm = 838.406189, step = 1.000000

Iteration 23:
fx = 36098.359375, xnorm = 22.668537, gnorm = 793.205017, step = 1.000000

Iteration 24:
fx = 35987.542969, xnorm = 22.728418, gnorm = 1904.264526, step = 1.000000

Iteration 25:
fx = 35724.324219, xnorm = 22.852163, gnorm = 833.239319, step = 1.000000

Iteration 26:
fx = 35632.332031, xnorm = 22.891951, gnorm = 649.009155, step = 1.000000

Iteration 27:
fx = 35458.363281, xnorm = 23.059429, gnorm = 746.858154, step = 1.000000

Iteration 28:
fx = 35360.039062, xnorm = 23.256479, gnorm = 780.229797, step = 1.000000

Iteration 29:
fx = 35276.593750, xnorm = 23.353325, gnorm = 528.604431, step = 1.000000

Iteration 30:
fx = 35214.507812, xnorm = 23.248615, gnorm = 482.456146, step = 1.000000

Iteration 31:
fx = 35144.382812, xnorm = 23.106453, gnorm = 396.218506, step = 1.000000

Iteration 32:
fx = 35022.093750, xnorm = 22.871204, gnorm = 611.314026, step = 1.000000

Iteration 33:
fx = 34963.863281, xnorm = 22.788471, gnorm = 485.436523, step = 0.437081

Iteration 34:
fx = 34905.324219, xnorm = 22.795916, gnorm = 361.633881, step = 1.000000

Iteration 35:
fx = 34861.378906, xnorm = 22.871101, gnorm = 583.371704, step = 1.000000

Iteration 36:
fx = 34804.660156, xnorm = 22.869259, gnorm = 339.623627, step = 1.000000

Iteration 37:
fx = 34769.750000, xnorm = 22.803574, gnorm = 303.714905, step = 1.000000

Iteration 38:
fx = 34719.339844, xnorm = 22.591719, gnorm = 520.018616, step = 1.000000

Iteration 39:
fx = 34698.488281, xnorm = 22.499498, gnorm = 404.330902, step = 1.000000

Iteration 40:
fx = 34680.253906, xnorm = 22.486961, gnorm = 273.773071, step = 1.000000

Iteration 41:
fx = 34647.363281, xnorm = 22.357815, gnorm = 220.398926, step = 1.000000

Iteration 42:
fx = 34629.687500, xnorm = 22.175026, gnorm = 471.060242, step = 1.000000

Iteration 43:
fx = 34616.375000, xnorm = 22.122181, gnorm = 185.419952, step = 1.000000

Iteration 44:
fx = 34610.234375, xnorm = 22.079088, gnorm = 152.808914, step = 1.000000

Iteration 45:
fx = 34601.746094, xnorm = 21.995974, gnorm = 169.248871, step = 1.000000

Iteration 46:
fx = 34592.195312, xnorm = 21.914104, gnorm = 207.847412, step = 1.000000

Iteration 47:
fx = 34584.710938, xnorm = 21.789619, gnorm = 185.369263, step = 1.000000

Iteration 48:
fx = 34576.980469, xnorm = 21.763878, gnorm = 133.784897, step = 1.000000

Iteration 49:
fx = 34572.605469, xnorm = 21.716309, gnorm = 118.804771, step = 1.000000

Iteration 50:
fx = 34569.695312, xnorm = 21.667521, gnorm = 185.614914, step = 1.000000

Iteration 51:
fx = 34567.531250, xnorm = 21.647625, gnorm = 98.782959, step = 1.000000

Iteration 52:
fx = 34565.742188, xnorm = 21.605461, gnorm = 87.484901, step = 1.000000

Iteration 53:
fx = 34564.675781, xnorm = 21.570110, gnorm = 91.246353, step = 1.000000

Iteration 54:
fx = 34563.390625, xnorm = 21.539993, gnorm = 104.345726, step = 0.326491

Iteration 55:
fx = 34562.144531, xnorm = 21.487133, gnorm = 59.792267, step = 1.000000

Iteration 56:
fx = 34560.503906, xnorm = 21.462620, gnorm = 55.104004, step = 1.000000

Iteration 57:
fx = 34559.726562, xnorm = 21.441145, gnorm = 54.113945, step = 0.405411

Iteration 58:
fx = 34557.125000, xnorm = 21.416134, gnorm = 52.945812, step = 1.000000

Iteration 59:
fx = 34556.382812, xnorm = 21.397524, gnorm = 72.665680, step = 1.000000

Iteration 60:
fx = 34553.773438, xnorm = 21.382648, gnorm = 44.514214, step = 1.000000

Iteration 61:
fx = 34553.171875, xnorm = 21.368723, gnorm = 71.626945, step = 1.000000

Iteration 62:
fx = 34551.238281, xnorm = 21.365677, gnorm = 36.856102, step = 1.000000

L-BFGS optimization terminated with status code = -1001
fx = 34551.234375
[0;32mINFO[0;0m 2021-08-19 11:44:49,328 plmdca get_fields_and_couplings_from_backend 
	Data size expected from plmDCA backend: 37400
[0;32mINFO[0;0m 2021-08-19 11:44:49,328 plmdca get_fields_and_couplings_from_backend 
	Data size obtained from plmDCA backend to Python: 37400
[0;32mINFO[0;0m 2021-08-19 11:44:49,351 plmdca compute_sorted_FN 
	Computing non-APC sorted DCA score
[0;32mINFO[0;0m 2021-08-19 11:44:49,426 plmdca compute_sorted_FN_APC 
	Performing average product correction (APC) of FN  of DCA scores
[0;32mINFO[0;0m 2021-08-19 11:44:49,435 dca_utilities write_sorted_dca_scores 
	Writing DCA scores to file PLMDCA_output_5ef1_W/PLMDCA_apc_fn_scores_5ef1_W.txt
