[0;32mINFO[0;0m 2021-05-22 19:35:31,321 plmdca __init__ Created plmDCA instance with:
            biomolecule: RNA
            MSA sequence length: 88
            total number of (unweighted) sequences: 25000
            sequence identity: 0.8
            lambda_h: 17.400000000000002
            lambda_J: 17.400000000000002
            gradient decent iterations: 500
            number of threads: 40
        
[0;32mINFO[0;0m 2021-05-22 19:35:31,321 plmdca get_fields_and_couplings_from_backend 
	Computing fields and couplings using gradient decent
Iteration 1:
fx = 153477.265625, xnorm = 28.484348, gnorm = 20208.513672, step = 0.000062

Iteration 2:
fx = 146002.156250, xnorm = 28.450989, gnorm = 12655.344727, step = 1.000000

Iteration 3:
fx = 134637.640625, xnorm = 28.375349, gnorm = 10614.890625, step = 1.000000

Iteration 4:
fx = 123699.632812, xnorm = 28.417513, gnorm = 9546.125000, step = 1.000000

Iteration 5:
fx = 113973.812500, xnorm = 28.934708, gnorm = 12995.587891, step = 1.000000

Iteration 6:
fx = 104963.351562, xnorm = 29.978245, gnorm = 8114.909180, step = 1.000000

Iteration 7:
fx = 100502.171875, xnorm = 30.901819, gnorm = 5628.225586, step = 1.000000

Iteration 8:
fx = 97184.765625, xnorm = 32.176331, gnorm = 5728.485840, step = 1.000000

Iteration 9:
fx = 94155.281250, xnorm = 33.492188, gnorm = 7830.651855, step = 1.000000

Iteration 10:
fx = 91210.546875, xnorm = 33.540108, gnorm = 4131.484863, step = 1.000000

Iteration 11:
fx = 88220.960938, xnorm = 32.907494, gnorm = 5251.229980, step = 1.000000

Iteration 12:
fx = 85518.210938, xnorm = 32.549965, gnorm = 5215.875977, step = 1.000000

Iteration 13:
fx = 84485.007812, xnorm = 32.113106, gnorm = 8030.527832, step = 1.000000

Iteration 14:
fx = 82454.750000, xnorm = 32.440037, gnorm = 3294.281738, step = 1.000000

Iteration 15:
fx = 81761.187500, xnorm = 32.568230, gnorm = 3334.835205, step = 1.000000

Iteration 16:
fx = 80394.960938, xnorm = 32.807365, gnorm = 3803.962891, step = 1.000000

Iteration 17:
fx = 79725.164062, xnorm = 32.865410, gnorm = 7264.843750, step = 1.000000

Iteration 18:
fx = 78347.406250, xnorm = 32.831776, gnorm = 3745.888428, step = 1.000000

Iteration 19:
fx = 77448.523438, xnorm = 32.687614, gnorm = 3161.442871, step = 1.000000

Iteration 20:
fx = 76811.453125, xnorm = 32.563755, gnorm = 3240.793701, step = 1.000000

Iteration 21:
fx = 75986.429688, xnorm = 32.332375, gnorm = 3824.023193, step = 1.000000

Iteration 22:
fx = 75300.312500, xnorm = 32.152817, gnorm = 4061.996094, step = 1.000000

Iteration 23:
fx = 74578.226562, xnorm = 32.074799, gnorm = 3074.035400, step = 1.000000

Iteration 24:
fx = 73678.328125, xnorm = 31.883305, gnorm = 3352.096680, step = 1.000000

Iteration 25:
fx = 73269.140625, xnorm = 31.673613, gnorm = 5102.933594, step = 1.000000

Iteration 26:
fx = 72561.656250, xnorm = 31.586473, gnorm = 2703.150146, step = 1.000000

Iteration 27:
fx = 72064.546875, xnorm = 31.483009, gnorm = 2445.823486, step = 1.000000

Iteration 28:
fx = 71517.960938, xnorm = 31.343706, gnorm = 2759.871094, step = 1.000000

Iteration 29:
fx = 71384.070312, xnorm = 31.146894, gnorm = 5945.030762, step = 1.000000

Iteration 30:
fx = 70566.218750, xnorm = 31.090834, gnorm = 2676.401367, step = 1.000000

Iteration 31:
fx = 70182.257812, xnorm = 31.019753, gnorm = 1937.159180, step = 1.000000

Iteration 32:
fx = 69754.679688, xnorm = 30.864901, gnorm = 2388.416504, step = 1.000000

Iteration 33:
fx = 69408.007812, xnorm = 30.690104, gnorm = 3008.985596, step = 1.000000

Iteration 34:
fx = 68986.437500, xnorm = 30.496885, gnorm = 2642.487305, step = 1.000000

Iteration 35:
fx = 68615.085938, xnorm = 30.402246, gnorm = 1669.994507, step = 1.000000

Iteration 36:
fx = 68324.320312, xnorm = 30.293262, gnorm = 1595.591064, step = 1.000000

Iteration 37:
fx = 68015.242188, xnorm = 30.104239, gnorm = 2477.068848, step = 1.000000

Iteration 38:
fx = 67686.468750, xnorm = 29.894180, gnorm = 1913.941528, step = 1.000000

Iteration 39:
fx = 67462.343750, xnorm = 29.790665, gnorm = 1519.369019, step = 1.000000

Iteration 40:
fx = 67235.265625, xnorm = 29.669584, gnorm = 1454.770142, step = 1.000000

Iteration 41:
fx = 67088.359375, xnorm = 29.442371, gnorm = 2957.460449, step = 1.000000

Iteration 42:
fx = 66860.851562, xnorm = 29.362543, gnorm = 1559.586304, step = 1.000000

Iteration 43:
fx = 66768.781250, xnorm = 29.347712, gnorm = 1146.715576, step = 1.000000

Iteration 44:
fx = 66632.156250, xnorm = 29.244091, gnorm = 1108.672485, step = 1.000000

Iteration 45:
fx = 66564.585938, xnorm = 29.056110, gnorm = 2274.934082, step = 1.000000

Iteration 46:
fx = 66419.781250, xnorm = 29.012016, gnorm = 1075.182251, step = 1.000000

Iteration 47:
fx = 66325.242188, xnorm = 28.922972, gnorm = 973.273499, step = 1.000000

Iteration 48:
fx = 66254.312500, xnorm = 28.835543, gnorm = 1055.800049, step = 1.000000

Iteration 49:
fx = 66097.976562, xnorm = 28.626944, gnorm = 1459.385864, step = 1.000000

Iteration 50:
fx = 66003.609375, xnorm = 28.508078, gnorm = 1160.707764, step = 0.457813

Iteration 51:
fx = 65934.382812, xnorm = 28.453329, gnorm = 788.166565, step = 1.000000

Iteration 52:
fx = 65866.609375, xnorm = 28.374798, gnorm = 1011.007935, step = 1.000000

Iteration 53:
fx = 65818.585938, xnorm = 28.284658, gnorm = 1386.724121, step = 1.000000

Iteration 54:
fx = 65762.476562, xnorm = 28.273428, gnorm = 778.366211, step = 1.000000

Iteration 55:
fx = 65716.898438, xnorm = 28.240297, gnorm = 720.117371, step = 1.000000

Iteration 56:
fx = 65686.726562, xnorm = 28.206032, gnorm = 644.951721, step = 1.000000

Iteration 57:
fx = 65641.335938, xnorm = 28.067163, gnorm = 1239.234009, step = 1.000000

Iteration 58:
fx = 65588.406250, xnorm = 28.003040, gnorm = 706.349426, step = 1.000000

Iteration 59:
fx = 65561.570312, xnorm = 27.979769, gnorm = 545.665649, step = 1.000000

Iteration 60:
fx = 65530.460938, xnorm = 27.921354, gnorm = 549.345215, step = 1.000000

Iteration 61:
fx = 65517.523438, xnorm = 27.842348, gnorm = 910.777832, step = 1.000000

Iteration 62:
fx = 65488.968750, xnorm = 27.817226, gnorm = 543.107361, step = 1.000000

Iteration 63:
fx = 65468.753906, xnorm = 27.777754, gnorm = 412.812103, step = 1.000000

Iteration 64:
fx = 65456.222656, xnorm = 27.734356, gnorm = 449.292206, step = 1.000000

Iteration 65:
fx = 65446.960938, xnorm = 27.654772, gnorm = 722.257996, step = 1.000000

Iteration 66:
fx = 65432.609375, xnorm = 27.649630, gnorm = 320.840210, step = 1.000000

Iteration 67:
fx = 65425.742188, xnorm = 27.644272, gnorm = 338.310150, step = 1.000000

Iteration 68:
fx = 65413.921875, xnorm = 27.615187, gnorm = 405.649323, step = 1.000000

Iteration 69:
fx = 65405.773438, xnorm = 27.551146, gnorm = 754.474304, step = 1.000000

Iteration 70:
fx = 65389.519531, xnorm = 27.501371, gnorm = 406.411987, step = 1.000000

Iteration 71:
fx = 65385.445312, xnorm = 27.495037, gnorm = 223.401703, step = 1.000000

Iteration 72:
fx = 65382.238281, xnorm = 27.478172, gnorm = 222.098907, step = 1.000000

Iteration 73:
fx = 65379.777344, xnorm = 27.453241, gnorm = 238.341766, step = 1.000000

Iteration 74:
fx = 65378.218750, xnorm = 27.398438, gnorm = 522.094543, step = 1.000000

Iteration 75:
fx = 65372.417969, xnorm = 27.393461, gnorm = 218.662277, step = 1.000000

Iteration 76:
fx = 65369.851562, xnorm = 27.389254, gnorm = 202.012512, step = 1.000000

Iteration 77:
fx = 65366.343750, xnorm = 27.369511, gnorm = 234.796066, step = 1.000000

Iteration 78:
fx = 65363.503906, xnorm = 27.331921, gnorm = 392.587646, step = 1.000000

Iteration 79:
fx = 65360.664062, xnorm = 27.290766, gnorm = 251.076889, step = 1.000000

Iteration 80:
fx = 65357.949219, xnorm = 27.292654, gnorm = 141.687225, step = 1.000000

Iteration 81:
fx = 65356.289062, xnorm = 27.286339, gnorm = 131.241653, step = 1.000000

Iteration 82:
fx = 65354.652344, xnorm = 27.264256, gnorm = 195.454102, step = 1.000000

Iteration 83:
fx = 65353.542969, xnorm = 27.238157, gnorm = 157.796768, step = 1.000000

Iteration 84:
fx = 65351.988281, xnorm = 27.224434, gnorm = 118.519623, step = 1.000000

Iteration 85:
fx = 65349.222656, xnorm = 27.198313, gnorm = 135.009979, step = 1.000000

Iteration 86:
fx = 65347.996094, xnorm = 27.177135, gnorm = 269.870453, step = 1.000000

Iteration 87:
fx = 65345.917969, xnorm = 27.176657, gnorm = 121.045517, step = 1.000000

Iteration 88:
fx = 65344.390625, xnorm = 27.172617, gnorm = 91.756378, step = 1.000000

Iteration 89:
fx = 65343.234375, xnorm = 27.164471, gnorm = 107.249107, step = 1.000000

Iteration 90:
fx = 65340.433594, xnorm = 27.142853, gnorm = 147.180313, step = 1.000000

Iteration 91:
fx = 65339.660156, xnorm = 27.132557, gnorm = 133.960327, step = 0.349197

Iteration 92:
fx = 65338.738281, xnorm = 27.123178, gnorm = 81.953217, step = 1.000000

Iteration 93:
fx = 65337.699219, xnorm = 27.114588, gnorm = 75.701675, step = 1.000000

Iteration 94:
fx = 65337.160156, xnorm = 27.107792, gnorm = 79.054314, step = 1.000000

Iteration 95:
fx = 65336.367188, xnorm = 27.103151, gnorm = 61.886467, step = 1.000000

Iteration 96:
fx = 65335.953125, xnorm = 27.097389, gnorm = 102.366089, step = 1.000000

Iteration 97:
fx = 65334.917969, xnorm = 27.089737, gnorm = 87.221680, step = 1.000000

Iteration 98:
fx = 65334.855469, xnorm = 27.090054, gnorm = 53.193787, step = 1.000000

L-BFGS optimization terminated with status code = -1001
fx = 65334.859375
[0;32mINFO[0;0m 2021-05-22 19:35:53,219 plmdca get_fields_and_couplings_from_backend 
	Data size expected from plmDCA backend: 96140
[0;32mINFO[0;0m 2021-05-22 19:35:53,220 plmdca get_fields_and_couplings_from_backend 
	Data size obtained from plmDCA backend to Python: 96140
[0;32mINFO[0;0m 2021-05-22 19:35:53,281 plmdca compute_sorted_FN 
	Computing non-APC sorted DCA score
[0;32mINFO[0;0m 2021-05-22 19:35:53,440 plmdca compute_sorted_FN_APC 
	Performing average product correction (APC) of FN  of DCA scores
[0;32mINFO[0;0m 2021-05-22 19:35:53,474 dca_utilities write_sorted_dca_scores 
	Writing DCA scores to file PLMDCA_output_1wz2_C/PLMDCA_apc_fn_scores_1wz2_C.txt
