[0;32mINFO[0;0m 2021-08-03 01:00:14,175 plmdca __init__ Created plmDCA instance with:
            biomolecule: RNA
            MSA sequence length: 84
            total number of (unweighted) sequences: 2
            sequence identity: 0.8
            lambda_h: 16.6
            lambda_J: 16.6
            gradient decent iterations: 500
            number of threads: 40
        
[0;32mINFO[0;0m 2021-08-03 01:00:14,175 plmdca get_fields_and_couplings_from_backend 
	Computing fields and couplings using gradient decent
Iteration 1:
fx = 898.521240, xnorm = 6.731857, gnorm = 232.549576, step = 0.003698

Iteration 2:
fx = 162.980453, xnorm = 1.484025, gnorm = 66.336632, step = 1.000000

Iteration 3:
fx = 154.152023, xnorm = 2.499445, gnorm = 51.802292, step = 1.000000

Iteration 4:
fx = 132.030014, xnorm = 1.944147, gnorm = 9.498008, step = 1.000000

Iteration 5:
fx = 131.973022, xnorm = 1.848153, gnorm = 2.866215, step = 1.000000

Iteration 6:
fx = 131.810669, xnorm = 1.871722, gnorm = 0.207697, step = 1.000000

Iteration 7:
fx = 131.802292, xnorm = 1.871785, gnorm = 0.087711, step = 1.000000

L-BFGS optimization terminated with status code = -1001
fx = 131.802246
[0;32mINFO[0;0m 2021-08-03 01:00:14,475 plmdca get_fields_and_couplings_from_backend 
	Data size expected from plmDCA backend: 87570
[0;32mINFO[0;0m 2021-08-03 01:00:14,476 plmdca get_fields_and_couplings_from_backend 
	Data size obtained from plmDCA backend to Python: 87570
[0;32mINFO[0;0m 2021-08-03 01:00:14,601 plmdca compute_sorted_FN 
	Computing non-APC sorted DCA score
[0;32mINFO[0;0m 2021-08-03 01:00:14,867 plmdca compute_sorted_FN_APC 
	Performing average product correction (APC) of FN  of DCA scores
[0;32mINFO[0;0m 2021-08-03 01:00:14,915 dca_utilities write_sorted_dca_scores 
	Writing DCA scores to file PLMDCA_output_4q9q_R/PLMDCA_apc_fn_scores_4q9q_R.txt
