[0;32mINFO[0;0m 2021-10-27 21:51:44,522 fasta_reader get_alignment_int_form 
	Found 23 non-standard residues in 19 sequences
[0;32mINFO[0;0m 2021-10-27 21:51:44,522 fasta_reader get_alignment_int_form 
	Total number of sequences read from file: 105
[0;32mINFO[0;0m 2021-10-27 21:51:44,522 meanfield_dca compute_sequences_weight 
	Computing sequences weights
[0;32mINFO[0;0m 2021-10-27 21:51:45,363 meanfield_dca __init__ 
	Created a MeanFieldDCA object with the following attributes
        	biomolecule: RNA
        	total states at sites: 5
        	pseudocount: 0.5
        	sequence identity: 0.8
        	alignment length: 76
        	total number of unique sequences (excluding redundant sequences with 100 percent similarity): 105
        	effective number of sequences (with sequence identity 0.8): 3.5402918293976446
        
[0;32mINFO[0;0m 2021-10-27 21:51:45,364 meanfield_dca get_single_site_freqs 
	Computing single site frequencies
[0;32mINFO[0;0m 2021-10-27 21:51:45,720 meanfield_dca get_reg_single_site_freqs 
	Regularizing single site frequencies
[0;32mINFO[0;0m 2021-10-27 21:51:45,843 meanfield_dca get_pair_site_freqs 
	Computing pair site frequencies
[0;32mINFO[0;0m 2021-10-27 21:51:48,992 meanfield_dca get_reg_pair_site_freqs 
	Regularizing pair site frequencies
[0;32mINFO[0;0m 2021-10-27 21:51:49,190 meanfield_dca construct_corr_mat 
	Constructing the correlation matrix
[0;32mINFO[0;0m 2021-10-27 21:51:49,500 meanfield_dca compute_couplings 
	Computing couplings
[0;32mINFO[0;0m 2021-10-27 21:51:50,056 meanfield_dca compute_couplings 
	Maximum and minimum couplings: 3.0668461212259186, -20.00000000000006
[0;32mINFO[0;0m 2021-10-27 21:51:50,057 meanfield_dca compute_sorted_FN 
	Computing Frobenius norm of couplings
[0;32mINFO[0;0m 2021-10-27 21:51:50,241 meanfield_dca compute_sorted_FN_APC 
	Performing average product correction (APC) to Frobenius norm of couplings.
[0;32mINFO[0;0m 2021-10-27 21:51:50,258 dca_utilities write_sorted_dca_scores 
	Writing DCA scores to file MFDCA_output_4prf_B/MFDCA_apc_fn_scores_4prf_B.txt
[0;32mINFO[0;0m 2021-10-27 21:51:50,264 mfdca_main run_meanfield_dca 
	DONE
