[0;32mINFO[0;0m 2021-05-22 16:48:30,583 fasta_reader get_alignment_int_form 
	Found 37 non-standard residues in 22 sequences
[0;32mINFO[0;0m 2021-05-22 16:48:30,583 fasta_reader get_alignment_int_form 
	Total number of sequences read from file: 25000
[0;32mINFO[0;0m 2021-05-22 16:48:30,586 meanfield_dca compute_sequences_weight 
	Computing sequences weights
[0;32mINFO[0;0m 2021-05-22 16:48:32,249 meanfield_dca __init__ 
	Created a MeanFieldDCA object with the following attributes
        	biomolecule: RNA
        	total states at sites: 5
        	pseudocount: 0.5
        	sequence identity: 0.8
        	alignment length: 75
        	total number of unique sequences (excluding redundant sequences with 100 percent similarity): 20168
        	effective number of sequences (with sequence identity 0.8): 2322.180640816518
        
[0;32mINFO[0;0m 2021-05-22 16:48:32,250 meanfield_dca get_single_site_freqs 
	Computing single site frequencies
[0;32mINFO[0;0m 2021-05-22 16:48:32,723 meanfield_dca get_reg_single_site_freqs 
	Regularizing single site frequencies
[0;32mINFO[0;0m 2021-05-22 16:48:32,890 meanfield_dca get_pair_site_freqs 
	Computing pair site frequencies
[0;32mINFO[0;0m 2021-05-22 16:48:37,140 meanfield_dca get_reg_pair_site_freqs 
	Regularizing pair site frequencies
[0;32mINFO[0;0m 2021-05-22 16:48:37,403 meanfield_dca construct_corr_mat 
	Constructing the correlation matrix
[0;32mINFO[0;0m 2021-05-22 16:48:37,665 meanfield_dca compute_couplings 
	Computing couplings
[0;32mINFO[0;0m 2021-05-22 16:48:38,212 meanfield_dca compute_couplings 
	Maximum and minimum couplings: 3.632538249257763, -19.483640771679124
[0;32mINFO[0;0m 2021-05-22 16:48:38,213 meanfield_dca compute_sorted_FN 
	Computing Frobenius norm of couplings
[0;32mINFO[0;0m 2021-05-22 16:48:38,409 meanfield_dca compute_sorted_FN_APC 
	Performing average product correction (APC) to Frobenius norm of couplings.
[0;32mINFO[0;0m 2021-05-22 16:48:38,425 dca_utilities write_sorted_dca_scores 
	Writing DCA scores to file MFDCA_output_1yfg_A/MFDCA_apc_fn_scores_1yfg_A.txt
[0;32mINFO[0;0m 2021-05-22 16:48:38,435 mfdca_main run_meanfield_dca 
	DONE
