[0;32mINFO[0;0m 2021-10-19 19:34:51,469 fasta_reader get_alignment_int_form 
	Found 61 non-standard residues in 39 sequences
[0;32mINFO[0;0m 2021-10-19 19:34:51,470 fasta_reader get_alignment_int_form 
	Total number of sequences read from file: 50000
[0;32mINFO[0;0m 2021-10-19 19:34:51,480 meanfield_dca compute_sequences_weight 
	Computing sequences weights
[0;32mINFO[0;0m 2021-10-19 19:34:54,886 meanfield_dca __init__ 
	Created a MeanFieldDCA object with the following attributes
        	biomolecule: RNA
        	total states at sites: 5
        	pseudocount: 0.5
        	sequence identity: 0.8
        	alignment length: 75
        	total number of unique sequences (excluding redundant sequences with 100 percent similarity): 38011
        	effective number of sequences (with sequence identity 0.8): 3282.9510141085066
        
[0;32mINFO[0;0m 2021-10-19 19:34:54,887 meanfield_dca get_single_site_freqs 
	Computing single site frequencies
[0;32mINFO[0;0m 2021-10-19 19:34:55,470 meanfield_dca get_reg_single_site_freqs 
	Regularizing single site frequencies
[0;32mINFO[0;0m 2021-10-19 19:34:55,596 meanfield_dca get_pair_site_freqs 
	Computing pair site frequencies
[0;32mINFO[0;0m 2021-10-19 19:35:00,920 meanfield_dca get_reg_pair_site_freqs 
	Regularizing pair site frequencies
[0;32mINFO[0;0m 2021-10-19 19:35:01,121 meanfield_dca construct_corr_mat 
	Constructing the correlation matrix
[0;32mINFO[0;0m 2021-10-19 19:35:01,456 meanfield_dca compute_couplings 
	Computing couplings
[0;32mINFO[0;0m 2021-10-19 19:35:02,098 meanfield_dca compute_couplings 
	Maximum and minimum couplings: 3.6272917348688716, -19.38265939656983
[0;32mINFO[0;0m 2021-10-19 19:35:02,099 meanfield_dca compute_sorted_FN 
	Computing Frobenius norm of couplings
[0;32mINFO[0;0m 2021-10-19 19:35:02,290 meanfield_dca compute_sorted_FN_APC 
	Performing average product correction (APC) to Frobenius norm of couplings.
[0;32mINFO[0;0m 2021-10-19 19:35:02,307 dca_utilities write_sorted_dca_scores 
	Writing DCA scores to file MFDCA_output_1yfg_A/MFDCA_apc_fn_scores_1yfg_A.txt
[0;32mINFO[0;0m 2021-10-19 19:35:02,321 mfdca_main run_meanfield_dca 
	DONE
