[0;32mINFO[0;0m 2021-06-10 15:23:35,304 plmdca __init__ Created plmDCA instance with:
            biomolecule: RNA
            MSA sequence length: 180
            total number of (unweighted) sequences: 6125
            sequence identity: 0.8
            lambda_h: 35.800000000000004
            lambda_J: 35.800000000000004
            gradient decent iterations: 500
            number of threads: 40
        
[0;32mINFO[0;0m 2021-06-10 15:23:35,304 plmdca get_fields_and_couplings_from_backend 
	Computing fields and couplings using gradient decent
Iteration 1:
fx = 499246.062500, xnorm = 39.168354, gnorm = 57625.761719, step = 0.000018

Iteration 2:
fx = 473158.187500, xnorm = 39.121250, gnorm = 46877.218750, step = 1.000000

Iteration 3:
fx = 409013.937500, xnorm = 39.068996, gnorm = 36285.085938, step = 1.000000

Iteration 4:
fx = 390804.562500, xnorm = 39.320129, gnorm = 45297.796875, step = 1.000000

Iteration 5:
fx = 369083.437500, xnorm = 39.421127, gnorm = 26503.568359, step = 1.000000

Iteration 6:
fx = 359073.500000, xnorm = 39.536621, gnorm = 20844.044922, step = 1.000000

Iteration 7:
fx = 351260.000000, xnorm = 39.693760, gnorm = 17547.888672, step = 1.000000

Iteration 8:
fx = 341172.468750, xnorm = 40.085766, gnorm = 20950.927734, step = 1.000000

Iteration 9:
fx = 329796.500000, xnorm = 40.430679, gnorm = 13943.162109, step = 1.000000

Iteration 10:
fx = 320495.812500, xnorm = 40.772366, gnorm = 12933.509766, step = 1.000000

Iteration 11:
fx = 314801.937500, xnorm = 41.319466, gnorm = 24987.917969, step = 1.000000

Iteration 12:
fx = 305645.000000, xnorm = 41.195164, gnorm = 16515.199219, step = 1.000000

Iteration 13:
fx = 299857.562500, xnorm = 40.646957, gnorm = 15513.310547, step = 1.000000

Iteration 14:
fx = 291106.812500, xnorm = 39.398731, gnorm = 17440.333984, step = 1.000000

Iteration 15:
fx = 287599.625000, xnorm = 38.695515, gnorm = 21312.988281, step = 1.000000

Iteration 16:
fx = 282066.593750, xnorm = 39.083607, gnorm = 12144.236328, step = 1.000000

Iteration 17:
fx = 278353.875000, xnorm = 39.163586, gnorm = 9740.889648, step = 1.000000

Iteration 18:
fx = 271989.531250, xnorm = 39.238220, gnorm = 14850.552734, step = 1.000000

Iteration 19:
fx = 267156.031250, xnorm = 39.568062, gnorm = 19149.126953, step = 1.000000

Iteration 20:
fx = 261214.109375, xnorm = 39.872318, gnorm = 11586.979492, step = 1.000000

Iteration 21:
fx = 255496.984375, xnorm = 40.238506, gnorm = 9352.571289, step = 1.000000

Iteration 22:
fx = 252201.296875, xnorm = 40.667538, gnorm = 12218.127930, step = 1.000000

Iteration 23:
fx = 249389.656250, xnorm = 40.829502, gnorm = 8826.559570, step = 1.000000

Iteration 24:
fx = 247459.203125, xnorm = 40.742184, gnorm = 7123.924805, step = 1.000000

Iteration 25:
fx = 243936.531250, xnorm = 40.487732, gnorm = 8881.140625, step = 1.000000

Iteration 26:
fx = 241658.750000, xnorm = 40.312176, gnorm = 13640.834961, step = 1.000000

Iteration 27:
fx = 238482.453125, xnorm = 40.232262, gnorm = 8376.928711, step = 1.000000

Iteration 28:
fx = 235743.875000, xnorm = 40.232109, gnorm = 7388.777344, step = 1.000000

Iteration 29:
fx = 233731.484375, xnorm = 40.223736, gnorm = 9025.923828, step = 1.000000

Iteration 30:
fx = 231388.500000, xnorm = 40.273449, gnorm = 8681.982422, step = 1.000000

Iteration 31:
fx = 229325.765625, xnorm = 40.254055, gnorm = 8228.401367, step = 1.000000

Iteration 32:
fx = 227258.062500, xnorm = 40.170506, gnorm = 6634.806641, step = 1.000000

Iteration 33:
fx = 225521.406250, xnorm = 40.046982, gnorm = 7644.364746, step = 1.000000

Iteration 34:
fx = 223703.062500, xnorm = 40.024731, gnorm = 8817.509766, step = 1.000000

Iteration 35:
fx = 221951.578125, xnorm = 40.021744, gnorm = 5837.167480, step = 1.000000

Iteration 36:
fx = 220401.765625, xnorm = 40.055271, gnorm = 5907.013672, step = 1.000000

Iteration 37:
fx = 219405.843750, xnorm = 40.108437, gnorm = 8175.853027, step = 1.000000

Iteration 38:
fx = 218162.234375, xnorm = 40.137650, gnorm = 5219.219238, step = 1.000000

Iteration 39:
fx = 217044.953125, xnorm = 40.123070, gnorm = 4668.351074, step = 1.000000

Iteration 40:
fx = 216115.062500, xnorm = 40.079556, gnorm = 5449.569336, step = 1.000000

Iteration 41:
fx = 215208.875000, xnorm = 40.009132, gnorm = 4920.148926, step = 1.000000

Iteration 42:
fx = 214446.140625, xnorm = 39.917377, gnorm = 5063.753906, step = 1.000000

Iteration 43:
fx = 213591.406250, xnorm = 39.838306, gnorm = 4417.035156, step = 1.000000

Iteration 44:
fx = 212868.390625, xnorm = 39.748589, gnorm = 5406.788574, step = 1.000000

Iteration 45:
fx = 212254.156250, xnorm = 39.686001, gnorm = 5266.930176, step = 1.000000

Iteration 46:
fx = 211716.390625, xnorm = 39.651749, gnorm = 3650.962646, step = 1.000000

Iteration 47:
fx = 211129.203125, xnorm = 39.570831, gnorm = 3955.526611, step = 1.000000

Iteration 48:
fx = 210887.031250, xnorm = 39.495239, gnorm = 6045.264160, step = 1.000000

Iteration 49:
fx = 210474.250000, xnorm = 39.463459, gnorm = 3476.657471, step = 1.000000

Iteration 50:
fx = 210053.390625, xnorm = 39.381351, gnorm = 2973.679932, step = 1.000000

Iteration 51:
fx = 209772.953125, xnorm = 39.308735, gnorm = 3184.248779, step = 1.000000

Iteration 52:
fx = 209488.046875, xnorm = 39.197151, gnorm = 4858.936523, step = 0.422158

Iteration 53:
fx = 208988.546875, xnorm = 39.040493, gnorm = 2721.990967, step = 1.000000

Iteration 54:
fx = 208716.953125, xnorm = 38.948696, gnorm = 2459.176025, step = 1.000000

Iteration 55:
fx = 208315.843750, xnorm = 38.703007, gnorm = 3424.809082, step = 1.000000

Iteration 56:
fx = 208093.046875, xnorm = 38.558784, gnorm = 3789.393555, step = 1.000000

Iteration 57:
fx = 207869.875000, xnorm = 38.497551, gnorm = 3028.623535, step = 1.000000

Iteration 58:
fx = 207419.468750, xnorm = 38.201309, gnorm = 3115.959229, step = 1.000000

Iteration 59:
fx = 207200.781250, xnorm = 37.950562, gnorm = 3774.134277, step = 1.000000

Iteration 60:
fx = 206991.796875, xnorm = 37.836384, gnorm = 2588.026611, step = 1.000000

Iteration 61:
fx = 206726.828125, xnorm = 37.560051, gnorm = 2118.632568, step = 1.000000

Iteration 62:
fx = 206616.140625, xnorm = 37.380718, gnorm = 2699.702393, step = 1.000000

Iteration 63:
fx = 206479.078125, xnorm = 37.254162, gnorm = 2173.929199, step = 1.000000

Iteration 64:
fx = 206267.578125, xnorm = 36.854881, gnorm = 3473.874268, step = 1.000000

Iteration 65:
fx = 206107.234375, xnorm = 36.669586, gnorm = 2980.870605, step = 1.000000

Iteration 66:
fx = 206006.093750, xnorm = 36.669090, gnorm = 2065.569580, step = 1.000000

Iteration 67:
fx = 205824.125000, xnorm = 36.544117, gnorm = 1502.839722, step = 1.000000

Iteration 68:
fx = 205718.859375, xnorm = 36.337708, gnorm = 2340.051514, step = 1.000000

Iteration 69:
fx = 205594.750000, xnorm = 36.149345, gnorm = 1677.833618, step = 1.000000

Iteration 70:
fx = 205528.437500, xnorm = 36.020546, gnorm = 1901.161011, step = 1.000000

Iteration 71:
fx = 205462.578125, xnorm = 35.951977, gnorm = 1320.987183, step = 1.000000

Iteration 72:
fx = 205395.484375, xnorm = 35.878807, gnorm = 1183.246826, step = 1.000000

Iteration 73:
fx = 205324.281250, xnorm = 35.736561, gnorm = 1823.428833, step = 1.000000

Iteration 74:
fx = 205263.734375, xnorm = 35.530861, gnorm = 1564.756836, step = 1.000000

Iteration 75:
fx = 205224.984375, xnorm = 35.508743, gnorm = 919.226868, step = 1.000000

Iteration 76:
fx = 205192.078125, xnorm = 35.449596, gnorm = 849.447510, step = 1.000000

Iteration 77:
fx = 205166.312500, xnorm = 35.346004, gnorm = 1055.901733, step = 1.000000

Iteration 78:
fx = 205135.718750, xnorm = 35.217171, gnorm = 1003.607483, step = 1.000000

Iteration 79:
fx = 205107.031250, xnorm = 35.110561, gnorm = 958.918701, step = 1.000000

Iteration 80:
fx = 205083.906250, xnorm = 35.048351, gnorm = 776.520081, step = 1.000000

Iteration 81:
fx = 205063.656250, xnorm = 34.985458, gnorm = 732.042725, step = 1.000000

Iteration 82:
fx = 205047.500000, xnorm = 34.938389, gnorm = 854.264648, step = 1.000000

Iteration 83:
fx = 205031.046875, xnorm = 34.896278, gnorm = 589.712036, step = 1.000000

Iteration 84:
fx = 205012.796875, xnorm = 34.810539, gnorm = 615.497498, step = 1.000000

Iteration 85:
fx = 205001.484375, xnorm = 34.736858, gnorm = 855.243408, step = 1.000000

Iteration 86:
fx = 204991.515625, xnorm = 34.709587, gnorm = 491.360138, step = 1.000000

Iteration 87:
fx = 204979.359375, xnorm = 34.655548, gnorm = 405.210907, step = 1.000000

Iteration 88:
fx = 204971.906250, xnorm = 34.617958, gnorm = 438.321838, step = 1.000000

Iteration 89:
fx = 204953.218750, xnorm = 34.497818, gnorm = 848.232666, step = 1.000000

Iteration 90:
fx = 204942.125000, xnorm = 34.477219, gnorm = 436.884735, step = 1.000000

Iteration 91:
fx = 204937.125000, xnorm = 34.478500, gnorm = 402.595062, step = 1.000000

Iteration 92:
fx = 204926.687500, xnorm = 34.454666, gnorm = 389.746246, step = 1.000000

Iteration 93:
fx = 204920.656250, xnorm = 34.429218, gnorm = 592.056458, step = 0.458015

Iteration 94:
fx = 204912.859375, xnorm = 34.401054, gnorm = 335.736450, step = 1.000000

Iteration 95:
fx = 204906.531250, xnorm = 34.370934, gnorm = 232.240570, step = 1.000000

Iteration 96:
fx = 204902.406250, xnorm = 34.349060, gnorm = 336.168610, step = 1.000000

Iteration 97:
fx = 204899.062500, xnorm = 34.336720, gnorm = 219.519653, step = 1.000000

Iteration 98:
fx = 204896.171875, xnorm = 34.329666, gnorm = 191.223831, step = 1.000000

Iteration 99:
fx = 204894.000000, xnorm = 34.317558, gnorm = 325.025024, step = 1.000000

Iteration 100:
fx = 204891.703125, xnorm = 34.309860, gnorm = 225.160217, step = 1.000000

Iteration 101:
fx = 204890.843750, xnorm = 34.306164, gnorm = 194.441772, step = 1.000000

Iteration 102:
fx = 204889.812500, xnorm = 34.299175, gnorm = 241.866852, step = 1.000000

Iteration 103:
fx = 204889.453125, xnorm = 34.296482, gnorm = 163.441635, step = 1.000000

Iteration 104:
fx = 204888.937500, xnorm = 34.292603, gnorm = 171.557556, step = 1.000000

Iteration 105:
fx = 204888.406250, xnorm = 34.285358, gnorm = 191.005371, step = 1.000000

Iteration 106:
fx = 204888.234375, xnorm = 34.282810, gnorm = 155.605789, step = 0.195775

Iteration 107:
fx = 204888.078125, xnorm = 34.275013, gnorm = 128.387054, step = 1.000000

Iteration 108:
fx = 204887.875000, xnorm = 34.270218, gnorm = 176.016479, step = 1.000000

L-BFGS optimization terminated with status code = -1001
fx = 204887.734375
[0;32mINFO[0;0m 2021-06-10 15:24:03,658 plmdca get_fields_and_couplings_from_backend 
	Data size expected from plmDCA backend: 403650
[0;32mINFO[0;0m 2021-06-10 15:24:03,658 plmdca get_fields_and_couplings_from_backend 
	Data size obtained from plmDCA backend to Python: 403650
[0;32mINFO[0;0m 2021-06-10 15:24:03,948 plmdca compute_sorted_FN 
	Computing non-APC sorted DCA score
[0;32mINFO[0;0m 2021-06-10 15:24:04,893 plmdca compute_sorted_FN_APC 
	Performing average product correction (APC) of FN  of DCA scores
[0;32mINFO[0;0m 2021-06-10 15:24:05,176 dca_utilities write_sorted_dca_scores 
	Writing DCA scores to file PLMDCA_output_PKB323/PLMDCA_apc_fn_scores_PKB323.txt
