[0;32mINFO[0;0m 2021-05-22 18:53:52,890 fasta_reader get_alignment_int_form 
	Found 4 non-standard residues in 2 sequences
[0;32mINFO[0;0m 2021-05-22 18:53:52,890 fasta_reader get_alignment_int_form 
	Total number of sequences read from file: 331
[0;32mINFO[0;0m 2021-05-22 18:53:52,890 meanfield_dca compute_sequences_weight 
	Computing sequences weights
[0;32mINFO[0;0m 2021-05-22 18:53:53,741 meanfield_dca __init__ 
	Created a MeanFieldDCA object with the following attributes
        	biomolecule: RNA
        	total states at sites: 5
        	pseudocount: 0.5
        	sequence identity: 0.8
        	alignment length: 132
        	total number of unique sequences (excluding redundant sequences with 100 percent similarity): 331
        	effective number of sequences (with sequence identity 0.8): 180.37586854000907
        
[0;32mINFO[0;0m 2021-05-22 18:53:53,741 meanfield_dca get_single_site_freqs 
	Computing single site frequencies
[0;32mINFO[0;0m 2021-05-22 18:53:54,100 meanfield_dca get_reg_single_site_freqs 
	Regularizing single site frequencies
[0;32mINFO[0;0m 2021-05-22 18:53:54,221 meanfield_dca get_pair_site_freqs 
	Computing pair site frequencies
[0;32mINFO[0;0m 2021-05-22 18:53:57,399 meanfield_dca get_reg_pair_site_freqs 
	Regularizing pair site frequencies
[0;32mINFO[0;0m 2021-05-22 18:53:57,599 meanfield_dca construct_corr_mat 
	Constructing the correlation matrix
[0;32mINFO[0;0m 2021-05-22 18:53:57,918 meanfield_dca compute_couplings 
	Computing couplings
[0;32mINFO[0;0m 2021-05-22 18:53:58,641 meanfield_dca compute_couplings 
	Maximum and minimum couplings: 3.38508163748688, -19.64633773330093
[0;32mINFO[0;0m 2021-05-22 18:53:58,641 meanfield_dca compute_sorted_FN 
	Computing Frobenius norm of couplings
[0;32mINFO[0;0m 2021-05-22 18:53:59,053 meanfield_dca compute_sorted_FN_APC 
	Performing average product correction (APC) to Frobenius norm of couplings.
[0;32mINFO[0;0m 2021-05-22 18:53:59,145 dca_utilities write_sorted_dca_scores 
	Writing DCA scores to file MFDCA_output_6g7z_A/MFDCA_apc_fn_scores_6g7z_A.txt
[0;32mINFO[0;0m 2021-05-22 18:53:59,163 mfdca_main run_meanfield_dca 
	DONE
