[0;32mINFO[0;0m 2021-08-18 21:45:08,119 fasta_reader get_alignment_int_form 
	Total number of sequences read from file: 161
[0;32mINFO[0;0m 2021-08-18 21:45:08,119 meanfield_dca compute_sequences_weight 
	Computing sequences weights
[0;32mINFO[0;0m 2021-08-18 21:45:08,967 meanfield_dca __init__ 
	Created a MeanFieldDCA object with the following attributes
        	biomolecule: RNA
        	total states at sites: 5
        	pseudocount: 0.5
        	sequence identity: 0.8
        	alignment length: 96
        	total number of unique sequences (excluding redundant sequences with 100 percent similarity): 161
        	effective number of sequences (with sequence identity 0.8): 30.48692012795788
        
[0;32mINFO[0;0m 2021-08-18 21:45:08,967 meanfield_dca get_single_site_freqs 
	Computing single site frequencies
[0;32mINFO[0;0m 2021-08-18 21:45:09,328 meanfield_dca get_reg_single_site_freqs 
	Regularizing single site frequencies
[0;32mINFO[0;0m 2021-08-18 21:45:09,450 meanfield_dca get_pair_site_freqs 
	Computing pair site frequencies
[0;32mINFO[0;0m 2021-08-18 21:45:12,662 meanfield_dca get_reg_pair_site_freqs 
	Regularizing pair site frequencies
[0;32mINFO[0;0m 2021-08-18 21:45:12,869 meanfield_dca construct_corr_mat 
	Constructing the correlation matrix
[0;32mINFO[0;0m 2021-08-18 21:45:13,198 meanfield_dca compute_couplings 
	Computing couplings
[0;32mINFO[0;0m 2021-08-18 21:45:13,808 meanfield_dca compute_couplings 
	Maximum and minimum couplings: 3.660553607759825, -20.00000000000004
[0;32mINFO[0;0m 2021-08-18 21:45:13,808 meanfield_dca compute_sorted_FN 
	Computing Frobenius norm of couplings
[0;32mINFO[0;0m 2021-08-18 21:45:14,055 meanfield_dca compute_sorted_FN_APC 
	Performing average product correction (APC) to Frobenius norm of couplings.
[0;32mINFO[0;0m 2021-08-18 21:45:14,089 dca_utilities write_sorted_dca_scores 
	Writing DCA scores to file MFDCA_output_4l81_A/MFDCA_apc_fn_scores_4l81_A.txt
[0;32mINFO[0;0m 2021-08-18 21:45:14,098 mfdca_main run_meanfield_dca 
	DONE
