[0;32mINFO[0;0m 2021-10-28 10:14:39,440 plmdca __init__ Created plmDCA instance with:
            biomolecule: RNA
            MSA sequence length: 76
            total number of (unweighted) sequences: 50000
            sequence identity: 0.8
            lambda_h: 15.0
            lambda_J: 15.0
            gradient decent iterations: 500
            number of threads: 40
        
[0;32mINFO[0;0m 2021-10-28 10:14:39,441 plmdca get_fields_and_couplings_from_backend 
	Computing fields and couplings using gradient decent
Iteration 1:
fx = 58978.265625, xnorm = 35.757767, gnorm = 3057.419922, step = 0.000080

Iteration 2:
fx = 58035.972656, xnorm = 35.570904, gnorm = 4125.926758, step = 1.000000

Iteration 3:
fx = 56381.929688, xnorm = 35.183613, gnorm = 5988.526855, step = 1.000000

Iteration 4:
fx = 52125.214844, xnorm = 34.127239, gnorm = 9177.264648, step = 1.000000

Iteration 5:
fx = 44382.941406, xnorm = 32.892273, gnorm = 8244.766602, step = 1.000000

Iteration 6:
fx = 38151.281250, xnorm = 32.884243, gnorm = 3751.791504, step = 1.000000

Iteration 7:
fx = 36970.613281, xnorm = 32.934078, gnorm = 2394.079590, step = 1.000000

Iteration 8:
fx = 36223.570312, xnorm = 32.895794, gnorm = 1768.828491, step = 1.000000

Iteration 9:
fx = 35232.078125, xnorm = 32.713158, gnorm = 2169.888916, step = 1.000000

Iteration 10:
fx = 34251.410156, xnorm = 32.379864, gnorm = 1862.266968, step = 1.000000

Iteration 11:
fx = 32652.148438, xnorm = 31.460850, gnorm = 2306.374756, step = 1.000000

Iteration 12:
fx = 31602.402344, xnorm = 30.698013, gnorm = 3335.315186, step = 0.418615

Iteration 13:
fx = 29564.304688, xnorm = 29.521049, gnorm = 2266.249756, step = 1.000000

Iteration 14:
fx = 28376.697266, xnorm = 28.128326, gnorm = 2506.640381, step = 1.000000

Iteration 15:
fx = 27649.617188, xnorm = 27.098080, gnorm = 2178.591553, step = 1.000000

Iteration 16:
fx = 27160.134766, xnorm = 26.885710, gnorm = 1468.361450, step = 1.000000

Iteration 17:
fx = 26618.347656, xnorm = 26.149200, gnorm = 1680.300659, step = 1.000000

Iteration 18:
fx = 26138.775391, xnorm = 25.352190, gnorm = 1723.690186, step = 1.000000

Iteration 19:
fx = 25187.310547, xnorm = 23.006136, gnorm = 2021.758301, step = 1.000000

Iteration 20:
fx = 25039.771484, xnorm = 21.823267, gnorm = 3457.611816, step = 1.000000

Iteration 21:
fx = 24423.617188, xnorm = 22.122124, gnorm = 1572.624390, step = 1.000000

Iteration 22:
fx = 24201.761719, xnorm = 21.990419, gnorm = 1147.595825, step = 1.000000

Iteration 23:
fx = 24008.322266, xnorm = 21.444752, gnorm = 1688.396484, step = 1.000000

Iteration 24:
fx = 23783.855469, xnorm = 21.099487, gnorm = 1289.564941, step = 1.000000

Iteration 25:
fx = 23509.511719, xnorm = 20.692583, gnorm = 1039.644165, step = 1.000000

Iteration 26:
fx = 23257.896484, xnorm = 20.363937, gnorm = 1223.664062, step = 1.000000

Iteration 27:
fx = 23042.123047, xnorm = 19.752445, gnorm = 1482.244995, step = 1.000000

Iteration 28:
fx = 22851.699219, xnorm = 19.772045, gnorm = 1229.285034, step = 1.000000

Iteration 29:
fx = 22701.166016, xnorm = 19.779434, gnorm = 843.066345, step = 1.000000

Iteration 30:
fx = 22581.974609, xnorm = 19.745035, gnorm = 899.839722, step = 1.000000

Iteration 31:
fx = 22469.667969, xnorm = 19.699821, gnorm = 1004.883362, step = 1.000000

Iteration 32:
fx = 22355.558594, xnorm = 19.641701, gnorm = 676.991577, step = 1.000000

Iteration 33:
fx = 22283.255859, xnorm = 19.597584, gnorm = 550.394470, step = 1.000000

Iteration 34:
fx = 22197.587891, xnorm = 19.504538, gnorm = 680.939453, step = 1.000000

Iteration 35:
fx = 22165.644531, xnorm = 19.430426, gnorm = 902.550842, step = 1.000000

Iteration 36:
fx = 22104.953125, xnorm = 19.436150, gnorm = 469.287964, step = 1.000000

Iteration 37:
fx = 22068.613281, xnorm = 19.407091, gnorm = 447.524445, step = 1.000000

Iteration 38:
fx = 22038.927734, xnorm = 19.373459, gnorm = 395.701447, step = 1.000000

Iteration 39:
fx = 22000.490234, xnorm = 19.315662, gnorm = 449.489044, step = 1.000000

Iteration 40:
fx = 21973.611328, xnorm = 19.279203, gnorm = 379.026062, step = 1.000000

Iteration 41:
fx = 21954.574219, xnorm = 19.262661, gnorm = 298.078613, step = 1.000000

Iteration 42:
fx = 21932.550781, xnorm = 19.236305, gnorm = 329.643982, step = 1.000000

Iteration 43:
fx = 21924.589844, xnorm = 19.217787, gnorm = 344.988464, step = 1.000000

Iteration 44:
fx = 21913.250000, xnorm = 19.212252, gnorm = 233.931641, step = 1.000000

Iteration 45:
fx = 21898.855469, xnorm = 19.195221, gnorm = 209.313766, step = 1.000000

Iteration 46:
fx = 21891.990234, xnorm = 19.178593, gnorm = 299.390198, step = 1.000000

Iteration 47:
fx = 21882.152344, xnorm = 19.164736, gnorm = 200.377365, step = 1.000000

Iteration 48:
fx = 21875.484375, xnorm = 19.148504, gnorm = 171.707230, step = 1.000000

Iteration 49:
fx = 21871.832031, xnorm = 19.133995, gnorm = 228.402420, step = 1.000000

Iteration 50:
fx = 21866.328125, xnorm = 19.124903, gnorm = 165.819244, step = 1.000000

Iteration 51:
fx = 21861.355469, xnorm = 19.110712, gnorm = 143.496704, step = 1.000000

Iteration 52:
fx = 21857.613281, xnorm = 19.096958, gnorm = 191.484070, step = 1.000000

Iteration 53:
fx = 21854.613281, xnorm = 19.094233, gnorm = 105.591370, step = 1.000000

Iteration 54:
fx = 21853.261719, xnorm = 19.089815, gnorm = 77.764900, step = 1.000000

Iteration 55:
fx = 21851.878906, xnorm = 19.082594, gnorm = 79.382118, step = 1.000000

Iteration 56:
fx = 21851.478516, xnorm = 19.072029, gnorm = 153.321518, step = 1.000000

Iteration 57:
fx = 21849.498047, xnorm = 19.067614, gnorm = 64.906219, step = 1.000000

Iteration 58:
fx = 21848.773438, xnorm = 19.066826, gnorm = 57.657398, step = 1.000000

Iteration 59:
fx = 21847.355469, xnorm = 19.059464, gnorm = 63.407726, step = 1.000000

Iteration 60:
fx = 21846.755859, xnorm = 19.054680, gnorm = 63.984325, step = 0.372018

Iteration 61:
fx = 21845.992188, xnorm = 19.048721, gnorm = 42.392960, step = 1.000000

Iteration 62:
fx = 21845.750000, xnorm = 19.042048, gnorm = 41.741547, step = 1.000000

Iteration 63:
fx = 21845.066406, xnorm = 19.037792, gnorm = 39.434109, step = 1.000000

Iteration 64:
fx = 21844.951172, xnorm = 19.037201, gnorm = 26.234703, step = 1.000000

Iteration 65:
fx = 21844.771484, xnorm = 19.034933, gnorm = 25.587311, step = 1.000000

Iteration 66:
fx = 21844.333984, xnorm = 19.031172, gnorm = 43.001484, step = 1.000000

Iteration 67:
fx = 21844.119141, xnorm = 19.028320, gnorm = 23.875029, step = 1.000000

Iteration 68:
fx = 21843.882812, xnorm = 19.024525, gnorm = 18.671688, step = 1.000000

Iteration 69:
fx = 21843.687500, xnorm = 19.021412, gnorm = 21.173040, step = 1.000000

Iteration 70:
fx = 21843.460938, xnorm = 19.016308, gnorm = 28.677984, step = 1.000000

Iteration 71:
fx = 21843.396484, xnorm = 19.016167, gnorm = 11.778948, step = 1.000000

Iteration 72:
fx = 21843.365234, xnorm = 19.016796, gnorm = 11.725201, step = 1.000000

L-BFGS optimization terminated with status code = -1001
fx = 21843.365234
[0;32mINFO[0;0m 2021-10-28 10:15:09,146 plmdca get_fields_and_couplings_from_backend 
	Data size expected from plmDCA backend: 71630
[0;32mINFO[0;0m 2021-10-28 10:15:09,147 plmdca get_fields_and_couplings_from_backend 
	Data size obtained from plmDCA backend to Python: 71630
[0;32mINFO[0;0m 2021-10-28 10:15:09,193 plmdca compute_sorted_FN 
	Computing non-APC sorted DCA score
[0;32mINFO[0;0m 2021-10-28 10:15:09,318 plmdca compute_sorted_FN_APC 
	Performing average product correction (APC) of FN  of DCA scores
[0;32mINFO[0;0m 2021-10-28 10:15:09,341 dca_utilities write_sorted_dca_scores 
	Writing DCA scores to file PLMDCA_output_5el5_1K/PLMDCA_apc_fn_scores_5el5_1K.txt
