[0;32mINFO[0;0m 2021-06-10 14:32:19,745 fasta_reader get_alignment_int_form 
	Found 13 non-standard residues in 9 sequences
[0;32mINFO[0;0m 2021-06-10 14:32:19,745 fasta_reader get_alignment_int_form 
	Total number of sequences read from file: 632
[0;32mINFO[0;0m 2021-06-10 14:32:19,745 meanfield_dca compute_sequences_weight 
	Computing sequences weights
[0;32mINFO[0;0m 2021-06-10 14:32:20,605 meanfield_dca __init__ 
	Created a MeanFieldDCA object with the following attributes
        	biomolecule: RNA
        	total states at sites: 5
        	pseudocount: 0.5
        	sequence identity: 0.8
        	alignment length: 133
        	total number of unique sequences (excluding redundant sequences with 100 percent similarity): 631
        	effective number of sequences (with sequence identity 0.8): 44.52791734966088
        
[0;32mINFO[0;0m 2021-06-10 14:32:20,606 meanfield_dca get_single_site_freqs 
	Computing single site frequencies
[0;32mINFO[0;0m 2021-06-10 14:32:20,980 meanfield_dca get_reg_single_site_freqs 
	Regularizing single site frequencies
[0;32mINFO[0;0m 2021-06-10 14:32:21,137 meanfield_dca get_pair_site_freqs 
	Computing pair site frequencies
[0;32mINFO[0;0m 2021-06-10 14:32:24,316 meanfield_dca get_reg_pair_site_freqs 
	Regularizing pair site frequencies
[0;32mINFO[0;0m 2021-06-10 14:32:24,517 meanfield_dca construct_corr_mat 
	Constructing the correlation matrix
[0;32mINFO[0;0m 2021-06-10 14:32:24,834 meanfield_dca compute_couplings 
	Computing couplings
[0;32mINFO[0;0m 2021-06-10 14:32:26,374 meanfield_dca compute_couplings 
	Maximum and minimum couplings: 2.284800743895718, -19.807758422848504
[0;32mINFO[0;0m 2021-06-10 14:32:26,375 meanfield_dca compute_sorted_FN 
	Computing Frobenius norm of couplings
[0;32mINFO[0;0m 2021-06-10 14:32:26,798 meanfield_dca compute_sorted_FN_APC 
	Performing average product correction (APC) to Frobenius norm of couplings.
[0;32mINFO[0;0m 2021-06-10 14:32:26,891 dca_utilities write_sorted_dca_scores 
	Writing DCA scores to file MFDCA_output_PKB137/MFDCA_apc_fn_scores_PKB137.txt
[0;32mINFO[0;0m 2021-06-10 14:32:26,910 mfdca_main run_meanfield_dca 
	DONE
