[0;32mINFO[0;0m 2021-09-18 15:06:32,898 fasta_reader get_alignment_int_form 
	Total number of sequences read from file: 41
[0;32mINFO[0;0m 2021-09-18 15:06:32,898 meanfield_dca compute_sequences_weight 
	Computing sequences weights
[0;32mINFO[0;0m 2021-09-18 15:06:33,756 meanfield_dca __init__ 
	Created a MeanFieldDCA object with the following attributes
        	biomolecule: RNA
        	total states at sites: 5
        	pseudocount: 0.5
        	sequence identity: 0.8
        	alignment length: 41
        	total number of unique sequences (excluding redundant sequences with 100 percent similarity): 40
        	effective number of sequences (with sequence identity 0.8): 4.625933954757148
        
[0;32mINFO[0;0m 2021-09-18 15:06:33,757 meanfield_dca get_single_site_freqs 
	Computing single site frequencies
[0;32mINFO[0;0m 2021-09-18 15:06:34,121 meanfield_dca get_reg_single_site_freqs 
	Regularizing single site frequencies
[0;32mINFO[0;0m 2021-09-18 15:06:34,243 meanfield_dca get_pair_site_freqs 
	Computing pair site frequencies
[0;32mINFO[0;0m 2021-09-18 15:06:37,461 meanfield_dca get_reg_pair_site_freqs 
	Regularizing pair site frequencies
[0;32mINFO[0;0m 2021-09-18 15:06:37,658 meanfield_dca construct_corr_mat 
	Constructing the correlation matrix
[0;32mINFO[0;0m 2021-09-18 15:06:37,973 meanfield_dca compute_couplings 
	Computing couplings
[0;32mINFO[0;0m 2021-09-18 15:06:38,451 meanfield_dca compute_couplings 
	Maximum and minimum couplings: 2.6851281119238446, -20.00000000000002
[0;32mINFO[0;0m 2021-09-18 15:06:38,451 meanfield_dca compute_sorted_FN 
	Computing Frobenius norm of couplings
[0;32mINFO[0;0m 2021-09-18 15:06:38,554 meanfield_dca compute_sorted_FN_APC 
	Performing average product correction (APC) to Frobenius norm of couplings.
[0;32mINFO[0;0m 2021-09-18 15:06:38,562 dca_utilities write_sorted_dca_scores 
	Writing DCA scores to file MFDCA_output_PKB15/MFDCA_apc_fn_scores_PKB15.txt
[0;32mINFO[0;0m 2021-09-18 15:06:38,568 mfdca_main run_meanfield_dca 
	DONE
