[0;32mINFO[0;0m 2021-06-10 15:04:05,227 plmdca __init__ Created plmDCA instance with:
            biomolecule: RNA
            MSA sequence length: 54
            total number of (unweighted) sequences: 2
            sequence identity: 0.8
            lambda_h: 10.600000000000001
            lambda_J: 10.600000000000001
            gradient decent iterations: 500
            number of threads: 40
        
[0;32mINFO[0;0m 2021-06-10 15:04:05,227 plmdca get_fields_and_couplings_from_backend 
	Computing fields and couplings using gradient decent
Iteration 1:
fx = 443.818665, xnorm = 5.948152, gnorm = 128.265167, step = 0.006431

Iteration 2:
fx = 89.940720, xnorm = 1.563477, gnorm = 40.950722, step = 1.000000

Iteration 3:
fx = 75.531395, xnorm = 2.068212, gnorm = 23.618181, step = 1.000000

Iteration 4:
fx = 71.005745, xnorm = 1.763098, gnorm = 4.427783, step = 1.000000

Iteration 5:
fx = 70.967552, xnorm = 1.743075, gnorm = 2.968312, step = 0.281277

Iteration 6:
fx = 70.961510, xnorm = 1.735158, gnorm = 2.391898, step = 0.193055

L-BFGS optimization terminated with status code = -1001
fx = 70.961510
[0;32mINFO[0;0m 2021-06-10 15:04:05,320 plmdca get_fields_and_couplings_from_backend 
	Data size expected from plmDCA backend: 36045
[0;32mINFO[0;0m 2021-06-10 15:04:05,320 plmdca get_fields_and_couplings_from_backend 
	Data size obtained from plmDCA backend to Python: 36045
[0;32mINFO[0;0m 2021-06-10 15:04:05,346 plmdca compute_sorted_FN 
	Computing non-APC sorted DCA score
[0;32mINFO[0;0m 2021-06-10 15:04:05,422 plmdca compute_sorted_FN_APC 
	Performing average product correction (APC) of FN  of DCA scores
[0;32mINFO[0;0m 2021-06-10 15:04:05,430 dca_utilities write_sorted_dca_scores 
	Writing DCA scores to file PLMDCA_output_PKB343/PLMDCA_apc_fn_scores_PKB343.txt
