[0;32mINFO[0;0m 2021-05-22 18:55:58,912 fasta_reader get_alignment_int_form 
	Total number of sequences read from file: 10
[0;32mINFO[0;0m 2021-05-22 18:55:58,912 meanfield_dca compute_sequences_weight 
	Computing sequences weights
[0;32mINFO[0;0m 2021-05-22 18:55:59,799 meanfield_dca __init__ 
	Created a MeanFieldDCA object with the following attributes
        	biomolecule: RNA
        	total states at sites: 5
        	pseudocount: 0.5
        	sequence identity: 0.8
        	alignment length: 66
        	total number of unique sequences (excluding redundant sequences with 100 percent similarity): 10
        	effective number of sequences (with sequence identity 0.8): 4.0
        
[0;32mINFO[0;0m 2021-05-22 18:55:59,800 meanfield_dca get_single_site_freqs 
	Computing single site frequencies
[0;32mINFO[0;0m 2021-05-22 18:56:00,155 meanfield_dca get_reg_single_site_freqs 
	Regularizing single site frequencies
[0;32mINFO[0;0m 2021-05-22 18:56:00,345 meanfield_dca get_pair_site_freqs 
	Computing pair site frequencies
[0;32mINFO[0;0m 2021-05-22 18:56:03,685 meanfield_dca get_reg_pair_site_freqs 
	Regularizing pair site frequencies
[0;32mINFO[0;0m 2021-05-22 18:56:03,880 meanfield_dca construct_corr_mat 
	Constructing the correlation matrix
[0;32mINFO[0;0m 2021-05-22 18:56:04,184 meanfield_dca compute_couplings 
	Computing couplings
[0;32mINFO[0;0m 2021-05-22 18:56:04,739 meanfield_dca compute_couplings 
	Maximum and minimum couplings: 1.6293452179495012, -20.000000000000025
[0;32mINFO[0;0m 2021-05-22 18:56:04,739 meanfield_dca compute_sorted_FN 
	Computing Frobenius norm of couplings
[0;32mINFO[0;0m 2021-05-22 18:56:04,907 meanfield_dca compute_sorted_FN_APC 
	Performing average product correction (APC) to Frobenius norm of couplings.
[0;32mINFO[0;0m 2021-05-22 18:56:04,918 dca_utilities write_sorted_dca_scores 
	Writing DCA scores to file MFDCA_output_3r4f_A/MFDCA_apc_fn_scores_3r4f_A.txt
[0;32mINFO[0;0m 2021-05-22 18:56:04,922 mfdca_main run_meanfield_dca 
	DONE
