[0;32mINFO[0;0m 2021-10-27 21:52:03,827 fasta_reader get_alignment_int_form 
	Total number of sequences read from file: 140
[0;32mINFO[0;0m 2021-10-27 21:52:03,828 meanfield_dca compute_sequences_weight 
	Computing sequences weights
[0;32mINFO[0;0m 2021-10-27 21:52:04,707 meanfield_dca __init__ 
	Created a MeanFieldDCA object with the following attributes
        	biomolecule: RNA
        	total states at sites: 5
        	pseudocount: 0.5
        	sequence identity: 0.8
        	alignment length: 49
        	total number of unique sequences (excluding redundant sequences with 100 percent similarity): 140
        	effective number of sequences (with sequence identity 0.8): 21.844215284456656
        
[0;32mINFO[0;0m 2021-10-27 21:52:04,708 meanfield_dca get_single_site_freqs 
	Computing single site frequencies
[0;32mINFO[0;0m 2021-10-27 21:52:05,070 meanfield_dca get_reg_single_site_freqs 
	Regularizing single site frequencies
[0;32mINFO[0;0m 2021-10-27 21:52:05,193 meanfield_dca get_pair_site_freqs 
	Computing pair site frequencies
[0;32mINFO[0;0m 2021-10-27 21:52:08,386 meanfield_dca get_reg_pair_site_freqs 
	Regularizing pair site frequencies
[0;32mINFO[0;0m 2021-10-27 21:52:08,586 meanfield_dca construct_corr_mat 
	Constructing the correlation matrix
[0;32mINFO[0;0m 2021-10-27 21:52:08,901 meanfield_dca compute_couplings 
	Computing couplings
[0;32mINFO[0;0m 2021-10-27 21:52:09,418 meanfield_dca compute_couplings 
	Maximum and minimum couplings: 2.457451505880154, -20.000000000000025
[0;32mINFO[0;0m 2021-10-27 21:52:09,419 meanfield_dca compute_sorted_FN 
	Computing Frobenius norm of couplings
[0;32mINFO[0;0m 2021-10-27 21:52:09,558 meanfield_dca compute_sorted_FN_APC 
	Performing average product correction (APC) to Frobenius norm of couplings.
[0;32mINFO[0;0m 2021-10-27 21:52:09,562 dca_utilities write_sorted_dca_scores 
	Writing DCA scores to file MFDCA_output_2pxb_B/MFDCA_apc_fn_scores_2pxb_B.txt
[0;32mINFO[0;0m 2021-10-27 21:52:09,565 mfdca_main run_meanfield_dca 
	DONE
