[0;32mINFO[0;0m 2021-08-03 01:47:08,152 plmdca __init__ Created plmDCA instance with:
            biomolecule: RNA
            MSA sequence length: 47
            total number of (unweighted) sequences: 1
            sequence identity: 0.8
            lambda_h: 9.200000000000001
            lambda_J: 9.200000000000001
            gradient decent iterations: 500
            number of threads: 40
        
[0;32mINFO[0;0m 2021-08-03 01:47:08,153 plmdca get_fields_and_couplings_from_backend 
	Computing fields and couplings using gradient decent
Iteration 1:
fx = 142.776932, xnorm = 3.448677, gnorm = 64.106689, step = 0.011543

Iteration 2:
fx = 38.036526, xnorm = 1.173582, gnorm = 9.006636, step = 1.000000

Iteration 3:
fx = 37.153751, xnorm = 1.460247, gnorm = 5.031186, step = 1.000000

Iteration 4:
fx = 36.847145, xnorm = 1.342456, gnorm = 0.124273, step = 1.000000

L-BFGS optimization terminated with status code = -1001
fx = 36.847145
[0;32mINFO[0;0m 2021-08-03 01:47:08,278 plmdca get_fields_and_couplings_from_backend 
	Data size expected from plmDCA backend: 27260
[0;32mINFO[0;0m 2021-08-03 01:47:08,278 plmdca get_fields_and_couplings_from_backend 
	Data size obtained from plmDCA backend to Python: 27260
[0;32mINFO[0;0m 2021-08-03 01:47:08,319 plmdca compute_sorted_FN 
	Computing non-APC sorted DCA score
[0;32mINFO[0;0m 2021-08-03 01:47:08,422 plmdca compute_sorted_FN_APC 
	Performing average product correction (APC) of FN  of DCA scores
[0;32mINFO[0;0m 2021-08-03 01:47:08,436 dca_utilities write_sorted_dca_scores 
	Writing DCA scores to file PLMDCA_output_1s03_A/PLMDCA_apc_fn_scores_1s03_A.txt
