[0;32mINFO[0;0m 2021-09-18 15:18:40,865 fasta_reader get_alignment_int_form 
	Found 2 non-standard residues in 2 sequences
[0;32mINFO[0;0m 2021-09-18 15:18:40,865 fasta_reader get_alignment_int_form 
	Total number of sequences read from file: 46
[0;32mINFO[0;0m 2021-09-18 15:18:40,865 meanfield_dca compute_sequences_weight 
	Computing sequences weights
[0;32mINFO[0;0m 2021-09-18 15:18:41,752 meanfield_dca __init__ 
	Created a MeanFieldDCA object with the following attributes
        	biomolecule: RNA
        	total states at sites: 5
        	pseudocount: 0.5
        	sequence identity: 0.8
        	alignment length: 50
        	total number of unique sequences (excluding redundant sequences with 100 percent similarity): 45
        	effective number of sequences (with sequence identity 0.8): 14.921595844815661
        
[0;32mINFO[0;0m 2021-09-18 15:18:41,752 meanfield_dca get_single_site_freqs 
	Computing single site frequencies
[0;32mINFO[0;0m 2021-09-18 15:18:42,113 meanfield_dca get_reg_single_site_freqs 
	Regularizing single site frequencies
[0;32mINFO[0;0m 2021-09-18 15:18:42,239 meanfield_dca get_pair_site_freqs 
	Computing pair site frequencies
[0;32mINFO[0;0m 2021-09-18 15:18:45,457 meanfield_dca get_reg_pair_site_freqs 
	Regularizing pair site frequencies
[0;32mINFO[0;0m 2021-09-18 15:18:45,653 meanfield_dca construct_corr_mat 
	Constructing the correlation matrix
[0;32mINFO[0;0m 2021-09-18 15:18:45,969 meanfield_dca compute_couplings 
	Computing couplings
[0;32mINFO[0;0m 2021-09-18 15:18:46,465 meanfield_dca compute_couplings 
	Maximum and minimum couplings: 2.4516597245480143, -20.000000000000036
[0;32mINFO[0;0m 2021-09-18 15:18:46,466 meanfield_dca compute_sorted_FN 
	Computing Frobenius norm of couplings
[0;32mINFO[0;0m 2021-09-18 15:18:46,592 meanfield_dca compute_sorted_FN_APC 
	Performing average product correction (APC) to Frobenius norm of couplings.
[0;32mINFO[0;0m 2021-09-18 15:18:46,597 dca_utilities write_sorted_dca_scores 
	Writing DCA scores to file MFDCA_output_PKB2/MFDCA_apc_fn_scores_PKB2.txt
[0;32mINFO[0;0m 2021-09-18 15:18:46,599 mfdca_main run_meanfield_dca 
	DONE
