[0;32mINFO[0;0m 2021-08-03 01:13:22,531 plmdca __init__ Created plmDCA instance with:
            biomolecule: RNA
            MSA sequence length: 95
            total number of (unweighted) sequences: 2
            sequence identity: 0.8
            lambda_h: 18.8
            lambda_J: 18.8
            gradient decent iterations: 500
            number of threads: 40
        
[0;32mINFO[0;0m 2021-08-03 01:13:22,531 plmdca get_fields_and_couplings_from_backend 
	Computing fields and couplings using gradient decent
Iteration 1:
fx = 1373.704712, xnorm = 8.136195, gnorm = 311.202423, step = 0.002811

Iteration 2:
fx = 280.097473, xnorm = 1.649929, gnorm = 171.050659, step = 1.000000

Iteration 3:
fx = 176.404816, xnorm = 2.741876, gnorm = 85.828926, step = 1.000000

Iteration 4:
fx = 127.225815, xnorm = 1.955147, gnorm = 29.048347, step = 1.000000

Iteration 5:
fx = 125.401070, xnorm = 1.584020, gnorm = 14.823386, step = 1.000000

Iteration 6:
fx = 123.706009, xnorm = 1.702287, gnorm = 1.487937, step = 1.000000

L-BFGS optimization terminated with status code = -1001
fx = 123.706009
[0;32mINFO[0;0m 2021-08-03 01:13:22,701 plmdca get_fields_and_couplings_from_backend 
	Data size expected from plmDCA backend: 112100
[0;32mINFO[0;0m 2021-08-03 01:13:22,701 plmdca get_fields_and_couplings_from_backend 
	Data size obtained from plmDCA backend to Python: 112100
[0;32mINFO[0;0m 2021-08-03 01:13:22,842 plmdca compute_sorted_FN 
	Computing non-APC sorted DCA score
[0;32mINFO[0;0m 2021-08-03 01:13:23,205 plmdca compute_sorted_FN_APC 
	Performing average product correction (APC) of FN  of DCA scores
[0;32mINFO[0;0m 2021-08-03 01:13:23,272 dca_utilities write_sorted_dca_scores 
	Writing DCA scores to file PLMDCA_output_5t83_A/PLMDCA_apc_fn_scores_5t83_A.txt
