[0;32mINFO[0;0m 2021-08-03 01:49:52,250 fasta_reader get_alignment_int_form 
	Found 54 non-standard residues in 3 sequences
[0;32mINFO[0;0m 2021-08-03 01:49:52,250 fasta_reader get_alignment_int_form 
	Total number of sequences read from file: 4
[0;32mINFO[0;0m 2021-08-03 01:49:52,250 meanfield_dca compute_sequences_weight 
	Computing sequences weights
[0;32mINFO[0;0m 2021-08-03 01:49:53,962 meanfield_dca __init__ 
	Created a MeanFieldDCA object with the following attributes
        	biomolecule: RNA
        	total states at sites: 5
        	pseudocount: 0.5
        	sequence identity: 0.8
        	alignment length: 77
        	total number of unique sequences (excluding redundant sequences with 100 percent similarity): 4
        	effective number of sequences (with sequence identity 0.8): 1.9999999999999998
        
[0;32mINFO[0;0m 2021-08-03 01:49:53,962 meanfield_dca get_single_site_freqs 
	Computing single site frequencies
[0;32mINFO[0;0m 2021-08-03 01:49:54,773 meanfield_dca get_reg_single_site_freqs 
	Regularizing single site frequencies
[0;32mINFO[0;0m 2021-08-03 01:49:55,022 meanfield_dca get_pair_site_freqs 
	Computing pair site frequencies
[0;32mINFO[0;0m 2021-08-03 01:50:01,998 meanfield_dca get_reg_pair_site_freqs 
	Regularizing pair site frequencies
[0;32mINFO[0;0m 2021-08-03 01:50:02,419 meanfield_dca construct_corr_mat 
	Constructing the correlation matrix
[0;32mINFO[0;0m 2021-08-03 01:50:03,097 meanfield_dca compute_couplings 
	Computing couplings
[0;32mINFO[0;0m 2021-08-03 01:50:05,724 meanfield_dca compute_couplings 
	Maximum and minimum couplings: 1.6099784149153977, -20.000000000000018
[0;32mINFO[0;0m 2021-08-03 01:50:05,725 meanfield_dca compute_sorted_FN 
	Computing Frobenius norm of couplings
[0;32mINFO[0;0m 2021-08-03 01:50:06,035 meanfield_dca compute_sorted_FN_APC 
	Performing average product correction (APC) to Frobenius norm of couplings.
[0;32mINFO[0;0m 2021-08-03 01:50:06,062 dca_utilities write_sorted_dca_scores 
	Writing DCA scores to file MFDCA_output_4jf2_A/MFDCA_apc_fn_scores_4jf2_A.txt
[0;32mINFO[0;0m 2021-08-03 01:50:06,077 mfdca_main run_meanfield_dca 
	DONE
