[0;32mINFO[0;0m 2021-09-18 14:50:18,908 fasta_reader get_alignment_int_form 
	Total number of sequences read from file: 60
[0;32mINFO[0;0m 2021-09-18 14:50:18,908 meanfield_dca compute_sequences_weight 
	Computing sequences weights
[0;32mINFO[0;0m 2021-09-18 14:50:19,770 meanfield_dca __init__ 
	Created a MeanFieldDCA object with the following attributes
        	biomolecule: RNA
        	total states at sites: 5
        	pseudocount: 0.5
        	sequence identity: 0.8
        	alignment length: 80
        	total number of unique sequences (excluding redundant sequences with 100 percent similarity): 59
        	effective number of sequences (with sequence identity 0.8): 12.722874475460683
        
[0;32mINFO[0;0m 2021-09-18 14:50:19,771 meanfield_dca get_single_site_freqs 
	Computing single site frequencies
[0;32mINFO[0;0m 2021-09-18 14:50:20,134 meanfield_dca get_reg_single_site_freqs 
	Regularizing single site frequencies
[0;32mINFO[0;0m 2021-09-18 14:50:20,260 meanfield_dca get_pair_site_freqs 
	Computing pair site frequencies
[0;32mINFO[0;0m 2021-09-18 14:50:23,484 meanfield_dca get_reg_pair_site_freqs 
	Regularizing pair site frequencies
[0;32mINFO[0;0m 2021-09-18 14:50:23,681 meanfield_dca construct_corr_mat 
	Constructing the correlation matrix
[0;32mINFO[0;0m 2021-09-18 14:50:23,995 meanfield_dca compute_couplings 
	Computing couplings
[0;32mINFO[0;0m 2021-09-18 14:50:24,575 meanfield_dca compute_couplings 
	Maximum and minimum couplings: 2.6134374883519436, -20.000000000000014
[0;32mINFO[0;0m 2021-09-18 14:50:24,576 meanfield_dca compute_sorted_FN 
	Computing Frobenius norm of couplings
[0;32mINFO[0;0m 2021-09-18 14:50:24,802 meanfield_dca compute_sorted_FN_APC 
	Performing average product correction (APC) to Frobenius norm of couplings.
[0;32mINFO[0;0m 2021-09-18 14:50:24,822 dca_utilities write_sorted_dca_scores 
	Writing DCA scores to file MFDCA_output_PKB364/MFDCA_apc_fn_scores_PKB364.txt
[0;32mINFO[0;0m 2021-09-18 14:50:24,829 mfdca_main run_meanfield_dca 
	DONE
