[0;32mINFO[0;0m 2021-05-22 19:34:21,240 plmdca __init__ Created plmDCA instance with:
            biomolecule: RNA
            MSA sequence length: 52
            total number of (unweighted) sequences: 2139
            sequence identity: 0.8
            lambda_h: 10.200000000000001
            lambda_J: 10.200000000000001
            gradient decent iterations: 500
            number of threads: 40
        
[0;32mINFO[0;0m 2021-05-22 19:34:21,241 plmdca get_fields_and_couplings_from_backend 
	Computing fields and couplings using gradient decent
Iteration 1:
fx = 16487.623047, xnorm = 25.915495, gnorm = 2351.201904, step = 0.000770

Iteration 2:
fx = 15671.875977, xnorm = 25.840801, gnorm = 1045.836670, step = 1.000000

Iteration 3:
fx = 15129.061523, xnorm = 25.457790, gnorm = 935.048706, step = 1.000000

Iteration 4:
fx = 13453.344727, xnorm = 23.775324, gnorm = 1347.286011, step = 1.000000

Iteration 5:
fx = 11030.107422, xnorm = 20.974449, gnorm = 1293.428589, step = 1.000000

Iteration 6:
fx = 10539.833008, xnorm = 19.863642, gnorm = 1705.173340, step = 1.000000

Iteration 7:
fx = 9559.732422, xnorm = 19.714872, gnorm = 949.715393, step = 1.000000

Iteration 8:
fx = 9221.566406, xnorm = 19.334814, gnorm = 760.211182, step = 1.000000

Iteration 9:
fx = 8666.373047, xnorm = 18.286322, gnorm = 726.025269, step = 1.000000

Iteration 10:
fx = 8162.668945, xnorm = 17.175571, gnorm = 667.212952, step = 1.000000

Iteration 11:
fx = 7827.275879, xnorm = 15.394939, gnorm = 1353.648438, step = 1.000000

Iteration 12:
fx = 7196.854004, xnorm = 15.451836, gnorm = 443.361633, step = 1.000000

Iteration 13:
fx = 7042.627441, xnorm = 15.107596, gnorm = 349.330383, step = 1.000000

Iteration 14:
fx = 6828.896973, xnorm = 14.103300, gnorm = 476.482574, step = 1.000000

Iteration 15:
fx = 6824.508789, xnorm = 13.153959, gnorm = 699.033020, step = 1.000000

Iteration 16:
fx = 6669.640625, xnorm = 13.345174, gnorm = 381.437073, step = 1.000000

Iteration 17:
fx = 6619.124512, xnorm = 12.981030, gnorm = 500.081635, step = 1.000000

Iteration 18:
fx = 6545.669434, xnorm = 12.715496, gnorm = 269.179565, step = 1.000000

Iteration 19:
fx = 6476.264160, xnorm = 12.026139, gnorm = 229.795425, step = 1.000000

Iteration 20:
fx = 6428.076172, xnorm = 11.664701, gnorm = 202.880615, step = 1.000000

Iteration 21:
fx = 6402.546875, xnorm = 11.218154, gnorm = 279.005707, step = 1.000000

Iteration 22:
fx = 6371.913574, xnorm = 11.152929, gnorm = 125.711441, step = 1.000000

Iteration 23:
fx = 6358.125000, xnorm = 11.106715, gnorm = 129.988739, step = 1.000000

Iteration 24:
fx = 6346.042969, xnorm = 11.101669, gnorm = 124.349251, step = 1.000000

Iteration 25:
fx = 6339.944824, xnorm = 11.131240, gnorm = 192.790161, step = 1.000000

Iteration 26:
fx = 6328.547363, xnorm = 11.166385, gnorm = 100.521126, step = 1.000000

Iteration 27:
fx = 6320.758301, xnorm = 11.212532, gnorm = 109.954628, step = 1.000000

Iteration 28:
fx = 6312.790039, xnorm = 11.272143, gnorm = 106.360291, step = 1.000000

Iteration 29:
fx = 6311.502441, xnorm = 11.277684, gnorm = 91.945152, step = 0.212280

Iteration 30:
fx = 6308.874512, xnorm = 11.289373, gnorm = 34.711590, step = 1.000000

Iteration 31:
fx = 6308.019043, xnorm = 11.279605, gnorm = 26.233549, step = 1.000000

Iteration 32:
fx = 6307.178223, xnorm = 11.267675, gnorm = 25.223507, step = 1.000000

Iteration 33:
fx = 6306.546387, xnorm = 11.244013, gnorm = 49.592846, step = 1.000000

Iteration 34:
fx = 6305.604004, xnorm = 11.237013, gnorm = 20.620300, step = 1.000000

Iteration 35:
fx = 6305.097656, xnorm = 11.230920, gnorm = 17.666908, step = 1.000000

Iteration 36:
fx = 6304.722168, xnorm = 11.222326, gnorm = 17.257168, step = 1.000000

Iteration 37:
fx = 6304.051758, xnorm = 11.206016, gnorm = 19.467299, step = 1.000000

Iteration 38:
fx = 6304.012207, xnorm = 11.203443, gnorm = 13.385313, step = 0.152398

Iteration 39:
fx = 6303.968750, xnorm = 11.197697, gnorm = 7.498476, step = 1.000000

Iteration 40:
fx = 6303.944824, xnorm = 11.194847, gnorm = 7.878649, step = 1.000000

Iteration 41:
fx = 6303.875488, xnorm = 11.187284, gnorm = 8.058610, step = 1.000000

Iteration 42:
fx = 6303.854980, xnorm = 11.186229, gnorm = 7.437866, step = 0.170701

Iteration 43:
fx = 6303.813477, xnorm = 11.183835, gnorm = 5.723875, step = 1.000000

Iteration 44:
fx = 6303.788574, xnorm = 11.180394, gnorm = 4.249242, step = 1.000000

Iteration 45:
fx = 6303.769043, xnorm = 11.178088, gnorm = 5.870167, step = 0.490038

Iteration 46:
fx = 6303.763672, xnorm = 11.175941, gnorm = 3.081436, step = 1.000000

Iteration 47:
fx = 6303.756836, xnorm = 11.174421, gnorm = 2.184881, step = 1.000000

L-BFGS optimization terminated with status code = -1001
fx = 6303.756836
[0;32mINFO[0;0m 2021-05-22 19:34:21,844 plmdca get_fields_and_couplings_from_backend 
	Data size expected from plmDCA backend: 33410
[0;32mINFO[0;0m 2021-05-22 19:34:21,844 plmdca get_fields_and_couplings_from_backend 
	Data size obtained from plmDCA backend to Python: 33410
[0;32mINFO[0;0m 2021-05-22 19:34:21,865 plmdca compute_sorted_FN 
	Computing non-APC sorted DCA score
[0;32mINFO[0;0m 2021-05-22 19:34:22,000 plmdca compute_sorted_FN_APC 
	Performing average product correction (APC) of FN  of DCA scores
[0;32mINFO[0;0m 2021-05-22 19:34:22,018 dca_utilities write_sorted_dca_scores 
	Writing DCA scores to file PLMDCA_output_4ena_A/PLMDCA_apc_fn_scores_4ena_A.txt
