[0;32mINFO[0;0m 2021-10-28 10:20:01,790 plmdca __init__ Created plmDCA instance with:
            biomolecule: RNA
            MSA sequence length: 117
            total number of (unweighted) sequences: 630
            sequence identity: 0.8
            lambda_h: 23.200000000000003
            lambda_J: 23.200000000000003
            gradient decent iterations: 500
            number of threads: 40
        
[0;32mINFO[0;0m 2021-10-28 10:20:01,790 plmdca get_fields_and_couplings_from_backend 
	Computing fields and couplings using gradient decent
Iteration 1:
fx = 60178.628906, xnorm = 34.494743, gnorm = 4618.207520, step = 0.000237

Iteration 2:
fx = 57526.250000, xnorm = 34.042843, gnorm = 4263.961914, step = 1.000000

Iteration 3:
fx = 48186.960938, xnorm = 31.403471, gnorm = 4571.112305, step = 1.000000

Iteration 4:
fx = 42652.957031, xnorm = 28.899002, gnorm = 4412.500000, step = 1.000000

Iteration 5:
fx = 39172.000000, xnorm = 28.094709, gnorm = 3084.231689, step = 1.000000

Iteration 6:
fx = 36510.355469, xnorm = 27.403040, gnorm = 2583.999023, step = 1.000000

Iteration 7:
fx = 32656.113281, xnorm = 25.898083, gnorm = 3639.228271, step = 1.000000

Iteration 8:
fx = 29819.707031, xnorm = 25.204748, gnorm = 2869.666504, step = 1.000000

Iteration 9:
fx = 27740.500000, xnorm = 24.489897, gnorm = 2070.654053, step = 1.000000

Iteration 10:
fx = 25184.863281, xnorm = 22.550482, gnorm = 2671.352539, step = 1.000000

Iteration 11:
fx = 23819.613281, xnorm = 21.553207, gnorm = 2268.359375, step = 1.000000

Iteration 12:
fx = 22851.654297, xnorm = 21.027096, gnorm = 1445.409302, step = 1.000000

Iteration 13:
fx = 22040.806641, xnorm = 20.184704, gnorm = 1487.567261, step = 1.000000

Iteration 14:
fx = 21184.246094, xnorm = 18.978258, gnorm = 1581.438477, step = 1.000000

Iteration 15:
fx = 20450.371094, xnorm = 18.040451, gnorm = 1447.533203, step = 1.000000

Iteration 16:
fx = 19900.730469, xnorm = 17.585470, gnorm = 833.498413, step = 1.000000

Iteration 17:
fx = 19603.777344, xnorm = 17.175737, gnorm = 762.624207, step = 1.000000

Iteration 18:
fx = 19437.601562, xnorm = 16.735134, gnorm = 945.963013, step = 1.000000

Iteration 19:
fx = 19246.355469, xnorm = 16.505671, gnorm = 573.932434, step = 1.000000

Iteration 20:
fx = 19103.931641, xnorm = 16.237135, gnorm = 509.398285, step = 1.000000

Iteration 21:
fx = 19004.347656, xnorm = 15.921440, gnorm = 668.805969, step = 1.000000

Iteration 22:
fx = 18927.103516, xnorm = 15.706657, gnorm = 444.302673, step = 1.000000

Iteration 23:
fx = 18888.207031, xnorm = 15.689532, gnorm = 294.095490, step = 1.000000

Iteration 24:
fx = 18854.210938, xnorm = 15.649360, gnorm = 283.817139, step = 1.000000

Iteration 25:
fx = 18824.660156, xnorm = 15.562777, gnorm = 360.680939, step = 1.000000

Iteration 26:
fx = 18797.460938, xnorm = 15.497124, gnorm = 302.752899, step = 1.000000

Iteration 27:
fx = 18780.632812, xnorm = 15.478941, gnorm = 182.710190, step = 1.000000

Iteration 28:
fx = 18769.523438, xnorm = 15.459127, gnorm = 161.303375, step = 1.000000

Iteration 29:
fx = 18763.650391, xnorm = 15.446942, gnorm = 164.737671, step = 1.000000

Iteration 30:
fx = 18757.355469, xnorm = 15.444871, gnorm = 119.537964, step = 1.000000

Iteration 31:
fx = 18751.730469, xnorm = 15.450185, gnorm = 128.515259, step = 1.000000

Iteration 32:
fx = 18750.603516, xnorm = 15.459475, gnorm = 188.777161, step = 1.000000

Iteration 33:
fx = 18747.386719, xnorm = 15.461960, gnorm = 72.054893, step = 1.000000

Iteration 34:
fx = 18746.361328, xnorm = 15.465780, gnorm = 58.203667, step = 1.000000

Iteration 35:
fx = 18745.417969, xnorm = 15.474740, gnorm = 67.988876, step = 1.000000

Iteration 36:
fx = 18744.400391, xnorm = 15.488813, gnorm = 82.060684, step = 1.000000

Iteration 37:
fx = 18744.013672, xnorm = 15.493578, gnorm = 56.439381, step = 0.275560

Iteration 38:
fx = 18743.617188, xnorm = 15.502235, gnorm = 33.865238, step = 1.000000

Iteration 39:
fx = 18743.386719, xnorm = 15.507843, gnorm = 31.723118, step = 1.000000

Iteration 40:
fx = 18743.287109, xnorm = 15.510567, gnorm = 26.217649, step = 0.286489

Iteration 41:
fx = 18743.017578, xnorm = 15.517368, gnorm = 21.227781, step = 1.000000

Iteration 42:
fx = 18742.871094, xnorm = 15.521856, gnorm = 26.428484, step = 1.000000

Iteration 43:
fx = 18742.734375, xnorm = 15.524925, gnorm = 17.068510, step = 1.000000

Iteration 44:
fx = 18742.718750, xnorm = 15.525313, gnorm = 15.243652, step = 1.000000

Iteration 45:
fx = 18742.617188, xnorm = 15.525020, gnorm = 11.784935, step = 1.000000

Iteration 46:
fx = 18742.501953, xnorm = 15.524730, gnorm = 16.182985, step = 1.000000

Iteration 47:
fx = 18742.462891, xnorm = 15.525162, gnorm = 11.820598, step = 1.000000

Iteration 48:
fx = 18742.462891, xnorm = 15.525310, gnorm = 9.076826, step = 0.573259

L-BFGS optimization terminated with status code = -1001
fx = 18742.458984
[0;32mINFO[0;0m 2021-10-28 10:20:02,547 plmdca get_fields_and_couplings_from_backend 
	Data size expected from plmDCA backend: 170235
[0;32mINFO[0;0m 2021-10-28 10:20:02,547 plmdca get_fields_and_couplings_from_backend 
	Data size obtained from plmDCA backend to Python: 170235
[0;32mINFO[0;0m 2021-10-28 10:20:02,656 plmdca compute_sorted_FN 
	Computing non-APC sorted DCA score
[0;32mINFO[0;0m 2021-10-28 10:20:02,946 plmdca compute_sorted_FN_APC 
	Performing average product correction (APC) of FN  of DCA scores
[0;32mINFO[0;0m 2021-10-28 10:20:03,020 dca_utilities write_sorted_dca_scores 
	Writing DCA scores to file PLMDCA_output_6ck5_A/PLMDCA_apc_fn_scores_6ck5_A.txt
