[0;32mINFO[0;0m 2021-05-22 16:47:38,631 fasta_reader get_alignment_int_form 
	Found 14 non-standard residues in 4 sequences
[0;32mINFO[0;0m 2021-05-22 16:47:38,631 fasta_reader get_alignment_int_form 
	Total number of sequences read from file: 3918
[0;32mINFO[0;0m 2021-05-22 16:47:38,631 meanfield_dca compute_sequences_weight 
	Computing sequences weights
[0;32mINFO[0;0m 2021-05-22 16:47:39,553 meanfield_dca __init__ 
	Created a MeanFieldDCA object with the following attributes
        	biomolecule: RNA
        	total states at sites: 5
        	pseudocount: 0.5
        	sequence identity: 0.8
        	alignment length: 128
        	total number of unique sequences (excluding redundant sequences with 100 percent similarity): 3670
        	effective number of sequences (with sequence identity 0.8): 1221.6927721930676
        
[0;32mINFO[0;0m 2021-05-22 16:47:39,553 meanfield_dca get_single_site_freqs 
	Computing single site frequencies
[0;32mINFO[0;0m 2021-05-22 16:47:39,972 meanfield_dca get_reg_single_site_freqs 
	Regularizing single site frequencies
[0;32mINFO[0;0m 2021-05-22 16:47:40,093 meanfield_dca get_pair_site_freqs 
	Computing pair site frequencies
[0;32mINFO[0;0m 2021-05-22 16:47:43,456 meanfield_dca get_reg_pair_site_freqs 
	Regularizing pair site frequencies
[0;32mINFO[0;0m 2021-05-22 16:47:43,657 meanfield_dca construct_corr_mat 
	Constructing the correlation matrix
[0;32mINFO[0;0m 2021-05-22 16:47:43,919 meanfield_dca compute_couplings 
	Computing couplings
[0;32mINFO[0;0m 2021-05-22 16:47:44,677 meanfield_dca compute_couplings 
	Maximum and minimum couplings: 3.6783908626386252, -20.000000000000178
[0;32mINFO[0;0m 2021-05-22 16:47:44,677 meanfield_dca compute_sorted_FN 
	Computing Frobenius norm of couplings
[0;32mINFO[0;0m 2021-05-22 16:47:45,058 meanfield_dca compute_sorted_FN_APC 
	Performing average product correction (APC) to Frobenius norm of couplings.
[0;32mINFO[0;0m 2021-05-22 16:47:45,143 dca_utilities write_sorted_dca_scores 
	Writing DCA scores to file MFDCA_output_6n5q_A/MFDCA_apc_fn_scores_6n5q_A.txt
[0;32mINFO[0;0m 2021-05-22 16:47:45,161 mfdca_main run_meanfield_dca 
	DONE
