[0;32mINFO[0;0m 2021-05-22 18:50:42,550 fasta_reader get_alignment_int_form 
	Total number of sequences read from file: 32
[0;32mINFO[0;0m 2021-05-22 18:50:42,550 meanfield_dca compute_sequences_weight 
	Computing sequences weights
[0;32mINFO[0;0m 2021-05-22 18:50:43,390 meanfield_dca __init__ 
	Created a MeanFieldDCA object with the following attributes
        	biomolecule: RNA
        	total states at sites: 5
        	pseudocount: 0.5
        	sequence identity: 0.8
        	alignment length: 51
        	total number of unique sequences (excluding redundant sequences with 100 percent similarity): 32
        	effective number of sequences (with sequence identity 0.8): 13.08424630924631
        
[0;32mINFO[0;0m 2021-05-22 18:50:43,391 meanfield_dca get_single_site_freqs 
	Computing single site frequencies
[0;32mINFO[0;0m 2021-05-22 18:50:43,930 meanfield_dca get_reg_single_site_freqs 
	Regularizing single site frequencies
[0;32mINFO[0;0m 2021-05-22 18:50:44,050 meanfield_dca get_pair_site_freqs 
	Computing pair site frequencies
[0;32mINFO[0;0m 2021-05-22 18:50:47,318 meanfield_dca get_reg_pair_site_freqs 
	Regularizing pair site frequencies
[0;32mINFO[0;0m 2021-05-22 18:50:47,516 meanfield_dca construct_corr_mat 
	Constructing the correlation matrix
[0;32mINFO[0;0m 2021-05-22 18:50:47,830 meanfield_dca compute_couplings 
	Computing couplings
[0;32mINFO[0;0m 2021-05-22 18:50:48,323 meanfield_dca compute_couplings 
	Maximum and minimum couplings: 3.307013910671364, -20.00000000000001
[0;32mINFO[0;0m 2021-05-22 18:50:48,323 meanfield_dca compute_sorted_FN 
	Computing Frobenius norm of couplings
[0;32mINFO[0;0m 2021-05-22 18:50:48,469 meanfield_dca compute_sorted_FN_APC 
	Performing average product correction (APC) to Frobenius norm of couplings.
[0;32mINFO[0;0m 2021-05-22 18:50:48,473 dca_utilities write_sorted_dca_scores 
	Writing DCA scores to file MFDCA_output_6ufj_A/MFDCA_apc_fn_scores_6ufj_A.txt
[0;32mINFO[0;0m 2021-05-22 18:50:48,476 mfdca_main run_meanfield_dca 
	DONE
