[0;32mINFO[0;0m 2021-08-19 11:26:28,499 plmdca __init__ Created plmDCA instance with:
            biomolecule: RNA
            MSA sequence length: 66
            total number of (unweighted) sequences: 49
            sequence identity: 0.8
            lambda_h: 13.0
            lambda_J: 13.0
            gradient decent iterations: 500
            number of threads: 40
        
[0;32mINFO[0;0m 2021-08-19 11:26:28,499 plmdca get_fields_and_couplings_from_backend 
	Computing fields and couplings using gradient decent
Iteration 1:
fx = 1241.980469, xnorm = 8.932549, gnorm = 238.022324, step = 0.003741

Iteration 2:
fx = 585.787598, xnorm = 2.800661, gnorm = 233.372284, step = 1.000000

Iteration 3:
fx = 287.792633, xnorm = 3.516818, gnorm = 105.662231, step = 1.000000

Iteration 4:
fx = 190.735916, xnorm = 2.482175, gnorm = 29.733912, step = 1.000000

Iteration 5:
fx = 188.144394, xnorm = 2.114105, gnorm = 16.091625, step = 1.000000

Iteration 6:
fx = 185.222137, xnorm = 2.201493, gnorm = 2.848794, step = 1.000000

Iteration 7:
fx = 185.217941, xnorm = 2.198292, gnorm = 2.445718, step = 0.231569

Iteration 8:
fx = 185.209488, xnorm = 2.193578, gnorm = 1.805530, step = 0.261995

Iteration 9:
fx = 185.208389, xnorm = 2.190684, gnorm = 1.401940, step = 0.221994

Iteration 10:
fx = 185.207199, xnorm = 2.188941, gnorm = 1.151111, step = 0.177916

Iteration 11:
fx = 185.207031, xnorm = 2.187875, gnorm = 0.996882, step = 0.133371

L-BFGS optimization terminated with status code = -1001
fx = 185.207062
[0;32mINFO[0;0m 2021-08-19 11:26:28,578 plmdca get_fields_and_couplings_from_backend 
	Data size expected from plmDCA backend: 53955
[0;32mINFO[0;0m 2021-08-19 11:26:28,578 plmdca get_fields_and_couplings_from_backend 
	Data size obtained from plmDCA backend to Python: 53955
[0;32mINFO[0;0m 2021-08-19 11:26:28,612 plmdca compute_sorted_FN 
	Computing non-APC sorted DCA score
[0;32mINFO[0;0m 2021-08-19 11:26:28,733 plmdca compute_sorted_FN_APC 
	Performing average product correction (APC) of FN  of DCA scores
[0;32mINFO[0;0m 2021-08-19 11:26:28,749 dca_utilities write_sorted_dca_scores 
	Writing DCA scores to file PLMDCA_output_3r4f_A/PLMDCA_apc_fn_scores_3r4f_A.txt
