[0;32mINFO[0;0m 2021-08-19 11:32:13,142 plmdca __init__ Created plmDCA instance with:
            biomolecule: RNA
            MSA sequence length: 35
            total number of (unweighted) sequences: 2
            sequence identity: 0.8
            lambda_h: 6.800000000000001
            lambda_J: 6.800000000000001
            gradient decent iterations: 500
            number of threads: 40
        
[0;32mINFO[0;0m 2021-08-19 11:32:13,143 plmdca get_fields_and_couplings_from_backend 
	Computing fields and couplings using gradient decent
Iteration 1:
fx = 193.680099, xnorm = 4.761335, gnorm = 65.129349, step = 0.011827

Iteration 2:
fx = 45.336269, xnorm = 1.675611, gnorm = 5.211812, step = 1.000000

Iteration 3:
fx = 44.365108, xnorm = 1.704111, gnorm = 5.103514, step = 1.000000

Iteration 4:
fx = 44.291935, xnorm = 1.697889, gnorm = 3.572593, step = 0.318235

Iteration 5:
fx = 44.280861, xnorm = 1.694456, gnorm = 2.801690, step = 0.214896

Iteration 6:
fx = 44.279976, xnorm = 1.692828, gnorm = 2.449744, step = 0.125537

L-BFGS optimization terminated with status code = -1001
fx = 44.279957
[0;32mINFO[0;0m 2021-08-19 11:32:13,186 plmdca get_fields_and_couplings_from_backend 
	Data size expected from plmDCA backend: 15050
[0;32mINFO[0;0m 2021-08-19 11:32:13,186 plmdca get_fields_and_couplings_from_backend 
	Data size obtained from plmDCA backend to Python: 15050
[0;32mINFO[0;0m 2021-08-19 11:32:13,196 plmdca compute_sorted_FN 
	Computing non-APC sorted DCA score
[0;32mINFO[0;0m 2021-08-19 11:32:13,224 plmdca compute_sorted_FN_APC 
	Performing average product correction (APC) of FN  of DCA scores
[0;32mINFO[0;0m 2021-08-19 11:32:13,226 dca_utilities write_sorted_dca_scores 
	Writing DCA scores to file PLMDCA_output_4pcj_A/PLMDCA_apc_fn_scores_4pcj_A.txt
