[0;32mINFO[0;0m 2021-06-10 14:07:55,236 fasta_reader get_alignment_int_form 
	Found 22825 non-standard residues in 11052 sequences
[0;32mINFO[0;0m 2021-06-10 14:07:55,237 fasta_reader get_alignment_int_form 
	Total number of sequences read from file: 110142
[0;32mINFO[0;0m 2021-06-10 14:07:55,265 meanfield_dca compute_sequences_weight 
	Computing sequences weights
[0;32mINFO[0;0m 2021-06-10 14:08:27,478 meanfield_dca __init__ 
	Created a MeanFieldDCA object with the following attributes
        	biomolecule: RNA
        	total states at sites: 5
        	pseudocount: 0.5
        	sequence identity: 0.8
        	alignment length: 46
        	total number of unique sequences (excluding redundant sequences with 100 percent similarity): 107879
        	effective number of sequences (with sequence identity 0.8): 63.74942809518412
        
[0;32mINFO[0;0m 2021-06-10 14:08:27,480 meanfield_dca get_single_site_freqs 
	Computing single site frequencies
[0;32mINFO[0;0m 2021-06-10 14:08:29,148 meanfield_dca get_reg_single_site_freqs 
	Regularizing single site frequencies
[0;32mINFO[0;0m 2021-06-10 14:08:29,411 meanfield_dca get_pair_site_freqs 
	Computing pair site frequencies
[0;32mINFO[0;0m 2021-06-10 14:08:37,265 meanfield_dca get_reg_pair_site_freqs 
	Regularizing pair site frequencies
[0;32mINFO[0;0m 2021-06-10 14:08:37,620 meanfield_dca construct_corr_mat 
	Constructing the correlation matrix
[0;32mINFO[0;0m 2021-06-10 14:08:37,974 meanfield_dca compute_couplings 
	Computing couplings
[0;32mINFO[0;0m 2021-06-10 14:08:39,085 meanfield_dca compute_couplings 
	Maximum and minimum couplings: 3.21508558768577, -19.35738388749368
[0;32mINFO[0;0m 2021-06-10 14:08:39,085 meanfield_dca compute_sorted_FN 
	Computing Frobenius norm of couplings
[0;32mINFO[0;0m 2021-06-10 14:08:39,222 meanfield_dca compute_sorted_FN_APC 
	Performing average product correction (APC) to Frobenius norm of couplings.
[0;32mINFO[0;0m 2021-06-10 14:08:39,228 dca_utilities write_sorted_dca_scores 
	Writing DCA scores to file MFDCA_output_PKB65/MFDCA_apc_fn_scores_PKB65.txt
[0;32mINFO[0;0m 2021-06-10 14:08:39,250 mfdca_main run_meanfield_dca 
	DONE
