[0;32mINFO[0;0m 2021-10-27 21:58:15,046 fasta_reader get_alignment_int_form 
	Found 35 non-standard residues in 22 sequences
[0;32mINFO[0;0m 2021-10-27 21:58:15,046 fasta_reader get_alignment_int_form 
	Total number of sequences read from file: 2457
[0;32mINFO[0;0m 2021-10-27 21:58:15,046 meanfield_dca compute_sequences_weight 
	Computing sequences weights
[0;32mINFO[0;0m 2021-10-27 21:58:15,925 meanfield_dca __init__ 
	Created a MeanFieldDCA object with the following attributes
        	biomolecule: RNA
        	total states at sites: 5
        	pseudocount: 0.5
        	sequence identity: 0.8
        	alignment length: 122
        	total number of unique sequences (excluding redundant sequences with 100 percent similarity): 2456
        	effective number of sequences (with sequence identity 0.8): 268.381312805882
        
[0;32mINFO[0;0m 2021-10-27 21:58:15,926 meanfield_dca get_single_site_freqs 
	Computing single site frequencies
[0;32mINFO[0;0m 2021-10-27 21:58:16,339 meanfield_dca get_reg_single_site_freqs 
	Regularizing single site frequencies
[0;32mINFO[0;0m 2021-10-27 21:58:16,462 meanfield_dca get_pair_site_freqs 
	Computing pair site frequencies
[0;32mINFO[0;0m 2021-10-27 21:58:19,778 meanfield_dca get_reg_pair_site_freqs 
	Regularizing pair site frequencies
[0;32mINFO[0;0m 2021-10-27 21:58:19,979 meanfield_dca construct_corr_mat 
	Constructing the correlation matrix
[0;32mINFO[0;0m 2021-10-27 21:58:20,243 meanfield_dca compute_couplings 
	Computing couplings
[0;32mINFO[0;0m 2021-10-27 21:58:20,924 meanfield_dca compute_couplings 
	Maximum and minimum couplings: 3.7468262798874328, -20.00000000000013
[0;32mINFO[0;0m 2021-10-27 21:58:20,924 meanfield_dca compute_sorted_FN 
	Computing Frobenius norm of couplings
[0;32mINFO[0;0m 2021-10-27 21:58:21,325 meanfield_dca compute_sorted_FN_APC 
	Performing average product correction (APC) to Frobenius norm of couplings.
[0;32mINFO[0;0m 2021-10-27 21:58:21,454 dca_utilities write_sorted_dca_scores 
	Writing DCA scores to file MFDCA_output_3cc2_9/MFDCA_apc_fn_scores_3cc2_9.txt
[0;32mINFO[0;0m 2021-10-27 21:58:21,470 mfdca_main run_meanfield_dca 
	DONE
