[0;32mINFO[0;0m 2021-08-18 21:47:23,669 fasta_reader get_alignment_int_form 
	Found 24 non-standard residues in 18 sequences
[0;32mINFO[0;0m 2021-08-18 21:47:23,670 fasta_reader get_alignment_int_form 
	Total number of sequences read from file: 3460
[0;32mINFO[0;0m 2021-08-18 21:47:23,670 meanfield_dca compute_sequences_weight 
	Computing sequences weights
[0;32mINFO[0;0m 2021-08-18 21:47:24,562 meanfield_dca __init__ 
	Created a MeanFieldDCA object with the following attributes
        	biomolecule: RNA
        	total states at sites: 5
        	pseudocount: 0.5
        	sequence identity: 0.8
        	alignment length: 55
        	total number of unique sequences (excluding redundant sequences with 100 percent similarity): 3459
        	effective number of sequences (with sequence identity 0.8): 61.145880685091335
        
[0;32mINFO[0;0m 2021-08-18 21:47:24,562 meanfield_dca get_single_site_freqs 
	Computing single site frequencies
[0;32mINFO[0;0m 2021-08-18 21:47:24,966 meanfield_dca get_reg_single_site_freqs 
	Regularizing single site frequencies
[0;32mINFO[0;0m 2021-08-18 21:47:25,090 meanfield_dca get_pair_site_freqs 
	Computing pair site frequencies
[0;32mINFO[0;0m 2021-08-18 21:47:28,330 meanfield_dca get_reg_pair_site_freqs 
	Regularizing pair site frequencies
[0;32mINFO[0;0m 2021-08-18 21:47:28,534 meanfield_dca construct_corr_mat 
	Constructing the correlation matrix
[0;32mINFO[0;0m 2021-08-18 21:47:28,798 meanfield_dca compute_couplings 
	Computing couplings
[0;32mINFO[0;0m 2021-08-18 21:47:29,309 meanfield_dca compute_couplings 
	Maximum and minimum couplings: 3.664977235560681, -19.992770136510103
[0;32mINFO[0;0m 2021-08-18 21:47:29,310 meanfield_dca compute_sorted_FN 
	Computing Frobenius norm of couplings
[0;32mINFO[0;0m 2021-08-18 21:47:29,422 meanfield_dca compute_sorted_FN_APC 
	Performing average product correction (APC) to Frobenius norm of couplings.
[0;32mINFO[0;0m 2021-08-18 21:47:29,491 dca_utilities write_sorted_dca_scores 
	Writing DCA scores to file MFDCA_output_4pkd_V/MFDCA_apc_fn_scores_4pkd_V.txt
[0;32mINFO[0;0m 2021-08-18 21:47:29,495 mfdca_main run_meanfield_dca 
	DONE
