[0;32mINFO[0;0m 2021-10-19 19:45:41,284 fasta_reader get_alignment_int_form 
	Found 62 non-standard residues in 40 sequences
[0;32mINFO[0;0m 2021-10-19 19:45:41,285 fasta_reader get_alignment_int_form 
	Total number of sequences read from file: 50000
[0;32mINFO[0;0m 2021-10-19 19:45:41,296 meanfield_dca compute_sequences_weight 
	Computing sequences weights
[0;32mINFO[0;0m 2021-10-19 19:45:44,548 meanfield_dca __init__ 
	Created a MeanFieldDCA object with the following attributes
        	biomolecule: RNA
        	total states at sites: 5
        	pseudocount: 0.5
        	sequence identity: 0.8
        	alignment length: 76
        	total number of unique sequences (excluding redundant sequences with 100 percent similarity): 37995
        	effective number of sequences (with sequence identity 0.8): 2674.427870842526
        
[0;32mINFO[0;0m 2021-10-19 19:45:44,550 meanfield_dca get_single_site_freqs 
	Computing single site frequencies
[0;32mINFO[0;0m 2021-10-19 19:45:45,136 meanfield_dca get_reg_single_site_freqs 
	Regularizing single site frequencies
[0;32mINFO[0;0m 2021-10-19 19:45:45,263 meanfield_dca get_pair_site_freqs 
	Computing pair site frequencies
[0;32mINFO[0;0m 2021-10-19 19:45:50,687 meanfield_dca get_reg_pair_site_freqs 
	Regularizing pair site frequencies
[0;32mINFO[0;0m 2021-10-19 19:45:50,891 meanfield_dca construct_corr_mat 
	Constructing the correlation matrix
[0;32mINFO[0;0m 2021-10-19 19:45:51,232 meanfield_dca compute_couplings 
	Computing couplings
[0;32mINFO[0;0m 2021-10-19 19:45:51,796 meanfield_dca compute_couplings 
	Maximum and minimum couplings: 3.620817327723919, -19.359653844287507
[0;32mINFO[0;0m 2021-10-19 19:45:51,796 meanfield_dca compute_sorted_FN 
	Computing Frobenius norm of couplings
[0;32mINFO[0;0m 2021-10-19 19:45:51,992 meanfield_dca compute_sorted_FN_APC 
	Performing average product correction (APC) to Frobenius norm of couplings.
[0;32mINFO[0;0m 2021-10-19 19:45:52,009 dca_utilities write_sorted_dca_scores 
	Writing DCA scores to file MFDCA_output_2der_C/MFDCA_apc_fn_scores_2der_C.txt
[0;32mINFO[0;0m 2021-10-19 19:45:52,023 mfdca_main run_meanfield_dca 
	DONE
