[0;32mINFO[0;0m 2021-10-19 19:28:13,017 fasta_reader get_alignment_int_form 
	Found 62 non-standard residues in 40 sequences
[0;32mINFO[0;0m 2021-10-19 19:28:13,018 fasta_reader get_alignment_int_form 
	Total number of sequences read from file: 50000
[0;32mINFO[0;0m 2021-10-19 19:28:13,029 meanfield_dca compute_sequences_weight 
	Computing sequences weights
[0;32mINFO[0;0m 2021-10-19 19:28:16,617 meanfield_dca __init__ 
	Created a MeanFieldDCA object with the following attributes
        	biomolecule: RNA
        	total states at sites: 5
        	pseudocount: 0.5
        	sequence identity: 0.8
        	alignment length: 77
        	total number of unique sequences (excluding redundant sequences with 100 percent similarity): 38161
        	effective number of sequences (with sequence identity 0.8): 2810.6398279989876
        
[0;32mINFO[0;0m 2021-10-19 19:28:16,619 meanfield_dca get_single_site_freqs 
	Computing single site frequencies
[0;32mINFO[0;0m 2021-10-19 19:28:17,212 meanfield_dca get_reg_single_site_freqs 
	Regularizing single site frequencies
[0;32mINFO[0;0m 2021-10-19 19:28:17,339 meanfield_dca get_pair_site_freqs 
	Computing pair site frequencies
[0;32mINFO[0;0m 2021-10-19 19:28:22,901 meanfield_dca get_reg_pair_site_freqs 
	Regularizing pair site frequencies
[0;32mINFO[0;0m 2021-10-19 19:28:23,106 meanfield_dca construct_corr_mat 
	Constructing the correlation matrix
[0;32mINFO[0;0m 2021-10-19 19:28:23,447 meanfield_dca compute_couplings 
	Computing couplings
[0;32mINFO[0;0m 2021-10-19 19:28:24,017 meanfield_dca compute_couplings 
	Maximum and minimum couplings: 3.6061063419009187, -19.37113688776692
[0;32mINFO[0;0m 2021-10-19 19:28:24,017 meanfield_dca compute_sorted_FN 
	Computing Frobenius norm of couplings
[0;32mINFO[0;0m 2021-10-19 19:28:24,209 meanfield_dca compute_sorted_FN_APC 
	Performing average product correction (APC) to Frobenius norm of couplings.
[0;32mINFO[0;0m 2021-10-19 19:28:24,226 dca_utilities write_sorted_dca_scores 
	Writing DCA scores to file MFDCA_output_4x0b_B/MFDCA_apc_fn_scores_4x0b_B.txt
[0;32mINFO[0;0m 2021-10-19 19:28:24,240 mfdca_main run_meanfield_dca 
	DONE
