[0;32mINFO[0;0m 2021-10-19 19:53:18,395 fasta_reader get_alignment_int_form 
	Found 55 non-standard residues in 38 sequences
[0;32mINFO[0;0m 2021-10-19 19:53:18,396 fasta_reader get_alignment_int_form 
	Total number of sequences read from file: 50000
[0;32mINFO[0;0m 2021-10-19 19:53:18,404 meanfield_dca compute_sequences_weight 
	Computing sequences weights
[0;32mINFO[0;0m 2021-10-19 19:53:21,746 meanfield_dca __init__ 
	Created a MeanFieldDCA object with the following attributes
        	biomolecule: RNA
        	total states at sites: 5
        	pseudocount: 0.5
        	sequence identity: 0.8
        	alignment length: 76
        	total number of unique sequences (excluding redundant sequences with 100 percent similarity): 38031
        	effective number of sequences (with sequence identity 0.8): 2664.5386744726516
        
[0;32mINFO[0;0m 2021-10-19 19:53:21,748 meanfield_dca get_single_site_freqs 
	Computing single site frequencies
[0;32mINFO[0;0m 2021-10-19 19:53:22,327 meanfield_dca get_reg_single_site_freqs 
	Regularizing single site frequencies
[0;32mINFO[0;0m 2021-10-19 19:53:22,454 meanfield_dca get_pair_site_freqs 
	Computing pair site frequencies
[0;32mINFO[0;0m 2021-10-19 19:53:27,801 meanfield_dca get_reg_pair_site_freqs 
	Regularizing pair site frequencies
[0;32mINFO[0;0m 2021-10-19 19:53:27,999 meanfield_dca construct_corr_mat 
	Constructing the correlation matrix
[0;32mINFO[0;0m 2021-10-19 19:53:28,333 meanfield_dca compute_couplings 
	Computing couplings
[0;32mINFO[0;0m 2021-10-19 19:53:28,905 meanfield_dca compute_couplings 
	Maximum and minimum couplings: 3.622153774116156, -19.356717096321507
[0;32mINFO[0;0m 2021-10-19 19:53:28,905 meanfield_dca compute_sorted_FN 
	Computing Frobenius norm of couplings
[0;32mINFO[0;0m 2021-10-19 19:53:29,100 meanfield_dca compute_sorted_FN_APC 
	Performing average product correction (APC) to Frobenius norm of couplings.
[0;32mINFO[0;0m 2021-10-19 19:53:29,117 dca_utilities write_sorted_dca_scores 
	Writing DCA scores to file MFDCA_output_4wj4_B/MFDCA_apc_fn_scores_4wj4_B.txt
[0;32mINFO[0;0m 2021-10-19 19:53:29,130 mfdca_main run_meanfield_dca 
	DONE
