[0;32mINFO[0;0m 2021-08-18 21:48:11,658 fasta_reader get_alignment_int_form 
	Found 700 non-standard residues in 305 sequences
[0;32mINFO[0;0m 2021-08-18 21:48:11,658 fasta_reader get_alignment_int_form 
	Total number of sequences read from file: 29860
[0;32mINFO[0;0m 2021-08-18 21:48:11,662 meanfield_dca compute_sequences_weight 
	Computing sequences weights
[0;32mINFO[0;0m 2021-08-18 21:48:13,831 meanfield_dca __init__ 
	Created a MeanFieldDCA object with the following attributes
        	biomolecule: RNA
        	total states at sites: 5
        	pseudocount: 0.5
        	sequence identity: 0.8
        	alignment length: 80
        	total number of unique sequences (excluding redundant sequences with 100 percent similarity): 29853
        	effective number of sequences (with sequence identity 0.8): 590.5647744810321
        
[0;32mINFO[0;0m 2021-08-18 21:48:13,831 meanfield_dca get_single_site_freqs 
	Computing single site frequencies
[0;32mINFO[0;0m 2021-08-18 21:48:14,418 meanfield_dca get_reg_single_site_freqs 
	Regularizing single site frequencies
[0;32mINFO[0;0m 2021-08-18 21:48:14,544 meanfield_dca get_pair_site_freqs 
	Computing pair site frequencies
[0;32mINFO[0;0m 2021-08-18 21:48:19,769 meanfield_dca get_reg_pair_site_freqs 
	Regularizing pair site frequencies
[0;32mINFO[0;0m 2021-08-18 21:48:19,969 meanfield_dca construct_corr_mat 
	Constructing the correlation matrix
[0;32mINFO[0;0m 2021-08-18 21:48:20,232 meanfield_dca compute_couplings 
	Computing couplings
[0;32mINFO[0;0m 2021-08-18 21:48:20,802 meanfield_dca compute_couplings 
	Maximum and minimum couplings: 4.199799627714633, -19.451462172840525
[0;32mINFO[0;0m 2021-08-18 21:48:20,802 meanfield_dca compute_sorted_FN 
	Computing Frobenius norm of couplings
[0;32mINFO[0;0m 2021-08-18 21:48:20,994 meanfield_dca compute_sorted_FN_APC 
	Performing average product correction (APC) to Frobenius norm of couplings.
[0;32mINFO[0;0m 2021-08-18 21:48:21,015 dca_utilities write_sorted_dca_scores 
	Writing DCA scores to file MFDCA_output_4qg3_B/MFDCA_apc_fn_scores_4qg3_B.txt
[0;32mINFO[0;0m 2021-08-18 21:48:21,033 mfdca_main run_meanfield_dca 
	DONE
