[0;32mINFO[0;0m 2021-08-19 10:41:12,062 fasta_reader get_alignment_int_form 
	Found 40 non-standard residues in 23 sequences
[0;32mINFO[0;0m 2021-08-19 10:41:12,063 fasta_reader get_alignment_int_form 
	Total number of sequences read from file: 598
[0;32mINFO[0;0m 2021-08-19 10:41:12,063 meanfield_dca compute_sequences_weight 
	Computing sequences weights
[0;32mINFO[0;0m 2021-08-19 10:41:12,923 meanfield_dca __init__ 
	Created a MeanFieldDCA object with the following attributes
        	biomolecule: RNA
        	total states at sites: 5
        	pseudocount: 0.5
        	sequence identity: 0.8
        	alignment length: 65
        	total number of unique sequences (excluding redundant sequences with 100 percent similarity): 598
        	effective number of sequences (with sequence identity 0.8): 169.910135607014
        
[0;32mINFO[0;0m 2021-08-19 10:41:12,924 meanfield_dca get_single_site_freqs 
	Computing single site frequencies
[0;32mINFO[0;0m 2021-08-19 10:41:13,288 meanfield_dca get_reg_single_site_freqs 
	Regularizing single site frequencies
[0;32mINFO[0;0m 2021-08-19 10:41:13,444 meanfield_dca get_pair_site_freqs 
	Computing pair site frequencies
[0;32mINFO[0;0m 2021-08-19 10:41:16,634 meanfield_dca get_reg_pair_site_freqs 
	Regularizing pair site frequencies
[0;32mINFO[0;0m 2021-08-19 10:41:16,840 meanfield_dca construct_corr_mat 
	Constructing the correlation matrix
[0;32mINFO[0;0m 2021-08-19 10:41:17,158 meanfield_dca compute_couplings 
	Computing couplings
[0;32mINFO[0;0m 2021-08-19 10:41:17,696 meanfield_dca compute_couplings 
	Maximum and minimum couplings: 4.31381581641852, -19.814713913843175
[0;32mINFO[0;0m 2021-08-19 10:41:17,697 meanfield_dca compute_sorted_FN 
	Computing Frobenius norm of couplings
[0;32mINFO[0;0m 2021-08-19 10:41:17,874 meanfield_dca compute_sorted_FN_APC 
	Performing average product correction (APC) to Frobenius norm of couplings.
[0;32mINFO[0;0m 2021-08-19 10:41:17,885 dca_utilities write_sorted_dca_scores 
	Writing DCA scores to file MFDCA_output_3egz_B/MFDCA_apc_fn_scores_3egz_B.txt
[0;32mINFO[0;0m 2021-08-19 10:41:17,889 mfdca_main run_meanfield_dca 
	DONE
