[0;32mINFO[0;0m 2021-08-19 11:10:54,600 plmdca __init__ Created plmDCA instance with:
            biomolecule: RNA
            MSA sequence length: 155
            total number of (unweighted) sequences: 1290
            sequence identity: 0.8
            lambda_h: 30.8
            lambda_J: 30.8
            gradient decent iterations: 500
            number of threads: 40
        
[0;32mINFO[0;0m 2021-08-19 11:10:54,600 plmdca get_fields_and_couplings_from_backend 
	Computing fields and couplings using gradient decent
Iteration 1:
fx = 83478.648438, xnorm = 37.365295, gnorm = 5493.566406, step = 0.000205

Iteration 2:
fx = 79730.515625, xnorm = 36.610584, gnorm = 6628.945312, step = 1.000000

Iteration 3:
fx = 67149.273438, xnorm = 33.254845, gnorm = 10079.961914, step = 1.000000

Iteration 4:
fx = 54137.843750, xnorm = 29.819435, gnorm = 8061.440430, step = 1.000000

Iteration 5:
fx = 47270.617188, xnorm = 28.925390, gnorm = 4130.592773, step = 1.000000

Iteration 6:
fx = 44235.660156, xnorm = 28.403561, gnorm = 2553.607178, step = 1.000000

Iteration 7:
fx = 40946.312500, xnorm = 27.450096, gnorm = 2305.214844, step = 1.000000

Iteration 8:
fx = 37000.847656, xnorm = 26.001333, gnorm = 2650.024170, step = 1.000000

Iteration 9:
fx = 34112.332031, xnorm = 23.762602, gnorm = 4103.602051, step = 0.438576

Iteration 10:
fx = 30684.521484, xnorm = 21.893318, gnorm = 3326.867920, step = 1.000000

Iteration 11:
fx = 28196.542969, xnorm = 19.554998, gnorm = 3169.180908, step = 1.000000

Iteration 12:
fx = 26298.349609, xnorm = 18.984446, gnorm = 2085.914551, step = 1.000000

Iteration 13:
fx = 25488.167969, xnorm = 18.738861, gnorm = 1708.773193, step = 1.000000

Iteration 14:
fx = 24640.976562, xnorm = 18.166796, gnorm = 1106.991821, step = 1.000000

Iteration 15:
fx = 24079.689453, xnorm = 17.079817, gnorm = 1599.977051, step = 1.000000

Iteration 16:
fx = 23621.884766, xnorm = 16.458059, gnorm = 1441.037354, step = 1.000000

Iteration 17:
fx = 23290.984375, xnorm = 16.211136, gnorm = 764.701721, step = 1.000000

Iteration 18:
fx = 23070.316406, xnorm = 15.861942, gnorm = 729.925598, step = 1.000000

Iteration 19:
fx = 22936.314453, xnorm = 15.684412, gnorm = 780.381104, step = 1.000000

Iteration 20:
fx = 22819.603516, xnorm = 15.483852, gnorm = 526.045288, step = 1.000000

Iteration 21:
fx = 22749.541016, xnorm = 15.391562, gnorm = 465.808838, step = 1.000000

Iteration 22:
fx = 22677.369141, xnorm = 15.270911, gnorm = 485.462921, step = 1.000000

Iteration 23:
fx = 22644.833984, xnorm = 15.150937, gnorm = 775.130798, step = 1.000000

Iteration 24:
fx = 22577.710938, xnorm = 15.142386, gnorm = 328.005737, step = 1.000000

Iteration 25:
fx = 22551.591797, xnorm = 15.114483, gnorm = 230.886414, step = 1.000000

Iteration 26:
fx = 22533.365234, xnorm = 15.079538, gnorm = 243.154297, step = 1.000000

Iteration 27:
fx = 22521.505859, xnorm = 15.036950, gnorm = 353.909576, step = 1.000000

Iteration 28:
fx = 22505.505859, xnorm = 15.028368, gnorm = 159.832718, step = 1.000000

Iteration 29:
fx = 22498.738281, xnorm = 15.026930, gnorm = 129.247681, step = 1.000000

Iteration 30:
fx = 22493.845703, xnorm = 15.024873, gnorm = 128.597198, step = 1.000000

Iteration 31:
fx = 22491.250000, xnorm = 15.021381, gnorm = 275.604126, step = 1.000000

Iteration 32:
fx = 22484.320312, xnorm = 15.022327, gnorm = 89.956543, step = 1.000000

Iteration 33:
fx = 22482.525391, xnorm = 15.023033, gnorm = 74.027039, step = 1.000000

Iteration 34:
fx = 22480.369141, xnorm = 15.024890, gnorm = 75.764404, step = 1.000000

Iteration 35:
fx = 22478.689453, xnorm = 15.030740, gnorm = 108.003380, step = 1.000000

Iteration 36:
fx = 22477.410156, xnorm = 15.036252, gnorm = 93.887985, step = 1.000000

Iteration 37:
fx = 22476.830078, xnorm = 15.034907, gnorm = 35.426464, step = 1.000000

Iteration 38:
fx = 22476.632812, xnorm = 15.035895, gnorm = 28.119781, step = 1.000000

Iteration 39:
fx = 22476.140625, xnorm = 15.040239, gnorm = 33.160187, step = 1.000000

Iteration 40:
fx = 22475.974609, xnorm = 15.042764, gnorm = 36.863754, step = 0.409557

Iteration 41:
fx = 22475.789062, xnorm = 15.048217, gnorm = 23.036907, step = 1.000000

Iteration 42:
fx = 22475.718750, xnorm = 15.052370, gnorm = 21.126919, step = 1.000000

Iteration 43:
fx = 22475.683594, xnorm = 15.053289, gnorm = 12.607168, step = 0.221853

Iteration 44:
fx = 22475.675781, xnorm = 15.055087, gnorm = 11.667251, step = 1.000000

Iteration 45:
fx = 22475.667969, xnorm = 15.055338, gnorm = 10.812531, step = 0.137426

Iteration 46:
fx = 22475.662109, xnorm = 15.055781, gnorm = 9.357163, step = 0.243216

Iteration 47:
fx = 22475.656250, xnorm = 15.056106, gnorm = 9.321967, step = 0.137253

Iteration 48:
fx = 22475.648438, xnorm = 15.056649, gnorm = 7.453300, step = 0.161804

L-BFGS optimization terminated with status code = -1001
fx = 22475.646484
[0;32mINFO[0;0m 2021-08-19 11:10:56,784 plmdca get_fields_and_couplings_from_backend 
	Data size expected from plmDCA backend: 299150
[0;32mINFO[0;0m 2021-08-19 11:10:56,784 plmdca get_fields_and_couplings_from_backend 
	Data size obtained from plmDCA backend to Python: 299150
[0;32mINFO[0;0m 2021-08-19 11:10:56,972 plmdca compute_sorted_FN 
	Computing non-APC sorted DCA score
[0;32mINFO[0;0m 2021-08-19 11:10:57,518 plmdca compute_sorted_FN_APC 
	Performing average product correction (APC) of FN  of DCA scores
[0;32mINFO[0;0m 2021-08-19 11:10:57,713 dca_utilities write_sorted_dca_scores 
	Writing DCA scores to file PLMDCA_output_1nbs_A/PLMDCA_apc_fn_scores_1nbs_A.txt
