[0;32mINFO[0;0m 2021-08-19 10:42:25,596 fasta_reader get_alignment_int_form 
	Found 3 non-standard residues in 1 sequences
[0;32mINFO[0;0m 2021-08-19 10:42:25,596 fasta_reader get_alignment_int_form 
	Total number of sequences read from file: 48
[0;32mINFO[0;0m 2021-08-19 10:42:25,596 meanfield_dca compute_sequences_weight 
	Computing sequences weights
[0;32mINFO[0;0m 2021-08-19 10:42:26,439 meanfield_dca __init__ 
	Created a MeanFieldDCA object with the following attributes
        	biomolecule: RNA
        	total states at sites: 5
        	pseudocount: 0.5
        	sequence identity: 0.8
        	alignment length: 66
        	total number of unique sequences (excluding redundant sequences with 100 percent similarity): 48
        	effective number of sequences (with sequence identity 0.8): 6.02840395118621
        
[0;32mINFO[0;0m 2021-08-19 10:42:26,440 meanfield_dca get_single_site_freqs 
	Computing single site frequencies
[0;32mINFO[0;0m 2021-08-19 10:42:26,797 meanfield_dca get_reg_single_site_freqs 
	Regularizing single site frequencies
[0;32mINFO[0;0m 2021-08-19 10:42:26,920 meanfield_dca get_pair_site_freqs 
	Computing pair site frequencies
[0;32mINFO[0;0m 2021-08-19 10:42:30,063 meanfield_dca get_reg_pair_site_freqs 
	Regularizing pair site frequencies
[0;32mINFO[0;0m 2021-08-19 10:42:30,262 meanfield_dca construct_corr_mat 
	Constructing the correlation matrix
[0;32mINFO[0;0m 2021-08-19 10:42:30,579 meanfield_dca compute_couplings 
	Computing couplings
[0;32mINFO[0;0m 2021-08-19 10:42:31,150 meanfield_dca compute_couplings 
	Maximum and minimum couplings: 4.572441451959693, -20.000000000000007
[0;32mINFO[0;0m 2021-08-19 10:42:31,150 meanfield_dca compute_sorted_FN 
	Computing Frobenius norm of couplings
[0;32mINFO[0;0m 2021-08-19 10:42:31,314 meanfield_dca compute_sorted_FN_APC 
	Performing average product correction (APC) to Frobenius norm of couplings.
[0;32mINFO[0;0m 2021-08-19 10:42:31,324 dca_utilities write_sorted_dca_scores 
	Writing DCA scores to file MFDCA_output_3r4f_A/MFDCA_apc_fn_scores_3r4f_A.txt
[0;32mINFO[0;0m 2021-08-19 10:42:31,329 mfdca_main run_meanfield_dca 
	DONE
