[0;32mINFO[0;0m 2021-06-10 14:33:22,398 fasta_reader get_alignment_int_form 
	Total number of sequences read from file: 6
[0;32mINFO[0;0m 2021-06-10 14:33:22,398 meanfield_dca compute_sequences_weight 
	Computing sequences weights
[0;32mINFO[0;0m 2021-06-10 14:33:23,254 meanfield_dca __init__ 
	Created a MeanFieldDCA object with the following attributes
        	biomolecule: RNA
        	total states at sites: 5
        	pseudocount: 0.5
        	sequence identity: 0.8
        	alignment length: 58
        	total number of unique sequences (excluding redundant sequences with 100 percent similarity): 5
        	effective number of sequences (with sequence identity 0.8): 4.0
        
[0;32mINFO[0;0m 2021-06-10 14:33:23,255 meanfield_dca get_single_site_freqs 
	Computing single site frequencies
[0;32mINFO[0;0m 2021-06-10 14:33:23,622 meanfield_dca get_reg_single_site_freqs 
	Regularizing single site frequencies
[0;32mINFO[0;0m 2021-06-10 14:33:23,745 meanfield_dca get_pair_site_freqs 
	Computing pair site frequencies
[0;32mINFO[0;0m 2021-06-10 14:33:26,924 meanfield_dca get_reg_pair_site_freqs 
	Regularizing pair site frequencies
[0;32mINFO[0;0m 2021-06-10 14:33:27,129 meanfield_dca construct_corr_mat 
	Constructing the correlation matrix
[0;32mINFO[0;0m 2021-06-10 14:33:27,450 meanfield_dca compute_couplings 
	Computing couplings
[0;32mINFO[0;0m 2021-06-10 14:33:28,168 meanfield_dca compute_couplings 
	Maximum and minimum couplings: 1.5541837130865135, -20.000000000000018
[0;32mINFO[0;0m 2021-06-10 14:33:28,168 meanfield_dca compute_sorted_FN 
	Computing Frobenius norm of couplings
[0;32mINFO[0;0m 2021-06-10 14:33:28,315 meanfield_dca compute_sorted_FN_APC 
	Performing average product correction (APC) to Frobenius norm of couplings.
[0;32mINFO[0;0m 2021-06-10 14:33:28,322 dca_utilities write_sorted_dca_scores 
	Writing DCA scores to file MFDCA_output_PKB145/MFDCA_apc_fn_scores_PKB145.txt
[0;32mINFO[0;0m 2021-06-10 14:33:28,325 mfdca_main run_meanfield_dca 
	DONE
