[0;32mINFO[0;0m 2021-06-10 14:36:25,418 fasta_reader get_alignment_int_form 
	Total number of sequences read from file: 22
[0;32mINFO[0;0m 2021-06-10 14:36:25,418 meanfield_dca compute_sequences_weight 
	Computing sequences weights
[0;32mINFO[0;0m 2021-06-10 14:36:26,280 meanfield_dca __init__ 
	Created a MeanFieldDCA object with the following attributes
        	biomolecule: RNA
        	total states at sites: 5
        	pseudocount: 0.5
        	sequence identity: 0.8
        	alignment length: 35
        	total number of unique sequences (excluding redundant sequences with 100 percent similarity): 21
        	effective number of sequences (with sequence identity 0.8): 2.968103138691374
        
[0;32mINFO[0;0m 2021-06-10 14:36:26,280 meanfield_dca get_single_site_freqs 
	Computing single site frequencies
[0;32mINFO[0;0m 2021-06-10 14:36:26,640 meanfield_dca get_reg_single_site_freqs 
	Regularizing single site frequencies
[0;32mINFO[0;0m 2021-06-10 14:36:26,761 meanfield_dca get_pair_site_freqs 
	Computing pair site frequencies
[0;32mINFO[0;0m 2021-06-10 14:36:29,938 meanfield_dca get_reg_pair_site_freqs 
	Regularizing pair site frequencies
[0;32mINFO[0;0m 2021-06-10 14:36:30,138 meanfield_dca construct_corr_mat 
	Constructing the correlation matrix
[0;32mINFO[0;0m 2021-06-10 14:36:30,452 meanfield_dca compute_couplings 
	Computing couplings
[0;32mINFO[0;0m 2021-06-10 14:36:31,086 meanfield_dca compute_couplings 
	Maximum and minimum couplings: 3.7556038780698957, -20.000000000000014
[0;32mINFO[0;0m 2021-06-10 14:36:31,087 meanfield_dca compute_sorted_FN 
	Computing Frobenius norm of couplings
[0;32mINFO[0;0m 2021-06-10 14:36:31,151 meanfield_dca compute_sorted_FN_APC 
	Performing average product correction (APC) to Frobenius norm of couplings.
[0;32mINFO[0;0m 2021-06-10 14:36:31,158 dca_utilities write_sorted_dca_scores 
	Writing DCA scores to file MFDCA_output_PKB167/MFDCA_apc_fn_scores_PKB167.txt
[0;32mINFO[0;0m 2021-06-10 14:36:31,162 mfdca_main run_meanfield_dca 
	DONE
