[0;32mINFO[0;0m 2021-08-03 01:35:44,117 fasta_reader get_alignment_int_form 
	Found 19 non-standard residues in 2 sequences
[0;32mINFO[0;0m 2021-08-03 01:35:44,117 fasta_reader get_alignment_int_form 
	Total number of sequences read from file: 3
[0;32mINFO[0;0m 2021-08-03 01:35:44,117 meanfield_dca compute_sequences_weight 
	Computing sequences weights
[0;32mINFO[0;0m 2021-08-03 01:35:45,605 meanfield_dca __init__ 
	Created a MeanFieldDCA object with the following attributes
        	biomolecule: RNA
        	total states at sites: 5
        	pseudocount: 0.5
        	sequence identity: 0.8
        	alignment length: 92
        	total number of unique sequences (excluding redundant sequences with 100 percent similarity): 3
        	effective number of sequences (with sequence identity 0.8): 1.0
        
[0;32mINFO[0;0m 2021-08-03 01:35:45,606 meanfield_dca get_single_site_freqs 
	Computing single site frequencies
[0;32mINFO[0;0m 2021-08-03 01:35:46,276 meanfield_dca get_reg_single_site_freqs 
	Regularizing single site frequencies
[0;32mINFO[0;0m 2021-08-03 01:35:46,506 meanfield_dca get_pair_site_freqs 
	Computing pair site frequencies
[0;32mINFO[0;0m 2021-08-03 01:35:52,268 meanfield_dca get_reg_pair_site_freqs 
	Regularizing pair site frequencies
[0;32mINFO[0;0m 2021-08-03 01:35:52,616 meanfield_dca construct_corr_mat 
	Constructing the correlation matrix
[0;32mINFO[0;0m 2021-08-03 01:35:53,223 meanfield_dca compute_couplings 
	Computing couplings
[0;32mINFO[0;0m 2021-08-03 01:35:56,385 meanfield_dca compute_couplings 
	Maximum and minimum couplings: 1.6395025956779004, -20.000000000000004
[0;32mINFO[0;0m 2021-08-03 01:35:56,385 meanfield_dca compute_sorted_FN 
	Computing Frobenius norm of couplings
[0;32mINFO[0;0m 2021-08-03 01:35:56,737 meanfield_dca compute_sorted_FN_APC 
	Performing average product correction (APC) to Frobenius norm of couplings.
[0;32mINFO[0;0m 2021-08-03 01:35:56,796 dca_utilities write_sorted_dca_scores 
	Writing DCA scores to file MFDCA_output_3adb_C/MFDCA_apc_fn_scores_3adb_C.txt
[0;32mINFO[0;0m 2021-08-03 01:35:56,817 mfdca_main run_meanfield_dca 
	DONE
