[0;32mINFO[0;0m 2021-06-10 13:22:54,544 fasta_reader get_alignment_int_form 
	Found 1 non-standard residues in 1 sequences
[0;32mINFO[0;0m 2021-06-10 13:22:54,544 fasta_reader get_alignment_int_form 
	Total number of sequences read from file: 87
[0;32mINFO[0;0m 2021-06-10 13:22:54,544 meanfield_dca compute_sequences_weight 
	Computing sequences weights
[0;32mINFO[0;0m 2021-06-10 13:22:55,658 meanfield_dca __init__ 
	Created a MeanFieldDCA object with the following attributes
        	biomolecule: RNA
        	total states at sites: 5
        	pseudocount: 0.5
        	sequence identity: 0.8
        	alignment length: 28
        	total number of unique sequences (excluding redundant sequences with 100 percent similarity): 86
        	effective number of sequences (with sequence identity 0.8): 14.309577749579553
        
[0;32mINFO[0;0m 2021-06-10 13:22:55,659 meanfield_dca get_single_site_freqs 
	Computing single site frequencies
[0;32mINFO[0;0m 2021-06-10 13:22:56,219 meanfield_dca get_reg_single_site_freqs 
	Regularizing single site frequencies
[0;32mINFO[0;0m 2021-06-10 13:22:56,374 meanfield_dca get_pair_site_freqs 
	Computing pair site frequencies
[0;32mINFO[0;0m 2021-06-10 13:23:00,546 meanfield_dca get_reg_pair_site_freqs 
	Regularizing pair site frequencies
[0;32mINFO[0;0m 2021-06-10 13:23:00,788 meanfield_dca construct_corr_mat 
	Constructing the correlation matrix
[0;32mINFO[0;0m 2021-06-10 13:23:01,162 meanfield_dca compute_couplings 
	Computing couplings
[0;32mINFO[0;0m 2021-06-10 13:23:01,809 meanfield_dca compute_couplings 
	Maximum and minimum couplings: 4.242203427450926, -19.612066148133497
[0;32mINFO[0;0m 2021-06-10 13:23:01,809 meanfield_dca compute_sorted_FN 
	Computing Frobenius norm of couplings
[0;32mINFO[0;0m 2021-06-10 13:23:01,845 meanfield_dca compute_sorted_FN_APC 
	Performing average product correction (APC) to Frobenius norm of couplings.
[0;32mINFO[0;0m 2021-06-10 13:23:01,850 dca_utilities write_sorted_dca_scores 
	Writing DCA scores to file MFDCA_output_PKB158/MFDCA_apc_fn_scores_PKB158.txt
[0;32mINFO[0;0m 2021-06-10 13:23:01,853 mfdca_main run_meanfield_dca 
	DONE
