[0;32mINFO[0;0m 2021-10-19 19:29:46,040 fasta_reader get_alignment_int_form 
	Found 54 non-standard residues in 37 sequences
[0;32mINFO[0;0m 2021-10-19 19:29:46,041 fasta_reader get_alignment_int_form 
	Total number of sequences read from file: 50000
[0;32mINFO[0;0m 2021-10-19 19:29:46,051 meanfield_dca compute_sequences_weight 
	Computing sequences weights
[0;32mINFO[0;0m 2021-10-19 19:29:49,376 meanfield_dca __init__ 
	Created a MeanFieldDCA object with the following attributes
        	biomolecule: RNA
        	total states at sites: 5
        	pseudocount: 0.5
        	sequence identity: 0.8
        	alignment length: 74
        	total number of unique sequences (excluding redundant sequences with 100 percent similarity): 37685
        	effective number of sequences (with sequence identity 0.8): 2954.3386470204014
        
[0;32mINFO[0;0m 2021-10-19 19:29:49,378 meanfield_dca get_single_site_freqs 
	Computing single site frequencies
[0;32mINFO[0;0m 2021-10-19 19:29:49,959 meanfield_dca get_reg_single_site_freqs 
	Regularizing single site frequencies
[0;32mINFO[0;0m 2021-10-19 19:29:50,084 meanfield_dca get_pair_site_freqs 
	Computing pair site frequencies
[0;32mINFO[0;0m 2021-10-19 19:29:55,295 meanfield_dca get_reg_pair_site_freqs 
	Regularizing pair site frequencies
[0;32mINFO[0;0m 2021-10-19 19:29:55,496 meanfield_dca construct_corr_mat 
	Constructing the correlation matrix
[0;32mINFO[0;0m 2021-10-19 19:29:55,758 meanfield_dca compute_couplings 
	Computing couplings
[0;32mINFO[0;0m 2021-10-19 19:29:56,437 meanfield_dca compute_couplings 
	Maximum and minimum couplings: 3.6512223559671524, -19.37685444378174
[0;32mINFO[0;0m 2021-10-19 19:29:56,437 meanfield_dca compute_sorted_FN 
	Computing Frobenius norm of couplings
[0;32mINFO[0;0m 2021-10-19 19:29:56,644 meanfield_dca compute_sorted_FN_APC 
	Performing average product correction (APC) to Frobenius norm of couplings.
[0;32mINFO[0;0m 2021-10-19 19:29:56,661 dca_utilities write_sorted_dca_scores 
	Writing DCA scores to file MFDCA_output_4yvi_C/MFDCA_apc_fn_scores_4yvi_C.txt
[0;32mINFO[0;0m 2021-10-19 19:29:56,675 mfdca_main run_meanfield_dca 
	DONE
