[0;32mINFO[0;0m 2021-10-28 10:07:17,554 plmdca __init__ Created plmDCA instance with:
            biomolecule: RNA
            MSA sequence length: 37
            total number of (unweighted) sequences: 1
            sequence identity: 0.8
            lambda_h: 7.2
            lambda_J: 7.2
            gradient decent iterations: 500
            number of threads: 40
        
[0;32mINFO[0;0m 2021-10-28 10:07:17,554 plmdca get_fields_and_couplings_from_backend 
	Computing fields and couplings using gradient decent
Iteration 1:
fx = 90.837906, xnorm = 3.023401, gnorm = 43.439079, step = 0.016202

Iteration 2:
fx = 29.197958, xnorm = 1.259660, gnorm = 3.437807, step = 1.000000

Iteration 3:
fx = 29.005117, xnorm = 1.392575, gnorm = 1.634882, step = 1.000000

Iteration 4:
fx = 28.963413, xnorm = 1.343866, gnorm = 0.024216, step = 1.000000

L-BFGS optimization terminated with status code = -1001
fx = 28.963413
[0;32mINFO[0;0m 2021-10-28 10:07:17,591 plmdca get_fields_and_couplings_from_backend 
	Data size expected from plmDCA backend: 16835
[0;32mINFO[0;0m 2021-10-28 10:07:17,592 plmdca get_fields_and_couplings_from_backend 
	Data size obtained from plmDCA backend to Python: 16835
[0;32mINFO[0;0m 2021-10-28 10:07:17,603 plmdca compute_sorted_FN 
	Computing non-APC sorted DCA score
[0;32mINFO[0;0m 2021-10-28 10:07:17,631 plmdca compute_sorted_FN_APC 
	Performing average product correction (APC) of FN  of DCA scores
[0;32mINFO[0;0m 2021-10-28 10:07:17,634 dca_utilities write_sorted_dca_scores 
	Writing DCA scores to file PLMDCA_output_6e8u_B/PLMDCA_apc_fn_scores_6e8u_B.txt
