[0;32mINFO[0;0m 2021-09-18 14:29:04,987 fasta_reader get_alignment_int_form 
	Total number of sequences read from file: 10
[0;32mINFO[0;0m 2021-09-18 14:29:04,987 meanfield_dca compute_sequences_weight 
	Computing sequences weights
[0;32mINFO[0;0m 2021-09-18 14:29:05,850 meanfield_dca __init__ 
	Created a MeanFieldDCA object with the following attributes
        	biomolecule: RNA
        	total states at sites: 5
        	pseudocount: 0.5
        	sequence identity: 0.8
        	alignment length: 42
        	total number of unique sequences (excluding redundant sequences with 100 percent similarity): 9
        	effective number of sequences (with sequence identity 0.8): 1.3424603174603174
        
[0;32mINFO[0;0m 2021-09-18 14:29:05,851 meanfield_dca get_single_site_freqs 
	Computing single site frequencies
[0;32mINFO[0;0m 2021-09-18 14:29:06,214 meanfield_dca get_reg_single_site_freqs 
	Regularizing single site frequencies
[0;32mINFO[0;0m 2021-09-18 14:29:06,341 meanfield_dca get_pair_site_freqs 
	Computing pair site frequencies
[0;32mINFO[0;0m 2021-09-18 14:29:09,595 meanfield_dca get_reg_pair_site_freqs 
	Regularizing pair site frequencies
[0;32mINFO[0;0m 2021-09-18 14:29:09,790 meanfield_dca construct_corr_mat 
	Constructing the correlation matrix
[0;32mINFO[0;0m 2021-09-18 14:29:10,100 meanfield_dca compute_couplings 
	Computing couplings
[0;32mINFO[0;0m 2021-09-18 14:29:10,577 meanfield_dca compute_couplings 
	Maximum and minimum couplings: 4.3368778453837855, -20.00000000000002
[0;32mINFO[0;0m 2021-09-18 14:29:10,577 meanfield_dca compute_sorted_FN 
	Computing Frobenius norm of couplings
[0;32mINFO[0;0m 2021-09-18 14:29:10,670 meanfield_dca compute_sorted_FN_APC 
	Performing average product correction (APC) to Frobenius norm of couplings.
[0;32mINFO[0;0m 2021-09-18 14:29:10,678 dca_utilities write_sorted_dca_scores 
	Writing DCA scores to file MFDCA_output_PKB11/MFDCA_apc_fn_scores_PKB11.txt
[0;32mINFO[0;0m 2021-09-18 14:29:10,684 mfdca_main run_meanfield_dca 
	DONE
