[0;32mINFO[0;0m 2021-08-19 12:43:47,804 plmdca __init__ Created plmDCA instance with:
            biomolecule: RNA
            MSA sequence length: 134
            total number of (unweighted) sequences: 631
            sequence identity: 0.8
            lambda_h: 26.6
            lambda_J: 26.6
            gradient decent iterations: 500
            number of threads: 40
        
[0;32mINFO[0;0m 2021-08-19 12:43:47,804 plmdca get_fields_and_couplings_from_backend 
	Computing fields and couplings using gradient decent
Iteration 1:
fx = 61720.984375, xnorm = 31.873539, gnorm = 4330.918945, step = 0.000212

Iteration 2:
fx = 57790.738281, xnorm = 31.176874, gnorm = 5129.780273, step = 1.000000

Iteration 3:
fx = 49529.410156, xnorm = 29.405102, gnorm = 4662.724609, step = 1.000000

Iteration 4:
fx = 43088.207031, xnorm = 27.435007, gnorm = 4059.087646, step = 1.000000

Iteration 5:
fx = 39224.640625, xnorm = 26.606094, gnorm = 2902.263428, step = 1.000000

Iteration 6:
fx = 35964.921875, xnorm = 25.906462, gnorm = 2380.908691, step = 1.000000

Iteration 7:
fx = 32504.156250, xnorm = 25.209352, gnorm = 2347.788574, step = 1.000000

Iteration 8:
fx = 29530.912109, xnorm = 23.889954, gnorm = 2477.770996, step = 1.000000

Iteration 9:
fx = 26688.041016, xnorm = 22.377819, gnorm = 2185.996338, step = 1.000000

Iteration 10:
fx = 25009.705078, xnorm = 19.761391, gnorm = 3201.383057, step = 1.000000

Iteration 11:
fx = 22941.380859, xnorm = 19.396420, gnorm = 1986.729736, step = 1.000000

Iteration 12:
fx = 22089.798828, xnorm = 19.172308, gnorm = 1155.551025, step = 1.000000

Iteration 13:
fx = 21341.375000, xnorm = 18.224735, gnorm = 1195.271362, step = 1.000000

Iteration 14:
fx = 20886.986328, xnorm = 17.199976, gnorm = 1521.763062, step = 1.000000

Iteration 15:
fx = 20397.787109, xnorm = 16.753098, gnorm = 980.713562, step = 1.000000

Iteration 16:
fx = 20121.003906, xnorm = 16.518990, gnorm = 683.597900, step = 1.000000

Iteration 17:
fx = 19910.281250, xnorm = 16.132980, gnorm = 661.813660, step = 1.000000

Iteration 18:
fx = 19814.964844, xnorm = 15.621168, gnorm = 1118.809937, step = 1.000000

Iteration 19:
fx = 19663.541016, xnorm = 15.618851, gnorm = 462.465515, step = 1.000000

Iteration 20:
fx = 19606.294922, xnorm = 15.596052, gnorm = 377.735138, step = 1.000000

Iteration 21:
fx = 19529.115234, xnorm = 15.452835, gnorm = 388.811279, step = 1.000000

Iteration 22:
fx = 19508.318359, xnorm = 15.360058, gnorm = 710.550903, step = 1.000000

Iteration 23:
fx = 19447.056641, xnorm = 15.288549, gnorm = 263.138214, step = 1.000000

Iteration 24:
fx = 19428.384766, xnorm = 15.261189, gnorm = 193.468796, step = 1.000000

Iteration 25:
fx = 19410.841797, xnorm = 15.230076, gnorm = 212.511200, step = 1.000000

Iteration 26:
fx = 19395.525391, xnorm = 15.192004, gnorm = 356.419434, step = 1.000000

Iteration 27:
fx = 19379.802734, xnorm = 15.167160, gnorm = 228.962494, step = 1.000000

Iteration 28:
fx = 19372.748047, xnorm = 15.172990, gnorm = 121.437859, step = 1.000000

Iteration 29:
fx = 19367.363281, xnorm = 15.174899, gnorm = 102.383080, step = 1.000000

Iteration 30:
fx = 19363.900391, xnorm = 15.173965, gnorm = 115.520798, step = 1.000000

Iteration 31:
fx = 19360.269531, xnorm = 15.174223, gnorm = 138.396576, step = 1.000000

Iteration 32:
fx = 19357.558594, xnorm = 15.175354, gnorm = 71.076736, step = 1.000000

Iteration 33:
fx = 19355.750000, xnorm = 15.178410, gnorm = 60.706905, step = 1.000000

Iteration 34:
fx = 19354.435547, xnorm = 15.182789, gnorm = 65.686630, step = 1.000000

Iteration 35:
fx = 19353.734375, xnorm = 15.190625, gnorm = 83.278206, step = 1.000000

Iteration 36:
fx = 19352.503906, xnorm = 15.191590, gnorm = 38.212914, step = 1.000000

Iteration 37:
fx = 19351.988281, xnorm = 15.192837, gnorm = 33.091480, step = 1.000000

Iteration 38:
fx = 19351.529297, xnorm = 15.196788, gnorm = 34.773205, step = 1.000000

Iteration 39:
fx = 19351.068359, xnorm = 15.199825, gnorm = 39.820839, step = 0.501157

Iteration 40:
fx = 19351.025391, xnorm = 15.202232, gnorm = 21.461010, step = 1.000000

Iteration 41:
fx = 19350.988281, xnorm = 15.204414, gnorm = 14.955115, step = 1.000000

Iteration 42:
fx = 19350.900391, xnorm = 15.206215, gnorm = 15.004153, step = 1.000000

Iteration 43:
fx = 19350.900391, xnorm = 15.208609, gnorm = 31.769781, step = 1.000000

Iteration 44:
fx = 19350.773438, xnorm = 15.208335, gnorm = 10.501219, step = 1.000000

Iteration 45:
fx = 19350.734375, xnorm = 15.208174, gnorm = 8.240919, step = 1.000000

Iteration 46:
fx = 19350.732422, xnorm = 15.208439, gnorm = 8.063920, step = 1.000000

Iteration 47:
fx = 19350.699219, xnorm = 15.208841, gnorm = 11.763066, step = 0.521494

L-BFGS optimization terminated with status code = -1001
fx = 19350.695312
[0;32mINFO[0;0m 2021-08-19 12:43:48,756 plmdca get_fields_and_couplings_from_backend 
	Data size expected from plmDCA backend: 223445
[0;32mINFO[0;0m 2021-08-19 12:43:48,756 plmdca get_fields_and_couplings_from_backend 
	Data size obtained from plmDCA backend to Python: 223445
[0;32mINFO[0;0m 2021-08-19 12:43:48,897 plmdca compute_sorted_FN 
	Computing non-APC sorted DCA score
[0;32mINFO[0;0m 2021-08-19 12:43:49,269 plmdca compute_sorted_FN_APC 
	Performing average product correction (APC) of FN  of DCA scores
[0;32mINFO[0;0m 2021-08-19 12:43:49,381 dca_utilities write_sorted_dca_scores 
	Writing DCA scores to file PLMDCA_output_4uyk_R/PLMDCA_apc_fn_scores_4uyk_R.txt
