[0;32mINFO[0;0m 2021-08-19 12:42:41,091 plmdca __init__ Created plmDCA instance with:
            biomolecule: RNA
            MSA sequence length: 75
            total number of (unweighted) sequences: 559
            sequence identity: 0.8
            lambda_h: 14.8
            lambda_J: 14.8
            gradient decent iterations: 500
            number of threads: 40
        
[0;32mINFO[0;0m 2021-08-19 12:42:41,092 plmdca get_fields_and_couplings_from_backend 
	Computing fields and couplings using gradient decent
Iteration 1:
fx = 35991.167969, xnorm = 29.287977, gnorm = 4579.066895, step = 0.000383

Iteration 2:
fx = 34412.617188, xnorm = 29.199879, gnorm = 2274.669189, step = 1.000000

Iteration 3:
fx = 32964.964844, xnorm = 28.792763, gnorm = 1859.753784, step = 1.000000

Iteration 4:
fx = 30189.857422, xnorm = 27.604288, gnorm = 2592.974365, step = 1.000000

Iteration 5:
fx = 26009.232422, xnorm = 25.642647, gnorm = 2598.693604, step = 1.000000

Iteration 6:
fx = 24481.066406, xnorm = 24.661478, gnorm = 3204.590820, step = 1.000000

Iteration 7:
fx = 22729.283203, xnorm = 24.570772, gnorm = 1745.028564, step = 1.000000

Iteration 8:
fx = 21834.017578, xnorm = 24.286629, gnorm = 1483.707520, step = 1.000000

Iteration 9:
fx = 19983.316406, xnorm = 23.231859, gnorm = 1413.393311, step = 1.000000

Iteration 10:
fx = 19462.138672, xnorm = 22.157778, gnorm = 2816.158203, step = 1.000000

Iteration 11:
fx = 18178.804688, xnorm = 22.064083, gnorm = 1533.126709, step = 1.000000

Iteration 12:
fx = 17443.060547, xnorm = 21.734152, gnorm = 1118.158081, step = 1.000000

Iteration 13:
fx = 16951.685547, xnorm = 21.366766, gnorm = 976.771118, step = 1.000000

Iteration 14:
fx = 16569.160156, xnorm = 20.648485, gnorm = 1761.135986, step = 1.000000

Iteration 15:
fx = 15962.933594, xnorm = 20.248699, gnorm = 791.147217, step = 1.000000

Iteration 16:
fx = 15715.860352, xnorm = 19.864380, gnorm = 800.817139, step = 1.000000

Iteration 17:
fx = 15199.851562, xnorm = 18.516813, gnorm = 1177.628662, step = 1.000000

Iteration 18:
fx = 14969.859375, xnorm = 17.593409, gnorm = 1480.993652, step = 1.000000

Iteration 19:
fx = 14638.864258, xnorm = 17.575224, gnorm = 696.935852, step = 1.000000

Iteration 20:
fx = 14491.836914, xnorm = 17.350555, gnorm = 550.433228, step = 1.000000

Iteration 21:
fx = 14391.643555, xnorm = 17.077379, gnorm = 497.567780, step = 1.000000

Iteration 22:
fx = 14348.908203, xnorm = 16.783552, gnorm = 760.842590, step = 1.000000

Iteration 23:
fx = 14263.088867, xnorm = 16.668427, gnorm = 393.536530, step = 1.000000

Iteration 24:
fx = 14205.217773, xnorm = 16.423380, gnorm = 401.575989, step = 1.000000

Iteration 25:
fx = 14127.381836, xnorm = 16.030397, gnorm = 362.599396, step = 1.000000

Iteration 26:
fx = 14125.934570, xnorm = 15.639515, gnorm = 746.837036, step = 1.000000

Iteration 27:
fx = 14059.197266, xnorm = 15.653649, gnorm = 239.768097, step = 1.000000

Iteration 28:
fx = 14046.155273, xnorm = 15.656131, gnorm = 166.671310, step = 1.000000

Iteration 29:
fx = 14031.290039, xnorm = 15.604497, gnorm = 194.769638, step = 1.000000

Iteration 30:
fx = 14018.668945, xnorm = 15.536466, gnorm = 222.680801, step = 1.000000

Iteration 31:
fx = 14011.271484, xnorm = 15.450741, gnorm = 240.864731, step = 1.000000

Iteration 32:
fx = 14001.459961, xnorm = 15.444199, gnorm = 97.057045, step = 1.000000

Iteration 33:
fx = 13997.702148, xnorm = 15.437251, gnorm = 95.163994, step = 1.000000

Iteration 34:
fx = 13993.370117, xnorm = 15.413449, gnorm = 110.607483, step = 1.000000

Iteration 35:
fx = 13991.179688, xnorm = 15.396997, gnorm = 107.611595, step = 0.376314

Iteration 36:
fx = 13988.094727, xnorm = 15.365185, gnorm = 64.575996, step = 1.000000

Iteration 37:
fx = 13986.452148, xnorm = 15.342916, gnorm = 83.426308, step = 1.000000

Iteration 38:
fx = 13985.155273, xnorm = 15.326871, gnorm = 48.053402, step = 1.000000

Iteration 39:
fx = 13984.356445, xnorm = 15.324699, gnorm = 36.202957, step = 1.000000

Iteration 40:
fx = 13983.218750, xnorm = 15.314047, gnorm = 38.882298, step = 1.000000

Iteration 41:
fx = 13982.758789, xnorm = 15.287506, gnorm = 85.190704, step = 1.000000

Iteration 42:
fx = 13982.092773, xnorm = 15.287682, gnorm = 32.276520, step = 1.000000

Iteration 43:
fx = 13981.834961, xnorm = 15.279940, gnorm = 21.128902, step = 1.000000

Iteration 44:
fx = 13981.566406, xnorm = 15.268210, gnorm = 22.939432, step = 1.000000

Iteration 45:
fx = 13981.124023, xnorm = 15.250069, gnorm = 37.848778, step = 1.000000

Iteration 46:
fx = 13980.495117, xnorm = 15.233122, gnorm = 26.202999, step = 1.000000

Iteration 47:
fx = 13980.381836, xnorm = 15.237573, gnorm = 12.725987, step = 1.000000

Iteration 48:
fx = 13980.289062, xnorm = 15.238024, gnorm = 12.295455, step = 1.000000

Iteration 49:
fx = 13980.006836, xnorm = 15.233108, gnorm = 13.862281, step = 1.000000

Iteration 50:
fx = 13979.767578, xnorm = 15.219004, gnorm = 33.703426, step = 1.000000

Iteration 51:
fx = 13979.559570, xnorm = 15.218530, gnorm = 8.956265, step = 1.000000

Iteration 52:
fx = 13979.486328, xnorm = 15.216735, gnorm = 6.308064, step = 1.000000

Iteration 53:
fx = 13979.397461, xnorm = 15.212358, gnorm = 6.890209, step = 1.000000

Iteration 54:
fx = 13979.336914, xnorm = 15.206790, gnorm = 11.861171, step = 1.000000

Iteration 55:
fx = 13979.163086, xnorm = 15.201017, gnorm = 6.875112, step = 1.000000

L-BFGS optimization terminated with status code = -1001
fx = 13979.166016
[0;32mINFO[0;0m 2021-08-19 12:42:41,457 plmdca get_fields_and_couplings_from_backend 
	Data size expected from plmDCA backend: 69750
[0;32mINFO[0;0m 2021-08-19 12:42:41,457 plmdca get_fields_and_couplings_from_backend 
	Data size obtained from plmDCA backend to Python: 69750
[0;32mINFO[0;0m 2021-08-19 12:42:41,500 plmdca compute_sorted_FN 
	Computing non-APC sorted DCA score
[0;32mINFO[0;0m 2021-08-19 12:42:41,645 plmdca compute_sorted_FN_APC 
	Performing average product correction (APC) of FN  of DCA scores
[0;32mINFO[0;0m 2021-08-19 12:42:41,668 dca_utilities write_sorted_dca_scores 
	Writing DCA scores to file PLMDCA_output_3q3z_A/PLMDCA_apc_fn_scores_3q3z_A.txt
