[0;32mINFO[0;0m 2021-06-10 13:19:19,073 fasta_reader get_alignment_int_form 
	Found 9 non-standard residues in 6 sequences
[0;32mINFO[0;0m 2021-06-10 13:19:19,073 fasta_reader get_alignment_int_form 
	Total number of sequences read from file: 550
[0;32mINFO[0;0m 2021-06-10 13:19:19,073 meanfield_dca compute_sequences_weight 
	Computing sequences weights
[0;32mINFO[0;0m 2021-06-10 13:19:20,877 meanfield_dca __init__ 
	Created a MeanFieldDCA object with the following attributes
        	biomolecule: RNA
        	total states at sites: 5
        	pseudocount: 0.5
        	sequence identity: 0.8
        	alignment length: 134
        	total number of unique sequences (excluding redundant sequences with 100 percent similarity): 549
        	effective number of sequences (with sequence identity 0.8): 25.53275604275219
        
[0;32mINFO[0;0m 2021-06-10 13:19:20,877 meanfield_dca get_single_site_freqs 
	Computing single site frequencies
[0;32mINFO[0;0m 2021-06-10 13:19:21,683 meanfield_dca get_reg_single_site_freqs 
	Regularizing single site frequencies
[0;32mINFO[0;0m 2021-06-10 13:19:21,959 meanfield_dca get_pair_site_freqs 
	Computing pair site frequencies
[0;32mINFO[0;0m 2021-06-10 13:19:29,509 meanfield_dca get_reg_pair_site_freqs 
	Regularizing pair site frequencies
[0;32mINFO[0;0m 2021-06-10 13:19:29,966 meanfield_dca construct_corr_mat 
	Constructing the correlation matrix
[0;32mINFO[0;0m 2021-06-10 13:19:30,639 meanfield_dca compute_couplings 
	Computing couplings
[0;32mINFO[0;0m 2021-06-10 13:19:33,584 meanfield_dca compute_couplings 
	Maximum and minimum couplings: 3.1622564167471974, -20.000000000000014
[0;32mINFO[0;0m 2021-06-10 13:19:33,584 meanfield_dca compute_sorted_FN 
	Computing Frobenius norm of couplings
[0;32mINFO[0;0m 2021-06-10 13:19:34,442 meanfield_dca compute_sorted_FN_APC 
	Performing average product correction (APC) to Frobenius norm of couplings.
[0;32mINFO[0;0m 2021-06-10 13:19:34,633 dca_utilities write_sorted_dca_scores 
	Writing DCA scores to file MFDCA_output_PKB136/MFDCA_apc_fn_scores_PKB136.txt
[0;32mINFO[0;0m 2021-06-10 13:19:34,686 mfdca_main run_meanfield_dca 
	DONE
