[0;32mINFO[0;0m 2021-09-18 15:24:00,799 fasta_reader get_alignment_int_form 
	Found 3 non-standard residues in 2 sequences
[0;32mINFO[0;0m 2021-09-18 15:24:00,799 fasta_reader get_alignment_int_form 
	Total number of sequences read from file: 184
[0;32mINFO[0;0m 2021-09-18 15:24:00,799 meanfield_dca compute_sequences_weight 
	Computing sequences weights
[0;32mINFO[0;0m 2021-09-18 15:24:01,663 meanfield_dca __init__ 
	Created a MeanFieldDCA object with the following attributes
        	biomolecule: RNA
        	total states at sites: 5
        	pseudocount: 0.5
        	sequence identity: 0.8
        	alignment length: 102
        	total number of unique sequences (excluding redundant sequences with 100 percent similarity): 183
        	effective number of sequences (with sequence identity 0.8): 38.13038574087916
        
[0;32mINFO[0;0m 2021-09-18 15:24:01,664 meanfield_dca get_single_site_freqs 
	Computing single site frequencies
[0;32mINFO[0;0m 2021-09-18 15:24:02,029 meanfield_dca get_reg_single_site_freqs 
	Regularizing single site frequencies
[0;32mINFO[0;0m 2021-09-18 15:24:02,151 meanfield_dca get_pair_site_freqs 
	Computing pair site frequencies
[0;32mINFO[0;0m 2021-09-18 15:24:05,360 meanfield_dca get_reg_pair_site_freqs 
	Regularizing pair site frequencies
[0;32mINFO[0;0m 2021-09-18 15:24:05,560 meanfield_dca construct_corr_mat 
	Constructing the correlation matrix
[0;32mINFO[0;0m 2021-09-18 15:24:05,874 meanfield_dca compute_couplings 
	Computing couplings
[0;32mINFO[0;0m 2021-09-18 15:24:06,501 meanfield_dca compute_couplings 
	Maximum and minimum couplings: 3.123500764268324, -19.748790915325042
[0;32mINFO[0;0m 2021-09-18 15:24:06,502 meanfield_dca compute_sorted_FN 
	Computing Frobenius norm of couplings
[0;32mINFO[0;0m 2021-09-18 15:24:06,769 meanfield_dca compute_sorted_FN_APC 
	Performing average product correction (APC) to Frobenius norm of couplings.
[0;32mINFO[0;0m 2021-09-18 15:24:06,810 dca_utilities write_sorted_dca_scores 
	Writing DCA scores to file MFDCA_output_PKB377/MFDCA_apc_fn_scores_PKB377.txt
[0;32mINFO[0;0m 2021-09-18 15:24:06,821 mfdca_main run_meanfield_dca 
	DONE
