[0;32mINFO[0;0m 2021-08-19 11:51:32,287 plmdca __init__ Created plmDCA instance with:
            biomolecule: RNA
            MSA sequence length: 77
            total number of (unweighted) sequences: 50000
            sequence identity: 0.8
            lambda_h: 15.200000000000001
            lambda_J: 15.200000000000001
            gradient decent iterations: 500
            number of threads: 40
        
[0;32mINFO[0;0m 2021-08-19 11:51:32,288 plmdca get_fields_and_couplings_from_backend 
	Computing fields and couplings using gradient decent
Iteration 1:
fx = 47134.789062, xnorm = 35.179958, gnorm = 2479.675293, step = 0.000108

Iteration 2:
fx = 46363.218750, xnorm = 34.951683, gnorm = 3165.728516, step = 1.000000

Iteration 3:
fx = 44955.601562, xnorm = 34.406040, gnorm = 4831.403809, step = 1.000000

Iteration 4:
fx = 41683.554688, xnorm = 33.072231, gnorm = 7115.041016, step = 1.000000

Iteration 5:
fx = 34533.500000, xnorm = 30.998274, gnorm = 5945.748535, step = 1.000000

Iteration 6:
fx = 29420.015625, xnorm = 30.262226, gnorm = 3277.571289, step = 1.000000

Iteration 7:
fx = 28294.740234, xnorm = 30.175125, gnorm = 2125.886230, step = 1.000000

Iteration 8:
fx = 27605.558594, xnorm = 30.042612, gnorm = 1479.265869, step = 1.000000

Iteration 9:
fx = 26529.099609, xnorm = 29.536779, gnorm = 1419.644897, step = 1.000000

Iteration 10:
fx = 25485.158203, xnorm = 28.759794, gnorm = 1783.853516, step = 1.000000

Iteration 11:
fx = 23933.708984, xnorm = 27.172384, gnorm = 2393.789307, step = 1.000000

Iteration 12:
fx = 22760.423828, xnorm = 25.762774, gnorm = 2754.315674, step = 1.000000

Iteration 13:
fx = 21418.232422, xnorm = 24.762762, gnorm = 1815.150513, step = 1.000000

Iteration 14:
fx = 20232.810547, xnorm = 23.118828, gnorm = 1661.474365, step = 1.000000

Iteration 15:
fx = 19702.396484, xnorm = 21.773609, gnorm = 2436.091309, step = 1.000000

Iteration 16:
fx = 18998.501953, xnorm = 21.573500, gnorm = 1511.411133, step = 1.000000

Iteration 17:
fx = 18635.613281, xnorm = 21.355261, gnorm = 1157.918091, step = 1.000000

Iteration 18:
fx = 18382.103516, xnorm = 20.910002, gnorm = 1102.789551, step = 1.000000

Iteration 19:
fx = 18207.046875, xnorm = 20.451542, gnorm = 1741.618286, step = 1.000000

Iteration 20:
fx = 17881.472656, xnorm = 20.239649, gnorm = 916.076172, step = 1.000000

Iteration 21:
fx = 17578.480469, xnorm = 19.681341, gnorm = 1075.250000, step = 1.000000

Iteration 22:
fx = 17231.082031, xnorm = 18.706831, gnorm = 1309.968384, step = 1.000000

Iteration 23:
fx = 17088.255859, xnorm = 18.188700, gnorm = 1481.546021, step = 1.000000

Iteration 24:
fx = 16910.076172, xnorm = 18.275858, gnorm = 716.799316, step = 1.000000

Iteration 25:
fx = 16822.136719, xnorm = 18.175049, gnorm = 498.668671, step = 1.000000

Iteration 26:
fx = 16738.917969, xnorm = 17.940228, gnorm = 569.167236, step = 1.000000

Iteration 27:
fx = 16660.875000, xnorm = 17.625702, gnorm = 921.057800, step = 1.000000

Iteration 28:
fx = 16568.763672, xnorm = 17.404322, gnorm = 444.414368, step = 1.000000

Iteration 29:
fx = 16538.447266, xnorm = 17.389343, gnorm = 340.539185, step = 1.000000

Iteration 30:
fx = 16490.537109, xnorm = 17.315948, gnorm = 376.638489, step = 1.000000

Iteration 31:
fx = 16462.820312, xnorm = 17.183123, gnorm = 628.154602, step = 1.000000

Iteration 32:
fx = 16422.568359, xnorm = 17.111532, gnorm = 291.945190, step = 1.000000

Iteration 33:
fx = 16404.261719, xnorm = 17.066305, gnorm = 230.764008, step = 1.000000

Iteration 34:
fx = 16388.453125, xnorm = 16.990499, gnorm = 249.558228, step = 1.000000

Iteration 35:
fx = 16383.677734, xnorm = 16.911337, gnorm = 361.606171, step = 1.000000

Iteration 36:
fx = 16370.585938, xnorm = 16.913363, gnorm = 162.864059, step = 1.000000

Iteration 37:
fx = 16362.896484, xnorm = 16.900185, gnorm = 142.659119, step = 1.000000

Iteration 38:
fx = 16355.297852, xnorm = 16.870258, gnorm = 158.012650, step = 1.000000

Iteration 39:
fx = 16352.809570, xnorm = 16.821606, gnorm = 408.423615, step = 1.000000

Iteration 40:
fx = 16341.610352, xnorm = 16.804529, gnorm = 141.415253, step = 1.000000

Iteration 41:
fx = 16339.595703, xnorm = 16.806253, gnorm = 99.087715, step = 1.000000

Iteration 42:
fx = 16336.980469, xnorm = 16.798893, gnorm = 102.681793, step = 1.000000

Iteration 43:
fx = 16335.433594, xnorm = 16.791998, gnorm = 113.313217, step = 0.423904

Iteration 44:
fx = 16332.811523, xnorm = 16.779902, gnorm = 100.866058, step = 1.000000

Iteration 45:
fx = 16329.096680, xnorm = 16.764187, gnorm = 71.524887, step = 1.000000

Iteration 46:
fx = 16328.174805, xnorm = 16.760229, gnorm = 66.991692, step = 0.254436

Iteration 47:
fx = 16326.650391, xnorm = 16.753487, gnorm = 52.476532, step = 1.000000

Iteration 48:
fx = 16326.414062, xnorm = 16.748066, gnorm = 77.931320, step = 1.000000

Iteration 49:
fx = 16324.774414, xnorm = 16.744211, gnorm = 48.847370, step = 1.000000

Iteration 50:
fx = 16324.147461, xnorm = 16.744537, gnorm = 44.562115, step = 1.000000

Iteration 51:
fx = 16324.032227, xnorm = 16.744648, gnorm = 33.611801, step = 0.256001

Iteration 52:
fx = 16323.886719, xnorm = 16.745474, gnorm = 32.586365, step = 1.000000

Iteration 53:
fx = 16323.746094, xnorm = 16.745316, gnorm = 32.072769, step = 0.201580

Iteration 54:
fx = 16323.524414, xnorm = 16.744894, gnorm = 40.457451, step = 1.000000

Iteration 55:
fx = 16323.494141, xnorm = 16.743519, gnorm = 42.497047, step = 1.000000

Iteration 56:
fx = 16323.070312, xnorm = 16.742788, gnorm = 47.992512, step = 0.363002

Iteration 57:
fx = 16323.050781, xnorm = 16.742239, gnorm = 22.264194, step = 1.000000

Iteration 58:
fx = 16323.041016, xnorm = 16.741522, gnorm = 18.228460, step = 1.000000

Iteration 59:
fx = 16322.953125, xnorm = 16.740435, gnorm = 19.406418, step = 1.000000

Iteration 60:
fx = 16322.918945, xnorm = 16.740015, gnorm = 20.794188, step = 0.156009

Iteration 61:
fx = 16322.777344, xnorm = 16.738127, gnorm = 20.964548, step = 1.000000

Iteration 62:
fx = 16322.677734, xnorm = 16.735907, gnorm = 36.712524, step = 1.000000

Iteration 63:
fx = 16322.468750, xnorm = 16.734591, gnorm = 18.916124, step = 1.000000

Iteration 64:
fx = 16322.360352, xnorm = 16.734680, gnorm = 13.424032, step = 1.000000

Iteration 65:
fx = 16322.308594, xnorm = 16.734674, gnorm = 10.391850, step = 1.000000

Iteration 66:
fx = 16322.281250, xnorm = 16.734108, gnorm = 21.331188, step = 1.000000

Iteration 67:
fx = 16322.269531, xnorm = 16.733370, gnorm = 11.350671, step = 1.000000

Iteration 68:
fx = 16322.246094, xnorm = 16.732281, gnorm = 10.141092, step = 1.000000

Iteration 69:
fx = 16322.143555, xnorm = 16.731335, gnorm = 11.328151, step = 1.000000

Iteration 70:
fx = 16322.141602, xnorm = 16.730951, gnorm = 8.001637, step = 0.263624

Iteration 71:
fx = 16322.066406, xnorm = 16.730202, gnorm = 6.822828, step = 1.000000

Iteration 72:
fx = 16322.065430, xnorm = 16.729858, gnorm = 8.497482, step = 1.000000

Iteration 73:
fx = 16322.041016, xnorm = 16.729685, gnorm = 6.945615, step = 1.000000

Iteration 74:
fx = 16322.006836, xnorm = 16.729650, gnorm = 7.951286, step = 1.000000

L-BFGS optimization terminated with status code = -1001
fx = 16322.002930
[0;32mINFO[0;0m 2021-08-19 11:52:04,777 plmdca get_fields_and_couplings_from_backend 
	Data size expected from plmDCA backend: 73535
[0;32mINFO[0;0m 2021-08-19 11:52:04,777 plmdca get_fields_and_couplings_from_backend 
	Data size obtained from plmDCA backend to Python: 73535
[0;32mINFO[0;0m 2021-08-19 11:52:04,825 plmdca compute_sorted_FN 
	Computing non-APC sorted DCA score
[0;32mINFO[0;0m 2021-08-19 11:52:04,962 plmdca compute_sorted_FN_APC 
	Performing average product correction (APC) of FN  of DCA scores
[0;32mINFO[0;0m 2021-08-19 11:52:04,985 dca_utilities write_sorted_dca_scores 
	Writing DCA scores to file PLMDCA_output_6gsl_3K/PLMDCA_apc_fn_scores_6gsl_3K.txt
