[0;32mINFO[0;0m 2021-05-22 19:10:41,587 fasta_reader get_alignment_int_form 
	Found 1124 non-standard residues in 500 sequences
[0;32mINFO[0;0m 2021-05-22 19:10:41,587 fasta_reader get_alignment_int_form 
	Total number of sequences read from file: 45367
[0;32mINFO[0;0m 2021-05-22 19:10:41,592 meanfield_dca compute_sequences_weight 
	Computing sequences weights
[0;32mINFO[0;0m 2021-05-22 19:10:46,202 meanfield_dca __init__ 
	Created a MeanFieldDCA object with the following attributes
        	biomolecule: RNA
        	total states at sites: 5
        	pseudocount: 0.5
        	sequence identity: 0.8
        	alignment length: 75
        	total number of unique sequences (excluding redundant sequences with 100 percent similarity): 45352
        	effective number of sequences (with sequence identity 0.8): 2012.464814518356
        
[0;32mINFO[0;0m 2021-05-22 19:10:46,203 meanfield_dca get_single_site_freqs 
	Computing single site frequencies
[0;32mINFO[0;0m 2021-05-22 19:10:46,824 meanfield_dca get_reg_single_site_freqs 
	Regularizing single site frequencies
[0;32mINFO[0;0m 2021-05-22 19:10:46,948 meanfield_dca get_pair_site_freqs 
	Computing pair site frequencies
[0;32mINFO[0;0m 2021-05-22 19:10:52,935 meanfield_dca get_reg_pair_site_freqs 
	Regularizing pair site frequencies
[0;32mINFO[0;0m 2021-05-22 19:10:53,138 meanfield_dca construct_corr_mat 
	Constructing the correlation matrix
[0;32mINFO[0;0m 2021-05-22 19:10:53,397 meanfield_dca compute_couplings 
	Computing couplings
[0;32mINFO[0;0m 2021-05-22 19:10:54,058 meanfield_dca compute_couplings 
	Maximum and minimum couplings: 3.1257211593339007, -19.545982119639817
[0;32mINFO[0;0m 2021-05-22 19:10:54,058 meanfield_dca compute_sorted_FN 
	Computing Frobenius norm of couplings
[0;32mINFO[0;0m 2021-05-22 19:10:54,244 meanfield_dca compute_sorted_FN_APC 
	Performing average product correction (APC) to Frobenius norm of couplings.
[0;32mINFO[0;0m 2021-05-22 19:10:54,260 dca_utilities write_sorted_dca_scores 
	Writing DCA scores to file MFDCA_output_1yfg_A/MFDCA_apc_fn_scores_1yfg_A.txt
[0;32mINFO[0;0m 2021-05-22 19:10:54,273 mfdca_main run_meanfield_dca 
	DONE
