[0;32mINFO[0;0m 2021-05-22 19:39:35,180 plmdca __init__ Created plmDCA instance with:
            biomolecule: RNA
            MSA sequence length: 38
            total number of (unweighted) sequences: 4
            sequence identity: 0.8
            lambda_h: 7.4
            lambda_J: 7.4
            gradient decent iterations: 500
            number of threads: 40
        
[0;32mINFO[0;0m 2021-05-22 19:39:35,180 plmdca get_fields_and_couplings_from_backend 
	Computing fields and couplings using gradient decent
Iteration 1:
fx = 215.978790, xnorm = 4.724578, gnorm = 70.917694, step = 0.011093

Iteration 2:
fx = 59.322243, xnorm = 1.650518, gnorm = 19.012320, step = 1.000000

Iteration 3:
fx = 54.387829, xnorm = 1.865527, gnorm = 11.523008, step = 1.000000

Iteration 4:
fx = 52.873875, xnorm = 1.716471, gnorm = 1.390851, step = 1.000000

Iteration 5:
fx = 52.869461, xnorm = 1.710154, gnorm = 0.966026, step = 0.286608

L-BFGS optimization terminated with status code = -1001
fx = 52.869457
[0;32mINFO[0;0m 2021-05-22 19:39:35,295 plmdca get_fields_and_couplings_from_backend 
	Data size expected from plmDCA backend: 17765
[0;32mINFO[0;0m 2021-05-22 19:39:35,296 plmdca get_fields_and_couplings_from_backend 
	Data size obtained from plmDCA backend to Python: 17765
[0;32mINFO[0;0m 2021-05-22 19:39:35,311 plmdca compute_sorted_FN 
	Computing non-APC sorted DCA score
[0;32mINFO[0;0m 2021-05-22 19:39:35,358 plmdca compute_sorted_FN_APC 
	Performing average product correction (APC) of FN  of DCA scores
[0;32mINFO[0;0m 2021-05-22 19:39:35,364 dca_utilities write_sorted_dca_scores 
	Writing DCA scores to file PLMDCA_output_1zho_B/PLMDCA_apc_fn_scores_1zho_B.txt
