[0;32mINFO[0;0m 2021-06-10 15:03:43,216 plmdca __init__ Created plmDCA instance with:
            biomolecule: RNA
            MSA sequence length: 130
            total number of (unweighted) sequences: 33
            sequence identity: 0.8
            lambda_h: 25.8
            lambda_J: 25.8
            gradient decent iterations: 500
            number of threads: 40
        
[0;32mINFO[0;0m 2021-06-10 15:03:43,216 plmdca get_fields_and_couplings_from_backend 
	Computing fields and couplings using gradient decent
Iteration 1:
fx = 6095.946777, xnorm = 14.631966, gnorm = 755.851562, step = 0.004895

Iteration 2:
fx = 4382.699219, xnorm = 4.770194, gnorm = 1081.807129, step = 1.000000

Iteration 3:
fx = 1201.771484, xnorm = 5.020551, gnorm = 365.648376, step = 1.000000

Iteration 4:
fx = 700.941956, xnorm = 3.433169, gnorm = 138.173782, step = 1.000000

Iteration 5:
fx = 689.228882, xnorm = 2.937906, gnorm = 151.117584, step = 1.000000

Iteration 6:
fx = 638.383362, xnorm = 3.025434, gnorm = 32.408276, step = 1.000000

Iteration 7:
fx = 635.432800, xnorm = 2.975117, gnorm = 16.923336, step = 1.000000

Iteration 8:
fx = 634.416199, xnorm = 2.946815, gnorm = 8.221180, step = 1.000000

Iteration 9:
fx = 634.028564, xnorm = 2.941127, gnorm = 5.856800, step = 1.000000

Iteration 10:
fx = 633.938416, xnorm = 2.938544, gnorm = 1.499910, step = 1.000000

Iteration 11:
fx = 633.908447, xnorm = 2.936422, gnorm = 0.751574, step = 1.000000

Iteration 12:
fx = 633.906189, xnorm = 2.935937, gnorm = 0.569303, step = 0.300968

L-BFGS optimization terminated with status code = -1001
fx = 633.906128
[0;32mINFO[0;0m 2021-06-10 15:03:43,455 plmdca get_fields_and_couplings_from_backend 
	Data size expected from plmDCA backend: 210275
[0;32mINFO[0;0m 2021-06-10 15:03:43,455 plmdca get_fields_and_couplings_from_backend 
	Data size obtained from plmDCA backend to Python: 210275
[0;32mINFO[0;0m 2021-06-10 15:03:43,618 plmdca compute_sorted_FN 
	Computing non-APC sorted DCA score
[0;32mINFO[0;0m 2021-06-10 15:03:44,045 plmdca compute_sorted_FN_APC 
	Performing average product correction (APC) of FN  of DCA scores
[0;32mINFO[0;0m 2021-06-10 15:03:44,157 dca_utilities write_sorted_dca_scores 
	Writing DCA scores to file PLMDCA_output_PKB313/PLMDCA_apc_fn_scores_PKB313.txt
