[0;32mINFO[0;0m 2021-06-10 14:58:04,984 fasta_reader get_alignment_int_form 
	Total number of sequences read from file: 40
[0;32mINFO[0;0m 2021-06-10 14:58:04,984 meanfield_dca compute_sequences_weight 
	Computing sequences weights
[0;32mINFO[0;0m 2021-06-10 14:58:05,916 meanfield_dca __init__ 
	Created a MeanFieldDCA object with the following attributes
        	biomolecule: RNA
        	total states at sites: 5
        	pseudocount: 0.5
        	sequence identity: 0.8
        	alignment length: 61
        	total number of unique sequences (excluding redundant sequences with 100 percent similarity): 39
        	effective number of sequences (with sequence identity 0.8): 14.506337535014005
        
[0;32mINFO[0;0m 2021-06-10 14:58:05,916 meanfield_dca get_single_site_freqs 
	Computing single site frequencies
[0;32mINFO[0;0m 2021-06-10 14:58:06,301 meanfield_dca get_reg_single_site_freqs 
	Regularizing single site frequencies
[0;32mINFO[0;0m 2021-06-10 14:58:06,433 meanfield_dca get_pair_site_freqs 
	Computing pair site frequencies
[0;32mINFO[0;0m 2021-06-10 14:58:10,034 meanfield_dca get_reg_pair_site_freqs 
	Regularizing pair site frequencies
[0;32mINFO[0;0m 2021-06-10 14:58:10,275 meanfield_dca construct_corr_mat 
	Constructing the correlation matrix
[0;32mINFO[0;0m 2021-06-10 14:58:10,606 meanfield_dca compute_couplings 
	Computing couplings
[0;32mINFO[0;0m 2021-06-10 14:58:11,617 meanfield_dca compute_couplings 
	Maximum and minimum couplings: 2.605775099660228, -20.00000000000003
[0;32mINFO[0;0m 2021-06-10 14:58:11,617 meanfield_dca compute_sorted_FN 
	Computing Frobenius norm of couplings
[0;32mINFO[0;0m 2021-06-10 14:58:11,770 meanfield_dca compute_sorted_FN_APC 
	Performing average product correction (APC) to Frobenius norm of couplings.
[0;32mINFO[0;0m 2021-06-10 14:58:11,779 dca_utilities write_sorted_dca_scores 
	Writing DCA scores to file MFDCA_output_PKB69/MFDCA_apc_fn_scores_PKB69.txt
[0;32mINFO[0;0m 2021-06-10 14:58:11,783 mfdca_main run_meanfield_dca 
	DONE
