[0;32mINFO[0;0m 2021-06-10 15:25:56,164 plmdca __init__ Created plmDCA instance with:
            biomolecule: RNA
            MSA sequence length: 32
            total number of (unweighted) sequences: 52
            sequence identity: 0.8
            lambda_h: 6.2
            lambda_J: 6.2
            gradient decent iterations: 500
            number of threads: 40
        
[0;32mINFO[0;0m 2021-06-10 15:25:56,164 plmdca get_fields_and_couplings_from_backend 
	Computing fields and couplings using gradient decent
Iteration 1:
fx = 97.653603, xnorm = 3.313841, gnorm = 39.729229, step = 0.018033

Iteration 2:
fx = 36.631531, xnorm = 1.101680, gnorm = 8.506749, step = 1.000000

Iteration 3:
fx = 33.875717, xnorm = 1.345218, gnorm = 4.537100, step = 1.000000

Iteration 4:
fx = 33.850300, xnorm = 1.322457, gnorm = 3.675019, step = 0.210176

Iteration 5:
fx = 33.850075, xnorm = 1.307296, gnorm = 3.092602, step = 0.156131

L-BFGS optimization terminated with status code = -1001
fx = 33.850075
[0;32mINFO[0;0m 2021-06-10 15:25:56,246 plmdca get_fields_and_couplings_from_backend 
	Data size expected from plmDCA backend: 12560
[0;32mINFO[0;0m 2021-06-10 15:25:56,246 plmdca get_fields_and_couplings_from_backend 
	Data size obtained from plmDCA backend to Python: 12560
[0;32mINFO[0;0m 2021-06-10 15:25:56,254 plmdca compute_sorted_FN 
	Computing non-APC sorted DCA score
[0;32mINFO[0;0m 2021-06-10 15:25:56,275 plmdca compute_sorted_FN_APC 
	Performing average product correction (APC) of FN  of DCA scores
[0;32mINFO[0;0m 2021-06-10 15:25:56,277 dca_utilities write_sorted_dca_scores 
	Writing DCA scores to file PLMDCA_output_PKB64/PLMDCA_apc_fn_scores_PKB64.txt
