[0;32mINFO[0;0m 2021-09-18 15:04:48,994 fasta_reader get_alignment_int_form 
	Found 54 non-standard residues in 24 sequences
[0;32mINFO[0;0m 2021-09-18 15:04:48,994 fasta_reader get_alignment_int_form 
	Total number of sequences read from file: 353
[0;32mINFO[0;0m 2021-09-18 15:04:48,994 meanfield_dca compute_sequences_weight 
	Computing sequences weights
[0;32mINFO[0;0m 2021-09-18 15:04:49,853 meanfield_dca __init__ 
	Created a MeanFieldDCA object with the following attributes
        	biomolecule: RNA
        	total states at sites: 5
        	pseudocount: 0.5
        	sequence identity: 0.8
        	alignment length: 71
        	total number of unique sequences (excluding redundant sequences with 100 percent similarity): 352
        	effective number of sequences (with sequence identity 0.8): 10.011265193957128
        
[0;32mINFO[0;0m 2021-09-18 15:04:49,854 meanfield_dca get_single_site_freqs 
	Computing single site frequencies
[0;32mINFO[0;0m 2021-09-18 15:04:50,213 meanfield_dca get_reg_single_site_freqs 
	Regularizing single site frequencies
[0;32mINFO[0;0m 2021-09-18 15:04:50,335 meanfield_dca get_pair_site_freqs 
	Computing pair site frequencies
[0;32mINFO[0;0m 2021-09-18 15:04:53,507 meanfield_dca get_reg_pair_site_freqs 
	Regularizing pair site frequencies
[0;32mINFO[0;0m 2021-09-18 15:04:53,705 meanfield_dca construct_corr_mat 
	Constructing the correlation matrix
[0;32mINFO[0;0m 2021-09-18 15:04:54,020 meanfield_dca compute_couplings 
	Computing couplings
[0;32mINFO[0;0m 2021-09-18 15:04:54,572 meanfield_dca compute_couplings 
	Maximum and minimum couplings: 1.9504653899844662, -20.0
[0;32mINFO[0;0m 2021-09-18 15:04:54,572 meanfield_dca compute_sorted_FN 
	Computing Frobenius norm of couplings
[0;32mINFO[0;0m 2021-09-18 15:04:54,746 meanfield_dca compute_sorted_FN_APC 
	Performing average product correction (APC) to Frobenius norm of couplings.
[0;32mINFO[0;0m 2021-09-18 15:04:54,760 dca_utilities write_sorted_dca_scores 
	Writing DCA scores to file MFDCA_output_PKB142/MFDCA_apc_fn_scores_PKB142.txt
[0;32mINFO[0;0m 2021-09-18 15:04:54,765 mfdca_main run_meanfield_dca 
	DONE
