[0;32mINFO[0;0m 2021-08-19 12:43:43,276 plmdca __init__ Created plmDCA instance with:
            biomolecule: RNA
            MSA sequence length: 56
            total number of (unweighted) sequences: 8
            sequence identity: 0.8
            lambda_h: 11.0
            lambda_J: 11.0
            gradient decent iterations: 500
            number of threads: 40
        
[0;32mINFO[0;0m 2021-08-19 12:43:43,277 plmdca get_fields_and_couplings_from_backend 
	Computing fields and couplings using gradient decent
Iteration 1:
fx = 1157.775269, xnorm = 9.318989, gnorm = 211.172256, step = 0.004223

Iteration 2:
fx = 536.377991, xnorm = 3.291382, gnorm = 224.151062, step = 1.000000

Iteration 3:
fx = 277.235535, xnorm = 3.931300, gnorm = 89.563217, step = 1.000000

Iteration 4:
fx = 196.129364, xnorm = 2.928317, gnorm = 34.565792, step = 1.000000

Iteration 5:
fx = 190.639267, xnorm = 2.420971, gnorm = 24.910435, step = 1.000000

Iteration 6:
fx = 185.222992, xnorm = 2.568797, gnorm = 5.064416, step = 1.000000

Iteration 7:
fx = 185.147507, xnorm = 2.537672, gnorm = 1.570046, step = 1.000000

Iteration 8:
fx = 185.111023, xnorm = 2.525131, gnorm = 0.683634, step = 1.000000

Iteration 9:
fx = 185.052795, xnorm = 2.522140, gnorm = 0.408175, step = 1.000000

Iteration 10:
fx = 185.047913, xnorm = 2.521327, gnorm = 0.272066, step = 1.000000

L-BFGS optimization terminated with status code = -1001
fx = 185.047852
[0;32mINFO[0;0m 2021-08-19 12:43:43,344 plmdca get_fields_and_couplings_from_backend 
	Data size expected from plmDCA backend: 38780
[0;32mINFO[0;0m 2021-08-19 12:43:43,344 plmdca get_fields_and_couplings_from_backend 
	Data size obtained from plmDCA backend to Python: 38780
[0;32mINFO[0;0m 2021-08-19 12:43:43,369 plmdca compute_sorted_FN 
	Computing non-APC sorted DCA score
[0;32mINFO[0;0m 2021-08-19 12:43:43,442 plmdca compute_sorted_FN_APC 
	Performing average product correction (APC) of FN  of DCA scores
[0;32mINFO[0;0m 2021-08-19 12:43:43,452 dca_utilities write_sorted_dca_scores 
	Writing DCA scores to file PLMDCA_output_4rge_A/PLMDCA_apc_fn_scores_4rge_A.txt
