[0;32mINFO[0;0m 2021-06-10 14:31:21,009 fasta_reader get_alignment_int_form 
	Total number of sequences read from file: 13
[0;32mINFO[0;0m 2021-06-10 14:31:21,010 meanfield_dca compute_sequences_weight 
	Computing sequences weights
[0;32mINFO[0;0m 2021-06-10 14:31:22,091 meanfield_dca __init__ 
	Created a MeanFieldDCA object with the following attributes
        	biomolecule: RNA
        	total states at sites: 5
        	pseudocount: 0.5
        	sequence identity: 0.8
        	alignment length: 29
        	total number of unique sequences (excluding redundant sequences with 100 percent similarity): 12
        	effective number of sequences (with sequence identity 0.8): 9.0
        
[0;32mINFO[0;0m 2021-06-10 14:31:22,091 meanfield_dca get_single_site_freqs 
	Computing single site frequencies
[0;32mINFO[0;0m 2021-06-10 14:31:22,506 meanfield_dca get_reg_single_site_freqs 
	Regularizing single site frequencies
[0;32mINFO[0;0m 2021-06-10 14:31:22,657 meanfield_dca get_pair_site_freqs 
	Computing pair site frequencies
[0;32mINFO[0;0m 2021-06-10 14:31:26,380 meanfield_dca get_reg_pair_site_freqs 
	Regularizing pair site frequencies
[0;32mINFO[0;0m 2021-06-10 14:31:26,595 meanfield_dca construct_corr_mat 
	Constructing the correlation matrix
[0;32mINFO[0;0m 2021-06-10 14:31:26,930 meanfield_dca compute_couplings 
	Computing couplings
[0;32mINFO[0;0m 2021-06-10 14:31:27,466 meanfield_dca compute_couplings 
	Maximum and minimum couplings: 1.8159813982334, -20.00000000000001
[0;32mINFO[0;0m 2021-06-10 14:31:27,466 meanfield_dca compute_sorted_FN 
	Computing Frobenius norm of couplings
[0;32mINFO[0;0m 2021-06-10 14:31:27,516 meanfield_dca compute_sorted_FN_APC 
	Performing average product correction (APC) to Frobenius norm of couplings.
[0;32mINFO[0;0m 2021-06-10 14:31:27,519 dca_utilities write_sorted_dca_scores 
	Writing DCA scores to file MFDCA_output_PKB124/MFDCA_apc_fn_scores_PKB124.txt
[0;32mINFO[0;0m 2021-06-10 14:31:27,522 mfdca_main run_meanfield_dca 
	DONE
