[0;32mINFO[0;0m 2021-06-10 15:03:32,604 plmdca __init__ Created plmDCA instance with:
            biomolecule: RNA
            MSA sequence length: 33
            total number of (unweighted) sequences: 29
            sequence identity: 0.8
            lambda_h: 6.4
            lambda_J: 6.4
            gradient decent iterations: 500
            number of threads: 40
        
[0;32mINFO[0;0m 2021-06-10 15:03:32,604 plmdca get_fields_and_couplings_from_backend 
	Computing fields and couplings using gradient decent
Iteration 1:
fx = 366.158356, xnorm = 6.490782, gnorm = 84.744057, step = 0.009952

Iteration 2:
fx = 184.264648, xnorm = 2.545124, gnorm = 85.795403, step = 1.000000

Iteration 3:
fx = 123.676720, xnorm = 2.883749, gnorm = 42.138279, step = 1.000000

Iteration 4:
fx = 97.217888, xnorm = 2.265606, gnorm = 11.631504, step = 1.000000

Iteration 5:
fx = 96.541595, xnorm = 2.118871, gnorm = 5.657395, step = 1.000000

Iteration 6:
fx = 95.882797, xnorm = 2.148381, gnorm = 1.205370, step = 1.000000

Iteration 7:
fx = 95.838852, xnorm = 2.143954, gnorm = 0.693949, step = 1.000000

Iteration 8:
fx = 95.798431, xnorm = 2.134919, gnorm = 0.255944, step = 1.000000

L-BFGS optimization terminated with status code = -1001
fx = 95.798416
[0;32mINFO[0;0m 2021-06-10 15:03:32,692 plmdca get_fields_and_couplings_from_backend 
	Data size expected from plmDCA backend: 13365
[0;32mINFO[0;0m 2021-06-10 15:03:32,692 plmdca get_fields_and_couplings_from_backend 
	Data size obtained from plmDCA backend to Python: 13365
[0;32mINFO[0;0m 2021-06-10 15:03:32,712 plmdca compute_sorted_FN 
	Computing non-APC sorted DCA score
[0;32mINFO[0;0m 2021-06-10 15:03:32,757 plmdca compute_sorted_FN_APC 
	Performing average product correction (APC) of FN  of DCA scores
[0;32mINFO[0;0m 2021-06-10 15:03:32,760 dca_utilities write_sorted_dca_scores 
	Writing DCA scores to file PLMDCA_output_PKB297/PLMDCA_apc_fn_scores_PKB297.txt
