[0;32mINFO[0;0m 2021-06-10 14:59:42,339 fasta_reader get_alignment_int_form 
	Total number of sequences read from file: 10
[0;32mINFO[0;0m 2021-06-10 14:59:42,339 meanfield_dca compute_sequences_weight 
	Computing sequences weights
[0;32mINFO[0;0m 2021-06-10 14:59:43,259 meanfield_dca __init__ 
	Created a MeanFieldDCA object with the following attributes
        	biomolecule: RNA
        	total states at sites: 5
        	pseudocount: 0.5
        	sequence identity: 0.8
        	alignment length: 24
        	total number of unique sequences (excluding redundant sequences with 100 percent similarity): 9
        	effective number of sequences (with sequence identity 0.8): 2.0773809523809526
        
[0;32mINFO[0;0m 2021-06-10 14:59:43,259 meanfield_dca get_single_site_freqs 
	Computing single site frequencies
[0;32mINFO[0;0m 2021-06-10 14:59:43,634 meanfield_dca get_reg_single_site_freqs 
	Regularizing single site frequencies
[0;32mINFO[0;0m 2021-06-10 14:59:43,763 meanfield_dca get_pair_site_freqs 
	Computing pair site frequencies
[0;32mINFO[0;0m 2021-06-10 14:59:47,060 meanfield_dca get_reg_pair_site_freqs 
	Regularizing pair site frequencies
[0;32mINFO[0;0m 2021-06-10 14:59:47,267 meanfield_dca construct_corr_mat 
	Constructing the correlation matrix
[0;32mINFO[0;0m 2021-06-10 14:59:47,586 meanfield_dca compute_couplings 
	Computing couplings
[0;32mINFO[0;0m 2021-06-10 14:59:48,050 meanfield_dca compute_couplings 
	Maximum and minimum couplings: 1.3248054720121167, -20.00000000000002
[0;32mINFO[0;0m 2021-06-10 14:59:48,050 meanfield_dca compute_sorted_FN 
	Computing Frobenius norm of couplings
[0;32mINFO[0;0m 2021-06-10 14:59:48,076 meanfield_dca compute_sorted_FN_APC 
	Performing average product correction (APC) to Frobenius norm of couplings.
[0;32mINFO[0;0m 2021-06-10 14:59:48,078 dca_utilities write_sorted_dca_scores 
	Writing DCA scores to file MFDCA_output_PKB93/MFDCA_apc_fn_scores_PKB93.txt
[0;32mINFO[0;0m 2021-06-10 14:59:48,080 mfdca_main run_meanfield_dca 
	DONE
