[0;32mINFO[0;0m 2021-10-28 10:07:26,764 plmdca __init__ Created plmDCA instance with:
            biomolecule: RNA
            MSA sequence length: 50
            total number of (unweighted) sequences: 4
            sequence identity: 0.8
            lambda_h: 9.8
            lambda_J: 9.8
            gradient decent iterations: 500
            number of threads: 40
        
[0;32mINFO[0;0m 2021-10-28 10:07:26,764 plmdca get_fields_and_couplings_from_backend 
	Computing fields and couplings using gradient decent
Iteration 1:
fx = 146.820770, xnorm = 3.396547, gnorm = 66.131500, step = 0.011173

Iteration 2:
fx = 42.334557, xnorm = 0.920797, gnorm = 16.946808, step = 1.000000

Iteration 3:
fx = 36.812229, xnorm = 1.370638, gnorm = 9.801083, step = 1.000000

Iteration 4:
fx = 36.590370, xnorm = 1.172504, gnorm = 0.710491, step = 1.000000

L-BFGS optimization terminated with status code = -1001
fx = 36.590374
[0;32mINFO[0;0m 2021-10-28 10:07:26,810 plmdca get_fields_and_couplings_from_backend 
	Data size expected from plmDCA backend: 30875
[0;32mINFO[0;0m 2021-10-28 10:07:26,811 plmdca get_fields_and_couplings_from_backend 
	Data size obtained from plmDCA backend to Python: 30875
[0;32mINFO[0;0m 2021-10-28 10:07:26,837 plmdca compute_sorted_FN 
	Computing non-APC sorted DCA score
[0;32mINFO[0;0m 2021-10-28 10:07:26,908 plmdca compute_sorted_FN_APC 
	Performing average product correction (APC) of FN  of DCA scores
[0;32mINFO[0;0m 2021-10-28 10:07:26,917 dca_utilities write_sorted_dca_scores 
	Writing DCA scores to file PLMDCA_output_5y85_B/PLMDCA_apc_fn_scores_5y85_B.txt
