[0;32mINFO[0;0m 2021-08-19 12:44:34,139 plmdca __init__ Created plmDCA instance with:
            biomolecule: RNA
            MSA sequence length: 64
            total number of (unweighted) sequences: 901
            sequence identity: 0.8
            lambda_h: 12.600000000000001
            lambda_J: 12.600000000000001
            gradient decent iterations: 500
            number of threads: 40
        
[0;32mINFO[0;0m 2021-08-19 12:44:34,139 plmdca get_fields_and_couplings_from_backend 
	Computing fields and couplings using gradient decent
Iteration 1:
fx = 25231.916016, xnorm = 28.681311, gnorm = 2610.091064, step = 0.000565

Iteration 2:
fx = 24225.003906, xnorm = 28.377659, gnorm = 2012.782715, step = 1.000000

Iteration 3:
fx = 21351.269531, xnorm = 26.788031, gnorm = 2497.124023, step = 1.000000

Iteration 4:
fx = 17826.876953, xnorm = 24.752636, gnorm = 1527.282715, step = 1.000000

Iteration 5:
fx = 16173.557617, xnorm = 23.740889, gnorm = 1179.292847, step = 1.000000

Iteration 6:
fx = 15413.515625, xnorm = 23.156149, gnorm = 1529.492676, step = 1.000000

Iteration 7:
fx = 14547.132812, xnorm = 22.777067, gnorm = 920.461792, step = 1.000000

Iteration 8:
fx = 13694.040039, xnorm = 21.820646, gnorm = 940.378967, step = 1.000000

Iteration 9:
fx = 12407.004883, xnorm = 19.441824, gnorm = 1684.906494, step = 1.000000

Iteration 10:
fx = 11909.603516, xnorm = 17.765499, gnorm = 1664.450562, step = 1.000000

Iteration 11:
fx = 11276.472656, xnorm = 18.016632, gnorm = 887.078552, step = 1.000000

Iteration 12:
fx = 11026.851562, xnorm = 17.869322, gnorm = 610.677979, step = 1.000000

Iteration 13:
fx = 10835.446289, xnorm = 17.165300, gnorm = 1326.750488, step = 1.000000

Iteration 14:
fx = 10498.720703, xnorm = 16.965784, gnorm = 554.762573, step = 1.000000

Iteration 15:
fx = 10343.485352, xnorm = 16.474701, gnorm = 635.125732, step = 1.000000

Iteration 16:
fx = 10150.901367, xnorm = 15.926839, gnorm = 554.062256, step = 1.000000

Iteration 17:
fx = 10002.375000, xnorm = 15.501348, gnorm = 420.017944, step = 1.000000

Iteration 18:
fx = 9791.777344, xnorm = 14.502242, gnorm = 638.654602, step = 1.000000

Iteration 19:
fx = 9748.329102, xnorm = 14.170501, gnorm = 853.561340, step = 1.000000

Iteration 20:
fx = 9637.193359, xnorm = 14.207680, gnorm = 335.774597, step = 1.000000

Iteration 21:
fx = 9601.529297, xnorm = 14.072658, gnorm = 201.101639, step = 1.000000

Iteration 22:
fx = 9580.222656, xnorm = 13.964206, gnorm = 194.014725, step = 1.000000

Iteration 23:
fx = 9545.353516, xnorm = 13.751470, gnorm = 244.915695, step = 1.000000

Iteration 24:
fx = 9542.079102, xnorm = 13.433031, gnorm = 453.164490, step = 1.000000

Iteration 25:
fx = 9502.875977, xnorm = 13.463951, gnorm = 162.308334, step = 1.000000

Iteration 26:
fx = 9490.373047, xnorm = 13.428517, gnorm = 124.639648, step = 1.000000

Iteration 27:
fx = 9478.045898, xnorm = 13.332034, gnorm = 141.714096, step = 1.000000

Iteration 28:
fx = 9474.493164, xnorm = 13.160617, gnorm = 289.970428, step = 1.000000

Iteration 29:
fx = 9461.681641, xnorm = 13.120074, gnorm = 95.311478, step = 1.000000

Iteration 30:
fx = 9459.564453, xnorm = 13.126239, gnorm = 61.944870, step = 1.000000

Iteration 31:
fx = 9456.081055, xnorm = 13.094464, gnorm = 55.902428, step = 1.000000

Iteration 32:
fx = 9452.625000, xnorm = 13.038916, gnorm = 91.754410, step = 1.000000

Iteration 33:
fx = 9449.571289, xnorm = 12.989038, gnorm = 84.035088, step = 1.000000

Iteration 34:
fx = 9447.942383, xnorm = 12.988735, gnorm = 44.896626, step = 1.000000

Iteration 35:
fx = 9446.674805, xnorm = 12.986614, gnorm = 41.038990, step = 1.000000

Iteration 36:
fx = 9445.794922, xnorm = 12.984111, gnorm = 44.388641, step = 1.000000

Iteration 37:
fx = 9445.279297, xnorm = 12.976536, gnorm = 76.972183, step = 1.000000

Iteration 38:
fx = 9444.296875, xnorm = 12.978727, gnorm = 27.791046, step = 1.000000

Iteration 39:
fx = 9443.949219, xnorm = 12.980323, gnorm = 25.253262, step = 1.000000

Iteration 40:
fx = 9443.547852, xnorm = 12.983097, gnorm = 28.378935, step = 1.000000

Iteration 41:
fx = 9443.119141, xnorm = 12.991584, gnorm = 38.769810, step = 1.000000

Iteration 42:
fx = 9442.981445, xnorm = 13.004135, gnorm = 51.293472, step = 1.000000

Iteration 43:
fx = 9442.629883, xnorm = 13.003056, gnorm = 17.296570, step = 1.000000

Iteration 44:
fx = 9442.605469, xnorm = 13.004781, gnorm = 14.601434, step = 1.000000

Iteration 45:
fx = 9442.590820, xnorm = 13.006141, gnorm = 14.375204, step = 0.237600

Iteration 46:
fx = 9442.583984, xnorm = 13.008610, gnorm = 15.099841, step = 0.172125

Iteration 47:
fx = 9442.573242, xnorm = 13.011758, gnorm = 12.806633, step = 0.171934

L-BFGS optimization terminated with status code = -1001
fx = 9442.573242
[0;32mINFO[0;0m 2021-08-19 12:44:34,530 plmdca get_fields_and_couplings_from_backend 
	Data size expected from plmDCA backend: 50720
[0;32mINFO[0;0m 2021-08-19 12:44:34,530 plmdca get_fields_and_couplings_from_backend 
	Data size obtained from plmDCA backend to Python: 50720
[0;32mINFO[0;0m 2021-08-19 12:44:34,562 plmdca compute_sorted_FN 
	Computing non-APC sorted DCA score
[0;32mINFO[0;0m 2021-08-19 12:44:34,654 plmdca compute_sorted_FN_APC 
	Performing average product correction (APC) of FN  of DCA scores
[0;32mINFO[0;0m 2021-08-19 12:44:34,667 dca_utilities write_sorted_dca_scores 
	Writing DCA scores to file PLMDCA_output_4xwf_A/PLMDCA_apc_fn_scores_4xwf_A.txt
