[0;32mINFO[0;0m 2021-08-03 01:48:11,678 fasta_reader get_alignment_int_form 
	Found 390 non-standard residues in 30 sequences
[0;32mINFO[0;0m 2021-08-03 01:48:11,679 fasta_reader get_alignment_int_form 
	Total number of sequences read from file: 31
[0;32mINFO[0;0m 2021-08-03 01:48:11,679 meanfield_dca compute_sequences_weight 
	Computing sequences weights
[0;32mINFO[0;0m 2021-08-03 01:48:13,027 meanfield_dca __init__ 
	Created a MeanFieldDCA object with the following attributes
        	biomolecule: RNA
        	total states at sites: 5
        	pseudocount: 0.5
        	sequence identity: 0.8
        	alignment length: 88
        	total number of unique sequences (excluding redundant sequences with 100 percent similarity): 31
        	effective number of sequences (with sequence identity 0.8): 4.0
        
[0;32mINFO[0;0m 2021-08-03 01:48:13,028 meanfield_dca get_single_site_freqs 
	Computing single site frequencies
[0;32mINFO[0;0m 2021-08-03 01:48:13,559 meanfield_dca get_reg_single_site_freqs 
	Regularizing single site frequencies
[0;32mINFO[0;0m 2021-08-03 01:48:13,755 meanfield_dca get_pair_site_freqs 
	Computing pair site frequencies
[0;32mINFO[0;0m 2021-08-03 01:48:19,286 meanfield_dca get_reg_pair_site_freqs 
	Regularizing pair site frequencies
[0;32mINFO[0;0m 2021-08-03 01:48:19,563 meanfield_dca construct_corr_mat 
	Constructing the correlation matrix
[0;32mINFO[0;0m 2021-08-03 01:48:20,033 meanfield_dca compute_couplings 
	Computing couplings
[0;32mINFO[0;0m 2021-08-03 01:48:21,861 meanfield_dca compute_couplings 
	Maximum and minimum couplings: 2.8645792091414606, -19.798071160586723
[0;32mINFO[0;0m 2021-08-03 01:48:21,861 meanfield_dca compute_sorted_FN 
	Computing Frobenius norm of couplings
[0;32mINFO[0;0m 2021-08-03 01:48:22,163 meanfield_dca compute_sorted_FN_APC 
	Performing average product correction (APC) to Frobenius norm of couplings.
[0;32mINFO[0;0m 2021-08-03 01:48:22,199 dca_utilities write_sorted_dca_scores 
	Writing DCA scores to file MFDCA_output_3oww_A/MFDCA_apc_fn_scores_3oww_A.txt
[0;32mINFO[0;0m 2021-08-03 01:48:22,211 mfdca_main run_meanfield_dca 
	DONE
