[0;32mINFO[0;0m 2021-08-18 22:25:57,030 fasta_reader get_alignment_int_form 
	Total number of sequences read from file: 1
[0;32mINFO[0;0m 2021-08-18 22:25:57,030 meanfield_dca compute_sequences_weight 
	Computing sequences weights
[0;32mINFO[0;0m 2021-08-18 22:25:57,898 meanfield_dca __init__ 
	Created a MeanFieldDCA object with the following attributes
        	biomolecule: RNA
        	total states at sites: 5
        	pseudocount: 0.5
        	sequence identity: 0.8
        	alignment length: 47
        	total number of unique sequences (excluding redundant sequences with 100 percent similarity): 1
        	effective number of sequences (with sequence identity 0.8): 1.0
        
[0;32mINFO[0;0m 2021-08-18 22:25:57,898 meanfield_dca get_single_site_freqs 
	Computing single site frequencies
[0;32mINFO[0;0m 2021-08-18 22:25:58,256 meanfield_dca get_reg_single_site_freqs 
	Regularizing single site frequencies
[0;32mINFO[0;0m 2021-08-18 22:25:58,376 meanfield_dca get_pair_site_freqs 
	Computing pair site frequencies
[0;32mINFO[0;0m 2021-08-18 22:26:01,521 meanfield_dca get_reg_pair_site_freqs 
	Regularizing pair site frequencies
[0;32mINFO[0;0m 2021-08-18 22:26:01,721 meanfield_dca construct_corr_mat 
	Constructing the correlation matrix
[0;32mINFO[0;0m 2021-08-18 22:26:02,036 meanfield_dca compute_couplings 
	Computing couplings
[0;32mINFO[0;0m 2021-08-18 22:26:02,527 meanfield_dca compute_couplings 
	Maximum and minimum couplings: 0.2631578947368644, -20.000000000000007
[0;32mINFO[0;0m 2021-08-18 22:26:02,527 meanfield_dca compute_sorted_FN 
	Computing Frobenius norm of couplings
[0;32mINFO[0;0m 2021-08-18 22:26:02,644 meanfield_dca compute_sorted_FN_APC 
	Performing average product correction (APC) to Frobenius norm of couplings.
[0;32mINFO[0;0m 2021-08-18 22:26:02,651 dca_utilities write_sorted_dca_scores 
	Writing DCA scores to file MFDCA_output_6wpi_B/MFDCA_apc_fn_scores_6wpi_B.txt
[0;32mINFO[0;0m 2021-08-18 22:26:02,654 mfdca_main run_meanfield_dca 
	DONE
