[0;32mINFO[0;0m 2021-05-22 19:55:08,214 plmdca __init__ Created plmDCA instance with:
            biomolecule: RNA
            MSA sequence length: 121
            total number of (unweighted) sequences: 25000
            sequence identity: 0.8
            lambda_h: 24.0
            lambda_J: 24.0
            gradient decent iterations: 500
            number of threads: 40
        
[0;32mINFO[0;0m 2021-05-22 19:55:08,215 plmdca get_fields_and_couplings_from_backend 
	Computing fields and couplings using gradient decent
Iteration 1:
fx = 287662.687500, xnorm = 28.004387, gnorm = 34141.445312, step = 0.000031

Iteration 2:
fx = 275476.406250, xnorm = 27.985523, gnorm = 21546.210938, step = 1.000000

Iteration 3:
fx = 252874.453125, xnorm = 27.948982, gnorm = 18307.105469, step = 1.000000

Iteration 4:
fx = 232080.156250, xnorm = 28.111216, gnorm = 15551.689453, step = 1.000000

Iteration 5:
fx = 223227.796875, xnorm = 28.518589, gnorm = 17303.412109, step = 1.000000

Iteration 6:
fx = 216504.656250, xnorm = 28.753733, gnorm = 10219.690430, step = 1.000000

Iteration 7:
fx = 211961.906250, xnorm = 28.951008, gnorm = 8535.472656, step = 1.000000

Iteration 8:
fx = 204844.687500, xnorm = 29.413433, gnorm = 11745.965820, step = 1.000000

Iteration 9:
fx = 199153.937500, xnorm = 30.290262, gnorm = 13283.556641, step = 1.000000

Iteration 10:
fx = 193780.359375, xnorm = 30.389242, gnorm = 9829.619141, step = 1.000000

Iteration 11:
fx = 188290.937500, xnorm = 30.331112, gnorm = 9571.610352, step = 1.000000

Iteration 12:
fx = 185407.968750, xnorm = 30.259499, gnorm = 8308.330078, step = 1.000000

Iteration 13:
fx = 182656.640625, xnorm = 30.064484, gnorm = 6878.202637, step = 1.000000

Iteration 14:
fx = 180483.656250, xnorm = 29.868885, gnorm = 7292.790039, step = 1.000000

Iteration 15:
fx = 177701.578125, xnorm = 29.595863, gnorm = 6787.173340, step = 1.000000

Iteration 16:
fx = 175788.812500, xnorm = 29.293528, gnorm = 9258.325195, step = 1.000000

Iteration 17:
fx = 173744.031250, xnorm = 29.252340, gnorm = 4784.623535, step = 1.000000

Iteration 18:
fx = 172717.375000, xnorm = 29.228468, gnorm = 4721.490723, step = 1.000000

Iteration 19:
fx = 171295.359375, xnorm = 29.179539, gnorm = 5446.538086, step = 1.000000

Iteration 20:
fx = 170139.984375, xnorm = 29.142763, gnorm = 9106.812500, step = 1.000000

Iteration 21:
fx = 168258.296875, xnorm = 29.150932, gnorm = 5248.864746, step = 1.000000

Iteration 22:
fx = 166442.359375, xnorm = 29.202375, gnorm = 4831.735352, step = 1.000000

Iteration 23:
fx = 165009.343750, xnorm = 29.314848, gnorm = 5212.154785, step = 1.000000

Iteration 24:
fx = 163892.750000, xnorm = 29.721155, gnorm = 10047.395508, step = 1.000000

Iteration 25:
fx = 161653.828125, xnorm = 29.907980, gnorm = 4852.384766, step = 1.000000

Iteration 26:
fx = 160541.859375, xnorm = 29.990089, gnorm = 4020.940186, step = 1.000000

Iteration 27:
fx = 159181.406250, xnorm = 30.248077, gnorm = 4508.517090, step = 1.000000

Iteration 28:
fx = 157704.578125, xnorm = 30.912575, gnorm = 7509.952148, step = 1.000000

Iteration 29:
fx = 156307.968750, xnorm = 31.562138, gnorm = 4301.650879, step = 1.000000

Iteration 30:
fx = 155613.828125, xnorm = 31.628435, gnorm = 2939.177246, step = 1.000000

Iteration 31:
fx = 154868.109375, xnorm = 31.814697, gnorm = 3317.070801, step = 1.000000

Iteration 32:
fx = 154451.578125, xnorm = 32.161980, gnorm = 4568.369141, step = 1.000000

Iteration 33:
fx = 153919.078125, xnorm = 32.317581, gnorm = 2795.437744, step = 1.000000

Iteration 34:
fx = 153378.421875, xnorm = 32.680374, gnorm = 2432.814209, step = 1.000000

Iteration 35:
fx = 153093.968750, xnorm = 32.951420, gnorm = 2854.966553, step = 1.000000

Iteration 36:
fx = 152684.187500, xnorm = 33.284420, gnorm = 2171.480957, step = 1.000000

Iteration 37:
fx = 152260.390625, xnorm = 33.611862, gnorm = 3104.240234, step = 1.000000

Iteration 38:
fx = 151930.984375, xnorm = 33.797188, gnorm = 2575.862793, step = 1.000000

Iteration 39:
fx = 151672.140625, xnorm = 33.640987, gnorm = 1774.649170, step = 1.000000

Iteration 40:
fx = 151322.546875, xnorm = 33.363014, gnorm = 1848.109253, step = 1.000000

Iteration 41:
fx = 151112.125000, xnorm = 33.237526, gnorm = 3122.551514, step = 1.000000

Iteration 42:
fx = 150817.421875, xnorm = 33.199982, gnorm = 2020.723999, step = 1.000000

Iteration 43:
fx = 150520.593750, xnorm = 33.236511, gnorm = 1844.345337, step = 1.000000

Iteration 44:
fx = 150345.078125, xnorm = 33.247169, gnorm = 2002.231689, step = 1.000000

Iteration 45:
fx = 150093.531250, xnorm = 33.214577, gnorm = 1578.759766, step = 1.000000

Iteration 46:
fx = 149884.453125, xnorm = 33.088730, gnorm = 3396.943848, step = 1.000000

Iteration 47:
fx = 149627.984375, xnorm = 32.985638, gnorm = 1684.003174, step = 1.000000

Iteration 48:
fx = 149528.015625, xnorm = 32.920086, gnorm = 1294.373047, step = 1.000000

Iteration 49:
fx = 149363.156250, xnorm = 32.740292, gnorm = 1326.043823, step = 1.000000

Iteration 50:
fx = 149360.203125, xnorm = 32.469849, gnorm = 4066.603516, step = 1.000000

Iteration 51:
fx = 149120.875000, xnorm = 32.477104, gnorm = 1453.881470, step = 1.000000

Iteration 52:
fx = 149028.546875, xnorm = 32.426025, gnorm = 972.994690, step = 1.000000

Iteration 53:
fx = 148936.375000, xnorm = 32.311172, gnorm = 1152.968872, step = 1.000000

Iteration 54:
fx = 148810.906250, xnorm = 32.132397, gnorm = 1549.456543, step = 1.000000

Iteration 55:
fx = 148744.140625, xnorm = 31.843916, gnorm = 2298.475098, step = 1.000000

Iteration 56:
fx = 148642.062500, xnorm = 31.885235, gnorm = 803.479614, step = 1.000000

Iteration 57:
fx = 148607.390625, xnorm = 31.870354, gnorm = 778.089417, step = 1.000000

Iteration 58:
fx = 148557.781250, xnorm = 31.787539, gnorm = 857.326965, step = 1.000000

Iteration 59:
fx = 148526.281250, xnorm = 31.684719, gnorm = 1215.975220, step = 0.435351

Iteration 60:
fx = 148471.000000, xnorm = 31.540365, gnorm = 745.194885, step = 1.000000

Iteration 61:
fx = 148423.968750, xnorm = 31.402908, gnorm = 654.921570, step = 1.000000

Iteration 62:
fx = 148380.546875, xnorm = 31.151979, gnorm = 1414.655640, step = 1.000000

Iteration 63:
fx = 148329.062500, xnorm = 31.084871, gnorm = 737.253235, step = 1.000000

Iteration 64:
fx = 148303.968750, xnorm = 31.072895, gnorm = 596.352356, step = 1.000000

Iteration 65:
fx = 148266.812500, xnorm = 31.005386, gnorm = 608.427368, step = 1.000000

Iteration 66:
fx = 148265.328125, xnorm = 30.890631, gnorm = 1378.434082, step = 1.000000

Iteration 67:
fx = 148228.468750, xnorm = 30.878546, gnorm = 453.362488, step = 1.000000

Iteration 68:
fx = 148215.328125, xnorm = 30.846390, gnorm = 381.003479, step = 1.000000

Iteration 69:
fx = 148195.609375, xnorm = 30.761772, gnorm = 473.419159, step = 1.000000

Iteration 70:
fx = 148176.875000, xnorm = 30.638882, gnorm = 817.010376, step = 1.000000

Iteration 71:
fx = 148155.781250, xnorm = 30.547239, gnorm = 383.294647, step = 1.000000

Iteration 72:
fx = 148149.265625, xnorm = 30.524261, gnorm = 306.598969, step = 1.000000

Iteration 73:
fx = 148141.390625, xnorm = 30.491671, gnorm = 336.897827, step = 1.000000

Iteration 74:
fx = 148140.218750, xnorm = 30.478615, gnorm = 335.457397, step = 0.191125

Iteration 75:
fx = 148135.250000, xnorm = 30.423412, gnorm = 404.927216, step = 1.000000

Iteration 76:
fx = 148129.234375, xnorm = 30.358789, gnorm = 494.134125, step = 1.000000

Iteration 77:
fx = 148127.015625, xnorm = 30.337358, gnorm = 299.007172, step = 0.229987

Iteration 78:
fx = 148125.968750, xnorm = 30.300020, gnorm = 193.891953, step = 1.000000

Iteration 79:
fx = 148124.609375, xnorm = 30.284571, gnorm = 257.215271, step = 1.000000

Iteration 80:
fx = 148120.703125, xnorm = 30.262842, gnorm = 233.288712, step = 1.000000

Iteration 81:
fx = 148117.093750, xnorm = 30.252693, gnorm = 275.113953, step = 1.000000

Iteration 82:
fx = 148109.031250, xnorm = 30.242311, gnorm = 238.179001, step = 1.000000

Iteration 83:
fx = 148105.609375, xnorm = 30.228621, gnorm = 292.537354, step = 1.000000

Iteration 84:
fx = 148102.109375, xnorm = 30.222237, gnorm = 182.216812, step = 1.000000

Iteration 85:
fx = 148099.234375, xnorm = 30.212727, gnorm = 162.335754, step = 1.000000

Iteration 86:
fx = 148097.687500, xnorm = 30.196247, gnorm = 217.259598, step = 1.000000

Iteration 87:
fx = 148097.000000, xnorm = 30.189100, gnorm = 155.627029, step = 0.310989

Iteration 88:
fx = 148095.265625, xnorm = 30.173344, gnorm = 128.928680, step = 1.000000

Iteration 89:
fx = 148095.265625, xnorm = 30.161558, gnorm = 182.043808, step = 1.000000

Iteration 90:
fx = 148093.734375, xnorm = 30.147800, gnorm = 138.783096, step = 1.000000

Iteration 91:
fx = 148092.000000, xnorm = 30.144775, gnorm = 126.074486, step = 1.000000

Iteration 92:
fx = 148091.500000, xnorm = 30.143150, gnorm = 111.829659, step = 1.000000

Iteration 93:
fx = 148090.296875, xnorm = 30.139366, gnorm = 137.272964, step = 1.000000

Iteration 94:
fx = 148089.390625, xnorm = 30.133198, gnorm = 102.088295, step = 1.000000

Iteration 95:
fx = 148088.781250, xnorm = 30.121367, gnorm = 128.671738, step = 1.000000

Iteration 96:
fx = 148087.750000, xnorm = 30.112049, gnorm = 115.889542, step = 1.000000

Iteration 97:
fx = 148086.937500, xnorm = 30.109678, gnorm = 71.183784, step = 1.000000

Iteration 98:
fx = 148086.531250, xnorm = 30.106199, gnorm = 58.643257, step = 1.000000

Iteration 99:
fx = 148085.875000, xnorm = 30.101034, gnorm = 105.253181, step = 1.000000

Iteration 100:
fx = 148085.171875, xnorm = 30.094713, gnorm = 81.977264, step = 1.000000

Iteration 101:
fx = 148084.500000, xnorm = 30.086529, gnorm = 108.120277, step = 1.000000

Iteration 102:
fx = 148084.062500, xnorm = 30.080494, gnorm = 87.258736, step = 1.000000

Iteration 103:
fx = 148083.718750, xnorm = 30.079723, gnorm = 61.824234, step = 1.000000

Iteration 104:
fx = 148083.609375, xnorm = 30.079462, gnorm = 54.034618, step = 0.279708

Iteration 105:
fx = 148083.000000, xnorm = 30.073410, gnorm = 138.479706, step = 1.000000

Iteration 106:
fx = 148083.000000, xnorm = 30.073483, gnorm = 120.537689, step = 0.141125

Iteration 107:
fx = 148082.953125, xnorm = 30.073517, gnorm = 104.680367, step = 0.141502

L-BFGS optimization terminated with status code = -1001
fx = 148082.953125
[0;32mINFO[0;0m 2021-05-22 19:56:12,339 plmdca get_fields_and_couplings_from_backend 
	Data size expected from plmDCA backend: 182105
[0;32mINFO[0;0m 2021-05-22 19:56:12,340 plmdca get_fields_and_couplings_from_backend 
	Data size obtained from plmDCA backend to Python: 182105
[0;32mINFO[0;0m 2021-05-22 19:56:12,492 plmdca compute_sorted_FN 
	Computing non-APC sorted DCA score
[0;32mINFO[0;0m 2021-05-22 19:56:13,154 plmdca compute_sorted_FN_APC 
	Performing average product correction (APC) of FN  of DCA scores
[0;32mINFO[0;0m 2021-05-22 19:56:13,237 dca_utilities write_sorted_dca_scores 
	Writing DCA scores to file PLMDCA_output_4v88_A3/PLMDCA_apc_fn_scores_4v88_A3.txt
