[0;32mINFO[0;0m 2021-05-22 18:49:06,378 fasta_reader get_alignment_int_form 
	Total number of sequences read from file: 4
[0;32mINFO[0;0m 2021-05-22 18:49:06,378 meanfield_dca compute_sequences_weight 
	Computing sequences weights
[0;32mINFO[0;0m 2021-05-22 18:49:07,228 meanfield_dca __init__ 
	Created a MeanFieldDCA object with the following attributes
        	biomolecule: RNA
        	total states at sites: 5
        	pseudocount: 0.5
        	sequence identity: 0.8
        	alignment length: 61
        	total number of unique sequences (excluding redundant sequences with 100 percent similarity): 4
        	effective number of sequences (with sequence identity 0.8): 3.0
        
[0;32mINFO[0;0m 2021-05-22 18:49:07,229 meanfield_dca get_single_site_freqs 
	Computing single site frequencies
[0;32mINFO[0;0m 2021-05-22 18:49:07,585 meanfield_dca get_reg_single_site_freqs 
	Regularizing single site frequencies
[0;32mINFO[0;0m 2021-05-22 18:49:07,707 meanfield_dca get_pair_site_freqs 
	Computing pair site frequencies
[0;32mINFO[0;0m 2021-05-22 18:49:10,853 meanfield_dca get_reg_pair_site_freqs 
	Regularizing pair site frequencies
[0;32mINFO[0;0m 2021-05-22 18:49:11,054 meanfield_dca construct_corr_mat 
	Constructing the correlation matrix
[0;32mINFO[0;0m 2021-05-22 18:49:11,371 meanfield_dca compute_couplings 
	Computing couplings
[0;32mINFO[0;0m 2021-05-22 18:49:11,888 meanfield_dca compute_couplings 
	Maximum and minimum couplings: 2.8431653872506883, -20.00000000000001
[0;32mINFO[0;0m 2021-05-22 18:49:11,889 meanfield_dca compute_sorted_FN 
	Computing Frobenius norm of couplings
[0;32mINFO[0;0m 2021-05-22 18:49:12,036 meanfield_dca compute_sorted_FN_APC 
	Performing average product correction (APC) to Frobenius norm of couplings.
[0;32mINFO[0;0m 2021-05-22 18:49:12,043 dca_utilities write_sorted_dca_scores 
	Writing DCA scores to file MFDCA_output_5ddo_A/MFDCA_apc_fn_scores_5ddo_A.txt
[0;32mINFO[0;0m 2021-05-22 18:49:12,047 mfdca_main run_meanfield_dca 
	DONE
