[0;32mINFO[0;0m 2021-09-18 14:49:08,738 fasta_reader get_alignment_int_form 
	Total number of sequences read from file: 3
[0;32mINFO[0;0m 2021-09-18 14:49:08,738 meanfield_dca compute_sequences_weight 
	Computing sequences weights
[0;32mINFO[0;0m 2021-09-18 14:49:09,608 meanfield_dca __init__ 
	Created a MeanFieldDCA object with the following attributes
        	biomolecule: RNA
        	total states at sites: 5
        	pseudocount: 0.5
        	sequence identity: 0.8
        	alignment length: 70
        	total number of unique sequences (excluding redundant sequences with 100 percent similarity): 2
        	effective number of sequences (with sequence identity 0.8): 1.0
        
[0;32mINFO[0;0m 2021-09-18 14:49:09,610 meanfield_dca get_single_site_freqs 
	Computing single site frequencies
[0;32mINFO[0;0m 2021-09-18 14:49:09,971 meanfield_dca get_reg_single_site_freqs 
	Regularizing single site frequencies
[0;32mINFO[0;0m 2021-09-18 14:49:10,093 meanfield_dca get_pair_site_freqs 
	Computing pair site frequencies
[0;32mINFO[0;0m 2021-09-18 14:49:13,256 meanfield_dca get_reg_pair_site_freqs 
	Regularizing pair site frequencies
[0;32mINFO[0;0m 2021-09-18 14:49:13,455 meanfield_dca construct_corr_mat 
	Constructing the correlation matrix
[0;32mINFO[0;0m 2021-09-18 14:49:13,773 meanfield_dca compute_couplings 
	Computing couplings
[0;32mINFO[0;0m 2021-09-18 14:49:14,321 meanfield_dca compute_couplings 
	Maximum and minimum couplings: 0.17889087656533098, -20.000000000000018
[0;32mINFO[0;0m 2021-09-18 14:49:14,321 meanfield_dca compute_sorted_FN 
	Computing Frobenius norm of couplings
[0;32mINFO[0;0m 2021-09-18 14:49:14,495 meanfield_dca compute_sorted_FN_APC 
	Performing average product correction (APC) to Frobenius norm of couplings.
[0;32mINFO[0;0m 2021-09-18 14:49:14,507 dca_utilities write_sorted_dca_scores 
	Writing DCA scores to file MFDCA_output_PKB352/MFDCA_apc_fn_scores_PKB352.txt
[0;32mINFO[0;0m 2021-09-18 14:49:14,513 mfdca_main run_meanfield_dca 
	DONE
