[0;32mINFO[0;0m 2021-08-03 01:15:02,384 fasta_reader get_alignment_int_form 
	Found 110 non-standard residues in 12 sequences
[0;32mINFO[0;0m 2021-08-03 01:15:02,384 fasta_reader get_alignment_int_form 
	Total number of sequences read from file: 13
[0;32mINFO[0;0m 2021-08-03 01:15:02,384 meanfield_dca compute_sequences_weight 
	Computing sequences weights
[0;32mINFO[0;0m 2021-08-03 01:15:03,797 meanfield_dca __init__ 
	Created a MeanFieldDCA object with the following attributes
        	biomolecule: RNA
        	total states at sites: 5
        	pseudocount: 0.5
        	sequence identity: 0.8
        	alignment length: 78
        	total number of unique sequences (excluding redundant sequences with 100 percent similarity): 13
        	effective number of sequences (with sequence identity 0.8): 2.0
        
[0;32mINFO[0;0m 2021-08-03 01:15:03,798 meanfield_dca get_single_site_freqs 
	Computing single site frequencies
[0;32mINFO[0;0m 2021-08-03 01:15:04,490 meanfield_dca get_reg_single_site_freqs 
	Regularizing single site frequencies
[0;32mINFO[0;0m 2021-08-03 01:15:04,726 meanfield_dca get_pair_site_freqs 
	Computing pair site frequencies
[0;32mINFO[0;0m 2021-08-03 01:15:10,726 meanfield_dca get_reg_pair_site_freqs 
	Regularizing pair site frequencies
[0;32mINFO[0;0m 2021-08-03 01:15:11,068 meanfield_dca construct_corr_mat 
	Constructing the correlation matrix
[0;32mINFO[0;0m 2021-08-03 01:15:11,564 meanfield_dca compute_couplings 
	Computing couplings
[0;32mINFO[0;0m 2021-08-03 01:15:13,957 meanfield_dca compute_couplings 
	Maximum and minimum couplings: 1.9391411218636114, -20.00000000000001
[0;32mINFO[0;0m 2021-08-03 01:15:13,957 meanfield_dca compute_sorted_FN 
	Computing Frobenius norm of couplings
[0;32mINFO[0;0m 2021-08-03 01:15:14,265 meanfield_dca compute_sorted_FN_APC 
	Performing average product correction (APC) to Frobenius norm of couplings.
[0;32mINFO[0;0m 2021-08-03 01:15:14,301 dca_utilities write_sorted_dca_scores 
	Writing DCA scores to file MFDCA_output_2zue_B/MFDCA_apc_fn_scores_2zue_B.txt
[0;32mINFO[0;0m 2021-08-03 01:15:14,317 mfdca_main run_meanfield_dca 
	DONE
