[0;32mINFO[0;0m 2021-05-22 18:59:54,483 fasta_reader get_alignment_int_form 
	Found 3 non-standard residues in 2 sequences
[0;32mINFO[0;0m 2021-05-22 18:59:54,483 fasta_reader get_alignment_int_form 
	Total number of sequences read from file: 311
[0;32mINFO[0;0m 2021-05-22 18:59:54,483 meanfield_dca compute_sequences_weight 
	Computing sequences weights
[0;32mINFO[0;0m 2021-05-22 18:59:55,330 meanfield_dca __init__ 
	Created a MeanFieldDCA object with the following attributes
        	biomolecule: RNA
        	total states at sites: 5
        	pseudocount: 0.5
        	sequence identity: 0.8
        	alignment length: 126
        	total number of unique sequences (excluding redundant sequences with 100 percent similarity): 311
        	effective number of sequences (with sequence identity 0.8): 168.97812016414957
        
[0;32mINFO[0;0m 2021-05-22 18:59:55,330 meanfield_dca get_single_site_freqs 
	Computing single site frequencies
[0;32mINFO[0;0m 2021-05-22 18:59:55,690 meanfield_dca get_reg_single_site_freqs 
	Regularizing single site frequencies
[0;32mINFO[0;0m 2021-05-22 18:59:55,812 meanfield_dca get_pair_site_freqs 
	Computing pair site frequencies
[0;32mINFO[0;0m 2021-05-22 18:59:59,006 meanfield_dca get_reg_pair_site_freqs 
	Regularizing pair site frequencies
[0;32mINFO[0;0m 2021-05-22 18:59:59,208 meanfield_dca construct_corr_mat 
	Constructing the correlation matrix
[0;32mINFO[0;0m 2021-05-22 18:59:59,530 meanfield_dca compute_couplings 
	Computing couplings
[0;32mINFO[0;0m 2021-05-22 19:00:00,439 meanfield_dca compute_couplings 
	Maximum and minimum couplings: 3.1409608333934056, -20.000000000000032
[0;32mINFO[0;0m 2021-05-22 19:00:00,439 meanfield_dca compute_sorted_FN 
	Computing Frobenius norm of couplings
[0;32mINFO[0;0m 2021-05-22 19:00:00,811 meanfield_dca compute_sorted_FN_APC 
	Performing average product correction (APC) to Frobenius norm of couplings.
[0;32mINFO[0;0m 2021-05-22 19:00:00,938 dca_utilities write_sorted_dca_scores 
	Writing DCA scores to file MFDCA_output_4meh_B/MFDCA_apc_fn_scores_4meh_B.txt
[0;32mINFO[0;0m 2021-05-22 19:00:00,957 mfdca_main run_meanfield_dca 
	DONE
