[0;32mINFO[0;0m 2021-06-10 13:40:43,955 fasta_reader get_alignment_int_form 
	Total number of sequences read from file: 12
[0;32mINFO[0;0m 2021-06-10 13:40:43,955 meanfield_dca compute_sequences_weight 
	Computing sequences weights
[0;32mINFO[0;0m 2021-06-10 13:40:45,650 meanfield_dca __init__ 
	Created a MeanFieldDCA object with the following attributes
        	biomolecule: RNA
        	total states at sites: 5
        	pseudocount: 0.5
        	sequence identity: 0.8
        	alignment length: 37
        	total number of unique sequences (excluding redundant sequences with 100 percent similarity): 11
        	effective number of sequences (with sequence identity 0.8): 4.402380952380952
        
[0;32mINFO[0;0m 2021-06-10 13:40:45,651 meanfield_dca get_single_site_freqs 
	Computing single site frequencies
[0;32mINFO[0;0m 2021-06-10 13:40:46,413 meanfield_dca get_reg_single_site_freqs 
	Regularizing single site frequencies
[0;32mINFO[0;0m 2021-06-10 13:40:46,680 meanfield_dca get_pair_site_freqs 
	Computing pair site frequencies
[0;32mINFO[0;0m 2021-06-10 13:40:53,720 meanfield_dca get_reg_pair_site_freqs 
	Regularizing pair site frequencies
[0;32mINFO[0;0m 2021-06-10 13:40:54,174 meanfield_dca construct_corr_mat 
	Constructing the correlation matrix
[0;32mINFO[0;0m 2021-06-10 13:40:54,846 meanfield_dca compute_couplings 
	Computing couplings
[0;32mINFO[0;0m 2021-06-10 13:40:56,156 meanfield_dca compute_couplings 
	Maximum and minimum couplings: 3.1290696346128675, -20.00000000000002
[0;32mINFO[0;0m 2021-06-10 13:40:56,157 meanfield_dca compute_sorted_FN 
	Computing Frobenius norm of couplings
[0;32mINFO[0;0m 2021-06-10 13:40:56,273 meanfield_dca compute_sorted_FN_APC 
	Performing average product correction (APC) to Frobenius norm of couplings.
[0;32mINFO[0;0m 2021-06-10 13:40:56,280 dca_utilities write_sorted_dca_scores 
	Writing DCA scores to file MFDCA_output_PKB277/MFDCA_apc_fn_scores_PKB277.txt
[0;32mINFO[0;0m 2021-06-10 13:40:56,284 mfdca_main run_meanfield_dca 
	DONE
