[0;32mINFO[0;0m 2021-05-22 19:45:35,516 plmdca __init__ Created plmDCA instance with:
            biomolecule: RNA
            MSA sequence length: 141
            total number of (unweighted) sequences: 540
            sequence identity: 0.8
            lambda_h: 28.0
            lambda_J: 28.0
            gradient decent iterations: 500
            number of threads: 40
        
[0;32mINFO[0;0m 2021-05-22 19:45:35,516 plmdca get_fields_and_couplings_from_backend 
	Computing fields and couplings using gradient decent
Iteration 1:
fx = 75755.593750, xnorm = 37.873051, gnorm = 4877.873535, step = 0.000232

Iteration 2:
fx = 72484.851562, xnorm = 37.085953, gnorm = 5767.749512, step = 1.000000

Iteration 3:
fx = 62109.003906, xnorm = 33.849850, gnorm = 8450.066406, step = 1.000000

Iteration 4:
fx = 48565.582031, xnorm = 29.742285, gnorm = 6126.549316, step = 1.000000

Iteration 5:
fx = 43083.824219, xnorm = 28.675112, gnorm = 3757.602051, step = 1.000000

Iteration 6:
fx = 39683.800781, xnorm = 27.934690, gnorm = 2567.610596, step = 1.000000

Iteration 7:
fx = 35242.460938, xnorm = 26.417061, gnorm = 2335.415039, step = 1.000000

Iteration 8:
fx = 32221.576172, xnorm = 24.959120, gnorm = 3461.743408, step = 1.000000

Iteration 9:
fx = 28653.558594, xnorm = 23.044868, gnorm = 2939.224121, step = 1.000000

Iteration 10:
fx = 25590.337891, xnorm = 20.458237, gnorm = 2748.448730, step = 1.000000

Iteration 11:
fx = 24123.330078, xnorm = 19.068993, gnorm = 2290.690186, step = 1.000000

Iteration 12:
fx = 23227.824219, xnorm = 19.137533, gnorm = 1393.305786, step = 1.000000

Iteration 13:
fx = 22794.832031, xnorm = 18.999138, gnorm = 1061.978638, step = 1.000000

Iteration 14:
fx = 22229.121094, xnorm = 18.237391, gnorm = 1295.677002, step = 1.000000

Iteration 15:
fx = 21692.794922, xnorm = 16.905121, gnorm = 1683.661377, step = 1.000000

Iteration 16:
fx = 21262.060547, xnorm = 16.379187, gnorm = 1272.949463, step = 1.000000

Iteration 17:
fx = 21016.050781, xnorm = 16.270107, gnorm = 561.483459, step = 1.000000

Iteration 18:
fx = 20909.027344, xnorm = 15.990734, gnorm = 468.289001, step = 1.000000

Iteration 19:
fx = 20826.822266, xnorm = 15.756851, gnorm = 531.716614, step = 1.000000

Iteration 20:
fx = 20750.570312, xnorm = 15.550304, gnorm = 517.132751, step = 1.000000

Iteration 21:
fx = 20697.687500, xnorm = 15.519226, gnorm = 381.022614, step = 1.000000

Iteration 22:
fx = 20639.716797, xnorm = 15.491760, gnorm = 371.478943, step = 1.000000

Iteration 23:
fx = 20615.652344, xnorm = 15.404686, gnorm = 612.653381, step = 1.000000

Iteration 24:
fx = 20574.324219, xnorm = 15.346992, gnorm = 229.926727, step = 1.000000

Iteration 25:
fx = 20561.470703, xnorm = 15.307847, gnorm = 197.196793, step = 1.000000

Iteration 26:
fx = 20547.058594, xnorm = 15.251061, gnorm = 203.373749, step = 1.000000

Iteration 27:
fx = 20541.265625, xnorm = 15.177238, gnorm = 470.923737, step = 1.000000

Iteration 28:
fx = 20519.878906, xnorm = 15.159787, gnorm = 166.213593, step = 1.000000

Iteration 29:
fx = 20513.904297, xnorm = 15.164962, gnorm = 131.216705, step = 1.000000

Iteration 30:
fx = 20507.328125, xnorm = 15.166234, gnorm = 151.097580, step = 1.000000

Iteration 31:
fx = 20498.777344, xnorm = 15.173615, gnorm = 205.857239, step = 1.000000

Iteration 32:
fx = 20494.058594, xnorm = 15.177312, gnorm = 243.634323, step = 1.000000

Iteration 33:
fx = 20489.902344, xnorm = 15.178716, gnorm = 81.443710, step = 1.000000

Iteration 34:
fx = 20488.880859, xnorm = 15.182259, gnorm = 62.917698, step = 1.000000

Iteration 35:
fx = 20487.394531, xnorm = 15.191315, gnorm = 72.584763, step = 1.000000

Iteration 36:
fx = 20486.324219, xnorm = 15.208266, gnorm = 104.172028, step = 1.000000

Iteration 37:
fx = 20485.333984, xnorm = 15.227779, gnorm = 71.837502, step = 1.000000

Iteration 38:
fx = 20484.626953, xnorm = 15.229411, gnorm = 39.317616, step = 1.000000

Iteration 39:
fx = 20484.291016, xnorm = 15.237398, gnorm = 33.316193, step = 1.000000

Iteration 40:
fx = 20484.263672, xnorm = 15.240116, gnorm = 30.671961, step = 0.219920

Iteration 41:
fx = 20484.207031, xnorm = 15.246292, gnorm = 30.765066, step = 0.200538

L-BFGS optimization terminated with status code = -1001
fx = 20484.199219
[0;32mINFO[0;0m 2021-05-22 19:45:37,579 plmdca get_fields_and_couplings_from_backend 
	Data size expected from plmDCA backend: 247455
[0;32mINFO[0;0m 2021-05-22 19:45:37,579 plmdca get_fields_and_couplings_from_backend 
	Data size obtained from plmDCA backend to Python: 247455
[0;32mINFO[0;0m 2021-05-22 19:45:37,933 plmdca compute_sorted_FN 
	Computing non-APC sorted DCA score
[0;32mINFO[0;0m 2021-05-22 19:45:38,719 plmdca compute_sorted_FN_APC 
	Performing average product correction (APC) of FN  of DCA scores
[0;32mINFO[0;0m 2021-05-22 19:45:38,963 dca_utilities write_sorted_dca_scores 
	Writing DCA scores to file PLMDCA_output_3g8t_P/PLMDCA_apc_fn_scores_3g8t_P.txt
