[0;32mINFO[0;0m 2021-08-19 11:37:47,123 plmdca __init__ Created plmDCA instance with:
            biomolecule: RNA
            MSA sequence length: 107
            total number of (unweighted) sequences: 1580
            sequence identity: 0.8
            lambda_h: 21.200000000000003
            lambda_J: 21.200000000000003
            gradient decent iterations: 500
            number of threads: 40
        
[0;32mINFO[0;0m 2021-08-19 11:37:47,123 plmdca get_fields_and_couplings_from_backend 
	Computing fields and couplings using gradient decent
Iteration 1:
fx = 71173.742188, xnorm = 38.573895, gnorm = 8027.627930, step = 0.000210

Iteration 2:
fx = 68550.031250, xnorm = 38.502087, gnorm = 3756.162354, step = 1.000000

Iteration 3:
fx = 66762.460938, xnorm = 38.182980, gnorm = 3237.710693, step = 1.000000

Iteration 4:
fx = 62528.277344, xnorm = 36.953335, gnorm = 5154.230469, step = 1.000000

Iteration 5:
fx = 55126.394531, xnorm = 34.474522, gnorm = 5376.110352, step = 1.000000

Iteration 6:
fx = 50431.789062, xnorm = 31.783888, gnorm = 6780.955566, step = 1.000000

Iteration 7:
fx = 46584.789062, xnorm = 30.951242, gnorm = 4307.664551, step = 1.000000

Iteration 8:
fx = 44510.832031, xnorm = 30.608770, gnorm = 3464.533691, step = 1.000000

Iteration 9:
fx = 41862.152344, xnorm = 29.488411, gnorm = 4548.142090, step = 1.000000

Iteration 10:
fx = 39828.847656, xnorm = 29.259134, gnorm = 2238.190430, step = 1.000000

Iteration 11:
fx = 38608.707031, xnorm = 28.655392, gnorm = 2264.013428, step = 1.000000

Iteration 12:
fx = 35891.574219, xnorm = 26.208015, gnorm = 4875.395996, step = 1.000000

Iteration 13:
fx = 33064.507812, xnorm = 24.491177, gnorm = 3694.974121, step = 1.000000

Iteration 14:
fx = 30769.896484, xnorm = 23.762648, gnorm = 2265.547852, step = 1.000000

Iteration 15:
fx = 29310.814453, xnorm = 22.752197, gnorm = 2759.906494, step = 1.000000

Iteration 16:
fx = 28684.687500, xnorm = 22.341515, gnorm = 2326.724121, step = 1.000000

Iteration 17:
fx = 28150.548828, xnorm = 22.247238, gnorm = 1545.872192, step = 1.000000

Iteration 18:
fx = 27314.367188, xnorm = 21.609894, gnorm = 1873.856323, step = 1.000000

Iteration 19:
fx = 26674.826172, xnorm = 20.976627, gnorm = 1715.352173, step = 1.000000

Iteration 20:
fx = 26280.384766, xnorm = 19.936565, gnorm = 2752.771240, step = 1.000000

Iteration 21:
fx = 25597.513672, xnorm = 19.750244, gnorm = 1603.866577, step = 1.000000

Iteration 22:
fx = 25262.818359, xnorm = 19.476046, gnorm = 1017.655945, step = 1.000000

Iteration 23:
fx = 24846.888672, xnorm = 18.654133, gnorm = 1108.612183, step = 1.000000

Iteration 24:
fx = 24637.982422, xnorm = 18.263557, gnorm = 1028.944946, step = 1.000000

Iteration 25:
fx = 24456.251953, xnorm = 17.704441, gnorm = 893.035828, step = 1.000000

Iteration 26:
fx = 24370.568359, xnorm = 17.698740, gnorm = 539.279358, step = 1.000000

Iteration 27:
fx = 24309.275391, xnorm = 17.632788, gnorm = 550.168030, step = 1.000000

Iteration 28:
fx = 24219.507812, xnorm = 17.444218, gnorm = 634.458984, step = 1.000000

Iteration 29:
fx = 24176.291016, xnorm = 17.319191, gnorm = 720.636597, step = 0.354826

Iteration 30:
fx = 24096.736328, xnorm = 17.040607, gnorm = 441.615631, step = 1.000000

Iteration 31:
fx = 24068.679688, xnorm = 16.862602, gnorm = 570.496582, step = 1.000000

Iteration 32:
fx = 24034.945312, xnorm = 16.801155, gnorm = 322.310822, step = 1.000000

Iteration 33:
fx = 24008.556641, xnorm = 16.726658, gnorm = 260.793549, step = 1.000000

Iteration 34:
fx = 23990.406250, xnorm = 16.627552, gnorm = 301.780121, step = 1.000000

Iteration 35:
fx = 23979.935547, xnorm = 16.478277, gnorm = 401.591858, step = 1.000000

Iteration 36:
fx = 23967.048828, xnorm = 16.491083, gnorm = 170.792587, step = 1.000000

Iteration 37:
fx = 23960.316406, xnorm = 16.465385, gnorm = 144.709671, step = 1.000000

Iteration 38:
fx = 23953.958984, xnorm = 16.414213, gnorm = 155.359055, step = 1.000000

Iteration 39:
fx = 23949.107422, xnorm = 16.287693, gnorm = 387.143066, step = 1.000000

Iteration 40:
fx = 23939.253906, xnorm = 16.261513, gnorm = 127.315910, step = 1.000000

Iteration 41:
fx = 23936.613281, xnorm = 16.250326, gnorm = 93.265938, step = 1.000000

Iteration 42:
fx = 23934.033203, xnorm = 16.224836, gnorm = 90.673630, step = 1.000000

Iteration 43:
fx = 23930.546875, xnorm = 16.191620, gnorm = 117.889320, step = 1.000000

Iteration 44:
fx = 23929.503906, xnorm = 16.136553, gnorm = 206.947632, step = 1.000000

Iteration 45:
fx = 23927.048828, xnorm = 16.154015, gnorm = 58.768314, step = 1.000000

Iteration 46:
fx = 23926.587891, xnorm = 16.155321, gnorm = 47.066143, step = 1.000000

Iteration 47:
fx = 23925.769531, xnorm = 16.148191, gnorm = 52.530117, step = 1.000000

Iteration 48:
fx = 23925.333984, xnorm = 16.130569, gnorm = 131.601059, step = 1.000000

Iteration 49:
fx = 23924.621094, xnorm = 16.128965, gnorm = 49.228065, step = 1.000000

Iteration 50:
fx = 23924.332031, xnorm = 16.124741, gnorm = 33.133648, step = 1.000000

Iteration 51:
fx = 23924.134766, xnorm = 16.118246, gnorm = 38.829762, step = 1.000000

Iteration 52:
fx = 23923.808594, xnorm = 16.111666, gnorm = 36.862434, step = 1.000000

Iteration 53:
fx = 23923.541016, xnorm = 16.107710, gnorm = 54.799969, step = 0.518076

Iteration 54:
fx = 23923.375000, xnorm = 16.104868, gnorm = 23.399471, step = 1.000000

Iteration 55:
fx = 23923.271484, xnorm = 16.105932, gnorm = 19.244085, step = 1.000000

Iteration 56:
fx = 23923.259766, xnorm = 16.106552, gnorm = 17.244801, step = 0.216164

Iteration 57:
fx = 23923.251953, xnorm = 16.108126, gnorm = 17.059275, step = 0.287265

Iteration 58:
fx = 23923.224609, xnorm = 16.108900, gnorm = 14.699203, step = 0.138465

Iteration 59:
fx = 23923.222656, xnorm = 16.109900, gnorm = 12.969787, step = 0.184999

L-BFGS optimization terminated with status code = -1001
fx = 23923.218750
[0;32mINFO[0;0m 2021-08-19 11:37:48,616 plmdca get_fields_and_couplings_from_backend 
	Data size expected from plmDCA backend: 142310
[0;32mINFO[0;0m 2021-08-19 11:37:48,616 plmdca get_fields_and_couplings_from_backend 
	Data size obtained from plmDCA backend to Python: 142310
[0;32mINFO[0;0m 2021-08-19 11:37:48,705 plmdca compute_sorted_FN 
	Computing non-APC sorted DCA score
[0;32mINFO[0;0m 2021-08-19 11:37:48,934 plmdca compute_sorted_FN_APC 
	Performing average product correction (APC) of FN  of DCA scores
[0;32mINFO[0;0m 2021-08-19 11:37:48,992 dca_utilities write_sorted_dca_scores 
	Writing DCA scores to file PLMDCA_output_4wfl_A/PLMDCA_apc_fn_scores_4wfl_A.txt
