[0;32mINFO[0;0m 2021-08-03 01:02:22,634 fasta_reader get_alignment_int_form 
	Found 72 non-standard residues in 5 sequences
[0;32mINFO[0;0m 2021-08-03 01:02:22,635 fasta_reader get_alignment_int_form 
	Total number of sequences read from file: 6
[0;32mINFO[0;0m 2021-08-03 01:02:22,635 meanfield_dca compute_sequences_weight 
	Computing sequences weights
[0;32mINFO[0;0m 2021-08-03 01:02:24,028 meanfield_dca __init__ 
	Created a MeanFieldDCA object with the following attributes
        	biomolecule: RNA
        	total states at sites: 5
        	pseudocount: 0.5
        	sequence identity: 0.8
        	alignment length: 74
        	total number of unique sequences (excluding redundant sequences with 100 percent similarity): 6
        	effective number of sequences (with sequence identity 0.8): 1.9999999999999998
        
[0;32mINFO[0;0m 2021-08-03 01:02:24,029 meanfield_dca get_single_site_freqs 
	Computing single site frequencies
[0;32mINFO[0;0m 2021-08-03 01:02:24,671 meanfield_dca get_reg_single_site_freqs 
	Regularizing single site frequencies
[0;32mINFO[0;0m 2021-08-03 01:02:24,864 meanfield_dca get_pair_site_freqs 
	Computing pair site frequencies
[0;32mINFO[0;0m 2021-08-03 01:02:30,808 meanfield_dca get_reg_pair_site_freqs 
	Regularizing pair site frequencies
[0;32mINFO[0;0m 2021-08-03 01:02:31,128 meanfield_dca construct_corr_mat 
	Constructing the correlation matrix
[0;32mINFO[0;0m 2021-08-03 01:02:31,688 meanfield_dca compute_couplings 
	Computing couplings
[0;32mINFO[0;0m 2021-08-03 01:02:33,252 meanfield_dca compute_couplings 
	Maximum and minimum couplings: 2.839586662114012, -20.00000000000001
[0;32mINFO[0;0m 2021-08-03 01:02:33,253 meanfield_dca compute_sorted_FN 
	Computing Frobenius norm of couplings
[0;32mINFO[0;0m 2021-08-03 01:02:33,454 meanfield_dca compute_sorted_FN_APC 
	Performing average product correction (APC) to Frobenius norm of couplings.
[0;32mINFO[0;0m 2021-08-03 01:02:33,477 dca_utilities write_sorted_dca_scores 
	Writing DCA scores to file MFDCA_output_4yvi_C/MFDCA_apc_fn_scores_4yvi_C.txt
[0;32mINFO[0;0m 2021-08-03 01:02:33,485 mfdca_main run_meanfield_dca 
	DONE
