[0;32mINFO[0;0m 2021-10-28 10:16:50,659 plmdca __init__ Created plmDCA instance with:
            biomolecule: RNA
            MSA sequence length: 128
            total number of (unweighted) sequences: 829
            sequence identity: 0.8
            lambda_h: 25.400000000000002
            lambda_J: 25.400000000000002
            gradient decent iterations: 500
            number of threads: 40
        
[0;32mINFO[0;0m 2021-10-28 10:16:50,659 plmdca get_fields_and_couplings_from_backend 
	Computing fields and couplings using gradient decent
Iteration 1:
fx = 65985.281250, xnorm = 37.672188, gnorm = 6046.832031, step = 0.000248

Iteration 2:
fx = 63827.343750, xnorm = 37.451668, gnorm = 3687.386230, step = 1.000000

Iteration 3:
fx = 59745.320312, xnorm = 36.259579, gnorm = 3771.182617, step = 1.000000

Iteration 4:
fx = 52249.035156, xnorm = 33.359947, gnorm = 4563.545410, step = 1.000000

Iteration 5:
fx = 42620.769531, xnorm = 27.686941, gnorm = 5533.459473, step = 1.000000

Iteration 6:
fx = 39024.519531, xnorm = 25.693958, gnorm = 5143.163086, step = 1.000000

Iteration 7:
fx = 35820.515625, xnorm = 25.252647, gnorm = 4045.400146, step = 1.000000

Iteration 8:
fx = 33192.023438, xnorm = 24.035864, gnorm = 5366.568359, step = 1.000000

Iteration 9:
fx = 29777.000000, xnorm = 23.842821, gnorm = 2015.843262, step = 1.000000

Iteration 10:
fx = 28381.304688, xnorm = 23.168598, gnorm = 2115.422607, step = 1.000000

Iteration 11:
fx = 25848.423828, xnorm = 21.699377, gnorm = 2365.621338, step = 1.000000

Iteration 12:
fx = 23973.146484, xnorm = 20.188993, gnorm = 3237.458008, step = 1.000000

Iteration 13:
fx = 21945.251953, xnorm = 19.453375, gnorm = 1608.911255, step = 1.000000

Iteration 14:
fx = 21212.199219, xnorm = 19.020504, gnorm = 1177.632324, step = 1.000000

Iteration 15:
fx = 20621.546875, xnorm = 18.371971, gnorm = 1333.187744, step = 1.000000

Iteration 16:
fx = 20260.724609, xnorm = 17.542067, gnorm = 1804.431519, step = 1.000000

Iteration 17:
fx = 19699.955078, xnorm = 17.336374, gnorm = 906.394775, step = 1.000000

Iteration 18:
fx = 19324.041016, xnorm = 16.745968, gnorm = 906.851501, step = 1.000000

Iteration 19:
fx = 19084.845703, xnorm = 16.039423, gnorm = 1272.534668, step = 1.000000

Iteration 20:
fx = 18828.449219, xnorm = 15.562457, gnorm = 706.163818, step = 1.000000

Iteration 21:
fx = 18720.109375, xnorm = 15.293280, gnorm = 551.012634, step = 1.000000

Iteration 22:
fx = 18648.867188, xnorm = 15.025938, gnorm = 561.441284, step = 1.000000

Iteration 23:
fx = 18595.228516, xnorm = 14.866303, gnorm = 477.605896, step = 1.000000

Iteration 24:
fx = 18549.832031, xnorm = 14.779298, gnorm = 400.309509, step = 1.000000

Iteration 25:
fx = 18492.707031, xnorm = 14.565958, gnorm = 456.288788, step = 1.000000

Iteration 26:
fx = 18484.056641, xnorm = 14.375336, gnorm = 725.136230, step = 1.000000

Iteration 27:
fx = 18437.425781, xnorm = 14.385798, gnorm = 290.707794, step = 1.000000

Iteration 28:
fx = 18421.707031, xnorm = 14.351136, gnorm = 201.378372, step = 1.000000

Iteration 29:
fx = 18409.603516, xnorm = 14.287661, gnorm = 211.572235, step = 1.000000

Iteration 30:
fx = 18403.517578, xnorm = 14.208425, gnorm = 389.343994, step = 1.000000

Iteration 31:
fx = 18390.175781, xnorm = 14.190041, gnorm = 152.294067, step = 1.000000

Iteration 32:
fx = 18386.353516, xnorm = 14.194149, gnorm = 123.597626, step = 1.000000

Iteration 33:
fx = 18381.195312, xnorm = 14.189209, gnorm = 137.660416, step = 1.000000

Iteration 34:
fx = 18378.804688, xnorm = 14.168900, gnorm = 276.769653, step = 1.000000

Iteration 35:
fx = 18372.949219, xnorm = 14.162860, gnorm = 107.742073, step = 1.000000

Iteration 36:
fx = 18371.017578, xnorm = 14.156509, gnorm = 78.237419, step = 1.000000

Iteration 37:
fx = 18369.111328, xnorm = 14.148353, gnorm = 80.782951, step = 1.000000

Iteration 38:
fx = 18366.982422, xnorm = 14.140057, gnorm = 79.594322, step = 1.000000

Iteration 39:
fx = 18366.320312, xnorm = 14.137627, gnorm = 61.080448, step = 0.300946

Iteration 40:
fx = 18365.630859, xnorm = 14.136140, gnorm = 44.761898, step = 1.000000

Iteration 41:
fx = 18364.972656, xnorm = 14.135555, gnorm = 44.794544, step = 1.000000

Iteration 42:
fx = 18364.708984, xnorm = 14.135451, gnorm = 46.428013, step = 0.288366

Iteration 43:
fx = 18364.173828, xnorm = 14.135939, gnorm = 38.252754, step = 1.000000

Iteration 44:
fx = 18363.667969, xnorm = 14.136054, gnorm = 72.505325, step = 1.000000

Iteration 45:
fx = 18363.335938, xnorm = 14.135997, gnorm = 23.834642, step = 1.000000

Iteration 46:
fx = 18363.238281, xnorm = 14.135697, gnorm = 20.951229, step = 1.000000

Iteration 47:
fx = 18363.058594, xnorm = 14.135144, gnorm = 24.328829, step = 1.000000

Iteration 48:
fx = 18362.937500, xnorm = 14.134562, gnorm = 26.852459, step = 0.447508

Iteration 49:
fx = 18362.718750, xnorm = 14.133926, gnorm = 14.776143, step = 1.000000

Iteration 50:
fx = 18362.570312, xnorm = 14.133385, gnorm = 14.679392, step = 1.000000

Iteration 51:
fx = 18362.365234, xnorm = 14.132586, gnorm = 19.731382, step = 1.000000

Iteration 52:
fx = 18362.187500, xnorm = 14.131770, gnorm = 14.801712, step = 1.000000

Iteration 53:
fx = 18362.062500, xnorm = 14.131319, gnorm = 10.725510, step = 1.000000

Iteration 54:
fx = 18362.031250, xnorm = 14.130849, gnorm = 11.658719, step = 1.000000

Iteration 55:
fx = 18362.011719, xnorm = 14.130391, gnorm = 8.903545, step = 1.000000

Iteration 56:
fx = 18361.935547, xnorm = 14.129423, gnorm = 8.857168, step = 1.000000

Iteration 57:
fx = 18361.931641, xnorm = 14.129270, gnorm = 7.732164, step = 0.122556

L-BFGS optimization terminated with status code = -1001
fx = 18361.931641
[0;32mINFO[0;0m 2021-10-28 10:16:51,908 plmdca get_fields_and_couplings_from_backend 
	Data size expected from plmDCA backend: 203840
[0;32mINFO[0;0m 2021-10-28 10:16:51,908 plmdca get_fields_and_couplings_from_backend 
	Data size obtained from plmDCA backend to Python: 203840
[0;32mINFO[0;0m 2021-10-28 10:16:52,036 plmdca compute_sorted_FN 
	Computing non-APC sorted DCA score
[0;32mINFO[0;0m 2021-10-28 10:16:52,467 plmdca compute_sorted_FN_APC 
	Performing average product correction (APC) of FN  of DCA scores
[0;32mINFO[0;0m 2021-10-28 10:16:52,565 dca_utilities write_sorted_dca_scores 
	Writing DCA scores to file PLMDCA_output_6n5q_A/PLMDCA_apc_fn_scores_6n5q_A.txt
