[0;32mINFO[0;0m 2021-10-28 10:19:42,852 plmdca __init__ Created plmDCA instance with:
            biomolecule: RNA
            MSA sequence length: 124
            total number of (unweighted) sequences: 14725
            sequence identity: 0.8
            lambda_h: 24.6
            lambda_J: 24.6
            gradient decent iterations: 500
            number of threads: 40
        
[0;32mINFO[0;0m 2021-10-28 10:19:42,852 plmdca get_fields_and_couplings_from_backend 
	Computing fields and couplings using gradient decent
Iteration 1:
fx = 95072.226562, xnorm = 37.088997, gnorm = 10547.833008, step = 0.000139

Iteration 2:
fx = 91456.015625, xnorm = 36.990570, gnorm = 5647.699707, step = 1.000000

Iteration 3:
fx = 87523.640625, xnorm = 36.590664, gnorm = 5004.593750, step = 1.000000

Iteration 4:
fx = 81648.718750, xnorm = 35.732742, gnorm = 5459.828125, step = 1.000000

Iteration 5:
fx = 75715.078125, xnorm = 34.008205, gnorm = 8244.073242, step = 1.000000

Iteration 6:
fx = 69444.750000, xnorm = 32.976574, gnorm = 6797.990723, step = 1.000000

Iteration 7:
fx = 65784.515625, xnorm = 32.511375, gnorm = 4713.280273, step = 1.000000

Iteration 8:
fx = 62477.308594, xnorm = 32.079308, gnorm = 3535.041748, step = 1.000000

Iteration 9:
fx = 58685.585938, xnorm = 31.511398, gnorm = 4671.874023, step = 1.000000

Iteration 10:
fx = 54461.929688, xnorm = 30.805279, gnorm = 4352.799316, step = 1.000000

Iteration 11:
fx = 50800.171875, xnorm = 29.755369, gnorm = 4315.884277, step = 1.000000

Iteration 12:
fx = 48589.464844, xnorm = 28.369406, gnorm = 4958.247070, step = 1.000000

Iteration 13:
fx = 46485.578125, xnorm = 27.950132, gnorm = 3112.953857, step = 1.000000

Iteration 14:
fx = 45495.296875, xnorm = 27.705265, gnorm = 2424.461182, step = 1.000000

Iteration 15:
fx = 43730.937500, xnorm = 26.529566, gnorm = 3214.887207, step = 1.000000

Iteration 16:
fx = 42324.386719, xnorm = 24.737280, gnorm = 4235.519043, step = 1.000000

Iteration 17:
fx = 40583.082031, xnorm = 23.974625, gnorm = 2971.850342, step = 1.000000

Iteration 18:
fx = 39743.625000, xnorm = 23.290949, gnorm = 3024.025635, step = 1.000000

Iteration 19:
fx = 39158.769531, xnorm = 23.077679, gnorm = 1793.816772, step = 1.000000

Iteration 20:
fx = 38670.355469, xnorm = 22.599165, gnorm = 1744.572998, step = 1.000000

Iteration 21:
fx = 38031.308594, xnorm = 21.973589, gnorm = 1976.890747, step = 1.000000

Iteration 22:
fx = 37545.671875, xnorm = 20.658304, gnorm = 3774.781006, step = 1.000000

Iteration 23:
fx = 36569.902344, xnorm = 20.333014, gnorm = 1809.355469, step = 1.000000

Iteration 24:
fx = 36203.863281, xnorm = 20.153141, gnorm = 1905.050171, step = 1.000000

Iteration 25:
fx = 35901.007812, xnorm = 19.986174, gnorm = 1544.318604, step = 1.000000

Iteration 26:
fx = 35563.593750, xnorm = 19.773687, gnorm = 1395.512085, step = 1.000000

Iteration 27:
fx = 35298.199219, xnorm = 19.544477, gnorm = 2018.240479, step = 1.000000

Iteration 28:
fx = 34990.578125, xnorm = 19.472145, gnorm = 1126.898926, step = 1.000000

Iteration 29:
fx = 34791.269531, xnorm = 19.414307, gnorm = 1017.955139, step = 1.000000

Iteration 30:
fx = 34626.558594, xnorm = 19.332325, gnorm = 1161.538818, step = 1.000000

Iteration 31:
fx = 34483.066406, xnorm = 19.256987, gnorm = 1228.679688, step = 1.000000

Iteration 32:
fx = 34357.128906, xnorm = 19.232264, gnorm = 1028.195679, step = 1.000000

Iteration 33:
fx = 34255.519531, xnorm = 19.218187, gnorm = 780.816101, step = 1.000000

Iteration 34:
fx = 34165.855469, xnorm = 19.195681, gnorm = 648.489868, step = 1.000000

Iteration 35:
fx = 34130.800781, xnorm = 19.179064, gnorm = 926.209167, step = 1.000000

Iteration 36:
fx = 34080.996094, xnorm = 19.173080, gnorm = 525.082947, step = 1.000000

Iteration 37:
fx = 34040.882812, xnorm = 19.160603, gnorm = 434.360291, step = 1.000000

Iteration 38:
fx = 34014.136719, xnorm = 19.149240, gnorm = 429.048279, step = 1.000000

Iteration 39:
fx = 33985.597656, xnorm = 19.131237, gnorm = 601.755615, step = 0.412721

Iteration 40:
fx = 33943.789062, xnorm = 19.110151, gnorm = 275.439819, step = 1.000000

Iteration 41:
fx = 33930.496094, xnorm = 19.094671, gnorm = 370.781281, step = 1.000000

Iteration 42:
fx = 33910.738281, xnorm = 19.070646, gnorm = 258.248199, step = 1.000000

Iteration 43:
fx = 33900.484375, xnorm = 19.056610, gnorm = 226.824265, step = 1.000000

Iteration 44:
fx = 33889.203125, xnorm = 19.035847, gnorm = 191.070724, step = 1.000000

Iteration 45:
fx = 33882.644531, xnorm = 19.014757, gnorm = 274.819519, step = 1.000000

Iteration 46:
fx = 33877.828125, xnorm = 19.005194, gnorm = 144.732941, step = 1.000000

Iteration 47:
fx = 33875.886719, xnorm = 19.001102, gnorm = 120.430496, step = 1.000000

Iteration 48:
fx = 33871.617188, xnorm = 18.984968, gnorm = 140.958374, step = 1.000000

Iteration 49:
fx = 33869.605469, xnorm = 18.972752, gnorm = 141.792038, step = 0.398143

Iteration 50:
fx = 33866.601562, xnorm = 18.958324, gnorm = 105.403625, step = 1.000000

Iteration 51:
fx = 33862.597656, xnorm = 18.935701, gnorm = 106.433937, step = 1.000000

Iteration 52:
fx = 33861.828125, xnorm = 18.912146, gnorm = 196.621780, step = 1.000000

Iteration 53:
fx = 33860.300781, xnorm = 18.918756, gnorm = 64.555092, step = 1.000000

Iteration 54:
fx = 33860.082031, xnorm = 18.919413, gnorm = 52.893597, step = 1.000000

Iteration 55:
fx = 33859.812500, xnorm = 18.915964, gnorm = 66.971382, step = 1.000000

Iteration 56:
fx = 33859.761719, xnorm = 18.904190, gnorm = 129.675919, step = 1.000000

Iteration 57:
fx = 33859.281250, xnorm = 18.891354, gnorm = 68.863609, step = 1.000000

Iteration 58:
fx = 33858.765625, xnorm = 18.888021, gnorm = 37.793385, step = 1.000000

Iteration 59:
fx = 33858.468750, xnorm = 18.883181, gnorm = 34.635334, step = 1.000000

Iteration 60:
fx = 33858.167969, xnorm = 18.876444, gnorm = 48.464954, step = 1.000000

Iteration 61:
fx = 33857.929688, xnorm = 18.869768, gnorm = 32.168304, step = 1.000000

Iteration 62:
fx = 33857.816406, xnorm = 18.863237, gnorm = 32.971653, step = 1.000000

Iteration 63:
fx = 33857.777344, xnorm = 18.861174, gnorm = 27.760162, step = 0.249164

Iteration 64:
fx = 33857.722656, xnorm = 18.851358, gnorm = 24.864721, step = 1.000000

Iteration 65:
fx = 33857.683594, xnorm = 18.850351, gnorm = 24.286268, step = 0.108729

Iteration 66:
fx = 33857.613281, xnorm = 18.845869, gnorm = 23.561316, step = 1.000000

Iteration 67:
fx = 33857.558594, xnorm = 18.841377, gnorm = 30.045702, step = 1.000000

Iteration 68:
fx = 33857.460938, xnorm = 18.838081, gnorm = 33.538563, step = 1.000000

Iteration 69:
fx = 33857.390625, xnorm = 18.839014, gnorm = 15.004960, step = 1.000000

Iteration 70:
fx = 33857.316406, xnorm = 18.838997, gnorm = 12.333984, step = 1.000000

Iteration 71:
fx = 33857.171875, xnorm = 18.837486, gnorm = 15.464790, step = 1.000000

Iteration 72:
fx = 33857.132812, xnorm = 18.834345, gnorm = 18.133280, step = 1.000000

Iteration 73:
fx = 33857.000000, xnorm = 18.829819, gnorm = 25.207193, step = 1.000000

Iteration 74:
fx = 33856.984375, xnorm = 18.830004, gnorm = 21.391291, step = 0.180729

L-BFGS optimization terminated with status code = -1001
fx = 33856.984375
[0;32mINFO[0;0m 2021-10-28 10:20:00,627 plmdca get_fields_and_couplings_from_backend 
	Data size expected from plmDCA backend: 191270
[0;32mINFO[0;0m 2021-10-28 10:20:00,627 plmdca get_fields_and_couplings_from_backend 
	Data size obtained from plmDCA backend to Python: 191270
[0;32mINFO[0;0m 2021-10-28 10:20:00,747 plmdca compute_sorted_FN 
	Computing non-APC sorted DCA score
[0;32mINFO[0;0m 2021-10-28 10:20:01,056 plmdca compute_sorted_FN_APC 
	Performing average product correction (APC) of FN  of DCA scores
[0;32mINFO[0;0m 2021-10-28 10:20:01,145 dca_utilities write_sorted_dca_scores 
	Writing DCA scores to file PLMDCA_output_1xbp_9/PLMDCA_apc_fn_scores_1xbp_9.txt
