[0;32mINFO[0;0m 2021-08-03 01:45:44,445 fasta_reader get_alignment_int_form 
	Total number of sequences read from file: 1
[0;32mINFO[0;0m 2021-08-03 01:45:44,445 meanfield_dca compute_sequences_weight 
	Computing sequences weights
[0;32mINFO[0;0m 2021-08-03 01:45:45,792 meanfield_dca __init__ 
	Created a MeanFieldDCA object with the following attributes
        	biomolecule: RNA
        	total states at sites: 5
        	pseudocount: 0.5
        	sequence identity: 0.8
        	alignment length: 37
        	total number of unique sequences (excluding redundant sequences with 100 percent similarity): 1
        	effective number of sequences (with sequence identity 0.8): 1.0
        
[0;32mINFO[0;0m 2021-08-03 01:45:45,793 meanfield_dca get_single_site_freqs 
	Computing single site frequencies
[0;32mINFO[0;0m 2021-08-03 01:45:46,367 meanfield_dca get_reg_single_site_freqs 
	Regularizing single site frequencies
[0;32mINFO[0;0m 2021-08-03 01:45:46,550 meanfield_dca get_pair_site_freqs 
	Computing pair site frequencies
[0;32mINFO[0;0m 2021-08-03 01:45:51,751 meanfield_dca get_reg_pair_site_freqs 
	Regularizing pair site frequencies
[0;32mINFO[0;0m 2021-08-03 01:45:52,070 meanfield_dca construct_corr_mat 
	Constructing the correlation matrix
[0;32mINFO[0;0m 2021-08-03 01:45:52,546 meanfield_dca compute_couplings 
	Computing couplings
[0;32mINFO[0;0m 2021-08-03 01:45:53,484 meanfield_dca compute_couplings 
	Maximum and minimum couplings: 0.3333333333333563, -20.0
[0;32mINFO[0;0m 2021-08-03 01:45:53,485 meanfield_dca compute_sorted_FN 
	Computing Frobenius norm of couplings
[0;32mINFO[0;0m 2021-08-03 01:45:53,555 meanfield_dca compute_sorted_FN_APC 
	Performing average product correction (APC) to Frobenius norm of couplings.
[0;32mINFO[0;0m 2021-08-03 01:45:53,563 dca_utilities write_sorted_dca_scores 
	Writing DCA scores to file MFDCA_output_6e8u_B/MFDCA_apc_fn_scores_6e8u_B.txt
[0;32mINFO[0;0m 2021-08-03 01:45:53,567 mfdca_main run_meanfield_dca 
	DONE
