[0;32mINFO[0;0m 2021-09-18 14:47:41,932 fasta_reader get_alignment_int_form 
	Total number of sequences read from file: 7
[0;32mINFO[0;0m 2021-09-18 14:47:41,932 meanfield_dca compute_sequences_weight 
	Computing sequences weights
[0;32mINFO[0;0m 2021-09-18 14:47:42,797 meanfield_dca __init__ 
	Created a MeanFieldDCA object with the following attributes
        	biomolecule: RNA
        	total states at sites: 5
        	pseudocount: 0.5
        	sequence identity: 0.8
        	alignment length: 68
        	total number of unique sequences (excluding redundant sequences with 100 percent similarity): 6
        	effective number of sequences (with sequence identity 0.8): 5.0
        
[0;32mINFO[0;0m 2021-09-18 14:47:42,799 meanfield_dca get_single_site_freqs 
	Computing single site frequencies
[0;32mINFO[0;0m 2021-09-18 14:47:43,160 meanfield_dca get_reg_single_site_freqs 
	Regularizing single site frequencies
[0;32mINFO[0;0m 2021-09-18 14:47:43,283 meanfield_dca get_pair_site_freqs 
	Computing pair site frequencies
[0;32mINFO[0;0m 2021-09-18 14:47:46,497 meanfield_dca get_reg_pair_site_freqs 
	Regularizing pair site frequencies
[0;32mINFO[0;0m 2021-09-18 14:47:46,697 meanfield_dca construct_corr_mat 
	Constructing the correlation matrix
[0;32mINFO[0;0m 2021-09-18 14:47:47,016 meanfield_dca compute_couplings 
	Computing couplings
[0;32mINFO[0;0m 2021-09-18 14:47:47,554 meanfield_dca compute_couplings 
	Maximum and minimum couplings: 0.958594951833259, -20.000000000000018
[0;32mINFO[0;0m 2021-09-18 14:47:47,555 meanfield_dca compute_sorted_FN 
	Computing Frobenius norm of couplings
[0;32mINFO[0;0m 2021-09-18 14:47:47,716 meanfield_dca compute_sorted_FN_APC 
	Performing average product correction (APC) to Frobenius norm of couplings.
[0;32mINFO[0;0m 2021-09-18 14:47:47,728 dca_utilities write_sorted_dca_scores 
	Writing DCA scores to file MFDCA_output_PKB333/MFDCA_apc_fn_scores_PKB333.txt
[0;32mINFO[0;0m 2021-09-18 14:47:47,733 mfdca_main run_meanfield_dca 
	DONE
