[0;32mINFO[0;0m 2021-06-10 15:25:51,327 plmdca __init__ Created plmDCA instance with:
            biomolecule: RNA
            MSA sequence length: 30
            total number of (unweighted) sequences: 132
            sequence identity: 0.8
            lambda_h: 5.800000000000001
            lambda_J: 5.800000000000001
            gradient decent iterations: 500
            number of threads: 40
        
[0;32mINFO[0;0m 2021-06-10 15:25:51,327 plmdca get_fields_and_couplings_from_backend 
	Computing fields and couplings using gradient decent
Iteration 1:
fx = 874.290527, xnorm = 10.036551, gnorm = 122.641396, step = 0.007335

Iteration 2:
fx = 588.181702, xnorm = 7.323961, gnorm = 136.262802, step = 1.000000

Iteration 3:
fx = 353.161621, xnorm = 3.690412, gnorm = 121.564934, step = 1.000000

Iteration 4:
fx = 279.589233, xnorm = 3.816834, gnorm = 48.143208, step = 1.000000

Iteration 5:
fx = 267.651794, xnorm = 3.608380, gnorm = 21.187412, step = 1.000000

Iteration 6:
fx = 265.413910, xnorm = 3.518630, gnorm = 13.753111, step = 1.000000

Iteration 7:
fx = 264.131561, xnorm = 3.471217, gnorm = 6.204034, step = 1.000000

Iteration 8:
fx = 263.621552, xnorm = 3.432442, gnorm = 3.910002, step = 1.000000

Iteration 9:
fx = 263.145966, xnorm = 3.352098, gnorm = 2.375124, step = 1.000000

Iteration 10:
fx = 263.121185, xnorm = 3.347078, gnorm = 1.347540, step = 0.267506

Iteration 11:
fx = 263.103088, xnorm = 3.343438, gnorm = 0.567933, step = 1.000000

L-BFGS optimization terminated with status code = -1001
fx = 263.103088
[0;32mINFO[0;0m 2021-06-10 15:25:51,434 plmdca get_fields_and_couplings_from_backend 
	Data size expected from plmDCA backend: 11025
[0;32mINFO[0;0m 2021-06-10 15:25:51,434 plmdca get_fields_and_couplings_from_backend 
	Data size obtained from plmDCA backend to Python: 11025
[0;32mINFO[0;0m 2021-06-10 15:25:51,454 plmdca compute_sorted_FN 
	Computing non-APC sorted DCA score
[0;32mINFO[0;0m 2021-06-10 15:25:51,494 plmdca compute_sorted_FN_APC 
	Performing average product correction (APC) of FN  of DCA scores
[0;32mINFO[0;0m 2021-06-10 15:25:51,497 dca_utilities write_sorted_dca_scores 
	Writing DCA scores to file PLMDCA_output_PKB49/PLMDCA_apc_fn_scores_PKB49.txt
