[0;32mINFO[0;0m 2021-08-03 01:37:45,607 fasta_reader get_alignment_int_form 
	Found 369 non-standard residues in 33 sequences
[0;32mINFO[0;0m 2021-08-03 01:37:45,607 fasta_reader get_alignment_int_form 
	Total number of sequences read from file: 34
[0;32mINFO[0;0m 2021-08-03 01:37:45,607 meanfield_dca compute_sequences_weight 
	Computing sequences weights
[0;32mINFO[0;0m 2021-08-03 01:37:47,712 meanfield_dca __init__ 
	Created a MeanFieldDCA object with the following attributes
        	biomolecule: RNA
        	total states at sites: 5
        	pseudocount: 0.5
        	sequence identity: 0.8
        	alignment length: 77
        	total number of unique sequences (excluding redundant sequences with 100 percent similarity): 34
        	effective number of sequences (with sequence identity 0.8): 2.6128403252290906
        
[0;32mINFO[0;0m 2021-08-03 01:37:47,713 meanfield_dca get_single_site_freqs 
	Computing single site frequencies
[0;32mINFO[0;0m 2021-08-03 01:37:48,560 meanfield_dca get_reg_single_site_freqs 
	Regularizing single site frequencies
[0;32mINFO[0;0m 2021-08-03 01:37:48,831 meanfield_dca get_pair_site_freqs 
	Computing pair site frequencies
[0;32mINFO[0;0m 2021-08-03 01:37:56,180 meanfield_dca get_reg_pair_site_freqs 
	Regularizing pair site frequencies
[0;32mINFO[0;0m 2021-08-03 01:37:56,610 meanfield_dca construct_corr_mat 
	Constructing the correlation matrix
[0;32mINFO[0;0m 2021-08-03 01:37:57,265 meanfield_dca compute_couplings 
	Computing couplings
[0;32mINFO[0;0m 2021-08-03 01:38:00,376 meanfield_dca compute_couplings 
	Maximum and minimum couplings: 3.6418542389572486, -20.00000000000001
[0;32mINFO[0;0m 2021-08-03 01:38:00,377 meanfield_dca compute_sorted_FN 
	Computing Frobenius norm of couplings
[0;32mINFO[0;0m 2021-08-03 01:38:00,663 meanfield_dca compute_sorted_FN_APC 
	Performing average product correction (APC) to Frobenius norm of couplings.
[0;32mINFO[0;0m 2021-08-03 01:38:00,699 dca_utilities write_sorted_dca_scores 
	Writing DCA scores to file MFDCA_output_3d2v_A/MFDCA_apc_fn_scores_3d2v_A.txt
[0;32mINFO[0;0m 2021-08-03 01:38:00,736 mfdca_main run_meanfield_dca 
	DONE
