[0;32mINFO[0;0m 2021-10-27 21:54:02,261 fasta_reader get_alignment_int_form 
	Total number of sequences read from file: 51
[0;32mINFO[0;0m 2021-10-27 21:54:02,262 meanfield_dca compute_sequences_weight 
	Computing sequences weights
[0;32mINFO[0;0m 2021-10-27 21:54:03,107 meanfield_dca __init__ 
	Created a MeanFieldDCA object with the following attributes
        	biomolecule: RNA
        	total states at sites: 5
        	pseudocount: 0.5
        	sequence identity: 0.8
        	alignment length: 64
        	total number of unique sequences (excluding redundant sequences with 100 percent similarity): 51
        	effective number of sequences (with sequence identity 0.8): 15.642131887720122
        
[0;32mINFO[0;0m 2021-10-27 21:54:03,108 meanfield_dca get_single_site_freqs 
	Computing single site frequencies
[0;32mINFO[0;0m 2021-10-27 21:54:03,462 meanfield_dca get_reg_single_site_freqs 
	Regularizing single site frequencies
[0;32mINFO[0;0m 2021-10-27 21:54:03,583 meanfield_dca get_pair_site_freqs 
	Computing pair site frequencies
[0;32mINFO[0;0m 2021-10-27 21:54:06,731 meanfield_dca get_reg_pair_site_freqs 
	Regularizing pair site frequencies
[0;32mINFO[0;0m 2021-10-27 21:54:06,929 meanfield_dca construct_corr_mat 
	Constructing the correlation matrix
[0;32mINFO[0;0m 2021-10-27 21:54:07,238 meanfield_dca compute_couplings 
	Computing couplings
[0;32mINFO[0;0m 2021-10-27 21:54:07,777 meanfield_dca compute_couplings 
	Maximum and minimum couplings: 3.020219149962118, -20.00000000000004
[0;32mINFO[0;0m 2021-10-27 21:54:07,777 meanfield_dca compute_sorted_FN 
	Computing Frobenius norm of couplings
[0;32mINFO[0;0m 2021-10-27 21:54:07,935 meanfield_dca compute_sorted_FN_APC 
	Performing average product correction (APC) to Frobenius norm of couplings.
[0;32mINFO[0;0m 2021-10-27 21:54:07,944 dca_utilities write_sorted_dca_scores 
	Writing DCA scores to file MFDCA_output_4xwf_A/MFDCA_apc_fn_scores_4xwf_A.txt
[0;32mINFO[0;0m 2021-10-27 21:54:07,949 mfdca_main run_meanfield_dca 
	DONE
