[0;32mINFO[0;0m 2021-05-22 16:40:27,303 fasta_reader get_alignment_int_form 
	Found 1 non-standard residues in 1 sequences
[0;32mINFO[0;0m 2021-05-22 16:40:27,303 fasta_reader get_alignment_int_form 
	Total number of sequences read from file: 3181
[0;32mINFO[0;0m 2021-05-22 16:40:27,303 meanfield_dca compute_sequences_weight 
	Computing sequences weights
[0;32mINFO[0;0m 2021-05-22 16:40:28,160 meanfield_dca __init__ 
	Created a MeanFieldDCA object with the following attributes
        	biomolecule: RNA
        	total states at sites: 5
        	pseudocount: 0.5
        	sequence identity: 0.8
        	alignment length: 69
        	total number of unique sequences (excluding redundant sequences with 100 percent similarity): 1427
        	effective number of sequences (with sequence identity 0.8): 138.91580427776026
        
[0;32mINFO[0;0m 2021-05-22 16:40:28,160 meanfield_dca get_single_site_freqs 
	Computing single site frequencies
[0;32mINFO[0;0m 2021-05-22 16:40:28,549 meanfield_dca get_reg_single_site_freqs 
	Regularizing single site frequencies
[0;32mINFO[0;0m 2021-05-22 16:40:28,669 meanfield_dca get_pair_site_freqs 
	Computing pair site frequencies
[0;32mINFO[0;0m 2021-05-22 16:40:31,872 meanfield_dca get_reg_pair_site_freqs 
	Regularizing pair site frequencies
[0;32mINFO[0;0m 2021-05-22 16:40:32,069 meanfield_dca construct_corr_mat 
	Constructing the correlation matrix
[0;32mINFO[0;0m 2021-05-22 16:40:32,331 meanfield_dca compute_couplings 
	Computing couplings
[0;32mINFO[0;0m 2021-05-22 16:40:32,865 meanfield_dca compute_couplings 
	Maximum and minimum couplings: 3.3418822287979792, -20.000000000000018
[0;32mINFO[0;0m 2021-05-22 16:40:32,865 meanfield_dca compute_sorted_FN 
	Computing Frobenius norm of couplings
[0;32mINFO[0;0m 2021-05-22 16:40:33,036 meanfield_dca compute_sorted_FN_APC 
	Performing average product correction (APC) to Frobenius norm of couplings.
[0;32mINFO[0;0m 2021-05-22 16:40:33,048 dca_utilities write_sorted_dca_scores 
	Writing DCA scores to file MFDCA_output_2qus_A/MFDCA_apc_fn_scores_2qus_A.txt
[0;32mINFO[0;0m 2021-05-22 16:40:33,053 mfdca_main run_meanfield_dca 
	DONE
