[0;32mINFO[0;0m 2021-08-18 21:28:08,362 fasta_reader get_alignment_int_form 
	Total number of sequences read from file: 30
[0;32mINFO[0;0m 2021-08-18 21:28:08,362 meanfield_dca compute_sequences_weight 
	Computing sequences weights
[0;32mINFO[0;0m 2021-08-18 21:28:09,223 meanfield_dca __init__ 
	Created a MeanFieldDCA object with the following attributes
        	biomolecule: RNA
        	total states at sites: 5
        	pseudocount: 0.5
        	sequence identity: 0.8
        	alignment length: 71
        	total number of unique sequences (excluding redundant sequences with 100 percent similarity): 30
        	effective number of sequences (with sequence identity 0.8): 1.5259217433130479
        
[0;32mINFO[0;0m 2021-08-18 21:28:09,225 meanfield_dca get_single_site_freqs 
	Computing single site frequencies
[0;32mINFO[0;0m 2021-08-18 21:28:09,582 meanfield_dca get_reg_single_site_freqs 
	Regularizing single site frequencies
[0;32mINFO[0;0m 2021-08-18 21:28:09,704 meanfield_dca get_pair_site_freqs 
	Computing pair site frequencies
[0;32mINFO[0;0m 2021-08-18 21:28:12,877 meanfield_dca get_reg_pair_site_freqs 
	Regularizing pair site frequencies
[0;32mINFO[0;0m 2021-08-18 21:28:13,077 meanfield_dca construct_corr_mat 
	Constructing the correlation matrix
[0;32mINFO[0;0m 2021-08-18 21:28:13,396 meanfield_dca compute_couplings 
	Computing couplings
[0;32mINFO[0;0m 2021-08-18 21:28:13,974 meanfield_dca compute_couplings 
	Maximum and minimum couplings: 5.260042206141325, -20.000000000000004
[0;32mINFO[0;0m 2021-08-18 21:28:13,974 meanfield_dca compute_sorted_FN 
	Computing Frobenius norm of couplings
[0;32mINFO[0;0m 2021-08-18 21:28:14,154 meanfield_dca compute_sorted_FN_APC 
	Performing average product correction (APC) to Frobenius norm of couplings.
[0;32mINFO[0;0m 2021-08-18 21:28:14,166 dca_utilities write_sorted_dca_scores 
	Writing DCA scores to file MFDCA_output_2oiu_P/MFDCA_apc_fn_scores_2oiu_P.txt
[0;32mINFO[0;0m 2021-08-18 21:28:14,171 mfdca_main run_meanfield_dca 
	DONE
