[0;32mINFO[0;0m 2021-05-22 19:42:22,005 plmdca __init__ Created plmDCA instance with:
            biomolecule: RNA
            MSA sequence length: 76
            total number of (unweighted) sequences: 25000
            sequence identity: 0.8
            lambda_h: 15.0
            lambda_J: 15.0
            gradient decent iterations: 500
            number of threads: 40
        
[0;32mINFO[0;0m 2021-05-22 19:42:22,006 plmdca get_fields_and_couplings_from_backend 
	Computing fields and couplings using gradient decent
Iteration 1:
fx = 164010.515625, xnorm = 27.250360, gnorm = 10142.317383, step = 0.000031

Iteration 2:
fx = 160508.609375, xnorm = 27.196396, gnorm = 12233.702148, step = 1.000000

Iteration 3:
fx = 151260.484375, xnorm = 27.096281, gnorm = 19555.417969, step = 1.000000

Iteration 4:
fx = 135380.156250, xnorm = 27.298092, gnorm = 20630.552734, step = 1.000000

Iteration 5:
fx = 124664.218750, xnorm = 29.446390, gnorm = 22704.654297, step = 1.000000

Iteration 6:
fx = 111358.351562, xnorm = 30.125237, gnorm = 9130.436523, step = 1.000000

Iteration 7:
fx = 108287.632812, xnorm = 30.250994, gnorm = 5199.567383, step = 1.000000

Iteration 8:
fx = 106070.046875, xnorm = 30.526217, gnorm = 4876.827637, step = 1.000000

Iteration 9:
fx = 103671.601562, xnorm = 31.000086, gnorm = 5755.623535, step = 1.000000

Iteration 10:
fx = 100358.578125, xnorm = 32.248722, gnorm = 8441.229492, step = 1.000000

Iteration 11:
fx = 96958.921875, xnorm = 33.587677, gnorm = 6697.825684, step = 1.000000

Iteration 12:
fx = 94791.437500, xnorm = 34.106636, gnorm = 3801.740967, step = 1.000000

Iteration 13:
fx = 93398.609375, xnorm = 34.272053, gnorm = 3113.748779, step = 1.000000

Iteration 14:
fx = 92907.070312, xnorm = 34.163513, gnorm = 6547.022461, step = 1.000000

Iteration 15:
fx = 91857.695312, xnorm = 33.951595, gnorm = 3392.583740, step = 1.000000

Iteration 16:
fx = 91238.007812, xnorm = 33.676376, gnorm = 3315.908936, step = 1.000000

Iteration 17:
fx = 89969.375000, xnorm = 33.040615, gnorm = 3883.358154, step = 1.000000

Iteration 18:
fx = 88878.476562, xnorm = 32.187748, gnorm = 6450.565430, step = 1.000000

Iteration 19:
fx = 87514.773438, xnorm = 31.805679, gnorm = 4064.624023, step = 1.000000

Iteration 20:
fx = 86714.781250, xnorm = 31.830561, gnorm = 2783.398438, step = 1.000000

Iteration 21:
fx = 86008.117188, xnorm = 31.744757, gnorm = 2679.258057, step = 1.000000

Iteration 22:
fx = 85617.195312, xnorm = 31.609835, gnorm = 4119.226074, step = 1.000000

Iteration 23:
fx = 85016.492188, xnorm = 31.538597, gnorm = 2469.640625, step = 1.000000

Iteration 24:
fx = 84476.546875, xnorm = 31.406822, gnorm = 2494.378906, step = 1.000000

Iteration 25:
fx = 83771.898438, xnorm = 31.184603, gnorm = 3304.321045, step = 1.000000

Iteration 26:
fx = 83330.289062, xnorm = 31.057003, gnorm = 3629.817871, step = 0.436107

Iteration 27:
fx = 82753.843750, xnorm = 30.937155, gnorm = 2654.001221, step = 1.000000

Iteration 28:
fx = 82316.203125, xnorm = 30.861523, gnorm = 3065.664062, step = 1.000000

Iteration 29:
fx = 81866.484375, xnorm = 30.829437, gnorm = 2626.758545, step = 1.000000

Iteration 30:
fx = 81471.117188, xnorm = 30.804840, gnorm = 2339.950439, step = 1.000000

Iteration 31:
fx = 81049.164062, xnorm = 30.780334, gnorm = 2549.342285, step = 1.000000

Iteration 32:
fx = 80642.179688, xnorm = 30.776829, gnorm = 2558.182373, step = 1.000000

Iteration 33:
fx = 80263.937500, xnorm = 30.780615, gnorm = 2230.622803, step = 1.000000

Iteration 34:
fx = 79976.445312, xnorm = 30.835472, gnorm = 3350.959229, step = 1.000000

Iteration 35:
fx = 79701.156250, xnorm = 30.852243, gnorm = 2534.152344, step = 1.000000

Iteration 36:
fx = 79508.203125, xnorm = 30.826462, gnorm = 1867.798584, step = 1.000000

Iteration 37:
fx = 79199.015625, xnorm = 30.814070, gnorm = 1458.064941, step = 1.000000

Iteration 38:
fx = 78954.335938, xnorm = 30.847197, gnorm = 2619.064941, step = 1.000000

Iteration 39:
fx = 78640.492188, xnorm = 30.925344, gnorm = 2023.959473, step = 1.000000

Iteration 40:
fx = 78406.875000, xnorm = 31.000065, gnorm = 1389.444946, step = 1.000000

Iteration 41:
fx = 78228.367188, xnorm = 31.080952, gnorm = 1679.400879, step = 1.000000

Iteration 42:
fx = 78081.234375, xnorm = 31.122572, gnorm = 1934.586426, step = 1.000000

Iteration 43:
fx = 77947.195312, xnorm = 31.099903, gnorm = 1455.516968, step = 1.000000

Iteration 44:
fx = 77728.351562, xnorm = 31.028435, gnorm = 1262.267944, step = 1.000000

Iteration 45:
fx = 77632.593750, xnorm = 31.016615, gnorm = 2137.062012, step = 1.000000

Iteration 46:
fx = 77468.992188, xnorm = 31.009659, gnorm = 1311.140381, step = 1.000000

Iteration 47:
fx = 77340.898438, xnorm = 31.017622, gnorm = 1083.310669, step = 1.000000

Iteration 48:
fx = 77262.304688, xnorm = 31.018213, gnorm = 1229.069092, step = 1.000000

Iteration 49:
fx = 77157.218750, xnorm = 31.006216, gnorm = 1086.807983, step = 1.000000

Iteration 50:
fx = 77067.039062, xnorm = 30.963882, gnorm = 1362.541016, step = 1.000000

Iteration 51:
fx = 76971.906250, xnorm = 30.910286, gnorm = 931.304749, step = 1.000000

Iteration 52:
fx = 76913.343750, xnorm = 30.847879, gnorm = 1189.993286, step = 1.000000

Iteration 53:
fx = 76840.765625, xnorm = 30.772835, gnorm = 967.972778, step = 1.000000

Iteration 54:
fx = 76770.343750, xnorm = 30.689272, gnorm = 921.627747, step = 1.000000

Iteration 55:
fx = 76691.625000, xnorm = 30.553135, gnorm = 1256.294434, step = 1.000000

Iteration 56:
fx = 76628.335938, xnorm = 30.496918, gnorm = 843.868042, step = 1.000000

Iteration 57:
fx = 76582.234375, xnorm = 30.444897, gnorm = 777.466858, step = 1.000000

Iteration 58:
fx = 76538.664062, xnorm = 30.362906, gnorm = 1027.388672, step = 1.000000

Iteration 59:
fx = 76487.132812, xnorm = 30.270403, gnorm = 700.564209, step = 1.000000

Iteration 60:
fx = 76454.570312, xnorm = 30.215902, gnorm = 661.895630, step = 1.000000

Iteration 61:
fx = 76419.976562, xnorm = 30.134687, gnorm = 777.240845, step = 1.000000

Iteration 62:
fx = 76392.164062, xnorm = 30.061829, gnorm = 642.084290, step = 1.000000

Iteration 63:
fx = 76361.273438, xnorm = 30.001310, gnorm = 589.464478, step = 1.000000

Iteration 64:
fx = 76314.687500, xnorm = 29.807062, gnorm = 1103.923096, step = 1.000000

Iteration 65:
fx = 76294.593750, xnorm = 29.684727, gnorm = 1081.120850, step = 1.000000

Iteration 66:
fx = 76270.992188, xnorm = 29.734182, gnorm = 429.707825, step = 1.000000

Iteration 67:
fx = 76261.921875, xnorm = 29.730867, gnorm = 367.403656, step = 1.000000

Iteration 68:
fx = 76236.789062, xnorm = 29.660931, gnorm = 539.673157, step = 1.000000

Iteration 69:
fx = 76228.304688, xnorm = 29.558546, gnorm = 1120.617188, step = 1.000000

Iteration 70:
fx = 76202.906250, xnorm = 29.518721, gnorm = 458.526031, step = 1.000000

Iteration 71:
fx = 76191.179688, xnorm = 29.471729, gnorm = 371.959381, step = 1.000000

Iteration 72:
fx = 76178.187500, xnorm = 29.401466, gnorm = 396.542603, step = 1.000000

Iteration 73:
fx = 76159.242188, xnorm = 29.287760, gnorm = 384.616577, step = 1.000000

Iteration 74:
fx = 76149.960938, xnorm = 29.229296, gnorm = 363.001190, step = 0.377507

Iteration 75:
fx = 76141.968750, xnorm = 29.192368, gnorm = 316.813782, step = 1.000000

Iteration 76:
fx = 76133.992188, xnorm = 29.142885, gnorm = 379.431000, step = 1.000000

Iteration 77:
fx = 76130.875000, xnorm = 29.080530, gnorm = 801.458130, step = 1.000000

Iteration 78:
fx = 76118.750000, xnorm = 29.094269, gnorm = 328.699738, step = 1.000000

Iteration 79:
fx = 76114.679688, xnorm = 29.106182, gnorm = 259.824554, step = 1.000000

Iteration 80:
fx = 76111.289062, xnorm = 29.105415, gnorm = 265.928558, step = 1.000000

Iteration 81:
fx = 76108.117188, xnorm = 29.099756, gnorm = 344.512115, step = 0.381458

Iteration 82:
fx = 76100.601562, xnorm = 29.078201, gnorm = 199.155792, step = 1.000000

Iteration 83:
fx = 76096.359375, xnorm = 29.061684, gnorm = 229.659927, step = 1.000000

Iteration 84:
fx = 76088.210938, xnorm = 29.016432, gnorm = 209.162537, step = 1.000000

Iteration 85:
fx = 76083.210938, xnorm = 28.985905, gnorm = 315.770996, step = 1.000000

Iteration 86:
fx = 76077.320312, xnorm = 28.960138, gnorm = 210.200943, step = 1.000000

Iteration 87:
fx = 76073.117188, xnorm = 28.924177, gnorm = 258.598053, step = 1.000000

Iteration 88:
fx = 76069.429688, xnorm = 28.901407, gnorm = 284.115051, step = 1.000000

Iteration 89:
fx = 76067.125000, xnorm = 28.890707, gnorm = 189.731689, step = 1.000000

Iteration 90:
fx = 76063.867188, xnorm = 28.859632, gnorm = 164.367966, step = 1.000000

Iteration 91:
fx = 76063.445312, xnorm = 28.835840, gnorm = 258.713623, step = 1.000000

Iteration 92:
fx = 76061.250000, xnorm = 28.822668, gnorm = 172.929367, step = 1.000000

Iteration 93:
fx = 76058.484375, xnorm = 28.787321, gnorm = 142.970367, step = 1.000000

Iteration 94:
fx = 76057.101562, xnorm = 28.766394, gnorm = 165.720993, step = 1.000000

Iteration 95:
fx = 76055.882812, xnorm = 28.730974, gnorm = 135.612793, step = 1.000000

Iteration 96:
fx = 76055.148438, xnorm = 28.695782, gnorm = 187.893936, step = 1.000000

Iteration 97:
fx = 76053.812500, xnorm = 28.667965, gnorm = 125.296951, step = 1.000000

Iteration 98:
fx = 76053.453125, xnorm = 28.665480, gnorm = 103.741409, step = 1.000000

Iteration 99:
fx = 76052.335938, xnorm = 28.660135, gnorm = 92.802490, step = 1.000000

Iteration 100:
fx = 76051.968750, xnorm = 28.646294, gnorm = 182.943710, step = 1.000000

Iteration 101:
fx = 76050.671875, xnorm = 28.636116, gnorm = 86.604683, step = 1.000000

Iteration 102:
fx = 76050.046875, xnorm = 28.621687, gnorm = 80.753014, step = 1.000000

Iteration 103:
fx = 76049.125000, xnorm = 28.605095, gnorm = 95.608345, step = 1.000000

Iteration 104:
fx = 76048.671875, xnorm = 28.589750, gnorm = 87.946121, step = 0.398992

Iteration 105:
fx = 76047.703125, xnorm = 28.572371, gnorm = 62.875023, step = 1.000000

Iteration 106:
fx = 76046.562500, xnorm = 28.559444, gnorm = 61.358891, step = 1.000000

Iteration 107:
fx = 76045.648438, xnorm = 28.534412, gnorm = 234.465637, step = 1.000000

Iteration 108:
fx = 76044.296875, xnorm = 28.536270, gnorm = 61.227551, step = 1.000000

Iteration 109:
fx = 76044.093750, xnorm = 28.540020, gnorm = 51.465172, step = 1.000000

Iteration 110:
fx = 76043.265625, xnorm = 28.539013, gnorm = 69.703163, step = 1.000000

Iteration 111:
fx = 76043.023438, xnorm = 28.535955, gnorm = 73.517685, step = 0.454025

Iteration 112:
fx = 76042.195312, xnorm = 28.529280, gnorm = 47.156155, step = 1.000000

Iteration 113:
fx = 76041.492188, xnorm = 28.520210, gnorm = 47.589245, step = 1.000000

Iteration 114:
fx = 76040.734375, xnorm = 28.508335, gnorm = 95.441040, step = 1.000000

Iteration 115:
fx = 76040.726562, xnorm = 28.508560, gnorm = 78.524139, step = 0.251360

Iteration 116:
fx = 76040.671875, xnorm = 28.508633, gnorm = 66.868660, step = 0.146908

L-BFGS optimization terminated with status code = -1001
fx = 76040.687500
[0;32mINFO[0;0m 2021-05-22 19:42:50,799 plmdca get_fields_and_couplings_from_backend 
	Data size expected from plmDCA backend: 71630
[0;32mINFO[0;0m 2021-05-22 19:42:50,799 plmdca get_fields_and_couplings_from_backend 
	Data size obtained from plmDCA backend to Python: 71630
[0;32mINFO[0;0m 2021-05-22 19:42:50,908 plmdca compute_sorted_FN 
	Computing non-APC sorted DCA score
[0;32mINFO[0;0m 2021-05-22 19:42:51,061 plmdca compute_sorted_FN_APC 
	Performing average product correction (APC) of FN  of DCA scores
[0;32mINFO[0;0m 2021-05-22 19:42:51,112 dca_utilities write_sorted_dca_scores 
	Writing DCA scores to file PLMDCA_output_5el5_1K/PLMDCA_apc_fn_scores_5el5_1K.txt
