[0;32mINFO[0;0m 2021-05-22 19:39:47,161 plmdca __init__ Created plmDCA instance with:
            biomolecule: RNA
            MSA sequence length: 61
            total number of (unweighted) sequences: 4
            sequence identity: 0.8
            lambda_h: 12.0
            lambda_J: 12.0
            gradient decent iterations: 500
            number of threads: 40
        
[0;32mINFO[0;0m 2021-05-22 19:39:47,162 plmdca get_fields_and_couplings_from_backend 
	Computing fields and couplings using gradient decent
Iteration 1:
fx = 839.537109, xnorm = 7.697764, gnorm = 189.265060, step = 0.004579

Iteration 2:
fx = 246.540771, xnorm = 2.365814, gnorm = 127.547050, step = 1.000000

Iteration 3:
fx = 165.139755, xnorm = 2.914933, gnorm = 65.320679, step = 1.000000

Iteration 4:
fx = 125.633301, xnorm = 2.271963, gnorm = 20.212456, step = 1.000000

Iteration 5:
fx = 123.783058, xnorm = 1.979161, gnorm = 9.315504, step = 1.000000

Iteration 6:
fx = 122.610878, xnorm = 2.049898, gnorm = 1.426949, step = 1.000000

L-BFGS optimization terminated with status code = -1001
fx = 122.610573
[0;32mINFO[0;0m 2021-05-22 19:39:47,293 plmdca get_fields_and_couplings_from_backend 
	Data size expected from plmDCA backend: 46055
[0;32mINFO[0;0m 2021-05-22 19:39:47,293 plmdca get_fields_and_couplings_from_backend 
	Data size obtained from plmDCA backend to Python: 46055
[0;32mINFO[0;0m 2021-05-22 19:39:47,383 plmdca compute_sorted_FN 
	Computing non-APC sorted DCA score
[0;32mINFO[0;0m 2021-05-22 19:39:47,509 plmdca compute_sorted_FN_APC 
	Performing average product correction (APC) of FN  of DCA scores
[0;32mINFO[0;0m 2021-05-22 19:39:47,536 dca_utilities write_sorted_dca_scores 
	Writing DCA scores to file PLMDCA_output_5ddo_A/PLMDCA_apc_fn_scores_5ddo_A.txt
