[0;32mINFO[0;0m 2021-06-10 13:39:22,888 fasta_reader get_alignment_int_form 
	Found 1 non-standard residues in 1 sequences
[0;32mINFO[0;0m 2021-06-10 13:39:22,888 fasta_reader get_alignment_int_form 
	Total number of sequences read from file: 19
[0;32mINFO[0;0m 2021-06-10 13:39:22,888 meanfield_dca compute_sequences_weight 
	Computing sequences weights
[0;32mINFO[0;0m 2021-06-10 13:39:23,930 meanfield_dca __init__ 
	Created a MeanFieldDCA object with the following attributes
        	biomolecule: RNA
        	total states at sites: 5
        	pseudocount: 0.5
        	sequence identity: 0.8
        	alignment length: 66
        	total number of unique sequences (excluding redundant sequences with 100 percent similarity): 18
        	effective number of sequences (with sequence identity 0.8): 3.7404761904761905
        
[0;32mINFO[0;0m 2021-06-10 13:39:23,930 meanfield_dca get_single_site_freqs 
	Computing single site frequencies
[0;32mINFO[0;0m 2021-06-10 13:39:24,357 meanfield_dca get_reg_single_site_freqs 
	Regularizing single site frequencies
[0;32mINFO[0;0m 2021-06-10 13:39:24,499 meanfield_dca get_pair_site_freqs 
	Computing pair site frequencies
[0;32mINFO[0;0m 2021-06-10 13:39:28,338 meanfield_dca get_reg_pair_site_freqs 
	Regularizing pair site frequencies
[0;32mINFO[0;0m 2021-06-10 13:39:28,585 meanfield_dca construct_corr_mat 
	Constructing the correlation matrix
[0;32mINFO[0;0m 2021-06-10 13:39:28,960 meanfield_dca compute_couplings 
	Computing couplings
[0;32mINFO[0;0m 2021-06-10 13:39:30,533 meanfield_dca compute_couplings 
	Maximum and minimum couplings: 3.6637507703799703, -20.000000000000007
[0;32mINFO[0;0m 2021-06-10 13:39:30,533 meanfield_dca compute_sorted_FN 
	Computing Frobenius norm of couplings
[0;32mINFO[0;0m 2021-06-10 13:39:30,718 meanfield_dca compute_sorted_FN_APC 
	Performing average product correction (APC) to Frobenius norm of couplings.
[0;32mINFO[0;0m 2021-06-10 13:39:30,730 dca_utilities write_sorted_dca_scores 
	Writing DCA scores to file MFDCA_output_PKB269/MFDCA_apc_fn_scores_PKB269.txt
[0;32mINFO[0;0m 2021-06-10 13:39:30,736 mfdca_main run_meanfield_dca 
	DONE
