[0;32mINFO[0;0m 2021-08-19 10:53:05,244 fasta_reader get_alignment_int_form 
	Total number of sequences read from file: 4
[0;32mINFO[0;0m 2021-08-19 10:53:05,245 meanfield_dca compute_sequences_weight 
	Computing sequences weights
[0;32mINFO[0;0m 2021-08-19 10:53:06,086 meanfield_dca __init__ 
	Created a MeanFieldDCA object with the following attributes
        	biomolecule: RNA
        	total states at sites: 5
        	pseudocount: 0.5
        	sequence identity: 0.8
        	alignment length: 123
        	total number of unique sequences (excluding redundant sequences with 100 percent similarity): 4
        	effective number of sequences (with sequence identity 0.8): 3.0
        
[0;32mINFO[0;0m 2021-08-19 10:53:06,087 meanfield_dca get_single_site_freqs 
	Computing single site frequencies
[0;32mINFO[0;0m 2021-08-19 10:53:06,442 meanfield_dca get_reg_single_site_freqs 
	Regularizing single site frequencies
[0;32mINFO[0;0m 2021-08-19 10:53:06,562 meanfield_dca get_pair_site_freqs 
	Computing pair site frequencies
[0;32mINFO[0;0m 2021-08-19 10:53:09,730 meanfield_dca get_reg_pair_site_freqs 
	Regularizing pair site frequencies
[0;32mINFO[0;0m 2021-08-19 10:53:09,933 meanfield_dca construct_corr_mat 
	Constructing the correlation matrix
[0;32mINFO[0;0m 2021-08-19 10:53:10,250 meanfield_dca compute_couplings 
	Computing couplings
[0;32mINFO[0;0m 2021-08-19 10:53:10,992 meanfield_dca compute_couplings 
	Maximum and minimum couplings: 1.238524252783273, -20.00000000000001
[0;32mINFO[0;0m 2021-08-19 10:53:10,992 meanfield_dca compute_sorted_FN 
	Computing Frobenius norm of couplings
[0;32mINFO[0;0m 2021-08-19 10:53:11,436 meanfield_dca compute_sorted_FN_APC 
	Performing average product correction (APC) to Frobenius norm of couplings.
[0;32mINFO[0;0m 2021-08-19 10:53:11,499 dca_utilities write_sorted_dca_scores 
	Writing DCA scores to file MFDCA_output_5wti_B/MFDCA_apc_fn_scores_5wti_B.txt
[0;32mINFO[0;0m 2021-08-19 10:53:11,514 mfdca_main run_meanfield_dca 
	DONE
