[0;32mINFO[0;0m 2021-08-18 21:14:08,160 fasta_reader get_alignment_int_form 
	Found 336 non-standard residues in 219 sequences
[0;32mINFO[0;0m 2021-08-18 21:14:08,162 fasta_reader get_alignment_int_form 
	Total number of sequences read from file: 48628
[0;32mINFO[0;0m 2021-08-18 21:14:08,172 meanfield_dca compute_sequences_weight 
	Computing sequences weights
[0;32mINFO[0;0m 2021-08-18 21:14:13,507 meanfield_dca __init__ 
	Created a MeanFieldDCA object with the following attributes
        	biomolecule: RNA
        	total states at sites: 5
        	pseudocount: 0.5
        	sequence identity: 0.8
        	alignment length: 77
        	total number of unique sequences (excluding redundant sequences with 100 percent similarity): 48621
        	effective number of sequences (with sequence identity 0.8): 1268.3158707742368
        
[0;32mINFO[0;0m 2021-08-18 21:14:13,515 meanfield_dca get_single_site_freqs 
	Computing single site frequencies
[0;32mINFO[0;0m 2021-08-18 21:14:14,160 meanfield_dca get_reg_single_site_freqs 
	Regularizing single site frequencies
[0;32mINFO[0;0m 2021-08-18 21:14:14,287 meanfield_dca get_pair_site_freqs 
	Computing pair site frequencies
[0;32mINFO[0;0m 2021-08-18 21:14:20,407 meanfield_dca get_reg_pair_site_freqs 
	Regularizing pair site frequencies
[0;32mINFO[0;0m 2021-08-18 21:14:20,611 meanfield_dca construct_corr_mat 
	Constructing the correlation matrix
[0;32mINFO[0;0m 2021-08-18 21:14:20,968 meanfield_dca compute_couplings 
	Computing couplings
[0;32mINFO[0;0m 2021-08-18 21:14:21,560 meanfield_dca compute_couplings 
	Maximum and minimum couplings: 2.972235056344717, -19.969290328804526
[0;32mINFO[0;0m 2021-08-18 21:14:21,560 meanfield_dca compute_sorted_FN 
	Computing Frobenius norm of couplings
[0;32mINFO[0;0m 2021-08-18 21:14:21,776 meanfield_dca compute_sorted_FN_APC 
	Performing average product correction (APC) to Frobenius norm of couplings.
[0;32mINFO[0;0m 2021-08-18 21:14:21,794 dca_utilities write_sorted_dca_scores 
	Writing DCA scores to file MFDCA_output_1j2b_C/MFDCA_apc_fn_scores_1j2b_C.txt
[0;32mINFO[0;0m 2021-08-18 21:14:21,808 mfdca_main run_meanfield_dca 
	DONE
