[0;32mINFO[0;0m 2021-06-10 13:18:18,059 fasta_reader get_alignment_int_form 
	Total number of sequences read from file: 13
[0;32mINFO[0;0m 2021-06-10 13:18:18,059 meanfield_dca compute_sequences_weight 
	Computing sequences weights
[0;32mINFO[0;0m 2021-06-10 13:18:19,843 meanfield_dca __init__ 
	Created a MeanFieldDCA object with the following attributes
        	biomolecule: RNA
        	total states at sites: 5
        	pseudocount: 0.5
        	sequence identity: 0.8
        	alignment length: 59
        	total number of unique sequences (excluding redundant sequences with 100 percent similarity): 13
        	effective number of sequences (with sequence identity 0.8): 6.482142857142857
        
[0;32mINFO[0;0m 2021-06-10 13:18:19,843 meanfield_dca get_single_site_freqs 
	Computing single site frequencies
[0;32mINFO[0;0m 2021-06-10 13:18:20,577 meanfield_dca get_reg_single_site_freqs 
	Regularizing single site frequencies
[0;32mINFO[0;0m 2021-06-10 13:18:20,835 meanfield_dca get_pair_site_freqs 
	Computing pair site frequencies
[0;32mINFO[0;0m 2021-06-10 13:18:24,951 meanfield_dca get_reg_pair_site_freqs 
	Regularizing pair site frequencies
[0;32mINFO[0;0m 2021-06-10 13:18:25,195 meanfield_dca construct_corr_mat 
	Constructing the correlation matrix
[0;32mINFO[0;0m 2021-06-10 13:18:25,572 meanfield_dca compute_couplings 
	Computing couplings
[0;32mINFO[0;0m 2021-06-10 13:18:27,069 meanfield_dca compute_couplings 
	Maximum and minimum couplings: 2.2806931147970326, -20.000000000000014
[0;32mINFO[0;0m 2021-06-10 13:18:27,069 meanfield_dca compute_sorted_FN 
	Computing Frobenius norm of couplings
[0;32mINFO[0;0m 2021-06-10 13:18:27,243 meanfield_dca compute_sorted_FN_APC 
	Performing average product correction (APC) to Frobenius norm of couplings.
[0;32mINFO[0;0m 2021-06-10 13:18:27,252 dca_utilities write_sorted_dca_scores 
	Writing DCA scores to file MFDCA_output_PKB128/MFDCA_apc_fn_scores_PKB128.txt
[0;32mINFO[0;0m 2021-06-10 13:18:27,257 mfdca_main run_meanfield_dca 
	DONE
