[0;32mINFO[0;0m 2021-08-19 10:39:08,728 fasta_reader get_alignment_int_form 
	Found 26 non-standard residues in 19 sequences
[0;32mINFO[0;0m 2021-08-19 10:39:08,728 fasta_reader get_alignment_int_form 
	Total number of sequences read from file: 8779
[0;32mINFO[0;0m 2021-08-19 10:39:08,729 meanfield_dca compute_sequences_weight 
	Computing sequences weights
[0;32mINFO[0;0m 2021-08-19 10:39:09,762 meanfield_dca __init__ 
	Created a MeanFieldDCA object with the following attributes
        	biomolecule: RNA
        	total states at sites: 5
        	pseudocount: 0.5
        	sequence identity: 0.8
        	alignment length: 68
        	total number of unique sequences (excluding redundant sequences with 100 percent similarity): 8778
        	effective number of sequences (with sequence identity 0.8): 483.9259806921285
        
[0;32mINFO[0;0m 2021-08-19 10:39:09,762 meanfield_dca get_single_site_freqs 
	Computing single site frequencies
[0;32mINFO[0;0m 2021-08-19 10:39:10,169 meanfield_dca get_reg_single_site_freqs 
	Regularizing single site frequencies
[0;32mINFO[0;0m 2021-08-19 10:39:10,334 meanfield_dca get_pair_site_freqs 
	Computing pair site frequencies
[0;32mINFO[0;0m 2021-08-19 10:39:13,841 meanfield_dca get_reg_pair_site_freqs 
	Regularizing pair site frequencies
[0;32mINFO[0;0m 2021-08-19 10:39:14,117 meanfield_dca construct_corr_mat 
	Constructing the correlation matrix
[0;32mINFO[0;0m 2021-08-19 10:39:14,377 meanfield_dca compute_couplings 
	Computing couplings
[0;32mINFO[0;0m 2021-08-19 10:39:14,935 meanfield_dca compute_couplings 
	Maximum and minimum couplings: 4.481177000430966, -20.000000000000036
[0;32mINFO[0;0m 2021-08-19 10:39:14,935 meanfield_dca compute_sorted_FN 
	Computing Frobenius norm of couplings
[0;32mINFO[0;0m 2021-08-19 10:39:15,100 meanfield_dca compute_sorted_FN_APC 
	Performing average product correction (APC) to Frobenius norm of couplings.
[0;32mINFO[0;0m 2021-08-19 10:39:15,112 dca_utilities write_sorted_dca_scores 
	Writing DCA scores to file MFDCA_output_1p6v_B/MFDCA_apc_fn_scores_1p6v_B.txt
[0;32mINFO[0;0m 2021-08-19 10:39:15,119 mfdca_main run_meanfield_dca 
	DONE
