[0;32mINFO[0;0m 2021-08-03 01:38:04,478 fasta_reader get_alignment_int_form 
	Found 18054 non-standard residues in 1052 sequences
[0;32mINFO[0;0m 2021-08-03 01:38:04,478 fasta_reader get_alignment_int_form 
	Total number of sequences read from file: 1053
[0;32mINFO[0;0m 2021-08-03 01:38:04,478 meanfield_dca compute_sequences_weight 
	Computing sequences weights
[0;32mINFO[0;0m 2021-08-03 01:38:06,259 meanfield_dca __init__ 
	Created a MeanFieldDCA object with the following attributes
        	biomolecule: RNA
        	total states at sites: 5
        	pseudocount: 0.5
        	sequence identity: 0.8
        	alignment length: 77
        	total number of unique sequences (excluding redundant sequences with 100 percent similarity): 1013
        	effective number of sequences (with sequence identity 0.8): 4.340464676077345
        
[0;32mINFO[0;0m 2021-08-03 01:38:06,260 meanfield_dca get_single_site_freqs 
	Computing single site frequencies
[0;32mINFO[0;0m 2021-08-03 01:38:07,158 meanfield_dca get_reg_single_site_freqs 
	Regularizing single site frequencies
[0;32mINFO[0;0m 2021-08-03 01:38:07,556 meanfield_dca get_pair_site_freqs 
	Computing pair site frequencies
[0;32mINFO[0;0m 2021-08-03 01:38:14,537 meanfield_dca get_reg_pair_site_freqs 
	Regularizing pair site frequencies
[0;32mINFO[0;0m 2021-08-03 01:38:15,030 meanfield_dca construct_corr_mat 
	Constructing the correlation matrix
[0;32mINFO[0;0m 2021-08-03 01:38:15,646 meanfield_dca compute_couplings 
	Computing couplings
[0;32mINFO[0;0m 2021-08-03 01:38:18,752 meanfield_dca compute_couplings 
	Maximum and minimum couplings: 3.872568537047691, -19.598078486260743
[0;32mINFO[0;0m 2021-08-03 01:38:18,753 meanfield_dca compute_sorted_FN 
	Computing Frobenius norm of couplings
[0;32mINFO[0;0m 2021-08-03 01:38:18,995 meanfield_dca compute_sorted_FN_APC 
	Performing average product correction (APC) to Frobenius norm of couplings.
[0;32mINFO[0;0m 2021-08-03 01:38:19,025 dca_utilities write_sorted_dca_scores 
	Writing DCA scores to file MFDCA_output_5ccb_N/MFDCA_apc_fn_scores_5ccb_N.txt
[0;32mINFO[0;0m 2021-08-03 01:38:19,038 mfdca_main run_meanfield_dca 
	DONE
