[0;32mINFO[0;0m 2021-08-18 21:13:07,925 fasta_reader get_alignment_int_form 
	Found 406 non-standard residues in 231 sequences
[0;32mINFO[0;0m 2021-08-18 21:13:07,925 fasta_reader get_alignment_int_form 
	Total number of sequences read from file: 50000
[0;32mINFO[0;0m 2021-08-18 21:13:07,932 meanfield_dca compute_sequences_weight 
	Computing sequences weights
[0;32mINFO[0;0m 2021-08-18 21:13:13,150 meanfield_dca __init__ 
	Created a MeanFieldDCA object with the following attributes
        	biomolecule: RNA
        	total states at sites: 5
        	pseudocount: 0.5
        	sequence identity: 0.8
        	alignment length: 77
        	total number of unique sequences (excluding redundant sequences with 100 percent similarity): 49994
        	effective number of sequences (with sequence identity 0.8): 701.4551608109816
        
[0;32mINFO[0;0m 2021-08-18 21:13:13,159 meanfield_dca get_single_site_freqs 
	Computing single site frequencies
[0;32mINFO[0;0m 2021-08-18 21:13:13,883 meanfield_dca get_reg_single_site_freqs 
	Regularizing single site frequencies
[0;32mINFO[0;0m 2021-08-18 21:13:14,107 meanfield_dca get_pair_site_freqs 
	Computing pair site frequencies
[0;32mINFO[0;0m 2021-08-18 21:13:20,761 meanfield_dca get_reg_pair_site_freqs 
	Regularizing pair site frequencies
[0;32mINFO[0;0m 2021-08-18 21:13:20,968 meanfield_dca construct_corr_mat 
	Constructing the correlation matrix
[0;32mINFO[0;0m 2021-08-18 21:13:21,320 meanfield_dca compute_couplings 
	Computing couplings
[0;32mINFO[0;0m 2021-08-18 21:13:21,876 meanfield_dca compute_couplings 
	Maximum and minimum couplings: 3.3749716716741895, -19.99992350724793
[0;32mINFO[0;0m 2021-08-18 21:13:21,877 meanfield_dca compute_sorted_FN 
	Computing Frobenius norm of couplings
[0;32mINFO[0;0m 2021-08-18 21:13:22,087 meanfield_dca compute_sorted_FN_APC 
	Performing average product correction (APC) to Frobenius norm of couplings.
[0;32mINFO[0;0m 2021-08-18 21:13:22,104 dca_utilities write_sorted_dca_scores 
	Writing DCA scores to file MFDCA_output_1j1u_B/MFDCA_apc_fn_scores_1j1u_B.txt
[0;32mINFO[0;0m 2021-08-18 21:13:22,123 mfdca_main run_meanfield_dca 
	DONE
