[0;32mINFO[0;0m 2021-08-19 11:41:10,214 plmdca __init__ Created plmDCA instance with:
            biomolecule: RNA
            MSA sequence length: 74
            total number of (unweighted) sequences: 18248
            sequence identity: 0.8
            lambda_h: 14.600000000000001
            lambda_J: 14.600000000000001
            gradient decent iterations: 500
            number of threads: 40
        
[0;32mINFO[0;0m 2021-08-19 11:41:10,214 plmdca get_fields_and_couplings_from_backend 
	Computing fields and couplings using gradient decent
Iteration 1:
fx = 75609.562500, xnorm = 29.954048, gnorm = 4684.065918, step = 0.000050

Iteration 2:
fx = 74196.679688, xnorm = 29.861351, gnorm = 5516.273926, step = 1.000000

Iteration 3:
fx = 71448.125000, xnorm = 29.636156, gnorm = 8298.706055, step = 1.000000

Iteration 4:
fx = 66005.156250, xnorm = 29.279034, gnorm = 10100.659180, step = 1.000000

Iteration 5:
fx = 58988.414062, xnorm = 29.318848, gnorm = 9004.660156, step = 1.000000

Iteration 6:
fx = 54787.355469, xnorm = 29.727976, gnorm = 5273.273926, step = 1.000000

Iteration 7:
fx = 52869.761719, xnorm = 30.008766, gnorm = 2917.398438, step = 1.000000

Iteration 8:
fx = 51506.734375, xnorm = 30.315313, gnorm = 2324.465332, step = 1.000000

Iteration 9:
fx = 50128.156250, xnorm = 30.934340, gnorm = 3140.505127, step = 1.000000

Iteration 10:
fx = 48342.511719, xnorm = 31.350420, gnorm = 3202.571533, step = 1.000000

Iteration 11:
fx = 46289.062500, xnorm = 31.312416, gnorm = 3010.278809, step = 1.000000

Iteration 12:
fx = 44695.496094, xnorm = 30.982895, gnorm = 4546.439941, step = 0.395259

Iteration 13:
fx = 42873.554688, xnorm = 30.191481, gnorm = 2503.235596, step = 1.000000

Iteration 14:
fx = 42326.023438, xnorm = 29.770256, gnorm = 2075.085449, step = 1.000000

Iteration 15:
fx = 41854.367188, xnorm = 29.356789, gnorm = 1718.674316, step = 1.000000

Iteration 16:
fx = 41094.664062, xnorm = 28.370317, gnorm = 1640.116699, step = 1.000000

Iteration 17:
fx = 40867.683594, xnorm = 27.157682, gnorm = 3919.787109, step = 1.000000

Iteration 18:
fx = 39977.929688, xnorm = 27.168564, gnorm = 1812.444946, step = 1.000000

Iteration 19:
fx = 39497.636719, xnorm = 27.071453, gnorm = 1726.377075, step = 1.000000

Iteration 20:
fx = 39104.769531, xnorm = 26.852551, gnorm = 2051.177979, step = 1.000000

Iteration 21:
fx = 38431.304688, xnorm = 26.691521, gnorm = 2978.344971, step = 1.000000

Iteration 22:
fx = 37589.160156, xnorm = 26.819273, gnorm = 3298.755859, step = 1.000000

Iteration 23:
fx = 36869.058594, xnorm = 27.005512, gnorm = 1883.575439, step = 1.000000

Iteration 24:
fx = 36507.406250, xnorm = 27.235428, gnorm = 1675.994385, step = 1.000000

Iteration 25:
fx = 36292.117188, xnorm = 27.290783, gnorm = 1350.771851, step = 1.000000

Iteration 26:
fx = 36034.800781, xnorm = 27.277983, gnorm = 1322.765137, step = 1.000000

Iteration 27:
fx = 35708.500000, xnorm = 27.231497, gnorm = 2024.457886, step = 1.000000

Iteration 28:
fx = 35493.667969, xnorm = 27.202667, gnorm = 1927.976807, step = 1.000000

Iteration 29:
fx = 35237.796875, xnorm = 27.118605, gnorm = 1048.215454, step = 1.000000

Iteration 30:
fx = 35044.605469, xnorm = 26.983519, gnorm = 980.363464, step = 1.000000

Iteration 31:
fx = 34895.433594, xnorm = 26.840080, gnorm = 1002.429443, step = 1.000000

Iteration 32:
fx = 34689.050781, xnorm = 26.614878, gnorm = 1294.352783, step = 1.000000

Iteration 33:
fx = 34442.347656, xnorm = 26.369915, gnorm = 1347.813843, step = 1.000000

Iteration 34:
fx = 34263.085938, xnorm = 26.208216, gnorm = 1026.526245, step = 1.000000

Iteration 35:
fx = 34140.523438, xnorm = 26.081726, gnorm = 747.382446, step = 1.000000

Iteration 36:
fx = 33983.242188, xnorm = 25.795826, gnorm = 836.427307, step = 1.000000

Iteration 37:
fx = 33901.406250, xnorm = 25.390530, gnorm = 1461.130981, step = 1.000000

Iteration 38:
fx = 33763.933594, xnorm = 25.318304, gnorm = 732.697754, step = 1.000000

Iteration 39:
fx = 33663.378906, xnorm = 25.147924, gnorm = 678.432312, step = 1.000000

Iteration 40:
fx = 33574.222656, xnorm = 24.899265, gnorm = 781.214172, step = 1.000000

Iteration 41:
fx = 33572.570312, xnorm = 24.303358, gnorm = 1855.789307, step = 1.000000

Iteration 42:
fx = 33399.839844, xnorm = 24.311647, gnorm = 475.827423, step = 1.000000

Iteration 43:
fx = 33376.445312, xnorm = 24.293486, gnorm = 403.166809, step = 1.000000

Iteration 44:
fx = 33329.292969, xnorm = 24.142593, gnorm = 436.390167, step = 1.000000

Iteration 45:
fx = 33303.667969, xnorm = 24.009197, gnorm = 636.354065, step = 0.416498

Iteration 46:
fx = 33256.875000, xnorm = 23.808569, gnorm = 496.671814, step = 1.000000

Iteration 47:
fx = 33216.125000, xnorm = 23.525290, gnorm = 692.738892, step = 1.000000

Iteration 48:
fx = 33171.226562, xnorm = 23.343498, gnorm = 450.466248, step = 1.000000

Iteration 49:
fx = 33155.273438, xnorm = 23.341549, gnorm = 286.781982, step = 1.000000

Iteration 50:
fx = 33143.519531, xnorm = 23.337122, gnorm = 291.540955, step = 1.000000

Iteration 51:
fx = 33131.082031, xnorm = 23.223389, gnorm = 508.711456, step = 1.000000

Iteration 52:
fx = 33116.910156, xnorm = 23.181280, gnorm = 352.102051, step = 1.000000

Iteration 53:
fx = 33099.523438, xnorm = 23.055035, gnorm = 257.492767, step = 1.000000

Iteration 54:
fx = 33091.675781, xnorm = 22.991457, gnorm = 304.627869, step = 1.000000

Iteration 55:
fx = 33083.875000, xnorm = 22.938751, gnorm = 284.893738, step = 1.000000

Iteration 56:
fx = 33069.281250, xnorm = 22.787046, gnorm = 381.142273, step = 1.000000

Iteration 57:
fx = 33064.414062, xnorm = 22.763762, gnorm = 222.320084, step = 0.177134

Iteration 58:
fx = 33060.343750, xnorm = 22.766363, gnorm = 173.330948, step = 1.000000

Iteration 59:
fx = 33058.007812, xnorm = 22.766403, gnorm = 186.836823, step = 1.000000

Iteration 60:
fx = 33054.171875, xnorm = 22.737257, gnorm = 282.535858, step = 1.000000

Iteration 61:
fx = 33051.328125, xnorm = 22.707108, gnorm = 161.966324, step = 1.000000

Iteration 62:
fx = 33048.062500, xnorm = 22.683439, gnorm = 126.868698, step = 1.000000

Iteration 63:
fx = 33044.566406, xnorm = 22.629606, gnorm = 205.298264, step = 1.000000

Iteration 64:
fx = 33042.757812, xnorm = 22.599943, gnorm = 171.455170, step = 1.000000

Iteration 65:
fx = 33040.886719, xnorm = 22.605209, gnorm = 101.437714, step = 1.000000

Iteration 66:
fx = 33038.816406, xnorm = 22.594927, gnorm = 77.133484, step = 1.000000

Iteration 67:
fx = 33037.097656, xnorm = 22.567019, gnorm = 112.412109, step = 1.000000

Iteration 68:
fx = 33036.972656, xnorm = 22.514877, gnorm = 200.433823, step = 1.000000

Iteration 69:
fx = 33034.375000, xnorm = 22.508177, gnorm = 72.200035, step = 1.000000

Iteration 70:
fx = 33033.183594, xnorm = 22.497089, gnorm = 65.816414, step = 1.000000

Iteration 71:
fx = 33031.500000, xnorm = 22.471273, gnorm = 69.976059, step = 1.000000

Iteration 72:
fx = 33031.058594, xnorm = 22.426012, gnorm = 204.112549, step = 1.000000

Iteration 73:
fx = 33029.203125, xnorm = 22.426435, gnorm = 59.159859, step = 1.000000

Iteration 74:
fx = 33028.648438, xnorm = 22.421982, gnorm = 44.440689, step = 1.000000

Iteration 75:
fx = 33027.625000, xnorm = 22.406466, gnorm = 55.777126, step = 1.000000

Iteration 76:
fx = 33026.496094, xnorm = 22.386362, gnorm = 79.174133, step = 1.000000

Iteration 77:
fx = 33024.464844, xnorm = 22.355009, gnorm = 79.416519, step = 1.000000

Iteration 78:
fx = 33024.175781, xnorm = 22.352425, gnorm = 41.109322, step = 1.000000

Iteration 79:
fx = 33023.640625, xnorm = 22.344910, gnorm = 45.278152, step = 1.000000

Iteration 80:
fx = 33022.957031, xnorm = 22.335192, gnorm = 42.820663, step = 1.000000

Iteration 81:
fx = 33021.652344, xnorm = 22.317558, gnorm = 51.844299, step = 1.000000

Iteration 82:
fx = 33021.171875, xnorm = 22.310421, gnorm = 37.134502, step = 1.000000

Iteration 83:
fx = 33020.625000, xnorm = 22.306648, gnorm = 34.314308, step = 1.000000

Iteration 84:
fx = 33020.082031, xnorm = 22.301201, gnorm = 39.897552, step = 1.000000

Iteration 85:
fx = 33019.671875, xnorm = 22.292431, gnorm = 52.814602, step = 1.000000

Iteration 86:
fx = 33019.367188, xnorm = 22.293316, gnorm = 24.971010, step = 1.000000

Iteration 87:
fx = 33019.308594, xnorm = 22.292780, gnorm = 20.513790, step = 1.000000

Iteration 88:
fx = 33019.062500, xnorm = 22.289883, gnorm = 20.861916, step = 1.000000

Iteration 89:
fx = 33019.039062, xnorm = 22.289415, gnorm = 20.311707, step = 0.216059

Iteration 90:
fx = 33018.917969, xnorm = 22.287088, gnorm = 20.108793, step = 1.000000

L-BFGS optimization terminated with status code = -1001
fx = 33018.917969
[0;32mINFO[0;0m 2021-08-19 11:41:20,689 plmdca get_fields_and_couplings_from_backend 
	Data size expected from plmDCA backend: 67895
[0;32mINFO[0;0m 2021-08-19 11:41:20,690 plmdca get_fields_and_couplings_from_backend 
	Data size obtained from plmDCA backend to Python: 67895
[0;32mINFO[0;0m 2021-08-19 11:41:20,733 plmdca compute_sorted_FN 
	Computing non-APC sorted DCA score
[0;32mINFO[0;0m 2021-08-19 11:41:20,845 plmdca compute_sorted_FN_APC 
	Performing average product correction (APC) of FN  of DCA scores
[0;32mINFO[0;0m 2021-08-19 11:41:20,866 dca_utilities write_sorted_dca_scores 
	Writing DCA scores to file PLMDCA_output_4yvi_C/PLMDCA_apc_fn_scores_4yvi_C.txt
