[0;32mINFO[0;0m 2021-10-27 21:42:56,933 fasta_reader get_alignment_int_form 
	Total number of sequences read from file: 1
[0;32mINFO[0;0m 2021-10-27 21:42:56,933 meanfield_dca compute_sequences_weight 
	Computing sequences weights
[0;32mINFO[0;0m 2021-10-27 21:42:57,803 meanfield_dca __init__ 
	Created a MeanFieldDCA object with the following attributes
        	biomolecule: RNA
        	total states at sites: 5
        	pseudocount: 0.5
        	sequence identity: 0.8
        	alignment length: 54
        	total number of unique sequences (excluding redundant sequences with 100 percent similarity): 1
        	effective number of sequences (with sequence identity 0.8): 1.0
        
[0;32mINFO[0;0m 2021-10-27 21:42:57,804 meanfield_dca get_single_site_freqs 
	Computing single site frequencies
[0;32mINFO[0;0m 2021-10-27 21:42:58,161 meanfield_dca get_reg_single_site_freqs 
	Regularizing single site frequencies
[0;32mINFO[0;0m 2021-10-27 21:42:58,282 meanfield_dca get_pair_site_freqs 
	Computing pair site frequencies
[0;32mINFO[0;0m 2021-10-27 21:43:01,442 meanfield_dca get_reg_pair_site_freqs 
	Regularizing pair site frequencies
[0;32mINFO[0;0m 2021-10-27 21:43:01,639 meanfield_dca construct_corr_mat 
	Constructing the correlation matrix
[0;32mINFO[0;0m 2021-10-27 21:43:01,949 meanfield_dca compute_couplings 
	Computing couplings
[0;32mINFO[0;0m 2021-10-27 21:43:02,456 meanfield_dca compute_couplings 
	Maximum and minimum couplings: 0.22935779816515986, -20.000000000000007
[0;32mINFO[0;0m 2021-10-27 21:43:02,456 meanfield_dca compute_sorted_FN 
	Computing Frobenius norm of couplings
[0;32mINFO[0;0m 2021-10-27 21:43:02,590 meanfield_dca compute_sorted_FN_APC 
	Performing average product correction (APC) to Frobenius norm of couplings.
[0;32mINFO[0;0m 2021-10-27 21:43:02,595 dca_utilities write_sorted_dca_scores 
	Writing DCA scores to file MFDCA_output_5wlh_B/MFDCA_apc_fn_scores_5wlh_B.txt
[0;32mINFO[0;0m 2021-10-27 21:43:02,598 mfdca_main run_meanfield_dca 
	DONE
