[0;32mINFO[0;0m 2021-08-03 01:58:03,064 plmdca __init__ Created plmDCA instance with:
            biomolecule: RNA
            MSA sequence length: 107
            total number of (unweighted) sequences: 3
            sequence identity: 0.8
            lambda_h: 21.200000000000003
            lambda_J: 21.200000000000003
            gradient decent iterations: 500
            number of threads: 40
        
[0;32mINFO[0;0m 2021-08-03 01:58:03,064 plmdca get_fields_and_couplings_from_backend 
	Computing fields and couplings using gradient decent
Iteration 1:
fx = 1703.680298, xnorm = 8.552814, gnorm = 368.581543, step = 0.002395

Iteration 2:
fx = 373.200836, xnorm = 1.729592, gnorm = 214.729340, step = 1.000000

Iteration 3:
fx = 215.270264, xnorm = 2.860526, gnorm = 104.499924, step = 1.000000

Iteration 4:
fx = 146.836975, xnorm = 1.971035, gnorm = 35.038670, step = 1.000000

Iteration 5:
fx = 144.319489, xnorm = 1.561240, gnorm = 19.315699, step = 1.000000

Iteration 6:
fx = 141.878632, xnorm = 1.697897, gnorm = 2.095933, step = 1.000000

L-BFGS optimization terminated with status code = -1001
fx = 141.877777
[0;32mINFO[0;0m 2021-08-03 01:58:03,186 plmdca get_fields_and_couplings_from_backend 
	Data size expected from plmDCA backend: 142310
[0;32mINFO[0;0m 2021-08-03 01:58:03,186 plmdca get_fields_and_couplings_from_backend 
	Data size obtained from plmDCA backend to Python: 142310
[0;32mINFO[0;0m 2021-08-03 01:58:03,280 plmdca compute_sorted_FN 
	Computing non-APC sorted DCA score
[0;32mINFO[0;0m 2021-08-03 01:58:03,540 plmdca compute_sorted_FN_APC 
	Performing average product correction (APC) of FN  of DCA scores
[0;32mINFO[0;0m 2021-08-03 01:58:03,586 dca_utilities write_sorted_dca_scores 
	Writing DCA scores to file PLMDCA_output_4y1m_A/PLMDCA_apc_fn_scores_4y1m_A.txt
