[0;32mINFO[0;0m 2021-06-10 15:06:27,889 plmdca __init__ Created plmDCA instance with:
            biomolecule: RNA
            MSA sequence length: 42
            total number of (unweighted) sequences: 13
            sequence identity: 0.8
            lambda_h: 8.200000000000001
            lambda_J: 8.200000000000001
            gradient decent iterations: 500
            number of threads: 40
        
[0;32mINFO[0;0m 2021-06-10 15:06:27,889 plmdca get_fields_and_couplings_from_backend 
	Computing fields and couplings using gradient decent
Iteration 1:
fx = 170.133392, xnorm = 3.970148, gnorm = 64.257660, step = 0.011849

Iteration 2:
fx = 54.173065, xnorm = 1.049523, gnorm = 21.502117, step = 1.000000

Iteration 3:
fx = 46.028465, xnorm = 1.532753, gnorm = 12.611371, step = 1.000000

Iteration 4:
fx = 44.948368, xnorm = 1.294035, gnorm = 1.499130, step = 1.000000

L-BFGS optimization terminated with status code = -1001
fx = 44.948372
[0;32mINFO[0;0m 2021-06-10 15:06:27,960 plmdca get_fields_and_couplings_from_backend 
	Data size expected from plmDCA backend: 21735
[0;32mINFO[0;0m 2021-06-10 15:06:27,960 plmdca get_fields_and_couplings_from_backend 
	Data size obtained from plmDCA backend to Python: 21735
[0;32mINFO[0;0m 2021-06-10 15:06:27,979 plmdca compute_sorted_FN 
	Computing non-APC sorted DCA score
[0;32mINFO[0;0m 2021-06-10 15:06:28,038 plmdca compute_sorted_FN_APC 
	Performing average product correction (APC) of FN  of DCA scores
[0;32mINFO[0;0m 2021-06-10 15:06:28,043 dca_utilities write_sorted_dca_scores 
	Writing DCA scores to file PLMDCA_output_PKB6/PLMDCA_apc_fn_scores_PKB6.txt
