[0;32mINFO[0;0m 2021-09-18 14:57:04,175 fasta_reader get_alignment_int_form 
	Found 239 non-standard residues in 61 sequences
[0;32mINFO[0;0m 2021-09-18 14:57:04,175 fasta_reader get_alignment_int_form 
	Total number of sequences read from file: 1723
[0;32mINFO[0;0m 2021-09-18 14:57:04,175 meanfield_dca compute_sequences_weight 
	Computing sequences weights
[0;32mINFO[0;0m 2021-09-18 14:57:05,048 meanfield_dca __init__ 
	Created a MeanFieldDCA object with the following attributes
        	biomolecule: RNA
        	total states at sites: 5
        	pseudocount: 0.5
        	sequence identity: 0.8
        	alignment length: 61
        	total number of unique sequences (excluding redundant sequences with 100 percent similarity): 1722
        	effective number of sequences (with sequence identity 0.8): 48.90943224588331
        
[0;32mINFO[0;0m 2021-09-18 14:57:05,050 meanfield_dca get_single_site_freqs 
	Computing single site frequencies
[0;32mINFO[0;0m 2021-09-18 14:57:05,459 meanfield_dca get_reg_single_site_freqs 
	Regularizing single site frequencies
[0;32mINFO[0;0m 2021-09-18 14:57:05,584 meanfield_dca get_pair_site_freqs 
	Computing pair site frequencies
[0;32mINFO[0;0m 2021-09-18 14:57:08,840 meanfield_dca get_reg_pair_site_freqs 
	Regularizing pair site frequencies
[0;32mINFO[0;0m 2021-09-18 14:57:09,090 meanfield_dca construct_corr_mat 
	Constructing the correlation matrix
[0;32mINFO[0;0m 2021-09-18 14:57:09,353 meanfield_dca compute_couplings 
	Computing couplings
[0;32mINFO[0;0m 2021-09-18 14:57:09,898 meanfield_dca compute_couplings 
	Maximum and minimum couplings: 3.9046527816451437, -19.973153131848527
[0;32mINFO[0;0m 2021-09-18 14:57:09,898 meanfield_dca compute_sorted_FN 
	Computing Frobenius norm of couplings
[0;32mINFO[0;0m 2021-09-18 14:57:10,047 meanfield_dca compute_sorted_FN_APC 
	Performing average product correction (APC) to Frobenius norm of couplings.
[0;32mINFO[0;0m 2021-09-18 14:57:10,056 dca_utilities write_sorted_dca_scores 
	Writing DCA scores to file MFDCA_output_PKB79/MFDCA_apc_fn_scores_PKB79.txt
[0;32mINFO[0;0m 2021-09-18 14:57:10,060 mfdca_main run_meanfield_dca 
	DONE
