[0;32mINFO[0;0m 2021-08-03 01:15:31,135 fasta_reader get_alignment_int_form 
	Found 130 non-standard residues in 9 sequences
[0;32mINFO[0;0m 2021-08-03 01:15:31,135 fasta_reader get_alignment_int_form 
	Total number of sequences read from file: 10
[0;32mINFO[0;0m 2021-08-03 01:15:31,135 meanfield_dca compute_sequences_weight 
	Computing sequences weights
[0;32mINFO[0;0m 2021-08-03 01:15:32,454 meanfield_dca __init__ 
	Created a MeanFieldDCA object with the following attributes
        	biomolecule: RNA
        	total states at sites: 5
        	pseudocount: 0.5
        	sequence identity: 0.8
        	alignment length: 77
        	total number of unique sequences (excluding redundant sequences with 100 percent similarity): 10
        	effective number of sequences (with sequence identity 0.8): 1.488888888888889
        
[0;32mINFO[0;0m 2021-08-03 01:15:32,455 meanfield_dca get_single_site_freqs 
	Computing single site frequencies
[0;32mINFO[0;0m 2021-08-03 01:15:33,136 meanfield_dca get_reg_single_site_freqs 
	Regularizing single site frequencies
[0;32mINFO[0;0m 2021-08-03 01:15:33,347 meanfield_dca get_pair_site_freqs 
	Computing pair site frequencies
[0;32mINFO[0;0m 2021-08-03 01:15:40,267 meanfield_dca get_reg_pair_site_freqs 
	Regularizing pair site frequencies
[0;32mINFO[0;0m 2021-08-03 01:15:40,620 meanfield_dca construct_corr_mat 
	Constructing the correlation matrix
[0;32mINFO[0;0m 2021-08-03 01:15:41,098 meanfield_dca compute_couplings 
	Computing couplings
[0;32mINFO[0;0m 2021-08-03 01:15:43,008 meanfield_dca compute_couplings 
	Maximum and minimum couplings: 5.210730709860673, -20.000000000000014
[0;32mINFO[0;0m 2021-08-03 01:15:43,008 meanfield_dca compute_sorted_FN 
	Computing Frobenius norm of couplings
[0;32mINFO[0;0m 2021-08-03 01:15:43,302 meanfield_dca compute_sorted_FN_APC 
	Performing average product correction (APC) to Frobenius norm of couplings.
[0;32mINFO[0;0m 2021-08-03 01:15:43,335 dca_utilities write_sorted_dca_scores 
	Writing DCA scores to file MFDCA_output_1j1u_B/MFDCA_apc_fn_scores_1j1u_B.txt
[0;32mINFO[0;0m 2021-08-03 01:15:43,346 mfdca_main run_meanfield_dca 
	DONE
