[0;32mINFO[0;0m 2021-05-22 19:48:30,659 plmdca __init__ Created plmDCA instance with:
            biomolecule: RNA
            MSA sequence length: 76
            total number of (unweighted) sequences: 50000
            sequence identity: 0.8
            lambda_h: 15.0
            lambda_J: 15.0
            gradient decent iterations: 500
            number of threads: 40
        
[0;32mINFO[0;0m 2021-05-22 19:48:30,659 plmdca get_fields_and_couplings_from_backend 
	Computing fields and couplings using gradient decent
Iteration 1:
fx = 73341.312500, xnorm = 37.118244, gnorm = 3940.072754, step = 0.000062

Iteration 2:
fx = 72111.000000, xnorm = 36.968914, gnorm = 5006.506348, step = 1.000000

Iteration 3:
fx = 69932.085938, xnorm = 36.639244, gnorm = 7455.869141, step = 1.000000

Iteration 4:
fx = 65401.738281, xnorm = 35.846085, gnorm = 12249.273438, step = 1.000000

Iteration 5:
fx = 55210.207031, xnorm = 35.111652, gnorm = 8886.336914, step = 1.000000

Iteration 6:
fx = 47810.867188, xnorm = 35.240540, gnorm = 4972.872559, step = 1.000000

Iteration 7:
fx = 46405.980469, xnorm = 35.625019, gnorm = 3283.794678, step = 1.000000

Iteration 8:
fx = 45578.359375, xnorm = 35.699764, gnorm = 2388.528809, step = 1.000000

Iteration 9:
fx = 44632.535156, xnorm = 35.757572, gnorm = 2629.589600, step = 1.000000

Iteration 10:
fx = 43978.765625, xnorm = 35.659397, gnorm = 1942.254761, step = 1.000000

Iteration 11:
fx = 41878.300781, xnorm = 34.894955, gnorm = 2881.815430, step = 1.000000

Iteration 12:
fx = 39801.125000, xnorm = 34.088097, gnorm = 3214.463623, step = 1.000000

Iteration 13:
fx = 38247.910156, xnorm = 33.279919, gnorm = 4186.225098, step = 1.000000

Iteration 14:
fx = 36653.125000, xnorm = 32.670685, gnorm = 2535.792969, step = 1.000000

Iteration 15:
fx = 35644.476562, xnorm = 31.785248, gnorm = 2213.621582, step = 1.000000

Iteration 16:
fx = 35409.906250, xnorm = 30.990133, gnorm = 3803.805908, step = 1.000000

Iteration 17:
fx = 34716.894531, xnorm = 30.922581, gnorm = 1874.675049, step = 1.000000

Iteration 18:
fx = 34103.886719, xnorm = 30.336323, gnorm = 1603.600342, step = 1.000000

Iteration 19:
fx = 33554.910156, xnorm = 29.614574, gnorm = 1952.954834, step = 1.000000

Iteration 20:
fx = 33134.019531, xnorm = 27.754900, gnorm = 4285.853027, step = 1.000000

Iteration 21:
fx = 31835.847656, xnorm = 27.196711, gnorm = 2128.558838, step = 1.000000

Iteration 22:
fx = 31318.736328, xnorm = 26.010351, gnorm = 2886.307129, step = 1.000000

Iteration 23:
fx = 30850.294922, xnorm = 25.405645, gnorm = 1745.643921, step = 1.000000

Iteration 24:
fx = 30606.576172, xnorm = 25.242064, gnorm = 1290.604980, step = 1.000000

Iteration 25:
fx = 30198.787109, xnorm = 24.528458, gnorm = 1195.856079, step = 1.000000

Iteration 26:
fx = 29915.316406, xnorm = 23.708988, gnorm = 1983.567749, step = 1.000000

Iteration 27:
fx = 29549.234375, xnorm = 23.204792, gnorm = 1401.366821, step = 1.000000

Iteration 28:
fx = 29242.867188, xnorm = 22.640526, gnorm = 1315.318481, step = 1.000000

Iteration 29:
fx = 29065.136719, xnorm = 22.139372, gnorm = 1675.421753, step = 1.000000

Iteration 30:
fx = 28823.457031, xnorm = 21.739670, gnorm = 1054.177490, step = 1.000000

Iteration 31:
fx = 28641.505859, xnorm = 21.521530, gnorm = 1035.967407, step = 1.000000

Iteration 32:
fx = 28423.205078, xnorm = 21.296289, gnorm = 1056.476685, step = 1.000000

Iteration 33:
fx = 28242.119141, xnorm = 20.982569, gnorm = 1229.484619, step = 1.000000

Iteration 34:
fx = 28132.320312, xnorm = 20.821556, gnorm = 1232.390869, step = 1.000000

Iteration 35:
fx = 28022.404297, xnorm = 20.795965, gnorm = 782.503662, step = 1.000000

Iteration 36:
fx = 27918.769531, xnorm = 20.687397, gnorm = 725.191833, step = 1.000000

Iteration 37:
fx = 27845.101562, xnorm = 20.536926, gnorm = 1122.621704, step = 1.000000

Iteration 38:
fx = 27760.730469, xnorm = 20.481709, gnorm = 653.883606, step = 1.000000

Iteration 39:
fx = 27709.029297, xnorm = 20.466373, gnorm = 565.873901, step = 1.000000

Iteration 40:
fx = 27662.839844, xnorm = 20.473276, gnorm = 621.415222, step = 1.000000

Iteration 41:
fx = 27606.939453, xnorm = 20.527237, gnorm = 984.617493, step = 1.000000

Iteration 42:
fx = 27540.113281, xnorm = 20.609259, gnorm = 789.294006, step = 1.000000

Iteration 43:
fx = 27486.050781, xnorm = 20.633543, gnorm = 559.389282, step = 1.000000

Iteration 44:
fx = 27424.798828, xnorm = 20.715000, gnorm = 466.852051, step = 1.000000

Iteration 45:
fx = 27396.656250, xnorm = 20.815681, gnorm = 731.513428, step = 1.000000

Iteration 46:
fx = 27362.562500, xnorm = 20.913448, gnorm = 414.858276, step = 1.000000

Iteration 47:
fx = 27345.830078, xnorm = 20.971951, gnorm = 292.105682, step = 1.000000

Iteration 48:
fx = 27331.757812, xnorm = 21.025913, gnorm = 306.387543, step = 1.000000

Iteration 49:
fx = 27320.458984, xnorm = 21.087336, gnorm = 331.641296, step = 1.000000

Iteration 50:
fx = 27309.359375, xnorm = 21.118368, gnorm = 288.960083, step = 1.000000

Iteration 51:
fx = 27298.208984, xnorm = 21.131420, gnorm = 243.073425, step = 1.000000

Iteration 52:
fx = 27296.019531, xnorm = 21.175682, gnorm = 466.611145, step = 1.000000

Iteration 53:
fx = 27283.277344, xnorm = 21.184841, gnorm = 185.110077, step = 1.000000

Iteration 54:
fx = 27279.531250, xnorm = 21.195435, gnorm = 157.383804, step = 1.000000

Iteration 55:
fx = 27275.388672, xnorm = 21.222509, gnorm = 156.508286, step = 1.000000

Iteration 56:
fx = 27273.476562, xnorm = 21.233488, gnorm = 169.015625, step = 0.302309

Iteration 57:
fx = 27270.976562, xnorm = 21.262352, gnorm = 130.682449, step = 1.000000

Iteration 58:
fx = 27270.091797, xnorm = 21.268463, gnorm = 123.680870, step = 0.278631

Iteration 59:
fx = 27268.134766, xnorm = 21.283304, gnorm = 88.611115, step = 1.000000

Iteration 60:
fx = 27265.992188, xnorm = 21.286392, gnorm = 114.774574, step = 1.000000

Iteration 61:
fx = 27265.376953, xnorm = 21.283003, gnorm = 69.152924, step = 0.338770

Iteration 62:
fx = 27264.552734, xnorm = 21.272635, gnorm = 63.809101, step = 1.000000

Iteration 63:
fx = 27263.580078, xnorm = 21.261179, gnorm = 119.499077, step = 1.000000

Iteration 64:
fx = 27262.810547, xnorm = 21.252920, gnorm = 51.220066, step = 1.000000

Iteration 65:
fx = 27262.185547, xnorm = 21.250057, gnorm = 44.185242, step = 1.000000

Iteration 66:
fx = 27261.699219, xnorm = 21.244526, gnorm = 68.131737, step = 1.000000

Iteration 67:
fx = 27261.136719, xnorm = 21.238909, gnorm = 66.549660, step = 1.000000

Iteration 68:
fx = 27260.656250, xnorm = 21.237665, gnorm = 35.214214, step = 1.000000

Iteration 69:
fx = 27260.464844, xnorm = 21.234861, gnorm = 33.045822, step = 1.000000

Iteration 70:
fx = 27260.169922, xnorm = 21.231138, gnorm = 35.195423, step = 1.000000

Iteration 71:
fx = 27259.931641, xnorm = 21.222908, gnorm = 47.511787, step = 1.000000

Iteration 72:
fx = 27259.574219, xnorm = 21.220673, gnorm = 25.746088, step = 1.000000

Iteration 73:
fx = 27259.394531, xnorm = 21.218718, gnorm = 26.843302, step = 1.000000

Iteration 74:
fx = 27259.201172, xnorm = 21.214512, gnorm = 38.205723, step = 1.000000

Iteration 75:
fx = 27258.927734, xnorm = 21.207867, gnorm = 39.929600, step = 1.000000

Iteration 76:
fx = 27258.919922, xnorm = 21.207150, gnorm = 21.681139, step = 1.000000

Iteration 77:
fx = 27258.853516, xnorm = 21.205545, gnorm = 23.361292, step = 1.000000

Iteration 78:
fx = 27258.646484, xnorm = 21.201759, gnorm = 26.676104, step = 1.000000

Iteration 79:
fx = 27258.593750, xnorm = 21.198671, gnorm = 26.189697, step = 0.369643

Iteration 80:
fx = 27258.316406, xnorm = 21.193111, gnorm = 18.246065, step = 1.000000

Iteration 81:
fx = 27258.244141, xnorm = 21.188839, gnorm = 29.400732, step = 1.000000

Iteration 82:
fx = 27258.111328, xnorm = 21.185461, gnorm = 13.936348, step = 1.000000

Iteration 83:
fx = 27258.107422, xnorm = 21.184851, gnorm = 12.236172, step = 1.000000

Iteration 84:
fx = 27258.107422, xnorm = 21.184746, gnorm = 11.700956, step = 0.099575

L-BFGS optimization terminated with status code = -1001
fx = 27258.109375
[0;32mINFO[0;0m 2021-05-22 19:49:24,018 plmdca get_fields_and_couplings_from_backend 
	Data size expected from plmDCA backend: 71630
[0;32mINFO[0;0m 2021-05-22 19:49:24,018 plmdca get_fields_and_couplings_from_backend 
	Data size obtained from plmDCA backend to Python: 71630
[0;32mINFO[0;0m 2021-05-22 19:49:24,082 plmdca compute_sorted_FN 
	Computing non-APC sorted DCA score
[0;32mINFO[0;0m 2021-05-22 19:49:24,305 plmdca compute_sorted_FN_APC 
	Performing average product correction (APC) of FN  of DCA scores
[0;32mINFO[0;0m 2021-05-22 19:49:24,342 dca_utilities write_sorted_dca_scores 
	Writing DCA scores to file PLMDCA_output_4tna_A/PLMDCA_apc_fn_scores_4tna_A.txt
