[0;32mINFO[0;0m 2021-10-27 21:48:27,213 fasta_reader get_alignment_int_form 
	Total number of sequences read from file: 6
[0;32mINFO[0;0m 2021-10-27 21:48:27,214 meanfield_dca compute_sequences_weight 
	Computing sequences weights
[0;32mINFO[0;0m 2021-10-27 21:48:28,078 meanfield_dca __init__ 
	Created a MeanFieldDCA object with the following attributes
        	biomolecule: RNA
        	total states at sites: 5
        	pseudocount: 0.5
        	sequence identity: 0.8
        	alignment length: 132
        	total number of unique sequences (excluding redundant sequences with 100 percent similarity): 6
        	effective number of sequences (with sequence identity 0.8): 4.0
        
[0;32mINFO[0;0m 2021-10-27 21:48:28,079 meanfield_dca get_single_site_freqs 
	Computing single site frequencies
[0;32mINFO[0;0m 2021-10-27 21:48:28,436 meanfield_dca get_reg_single_site_freqs 
	Regularizing single site frequencies
[0;32mINFO[0;0m 2021-10-27 21:48:28,558 meanfield_dca get_pair_site_freqs 
	Computing pair site frequencies
[0;32mINFO[0;0m 2021-10-27 21:48:31,754 meanfield_dca get_reg_pair_site_freqs 
	Regularizing pair site frequencies
[0;32mINFO[0;0m 2021-10-27 21:48:31,994 meanfield_dca construct_corr_mat 
	Constructing the correlation matrix
[0;32mINFO[0;0m 2021-10-27 21:48:32,326 meanfield_dca compute_couplings 
	Computing couplings
[0;32mINFO[0;0m 2021-10-27 21:48:33,017 meanfield_dca compute_couplings 
	Maximum and minimum couplings: 4.383078729050188, -20.000000000000025
[0;32mINFO[0;0m 2021-10-27 21:48:33,018 meanfield_dca compute_sorted_FN 
	Computing Frobenius norm of couplings
[0;32mINFO[0;0m 2021-10-27 21:48:33,416 meanfield_dca compute_sorted_FN_APC 
	Performing average product correction (APC) to Frobenius norm of couplings.
[0;32mINFO[0;0m 2021-10-27 21:48:33,500 dca_utilities write_sorted_dca_scores 
	Writing DCA scores to file MFDCA_output_6g7z_A/MFDCA_apc_fn_scores_6g7z_A.txt
[0;32mINFO[0;0m 2021-10-27 21:48:33,518 mfdca_main run_meanfield_dca 
	DONE
