[0;32mINFO[0;0m 2021-06-10 13:25:31,954 fasta_reader get_alignment_int_form 
	Found 8 non-standard residues in 7 sequences
[0;32mINFO[0;0m 2021-06-10 13:25:31,954 fasta_reader get_alignment_int_form 
	Total number of sequences read from file: 408
[0;32mINFO[0;0m 2021-06-10 13:25:31,954 meanfield_dca compute_sequences_weight 
	Computing sequences weights
[0;32mINFO[0;0m 2021-06-10 13:25:33,578 meanfield_dca __init__ 
	Created a MeanFieldDCA object with the following attributes
        	biomolecule: RNA
        	total states at sites: 5
        	pseudocount: 0.5
        	sequence identity: 0.8
        	alignment length: 73
        	total number of unique sequences (excluding redundant sequences with 100 percent similarity): 407
        	effective number of sequences (with sequence identity 0.8): 9.73825964505853
        
[0;32mINFO[0;0m 2021-06-10 13:25:33,578 meanfield_dca get_single_site_freqs 
	Computing single site frequencies
[0;32mINFO[0;0m 2021-06-10 13:25:34,321 meanfield_dca get_reg_single_site_freqs 
	Regularizing single site frequencies
[0;32mINFO[0;0m 2021-06-10 13:25:34,574 meanfield_dca get_pair_site_freqs 
	Computing pair site frequencies
[0;32mINFO[0;0m 2021-06-10 13:25:41,621 meanfield_dca get_reg_pair_site_freqs 
	Regularizing pair site frequencies
[0;32mINFO[0;0m 2021-06-10 13:25:42,037 meanfield_dca construct_corr_mat 
	Constructing the correlation matrix
[0;32mINFO[0;0m 2021-06-10 13:25:42,666 meanfield_dca compute_couplings 
	Computing couplings
[0;32mINFO[0;0m 2021-06-10 13:25:44,973 meanfield_dca compute_couplings 
	Maximum and minimum couplings: 2.9073347064827093, -20.000000000000018
[0;32mINFO[0;0m 2021-06-10 13:25:44,974 meanfield_dca compute_sorted_FN 
	Computing Frobenius norm of couplings
[0;32mINFO[0;0m 2021-06-10 13:25:45,258 meanfield_dca compute_sorted_FN_APC 
	Performing average product correction (APC) to Frobenius norm of couplings.
[0;32mINFO[0;0m 2021-06-10 13:25:45,292 dca_utilities write_sorted_dca_scores 
	Writing DCA scores to file MFDCA_output_PKB169/MFDCA_apc_fn_scores_PKB169.txt
[0;32mINFO[0;0m 2021-06-10 13:25:45,306 mfdca_main run_meanfield_dca 
	DONE
