[0;32mINFO[0;0m 2021-06-10 13:33:34,597 fasta_reader get_alignment_int_form 
	Total number of sequences read from file: 31
[0;32mINFO[0;0m 2021-06-10 13:33:34,597 meanfield_dca compute_sequences_weight 
	Computing sequences weights
[0;32mINFO[0;0m 2021-06-10 13:33:36,257 meanfield_dca __init__ 
	Created a MeanFieldDCA object with the following attributes
        	biomolecule: RNA
        	total states at sites: 5
        	pseudocount: 0.5
        	sequence identity: 0.8
        	alignment length: 82
        	total number of unique sequences (excluding redundant sequences with 100 percent similarity): 31
        	effective number of sequences (with sequence identity 0.8): 13.233333333333333
        
[0;32mINFO[0;0m 2021-06-10 13:33:36,259 meanfield_dca get_single_site_freqs 
	Computing single site frequencies
[0;32mINFO[0;0m 2021-06-10 13:33:37,004 meanfield_dca get_reg_single_site_freqs 
	Regularizing single site frequencies
[0;32mINFO[0;0m 2021-06-10 13:33:37,260 meanfield_dca get_pair_site_freqs 
	Computing pair site frequencies
[0;32mINFO[0;0m 2021-06-10 13:33:42,620 meanfield_dca get_reg_pair_site_freqs 
	Regularizing pair site frequencies
[0;32mINFO[0;0m 2021-06-10 13:33:42,856 meanfield_dca construct_corr_mat 
	Constructing the correlation matrix
[0;32mINFO[0;0m 2021-06-10 13:33:43,222 meanfield_dca compute_couplings 
	Computing couplings
[0;32mINFO[0;0m 2021-06-10 13:33:44,666 meanfield_dca compute_couplings 
	Maximum and minimum couplings: 1.5452180643815672, -20.000000000000025
[0;32mINFO[0;0m 2021-06-10 13:33:44,666 meanfield_dca compute_sorted_FN 
	Computing Frobenius norm of couplings
[0;32mINFO[0;0m 2021-06-10 13:33:44,880 meanfield_dca compute_sorted_FN_APC 
	Performing average product correction (APC) to Frobenius norm of couplings.
[0;32mINFO[0;0m 2021-06-10 13:33:44,906 dca_utilities write_sorted_dca_scores 
	Writing DCA scores to file MFDCA_output_PKB228/MFDCA_apc_fn_scores_PKB228.txt
[0;32mINFO[0;0m 2021-06-10 13:33:44,915 mfdca_main run_meanfield_dca 
	DONE
