[0;32mINFO[0;0m 2021-08-18 22:16:19,362 fasta_reader get_alignment_int_form 
	Total number of sequences read from file: 115
[0;32mINFO[0;0m 2021-08-18 22:16:19,362 meanfield_dca compute_sequences_weight 
	Computing sequences weights
[0;32mINFO[0;0m 2021-08-18 22:16:20,211 meanfield_dca __init__ 
	Created a MeanFieldDCA object with the following attributes
        	biomolecule: RNA
        	total states at sites: 5
        	pseudocount: 0.5
        	sequence identity: 0.8
        	alignment length: 55
        	total number of unique sequences (excluding redundant sequences with 100 percent similarity): 114
        	effective number of sequences (with sequence identity 0.8): 64.39166666666667
        
[0;32mINFO[0;0m 2021-08-18 22:16:20,211 meanfield_dca get_single_site_freqs 
	Computing single site frequencies
[0;32mINFO[0;0m 2021-08-18 22:16:20,566 meanfield_dca get_reg_single_site_freqs 
	Regularizing single site frequencies
[0;32mINFO[0;0m 2021-08-18 22:16:20,687 meanfield_dca get_pair_site_freqs 
	Computing pair site frequencies
[0;32mINFO[0;0m 2021-08-18 22:16:23,832 meanfield_dca get_reg_pair_site_freqs 
	Regularizing pair site frequencies
[0;32mINFO[0;0m 2021-08-18 22:16:24,029 meanfield_dca construct_corr_mat 
	Constructing the correlation matrix
[0;32mINFO[0;0m 2021-08-18 22:16:24,341 meanfield_dca compute_couplings 
	Computing couplings
[0;32mINFO[0;0m 2021-08-18 22:16:24,860 meanfield_dca compute_couplings 
	Maximum and minimum couplings: 3.8067385622696346, -19.696815302964797
[0;32mINFO[0;0m 2021-08-18 22:16:24,860 meanfield_dca compute_sorted_FN 
	Computing Frobenius norm of couplings
[0;32mINFO[0;0m 2021-08-18 22:16:24,993 meanfield_dca compute_sorted_FN_APC 
	Performing average product correction (APC) to Frobenius norm of couplings.
[0;32mINFO[0;0m 2021-08-18 22:16:24,999 dca_utilities write_sorted_dca_scores 
	Writing DCA scores to file MFDCA_output_5ztm_C/MFDCA_apc_fn_scores_5ztm_C.txt
[0;32mINFO[0;0m 2021-08-18 22:16:25,002 mfdca_main run_meanfield_dca 
	DONE
