[0;32mINFO[0;0m 2021-05-22 18:51:22,169 fasta_reader get_alignment_int_form 
	Total number of sequences read from file: 90
[0;32mINFO[0;0m 2021-05-22 18:51:22,170 meanfield_dca compute_sequences_weight 
	Computing sequences weights
[0;32mINFO[0;0m 2021-05-22 18:51:23,156 meanfield_dca __init__ 
	Created a MeanFieldDCA object with the following attributes
        	biomolecule: RNA
        	total states at sites: 5
        	pseudocount: 0.5
        	sequence identity: 0.8
        	alignment length: 34
        	total number of unique sequences (excluding redundant sequences with 100 percent similarity): 89
        	effective number of sequences (with sequence identity 0.8): 2.2766687772174583
        
[0;32mINFO[0;0m 2021-05-22 18:51:23,156 meanfield_dca get_single_site_freqs 
	Computing single site frequencies
[0;32mINFO[0;0m 2021-05-22 18:51:23,513 meanfield_dca get_reg_single_site_freqs 
	Regularizing single site frequencies
[0;32mINFO[0;0m 2021-05-22 18:51:23,710 meanfield_dca get_pair_site_freqs 
	Computing pair site frequencies
[0;32mINFO[0;0m 2021-05-22 18:51:26,846 meanfield_dca get_reg_pair_site_freqs 
	Regularizing pair site frequencies
[0;32mINFO[0;0m 2021-05-22 18:51:27,044 meanfield_dca construct_corr_mat 
	Constructing the correlation matrix
[0;32mINFO[0;0m 2021-05-22 18:51:27,350 meanfield_dca compute_couplings 
	Computing couplings
[0;32mINFO[0;0m 2021-05-22 18:51:27,806 meanfield_dca compute_couplings 
	Maximum and minimum couplings: 5.6734713653192195, -20.000000000000014
[0;32mINFO[0;0m 2021-05-22 18:51:27,806 meanfield_dca compute_sorted_FN 
	Computing Frobenius norm of couplings
[0;32mINFO[0;0m 2021-05-22 18:51:27,869 meanfield_dca compute_sorted_FN_APC 
	Performing average product correction (APC) to Frobenius norm of couplings.
[0;32mINFO[0;0m 2021-05-22 18:51:27,873 dca_utilities write_sorted_dca_scores 
	Writing DCA scores to file MFDCA_output_3fu2_A/MFDCA_apc_fn_scores_3fu2_A.txt
[0;32mINFO[0;0m 2021-05-22 18:51:27,877 mfdca_main run_meanfield_dca 
	DONE
