[0;32mINFO[0;0m 2021-08-19 10:56:35,108 fasta_reader get_alignment_int_form 
	Total number of sequences read from file: 34
[0;32mINFO[0;0m 2021-08-19 10:56:35,108 meanfield_dca compute_sequences_weight 
	Computing sequences weights
[0;32mINFO[0;0m 2021-08-19 10:56:35,955 meanfield_dca __init__ 
	Created a MeanFieldDCA object with the following attributes
        	biomolecule: RNA
        	total states at sites: 5
        	pseudocount: 0.5
        	sequence identity: 0.8
        	alignment length: 52
        	total number of unique sequences (excluding redundant sequences with 100 percent similarity): 34
        	effective number of sequences (with sequence identity 0.8): 16.71323953823954
        
[0;32mINFO[0;0m 2021-08-19 10:56:35,955 meanfield_dca get_single_site_freqs 
	Computing single site frequencies
[0;32mINFO[0;0m 2021-08-19 10:56:36,313 meanfield_dca get_reg_single_site_freqs 
	Regularizing single site frequencies
[0;32mINFO[0;0m 2021-08-19 10:56:36,435 meanfield_dca get_pair_site_freqs 
	Computing pair site frequencies
[0;32mINFO[0;0m 2021-08-19 10:56:39,590 meanfield_dca get_reg_pair_site_freqs 
	Regularizing pair site frequencies
[0;32mINFO[0;0m 2021-08-19 10:56:39,787 meanfield_dca construct_corr_mat 
	Constructing the correlation matrix
[0;32mINFO[0;0m 2021-08-19 10:56:40,097 meanfield_dca compute_couplings 
	Computing couplings
[0;32mINFO[0;0m 2021-08-19 10:56:40,598 meanfield_dca compute_couplings 
	Maximum and minimum couplings: 3.5637597948070274, -20.000000000000014
[0;32mINFO[0;0m 2021-08-19 10:56:40,598 meanfield_dca compute_sorted_FN 
	Computing Frobenius norm of couplings
[0;32mINFO[0;0m 2021-08-19 10:56:40,731 meanfield_dca compute_sorted_FN_APC 
	Performing average product correction (APC) to Frobenius norm of couplings.
[0;32mINFO[0;0m 2021-08-19 10:56:40,736 dca_utilities write_sorted_dca_scores 
	Writing DCA scores to file MFDCA_output_6tfe_A/MFDCA_apc_fn_scores_6tfe_A.txt
[0;32mINFO[0;0m 2021-08-19 10:56:40,739 mfdca_main run_meanfield_dca 
	DONE
