[0;32mINFO[0;0m 2021-06-10 15:21:53,080 plmdca __init__ Created plmDCA instance with:
            biomolecule: RNA
            MSA sequence length: 68
            total number of (unweighted) sequences: 475
            sequence identity: 0.8
            lambda_h: 13.4
            lambda_J: 13.4
            gradient decent iterations: 500
            number of threads: 40
        
[0;32mINFO[0;0m 2021-06-10 15:21:53,081 plmdca get_fields_and_couplings_from_backend 
	Computing fields and couplings using gradient decent
Iteration 1:
fx = 25026.599609, xnorm = 23.560904, gnorm = 1975.712402, step = 0.000409

Iteration 2:
fx = 22668.283203, xnorm = 23.002460, gnorm = 2207.363281, step = 1.000000

Iteration 3:
fx = 19212.126953, xnorm = 22.218876, gnorm = 1748.497314, step = 1.000000

Iteration 4:
fx = 16870.730469, xnorm = 21.880974, gnorm = 1288.233643, step = 1.000000

Iteration 5:
fx = 15558.509766, xnorm = 22.017385, gnorm = 897.660095, step = 1.000000

Iteration 6:
fx = 14525.168945, xnorm = 22.221882, gnorm = 863.325562, step = 1.000000

Iteration 7:
fx = 13588.821289, xnorm = 22.015661, gnorm = 1191.554321, step = 1.000000

Iteration 8:
fx = 12665.000000, xnorm = 21.154163, gnorm = 890.590210, step = 1.000000

Iteration 9:
fx = 11796.464844, xnorm = 19.435390, gnorm = 879.092773, step = 1.000000

Iteration 10:
fx = 11268.699219, xnorm = 17.368340, gnorm = 1194.591675, step = 1.000000

Iteration 11:
fx = 10647.664062, xnorm = 17.271444, gnorm = 593.635437, step = 1.000000

Iteration 12:
fx = 10399.513672, xnorm = 17.264229, gnorm = 471.160248, step = 1.000000

Iteration 13:
fx = 10128.151367, xnorm = 17.000887, gnorm = 483.959381, step = 1.000000

Iteration 14:
fx = 10120.421875, xnorm = 16.736467, gnorm = 842.840942, step = 1.000000

Iteration 15:
fx = 9877.450195, xnorm = 16.624849, gnorm = 240.472061, step = 1.000000

Iteration 16:
fx = 9844.806641, xnorm = 16.526535, gnorm = 187.470886, step = 1.000000

Iteration 17:
fx = 9796.375000, xnorm = 16.279474, gnorm = 215.948761, step = 1.000000

Iteration 18:
fx = 9748.369141, xnorm = 15.824717, gnorm = 331.744110, step = 1.000000

Iteration 19:
fx = 9716.220703, xnorm = 15.573460, gnorm = 238.057312, step = 1.000000

Iteration 20:
fx = 9698.228516, xnorm = 15.630783, gnorm = 107.045120, step = 1.000000

Iteration 21:
fx = 9688.304688, xnorm = 15.597175, gnorm = 84.156960, step = 1.000000

Iteration 22:
fx = 9678.382812, xnorm = 15.503836, gnorm = 89.927879, step = 1.000000

Iteration 23:
fx = 9671.796875, xnorm = 15.353910, gnorm = 170.036819, step = 1.000000

Iteration 24:
fx = 9663.682617, xnorm = 15.311980, gnorm = 54.912758, step = 1.000000

Iteration 25:
fx = 9661.499023, xnorm = 15.294096, gnorm = 41.945316, step = 1.000000

Iteration 26:
fx = 9658.887695, xnorm = 15.253668, gnorm = 41.191883, step = 1.000000

Iteration 27:
fx = 9658.477539, xnorm = 15.213561, gnorm = 89.249130, step = 1.000000

Iteration 28:
fx = 9656.017578, xnorm = 15.199472, gnorm = 24.653070, step = 1.000000

Iteration 29:
fx = 9655.655273, xnorm = 15.198749, gnorm = 19.001352, step = 1.000000

Iteration 30:
fx = 9655.096680, xnorm = 15.189638, gnorm = 19.922821, step = 1.000000

Iteration 31:
fx = 9654.820312, xnorm = 15.173154, gnorm = 32.989323, step = 1.000000

Iteration 32:
fx = 9654.470703, xnorm = 15.163043, gnorm = 13.721202, step = 1.000000

Iteration 33:
fx = 9654.453125, xnorm = 15.163959, gnorm = 9.591244, step = 1.000000

Iteration 34:
fx = 9654.364258, xnorm = 15.160492, gnorm = 7.736995, step = 1.000000

Iteration 35:
fx = 9654.349609, xnorm = 15.157867, gnorm = 7.723506, step = 0.378860

Iteration 36:
fx = 9654.314453, xnorm = 15.151271, gnorm = 6.682904, step = 1.000000

Iteration 37:
fx = 9654.223633, xnorm = 15.143993, gnorm = 9.083673, step = 1.000000

Iteration 38:
fx = 9654.202148, xnorm = 15.138483, gnorm = 8.831741, step = 1.000000

Iteration 39:
fx = 9654.146484, xnorm = 15.140680, gnorm = 3.175479, step = 1.000000

Iteration 40:
fx = 9654.125000, xnorm = 15.140959, gnorm = 2.309056, step = 1.000000

Iteration 41:
fx = 9654.079102, xnorm = 15.140240, gnorm = 2.352218, step = 1.000000

Iteration 42:
fx = 9654.032227, xnorm = 15.138556, gnorm = 4.417693, step = 1.000000

Iteration 43:
fx = 9654.026367, xnorm = 15.137390, gnorm = 1.744124, step = 1.000000

Iteration 44:
fx = 9654.024414, xnorm = 15.136874, gnorm = 1.441342, step = 1.000000

Iteration 45:
fx = 9653.995117, xnorm = 15.136062, gnorm = 1.498374, step = 1.000000

L-BFGS optimization terminated with status code = -1001
fx = 9653.997070
[0;32mINFO[0;0m 2021-06-10 15:21:53,516 plmdca get_fields_and_couplings_from_backend 
	Data size expected from plmDCA backend: 57290
[0;32mINFO[0;0m 2021-06-10 15:21:53,516 plmdca get_fields_and_couplings_from_backend 
	Data size obtained from plmDCA backend to Python: 57290
[0;32mINFO[0;0m 2021-06-10 15:21:53,553 plmdca compute_sorted_FN 
	Computing non-APC sorted DCA score
[0;32mINFO[0;0m 2021-06-10 15:21:53,668 plmdca compute_sorted_FN_APC 
	Performing average product correction (APC) of FN  of DCA scores
[0;32mINFO[0;0m 2021-06-10 15:21:53,685 dca_utilities write_sorted_dca_scores 
	Writing DCA scores to file PLMDCA_output_PKB179/PLMDCA_apc_fn_scores_PKB179.txt
