[0;32mINFO[0;0m 2021-06-10 15:24:21,241 plmdca __init__ Created plmDCA instance with:
            biomolecule: RNA
            MSA sequence length: 67
            total number of (unweighted) sequences: 10654
            sequence identity: 0.8
            lambda_h: 13.200000000000001
            lambda_J: 13.200000000000001
            gradient decent iterations: 500
            number of threads: 40
        
[0;32mINFO[0;0m 2021-06-10 15:24:21,241 plmdca get_fields_and_couplings_from_backend 
	Computing fields and couplings using gradient decent
Iteration 1:
fx = 19287.742188, xnorm = 23.227932, gnorm = 2143.155029, step = 0.000569

Iteration 2:
fx = 18541.003906, xnorm = 23.049314, gnorm = 1331.072510, step = 1.000000

Iteration 3:
fx = 17278.703125, xnorm = 22.245474, gnorm = 1274.741577, step = 1.000000

Iteration 4:
fx = 15432.105469, xnorm = 20.781923, gnorm = 1268.351929, step = 1.000000

Iteration 5:
fx = 14180.443359, xnorm = 18.486973, gnorm = 2397.139893, step = 1.000000

Iteration 6:
fx = 12735.324219, xnorm = 18.060831, gnorm = 1170.101685, step = 1.000000

Iteration 7:
fx = 12341.789062, xnorm = 17.807867, gnorm = 981.295471, step = 1.000000

Iteration 8:
fx = 11429.790039, xnorm = 16.420422, gnorm = 1178.819580, step = 1.000000

Iteration 9:
fx = 10830.469727, xnorm = 15.668303, gnorm = 1034.765381, step = 1.000000

Iteration 10:
fx = 10247.539062, xnorm = 15.140594, gnorm = 819.990234, step = 1.000000

Iteration 11:
fx = 9466.217773, xnorm = 13.944980, gnorm = 863.272034, step = 1.000000

Iteration 12:
fx = 9220.390625, xnorm = 13.612533, gnorm = 606.775452, step = 0.412358

Iteration 13:
fx = 9039.793945, xnorm = 13.099967, gnorm = 385.483917, step = 1.000000

Iteration 14:
fx = 8950.212891, xnorm = 12.645608, gnorm = 402.047607, step = 1.000000

Iteration 15:
fx = 8849.557617, xnorm = 11.947327, gnorm = 400.805084, step = 1.000000

Iteration 16:
fx = 8762.749023, xnorm = 11.570170, gnorm = 275.404633, step = 1.000000

Iteration 17:
fx = 8701.729492, xnorm = 11.256269, gnorm = 264.364227, step = 1.000000

Iteration 18:
fx = 8657.928711, xnorm = 11.063762, gnorm = 299.580811, step = 1.000000

Iteration 19:
fx = 8622.852539, xnorm = 10.951760, gnorm = 186.573517, step = 1.000000

Iteration 20:
fx = 8603.477539, xnorm = 10.919045, gnorm = 146.819199, step = 1.000000

Iteration 21:
fx = 8587.784180, xnorm = 10.883103, gnorm = 165.772049, step = 1.000000

Iteration 22:
fx = 8576.399414, xnorm = 10.857087, gnorm = 132.635330, step = 1.000000

Iteration 23:
fx = 8569.924805, xnorm = 10.847545, gnorm = 85.151047, step = 1.000000

Iteration 24:
fx = 8564.917969, xnorm = 10.822206, gnorm = 72.106850, step = 1.000000

Iteration 25:
fx = 8561.422852, xnorm = 10.796646, gnorm = 78.272125, step = 1.000000

Iteration 26:
fx = 8558.492188, xnorm = 10.771490, gnorm = 62.361073, step = 1.000000

Iteration 27:
fx = 8556.522461, xnorm = 10.757214, gnorm = 47.198978, step = 1.000000

Iteration 28:
fx = 8555.046875, xnorm = 10.749215, gnorm = 37.588295, step = 1.000000

Iteration 29:
fx = 8553.653320, xnorm = 10.738167, gnorm = 34.040913, step = 1.000000

Iteration 30:
fx = 8552.886719, xnorm = 10.726062, gnorm = 31.752138, step = 1.000000

Iteration 31:
fx = 8552.187500, xnorm = 10.718874, gnorm = 21.788427, step = 1.000000

Iteration 32:
fx = 8551.811523, xnorm = 10.711059, gnorm = 17.688963, step = 1.000000

Iteration 33:
fx = 8551.408203, xnorm = 10.702833, gnorm = 20.615536, step = 1.000000

Iteration 34:
fx = 8551.142578, xnorm = 10.696525, gnorm = 18.333656, step = 1.000000

Iteration 35:
fx = 8551.018555, xnorm = 10.695881, gnorm = 9.963737, step = 1.000000

Iteration 36:
fx = 8550.936523, xnorm = 10.695019, gnorm = 8.886834, step = 1.000000

Iteration 37:
fx = 8550.852539, xnorm = 10.692364, gnorm = 14.774071, step = 1.000000

Iteration 38:
fx = 8550.834961, xnorm = 10.691826, gnorm = 10.722522, step = 0.306520

Iteration 39:
fx = 8550.832031, xnorm = 10.691363, gnorm = 8.154095, step = 0.261963

Iteration 40:
fx = 8550.830078, xnorm = 10.690948, gnorm = 6.437387, step = 0.211065

Iteration 41:
fx = 8550.830078, xnorm = 10.690436, gnorm = 5.011234, step = 0.229650

Iteration 42:
fx = 8550.830078, xnorm = 10.690082, gnorm = 4.065008, step = 0.168793

Iteration 43:
fx = 8550.828125, xnorm = 10.689634, gnorm = 3.565226, step = 0.164303

Iteration 44:
fx = 8550.826172, xnorm = 10.689356, gnorm = 2.960380, step = 0.112159

L-BFGS optimization terminated with status code = -1001
fx = 8550.827148
[0;32mINFO[0;0m 2021-06-10 15:24:25,441 plmdca get_fields_and_couplings_from_backend 
	Data size expected from plmDCA backend: 55610
[0;32mINFO[0;0m 2021-06-10 15:24:25,442 plmdca get_fields_and_couplings_from_backend 
	Data size obtained from plmDCA backend to Python: 55610
[0;32mINFO[0;0m 2021-06-10 15:24:25,491 plmdca compute_sorted_FN 
	Computing non-APC sorted DCA score
[0;32mINFO[0;0m 2021-06-10 15:24:25,628 plmdca compute_sorted_FN_APC 
	Performing average product correction (APC) of FN  of DCA scores
[0;32mINFO[0;0m 2021-06-10 15:24:25,650 dca_utilities write_sorted_dca_scores 
	Writing DCA scores to file PLMDCA_output_PKB340/PLMDCA_apc_fn_scores_PKB340.txt
