[0;32mINFO[0;0m 2021-08-19 11:20:26,842 plmdca __init__ Created plmDCA instance with:
            biomolecule: RNA
            MSA sequence length: 65
            total number of (unweighted) sequences: 9
            sequence identity: 0.8
            lambda_h: 12.8
            lambda_J: 12.8
            gradient decent iterations: 500
            number of threads: 40
        
[0;32mINFO[0;0m 2021-08-19 11:20:26,843 plmdca get_fields_and_couplings_from_backend 
	Computing fields and couplings using gradient decent
Iteration 1:
fx = 1583.724854, xnorm = 10.078444, gnorm = 268.602570, step = 0.003356

Iteration 2:
fx = 783.895874, xnorm = 3.801417, gnorm = 285.666992, step = 1.000000

Iteration 3:
fx = 376.176727, xnorm = 4.190496, gnorm = 118.747108, step = 1.000000

Iteration 4:
fx = 255.715714, xnorm = 3.081584, gnorm = 37.826435, step = 1.000000

Iteration 5:
fx = 249.896927, xnorm = 2.652551, gnorm = 25.209740, step = 1.000000

Iteration 6:
fx = 244.955002, xnorm = 2.748047, gnorm = 4.806919, step = 1.000000

Iteration 7:
fx = 244.823471, xnorm = 2.723644, gnorm = 2.163590, step = 1.000000

Iteration 8:
fx = 244.734116, xnorm = 2.706994, gnorm = 0.508259, step = 1.000000

Iteration 9:
fx = 244.707565, xnorm = 2.705984, gnorm = 0.393473, step = 1.000000

Iteration 10:
fx = 244.707443, xnorm = 2.706899, gnorm = 0.056954, step = 1.000000

L-BFGS optimization terminated with status code = -1001
fx = 244.707443
[0;32mINFO[0;0m 2021-08-19 11:20:26,924 plmdca get_fields_and_couplings_from_backend 
	Data size expected from plmDCA backend: 52325
[0;32mINFO[0;0m 2021-08-19 11:20:26,924 plmdca get_fields_and_couplings_from_backend 
	Data size obtained from plmDCA backend to Python: 52325
[0;32mINFO[0;0m 2021-08-19 11:20:26,958 plmdca compute_sorted_FN 
	Computing non-APC sorted DCA score
[0;32mINFO[0;0m 2021-08-19 11:20:27,048 plmdca compute_sorted_FN_APC 
	Performing average product correction (APC) of FN  of DCA scores
[0;32mINFO[0;0m 2021-08-19 11:20:27,062 dca_utilities write_sorted_dca_scores 
	Writing DCA scores to file PLMDCA_output_2hvy_E/PLMDCA_apc_fn_scores_2hvy_E.txt
