[0;32mINFO[0;0m 2021-05-22 19:21:02,385 fasta_reader get_alignment_int_form 
	Found 14 non-standard residues in 8 sequences
[0;32mINFO[0;0m 2021-05-22 19:21:02,385 fasta_reader get_alignment_int_form 
	Total number of sequences read from file: 789
[0;32mINFO[0;0m 2021-05-22 19:21:02,385 meanfield_dca compute_sequences_weight 
	Computing sequences weights
[0;32mINFO[0;0m 2021-05-22 19:21:03,265 meanfield_dca __init__ 
	Created a MeanFieldDCA object with the following attributes
        	biomolecule: RNA
        	total states at sites: 5
        	pseudocount: 0.5
        	sequence identity: 0.8
        	alignment length: 76
        	total number of unique sequences (excluding redundant sequences with 100 percent similarity): 789
        	effective number of sequences (with sequence identity 0.8): 58.90449598144177
        
[0;32mINFO[0;0m 2021-05-22 19:21:03,266 meanfield_dca get_single_site_freqs 
	Computing single site frequencies
[0;32mINFO[0;0m 2021-05-22 19:21:03,632 meanfield_dca get_reg_single_site_freqs 
	Regularizing single site frequencies
[0;32mINFO[0;0m 2021-05-22 19:21:03,787 meanfield_dca get_pair_site_freqs 
	Computing pair site frequencies
[0;32mINFO[0;0m 2021-05-22 19:21:07,025 meanfield_dca get_reg_pair_site_freqs 
	Regularizing pair site frequencies
[0;32mINFO[0;0m 2021-05-22 19:21:07,229 meanfield_dca construct_corr_mat 
	Constructing the correlation matrix
[0;32mINFO[0;0m 2021-05-22 19:21:07,548 meanfield_dca compute_couplings 
	Computing couplings
[0;32mINFO[0;0m 2021-05-22 19:21:08,135 meanfield_dca compute_couplings 
	Maximum and minimum couplings: 2.3876003729460415, -20.00000000000002
[0;32mINFO[0;0m 2021-05-22 19:21:08,136 meanfield_dca compute_sorted_FN 
	Computing Frobenius norm of couplings
[0;32mINFO[0;0m 2021-05-22 19:21:08,349 meanfield_dca compute_sorted_FN_APC 
	Performing average product correction (APC) to Frobenius norm of couplings.
[0;32mINFO[0;0m 2021-05-22 19:21:08,366 dca_utilities write_sorted_dca_scores 
	Writing DCA scores to file MFDCA_output_2dlc_Y/MFDCA_apc_fn_scores_2dlc_Y.txt
[0;32mINFO[0;0m 2021-05-22 19:21:08,372 mfdca_main run_meanfield_dca 
	DONE
