[0;32mINFO[0;0m 2021-08-03 01:28:07,022 fasta_reader get_alignment_int_form 
	Found 345 non-standard residues in 52 sequences
[0;32mINFO[0;0m 2021-08-03 01:28:07,023 fasta_reader get_alignment_int_form 
	Total number of sequences read from file: 53
[0;32mINFO[0;0m 2021-08-03 01:28:07,023 meanfield_dca compute_sequences_weight 
	Computing sequences weights
[0;32mINFO[0;0m 2021-08-03 01:28:08,662 meanfield_dca __init__ 
	Created a MeanFieldDCA object with the following attributes
        	biomolecule: RNA
        	total states at sites: 5
        	pseudocount: 0.5
        	sequence identity: 0.8
        	alignment length: 35
        	total number of unique sequences (excluding redundant sequences with 100 percent similarity): 35
        	effective number of sequences (with sequence identity 0.8): 2.0214621707268763
        
[0;32mINFO[0;0m 2021-08-03 01:28:08,663 meanfield_dca get_single_site_freqs 
	Computing single site frequencies
[0;32mINFO[0;0m 2021-08-03 01:28:09,444 meanfield_dca get_reg_single_site_freqs 
	Regularizing single site frequencies
[0;32mINFO[0;0m 2021-08-03 01:28:09,700 meanfield_dca get_pair_site_freqs 
	Computing pair site frequencies
[0;32mINFO[0;0m 2021-08-03 01:28:15,606 meanfield_dca get_reg_pair_site_freqs 
	Regularizing pair site frequencies
[0;32mINFO[0;0m 2021-08-03 01:28:15,911 meanfield_dca construct_corr_mat 
	Constructing the correlation matrix
[0;32mINFO[0;0m 2021-08-03 01:28:16,404 meanfield_dca compute_couplings 
	Computing couplings
[0;32mINFO[0;0m 2021-08-03 01:28:17,398 meanfield_dca compute_couplings 
	Maximum and minimum couplings: 5.665426271997682, -19.999999999999993
[0;32mINFO[0;0m 2021-08-03 01:28:17,399 meanfield_dca compute_sorted_FN 
	Computing Frobenius norm of couplings
[0;32mINFO[0;0m 2021-08-03 01:28:17,459 meanfield_dca compute_sorted_FN_APC 
	Performing average product correction (APC) to Frobenius norm of couplings.
[0;32mINFO[0;0m 2021-08-03 01:28:17,464 dca_utilities write_sorted_dca_scores 
	Writing DCA scores to file MFDCA_output_3r9x_C/MFDCA_apc_fn_scores_3r9x_C.txt
[0;32mINFO[0;0m 2021-08-03 01:28:17,467 mfdca_main run_meanfield_dca 
	DONE
