[0;32mINFO[0;0m 2021-06-10 15:21:21,852 plmdca __init__ Created plmDCA instance with:
            biomolecule: RNA
            MSA sequence length: 32
            total number of (unweighted) sequences: 6
            sequence identity: 0.8
            lambda_h: 6.2
            lambda_J: 6.2
            gradient decent iterations: 500
            number of threads: 40
        
[0;32mINFO[0;0m 2021-06-10 15:21:21,853 plmdca get_fields_and_couplings_from_backend 
	Computing fields and couplings using gradient decent
Iteration 1:
fx = 71.038666, xnorm = 2.816857, gnorm = 33.578060, step = 0.020262

Iteration 2:
fx = 26.685148, xnorm = 1.076575, gnorm = 4.353534, step = 1.000000

Iteration 3:
fx = 25.684818, xnorm = 1.239127, gnorm = 2.043127, step = 1.000000

L-BFGS optimization terminated with status code = -1001
fx = 25.684721
[0;32mINFO[0;0m 2021-06-10 15:21:21,911 plmdca get_fields_and_couplings_from_backend 
	Data size expected from plmDCA backend: 12560
[0;32mINFO[0;0m 2021-06-10 15:21:21,911 plmdca get_fields_and_couplings_from_backend 
	Data size obtained from plmDCA backend to Python: 12560
[0;32mINFO[0;0m 2021-06-10 15:21:21,922 plmdca compute_sorted_FN 
	Computing non-APC sorted DCA score
[0;32mINFO[0;0m 2021-06-10 15:21:21,952 plmdca compute_sorted_FN_APC 
	Performing average product correction (APC) of FN  of DCA scores
[0;32mINFO[0;0m 2021-06-10 15:21:21,955 dca_utilities write_sorted_dca_scores 
	Writing DCA scores to file PLMDCA_output_PKB151/PLMDCA_apc_fn_scores_PKB151.txt
