[0;32mINFO[0;0m 2021-09-18 15:19:58,942 fasta_reader get_alignment_int_form 
	Found 7 non-standard residues in 1 sequences
[0;32mINFO[0;0m 2021-09-18 15:19:58,942 fasta_reader get_alignment_int_form 
	Total number of sequences read from file: 208
[0;32mINFO[0;0m 2021-09-18 15:19:58,942 meanfield_dca compute_sequences_weight 
	Computing sequences weights
[0;32mINFO[0;0m 2021-09-18 15:19:59,807 meanfield_dca __init__ 
	Created a MeanFieldDCA object with the following attributes
        	biomolecule: RNA
        	total states at sites: 5
        	pseudocount: 0.5
        	sequence identity: 0.8
        	alignment length: 64
        	total number of unique sequences (excluding redundant sequences with 100 percent similarity): 207
        	effective number of sequences (with sequence identity 0.8): 55.92884441752435
        
[0;32mINFO[0;0m 2021-09-18 15:19:59,808 meanfield_dca get_single_site_freqs 
	Computing single site frequencies
[0;32mINFO[0;0m 2021-09-18 15:20:00,169 meanfield_dca get_reg_single_site_freqs 
	Regularizing single site frequencies
[0;32mINFO[0;0m 2021-09-18 15:20:00,294 meanfield_dca get_pair_site_freqs 
	Computing pair site frequencies
[0;32mINFO[0;0m 2021-09-18 15:20:03,515 meanfield_dca get_reg_pair_site_freqs 
	Regularizing pair site frequencies
[0;32mINFO[0;0m 2021-09-18 15:20:03,712 meanfield_dca construct_corr_mat 
	Constructing the correlation matrix
[0;32mINFO[0;0m 2021-09-18 15:20:04,021 meanfield_dca compute_couplings 
	Computing couplings
[0;32mINFO[0;0m 2021-09-18 15:20:04,558 meanfield_dca compute_couplings 
	Maximum and minimum couplings: 4.672503814472257, -19.999999999999996
[0;32mINFO[0;0m 2021-09-18 15:20:04,558 meanfield_dca compute_sorted_FN 
	Computing Frobenius norm of couplings
[0;32mINFO[0;0m 2021-09-18 15:20:04,712 meanfield_dca compute_sorted_FN_APC 
	Performing average product correction (APC) to Frobenius norm of couplings.
[0;32mINFO[0;0m 2021-09-18 15:20:04,722 dca_utilities write_sorted_dca_scores 
	Writing DCA scores to file MFDCA_output_PKB330/MFDCA_apc_fn_scores_PKB330.txt
[0;32mINFO[0;0m 2021-09-18 15:20:04,727 mfdca_main run_meanfield_dca 
	DONE
