[0;32mINFO[0;0m 2021-06-10 15:02:49,205 plmdca __init__ Created plmDCA instance with:
            biomolecule: RNA
            MSA sequence length: 77
            total number of (unweighted) sequences: 3
            sequence identity: 0.8
            lambda_h: 15.200000000000001
            lambda_J: 15.200000000000001
            gradient decent iterations: 500
            number of threads: 40
        
[0;32mINFO[0;0m 2021-06-10 15:02:49,205 plmdca get_fields_and_couplings_from_backend 
	Computing fields and couplings using gradient decent
Iteration 1:
fx = 365.540955, xnorm = 4.515409, gnorm = 139.112289, step = 0.005744

Iteration 2:
fx = 71.626678, xnorm = 0.869009, gnorm = 40.820580, step = 1.000000

Iteration 3:
fx = 60.094391, xnorm = 1.644429, gnorm = 27.066515, step = 1.000000

Iteration 4:
fx = 55.569603, xnorm = 1.269869, gnorm = 2.459705, step = 1.000000

L-BFGS optimization terminated with status code = -1001
fx = 55.567944
[0;32mINFO[0;0m 2021-06-10 15:02:49,290 plmdca get_fields_and_couplings_from_backend 
	Data size expected from plmDCA backend: 73535
[0;32mINFO[0;0m 2021-06-10 15:02:49,290 plmdca get_fields_and_couplings_from_backend 
	Data size obtained from plmDCA backend to Python: 73535
[0;32mINFO[0;0m 2021-06-10 15:02:49,339 plmdca compute_sorted_FN 
	Computing non-APC sorted DCA score
[0;32mINFO[0;0m 2021-06-10 15:02:49,489 plmdca compute_sorted_FN_APC 
	Performing average product correction (APC) of FN  of DCA scores
[0;32mINFO[0;0m 2021-06-10 15:02:49,507 dca_utilities write_sorted_dca_scores 
	Writing DCA scores to file PLMDCA_output_PKB235/PLMDCA_apc_fn_scores_PKB235.txt
