[0;32mINFO[0;0m 2021-05-22 19:25:53,335 fasta_reader get_alignment_int_form 
	Found 31 non-standard residues in 13 sequences
[0;32mINFO[0;0m 2021-05-22 19:25:53,335 fasta_reader get_alignment_int_form 
	Total number of sequences read from file: 2322
[0;32mINFO[0;0m 2021-05-22 19:25:53,335 meanfield_dca compute_sequences_weight 
	Computing sequences weights
[0;32mINFO[0;0m 2021-05-22 19:25:54,231 meanfield_dca __init__ 
	Created a MeanFieldDCA object with the following attributes
        	biomolecule: RNA
        	total states at sites: 5
        	pseudocount: 0.5
        	sequence identity: 0.8
        	alignment length: 54
        	total number of unique sequences (excluding redundant sequences with 100 percent similarity): 2322
        	effective number of sequences (with sequence identity 0.8): 263.1437654246812
        
[0;32mINFO[0;0m 2021-05-22 19:25:54,232 meanfield_dca get_single_site_freqs 
	Computing single site frequencies
[0;32mINFO[0;0m 2021-05-22 19:25:54,629 meanfield_dca get_reg_single_site_freqs 
	Regularizing single site frequencies
[0;32mINFO[0;0m 2021-05-22 19:25:54,755 meanfield_dca get_pair_site_freqs 
	Computing pair site frequencies
[0;32mINFO[0;0m 2021-05-22 19:25:58,012 meanfield_dca get_reg_pair_site_freqs 
	Regularizing pair site frequencies
[0;32mINFO[0;0m 2021-05-22 19:25:58,211 meanfield_dca construct_corr_mat 
	Constructing the correlation matrix
[0;32mINFO[0;0m 2021-05-22 19:25:58,475 meanfield_dca compute_couplings 
	Computing couplings
[0;32mINFO[0;0m 2021-05-22 19:25:58,999 meanfield_dca compute_couplings 
	Maximum and minimum couplings: 3.4195654289729607, -19.759613282218453
[0;32mINFO[0;0m 2021-05-22 19:25:59,000 meanfield_dca compute_sorted_FN 
	Computing Frobenius norm of couplings
[0;32mINFO[0;0m 2021-05-22 19:25:59,144 meanfield_dca compute_sorted_FN_APC 
	Performing average product correction (APC) to Frobenius norm of couplings.
[0;32mINFO[0;0m 2021-05-22 19:25:59,149 dca_utilities write_sorted_dca_scores 
	Writing DCA scores to file MFDCA_output_4oji_A/MFDCA_apc_fn_scores_4oji_A.txt
[0;32mINFO[0;0m 2021-05-22 19:25:59,153 mfdca_main run_meanfield_dca 
	DONE
