[0;32mINFO[0;0m 2021-10-27 21:51:19,486 fasta_reader get_alignment_int_form 
	Found 4 non-standard residues in 3 sequences
[0;32mINFO[0;0m 2021-10-27 21:51:19,486 fasta_reader get_alignment_int_form 
	Total number of sequences read from file: 111
[0;32mINFO[0;0m 2021-10-27 21:51:19,486 meanfield_dca compute_sequences_weight 
	Computing sequences weights
[0;32mINFO[0;0m 2021-10-27 21:51:20,361 meanfield_dca __init__ 
	Created a MeanFieldDCA object with the following attributes
        	biomolecule: RNA
        	total states at sites: 5
        	pseudocount: 0.5
        	sequence identity: 0.8
        	alignment length: 51
        	total number of unique sequences (excluding redundant sequences with 100 percent similarity): 111
        	effective number of sequences (with sequence identity 0.8): 8.266492333402958
        
[0;32mINFO[0;0m 2021-10-27 21:51:20,362 meanfield_dca get_single_site_freqs 
	Computing single site frequencies
[0;32mINFO[0;0m 2021-10-27 21:51:20,720 meanfield_dca get_reg_single_site_freqs 
	Regularizing single site frequencies
[0;32mINFO[0;0m 2021-10-27 21:51:20,841 meanfield_dca get_pair_site_freqs 
	Computing pair site frequencies
[0;32mINFO[0;0m 2021-10-27 21:51:24,000 meanfield_dca get_reg_pair_site_freqs 
	Regularizing pair site frequencies
[0;32mINFO[0;0m 2021-10-27 21:51:24,198 meanfield_dca construct_corr_mat 
	Constructing the correlation matrix
[0;32mINFO[0;0m 2021-10-27 21:51:24,509 meanfield_dca compute_couplings 
	Computing couplings
[0;32mINFO[0;0m 2021-10-27 21:51:25,023 meanfield_dca compute_couplings 
	Maximum and minimum couplings: 2.0719306362819876, -20.00000000000003
[0;32mINFO[0;0m 2021-10-27 21:51:25,024 meanfield_dca compute_sorted_FN 
	Computing Frobenius norm of couplings
[0;32mINFO[0;0m 2021-10-27 21:51:25,150 meanfield_dca compute_sorted_FN_APC 
	Performing average product correction (APC) to Frobenius norm of couplings.
[0;32mINFO[0;0m 2021-10-27 21:51:25,155 dca_utilities write_sorted_dca_scores 
	Writing DCA scores to file MFDCA_output_7jju_A/MFDCA_apc_fn_scores_7jju_A.txt
[0;32mINFO[0;0m 2021-10-27 21:51:25,158 mfdca_main run_meanfield_dca 
	DONE
