[0;32mINFO[0;0m 2021-05-22 20:02:36,118 plmdca __init__ Created plmDCA instance with:
            biomolecule: RNA
            MSA sequence length: 74
            total number of (unweighted) sequences: 25000
            sequence identity: 0.8
            lambda_h: 14.600000000000001
            lambda_J: 14.600000000000001
            gradient decent iterations: 500
            number of threads: 40
        
[0;32mINFO[0;0m 2021-05-22 20:02:36,119 plmdca get_fields_and_couplings_from_backend 
	Computing fields and couplings using gradient decent
Iteration 1:
fx = 174759.093750, xnorm = 27.283024, gnorm = 11014.821289, step = 0.000029

Iteration 2:
fx = 170958.281250, xnorm = 27.233458, gnorm = 13299.068359, step = 1.000000

Iteration 3:
fx = 160902.234375, xnorm = 27.151003, gnorm = 21279.248047, step = 1.000000

Iteration 4:
fx = 143482.718750, xnorm = 27.395819, gnorm = 22646.250000, step = 1.000000

Iteration 5:
fx = 131436.453125, xnorm = 29.663473, gnorm = 24518.240234, step = 1.000000

Iteration 6:
fx = 117277.359375, xnorm = 30.372873, gnorm = 10011.983398, step = 1.000000

Iteration 7:
fx = 113897.789062, xnorm = 30.531437, gnorm = 5669.670898, step = 1.000000

Iteration 8:
fx = 111447.328125, xnorm = 30.863478, gnorm = 5250.247070, step = 1.000000

Iteration 9:
fx = 108957.851562, xnorm = 31.356955, gnorm = 5776.035156, step = 1.000000

Iteration 10:
fx = 104961.304688, xnorm = 32.719158, gnorm = 7929.536621, step = 1.000000

Iteration 11:
fx = 101565.601562, xnorm = 34.496330, gnorm = 7688.862305, step = 1.000000

Iteration 12:
fx = 99572.039062, xnorm = 34.859512, gnorm = 5551.741699, step = 1.000000

Iteration 13:
fx = 98279.421875, xnorm = 34.753738, gnorm = 3771.880371, step = 1.000000

Iteration 14:
fx = 97182.851562, xnorm = 34.492565, gnorm = 3603.791260, step = 1.000000

Iteration 15:
fx = 96299.921875, xnorm = 34.250500, gnorm = 4600.068848, step = 1.000000

Iteration 16:
fx = 95034.671875, xnorm = 34.060524, gnorm = 3919.789307, step = 1.000000

Iteration 17:
fx = 93532.773438, xnorm = 33.759037, gnorm = 4558.742676, step = 1.000000

Iteration 18:
fx = 93003.445312, xnorm = 33.503448, gnorm = 7247.433594, step = 1.000000

Iteration 19:
fx = 91880.000000, xnorm = 33.466808, gnorm = 2896.965332, step = 1.000000

Iteration 20:
fx = 91310.898438, xnorm = 33.336617, gnorm = 2658.484863, step = 1.000000

Iteration 21:
fx = 90685.539062, xnorm = 33.124077, gnorm = 3001.285645, step = 1.000000

Iteration 22:
fx = 89912.375000, xnorm = 32.754585, gnorm = 4497.909668, step = 1.000000

Iteration 23:
fx = 89362.757812, xnorm = 32.298550, gnorm = 4885.167969, step = 1.000000

Iteration 24:
fx = 88636.304688, xnorm = 32.330582, gnorm = 2538.224609, step = 1.000000

Iteration 25:
fx = 88197.562500, xnorm = 32.240021, gnorm = 3328.843750, step = 1.000000

Iteration 26:
fx = 87705.429688, xnorm = 32.092159, gnorm = 3108.772705, step = 1.000000

Iteration 27:
fx = 87152.226562, xnorm = 31.710651, gnorm = 4545.866699, step = 1.000000

Iteration 28:
fx = 86519.789062, xnorm = 31.556883, gnorm = 2400.081299, step = 1.000000

Iteration 29:
fx = 86215.281250, xnorm = 31.482702, gnorm = 2195.357910, step = 1.000000

Iteration 30:
fx = 85844.750000, xnorm = 31.319468, gnorm = 3077.780762, step = 1.000000

Iteration 31:
fx = 85594.210938, xnorm = 31.140980, gnorm = 3737.413574, step = 1.000000

Iteration 32:
fx = 85193.234375, xnorm = 31.138716, gnorm = 2277.534424, step = 1.000000

Iteration 33:
fx = 84806.304688, xnorm = 31.064960, gnorm = 2689.431885, step = 1.000000

Iteration 34:
fx = 84515.500000, xnorm = 30.995844, gnorm = 2332.505371, step = 1.000000

Iteration 35:
fx = 84085.695312, xnorm = 30.888483, gnorm = 2588.369385, step = 1.000000

Iteration 36:
fx = 83772.875000, xnorm = 30.838820, gnorm = 3537.188232, step = 1.000000

Iteration 37:
fx = 83433.351562, xnorm = 30.829817, gnorm = 1939.087402, step = 1.000000

Iteration 38:
fx = 83217.460938, xnorm = 30.815985, gnorm = 1753.743042, step = 1.000000

Iteration 39:
fx = 83022.507812, xnorm = 30.802649, gnorm = 2299.587402, step = 1.000000

Iteration 40:
fx = 82735.656250, xnorm = 30.792713, gnorm = 2925.550049, step = 1.000000

Iteration 41:
fx = 82489.523438, xnorm = 30.806417, gnorm = 2357.616211, step = 1.000000

Iteration 42:
fx = 82336.125000, xnorm = 30.803326, gnorm = 1625.777954, step = 1.000000

Iteration 43:
fx = 82136.343750, xnorm = 30.797165, gnorm = 1446.477783, step = 1.000000

Iteration 44:
fx = 81949.671875, xnorm = 30.800753, gnorm = 1471.609619, step = 1.000000

Iteration 45:
fx = 81893.789062, xnorm = 30.837006, gnorm = 3883.989746, step = 1.000000

Iteration 46:
fx = 81550.265625, xnorm = 30.863621, gnorm = 1510.358887, step = 1.000000

Iteration 47:
fx = 81455.179688, xnorm = 30.850973, gnorm = 1089.143677, step = 1.000000

Iteration 48:
fx = 81328.789062, xnorm = 30.836985, gnorm = 1124.671387, step = 1.000000

Iteration 49:
fx = 81293.390625, xnorm = 30.854246, gnorm = 2994.592041, step = 1.000000

Iteration 50:
fx = 81115.007812, xnorm = 30.857109, gnorm = 1340.056396, step = 1.000000

Iteration 51:
fx = 81038.914062, xnorm = 30.869453, gnorm = 929.537048, step = 1.000000

Iteration 52:
fx = 80982.648438, xnorm = 30.883818, gnorm = 1117.820312, step = 1.000000

Iteration 53:
fx = 80872.156250, xnorm = 30.898897, gnorm = 1887.484863, step = 1.000000

Iteration 54:
fx = 80763.023438, xnorm = 30.941208, gnorm = 1654.347046, step = 1.000000

Iteration 55:
fx = 80664.804688, xnorm = 30.917063, gnorm = 839.345154, step = 1.000000

Iteration 56:
fx = 80594.703125, xnorm = 30.868538, gnorm = 1030.277344, step = 1.000000

Iteration 57:
fx = 80520.835938, xnorm = 30.817694, gnorm = 1052.488525, step = 1.000000

Iteration 58:
fx = 80447.867188, xnorm = 30.713757, gnorm = 1910.244019, step = 1.000000

Iteration 59:
fx = 80352.921875, xnorm = 30.677399, gnorm = 1055.123413, step = 1.000000

Iteration 60:
fx = 80311.539062, xnorm = 30.672747, gnorm = 739.075867, step = 1.000000

Iteration 61:
fx = 80274.281250, xnorm = 30.645374, gnorm = 789.868774, step = 1.000000

Iteration 62:
fx = 80234.648438, xnorm = 30.566555, gnorm = 1371.136108, step = 1.000000

Iteration 63:
fx = 80178.234375, xnorm = 30.526979, gnorm = 776.882690, step = 1.000000

Iteration 64:
fx = 80139.695312, xnorm = 30.472464, gnorm = 658.383911, step = 1.000000

Iteration 65:
fx = 80104.023438, xnorm = 30.413940, gnorm = 614.553101, step = 1.000000

Iteration 66:
fx = 80078.789062, xnorm = 30.357634, gnorm = 799.158630, step = 0.398909

Iteration 67:
fx = 80038.367188, xnorm = 30.281143, gnorm = 510.346252, step = 1.000000

Iteration 68:
fx = 80014.195312, xnorm = 30.232153, gnorm = 555.644531, step = 1.000000

Iteration 69:
fx = 79981.820312, xnorm = 30.117336, gnorm = 926.900513, step = 1.000000

Iteration 70:
fx = 79957.250000, xnorm = 30.101158, gnorm = 523.866699, step = 1.000000

Iteration 71:
fx = 79943.734375, xnorm = 30.091734, gnorm = 474.840210, step = 1.000000

Iteration 72:
fx = 79928.445312, xnorm = 30.053785, gnorm = 554.741211, step = 1.000000

Iteration 73:
fx = 79912.562500, xnorm = 29.999908, gnorm = 595.962036, step = 1.000000

Iteration 74:
fx = 79898.070312, xnorm = 29.965092, gnorm = 431.533081, step = 1.000000

Iteration 75:
fx = 79882.273438, xnorm = 29.911745, gnorm = 430.669617, step = 1.000000

Iteration 76:
fx = 79875.632812, xnorm = 29.862539, gnorm = 518.723267, step = 1.000000

Iteration 77:
fx = 79864.851562, xnorm = 29.827240, gnorm = 378.357391, step = 1.000000

Iteration 78:
fx = 79847.132812, xnorm = 29.747787, gnorm = 399.456848, step = 1.000000

Iteration 79:
fx = 79845.773438, xnorm = 29.670988, gnorm = 787.902161, step = 1.000000

Iteration 80:
fx = 79832.070312, xnorm = 29.673820, gnorm = 322.889648, step = 1.000000

Iteration 81:
fx = 79825.953125, xnorm = 29.662336, gnorm = 226.957733, step = 1.000000

Iteration 82:
fx = 79819.734375, xnorm = 29.630865, gnorm = 285.569702, step = 1.000000

Iteration 83:
fx = 79811.507812, xnorm = 29.580740, gnorm = 461.152496, step = 1.000000

Iteration 84:
fx = 79803.914062, xnorm = 29.506275, gnorm = 371.754974, step = 1.000000

Iteration 85:
fx = 79798.859375, xnorm = 29.497532, gnorm = 222.414230, step = 1.000000

Iteration 86:
fx = 79796.523438, xnorm = 29.486767, gnorm = 256.646881, step = 1.000000

Iteration 87:
fx = 79793.070312, xnorm = 29.464844, gnorm = 318.871552, step = 1.000000

Iteration 88:
fx = 79789.468750, xnorm = 29.439465, gnorm = 246.390564, step = 1.000000

Iteration 89:
fx = 79782.242188, xnorm = 29.375084, gnorm = 224.633759, step = 1.000000

Iteration 90:
fx = 79781.007812, xnorm = 29.362913, gnorm = 170.269592, step = 0.180033

Iteration 91:
fx = 79778.617188, xnorm = 29.335508, gnorm = 181.042938, step = 1.000000

Iteration 92:
fx = 79775.507812, xnorm = 29.301868, gnorm = 243.042130, step = 1.000000

Iteration 93:
fx = 79772.585938, xnorm = 29.280739, gnorm = 179.087769, step = 1.000000

Iteration 94:
fx = 79771.406250, xnorm = 29.281687, gnorm = 151.348083, step = 1.000000

Iteration 95:
fx = 79768.164062, xnorm = 29.282169, gnorm = 211.120316, step = 1.000000

Iteration 96:
fx = 79766.625000, xnorm = 29.268072, gnorm = 185.328354, step = 1.000000

Iteration 97:
fx = 79764.593750, xnorm = 29.252386, gnorm = 136.538315, step = 1.000000

Iteration 98:
fx = 79762.015625, xnorm = 29.219082, gnorm = 252.606781, step = 1.000000

Iteration 99:
fx = 79761.023438, xnorm = 29.214373, gnorm = 103.262520, step = 1.000000

Iteration 100:
fx = 79760.679688, xnorm = 29.212585, gnorm = 86.434898, step = 1.000000

Iteration 101:
fx = 79759.562500, xnorm = 29.200340, gnorm = 104.409302, step = 1.000000

Iteration 102:
fx = 79758.835938, xnorm = 29.179636, gnorm = 264.942902, step = 1.000000

Iteration 103:
fx = 79757.625000, xnorm = 29.176680, gnorm = 129.585480, step = 1.000000

Iteration 104:
fx = 79756.382812, xnorm = 29.165068, gnorm = 74.046501, step = 1.000000

Iteration 105:
fx = 79755.570312, xnorm = 29.153763, gnorm = 83.496284, step = 1.000000

Iteration 106:
fx = 79754.421875, xnorm = 29.137506, gnorm = 132.140884, step = 1.000000

Iteration 107:
fx = 79753.234375, xnorm = 29.117931, gnorm = 178.354614, step = 1.000000

Iteration 108:
fx = 79753.234375, xnorm = 29.124058, gnorm = 68.042931, step = 1.000000

L-BFGS optimization terminated with status code = -1001
fx = 79753.242188
[0;32mINFO[0;0m 2021-05-22 20:02:54,964 plmdca get_fields_and_couplings_from_backend 
	Data size expected from plmDCA backend: 67895
[0;32mINFO[0;0m 2021-05-22 20:02:54,964 plmdca get_fields_and_couplings_from_backend 
	Data size obtained from plmDCA backend to Python: 67895
[0;32mINFO[0;0m 2021-05-22 20:02:55,009 plmdca compute_sorted_FN 
	Computing non-APC sorted DCA score
[0;32mINFO[0;0m 2021-05-22 20:02:55,132 plmdca compute_sorted_FN_APC 
	Performing average product correction (APC) of FN  of DCA scores
[0;32mINFO[0;0m 2021-05-22 20:02:55,154 dca_utilities write_sorted_dca_scores 
	Writing DCA scores to file PLMDCA_output_1u0b_A/PLMDCA_apc_fn_scores_1u0b_A.txt
