[0;32mINFO[0;0m 2021-05-22 20:13:57,986 plmdca __init__ Created plmDCA instance with:
            biomolecule: RNA
            MSA sequence length: 92
            total number of (unweighted) sequences: 50000
            sequence identity: 0.8
            lambda_h: 18.2
            lambda_J: 18.2
            gradient decent iterations: 500
            number of threads: 40
        
[0;32mINFO[0;0m 2021-05-22 20:13:57,986 plmdca get_fields_and_couplings_from_backend 
	Computing fields and couplings using gradient decent
Iteration 1:
fx = 297467.781250, xnorm = 37.614185, gnorm = 31931.964844, step = 0.000035

Iteration 2:
fx = 283513.531250, xnorm = 37.582073, gnorm = 25165.859375, step = 1.000000

Iteration 3:
fx = 241411.062500, xnorm = 37.637333, gnorm = 20987.042969, step = 1.000000

Iteration 4:
fx = 224849.375000, xnorm = 38.141605, gnorm = 19014.095703, step = 1.000000

Iteration 5:
fx = 214935.421875, xnorm = 38.439217, gnorm = 13199.188477, step = 1.000000

Iteration 6:
fx = 207704.218750, xnorm = 38.821377, gnorm = 12979.141602, step = 1.000000

Iteration 7:
fx = 192226.968750, xnorm = 41.292274, gnorm = 18845.177734, step = 1.000000

Iteration 8:
fx = 187945.468750, xnorm = 42.337463, gnorm = 21662.941406, step = 1.000000

Iteration 9:
fx = 179886.796875, xnorm = 41.843338, gnorm = 11444.708984, step = 1.000000

Iteration 10:
fx = 175242.140625, xnorm = 42.060211, gnorm = 7206.129395, step = 1.000000

Iteration 11:
fx = 169119.484375, xnorm = 42.492157, gnorm = 9235.634766, step = 1.000000

Iteration 12:
fx = 161410.984375, xnorm = 43.589714, gnorm = 9974.875977, step = 1.000000

Iteration 13:
fx = 158085.093750, xnorm = 43.869278, gnorm = 9365.462891, step = 0.364051

Iteration 14:
fx = 154701.609375, xnorm = 44.083607, gnorm = 6060.063965, step = 1.000000

Iteration 15:
fx = 151847.296875, xnorm = 44.048775, gnorm = 9263.141602, step = 1.000000

Iteration 16:
fx = 149109.593750, xnorm = 43.783569, gnorm = 7779.062012, step = 1.000000

Iteration 17:
fx = 146750.156250, xnorm = 43.400757, gnorm = 6359.501953, step = 1.000000

Iteration 18:
fx = 142535.343750, xnorm = 42.213627, gnorm = 6160.336426, step = 1.000000

Iteration 19:
fx = 141246.343750, xnorm = 42.038841, gnorm = 4586.241699, step = 0.306847

Iteration 20:
fx = 140088.296875, xnorm = 41.906708, gnorm = 4227.811035, step = 1.000000

Iteration 21:
fx = 139548.312500, xnorm = 41.602768, gnorm = 12246.031250, step = 1.000000

Iteration 22:
fx = 137626.312500, xnorm = 41.573154, gnorm = 5094.131348, step = 1.000000

Iteration 23:
fx = 136871.515625, xnorm = 41.575039, gnorm = 4321.171387, step = 1.000000

Iteration 24:
fx = 134617.609375, xnorm = 41.347939, gnorm = 5088.053711, step = 1.000000

Iteration 25:
fx = 134371.234375, xnorm = 41.066353, gnorm = 9165.672852, step = 1.000000

Iteration 26:
fx = 132576.234375, xnorm = 41.022770, gnorm = 5687.513184, step = 1.000000

Iteration 27:
fx = 131705.937500, xnorm = 40.925728, gnorm = 5402.369629, step = 1.000000

Iteration 28:
fx = 130881.710938, xnorm = 40.833809, gnorm = 3331.896729, step = 1.000000

Iteration 29:
fx = 129765.242188, xnorm = 40.614769, gnorm = 3459.669434, step = 1.000000

Iteration 30:
fx = 129321.437500, xnorm = 40.546391, gnorm = 4286.632812, step = 0.357472

Iteration 31:
fx = 128331.335938, xnorm = 40.403545, gnorm = 4542.386719, step = 1.000000

Iteration 32:
fx = 127173.539062, xnorm = 40.164501, gnorm = 6769.737793, step = 1.000000

Iteration 33:
fx = 126357.640625, xnorm = 40.040276, gnorm = 6013.916992, step = 1.000000

Iteration 34:
fx = 125664.953125, xnorm = 39.992451, gnorm = 3232.484131, step = 1.000000

Iteration 35:
fx = 125069.851562, xnorm = 39.886253, gnorm = 3128.607910, step = 1.000000

Iteration 36:
fx = 124121.570312, xnorm = 39.668987, gnorm = 3547.640381, step = 1.000000

Iteration 37:
fx = 124045.765625, xnorm = 39.272972, gnorm = 9965.255859, step = 1.000000

Iteration 38:
fx = 122505.453125, xnorm = 39.238003, gnorm = 2930.381836, step = 1.000000

Iteration 39:
fx = 122176.656250, xnorm = 39.257065, gnorm = 2159.894775, step = 1.000000

Iteration 40:
fx = 121798.585938, xnorm = 39.248142, gnorm = 2615.898193, step = 1.000000

Iteration 41:
fx = 121558.132812, xnorm = 39.232250, gnorm = 2539.562012, step = 0.344964

Iteration 42:
fx = 121139.609375, xnorm = 39.190163, gnorm = 2579.300537, step = 1.000000

Iteration 43:
fx = 120337.750000, xnorm = 39.076241, gnorm = 3035.158691, step = 1.000000

Iteration 44:
fx = 119807.835938, xnorm = 38.965454, gnorm = 3203.043945, step = 0.420275

Iteration 45:
fx = 119267.093750, xnorm = 38.775806, gnorm = 2214.127197, step = 1.000000

Iteration 46:
fx = 118932.679688, xnorm = 38.572720, gnorm = 3122.508545, step = 1.000000

Iteration 47:
fx = 118497.328125, xnorm = 38.337898, gnorm = 2304.565918, step = 1.000000

Iteration 48:
fx = 118136.898438, xnorm = 38.078236, gnorm = 2736.705566, step = 1.000000

Iteration 49:
fx = 117804.976562, xnorm = 37.882938, gnorm = 2420.993164, step = 1.000000

Iteration 50:
fx = 117574.265625, xnorm = 37.837391, gnorm = 1586.655151, step = 1.000000

Iteration 51:
fx = 117320.804688, xnorm = 37.722271, gnorm = 1694.862671, step = 1.000000

Iteration 52:
fx = 117174.851562, xnorm = 37.573627, gnorm = 2556.612305, step = 1.000000

Iteration 53:
fx = 116978.898438, xnorm = 37.462887, gnorm = 1828.130981, step = 1.000000

Iteration 54:
fx = 116673.593750, xnorm = 37.149616, gnorm = 1760.644043, step = 1.000000

Iteration 55:
fx = 116525.179688, xnorm = 36.933624, gnorm = 2643.166748, step = 1.000000

Iteration 56:
fx = 116301.796875, xnorm = 36.764465, gnorm = 1775.644897, step = 1.000000

Iteration 57:
fx = 116083.593750, xnorm = 36.482212, gnorm = 2146.774902, step = 1.000000

Iteration 58:
fx = 115940.921875, xnorm = 36.353985, gnorm = 1872.153076, step = 1.000000

Iteration 59:
fx = 115840.265625, xnorm = 36.299660, gnorm = 1482.301392, step = 1.000000

Iteration 60:
fx = 115667.039062, xnorm = 36.092266, gnorm = 1886.495361, step = 1.000000

Iteration 61:
fx = 115642.328125, xnorm = 35.917080, gnorm = 3398.104492, step = 1.000000

Iteration 62:
fx = 115505.500000, xnorm = 35.937553, gnorm = 1441.795654, step = 1.000000

Iteration 63:
fx = 115409.218750, xnorm = 35.869526, gnorm = 893.208618, step = 1.000000

Iteration 64:
fx = 115325.789062, xnorm = 35.724361, gnorm = 1172.947266, step = 1.000000

Iteration 65:
fx = 115229.210938, xnorm = 35.547352, gnorm = 1413.593384, step = 1.000000

Iteration 66:
fx = 115171.312500, xnorm = 35.417770, gnorm = 1398.914307, step = 0.406900

Iteration 67:
fx = 115117.804688, xnorm = 35.320305, gnorm = 867.098328, step = 1.000000

Iteration 68:
fx = 115077.546875, xnorm = 35.245720, gnorm = 895.012756, step = 1.000000

Iteration 69:
fx = 115016.500000, xnorm = 35.125942, gnorm = 930.779602, step = 1.000000

Iteration 70:
fx = 114987.578125, xnorm = 35.088875, gnorm = 1318.527222, step = 0.275818

Iteration 71:
fx = 114918.593750, xnorm = 34.986675, gnorm = 930.960449, step = 1.000000

Iteration 72:
fx = 114882.156250, xnorm = 34.909103, gnorm = 1302.032959, step = 1.000000

Iteration 73:
fx = 114826.937500, xnorm = 34.865536, gnorm = 726.673767, step = 1.000000

Iteration 74:
fx = 114800.062500, xnorm = 34.851166, gnorm = 695.007690, step = 1.000000

Iteration 75:
fx = 114746.234375, xnorm = 34.776371, gnorm = 936.697754, step = 1.000000

Iteration 76:
fx = 114718.085938, xnorm = 34.730324, gnorm = 760.153137, step = 0.500822

Iteration 77:
fx = 114699.421875, xnorm = 34.704803, gnorm = 506.620300, step = 1.000000

Iteration 78:
fx = 114679.000000, xnorm = 34.657841, gnorm = 448.557892, step = 1.000000

Iteration 79:
fx = 114660.367188, xnorm = 34.617577, gnorm = 644.133240, step = 1.000000

Iteration 80:
fx = 114645.570312, xnorm = 34.592003, gnorm = 429.488953, step = 1.000000

Iteration 81:
fx = 114634.250000, xnorm = 34.568783, gnorm = 556.952393, step = 1.000000

Iteration 82:
fx = 114627.351562, xnorm = 34.558754, gnorm = 480.369904, step = 1.000000

Iteration 83:
fx = 114619.617188, xnorm = 34.555687, gnorm = 383.555603, step = 1.000000

Iteration 84:
fx = 114610.359375, xnorm = 34.549564, gnorm = 494.262939, step = 1.000000

Iteration 85:
fx = 114607.117188, xnorm = 34.533627, gnorm = 774.463379, step = 1.000000

Iteration 86:
fx = 114598.835938, xnorm = 34.536343, gnorm = 341.867706, step = 1.000000

Iteration 87:
fx = 114595.148438, xnorm = 34.533558, gnorm = 235.197189, step = 1.000000

Iteration 88:
fx = 114592.531250, xnorm = 34.528286, gnorm = 277.419098, step = 1.000000

Iteration 89:
fx = 114585.750000, xnorm = 34.524998, gnorm = 420.845428, step = 1.000000

Iteration 90:
fx = 114583.320312, xnorm = 34.523705, gnorm = 345.478516, step = 0.330634

Iteration 91:
fx = 114577.687500, xnorm = 34.525383, gnorm = 252.320160, step = 1.000000

Iteration 92:
fx = 114576.257812, xnorm = 34.529716, gnorm = 590.366333, step = 1.000000

Iteration 93:
fx = 114571.976562, xnorm = 34.532021, gnorm = 246.090988, step = 1.000000

Iteration 94:
fx = 114570.140625, xnorm = 34.536064, gnorm = 157.938477, step = 1.000000

Iteration 95:
fx = 114569.203125, xnorm = 34.540470, gnorm = 180.139175, step = 1.000000

Iteration 96:
fx = 114568.132812, xnorm = 34.548843, gnorm = 308.055695, step = 1.000000

Iteration 97:
fx = 114567.093750, xnorm = 34.552021, gnorm = 199.072708, step = 0.307783

Iteration 98:
fx = 114566.468750, xnorm = 34.557182, gnorm = 151.027924, step = 1.000000

Iteration 99:
fx = 114566.046875, xnorm = 34.560146, gnorm = 202.451233, step = 1.000000

Iteration 100:
fx = 114566.000000, xnorm = 34.560833, gnorm = 163.563599, step = 0.202564

Iteration 101:
fx = 114565.664062, xnorm = 34.563557, gnorm = 126.647743, step = 1.000000

Iteration 102:
fx = 114565.664062, xnorm = 34.563759, gnorm = 116.422546, step = 0.133837

Iteration 103:
fx = 114565.484375, xnorm = 34.564655, gnorm = 169.558701, step = 1.000000

Iteration 104:
fx = 114564.625000, xnorm = 34.565357, gnorm = 150.506317, step = 1.000000

Iteration 105:
fx = 114564.265625, xnorm = 34.565243, gnorm = 164.857697, step = 0.179513

Iteration 106:
fx = 114562.742188, xnorm = 34.564999, gnorm = 111.892929, step = 1.000000

Iteration 107:
fx = 114561.882812, xnorm = 34.563038, gnorm = 104.562576, step = 1.000000

Iteration 108:
fx = 114560.820312, xnorm = 34.558247, gnorm = 272.844849, step = 1.000000

Iteration 109:
fx = 114560.046875, xnorm = 34.557682, gnorm = 85.777664, step = 1.000000

Iteration 110:
fx = 114559.757812, xnorm = 34.556961, gnorm = 78.194000, step = 1.000000

Iteration 111:
fx = 114559.296875, xnorm = 34.554043, gnorm = 96.682686, step = 1.000000

Iteration 112:
fx = 114558.562500, xnorm = 34.548203, gnorm = 99.114815, step = 1.000000

Iteration 113:
fx = 114557.593750, xnorm = 34.544289, gnorm = 111.378349, step = 0.350027

Iteration 114:
fx = 114557.070312, xnorm = 34.540676, gnorm = 62.142059, step = 1.000000

Iteration 115:
fx = 114556.765625, xnorm = 34.536758, gnorm = 58.214458, step = 1.000000

Iteration 116:
fx = 114556.742188, xnorm = 34.535591, gnorm = 55.456932, step = 0.213875

Iteration 117:
fx = 114556.171875, xnorm = 34.528881, gnorm = 62.774853, step = 1.000000

Iteration 118:
fx = 114556.093750, xnorm = 34.526947, gnorm = 61.078789, step = 0.165015

Iteration 119:
fx = 114555.851562, xnorm = 34.519741, gnorm = 72.516396, step = 1.000000

Iteration 120:
fx = 114555.242188, xnorm = 34.509609, gnorm = 96.807564, step = 1.000000

Iteration 121:
fx = 114554.843750, xnorm = 34.504520, gnorm = 80.511978, step = 1.000000

Iteration 122:
fx = 114554.843750, xnorm = 34.505718, gnorm = 46.906288, step = 1.000000

Iteration 123:
fx = 114554.828125, xnorm = 34.505581, gnorm = 41.176807, step = 0.248825

Iteration 124:
fx = 114554.617188, xnorm = 34.501675, gnorm = 53.300129, step = 1.000000

L-BFGS optimization terminated with status code = -1001
fx = 114554.601562
[0;32mINFO[0;0m 2021-05-22 20:15:50,537 plmdca get_fields_and_couplings_from_backend 
	Data size expected from plmDCA backend: 105110
[0;32mINFO[0;0m 2021-05-22 20:15:50,537 plmdca get_fields_and_couplings_from_backend 
	Data size obtained from plmDCA backend to Python: 105110
[0;32mINFO[0;0m 2021-05-22 20:15:50,604 plmdca compute_sorted_FN 
	Computing non-APC sorted DCA score
[0;32mINFO[0;0m 2021-05-22 20:15:50,789 plmdca compute_sorted_FN_APC 
	Performing average product correction (APC) of FN  of DCA scores
[0;32mINFO[0;0m 2021-05-22 20:15:50,829 dca_utilities write_sorted_dca_scores 
	Writing DCA scores to file PLMDCA_output_3adb_C/PLMDCA_apc_fn_scores_3adb_C.txt
