[0;32mINFO[0;0m 2021-05-22 20:00:31,533 plmdca __init__ Created plmDCA instance with:
            biomolecule: RNA
            MSA sequence length: 75
            total number of (unweighted) sequences: 50000
            sequence identity: 0.8
            lambda_h: 14.8
            lambda_J: 14.8
            gradient decent iterations: 500
            number of threads: 40
        
[0;32mINFO[0;0m 2021-05-22 20:00:31,533 plmdca get_fields_and_couplings_from_backend 
	Computing fields and couplings using gradient decent
Iteration 1:
fx = 162035.828125, xnorm = 26.342892, gnorm = 24359.605469, step = 0.000061

Iteration 2:
fx = 153766.390625, xnorm = 26.342550, gnorm = 10148.573242, step = 1.000000

Iteration 3:
fx = 150228.531250, xnorm = 26.313709, gnorm = 8369.371094, step = 1.000000

Iteration 4:
fx = 140382.031250, xnorm = 26.247026, gnorm = 13392.563477, step = 1.000000

Iteration 5:
fx = 127073.007812, xnorm = 26.501905, gnorm = 15295.457031, step = 1.000000

Iteration 6:
fx = 117747.125000, xnorm = 27.968195, gnorm = 17166.052734, step = 1.000000

Iteration 7:
fx = 108350.523438, xnorm = 29.025043, gnorm = 9055.439453, step = 1.000000

Iteration 8:
fx = 105305.179688, xnorm = 29.614954, gnorm = 6167.151855, step = 1.000000

Iteration 9:
fx = 102575.851562, xnorm = 30.401386, gnorm = 4449.885742, step = 1.000000

Iteration 10:
fx = 100912.343750, xnorm = 30.967972, gnorm = 6448.648926, step = 1.000000

Iteration 11:
fx = 98623.296875, xnorm = 31.383551, gnorm = 5373.805664, step = 1.000000

Iteration 12:
fx = 94675.492188, xnorm = 32.297382, gnorm = 5461.273926, step = 1.000000

Iteration 13:
fx = 94430.562500, xnorm = 32.892063, gnorm = 9984.490234, step = 1.000000

Iteration 14:
fx = 91473.140625, xnorm = 32.614479, gnorm = 5017.750488, step = 1.000000

Iteration 15:
fx = 90833.687500, xnorm = 32.308521, gnorm = 6633.840332, step = 1.000000

Iteration 16:
fx = 89923.437500, xnorm = 32.248276, gnorm = 3834.172363, step = 1.000000

Iteration 17:
fx = 89140.406250, xnorm = 32.016823, gnorm = 3747.000977, step = 1.000000

Iteration 18:
fx = 88620.351562, xnorm = 31.840616, gnorm = 3636.281982, step = 1.000000

Iteration 19:
fx = 87614.687500, xnorm = 31.231289, gnorm = 6731.951172, step = 1.000000

Iteration 20:
fx = 86657.843750, xnorm = 31.067696, gnorm = 5022.598145, step = 1.000000

Iteration 21:
fx = 86017.882812, xnorm = 31.158720, gnorm = 2839.932129, step = 1.000000

Iteration 22:
fx = 85348.039062, xnorm = 31.073120, gnorm = 2311.937500, step = 1.000000

Iteration 23:
fx = 84583.640625, xnorm = 30.847387, gnorm = 3839.555664, step = 1.000000

Iteration 24:
fx = 83999.453125, xnorm = 30.560705, gnorm = 5411.625488, step = 1.000000

Iteration 25:
fx = 83201.500000, xnorm = 30.469519, gnorm = 2644.168945, step = 1.000000

Iteration 26:
fx = 82724.140625, xnorm = 30.389351, gnorm = 2334.069092, step = 1.000000

Iteration 27:
fx = 82344.078125, xnorm = 30.302259, gnorm = 2616.193848, step = 1.000000

Iteration 28:
fx = 82052.718750, xnorm = 30.123411, gnorm = 5561.631348, step = 1.000000

Iteration 29:
fx = 81277.164062, xnorm = 30.086641, gnorm = 2719.284180, step = 1.000000

Iteration 30:
fx = 80942.148438, xnorm = 30.070169, gnorm = 2242.394043, step = 1.000000

Iteration 31:
fx = 80568.609375, xnorm = 30.026922, gnorm = 2420.726562, step = 1.000000

Iteration 32:
fx = 79952.578125, xnorm = 29.967640, gnorm = 3070.171875, step = 1.000000

Iteration 33:
fx = 79556.906250, xnorm = 29.954288, gnorm = 3168.652344, step = 1.000000

Iteration 34:
fx = 79182.218750, xnorm = 29.956945, gnorm = 1869.988403, step = 1.000000

Iteration 35:
fx = 78849.046875, xnorm = 29.973698, gnorm = 2125.387207, step = 1.000000

Iteration 36:
fx = 78847.570312, xnorm = 30.030678, gnorm = 4369.201660, step = 1.000000

Iteration 37:
fx = 78523.156250, xnorm = 30.040268, gnorm = 2006.204346, step = 1.000000

Iteration 38:
fx = 78354.789062, xnorm = 30.057953, gnorm = 1758.711426, step = 1.000000

Iteration 39:
fx = 78214.125000, xnorm = 30.089567, gnorm = 2221.012939, step = 1.000000

Iteration 40:
fx = 77904.843750, xnorm = 30.174763, gnorm = 2752.955566, step = 1.000000

Iteration 41:
fx = 77661.867188, xnorm = 30.393751, gnorm = 3161.121826, step = 1.000000

Iteration 42:
fx = 77333.984375, xnorm = 30.459547, gnorm = 1751.534912, step = 1.000000

Iteration 43:
fx = 77009.843750, xnorm = 30.595200, gnorm = 1593.769409, step = 1.000000

Iteration 44:
fx = 76845.640625, xnorm = 30.784319, gnorm = 1946.497803, step = 1.000000

Iteration 45:
fx = 76702.671875, xnorm = 30.979536, gnorm = 1967.416870, step = 1.000000

Iteration 46:
fx = 76564.796875, xnorm = 31.001490, gnorm = 1112.313354, step = 1.000000

Iteration 47:
fx = 76430.968750, xnorm = 31.023268, gnorm = 1301.635742, step = 1.000000

Iteration 48:
fx = 76307.234375, xnorm = 31.082745, gnorm = 1334.440186, step = 1.000000

Iteration 49:
fx = 76174.117188, xnorm = 31.220774, gnorm = 2202.729736, step = 1.000000

Iteration 50:
fx = 75993.632812, xnorm = 31.320597, gnorm = 1072.220215, step = 1.000000

Iteration 51:
fx = 75891.664062, xnorm = 31.376825, gnorm = 980.245667, step = 1.000000

Iteration 52:
fx = 75822.171875, xnorm = 31.446625, gnorm = 1845.286133, step = 1.000000

Iteration 53:
fx = 75729.281250, xnorm = 31.509003, gnorm = 1174.019409, step = 1.000000

Iteration 54:
fx = 75677.203125, xnorm = 31.467634, gnorm = 864.779297, step = 1.000000

Iteration 55:
fx = 75602.781250, xnorm = 31.384747, gnorm = 1012.131775, step = 1.000000

Iteration 56:
fx = 75533.421875, xnorm = 31.324638, gnorm = 1416.153320, step = 1.000000

Iteration 57:
fx = 75451.375000, xnorm = 31.266983, gnorm = 886.894836, step = 1.000000

Iteration 58:
fx = 75399.062500, xnorm = 31.246866, gnorm = 727.116028, step = 1.000000

Iteration 59:
fx = 75341.000000, xnorm = 31.186836, gnorm = 1136.266479, step = 1.000000

Iteration 60:
fx = 75310.195312, xnorm = 31.079420, gnorm = 1658.724243, step = 1.000000

Iteration 61:
fx = 75256.101562, xnorm = 31.060038, gnorm = 743.757019, step = 1.000000

Iteration 62:
fx = 75227.570312, xnorm = 31.005598, gnorm = 693.785828, step = 1.000000

Iteration 63:
fx = 75191.476562, xnorm = 30.908384, gnorm = 842.079651, step = 1.000000

Iteration 64:
fx = 75124.375000, xnorm = 30.698986, gnorm = 1057.329590, step = 1.000000

Iteration 65:
fx = 75086.039062, xnorm = 30.547867, gnorm = 1139.707886, step = 0.450783

Iteration 66:
fx = 75045.414062, xnorm = 30.449770, gnorm = 619.987122, step = 1.000000

Iteration 67:
fx = 75015.085938, xnorm = 30.344498, gnorm = 556.205322, step = 1.000000

Iteration 68:
fx = 74985.585938, xnorm = 30.233637, gnorm = 607.042114, step = 1.000000

Iteration 69:
fx = 74965.765625, xnorm = 30.036577, gnorm = 1270.874390, step = 1.000000

Iteration 70:
fx = 74921.468750, xnorm = 29.988834, gnorm = 535.894958, step = 1.000000

Iteration 71:
fx = 74899.929688, xnorm = 29.943588, gnorm = 439.340942, step = 1.000000

Iteration 72:
fx = 74878.984375, xnorm = 29.862791, gnorm = 526.911621, step = 1.000000

Iteration 73:
fx = 74868.859375, xnorm = 29.810162, gnorm = 641.156494, step = 0.262095

Iteration 74:
fx = 74845.101562, xnorm = 29.684334, gnorm = 576.015808, step = 1.000000

Iteration 75:
fx = 74810.335938, xnorm = 29.506231, gnorm = 577.453796, step = 1.000000

Iteration 76:
fx = 74796.578125, xnorm = 29.423115, gnorm = 412.361786, step = 0.394706

Iteration 77:
fx = 74785.601562, xnorm = 29.373806, gnorm = 333.114319, step = 1.000000

Iteration 78:
fx = 74777.031250, xnorm = 29.325130, gnorm = 339.198730, step = 1.000000

Iteration 79:
fx = 74762.898438, xnorm = 29.258162, gnorm = 386.492706, step = 1.000000

Iteration 80:
fx = 74758.625000, xnorm = 29.224047, gnorm = 421.900085, step = 1.000000

Iteration 81:
fx = 74752.453125, xnorm = 29.212633, gnorm = 288.378174, step = 1.000000

Iteration 82:
fx = 74746.718750, xnorm = 29.194830, gnorm = 251.276840, step = 1.000000

Iteration 83:
fx = 74741.742188, xnorm = 29.154245, gnorm = 383.846924, step = 1.000000

Iteration 84:
fx = 74736.875000, xnorm = 29.108624, gnorm = 257.032990, step = 1.000000

Iteration 85:
fx = 74733.218750, xnorm = 29.072454, gnorm = 220.503036, step = 1.000000

Iteration 86:
fx = 74729.593750, xnorm = 29.024822, gnorm = 200.844589, step = 1.000000

Iteration 87:
fx = 74726.320312, xnorm = 28.962536, gnorm = 537.771484, step = 1.000000

Iteration 88:
fx = 74722.750000, xnorm = 28.967108, gnorm = 155.835297, step = 1.000000

Iteration 89:
fx = 74721.750000, xnorm = 28.969481, gnorm = 116.728851, step = 1.000000

Iteration 90:
fx = 74720.046875, xnorm = 28.962587, gnorm = 139.809128, step = 1.000000

Iteration 91:
fx = 74717.687500, xnorm = 28.949924, gnorm = 257.935211, step = 1.000000

Iteration 92:
fx = 74714.992188, xnorm = 28.925669, gnorm = 245.305405, step = 1.000000

Iteration 93:
fx = 74712.757812, xnorm = 28.918777, gnorm = 144.907104, step = 1.000000

Iteration 94:
fx = 74710.742188, xnorm = 28.907709, gnorm = 146.709000, step = 1.000000

Iteration 95:
fx = 74709.648438, xnorm = 28.892418, gnorm = 194.110672, step = 1.000000

Iteration 96:
fx = 74706.984375, xnorm = 28.875301, gnorm = 123.656967, step = 1.000000

Iteration 97:
fx = 74705.968750, xnorm = 28.865843, gnorm = 111.421562, step = 1.000000

Iteration 98:
fx = 74704.078125, xnorm = 28.852779, gnorm = 156.633911, step = 1.000000

Iteration 99:
fx = 74703.601562, xnorm = 28.848988, gnorm = 117.799736, step = 1.000000

Iteration 100:
fx = 74703.156250, xnorm = 28.842369, gnorm = 123.273323, step = 1.000000

Iteration 101:
fx = 74703.031250, xnorm = 28.837233, gnorm = 118.463707, step = 1.000000

Iteration 102:
fx = 74702.390625, xnorm = 28.832273, gnorm = 88.552330, step = 1.000000

Iteration 103:
fx = 74701.414062, xnorm = 28.820841, gnorm = 101.358482, step = 1.000000

Iteration 104:
fx = 74701.007812, xnorm = 28.810766, gnorm = 175.514542, step = 1.000000

Iteration 105:
fx = 74700.664062, xnorm = 28.807785, gnorm = 83.896996, step = 1.000000

Iteration 106:
fx = 74700.304688, xnorm = 28.806137, gnorm = 66.000786, step = 1.000000

Iteration 107:
fx = 74700.007812, xnorm = 28.804337, gnorm = 75.896111, step = 1.000000

Iteration 108:
fx = 74699.523438, xnorm = 28.800560, gnorm = 160.079132, step = 1.000000

Iteration 109:
fx = 74699.492188, xnorm = 28.798326, gnorm = 82.754318, step = 1.000000

Iteration 110:
fx = 74699.445312, xnorm = 28.798252, gnorm = 69.038216, step = 0.239870

Iteration 111:
fx = 74699.375000, xnorm = 28.797262, gnorm = 56.633652, step = 1.000000

L-BFGS optimization terminated with status code = -1001
fx = 74699.359375
[0;32mINFO[0;0m 2021-05-22 20:01:31,624 plmdca get_fields_and_couplings_from_backend 
	Data size expected from plmDCA backend: 69750
[0;32mINFO[0;0m 2021-05-22 20:01:31,625 plmdca get_fields_and_couplings_from_backend 
	Data size obtained from plmDCA backend to Python: 69750
[0;32mINFO[0;0m 2021-05-22 20:01:31,691 plmdca compute_sorted_FN 
	Computing non-APC sorted DCA score
[0;32mINFO[0;0m 2021-05-22 20:01:31,896 plmdca compute_sorted_FN_APC 
	Performing average product correction (APC) of FN  of DCA scores
[0;32mINFO[0;0m 2021-05-22 20:01:31,930 dca_utilities write_sorted_dca_scores 
	Writing DCA scores to file PLMDCA_output_5wwr_C/PLMDCA_apc_fn_scores_5wwr_C.txt
