[0;32mINFO[0;0m 2021-08-19 12:43:03,321 plmdca __init__ Created plmDCA instance with:
            biomolecule: RNA
            MSA sequence length: 72
            total number of (unweighted) sequences: 42708
            sequence identity: 0.8
            lambda_h: 14.200000000000001
            lambda_J: 14.200000000000001
            gradient decent iterations: 500
            number of threads: 40
        
[0;32mINFO[0;0m 2021-08-19 12:43:03,322 plmdca get_fields_and_couplings_from_backend 
	Computing fields and couplings using gradient decent
Iteration 1:
fx = 25015.732422, xnorm = 24.106171, gnorm = 3297.564453, step = 0.000452

Iteration 2:
fx = 23934.390625, xnorm = 24.087963, gnorm = 1197.872803, step = 1.000000

Iteration 3:
fx = 23574.753906, xnorm = 23.894247, gnorm = 1091.722534, step = 1.000000

Iteration 4:
fx = 21914.976562, xnorm = 22.470732, gnorm = 2058.430420, step = 1.000000

Iteration 5:
fx = 19531.201172, xnorm = 20.384449, gnorm = 2324.507324, step = 1.000000

Iteration 6:
fx = 17973.941406, xnorm = 18.423809, gnorm = 2810.968994, step = 1.000000

Iteration 7:
fx = 16561.513672, xnorm = 18.242231, gnorm = 1796.978027, step = 1.000000

Iteration 8:
fx = 15818.870117, xnorm = 18.004999, gnorm = 1281.708374, step = 1.000000

Iteration 9:
fx = 15334.153320, xnorm = 17.228279, gnorm = 1864.431152, step = 1.000000

Iteration 10:
fx = 14788.598633, xnorm = 17.216679, gnorm = 875.977051, step = 1.000000

Iteration 11:
fx = 14415.404297, xnorm = 16.883562, gnorm = 777.732544, step = 1.000000

Iteration 12:
fx = 13693.768555, xnorm = 15.814702, gnorm = 1307.849854, step = 1.000000

Iteration 13:
fx = 13197.958008, xnorm = 15.340067, gnorm = 1232.519165, step = 1.000000

Iteration 14:
fx = 12847.321289, xnorm = 15.002899, gnorm = 816.484070, step = 1.000000

Iteration 15:
fx = 12563.921875, xnorm = 14.461241, gnorm = 612.476196, step = 1.000000

Iteration 16:
fx = 12448.333008, xnorm = 14.155668, gnorm = 551.601318, step = 1.000000

Iteration 17:
fx = 12331.822266, xnorm = 13.799883, gnorm = 493.493500, step = 1.000000

Iteration 18:
fx = 12229.426758, xnorm = 13.436477, gnorm = 456.105957, step = 1.000000

Iteration 19:
fx = 12154.048828, xnorm = 13.188481, gnorm = 364.725830, step = 1.000000

Iteration 20:
fx = 12057.140625, xnorm = 12.670989, gnorm = 393.088043, step = 1.000000

Iteration 21:
fx = 12040.494141, xnorm = 12.385633, gnorm = 598.569824, step = 1.000000

Iteration 22:
fx = 11989.588867, xnorm = 12.429054, gnorm = 223.688904, step = 1.000000

Iteration 23:
fx = 11974.774414, xnorm = 12.401673, gnorm = 176.171967, step = 1.000000

Iteration 24:
fx = 11961.107422, xnorm = 12.339728, gnorm = 189.362259, step = 1.000000

Iteration 25:
fx = 11946.953125, xnorm = 12.218172, gnorm = 256.114502, step = 1.000000

Iteration 26:
fx = 11935.464844, xnorm = 12.084868, gnorm = 214.067642, step = 1.000000

Iteration 27:
fx = 11927.926758, xnorm = 12.097568, gnorm = 109.919533, step = 1.000000

Iteration 28:
fx = 11922.456055, xnorm = 12.067462, gnorm = 102.389992, step = 1.000000

Iteration 29:
fx = 11916.600586, xnorm = 11.998445, gnorm = 111.935471, step = 1.000000

Iteration 30:
fx = 11912.999023, xnorm = 11.891448, gnorm = 211.642883, step = 1.000000

Iteration 31:
fx = 11906.462891, xnorm = 11.865248, gnorm = 77.705002, step = 1.000000

Iteration 32:
fx = 11904.300781, xnorm = 11.861641, gnorm = 69.565536, step = 1.000000

Iteration 33:
fx = 11901.636719, xnorm = 11.841619, gnorm = 68.757301, step = 1.000000

Iteration 34:
fx = 11900.140625, xnorm = 11.827409, gnorm = 90.610542, step = 0.442244

Iteration 35:
fx = 11898.253906, xnorm = 11.806141, gnorm = 51.241039, step = 1.000000

Iteration 36:
fx = 11897.146484, xnorm = 11.794669, gnorm = 34.128941, step = 1.000000

Iteration 37:
fx = 11896.421875, xnorm = 11.785284, gnorm = 40.739677, step = 1.000000

Iteration 38:
fx = 11896.201172, xnorm = 11.784636, gnorm = 78.673347, step = 1.000000

Iteration 39:
fx = 11895.497070, xnorm = 11.787652, gnorm = 29.516060, step = 1.000000

Iteration 40:
fx = 11895.269531, xnorm = 11.792364, gnorm = 24.005180, step = 1.000000

Iteration 41:
fx = 11895.073242, xnorm = 11.799286, gnorm = 28.785540, step = 1.000000

Iteration 42:
fx = 11894.843750, xnorm = 11.811074, gnorm = 44.046253, step = 1.000000

Iteration 43:
fx = 11894.779297, xnorm = 11.813845, gnorm = 32.987656, step = 0.206555

Iteration 44:
fx = 11894.695312, xnorm = 11.819469, gnorm = 12.847847, step = 1.000000

Iteration 45:
fx = 11894.658203, xnorm = 11.820848, gnorm = 10.638273, step = 1.000000

Iteration 46:
fx = 11894.652344, xnorm = 11.821575, gnorm = 10.353967, step = 0.221221

Iteration 47:
fx = 11894.630859, xnorm = 11.823298, gnorm = 11.714640, step = 0.252592

Iteration 48:
fx = 11894.624023, xnorm = 11.825138, gnorm = 9.845922, step = 0.191816

L-BFGS optimization terminated with status code = -1001
fx = 11894.625977
[0;32mINFO[0;0m 2021-08-19 12:43:25,698 plmdca get_fields_and_couplings_from_backend 
	Data size expected from plmDCA backend: 64260
[0;32mINFO[0;0m 2021-08-19 12:43:25,698 plmdca get_fields_and_couplings_from_backend 
	Data size obtained from plmDCA backend to Python: 64260
[0;32mINFO[0;0m 2021-08-19 12:43:25,739 plmdca compute_sorted_FN 
	Computing non-APC sorted DCA score
[0;32mINFO[0;0m 2021-08-19 12:43:25,888 plmdca compute_sorted_FN_APC 
	Performing average product correction (APC) of FN  of DCA scores
[0;32mINFO[0;0m 2021-08-19 12:43:25,909 dca_utilities write_sorted_dca_scores 
	Writing DCA scores to file PLMDCA_output_4n0t_B/PLMDCA_apc_fn_scores_4n0t_B.txt
