[0;32mINFO[0;0m 2021-05-22 18:52:17,486 fasta_reader get_alignment_int_form 
	Found 1 non-standard residues in 1 sequences
[0;32mINFO[0;0m 2021-05-22 18:52:17,486 fasta_reader get_alignment_int_form 
	Total number of sequences read from file: 69
[0;32mINFO[0;0m 2021-05-22 18:52:17,486 meanfield_dca compute_sequences_weight 
	Computing sequences weights
[0;32mINFO[0;0m 2021-05-22 18:52:18,356 meanfield_dca __init__ 
	Created a MeanFieldDCA object with the following attributes
        	biomolecule: RNA
        	total states at sites: 5
        	pseudocount: 0.5
        	sequence identity: 0.8
        	alignment length: 65
        	total number of unique sequences (excluding redundant sequences with 100 percent similarity): 68
        	effective number of sequences (with sequence identity 0.8): 16.766164743409327
        
[0;32mINFO[0;0m 2021-05-22 18:52:18,357 meanfield_dca get_single_site_freqs 
	Computing single site frequencies
[0;32mINFO[0;0m 2021-05-22 18:52:18,720 meanfield_dca get_reg_single_site_freqs 
	Regularizing single site frequencies
[0;32mINFO[0;0m 2021-05-22 18:52:18,844 meanfield_dca get_pair_site_freqs 
	Computing pair site frequencies
[0;32mINFO[0;0m 2021-05-22 18:52:22,352 meanfield_dca get_reg_pair_site_freqs 
	Regularizing pair site frequencies
[0;32mINFO[0;0m 2021-05-22 18:52:22,553 meanfield_dca construct_corr_mat 
	Constructing the correlation matrix
[0;32mINFO[0;0m 2021-05-22 18:52:22,875 meanfield_dca compute_couplings 
	Computing couplings
[0;32mINFO[0;0m 2021-05-22 18:52:23,426 meanfield_dca compute_couplings 
	Maximum and minimum couplings: 2.200531237803897, -20.000000000000014
[0;32mINFO[0;0m 2021-05-22 18:52:23,426 meanfield_dca compute_sorted_FN 
	Computing Frobenius norm of couplings
[0;32mINFO[0;0m 2021-05-22 18:52:23,611 meanfield_dca compute_sorted_FN_APC 
	Performing average product correction (APC) to Frobenius norm of couplings.
[0;32mINFO[0;0m 2021-05-22 18:52:23,622 dca_utilities write_sorted_dca_scores 
	Writing DCA scores to file MFDCA_output_4v2s_Q/MFDCA_apc_fn_scores_4v2s_Q.txt
[0;32mINFO[0;0m 2021-05-22 18:52:23,626 mfdca_main run_meanfield_dca 
	DONE
