[0;32mINFO[0;0m 2021-10-19 19:18:11,491 fasta_reader get_alignment_int_form 
	Found 47 non-standard residues in 29 sequences
[0;32mINFO[0;0m 2021-10-19 19:18:11,491 fasta_reader get_alignment_int_form 
	Total number of sequences read from file: 50000
[0;32mINFO[0;0m 2021-10-19 19:18:11,497 meanfield_dca compute_sequences_weight 
	Computing sequences weights
[0;32mINFO[0;0m 2021-10-19 19:18:14,475 meanfield_dca __init__ 
	Created a MeanFieldDCA object with the following attributes
        	biomolecule: RNA
        	total states at sites: 5
        	pseudocount: 0.5
        	sequence identity: 0.8
        	alignment length: 72
        	total number of unique sequences (excluding redundant sequences with 100 percent similarity): 35160
        	effective number of sequences (with sequence identity 0.8): 1098.3786410295425
        
[0;32mINFO[0;0m 2021-10-19 19:18:14,476 meanfield_dca get_single_site_freqs 
	Computing single site frequencies
[0;32mINFO[0;0m 2021-10-19 19:18:15,035 meanfield_dca get_reg_single_site_freqs 
	Regularizing single site frequencies
[0;32mINFO[0;0m 2021-10-19 19:18:15,159 meanfield_dca get_pair_site_freqs 
	Computing pair site frequencies
[0;32mINFO[0;0m 2021-10-19 19:18:20,031 meanfield_dca get_reg_pair_site_freqs 
	Regularizing pair site frequencies
[0;32mINFO[0;0m 2021-10-19 19:18:20,231 meanfield_dca construct_corr_mat 
	Constructing the correlation matrix
[0;32mINFO[0;0m 2021-10-19 19:18:20,494 meanfield_dca compute_couplings 
	Computing couplings
[0;32mINFO[0;0m 2021-10-19 19:18:21,101 meanfield_dca compute_couplings 
	Maximum and minimum couplings: 3.770330320533336, -19.086991630643457
[0;32mINFO[0;0m 2021-10-19 19:18:21,101 meanfield_dca compute_sorted_FN 
	Computing Frobenius norm of couplings
[0;32mINFO[0;0m 2021-10-19 19:18:21,349 meanfield_dca compute_sorted_FN_APC 
	Performing average product correction (APC) to Frobenius norm of couplings.
[0;32mINFO[0;0m 2021-10-19 19:18:21,363 dca_utilities write_sorted_dca_scores 
	Writing DCA scores to file MFDCA_output_6m0w_B/MFDCA_apc_fn_scores_6m0w_B.txt
[0;32mINFO[0;0m 2021-10-19 19:18:21,378 mfdca_main run_meanfield_dca 
	DONE
