[0;32mINFO[0;0m 2021-08-18 21:17:34,341 fasta_reader get_alignment_int_form 
	Total number of sequences read from file: 13
[0;32mINFO[0;0m 2021-08-18 21:17:34,341 meanfield_dca compute_sequences_weight 
	Computing sequences weights
[0;32mINFO[0;0m 2021-08-18 21:17:35,187 meanfield_dca __init__ 
	Created a MeanFieldDCA object with the following attributes
        	biomolecule: RNA
        	total states at sites: 5
        	pseudocount: 0.5
        	sequence identity: 0.8
        	alignment length: 49
        	total number of unique sequences (excluding redundant sequences with 100 percent similarity): 13
        	effective number of sequences (with sequence identity 0.8): 6.816666666666666
        
[0;32mINFO[0;0m 2021-08-18 21:17:35,188 meanfield_dca get_single_site_freqs 
	Computing single site frequencies
[0;32mINFO[0;0m 2021-08-18 21:17:35,553 meanfield_dca get_reg_single_site_freqs 
	Regularizing single site frequencies
[0;32mINFO[0;0m 2021-08-18 21:17:35,676 meanfield_dca get_pair_site_freqs 
	Computing pair site frequencies
[0;32mINFO[0;0m 2021-08-18 21:17:38,852 meanfield_dca get_reg_pair_site_freqs 
	Regularizing pair site frequencies
[0;32mINFO[0;0m 2021-08-18 21:17:39,101 meanfield_dca construct_corr_mat 
	Constructing the correlation matrix
[0;32mINFO[0;0m 2021-08-18 21:17:39,419 meanfield_dca compute_couplings 
	Computing couplings
[0;32mINFO[0;0m 2021-08-18 21:17:39,928 meanfield_dca compute_couplings 
	Maximum and minimum couplings: 3.4072035034761883, -20.00000000000002
[0;32mINFO[0;0m 2021-08-18 21:17:39,929 meanfield_dca compute_sorted_FN 
	Computing Frobenius norm of couplings
[0;32mINFO[0;0m 2021-08-18 21:17:40,054 meanfield_dca compute_sorted_FN_APC 
	Performing average product correction (APC) to Frobenius norm of couplings.
[0;32mINFO[0;0m 2021-08-18 21:17:40,058 dca_utilities write_sorted_dca_scores 
	Writing DCA scores to file MFDCA_output_1u63_B/MFDCA_apc_fn_scores_1u63_B.txt
[0;32mINFO[0;0m 2021-08-18 21:17:40,061 mfdca_main run_meanfield_dca 
	DONE
