[0;32mINFO[0;0m 2021-08-03 01:59:44,276 fasta_reader get_alignment_int_form 
	Found 186 non-standard residues in 16 sequences
[0;32mINFO[0;0m 2021-08-03 01:59:44,277 fasta_reader get_alignment_int_form 
	Total number of sequences read from file: 17
[0;32mINFO[0;0m 2021-08-03 01:59:44,277 meanfield_dca compute_sequences_weight 
	Computing sequences weights
[0;32mINFO[0;0m 2021-08-03 01:59:45,161 meanfield_dca __init__ 
	Created a MeanFieldDCA object with the following attributes
        	biomolecule: RNA
        	total states at sites: 5
        	pseudocount: 0.5
        	sequence identity: 0.8
        	alignment length: 59
        	total number of unique sequences (excluding redundant sequences with 100 percent similarity): 16
        	effective number of sequences (with sequence identity 0.8): 2.0095238095238095
        
[0;32mINFO[0;0m 2021-08-03 01:59:45,161 meanfield_dca get_single_site_freqs 
	Computing single site frequencies
[0;32mINFO[0;0m 2021-08-03 01:59:45,550 meanfield_dca get_reg_single_site_freqs 
	Regularizing single site frequencies
[0;32mINFO[0;0m 2021-08-03 01:59:45,682 meanfield_dca get_pair_site_freqs 
	Computing pair site frequencies
[0;32mINFO[0;0m 2021-08-03 01:59:49,036 meanfield_dca get_reg_pair_site_freqs 
	Regularizing pair site frequencies
[0;32mINFO[0;0m 2021-08-03 01:59:49,246 meanfield_dca construct_corr_mat 
	Constructing the correlation matrix
[0;32mINFO[0;0m 2021-08-03 01:59:49,582 meanfield_dca compute_couplings 
	Computing couplings
[0;32mINFO[0;0m 2021-08-03 01:59:50,212 meanfield_dca compute_couplings 
	Maximum and minimum couplings: 4.658954424920325, -20.000000000000004
[0;32mINFO[0;0m 2021-08-03 01:59:50,212 meanfield_dca compute_sorted_FN 
	Computing Frobenius norm of couplings
[0;32mINFO[0;0m 2021-08-03 01:59:50,367 meanfield_dca compute_sorted_FN_APC 
	Performing average product correction (APC) to Frobenius norm of couplings.
[0;32mINFO[0;0m 2021-08-03 01:59:50,374 dca_utilities write_sorted_dca_scores 
	Writing DCA scores to file MFDCA_output_6aay_B/MFDCA_apc_fn_scores_6aay_B.txt
[0;32mINFO[0;0m 2021-08-03 01:59:50,378 mfdca_main run_meanfield_dca 
	DONE
