[0;32mINFO[0;0m 2021-06-10 14:44:17,403 fasta_reader get_alignment_int_form 
	Total number of sequences read from file: 5
[0;32mINFO[0;0m 2021-06-10 14:44:17,404 meanfield_dca compute_sequences_weight 
	Computing sequences weights
[0;32mINFO[0;0m 2021-06-10 14:44:18,272 meanfield_dca __init__ 
	Created a MeanFieldDCA object with the following attributes
        	biomolecule: RNA
        	total states at sites: 5
        	pseudocount: 0.5
        	sequence identity: 0.8
        	alignment length: 66
        	total number of unique sequences (excluding redundant sequences with 100 percent similarity): 4
        	effective number of sequences (with sequence identity 0.8): 3.0
        
[0;32mINFO[0;0m 2021-06-10 14:44:18,272 meanfield_dca get_single_site_freqs 
	Computing single site frequencies
[0;32mINFO[0;0m 2021-06-10 14:44:18,635 meanfield_dca get_reg_single_site_freqs 
	Regularizing single site frequencies
[0;32mINFO[0;0m 2021-06-10 14:44:18,758 meanfield_dca get_pair_site_freqs 
	Computing pair site frequencies
[0;32mINFO[0;0m 2021-06-10 14:44:21,924 meanfield_dca get_reg_pair_site_freqs 
	Regularizing pair site frequencies
[0;32mINFO[0;0m 2021-06-10 14:44:22,121 meanfield_dca construct_corr_mat 
	Constructing the correlation matrix
[0;32mINFO[0;0m 2021-06-10 14:44:22,430 meanfield_dca compute_couplings 
	Computing couplings
[0;32mINFO[0;0m 2021-06-10 14:44:23,230 meanfield_dca compute_couplings 
	Maximum and minimum couplings: 1.433084878210046, -20.000000000000018
[0;32mINFO[0;0m 2021-06-10 14:44:23,230 meanfield_dca compute_sorted_FN 
	Computing Frobenius norm of couplings
[0;32mINFO[0;0m 2021-06-10 14:44:23,395 meanfield_dca compute_sorted_FN_APC 
	Performing average product correction (APC) to Frobenius norm of couplings.
[0;32mINFO[0;0m 2021-06-10 14:44:23,405 dca_utilities write_sorted_dca_scores 
	Writing DCA scores to file MFDCA_output_PKB248/MFDCA_apc_fn_scores_PKB248.txt
[0;32mINFO[0;0m 2021-06-10 14:44:23,411 mfdca_main run_meanfield_dca 
	DONE
