[0;32mINFO[0;0m 2021-08-19 10:51:40,993 fasta_reader get_alignment_int_form 
	Found 1357 non-standard residues in 159 sequences
[0;32mINFO[0;0m 2021-08-19 10:51:40,994 fasta_reader get_alignment_int_form 
	Total number of sequences read from file: 3875
[0;32mINFO[0;0m 2021-08-19 10:51:40,994 meanfield_dca compute_sequences_weight 
	Computing sequences weights
[0;32mINFO[0;0m 2021-08-19 10:51:41,900 meanfield_dca __init__ 
	Created a MeanFieldDCA object with the following attributes
        	biomolecule: RNA
        	total states at sites: 5
        	pseudocount: 0.5
        	sequence identity: 0.8
        	alignment length: 118
        	total number of unique sequences (excluding redundant sequences with 100 percent similarity): 3806
        	effective number of sequences (with sequence identity 0.8): 51.931746496027564
        
[0;32mINFO[0;0m 2021-08-19 10:51:41,901 meanfield_dca get_single_site_freqs 
	Computing single site frequencies
[0;32mINFO[0;0m 2021-08-19 10:51:42,319 meanfield_dca get_reg_single_site_freqs 
	Regularizing single site frequencies
[0;32mINFO[0;0m 2021-08-19 10:51:42,442 meanfield_dca get_pair_site_freqs 
	Computing pair site frequencies
[0;32mINFO[0;0m 2021-08-19 10:51:45,958 meanfield_dca get_reg_pair_site_freqs 
	Regularizing pair site frequencies
[0;32mINFO[0;0m 2021-08-19 10:51:46,160 meanfield_dca construct_corr_mat 
	Constructing the correlation matrix
[0;32mINFO[0;0m 2021-08-19 10:51:46,425 meanfield_dca compute_couplings 
	Computing couplings
[0;32mINFO[0;0m 2021-08-19 10:51:47,090 meanfield_dca compute_couplings 
	Maximum and minimum couplings: 4.400870521120711, -19.625159125245276
[0;32mINFO[0;0m 2021-08-19 10:51:47,090 meanfield_dca compute_sorted_FN 
	Computing Frobenius norm of couplings
[0;32mINFO[0;0m 2021-08-19 10:51:47,514 meanfield_dca compute_sorted_FN_APC 
	Performing average product correction (APC) to Frobenius norm of couplings.
[0;32mINFO[0;0m 2021-08-19 10:51:47,580 dca_utilities write_sorted_dca_scores 
	Writing DCA scores to file MFDCA_output_5f9r_A/MFDCA_apc_fn_scores_5f9r_A.txt
[0;32mINFO[0;0m 2021-08-19 10:51:47,595 mfdca_main run_meanfield_dca 
	DONE
