[0;32mINFO[0;0m 2021-05-22 18:51:57,343 fasta_reader get_alignment_int_form 
	Total number of sequences read from file: 61
[0;32mINFO[0;0m 2021-05-22 18:51:57,343 meanfield_dca compute_sequences_weight 
	Computing sequences weights
[0;32mINFO[0;0m 2021-05-22 18:51:58,188 meanfield_dca __init__ 
	Created a MeanFieldDCA object with the following attributes
        	biomolecule: RNA
        	total states at sites: 5
        	pseudocount: 0.5
        	sequence identity: 0.8
        	alignment length: 53
        	total number of unique sequences (excluding redundant sequences with 100 percent similarity): 60
        	effective number of sequences (with sequence identity 0.8): 40.18015873015873
        
[0;32mINFO[0;0m 2021-05-22 18:51:58,188 meanfield_dca get_single_site_freqs 
	Computing single site frequencies
[0;32mINFO[0;0m 2021-05-22 18:51:58,541 meanfield_dca get_reg_single_site_freqs 
	Regularizing single site frequencies
[0;32mINFO[0;0m 2021-05-22 18:51:58,661 meanfield_dca get_pair_site_freqs 
	Computing pair site frequencies
[0;32mINFO[0;0m 2021-05-22 18:52:02,099 meanfield_dca get_reg_pair_site_freqs 
	Regularizing pair site frequencies
[0;32mINFO[0;0m 2021-05-22 18:52:02,295 meanfield_dca construct_corr_mat 
	Constructing the correlation matrix
[0;32mINFO[0;0m 2021-05-22 18:52:02,606 meanfield_dca compute_couplings 
	Computing couplings
[0;32mINFO[0;0m 2021-05-22 18:52:03,100 meanfield_dca compute_couplings 
	Maximum and minimum couplings: 3.234079896391389, -20.000000000000014
[0;32mINFO[0;0m 2021-05-22 18:52:03,101 meanfield_dca compute_sorted_FN 
	Computing Frobenius norm of couplings
[0;32mINFO[0;0m 2021-05-22 18:52:03,234 meanfield_dca compute_sorted_FN_APC 
	Performing average product correction (APC) to Frobenius norm of couplings.
[0;32mINFO[0;0m 2021-05-22 18:52:03,239 dca_utilities write_sorted_dca_scores 
	Writing DCA scores to file MFDCA_output_6fz0_A/MFDCA_apc_fn_scores_6fz0_A.txt
[0;32mINFO[0;0m 2021-05-22 18:52:03,242 mfdca_main run_meanfield_dca 
	DONE
