[0;32mINFO[0;0m 2021-09-18 15:02:01,313 fasta_reader get_alignment_int_form 
	Total number of sequences read from file: 3
[0;32mINFO[0;0m 2021-09-18 15:02:01,313 meanfield_dca compute_sequences_weight 
	Computing sequences weights
[0;32mINFO[0;0m 2021-09-18 15:02:02,172 meanfield_dca __init__ 
	Created a MeanFieldDCA object with the following attributes
        	biomolecule: RNA
        	total states at sites: 5
        	pseudocount: 0.5
        	sequence identity: 0.8
        	alignment length: 26
        	total number of unique sequences (excluding redundant sequences with 100 percent similarity): 2
        	effective number of sequences (with sequence identity 0.8): 1.0
        
[0;32mINFO[0;0m 2021-09-18 15:02:02,173 meanfield_dca get_single_site_freqs 
	Computing single site frequencies
[0;32mINFO[0;0m 2021-09-18 15:02:02,536 meanfield_dca get_reg_single_site_freqs 
	Regularizing single site frequencies
[0;32mINFO[0;0m 2021-09-18 15:02:02,662 meanfield_dca get_pair_site_freqs 
	Computing pair site frequencies
[0;32mINFO[0;0m 2021-09-18 15:02:05,889 meanfield_dca get_reg_pair_site_freqs 
	Regularizing pair site frequencies
[0;32mINFO[0;0m 2021-09-18 15:02:06,087 meanfield_dca construct_corr_mat 
	Constructing the correlation matrix
[0;32mINFO[0;0m 2021-09-18 15:02:06,399 meanfield_dca compute_couplings 
	Computing couplings
[0;32mINFO[0;0m 2021-09-18 15:02:06,846 meanfield_dca compute_couplings 
	Maximum and minimum couplings: 1.5974917885936275, -20.000000000000007
[0;32mINFO[0;0m 2021-09-18 15:02:06,846 meanfield_dca compute_sorted_FN 
	Computing Frobenius norm of couplings
[0;32mINFO[0;0m 2021-09-18 15:02:06,884 meanfield_dca compute_sorted_FN_APC 
	Performing average product correction (APC) to Frobenius norm of couplings.
[0;32mINFO[0;0m 2021-09-18 15:02:06,886 dca_utilities write_sorted_dca_scores 
	Writing DCA scores to file MFDCA_output_PKB101/MFDCA_apc_fn_scores_PKB101.txt
[0;32mINFO[0;0m 2021-09-18 15:02:06,890 mfdca_main run_meanfield_dca 
	DONE
