[0;32mINFO[0;0m 2021-08-19 11:43:15,999 plmdca __init__ Created plmDCA instance with:
            biomolecule: RNA
            MSA sequence length: 73
            total number of (unweighted) sequences: 104
            sequence identity: 0.8
            lambda_h: 14.4
            lambda_J: 14.4
            gradient decent iterations: 500
            number of threads: 40
        
[0;32mINFO[0;0m 2021-08-19 11:43:15,999 plmdca get_fields_and_couplings_from_backend 
	Computing fields and couplings using gradient decent
Iteration 1:
fx = 2496.840332, xnorm = 11.456778, gnorm = 340.790192, step = 0.010241

Iteration 2:
fx = 2244.066162, xnorm = 7.928041, gnorm = 450.519958, step = 1.000000

Iteration 3:
fx = 920.324158, xnorm = 4.580298, gnorm = 231.238327, step = 1.000000

Iteration 4:
fx = 765.458496, xnorm = 3.963481, gnorm = 191.822708, step = 1.000000

Iteration 5:
fx = 667.584351, xnorm = 4.074286, gnorm = 98.404015, step = 1.000000

Iteration 6:
fx = 641.684448, xnorm = 3.980259, gnorm = 41.022278, step = 1.000000

Iteration 7:
fx = 635.821838, xnorm = 3.906115, gnorm = 22.076162, step = 1.000000

Iteration 8:
fx = 633.627380, xnorm = 3.842170, gnorm = 15.199921, step = 1.000000

Iteration 9:
fx = 632.474121, xnorm = 3.742790, gnorm = 10.732594, step = 1.000000

Iteration 10:
fx = 632.456848, xnorm = 3.715738, gnorm = 8.036214, step = 1.000000

Iteration 11:
fx = 632.222473, xnorm = 3.728075, gnorm = 2.108202, step = 1.000000

Iteration 12:
fx = 632.188721, xnorm = 3.727690, gnorm = 1.414485, step = 1.000000

Iteration 13:
fx = 632.147644, xnorm = 3.726394, gnorm = 0.917440, step = 1.000000

Iteration 14:
fx = 632.147339, xnorm = 3.726588, gnorm = 0.493183, step = 1.000000

Iteration 15:
fx = 632.146484, xnorm = 3.726623, gnorm = 0.410365, step = 0.111781

L-BFGS optimization terminated with status code = -1001
fx = 632.146545
[0;32mINFO[0;0m 2021-08-19 11:43:16,101 plmdca get_fields_and_couplings_from_backend 
	Data size expected from plmDCA backend: 66065
[0;32mINFO[0;0m 2021-08-19 11:43:16,101 plmdca get_fields_and_couplings_from_backend 
	Data size obtained from plmDCA backend to Python: 66065
[0;32mINFO[0;0m 2021-08-19 11:43:16,142 plmdca compute_sorted_FN 
	Computing non-APC sorted DCA score
[0;32mINFO[0;0m 2021-08-19 11:43:16,256 plmdca compute_sorted_FN_APC 
	Performing average product correction (APC) of FN  of DCA scores
[0;32mINFO[0;0m 2021-08-19 11:43:16,276 dca_utilities write_sorted_dca_scores 
	Writing DCA scores to file PLMDCA_output_5axw_B/PLMDCA_apc_fn_scores_5axw_B.txt
