[0;32mINFO[0;0m 2021-06-10 14:48:56,044 fasta_reader get_alignment_int_form 
	Total number of sequences read from file: 120
[0;32mINFO[0;0m 2021-06-10 14:48:56,044 meanfield_dca compute_sequences_weight 
	Computing sequences weights
[0;32mINFO[0;0m 2021-06-10 14:48:56,906 meanfield_dca __init__ 
	Created a MeanFieldDCA object with the following attributes
        	biomolecule: RNA
        	total states at sites: 5
        	pseudocount: 0.5
        	sequence identity: 0.8
        	alignment length: 145
        	total number of unique sequences (excluding redundant sequences with 100 percent similarity): 119
        	effective number of sequences (with sequence identity 0.8): 15.477128111378144
        
[0;32mINFO[0;0m 2021-06-10 14:48:56,906 meanfield_dca get_single_site_freqs 
	Computing single site frequencies
[0;32mINFO[0;0m 2021-06-10 14:48:57,271 meanfield_dca get_reg_single_site_freqs 
	Regularizing single site frequencies
[0;32mINFO[0;0m 2021-06-10 14:48:57,392 meanfield_dca get_pair_site_freqs 
	Computing pair site frequencies
[0;32mINFO[0;0m 2021-06-10 14:49:00,579 meanfield_dca get_reg_pair_site_freqs 
	Regularizing pair site frequencies
[0;32mINFO[0;0m 2021-06-10 14:49:00,782 meanfield_dca construct_corr_mat 
	Constructing the correlation matrix
[0;32mINFO[0;0m 2021-06-10 14:49:01,099 meanfield_dca compute_couplings 
	Computing couplings
[0;32mINFO[0;0m 2021-06-10 14:49:02,550 meanfield_dca compute_couplings 
	Maximum and minimum couplings: 3.3682892064154073, -19.840201101341798
[0;32mINFO[0;0m 2021-06-10 14:49:02,550 meanfield_dca compute_sorted_FN 
	Computing Frobenius norm of couplings
[0;32mINFO[0;0m 2021-06-10 14:49:03,060 meanfield_dca compute_sorted_FN_APC 
	Performing average product correction (APC) to Frobenius norm of couplings.
[0;32mINFO[0;0m 2021-06-10 14:49:03,181 dca_utilities write_sorted_dca_scores 
	Writing DCA scores to file MFDCA_output_PKB309/MFDCA_apc_fn_scores_PKB309.txt
[0;32mINFO[0;0m 2021-06-10 14:49:03,203 mfdca_main run_meanfield_dca 
	DONE
