[0;32mINFO[0;0m 2021-09-18 15:12:29,621 fasta_reader get_alignment_int_form 
	Total number of sequences read from file: 29
[0;32mINFO[0;0m 2021-09-18 15:12:29,621 meanfield_dca compute_sequences_weight 
	Computing sequences weights
[0;32mINFO[0;0m 2021-09-18 15:12:30,484 meanfield_dca __init__ 
	Created a MeanFieldDCA object with the following attributes
        	biomolecule: RNA
        	total states at sites: 5
        	pseudocount: 0.5
        	sequence identity: 0.8
        	alignment length: 45
        	total number of unique sequences (excluding redundant sequences with 100 percent similarity): 28
        	effective number of sequences (with sequence identity 0.8): 10.866666666666667
        
[0;32mINFO[0;0m 2021-09-18 15:12:30,484 meanfield_dca get_single_site_freqs 
	Computing single site frequencies
[0;32mINFO[0;0m 2021-09-18 15:12:30,848 meanfield_dca get_reg_single_site_freqs 
	Regularizing single site frequencies
[0;32mINFO[0;0m 2021-09-18 15:12:30,971 meanfield_dca get_pair_site_freqs 
	Computing pair site frequencies
[0;32mINFO[0;0m 2021-09-18 15:12:34,181 meanfield_dca get_reg_pair_site_freqs 
	Regularizing pair site frequencies
[0;32mINFO[0;0m 2021-09-18 15:12:34,382 meanfield_dca construct_corr_mat 
	Constructing the correlation matrix
[0;32mINFO[0;0m 2021-09-18 15:12:34,699 meanfield_dca compute_couplings 
	Computing couplings
[0;32mINFO[0;0m 2021-09-18 15:12:35,188 meanfield_dca compute_couplings 
	Maximum and minimum couplings: 3.3599971111958578, -20.00000000000001
[0;32mINFO[0;0m 2021-09-18 15:12:35,189 meanfield_dca compute_sorted_FN 
	Computing Frobenius norm of couplings
[0;32mINFO[0;0m 2021-09-18 15:12:35,293 meanfield_dca compute_sorted_FN_APC 
	Performing average product correction (APC) to Frobenius norm of couplings.
[0;32mINFO[0;0m 2021-09-18 15:12:35,303 dca_utilities write_sorted_dca_scores 
	Writing DCA scores to file MFDCA_output_PKB221/MFDCA_apc_fn_scores_PKB221.txt
[0;32mINFO[0;0m 2021-09-18 15:12:35,310 mfdca_main run_meanfield_dca 
	DONE
