[0;32mINFO[0;0m 2021-06-10 14:42:27,553 fasta_reader get_alignment_int_form 
	Total number of sequences read from file: 22
[0;32mINFO[0;0m 2021-06-10 14:42:27,553 meanfield_dca compute_sequences_weight 
	Computing sequences weights
[0;32mINFO[0;0m 2021-06-10 14:42:28,410 meanfield_dca __init__ 
	Created a MeanFieldDCA object with the following attributes
        	biomolecule: RNA
        	total states at sites: 5
        	pseudocount: 0.5
        	sequence identity: 0.8
        	alignment length: 71
        	total number of unique sequences (excluding redundant sequences with 100 percent similarity): 22
        	effective number of sequences (with sequence identity 0.8): 6.883116883116883
        
[0;32mINFO[0;0m 2021-06-10 14:42:28,411 meanfield_dca get_single_site_freqs 
	Computing single site frequencies
[0;32mINFO[0;0m 2021-06-10 14:42:28,770 meanfield_dca get_reg_single_site_freqs 
	Regularizing single site frequencies
[0;32mINFO[0;0m 2021-06-10 14:42:28,894 meanfield_dca get_pair_site_freqs 
	Computing pair site frequencies
[0;32mINFO[0;0m 2021-06-10 14:42:32,353 meanfield_dca get_reg_pair_site_freqs 
	Regularizing pair site frequencies
[0;32mINFO[0;0m 2021-06-10 14:42:32,568 meanfield_dca construct_corr_mat 
	Constructing the correlation matrix
[0;32mINFO[0;0m 2021-06-10 14:42:32,897 meanfield_dca compute_couplings 
	Computing couplings
[0;32mINFO[0;0m 2021-06-10 14:42:33,903 meanfield_dca compute_couplings 
	Maximum and minimum couplings: 1.0343500918507071, -20.00000000000002
[0;32mINFO[0;0m 2021-06-10 14:42:33,903 meanfield_dca compute_sorted_FN 
	Computing Frobenius norm of couplings
[0;32mINFO[0;0m 2021-06-10 14:42:34,124 meanfield_dca compute_sorted_FN_APC 
	Performing average product correction (APC) to Frobenius norm of couplings.
[0;32mINFO[0;0m 2021-06-10 14:42:34,138 dca_utilities write_sorted_dca_scores 
	Writing DCA scores to file MFDCA_output_PKB231/MFDCA_apc_fn_scores_PKB231.txt
[0;32mINFO[0;0m 2021-06-10 14:42:34,144 mfdca_main run_meanfield_dca 
	DONE
