[0;32mINFO[0;0m 2021-08-18 21:48:49,314 fasta_reader get_alignment_int_form 
	Total number of sequences read from file: 5
[0;32mINFO[0;0m 2021-08-18 21:48:49,314 meanfield_dca compute_sequences_weight 
	Computing sequences weights
[0;32mINFO[0;0m 2021-08-18 21:48:50,158 meanfield_dca __init__ 
	Created a MeanFieldDCA object with the following attributes
        	biomolecule: RNA
        	total states at sites: 5
        	pseudocount: 0.5
        	sequence identity: 0.8
        	alignment length: 186
        	total number of unique sequences (excluding redundant sequences with 100 percent similarity): 5
        	effective number of sequences (with sequence identity 0.8): 2.0
        
[0;32mINFO[0;0m 2021-08-18 21:48:50,159 meanfield_dca get_single_site_freqs 
	Computing single site frequencies
[0;32mINFO[0;0m 2021-08-18 21:48:50,513 meanfield_dca get_reg_single_site_freqs 
	Regularizing single site frequencies
[0;32mINFO[0;0m 2021-08-18 21:48:50,634 meanfield_dca get_pair_site_freqs 
	Computing pair site frequencies
[0;32mINFO[0;0m 2021-08-18 21:48:53,783 meanfield_dca get_reg_pair_site_freqs 
	Regularizing pair site frequencies
[0;32mINFO[0;0m 2021-08-18 21:48:54,020 meanfield_dca construct_corr_mat 
	Constructing the correlation matrix
[0;32mINFO[0;0m 2021-08-18 21:48:54,340 meanfield_dca compute_couplings 
	Computing couplings
[0;32mINFO[0;0m 2021-08-18 21:48:55,201 meanfield_dca compute_couplings 
	Maximum and minimum couplings: 2.8770766027783288, -20.00000000000004
[0;32mINFO[0;0m 2021-08-18 21:48:55,202 meanfield_dca compute_sorted_FN 
	Computing Frobenius norm of couplings
[0;32mINFO[0;0m 2021-08-18 21:48:55,942 meanfield_dca compute_sorted_FN_APC 
	Performing average product correction (APC) to Frobenius norm of couplings.
[0;32mINFO[0;0m 2021-08-18 21:48:56,188 dca_utilities write_sorted_dca_scores 
	Writing DCA scores to file MFDCA_output_4r4v_A/MFDCA_apc_fn_scores_4r4v_A.txt
[0;32mINFO[0;0m 2021-08-18 21:48:56,223 mfdca_main run_meanfield_dca 
	DONE
