[0;32mINFO[0;0m 2021-10-27 21:52:43,283 fasta_reader get_alignment_int_form 
	Total number of sequences read from file: 139
[0;32mINFO[0;0m 2021-10-27 21:52:43,283 meanfield_dca compute_sequences_weight 
	Computing sequences weights
[0;32mINFO[0;0m 2021-10-27 21:52:44,133 meanfield_dca __init__ 
	Created a MeanFieldDCA object with the following attributes
        	biomolecule: RNA
        	total states at sites: 5
        	pseudocount: 0.5
        	sequence identity: 0.8
        	alignment length: 95
        	total number of unique sequences (excluding redundant sequences with 100 percent similarity): 139
        	effective number of sequences (with sequence identity 0.8): 34.67442459036886
        
[0;32mINFO[0;0m 2021-10-27 21:52:44,134 meanfield_dca get_single_site_freqs 
	Computing single site frequencies
[0;32mINFO[0;0m 2021-10-27 21:52:44,491 meanfield_dca get_reg_single_site_freqs 
	Regularizing single site frequencies
[0;32mINFO[0;0m 2021-10-27 21:52:44,613 meanfield_dca get_pair_site_freqs 
	Computing pair site frequencies
[0;32mINFO[0;0m 2021-10-27 21:52:47,764 meanfield_dca get_reg_pair_site_freqs 
	Regularizing pair site frequencies
[0;32mINFO[0;0m 2021-10-27 21:52:47,962 meanfield_dca construct_corr_mat 
	Constructing the correlation matrix
[0;32mINFO[0;0m 2021-10-27 21:52:48,271 meanfield_dca compute_couplings 
	Computing couplings
[0;32mINFO[0;0m 2021-10-27 21:52:48,874 meanfield_dca compute_couplings 
	Maximum and minimum couplings: 3.929239554023321, -20.000000000000014
[0;32mINFO[0;0m 2021-10-27 21:52:48,874 meanfield_dca compute_sorted_FN 
	Computing Frobenius norm of couplings
[0;32mINFO[0;0m 2021-10-27 21:52:49,122 meanfield_dca compute_sorted_FN_APC 
	Performing average product correction (APC) to Frobenius norm of couplings.
[0;32mINFO[0;0m 2021-10-27 21:52:49,153 dca_utilities write_sorted_dca_scores 
	Writing DCA scores to file MFDCA_output_5t83_A/MFDCA_apc_fn_scores_5t83_A.txt
[0;32mINFO[0;0m 2021-10-27 21:52:49,163 mfdca_main run_meanfield_dca 
	DONE
