[0;32mINFO[0;0m 2021-06-10 15:21:56,514 plmdca __init__ Created plmDCA instance with:
            biomolecule: RNA
            MSA sequence length: 27
            total number of (unweighted) sequences: 7
            sequence identity: 0.8
            lambda_h: 5.2
            lambda_J: 5.2
            gradient decent iterations: 500
            number of threads: 40
        
[0;32mINFO[0;0m 2021-06-10 15:21:56,514 plmdca get_fields_and_couplings_from_backend 
	Computing fields and couplings using gradient decent
Iteration 1:
fx = 77.503098, xnorm = 3.186249, gnorm = 31.774878, step = 0.021932

Iteration 2:
fx = 29.758890, xnorm = 1.263242, gnorm = 3.101399, step = 1.000000

Iteration 3:
fx = 29.130102, xnorm = 1.354983, gnorm = 2.028626, step = 1.000000

L-BFGS optimization terminated with status code = -1001
fx = 29.130102
[0;32mINFO[0;0m 2021-06-10 15:21:56,573 plmdca get_fields_and_couplings_from_backend 
	Data size expected from plmDCA backend: 8910
[0;32mINFO[0;0m 2021-06-10 15:21:56,573 plmdca get_fields_and_couplings_from_backend 
	Data size obtained from plmDCA backend to Python: 8910
[0;32mINFO[0;0m 2021-06-10 15:21:56,587 plmdca compute_sorted_FN 
	Computing non-APC sorted DCA score
[0;32mINFO[0;0m 2021-06-10 15:21:56,620 plmdca compute_sorted_FN_APC 
	Performing average product correction (APC) of FN  of DCA scores
[0;32mINFO[0;0m 2021-06-10 15:21:56,622 dca_utilities write_sorted_dca_scores 
	Writing DCA scores to file PLMDCA_output_PKB183/PLMDCA_apc_fn_scores_PKB183.txt
