[0;32mINFO[0;0m 2021-08-03 01:40:57,921 plmdca __init__ Created plmDCA instance with:
            biomolecule: RNA
            MSA sequence length: 73
            total number of (unweighted) sequences: 1
            sequence identity: 0.8
            lambda_h: 14.4
            lambda_J: 14.4
            gradient decent iterations: 500
            number of threads: 40
        
[0;32mINFO[0;0m 2021-08-03 01:40:57,922 plmdca get_fields_and_couplings_from_backend 
	Computing fields and couplings using gradient decent
Iteration 1:
fx = 337.690918, xnorm = 4.425393, gnorm = 129.882172, step = 0.006130

Iteration 2:
fx = 64.832115, xnorm = 1.005497, gnorm = 29.505205, step = 1.000000

Iteration 3:
fx = 60.587715, xnorm = 1.652950, gnorm = 20.044579, step = 1.000000

Iteration 4:
fx = 57.343834, xnorm = 1.349521, gnorm = 0.982060, step = 1.000000

Iteration 5:
fx = 57.334595, xnorm = 1.333953, gnorm = 0.047760, step = 1.000000

L-BFGS optimization terminated with status code = -1001
fx = 57.334595
[0;32mINFO[0;0m 2021-08-03 01:40:58,084 plmdca get_fields_and_couplings_from_backend 
	Data size expected from plmDCA backend: 66065
[0;32mINFO[0;0m 2021-08-03 01:40:58,084 plmdca get_fields_and_couplings_from_backend 
	Data size obtained from plmDCA backend to Python: 66065
[0;32mINFO[0;0m 2021-08-03 01:40:58,170 plmdca compute_sorted_FN 
	Computing non-APC sorted DCA score
[0;32mINFO[0;0m 2021-08-03 01:40:58,407 plmdca compute_sorted_FN_APC 
	Performing average product correction (APC) of FN  of DCA scores
[0;32mINFO[0;0m 2021-08-03 01:40:58,439 dca_utilities write_sorted_dca_scores 
	Writing DCA scores to file PLMDCA_output_4znp_A/PLMDCA_apc_fn_scores_4znp_A.txt
