[0;32mINFO[0;0m 2021-08-18 22:14:20,576 fasta_reader get_alignment_int_form 
	Total number of sequences read from file: 5
[0;32mINFO[0;0m 2021-08-18 22:14:20,576 meanfield_dca compute_sequences_weight 
	Computing sequences weights
[0;32mINFO[0;0m 2021-08-18 22:14:21,421 meanfield_dca __init__ 
	Created a MeanFieldDCA object with the following attributes
        	biomolecule: RNA
        	total states at sites: 5
        	pseudocount: 0.5
        	sequence identity: 0.8
        	alignment length: 47
        	total number of unique sequences (excluding redundant sequences with 100 percent similarity): 5
        	effective number of sequences (with sequence identity 0.8): 2.416666666666667
        
[0;32mINFO[0;0m 2021-08-18 22:14:21,421 meanfield_dca get_single_site_freqs 
	Computing single site frequencies
[0;32mINFO[0;0m 2021-08-18 22:14:21,777 meanfield_dca get_reg_single_site_freqs 
	Regularizing single site frequencies
[0;32mINFO[0;0m 2021-08-18 22:14:21,899 meanfield_dca get_pair_site_freqs 
	Computing pair site frequencies
[0;32mINFO[0;0m 2021-08-18 22:14:25,050 meanfield_dca get_reg_pair_site_freqs 
	Regularizing pair site frequencies
[0;32mINFO[0;0m 2021-08-18 22:14:25,250 meanfield_dca construct_corr_mat 
	Constructing the correlation matrix
[0;32mINFO[0;0m 2021-08-18 22:14:25,568 meanfield_dca compute_couplings 
	Computing couplings
[0;32mINFO[0;0m 2021-08-18 22:14:26,059 meanfield_dca compute_couplings 
	Maximum and minimum couplings: 1.7259551028974325, -20.000000000000007
[0;32mINFO[0;0m 2021-08-18 22:14:26,059 meanfield_dca compute_sorted_FN 
	Computing Frobenius norm of couplings
[0;32mINFO[0;0m 2021-08-18 22:14:26,180 meanfield_dca compute_sorted_FN_APC 
	Performing average product correction (APC) to Frobenius norm of couplings.
[0;32mINFO[0;0m 2021-08-18 22:14:26,184 dca_utilities write_sorted_dca_scores 
	Writing DCA scores to file MFDCA_output_5une_A/MFDCA_apc_fn_scores_5une_A.txt
[0;32mINFO[0;0m 2021-08-18 22:14:26,187 mfdca_main run_meanfield_dca 
	DONE
