[0;32mINFO[0;0m 2021-08-18 21:28:21,327 fasta_reader get_alignment_int_form 
	Total number of sequences read from file: 1446
[0;32mINFO[0;0m 2021-08-18 21:28:21,328 meanfield_dca compute_sequences_weight 
	Computing sequences weights
[0;32mINFO[0;0m 2021-08-18 21:28:22,213 meanfield_dca __init__ 
	Created a MeanFieldDCA object with the following attributes
        	biomolecule: RNA
        	total states at sites: 5
        	pseudocount: 0.5
        	sequence identity: 0.8
        	alignment length: 49
        	total number of unique sequences (excluding redundant sequences with 100 percent similarity): 1446
        	effective number of sequences (with sequence identity 0.8): 123.1934234674521
        
[0;32mINFO[0;0m 2021-08-18 21:28:22,214 meanfield_dca get_single_site_freqs 
	Computing single site frequencies
[0;32mINFO[0;0m 2021-08-18 21:28:22,578 meanfield_dca get_reg_single_site_freqs 
	Regularizing single site frequencies
[0;32mINFO[0;0m 2021-08-18 21:28:22,737 meanfield_dca get_pair_site_freqs 
	Computing pair site frequencies
[0;32mINFO[0;0m 2021-08-18 21:28:25,888 meanfield_dca get_reg_pair_site_freqs 
	Regularizing pair site frequencies
[0;32mINFO[0;0m 2021-08-18 21:28:26,140 meanfield_dca construct_corr_mat 
	Constructing the correlation matrix
[0;32mINFO[0;0m 2021-08-18 21:28:26,402 meanfield_dca compute_couplings 
	Computing couplings
[0;32mINFO[0;0m 2021-08-18 21:28:26,906 meanfield_dca compute_couplings 
	Maximum and minimum couplings: 2.9691784040271476, -20.00000000000002
[0;32mINFO[0;0m 2021-08-18 21:28:26,907 meanfield_dca compute_sorted_FN 
	Computing Frobenius norm of couplings
[0;32mINFO[0;0m 2021-08-18 21:28:27,027 meanfield_dca compute_sorted_FN_APC 
	Performing average product correction (APC) to Frobenius norm of couplings.
[0;32mINFO[0;0m 2021-08-18 21:28:27,034 dca_utilities write_sorted_dca_scores 
	Writing DCA scores to file MFDCA_output_2pxb_B/MFDCA_apc_fn_scores_2pxb_B.txt
[0;32mINFO[0;0m 2021-08-18 21:28:27,037 mfdca_main run_meanfield_dca 
	DONE
