[0;32mINFO[0;0m 2021-08-03 01:06:09,627 plmdca __init__ Created plmDCA instance with:
            biomolecule: RNA
            MSA sequence length: 76
            total number of (unweighted) sequences: 179
            sequence identity: 0.8
            lambda_h: 15.0
            lambda_J: 15.0
            gradient decent iterations: 500
            number of threads: 40
        
[0;32mINFO[0;0m 2021-08-03 01:06:09,627 plmdca get_fields_and_couplings_from_backend 
	Computing fields and couplings using gradient decent
Iteration 1:
fx = 1474.044678, xnorm = 9.268338, gnorm = 281.932800, step = 0.003158

Iteration 2:
fx = 560.627380, xnorm = 2.632649, gnorm = 246.054855, step = 1.000000

Iteration 3:
fx = 270.748779, xnorm = 3.190531, gnorm = 108.985138, step = 1.000000

Iteration 4:
fx = 181.400711, xnorm = 2.250850, gnorm = 33.913258, step = 1.000000

Iteration 5:
fx = 179.648605, xnorm = 1.852889, gnorm = 20.831133, step = 1.000000

Iteration 6:
fx = 175.478134, xnorm = 1.972040, gnorm = 3.137283, step = 1.000000

L-BFGS optimization terminated with status code = -1001
fx = 175.478119
[0;32mINFO[0;0m 2021-08-03 01:06:09,791 plmdca get_fields_and_couplings_from_backend 
	Data size expected from plmDCA backend: 71630
[0;32mINFO[0;0m 2021-08-03 01:06:09,792 plmdca get_fields_and_couplings_from_backend 
	Data size obtained from plmDCA backend to Python: 71630
[0;32mINFO[0;0m 2021-08-03 01:06:09,873 plmdca compute_sorted_FN 
	Computing non-APC sorted DCA score
[0;32mINFO[0;0m 2021-08-03 01:06:10,111 plmdca compute_sorted_FN_APC 
	Performing average product correction (APC) of FN  of DCA scores
[0;32mINFO[0;0m 2021-08-03 01:06:10,148 dca_utilities write_sorted_dca_scores 
	Writing DCA scores to file PLMDCA_output_6gsk_3K/PLMDCA_apc_fn_scores_6gsk_3K.txt
