[0;32mINFO[0;0m 2021-08-01 19:11:06,253 plmdca __init__ Created plmDCA instance with:
            biomolecule: RNA
            MSA sequence length: 112
            total number of (unweighted) sequences: 1145
            sequence identity: 0.8
            lambda_h: 22.200000000000003
            lambda_J: 22.200000000000003
            gradient decent iterations: 500
            number of threads: 40
        
[0;32mINFO[0;0m 2021-08-01 19:11:06,253 plmdca get_fields_and_couplings_from_backend 
	Computing fields and couplings using gradient decent
Iteration 1:
fx = 62649.585938, xnorm = 24.313673, gnorm = 4524.425293, step = 0.000176

Iteration 2:
fx = 57772.144531, xnorm = 23.944614, gnorm = 4856.909668, step = 1.000000

Iteration 3:
fx = 50137.562500, xnorm = 23.511419, gnorm = 3726.774414, step = 1.000000

Iteration 4:
fx = 44803.765625, xnorm = 23.532944, gnorm = 3097.067383, step = 1.000000

Iteration 5:
fx = 41182.093750, xnorm = 24.048548, gnorm = 2520.971436, step = 1.000000

Iteration 6:
fx = 38466.730469, xnorm = 24.941942, gnorm = 2066.689209, step = 1.000000

Iteration 7:
fx = 36189.664062, xnorm = 25.449814, gnorm = 1940.573853, step = 1.000000

Iteration 8:
fx = 33965.882812, xnorm = 25.341116, gnorm = 1548.737671, step = 1.000000

Iteration 9:
fx = 32027.576172, xnorm = 24.189888, gnorm = 2076.997559, step = 1.000000

Iteration 10:
fx = 30728.046875, xnorm = 22.631388, gnorm = 2290.727539, step = 1.000000

Iteration 11:
fx = 29529.933594, xnorm = 22.175852, gnorm = 1290.039795, step = 1.000000

Iteration 12:
fx = 28597.611328, xnorm = 21.334238, gnorm = 1052.422852, step = 1.000000

Iteration 13:
fx = 28130.867188, xnorm = 20.840065, gnorm = 1352.286377, step = 1.000000

Iteration 14:
fx = 27657.347656, xnorm = 20.712261, gnorm = 876.726562, step = 1.000000

Iteration 15:
fx = 27171.951172, xnorm = 20.754543, gnorm = 879.551697, step = 1.000000

Iteration 16:
fx = 26941.851562, xnorm = 20.780972, gnorm = 952.503540, step = 1.000000

Iteration 17:
fx = 26740.162109, xnorm = 20.822201, gnorm = 577.745972, step = 1.000000

Iteration 18:
fx = 26587.076172, xnorm = 20.823961, gnorm = 393.600983, step = 1.000000

Iteration 19:
fx = 26517.134766, xnorm = 20.757271, gnorm = 474.770630, step = 1.000000

Iteration 20:
fx = 26448.103516, xnorm = 20.647690, gnorm = 342.702881, step = 1.000000

Iteration 21:
fx = 26392.527344, xnorm = 20.492928, gnorm = 256.082245, step = 1.000000

Iteration 22:
fx = 26348.224609, xnorm = 20.288940, gnorm = 252.547592, step = 1.000000

Iteration 23:
fx = 26317.582031, xnorm = 20.057646, gnorm = 299.736420, step = 1.000000

Iteration 24:
fx = 26293.857422, xnorm = 19.990034, gnorm = 154.801666, step = 1.000000

Iteration 25:
fx = 26276.705078, xnorm = 19.899986, gnorm = 132.884399, step = 1.000000

Iteration 26:
fx = 26262.421875, xnorm = 19.760914, gnorm = 167.054031, step = 1.000000

Iteration 27:
fx = 26250.578125, xnorm = 19.610250, gnorm = 145.002655, step = 1.000000

Iteration 28:
fx = 26246.400391, xnorm = 19.605022, gnorm = 74.149490, step = 1.000000

Iteration 29:
fx = 26243.455078, xnorm = 19.581623, gnorm = 65.175667, step = 1.000000

Iteration 30:
fx = 26240.273438, xnorm = 19.526993, gnorm = 64.972771, step = 1.000000

Iteration 31:
fx = 26238.847656, xnorm = 19.453995, gnorm = 125.478333, step = 1.000000

Iteration 32:
fx = 26237.011719, xnorm = 19.461750, gnorm = 34.063736, step = 1.000000

Iteration 33:
fx = 26236.705078, xnorm = 19.462303, gnorm = 27.569799, step = 1.000000

Iteration 34:
fx = 26235.886719, xnorm = 19.452879, gnorm = 29.277719, step = 1.000000

Iteration 35:
fx = 26235.437500, xnorm = 19.445286, gnorm = 46.234776, step = 1.000000

Iteration 36:
fx = 26234.980469, xnorm = 19.437159, gnorm = 23.287895, step = 1.000000

Iteration 37:
fx = 26234.935547, xnorm = 19.438778, gnorm = 15.579359, step = 1.000000

L-BFGS optimization terminated with status code = -1001
fx = 26234.935547
[0;32mINFO[0;0m 2021-08-01 19:11:07,576 plmdca get_fields_and_couplings_from_backend 
	Data size expected from plmDCA backend: 155960
[0;32mINFO[0;0m 2021-08-01 19:11:07,576 plmdca get_fields_and_couplings_from_backend 
	Data size obtained from plmDCA backend to Python: 155960
[0;32mINFO[0;0m 2021-08-01 19:11:07,761 plmdca compute_sorted_FN 
	Computing non-APC sorted DCA score
[0;32mINFO[0;0m 2021-08-01 19:11:08,157 plmdca compute_sorted_FN_APC 
	Performing average product correction (APC) of FN  of DCA scores
[0;32mINFO[0;0m 2021-08-01 19:11:08,266 dca_utilities write_sorted_dca_scores 
	Writing DCA scores to file PLMDCA_output_6ol3_C/PLMDCA_apc_fn_scores_6ol3_C.txt
