[0;32mINFO[0;0m 2021-08-18 21:46:51,835 fasta_reader get_alignment_int_form 
	Found 36 non-standard residues in 15 sequences
[0;32mINFO[0;0m 2021-08-18 21:46:51,836 fasta_reader get_alignment_int_form 
	Total number of sequences read from file: 1902
[0;32mINFO[0;0m 2021-08-18 21:46:51,836 meanfield_dca compute_sequences_weight 
	Computing sequences weights
[0;32mINFO[0;0m 2021-08-18 21:46:52,697 meanfield_dca __init__ 
	Created a MeanFieldDCA object with the following attributes
        	biomolecule: RNA
        	total states at sites: 5
        	pseudocount: 0.5
        	sequence identity: 0.8
        	alignment length: 54
        	total number of unique sequences (excluding redundant sequences with 100 percent similarity): 1901
        	effective number of sequences (with sequence identity 0.8): 248.79987974725697
        
[0;32mINFO[0;0m 2021-08-18 21:46:52,698 meanfield_dca get_single_site_freqs 
	Computing single site frequencies
[0;32mINFO[0;0m 2021-08-18 21:46:53,092 meanfield_dca get_reg_single_site_freqs 
	Regularizing single site frequencies
[0;32mINFO[0;0m 2021-08-18 21:46:53,213 meanfield_dca get_pair_site_freqs 
	Computing pair site frequencies
[0;32mINFO[0;0m 2021-08-18 21:46:56,376 meanfield_dca get_reg_pair_site_freqs 
	Regularizing pair site frequencies
[0;32mINFO[0;0m 2021-08-18 21:46:56,628 meanfield_dca construct_corr_mat 
	Constructing the correlation matrix
[0;32mINFO[0;0m 2021-08-18 21:46:56,890 meanfield_dca compute_couplings 
	Computing couplings
[0;32mINFO[0;0m 2021-08-18 21:46:57,401 meanfield_dca compute_couplings 
	Maximum and minimum couplings: 3.313055714998551, -19.826146376143416
[0;32mINFO[0;0m 2021-08-18 21:46:57,401 meanfield_dca compute_sorted_FN 
	Computing Frobenius norm of couplings
[0;32mINFO[0;0m 2021-08-18 21:46:57,532 meanfield_dca compute_sorted_FN_APC 
	Performing average product correction (APC) to Frobenius norm of couplings.
[0;32mINFO[0;0m 2021-08-18 21:46:57,539 dca_utilities write_sorted_dca_scores 
	Writing DCA scores to file MFDCA_output_4oji_A/MFDCA_apc_fn_scores_4oji_A.txt
[0;32mINFO[0;0m 2021-08-18 21:46:57,542 mfdca_main run_meanfield_dca 
	DONE
