[0;32mINFO[0;0m 2021-09-18 14:44:42,560 fasta_reader get_alignment_int_form 
	Found 4 non-standard residues in 3 sequences
[0;32mINFO[0;0m 2021-09-18 14:44:42,560 fasta_reader get_alignment_int_form 
	Total number of sequences read from file: 168
[0;32mINFO[0;0m 2021-09-18 14:44:42,560 meanfield_dca compute_sequences_weight 
	Computing sequences weights
[0;32mINFO[0;0m 2021-09-18 14:44:43,459 meanfield_dca __init__ 
	Created a MeanFieldDCA object with the following attributes
        	biomolecule: RNA
        	total states at sites: 5
        	pseudocount: 0.5
        	sequence identity: 0.8
        	alignment length: 68
        	total number of unique sequences (excluding redundant sequences with 100 percent similarity): 167
        	effective number of sequences (with sequence identity 0.8): 10.26158576595909
        
[0;32mINFO[0;0m 2021-09-18 14:44:43,461 meanfield_dca get_single_site_freqs 
	Computing single site frequencies
[0;32mINFO[0;0m 2021-09-18 14:44:43,833 meanfield_dca get_reg_single_site_freqs 
	Regularizing single site frequencies
[0;32mINFO[0;0m 2021-09-18 14:44:43,956 meanfield_dca get_pair_site_freqs 
	Computing pair site frequencies
[0;32mINFO[0;0m 2021-09-18 14:44:47,239 meanfield_dca get_reg_pair_site_freqs 
	Regularizing pair site frequencies
[0;32mINFO[0;0m 2021-09-18 14:44:47,439 meanfield_dca construct_corr_mat 
	Constructing the correlation matrix
[0;32mINFO[0;0m 2021-09-18 14:44:47,751 meanfield_dca compute_couplings 
	Computing couplings
[0;32mINFO[0;0m 2021-09-18 14:44:48,293 meanfield_dca compute_couplings 
	Maximum and minimum couplings: 2.2254631507937, -20.000000000000014
[0;32mINFO[0;0m 2021-09-18 14:44:48,294 meanfield_dca compute_sorted_FN 
	Computing Frobenius norm of couplings
[0;32mINFO[0;0m 2021-09-18 14:44:48,411 meanfield_dca compute_sorted_FN_APC 
	Performing average product correction (APC) to Frobenius norm of couplings.
[0;32mINFO[0;0m 2021-09-18 14:44:48,425 dca_utilities write_sorted_dca_scores 
	Writing DCA scores to file MFDCA_output_PKB280/MFDCA_apc_fn_scores_PKB280.txt
[0;32mINFO[0;0m 2021-09-18 14:44:48,431 mfdca_main run_meanfield_dca 
	DONE
