[0;32mINFO[0;0m 2021-08-18 22:10:54,761 fasta_reader get_alignment_int_form 
	Found 1255 non-standard residues in 149 sequences
[0;32mINFO[0;0m 2021-08-18 22:10:54,761 fasta_reader get_alignment_int_form 
	Total number of sequences read from file: 3583
[0;32mINFO[0;0m 2021-08-18 22:10:54,761 meanfield_dca compute_sequences_weight 
	Computing sequences weights
[0;32mINFO[0;0m 2021-08-18 22:10:55,683 meanfield_dca __init__ 
	Created a MeanFieldDCA object with the following attributes
        	biomolecule: RNA
        	total states at sites: 5
        	pseudocount: 0.5
        	sequence identity: 0.8
        	alignment length: 118
        	total number of unique sequences (excluding redundant sequences with 100 percent similarity): 3533
        	effective number of sequences (with sequence identity 0.8): 41.96090869350475
        
[0;32mINFO[0;0m 2021-08-18 22:10:55,684 meanfield_dca get_single_site_freqs 
	Computing single site frequencies
[0;32mINFO[0;0m 2021-08-18 22:10:56,099 meanfield_dca get_reg_single_site_freqs 
	Regularizing single site frequencies
[0;32mINFO[0;0m 2021-08-18 22:10:56,221 meanfield_dca get_pair_site_freqs 
	Computing pair site frequencies
[0;32mINFO[0;0m 2021-08-18 22:10:59,660 meanfield_dca get_reg_pair_site_freqs 
	Regularizing pair site frequencies
[0;32mINFO[0;0m 2021-08-18 22:10:59,861 meanfield_dca construct_corr_mat 
	Constructing the correlation matrix
[0;32mINFO[0;0m 2021-08-18 22:11:00,127 meanfield_dca compute_couplings 
	Computing couplings
[0;32mINFO[0;0m 2021-08-18 22:11:00,785 meanfield_dca compute_couplings 
	Maximum and minimum couplings: 4.832388278209903, -19.66779633513375
[0;32mINFO[0;0m 2021-08-18 22:11:00,785 meanfield_dca compute_sorted_FN 
	Computing Frobenius norm of couplings
[0;32mINFO[0;0m 2021-08-18 22:11:01,193 meanfield_dca compute_sorted_FN_APC 
	Performing average product correction (APC) to Frobenius norm of couplings.
[0;32mINFO[0;0m 2021-08-18 22:11:01,259 dca_utilities write_sorted_dca_scores 
	Writing DCA scores to file MFDCA_output_5f9r_A/MFDCA_apc_fn_scores_5f9r_A.txt
[0;32mINFO[0;0m 2021-08-18 22:11:01,275 mfdca_main run_meanfield_dca 
	DONE
