[0;32mINFO[0;0m 2021-05-22 18:55:37,399 fasta_reader get_alignment_int_form 
	Total number of sequences read from file: 9
[0;32mINFO[0;0m 2021-05-22 18:55:37,399 meanfield_dca compute_sequences_weight 
	Computing sequences weights
[0;32mINFO[0;0m 2021-05-22 18:55:38,242 meanfield_dca __init__ 
	Created a MeanFieldDCA object with the following attributes
        	biomolecule: RNA
        	total states at sites: 5
        	pseudocount: 0.5
        	sequence identity: 0.8
        	alignment length: 36
        	total number of unique sequences (excluding redundant sequences with 100 percent similarity): 9
        	effective number of sequences (with sequence identity 0.8): 5.083333333333333
        
[0;32mINFO[0;0m 2021-05-22 18:55:38,243 meanfield_dca get_single_site_freqs 
	Computing single site frequencies
[0;32mINFO[0;0m 2021-05-22 18:55:38,597 meanfield_dca get_reg_single_site_freqs 
	Regularizing single site frequencies
[0;32mINFO[0;0m 2021-05-22 18:55:38,717 meanfield_dca get_pair_site_freqs 
	Computing pair site frequencies
[0;32mINFO[0;0m 2021-05-22 18:55:43,137 meanfield_dca get_reg_pair_site_freqs 
	Regularizing pair site frequencies
[0;32mINFO[0;0m 2021-05-22 18:55:43,570 meanfield_dca construct_corr_mat 
	Constructing the correlation matrix
[0;32mINFO[0;0m 2021-05-22 18:55:44,232 meanfield_dca compute_couplings 
	Computing couplings
[0;32mINFO[0;0m 2021-05-22 18:55:44,903 meanfield_dca compute_couplings 
	Maximum and minimum couplings: 1.742451585702069, -20.00000000000001
[0;32mINFO[0;0m 2021-05-22 18:55:44,903 meanfield_dca compute_sorted_FN 
	Computing Frobenius norm of couplings
[0;32mINFO[0;0m 2021-05-22 18:55:44,972 meanfield_dca compute_sorted_FN_APC 
	Performing average product correction (APC) to Frobenius norm of couplings.
[0;32mINFO[0;0m 2021-05-22 18:55:44,980 dca_utilities write_sorted_dca_scores 
	Writing DCA scores to file MFDCA_output_3gs5_C/MFDCA_apc_fn_scores_3gs5_C.txt
[0;32mINFO[0;0m 2021-05-22 18:55:44,984 mfdca_main run_meanfield_dca 
	DONE
