[0;32mINFO[0;0m 2021-09-18 14:30:29,469 fasta_reader get_alignment_int_form 
	Found 9 non-standard residues in 6 sequences
[0;32mINFO[0;0m 2021-09-18 14:30:29,469 fasta_reader get_alignment_int_form 
	Total number of sequences read from file: 565
[0;32mINFO[0;0m 2021-09-18 14:30:29,469 meanfield_dca compute_sequences_weight 
	Computing sequences weights
[0;32mINFO[0;0m 2021-09-18 14:30:30,362 meanfield_dca __init__ 
	Created a MeanFieldDCA object with the following attributes
        	biomolecule: RNA
        	total states at sites: 5
        	pseudocount: 0.5
        	sequence identity: 0.8
        	alignment length: 134
        	total number of unique sequences (excluding redundant sequences with 100 percent similarity): 564
        	effective number of sequences (with sequence identity 0.8): 27.956173746603355
        
[0;32mINFO[0;0m 2021-09-18 14:30:30,363 meanfield_dca get_single_site_freqs 
	Computing single site frequencies
[0;32mINFO[0;0m 2021-09-18 14:30:30,734 meanfield_dca get_reg_single_site_freqs 
	Regularizing single site frequencies
[0;32mINFO[0;0m 2021-09-18 14:30:30,907 meanfield_dca get_pair_site_freqs 
	Computing pair site frequencies
[0;32mINFO[0;0m 2021-09-18 14:30:34,126 meanfield_dca get_reg_pair_site_freqs 
	Regularizing pair site frequencies
[0;32mINFO[0;0m 2021-09-18 14:30:34,326 meanfield_dca construct_corr_mat 
	Constructing the correlation matrix
[0;32mINFO[0;0m 2021-09-18 14:30:34,645 meanfield_dca compute_couplings 
	Computing couplings
[0;32mINFO[0;0m 2021-09-18 14:30:35,356 meanfield_dca compute_couplings 
	Maximum and minimum couplings: 3.5462160709013215, -19.811928485250252
[0;32mINFO[0;0m 2021-09-18 14:30:35,357 meanfield_dca compute_sorted_FN 
	Computing Frobenius norm of couplings
[0;32mINFO[0;0m 2021-09-18 14:30:35,761 meanfield_dca compute_sorted_FN_APC 
	Performing average product correction (APC) to Frobenius norm of couplings.
[0;32mINFO[0;0m 2021-09-18 14:30:35,855 dca_utilities write_sorted_dca_scores 
	Writing DCA scores to file MFDCA_output_PKB136/MFDCA_apc_fn_scores_PKB136.txt
[0;32mINFO[0;0m 2021-09-18 14:30:35,874 mfdca_main run_meanfield_dca 
	DONE
