[0;32mINFO[0;0m 2021-06-10 15:02:33,228 plmdca __init__ Created plmDCA instance with:
            biomolecule: RNA
            MSA sequence length: 45
            total number of (unweighted) sequences: 4
            sequence identity: 0.8
            lambda_h: 8.8
            lambda_J: 8.8
            gradient decent iterations: 500
            number of threads: 40
        
[0;32mINFO[0;0m 2021-06-10 15:02:33,228 plmdca get_fields_and_couplings_from_backend 
	Computing fields and couplings using gradient decent
Iteration 1:
fx = 307.411530, xnorm = 5.397581, gnorm = 95.570786, step = 0.008419

Iteration 2:
fx = 65.556107, xnorm = 1.469817, gnorm = 25.912125, step = 1.000000

Iteration 3:
fx = 56.692570, xnorm = 1.841450, gnorm = 15.236511, step = 1.000000

Iteration 4:
fx = 55.001461, xnorm = 1.635918, gnorm = 2.499722, step = 1.000000

L-BFGS optimization terminated with status code = -1001
fx = 55.001461
[0;32mINFO[0;0m 2021-06-10 15:02:33,300 plmdca get_fields_and_couplings_from_backend 
	Data size expected from plmDCA backend: 24975
[0;32mINFO[0;0m 2021-06-10 15:02:33,300 plmdca get_fields_and_couplings_from_backend 
	Data size obtained from plmDCA backend to Python: 24975
[0;32mINFO[0;0m 2021-06-10 15:02:33,322 plmdca compute_sorted_FN 
	Computing non-APC sorted DCA score
[0;32mINFO[0;0m 2021-06-10 15:02:33,375 plmdca compute_sorted_FN_APC 
	Performing average product correction (APC) of FN  of DCA scores
[0;32mINFO[0;0m 2021-06-10 15:02:33,381 dca_utilities write_sorted_dca_scores 
	Writing DCA scores to file PLMDCA_output_PKB216/PLMDCA_apc_fn_scores_PKB216.txt
