[0;32mINFO[0;0m 2021-06-10 13:38:37,979 fasta_reader get_alignment_int_form 
	Total number of sequences read from file: 27
[0;32mINFO[0;0m 2021-06-10 13:38:37,980 meanfield_dca compute_sequences_weight 
	Computing sequences weights
[0;32mINFO[0;0m 2021-06-10 13:38:39,658 meanfield_dca __init__ 
	Created a MeanFieldDCA object with the following attributes
        	biomolecule: RNA
        	total states at sites: 5
        	pseudocount: 0.5
        	sequence identity: 0.8
        	alignment length: 61
        	total number of unique sequences (excluding redundant sequences with 100 percent similarity): 26
        	effective number of sequences (with sequence identity 0.8): 4.022222222222222
        
[0;32mINFO[0;0m 2021-06-10 13:38:39,658 meanfield_dca get_single_site_freqs 
	Computing single site frequencies
[0;32mINFO[0;0m 2021-06-10 13:38:40,393 meanfield_dca get_reg_single_site_freqs 
	Regularizing single site frequencies
[0;32mINFO[0;0m 2021-06-10 13:38:40,651 meanfield_dca get_pair_site_freqs 
	Computing pair site frequencies
[0;32mINFO[0;0m 2021-06-10 13:38:47,643 meanfield_dca get_reg_pair_site_freqs 
	Regularizing pair site frequencies
[0;32mINFO[0;0m 2021-06-10 13:38:48,065 meanfield_dca construct_corr_mat 
	Constructing the correlation matrix
[0;32mINFO[0;0m 2021-06-10 13:38:48,699 meanfield_dca compute_couplings 
	Computing couplings
[0;32mINFO[0;0m 2021-06-10 13:38:50,377 meanfield_dca compute_couplings 
	Maximum and minimum couplings: 4.509424640929106, -20.00000000000002
[0;32mINFO[0;0m 2021-06-10 13:38:50,377 meanfield_dca compute_sorted_FN 
	Computing Frobenius norm of couplings
[0;32mINFO[0;0m 2021-06-10 13:38:50,567 meanfield_dca compute_sorted_FN_APC 
	Performing average product correction (APC) to Frobenius norm of couplings.
[0;32mINFO[0;0m 2021-06-10 13:38:50,586 dca_utilities write_sorted_dca_scores 
	Writing DCA scores to file MFDCA_output_PKB265/MFDCA_apc_fn_scores_PKB265.txt
[0;32mINFO[0;0m 2021-06-10 13:38:50,596 mfdca_main run_meanfield_dca 
	DONE
