[0;32mINFO[0;0m 2021-06-10 14:57:08,238 fasta_reader get_alignment_int_form 
	Total number of sequences read from file: 28
[0;32mINFO[0;0m 2021-06-10 14:57:08,238 meanfield_dca compute_sequences_weight 
	Computing sequences weights
[0;32mINFO[0;0m 2021-06-10 14:57:09,328 meanfield_dca __init__ 
	Created a MeanFieldDCA object with the following attributes
        	biomolecule: RNA
        	total states at sites: 5
        	pseudocount: 0.5
        	sequence identity: 0.8
        	alignment length: 50
        	total number of unique sequences (excluding redundant sequences with 100 percent similarity): 27
        	effective number of sequences (with sequence identity 0.8): 6.373242766005924
        
[0;32mINFO[0;0m 2021-06-10 14:57:09,329 meanfield_dca get_single_site_freqs 
	Computing single site frequencies
[0;32mINFO[0;0m 2021-06-10 14:57:09,767 meanfield_dca get_reg_single_site_freqs 
	Regularizing single site frequencies
[0;32mINFO[0;0m 2021-06-10 14:57:09,895 meanfield_dca get_pair_site_freqs 
	Computing pair site frequencies
[0;32mINFO[0;0m 2021-06-10 14:57:13,164 meanfield_dca get_reg_pair_site_freqs 
	Regularizing pair site frequencies
[0;32mINFO[0;0m 2021-06-10 14:57:13,377 meanfield_dca construct_corr_mat 
	Constructing the correlation matrix
[0;32mINFO[0;0m 2021-06-10 14:57:13,703 meanfield_dca compute_couplings 
	Computing couplings
[0;32mINFO[0;0m 2021-06-10 14:57:14,693 meanfield_dca compute_couplings 
	Maximum and minimum couplings: 1.695121024029536, -20.000000000000014
[0;32mINFO[0;0m 2021-06-10 14:57:14,693 meanfield_dca compute_sorted_FN 
	Computing Frobenius norm of couplings
[0;32mINFO[0;0m 2021-06-10 14:57:14,857 meanfield_dca compute_sorted_FN_APC 
	Performing average product correction (APC) to Frobenius norm of couplings.
[0;32mINFO[0;0m 2021-06-10 14:57:14,862 dca_utilities write_sorted_dca_scores 
	Writing DCA scores to file MFDCA_output_PKB4/MFDCA_apc_fn_scores_PKB4.txt
[0;32mINFO[0;0m 2021-06-10 14:57:14,865 mfdca_main run_meanfield_dca 
	DONE
