[0;32mINFO[0;0m 2021-06-10 13:52:51,402 fasta_reader get_alignment_int_form 
	Total number of sequences read from file: 6
[0;32mINFO[0;0m 2021-06-10 13:52:51,402 meanfield_dca compute_sequences_weight 
	Computing sequences weights
[0;32mINFO[0;0m 2021-06-10 13:52:53,028 meanfield_dca __init__ 
	Created a MeanFieldDCA object with the following attributes
        	biomolecule: RNA
        	total states at sites: 5
        	pseudocount: 0.5
        	sequence identity: 0.8
        	alignment length: 31
        	total number of unique sequences (excluding redundant sequences with 100 percent similarity): 5
        	effective number of sequences (with sequence identity 0.8): 1.8666666666666667
        
[0;32mINFO[0;0m 2021-06-10 13:52:53,029 meanfield_dca get_single_site_freqs 
	Computing single site frequencies
[0;32mINFO[0;0m 2021-06-10 13:52:53,767 meanfield_dca get_reg_single_site_freqs 
	Regularizing single site frequencies
[0;32mINFO[0;0m 2021-06-10 13:52:54,023 meanfield_dca get_pair_site_freqs 
	Computing pair site frequencies
[0;32mINFO[0;0m 2021-06-10 13:53:01,068 meanfield_dca get_reg_pair_site_freqs 
	Regularizing pair site frequencies
[0;32mINFO[0;0m 2021-06-10 13:53:01,481 meanfield_dca construct_corr_mat 
	Constructing the correlation matrix
[0;32mINFO[0;0m 2021-06-10 13:53:02,098 meanfield_dca compute_couplings 
	Computing couplings
[0;32mINFO[0;0m 2021-06-10 13:53:03,304 meanfield_dca compute_couplings 
	Maximum and minimum couplings: 1.1592664109325288, -20.00000000000001
[0;32mINFO[0;0m 2021-06-10 13:53:03,305 meanfield_dca compute_sorted_FN 
	Computing Frobenius norm of couplings
[0;32mINFO[0;0m 2021-06-10 13:53:03,397 meanfield_dca compute_sorted_FN_APC 
	Performing average product correction (APC) to Frobenius norm of couplings.
[0;32mINFO[0;0m 2021-06-10 13:53:03,400 dca_utilities write_sorted_dca_scores 
	Writing DCA scores to file MFDCA_output_PKB371/MFDCA_apc_fn_scores_PKB371.txt
[0;32mINFO[0;0m 2021-06-10 13:53:03,403 mfdca_main run_meanfield_dca 
	DONE
