[0;32mINFO[0;0m 2021-05-22 19:34:32,156 plmdca __init__ Created plmDCA instance with:
            biomolecule: RNA
            MSA sequence length: 58
            total number of (unweighted) sequences: 15278
            sequence identity: 0.8
            lambda_h: 11.4
            lambda_J: 11.4
            gradient decent iterations: 500
            number of threads: 40
        
[0;32mINFO[0;0m 2021-05-22 19:34:32,157 plmdca get_fields_and_couplings_from_backend 
	Computing fields and couplings using gradient decent
Iteration 1:
fx = 121999.867188, xnorm = 17.001518, gnorm = 17181.648438, step = 0.000073

Iteration 2:
fx = 116463.375000, xnorm = 17.021029, gnorm = 6215.379395, step = 1.000000

Iteration 3:
fx = 114731.554688, xnorm = 17.004354, gnorm = 5793.207520, step = 1.000000

Iteration 4:
fx = 103327.390625, xnorm = 17.184608, gnorm = 7586.643555, step = 1.000000

Iteration 5:
fx = 100865.101562, xnorm = 17.934917, gnorm = 10397.912109, step = 1.000000

Iteration 6:
fx = 96733.773438, xnorm = 18.481247, gnorm = 7496.442383, step = 1.000000

Iteration 7:
fx = 94468.664062, xnorm = 18.916451, gnorm = 4667.866211, step = 1.000000

Iteration 8:
fx = 93159.726562, xnorm = 19.499249, gnorm = 3835.247070, step = 1.000000

Iteration 9:
fx = 92213.898438, xnorm = 19.924427, gnorm = 2866.052002, step = 1.000000

Iteration 10:
fx = 91031.757812, xnorm = 20.604866, gnorm = 2938.769287, step = 1.000000

Iteration 11:
fx = 89894.226562, xnorm = 21.553885, gnorm = 5066.023438, step = 1.000000

Iteration 12:
fx = 88461.398438, xnorm = 22.792248, gnorm = 4147.929199, step = 1.000000

Iteration 13:
fx = 87242.937500, xnorm = 23.154499, gnorm = 2856.561279, step = 1.000000

Iteration 14:
fx = 85760.640625, xnorm = 23.305063, gnorm = 3200.052979, step = 1.000000

Iteration 15:
fx = 84962.593750, xnorm = 22.942045, gnorm = 4108.260742, step = 1.000000

Iteration 16:
fx = 83966.507812, xnorm = 22.643877, gnorm = 2547.869385, step = 1.000000

Iteration 17:
fx = 83199.234375, xnorm = 22.134941, gnorm = 2140.971436, step = 1.000000

Iteration 18:
fx = 82861.312500, xnorm = 21.973482, gnorm = 2791.995361, step = 1.000000

Iteration 19:
fx = 82425.296875, xnorm = 21.930128, gnorm = 1984.332397, step = 1.000000

Iteration 20:
fx = 81879.789062, xnorm = 21.918791, gnorm = 2141.515381, step = 1.000000

Iteration 21:
fx = 81579.929688, xnorm = 21.960651, gnorm = 2687.618164, step = 1.000000

Iteration 22:
fx = 81213.742188, xnorm = 21.998337, gnorm = 1832.779663, step = 1.000000

Iteration 23:
fx = 80800.625000, xnorm = 22.090210, gnorm = 1962.223145, step = 1.000000

Iteration 24:
fx = 80537.117188, xnorm = 22.190701, gnorm = 2292.278809, step = 1.000000

Iteration 25:
fx = 80219.757812, xnorm = 22.309488, gnorm = 1636.299805, step = 1.000000

Iteration 26:
fx = 79940.679688, xnorm = 22.528673, gnorm = 1992.032471, step = 1.000000

Iteration 27:
fx = 79720.148438, xnorm = 22.700432, gnorm = 1662.548340, step = 1.000000

Iteration 28:
fx = 79546.937500, xnorm = 22.762192, gnorm = 1399.332397, step = 1.000000

Iteration 29:
fx = 79214.015625, xnorm = 23.050913, gnorm = 2054.476562, step = 1.000000

Iteration 30:
fx = 79013.125000, xnorm = 23.608032, gnorm = 3017.820557, step = 1.000000

Iteration 31:
fx = 78680.679688, xnorm = 23.640484, gnorm = 1745.373047, step = 1.000000

Iteration 32:
fx = 78369.296875, xnorm = 23.978733, gnorm = 1220.641479, step = 1.000000

Iteration 33:
fx = 78225.820312, xnorm = 24.334255, gnorm = 1285.240479, step = 1.000000

Iteration 34:
fx = 78204.765625, xnorm = 25.078600, gnorm = 2692.808838, step = 1.000000

Iteration 35:
fx = 77955.953125, xnorm = 25.067377, gnorm = 832.380859, step = 1.000000

Iteration 36:
fx = 77898.382812, xnorm = 25.003933, gnorm = 782.455139, step = 1.000000

Iteration 37:
fx = 77772.242188, xnorm = 25.059416, gnorm = 970.086609, step = 1.000000

Iteration 38:
fx = 77698.820312, xnorm = 25.317453, gnorm = 2242.896240, step = 1.000000

Iteration 39:
fx = 77520.890625, xnorm = 25.509476, gnorm = 1093.006592, step = 1.000000

Iteration 40:
fx = 77437.835938, xnorm = 25.701826, gnorm = 718.303833, step = 1.000000

Iteration 41:
fx = 77381.921875, xnorm = 25.899204, gnorm = 721.129761, step = 1.000000

Iteration 42:
fx = 77334.109375, xnorm = 26.152891, gnorm = 1316.886963, step = 1.000000

Iteration 43:
fx = 77263.765625, xnorm = 26.370178, gnorm = 747.179260, step = 1.000000

Iteration 44:
fx = 77228.968750, xnorm = 26.340429, gnorm = 536.273987, step = 1.000000

Iteration 45:
fx = 77182.367188, xnorm = 26.293028, gnorm = 629.195496, step = 1.000000

Iteration 46:
fx = 77145.812500, xnorm = 26.366806, gnorm = 1150.075317, step = 1.000000

Iteration 47:
fx = 77077.218750, xnorm = 26.400202, gnorm = 632.619873, step = 1.000000

Iteration 48:
fx = 77033.726562, xnorm = 26.468784, gnorm = 515.624207, step = 1.000000

Iteration 49:
fx = 77010.914062, xnorm = 26.533497, gnorm = 654.600098, step = 1.000000

Iteration 50:
fx = 76975.960938, xnorm = 26.554121, gnorm = 506.547729, step = 1.000000

Iteration 51:
fx = 76940.359375, xnorm = 26.545441, gnorm = 499.410919, step = 1.000000

Iteration 52:
fx = 76918.453125, xnorm = 26.500309, gnorm = 695.561584, step = 1.000000

Iteration 53:
fx = 76888.156250, xnorm = 26.470505, gnorm = 477.616608, step = 1.000000

Iteration 54:
fx = 76850.539062, xnorm = 26.415934, gnorm = 493.438446, step = 1.000000

Iteration 55:
fx = 76817.687500, xnorm = 26.356461, gnorm = 605.181152, step = 1.000000

Iteration 56:
fx = 76795.390625, xnorm = 26.245464, gnorm = 1022.173462, step = 1.000000

Iteration 57:
fx = 76752.898438, xnorm = 26.234659, gnorm = 376.980438, step = 1.000000

Iteration 58:
fx = 76738.453125, xnorm = 26.222153, gnorm = 329.190369, step = 1.000000

Iteration 59:
fx = 76722.656250, xnorm = 26.184175, gnorm = 368.383942, step = 1.000000

Iteration 60:
fx = 76718.625000, xnorm = 26.106115, gnorm = 900.060303, step = 1.000000

Iteration 61:
fx = 76692.945312, xnorm = 26.096905, gnorm = 309.563995, step = 1.000000

Iteration 62:
fx = 76684.843750, xnorm = 26.079840, gnorm = 275.784698, step = 1.000000

Iteration 63:
fx = 76673.515625, xnorm = 26.039413, gnorm = 330.158325, step = 1.000000

Iteration 64:
fx = 76661.617188, xnorm = 25.952595, gnorm = 644.466064, step = 1.000000

Iteration 65:
fx = 76639.703125, xnorm = 25.873524, gnorm = 339.604767, step = 1.000000

Iteration 66:
fx = 76632.117188, xnorm = 25.856310, gnorm = 230.633362, step = 1.000000

Iteration 67:
fx = 76623.273438, xnorm = 25.818178, gnorm = 248.604080, step = 1.000000

Iteration 68:
fx = 76622.054688, xnorm = 25.765862, gnorm = 462.056549, step = 1.000000

Iteration 69:
fx = 76613.359375, xnorm = 25.755102, gnorm = 241.734344, step = 1.000000

Iteration 70:
fx = 76607.234375, xnorm = 25.731380, gnorm = 184.016541, step = 1.000000

Iteration 71:
fx = 76603.101562, xnorm = 25.705404, gnorm = 198.170685, step = 1.000000

Iteration 72:
fx = 76602.359375, xnorm = 25.633802, gnorm = 512.882263, step = 1.000000

Iteration 73:
fx = 76591.687500, xnorm = 25.603413, gnorm = 203.423325, step = 1.000000

Iteration 74:
fx = 76589.414062, xnorm = 25.602110, gnorm = 154.545456, step = 1.000000

Iteration 75:
fx = 76585.859375, xnorm = 25.582314, gnorm = 180.637390, step = 1.000000

Iteration 76:
fx = 76583.796875, xnorm = 25.565720, gnorm = 202.620056, step = 0.326899

Iteration 77:
fx = 76580.531250, xnorm = 25.531366, gnorm = 189.356140, step = 1.000000

Iteration 78:
fx = 76578.070312, xnorm = 25.494240, gnorm = 295.777313, step = 1.000000

Iteration 79:
fx = 76573.890625, xnorm = 25.471725, gnorm = 175.817444, step = 1.000000

Iteration 80:
fx = 76572.304688, xnorm = 25.481033, gnorm = 115.952698, step = 1.000000

Iteration 81:
fx = 76570.351562, xnorm = 25.486845, gnorm = 103.905334, step = 1.000000

Iteration 82:
fx = 76568.843750, xnorm = 25.474840, gnorm = 166.937241, step = 1.000000

Iteration 83:
fx = 76566.445312, xnorm = 25.444841, gnorm = 195.689499, step = 1.000000

Iteration 84:
fx = 76565.429688, xnorm = 25.424662, gnorm = 118.341858, step = 1.000000

Iteration 85:
fx = 76564.484375, xnorm = 25.412724, gnorm = 91.288918, step = 1.000000

Iteration 86:
fx = 76563.226562, xnorm = 25.397240, gnorm = 88.809677, step = 1.000000

Iteration 87:
fx = 76562.812500, xnorm = 25.390131, gnorm = 75.040009, step = 0.331251

Iteration 88:
fx = 76561.585938, xnorm = 25.372160, gnorm = 96.315941, step = 1.000000

Iteration 89:
fx = 76561.429688, xnorm = 25.367821, gnorm = 88.174995, step = 0.148463

Iteration 90:
fx = 76560.859375, xnorm = 25.350538, gnorm = 100.273697, step = 1.000000

Iteration 91:
fx = 76560.101562, xnorm = 25.329445, gnorm = 113.588364, step = 1.000000

Iteration 92:
fx = 76559.859375, xnorm = 25.323757, gnorm = 69.516159, step = 0.244244

Iteration 93:
fx = 76559.500000, xnorm = 25.313648, gnorm = 63.351692, step = 1.000000

Iteration 94:
fx = 76559.132812, xnorm = 25.306284, gnorm = 73.897583, step = 1.000000

Iteration 95:
fx = 76559.054688, xnorm = 25.291561, gnorm = 167.199417, step = 1.000000

Iteration 96:
fx = 76558.000000, xnorm = 25.293251, gnorm = 52.931179, step = 1.000000

Iteration 97:
fx = 76557.757812, xnorm = 25.294401, gnorm = 46.360111, step = 1.000000

Iteration 98:
fx = 76557.304688, xnorm = 25.292509, gnorm = 53.799053, step = 1.000000

Iteration 99:
fx = 76557.164062, xnorm = 25.289467, gnorm = 56.746578, step = 0.271521

Iteration 100:
fx = 76556.445312, xnorm = 25.276100, gnorm = 58.899094, step = 1.000000

Iteration 101:
fx = 76555.843750, xnorm = 25.271204, gnorm = 76.999268, step = 0.403666

Iteration 102:
fx = 76555.460938, xnorm = 25.263117, gnorm = 44.075630, step = 1.000000

Iteration 103:
fx = 76555.031250, xnorm = 25.253605, gnorm = 37.894352, step = 1.000000

Iteration 104:
fx = 76555.007812, xnorm = 25.252510, gnorm = 28.909166, step = 0.290446

Iteration 105:
fx = 76554.890625, xnorm = 25.248547, gnorm = 33.846180, step = 1.000000

Iteration 106:
fx = 76554.671875, xnorm = 25.243893, gnorm = 44.600517, step = 1.000000

Iteration 107:
fx = 76554.523438, xnorm = 25.235746, gnorm = 40.575268, step = 1.000000

Iteration 108:
fx = 76554.210938, xnorm = 25.231316, gnorm = 28.300253, step = 1.000000

Iteration 109:
fx = 76553.828125, xnorm = 25.221201, gnorm = 36.311707, step = 1.000000

Iteration 110:
fx = 76553.421875, xnorm = 25.209782, gnorm = 61.612396, step = 1.000000

Iteration 111:
fx = 76553.375000, xnorm = 25.205450, gnorm = 26.791912, step = 1.000000

Iteration 112:
fx = 76553.328125, xnorm = 25.201906, gnorm = 20.812481, step = 1.000000

Iteration 113:
fx = 76553.257812, xnorm = 25.198168, gnorm = 22.425243, step = 1.000000

Iteration 114:
fx = 76553.125000, xnorm = 25.192627, gnorm = 37.665485, step = 0.524039

Iteration 115:
fx = 76553.054688, xnorm = 25.188387, gnorm = 23.412086, step = 1.000000

Iteration 116:
fx = 76552.953125, xnorm = 25.181322, gnorm = 19.434761, step = 1.000000

Iteration 117:
fx = 76552.898438, xnorm = 25.174561, gnorm = 24.944025, step = 1.000000

Iteration 118:
fx = 76552.773438, xnorm = 25.165771, gnorm = 26.327415, step = 1.000000

Iteration 119:
fx = 76552.679688, xnorm = 25.164757, gnorm = 15.264070, step = 1.000000

L-BFGS optimization terminated with status code = -1001
fx = 76552.671875
[0;32mINFO[0;0m 2021-05-22 19:34:40,468 plmdca get_fields_and_couplings_from_backend 
	Data size expected from plmDCA backend: 41615
[0;32mINFO[0;0m 2021-05-22 19:34:40,469 plmdca get_fields_and_couplings_from_backend 
	Data size obtained from plmDCA backend to Python: 41615
[0;32mINFO[0;0m 2021-05-22 19:34:40,495 plmdca compute_sorted_FN 
	Computing non-APC sorted DCA score
[0;32mINFO[0;0m 2021-05-22 19:34:40,564 plmdca compute_sorted_FN_APC 
	Performing average product correction (APC) of FN  of DCA scores
[0;32mINFO[0;0m 2021-05-22 19:34:40,575 dca_utilities write_sorted_dca_scores 
	Writing DCA scores to file PLMDCA_output_5lyu_A/PLMDCA_apc_fn_scores_5lyu_A.txt
