[0;32mINFO[0;0m 2021-09-18 14:49:29,399 fasta_reader get_alignment_int_form 
	Total number of sequences read from file: 48
[0;32mINFO[0;0m 2021-09-18 14:49:29,399 meanfield_dca compute_sequences_weight 
	Computing sequences weights
[0;32mINFO[0;0m 2021-09-18 14:49:30,265 meanfield_dca __init__ 
	Created a MeanFieldDCA object with the following attributes
        	biomolecule: RNA
        	total states at sites: 5
        	pseudocount: 0.5
        	sequence identity: 0.8
        	alignment length: 150
        	total number of unique sequences (excluding redundant sequences with 100 percent similarity): 47
        	effective number of sequences (with sequence identity 0.8): 24.0
        
[0;32mINFO[0;0m 2021-09-18 14:49:30,266 meanfield_dca get_single_site_freqs 
	Computing single site frequencies
[0;32mINFO[0;0m 2021-09-18 14:49:30,629 meanfield_dca get_reg_single_site_freqs 
	Regularizing single site frequencies
[0;32mINFO[0;0m 2021-09-18 14:49:30,751 meanfield_dca get_pair_site_freqs 
	Computing pair site frequencies
[0;32mINFO[0;0m 2021-09-18 14:49:33,973 meanfield_dca get_reg_pair_site_freqs 
	Regularizing pair site frequencies
[0;32mINFO[0;0m 2021-09-18 14:49:34,175 meanfield_dca construct_corr_mat 
	Constructing the correlation matrix
[0;32mINFO[0;0m 2021-09-18 14:49:34,496 meanfield_dca compute_couplings 
	Computing couplings
[0;32mINFO[0;0m 2021-09-18 14:49:35,256 meanfield_dca compute_couplings 
	Maximum and minimum couplings: 2.499858711028169, -19.848254330552816
[0;32mINFO[0;0m 2021-09-18 14:49:35,256 meanfield_dca compute_sorted_FN 
	Computing Frobenius norm of couplings
[0;32mINFO[0;0m 2021-09-18 14:49:35,812 meanfield_dca compute_sorted_FN_APC 
	Performing average product correction (APC) to Frobenius norm of couplings.
[0;32mINFO[0;0m 2021-09-18 14:49:35,942 dca_utilities write_sorted_dca_scores 
	Writing DCA scores to file MFDCA_output_PKB355/MFDCA_apc_fn_scores_PKB355.txt
[0;32mINFO[0;0m 2021-09-18 14:49:35,967 mfdca_main run_meanfield_dca 
	DONE
