[0;32mINFO[0;0m 2021-06-10 14:55:56,482 fasta_reader get_alignment_int_form 
	Total number of sequences read from file: 29
[0;32mINFO[0;0m 2021-06-10 14:55:56,482 meanfield_dca compute_sequences_weight 
	Computing sequences weights
[0;32mINFO[0;0m 2021-06-10 14:55:57,379 meanfield_dca __init__ 
	Created a MeanFieldDCA object with the following attributes
        	biomolecule: RNA
        	total states at sites: 5
        	pseudocount: 0.5
        	sequence identity: 0.8
        	alignment length: 109
        	total number of unique sequences (excluding redundant sequences with 100 percent similarity): 28
        	effective number of sequences (with sequence identity 0.8): 14.240909090909092
        
[0;32mINFO[0;0m 2021-06-10 14:55:57,379 meanfield_dca get_single_site_freqs 
	Computing single site frequencies
[0;32mINFO[0;0m 2021-06-10 14:55:57,765 meanfield_dca get_reg_single_site_freqs 
	Regularizing single site frequencies
[0;32mINFO[0;0m 2021-06-10 14:55:57,892 meanfield_dca get_pair_site_freqs 
	Computing pair site frequencies
[0;32mINFO[0;0m 2021-06-10 14:56:01,166 meanfield_dca get_reg_pair_site_freqs 
	Regularizing pair site frequencies
[0;32mINFO[0;0m 2021-06-10 14:56:01,371 meanfield_dca construct_corr_mat 
	Constructing the correlation matrix
[0;32mINFO[0;0m 2021-06-10 14:56:01,689 meanfield_dca compute_couplings 
	Computing couplings
[0;32mINFO[0;0m 2021-06-10 14:56:03,519 meanfield_dca compute_couplings 
	Maximum and minimum couplings: 2.4602676504950813, -20.000000000000007
[0;32mINFO[0;0m 2021-06-10 14:56:03,519 meanfield_dca compute_sorted_FN 
	Computing Frobenius norm of couplings
[0;32mINFO[0;0m 2021-06-10 14:56:03,848 meanfield_dca compute_sorted_FN_APC 
	Performing average product correction (APC) to Frobenius norm of couplings.
[0;32mINFO[0;0m 2021-06-10 14:56:03,901 dca_utilities write_sorted_dca_scores 
	Writing DCA scores to file MFDCA_output_PKB395/MFDCA_apc_fn_scores_PKB395.txt
[0;32mINFO[0;0m 2021-06-10 14:56:03,914 mfdca_main run_meanfield_dca 
	DONE
