[0;32mINFO[0;0m 2021-08-18 21:38:50,040 fasta_reader get_alignment_int_form 
	Found 30 non-standard residues in 18 sequences
[0;32mINFO[0;0m 2021-08-18 21:38:50,040 fasta_reader get_alignment_int_form 
	Total number of sequences read from file: 10480
[0;32mINFO[0;0m 2021-08-18 21:38:50,041 meanfield_dca compute_sequences_weight 
	Computing sequences weights
[0;32mINFO[0;0m 2021-08-18 21:38:51,202 meanfield_dca __init__ 
	Created a MeanFieldDCA object with the following attributes
        	biomolecule: RNA
        	total states at sites: 5
        	pseudocount: 0.5
        	sequence identity: 0.8
        	alignment length: 88
        	total number of unique sequences (excluding redundant sequences with 100 percent similarity): 10480
        	effective number of sequences (with sequence identity 0.8): 1286.175970526626
        
[0;32mINFO[0;0m 2021-08-18 21:38:51,203 meanfield_dca get_single_site_freqs 
	Computing single site frequencies
[0;32mINFO[0;0m 2021-08-18 21:38:51,676 meanfield_dca get_reg_single_site_freqs 
	Regularizing single site frequencies
[0;32mINFO[0;0m 2021-08-18 21:38:51,799 meanfield_dca get_pair_site_freqs 
	Computing pair site frequencies
[0;32mINFO[0;0m 2021-08-18 21:38:55,308 meanfield_dca get_reg_pair_site_freqs 
	Regularizing pair site frequencies
[0;32mINFO[0;0m 2021-08-18 21:38:55,511 meanfield_dca construct_corr_mat 
	Constructing the correlation matrix
[0;32mINFO[0;0m 2021-08-18 21:38:55,775 meanfield_dca compute_couplings 
	Computing couplings
[0;32mINFO[0;0m 2021-08-18 21:38:56,380 meanfield_dca compute_couplings 
	Maximum and minimum couplings: 4.3969290645693615, -19.926426712679067
[0;32mINFO[0;0m 2021-08-18 21:38:56,380 meanfield_dca compute_sorted_FN 
	Computing Frobenius norm of couplings
[0;32mINFO[0;0m 2021-08-18 21:38:56,627 meanfield_dca compute_sorted_FN_APC 
	Performing average product correction (APC) to Frobenius norm of couplings.
[0;32mINFO[0;0m 2021-08-18 21:38:56,654 dca_utilities write_sorted_dca_scores 
	Writing DCA scores to file MFDCA_output_3oww_A/MFDCA_apc_fn_scores_3oww_A.txt
[0;32mINFO[0;0m 2021-08-18 21:38:56,666 mfdca_main run_meanfield_dca 
	DONE
