[0;32mINFO[0;0m 2021-08-19 10:41:05,808 fasta_reader get_alignment_int_form 
	Total number of sequences read from file: 138
[0;32mINFO[0;0m 2021-08-19 10:41:05,808 meanfield_dca compute_sequences_weight 
	Computing sequences weights
[0;32mINFO[0;0m 2021-08-19 10:41:06,650 meanfield_dca __init__ 
	Created a MeanFieldDCA object with the following attributes
        	biomolecule: RNA
        	total states at sites: 5
        	pseudocount: 0.5
        	sequence identity: 0.8
        	alignment length: 53
        	total number of unique sequences (excluding redundant sequences with 100 percent similarity): 138
        	effective number of sequences (with sequence identity 0.8): 16.448609646464032
        
[0;32mINFO[0;0m 2021-08-19 10:41:06,651 meanfield_dca get_single_site_freqs 
	Computing single site frequencies
[0;32mINFO[0;0m 2021-08-19 10:41:07,008 meanfield_dca get_reg_single_site_freqs 
	Regularizing single site frequencies
[0;32mINFO[0;0m 2021-08-19 10:41:07,129 meanfield_dca get_pair_site_freqs 
	Computing pair site frequencies
[0;32mINFO[0;0m 2021-08-19 10:41:10,278 meanfield_dca get_reg_pair_site_freqs 
	Regularizing pair site frequencies
[0;32mINFO[0;0m 2021-08-19 10:41:10,474 meanfield_dca construct_corr_mat 
	Constructing the correlation matrix
[0;32mINFO[0;0m 2021-08-19 10:41:10,785 meanfield_dca compute_couplings 
	Computing couplings
[0;32mINFO[0;0m 2021-08-19 10:41:11,284 meanfield_dca compute_couplings 
	Maximum and minimum couplings: 3.261491032240475, -20.000000000000014
[0;32mINFO[0;0m 2021-08-19 10:41:11,284 meanfield_dca compute_sorted_FN 
	Computing Frobenius norm of couplings
[0;32mINFO[0;0m 2021-08-19 10:41:11,418 meanfield_dca compute_sorted_FN_APC 
	Performing average product correction (APC) to Frobenius norm of couplings.
[0;32mINFO[0;0m 2021-08-19 10:41:11,424 dca_utilities write_sorted_dca_scores 
	Writing DCA scores to file MFDCA_output_3e5c_A/MFDCA_apc_fn_scores_3e5c_A.txt
[0;32mINFO[0;0m 2021-08-19 10:41:11,427 mfdca_main run_meanfield_dca 
	DONE
