[0;32mINFO[0;0m 2021-05-22 19:44:15,939 plmdca __init__ Created plmDCA instance with:
            biomolecule: RNA
            MSA sequence length: 122
            total number of (unweighted) sequences: 8327
            sequence identity: 0.8
            lambda_h: 24.200000000000003
            lambda_J: 24.200000000000003
            gradient decent iterations: 500
            number of threads: 40
        
[0;32mINFO[0;0m 2021-05-22 19:44:15,939 plmdca get_fields_and_couplings_from_backend 
	Computing fields and couplings using gradient decent
Iteration 1:
fx = 110179.257812, xnorm = 39.008213, gnorm = 12148.175781, step = 0.000114

Iteration 2:
fx = 105873.359375, xnorm = 38.906639, gnorm = 7171.384277, step = 1.000000

Iteration 3:
fx = 99494.890625, xnorm = 38.461956, gnorm = 6474.888184, step = 1.000000

Iteration 4:
fx = 91051.484375, xnorm = 37.689907, gnorm = 6213.827637, step = 1.000000

Iteration 5:
fx = 85036.187500, xnorm = 36.447487, gnorm = 10692.121094, step = 1.000000

Iteration 6:
fx = 77893.585938, xnorm = 35.995274, gnorm = 5176.178223, step = 1.000000

Iteration 7:
fx = 75547.781250, xnorm = 35.767132, gnorm = 4003.578857, step = 1.000000

Iteration 8:
fx = 72696.585938, xnorm = 35.452469, gnorm = 3387.800293, step = 1.000000

Iteration 9:
fx = 69274.109375, xnorm = 34.919334, gnorm = 4927.477539, step = 1.000000

Iteration 10:
fx = 64616.742188, xnorm = 34.014088, gnorm = 4377.580566, step = 1.000000

Iteration 11:
fx = 60156.941406, xnorm = 32.171886, gnorm = 6745.783691, step = 1.000000

Iteration 12:
fx = 55936.250000, xnorm = 31.217339, gnorm = 4519.464355, step = 1.000000

Iteration 13:
fx = 53124.730469, xnorm = 30.168732, gnorm = 2986.430420, step = 1.000000

Iteration 14:
fx = 51128.250000, xnorm = 28.869045, gnorm = 3014.669678, step = 1.000000

Iteration 15:
fx = 50050.062500, xnorm = 27.654165, gnorm = 4502.586426, step = 1.000000

Iteration 16:
fx = 48372.859375, xnorm = 27.381506, gnorm = 2826.095459, step = 1.000000

Iteration 17:
fx = 46442.113281, xnorm = 26.504524, gnorm = 2774.570801, step = 1.000000

Iteration 18:
fx = 45293.742188, xnorm = 25.896961, gnorm = 2735.748779, step = 1.000000

Iteration 19:
fx = 44143.792969, xnorm = 24.772604, gnorm = 3685.425781, step = 1.000000

Iteration 20:
fx = 42884.660156, xnorm = 24.310465, gnorm = 2002.639526, step = 1.000000

Iteration 21:
fx = 42249.941406, xnorm = 23.830427, gnorm = 1876.401367, step = 1.000000

Iteration 22:
fx = 41674.589844, xnorm = 23.128754, gnorm = 2283.864258, step = 1.000000

Iteration 23:
fx = 41158.707031, xnorm = 22.923901, gnorm = 1737.054565, step = 1.000000

Iteration 24:
fx = 40809.265625, xnorm = 22.789602, gnorm = 1664.484863, step = 1.000000

Iteration 25:
fx = 40418.519531, xnorm = 22.444748, gnorm = 1946.772095, step = 1.000000

Iteration 26:
fx = 40013.382812, xnorm = 22.157484, gnorm = 1597.852173, step = 1.000000

Iteration 27:
fx = 39721.769531, xnorm = 21.957695, gnorm = 1150.414307, step = 1.000000

Iteration 28:
fx = 39539.125000, xnorm = 21.694792, gnorm = 1651.022705, step = 1.000000

Iteration 29:
fx = 39404.796875, xnorm = 21.591190, gnorm = 1095.602539, step = 1.000000

Iteration 30:
fx = 39334.007812, xnorm = 21.606163, gnorm = 726.882446, step = 1.000000

Iteration 31:
fx = 39215.390625, xnorm = 21.544212, gnorm = 582.835388, step = 1.000000

Iteration 32:
fx = 39148.277344, xnorm = 21.377844, gnorm = 1272.031494, step = 1.000000

Iteration 33:
fx = 39059.234375, xnorm = 21.282305, gnorm = 707.473206, step = 1.000000

Iteration 34:
fx = 39003.359375, xnorm = 21.182547, gnorm = 554.921570, step = 1.000000

Iteration 35:
fx = 38959.636719, xnorm = 21.085419, gnorm = 613.790833, step = 1.000000

Iteration 36:
fx = 38924.496094, xnorm = 20.967148, gnorm = 680.496826, step = 1.000000

Iteration 37:
fx = 38890.156250, xnorm = 20.947830, gnorm = 355.934967, step = 1.000000

Iteration 38:
fx = 38865.253906, xnorm = 20.921770, gnorm = 358.306030, step = 1.000000

Iteration 39:
fx = 38841.863281, xnorm = 20.870523, gnorm = 335.975586, step = 1.000000

Iteration 40:
fx = 38826.503906, xnorm = 20.813263, gnorm = 568.365662, step = 0.463678

Iteration 41:
fx = 38805.593750, xnorm = 20.735224, gnorm = 258.974396, step = 1.000000

Iteration 42:
fx = 38798.066406, xnorm = 20.705666, gnorm = 185.136856, step = 1.000000

Iteration 43:
fx = 38789.914062, xnorm = 20.657080, gnorm = 221.907272, step = 1.000000

Iteration 44:
fx = 38784.578125, xnorm = 20.613705, gnorm = 364.000702, step = 1.000000

Iteration 45:
fx = 38776.621094, xnorm = 20.584494, gnorm = 186.875046, step = 1.000000

Iteration 46:
fx = 38771.570312, xnorm = 20.555080, gnorm = 133.494507, step = 1.000000

Iteration 47:
fx = 38769.070312, xnorm = 20.536051, gnorm = 137.893082, step = 1.000000

Iteration 48:
fx = 38766.703125, xnorm = 20.486874, gnorm = 251.160980, step = 1.000000

Iteration 49:
fx = 38763.707031, xnorm = 20.475388, gnorm = 126.071815, step = 1.000000

Iteration 50:
fx = 38762.335938, xnorm = 20.475800, gnorm = 93.330009, step = 1.000000

Iteration 51:
fx = 38760.125000, xnorm = 20.464954, gnorm = 88.267715, step = 1.000000

Iteration 52:
fx = 38758.242188, xnorm = 20.449848, gnorm = 144.220352, step = 0.522575

Iteration 53:
fx = 38756.949219, xnorm = 20.433672, gnorm = 77.730476, step = 1.000000

Iteration 54:
fx = 38756.046875, xnorm = 20.416130, gnorm = 51.840145, step = 1.000000

Iteration 55:
fx = 38755.300781, xnorm = 20.403114, gnorm = 61.047283, step = 1.000000

Iteration 56:
fx = 38754.605469, xnorm = 20.380478, gnorm = 82.622063, step = 1.000000

Iteration 57:
fx = 38753.746094, xnorm = 20.377367, gnorm = 58.917233, step = 1.000000

Iteration 58:
fx = 38753.449219, xnorm = 20.379242, gnorm = 44.199188, step = 1.000000

Iteration 59:
fx = 38753.140625, xnorm = 20.378433, gnorm = 41.221596, step = 1.000000

Iteration 60:
fx = 38752.886719, xnorm = 20.372925, gnorm = 60.055107, step = 1.000000

Iteration 61:
fx = 38752.480469, xnorm = 20.368670, gnorm = 38.022724, step = 1.000000

Iteration 62:
fx = 38751.890625, xnorm = 20.360806, gnorm = 28.324047, step = 1.000000

Iteration 63:
fx = 38751.707031, xnorm = 20.356850, gnorm = 38.886787, step = 1.000000

Iteration 64:
fx = 38751.546875, xnorm = 20.353369, gnorm = 25.516592, step = 1.000000

Iteration 65:
fx = 38751.511719, xnorm = 20.353069, gnorm = 21.758741, step = 0.180264

L-BFGS optimization terminated with status code = -1001
fx = 38751.511719
[0;32mINFO[0;0m 2021-05-22 19:44:29,346 plmdca get_fields_and_couplings_from_backend 
	Data size expected from plmDCA backend: 185135
[0;32mINFO[0;0m 2021-05-22 19:44:29,346 plmdca get_fields_and_couplings_from_backend 
	Data size obtained from plmDCA backend to Python: 185135
[0;32mINFO[0;0m 2021-05-22 19:44:29,465 plmdca compute_sorted_FN 
	Computing non-APC sorted DCA score
[0;32mINFO[0;0m 2021-05-22 19:44:29,772 plmdca compute_sorted_FN_APC 
	Performing average product correction (APC) of FN  of DCA scores
[0;32mINFO[0;0m 2021-05-22 19:44:29,858 dca_utilities write_sorted_dca_scores 
	Writing DCA scores to file PLMDCA_output_3cc2_9/PLMDCA_apc_fn_scores_3cc2_9.txt
