[0;32mINFO[0;0m 2021-05-22 18:51:15,452 fasta_reader get_alignment_int_form 
	Total number of sequences read from file: 9
[0;32mINFO[0;0m 2021-05-22 18:51:15,452 meanfield_dca compute_sequences_weight 
	Computing sequences weights
[0;32mINFO[0;0m 2021-05-22 18:51:16,465 meanfield_dca __init__ 
	Created a MeanFieldDCA object with the following attributes
        	biomolecule: RNA
        	total states at sites: 5
        	pseudocount: 0.5
        	sequence identity: 0.8
        	alignment length: 94
        	total number of unique sequences (excluding redundant sequences with 100 percent similarity): 9
        	effective number of sequences (with sequence identity 0.8): 5.0
        
[0;32mINFO[0;0m 2021-05-22 18:51:16,465 meanfield_dca get_single_site_freqs 
	Computing single site frequencies
[0;32mINFO[0;0m 2021-05-22 18:51:16,836 meanfield_dca get_reg_single_site_freqs 
	Regularizing single site frequencies
[0;32mINFO[0;0m 2021-05-22 18:51:16,957 meanfield_dca get_pair_site_freqs 
	Computing pair site frequencies
[0;32mINFO[0;0m 2021-05-22 18:51:20,105 meanfield_dca get_reg_pair_site_freqs 
	Regularizing pair site frequencies
[0;32mINFO[0;0m 2021-05-22 18:51:20,304 meanfield_dca construct_corr_mat 
	Constructing the correlation matrix
[0;32mINFO[0;0m 2021-05-22 18:51:20,614 meanfield_dca compute_couplings 
	Computing couplings
[0;32mINFO[0;0m 2021-05-22 18:51:21,250 meanfield_dca compute_couplings 
	Maximum and minimum couplings: 2.4937754322797643, -20.00000000000002
[0;32mINFO[0;0m 2021-05-22 18:51:21,250 meanfield_dca compute_sorted_FN 
	Computing Frobenius norm of couplings
[0;32mINFO[0;0m 2021-05-22 18:51:21,486 meanfield_dca compute_sorted_FN_APC 
	Performing average product correction (APC) to Frobenius norm of couplings.
[0;32mINFO[0;0m 2021-05-22 18:51:21,519 dca_utilities write_sorted_dca_scores 
	Writing DCA scores to file MFDCA_output_5b2o_B/MFDCA_apc_fn_scores_5b2o_B.txt
[0;32mINFO[0;0m 2021-05-22 18:51:21,528 mfdca_main run_meanfield_dca 
	DONE
