[0;32mINFO[0;0m 2021-09-18 15:17:56,411 fasta_reader get_alignment_int_form 
	Found 1 non-standard residues in 1 sequences
[0;32mINFO[0;0m 2021-09-18 15:17:56,411 fasta_reader get_alignment_int_form 
	Total number of sequences read from file: 38
[0;32mINFO[0;0m 2021-09-18 15:17:56,411 meanfield_dca compute_sequences_weight 
	Computing sequences weights
[0;32mINFO[0;0m 2021-09-18 15:17:57,278 meanfield_dca __init__ 
	Created a MeanFieldDCA object with the following attributes
        	biomolecule: RNA
        	total states at sites: 5
        	pseudocount: 0.5
        	sequence identity: 0.8
        	alignment length: 30
        	total number of unique sequences (excluding redundant sequences with 100 percent similarity): 37
        	effective number of sequences (with sequence identity 0.8): 1.6156238915414178
        
[0;32mINFO[0;0m 2021-09-18 15:17:57,278 meanfield_dca get_single_site_freqs 
	Computing single site frequencies
[0;32mINFO[0;0m 2021-09-18 15:17:57,640 meanfield_dca get_reg_single_site_freqs 
	Regularizing single site frequencies
[0;32mINFO[0;0m 2021-09-18 15:17:57,763 meanfield_dca get_pair_site_freqs 
	Computing pair site frequencies
[0;32mINFO[0;0m 2021-09-18 15:18:01,004 meanfield_dca get_reg_pair_site_freqs 
	Regularizing pair site frequencies
[0;32mINFO[0;0m 2021-09-18 15:18:01,204 meanfield_dca construct_corr_mat 
	Constructing the correlation matrix
[0;32mINFO[0;0m 2021-09-18 15:18:01,520 meanfield_dca compute_couplings 
	Computing couplings
[0;32mINFO[0;0m 2021-09-18 15:18:01,979 meanfield_dca compute_couplings 
	Maximum and minimum couplings: 1.9530762633792411, -20.000000000000004
[0;32mINFO[0;0m 2021-09-18 15:18:01,980 meanfield_dca compute_sorted_FN 
	Computing Frobenius norm of couplings
[0;32mINFO[0;0m 2021-09-18 15:18:02,034 meanfield_dca compute_sorted_FN_APC 
	Performing average product correction (APC) to Frobenius norm of couplings.
[0;32mINFO[0;0m 2021-09-18 15:18:02,038 dca_utilities write_sorted_dca_scores 
	Writing DCA scores to file MFDCA_output_PKB286/MFDCA_apc_fn_scores_PKB286.txt
[0;32mINFO[0;0m 2021-09-18 15:18:02,041 mfdca_main run_meanfield_dca 
	DONE
