[0;32mINFO[0;0m 2021-08-19 11:24:20,576 plmdca __init__ Created plmDCA instance with:
            biomolecule: RNA
            MSA sequence length: 69
            total number of (unweighted) sequences: 37182
            sequence identity: 0.8
            lambda_h: 13.600000000000001
            lambda_J: 13.600000000000001
            gradient decent iterations: 500
            number of threads: 40
        
[0;32mINFO[0;0m 2021-08-19 11:24:20,578 plmdca get_fields_and_couplings_from_backend 
	Computing fields and couplings using gradient decent
Iteration 1:
fx = 122229.906250, xnorm = 27.961674, gnorm = 19168.736328, step = 0.000084

Iteration 2:
fx = 115632.031250, xnorm = 27.953501, gnorm = 8445.625000, step = 1.000000

Iteration 3:
fx = 112044.210938, xnorm = 27.908302, gnorm = 7141.486328, step = 1.000000

Iteration 4:
fx = 103221.445312, xnorm = 27.817625, gnorm = 10276.485352, step = 1.000000

Iteration 5:
fx = 90293.562500, xnorm = 28.155216, gnorm = 10378.577148, step = 1.000000

Iteration 6:
fx = 83945.054688, xnorm = 29.964409, gnorm = 12992.366211, step = 1.000000

Iteration 7:
fx = 77514.125000, xnorm = 30.916950, gnorm = 6684.986816, step = 1.000000

Iteration 8:
fx = 75544.156250, xnorm = 31.184423, gnorm = 4686.094727, step = 1.000000

Iteration 9:
fx = 72935.382812, xnorm = 31.666842, gnorm = 3824.120117, step = 1.000000

Iteration 10:
fx = 70891.421875, xnorm = 32.257553, gnorm = 5740.921387, step = 1.000000

Iteration 11:
fx = 68346.218750, xnorm = 32.819447, gnorm = 4467.129395, step = 1.000000

Iteration 12:
fx = 65752.242188, xnorm = 33.311230, gnorm = 4419.737305, step = 1.000000

Iteration 13:
fx = 65661.562500, xnorm = 34.110344, gnorm = 7961.045898, step = 1.000000

Iteration 14:
fx = 62327.726562, xnorm = 33.565140, gnorm = 3167.284912, step = 1.000000

Iteration 15:
fx = 61934.218750, xnorm = 33.163734, gnorm = 4598.682617, step = 1.000000

Iteration 16:
fx = 61219.496094, xnorm = 33.089314, gnorm = 2230.813232, step = 1.000000

Iteration 17:
fx = 60666.132812, xnorm = 32.875595, gnorm = 2120.241455, step = 1.000000

Iteration 18:
fx = 60092.781250, xnorm = 32.567818, gnorm = 2558.124023, step = 1.000000

Iteration 19:
fx = 58991.757812, xnorm = 31.992006, gnorm = 4071.865479, step = 1.000000

Iteration 20:
fx = 58306.730469, xnorm = 31.647089, gnorm = 3882.308350, step = 0.458108

Iteration 21:
fx = 57578.433594, xnorm = 31.508093, gnorm = 2684.385986, step = 1.000000

Iteration 22:
fx = 56834.425781, xnorm = 31.303345, gnorm = 2700.466553, step = 1.000000

Iteration 23:
fx = 56415.875000, xnorm = 31.109631, gnorm = 2465.877686, step = 1.000000

Iteration 24:
fx = 56031.726562, xnorm = 31.040766, gnorm = 1637.635620, step = 1.000000

Iteration 25:
fx = 55526.843750, xnorm = 30.862961, gnorm = 1832.979248, step = 1.000000

Iteration 26:
fx = 54979.937500, xnorm = 30.602036, gnorm = 2367.414795, step = 1.000000

Iteration 27:
fx = 54594.406250, xnorm = 30.390970, gnorm = 2592.882568, step = 0.414449

Iteration 28:
fx = 54116.410156, xnorm = 30.204662, gnorm = 1824.531616, step = 1.000000

Iteration 29:
fx = 53673.277344, xnorm = 30.051622, gnorm = 2030.407959, step = 1.000000

Iteration 30:
fx = 53390.507812, xnorm = 29.958183, gnorm = 2123.375000, step = 0.449639

Iteration 31:
fx = 53099.320312, xnorm = 29.891321, gnorm = 1672.323608, step = 1.000000

Iteration 32:
fx = 52774.394531, xnorm = 29.802759, gnorm = 2122.516602, step = 1.000000

Iteration 33:
fx = 52386.257812, xnorm = 29.723040, gnorm = 2075.833008, step = 1.000000

Iteration 34:
fx = 52104.644531, xnorm = 29.678864, gnorm = 1775.963623, step = 1.000000

Iteration 35:
fx = 51735.414062, xnorm = 29.622606, gnorm = 1474.715942, step = 1.000000

Iteration 36:
fx = 51462.882812, xnorm = 29.577795, gnorm = 1807.455200, step = 1.000000

Iteration 37:
fx = 51337.390625, xnorm = 29.553837, gnorm = 2491.162109, step = 1.000000

Iteration 38:
fx = 51112.652344, xnorm = 29.554535, gnorm = 1181.849976, step = 1.000000

Iteration 39:
fx = 50993.218750, xnorm = 29.553988, gnorm = 1061.061890, step = 1.000000

Iteration 40:
fx = 50862.457031, xnorm = 29.550821, gnorm = 1274.713257, step = 1.000000

Iteration 41:
fx = 50786.132812, xnorm = 29.576332, gnorm = 2655.443359, step = 1.000000

Iteration 42:
fx = 50556.972656, xnorm = 29.574095, gnorm = 1138.539917, step = 1.000000

Iteration 43:
fx = 50456.617188, xnorm = 29.552071, gnorm = 1028.145874, step = 1.000000

Iteration 44:
fx = 50352.375000, xnorm = 29.533968, gnorm = 1035.644043, step = 1.000000

Iteration 45:
fx = 50296.765625, xnorm = 29.524010, gnorm = 1215.634033, step = 0.267755

Iteration 46:
fx = 50178.058594, xnorm = 29.527876, gnorm = 829.878784, step = 1.000000

Iteration 47:
fx = 50082.972656, xnorm = 29.504074, gnorm = 951.494568, step = 1.000000

Iteration 48:
fx = 49959.328125, xnorm = 29.451395, gnorm = 1259.836182, step = 1.000000

Iteration 49:
fx = 49883.785156, xnorm = 29.387690, gnorm = 1206.006226, step = 1.000000

Iteration 50:
fx = 49823.503906, xnorm = 29.339895, gnorm = 740.567078, step = 1.000000

Iteration 51:
fx = 49763.675781, xnorm = 29.259565, gnorm = 658.473022, step = 1.000000

Iteration 52:
fx = 49704.906250, xnorm = 29.165461, gnorm = 807.664307, step = 1.000000

Iteration 53:
fx = 49667.601562, xnorm = 29.004259, gnorm = 1294.965576, step = 1.000000

Iteration 54:
fx = 49606.746094, xnorm = 28.996391, gnorm = 553.085632, step = 1.000000

Iteration 55:
fx = 49587.167969, xnorm = 28.991608, gnorm = 466.298767, step = 1.000000

Iteration 56:
fx = 49561.062500, xnorm = 28.953718, gnorm = 497.446045, step = 1.000000

Iteration 57:
fx = 49541.101562, xnorm = 28.898275, gnorm = 696.289551, step = 0.332218

Iteration 58:
fx = 49502.707031, xnorm = 28.800377, gnorm = 633.310059, step = 1.000000

Iteration 59:
fx = 49478.437500, xnorm = 28.620962, gnorm = 1321.669312, step = 1.000000

Iteration 60:
fx = 49424.898438, xnorm = 28.536856, gnorm = 391.977325, step = 1.000000

Iteration 61:
fx = 49412.714844, xnorm = 28.536900, gnorm = 370.767761, step = 1.000000

Iteration 62:
fx = 49385.507812, xnorm = 28.447680, gnorm = 678.349060, step = 1.000000

Iteration 63:
fx = 49367.406250, xnorm = 28.312412, gnorm = 741.048462, step = 1.000000

Iteration 64:
fx = 49346.027344, xnorm = 28.292658, gnorm = 339.363800, step = 1.000000

Iteration 65:
fx = 49334.996094, xnorm = 28.250099, gnorm = 281.958313, step = 1.000000

Iteration 66:
fx = 49324.292969, xnorm = 28.182655, gnorm = 326.538788, step = 1.000000

Iteration 67:
fx = 49316.148438, xnorm = 28.062799, gnorm = 681.633606, step = 1.000000

Iteration 68:
fx = 49303.335938, xnorm = 28.054173, gnorm = 270.251709, step = 1.000000

Iteration 69:
fx = 49298.984375, xnorm = 28.051048, gnorm = 254.057739, step = 1.000000

Iteration 70:
fx = 49290.804688, xnorm = 28.014059, gnorm = 301.117737, step = 1.000000

Iteration 71:
fx = 49286.792969, xnorm = 27.988279, gnorm = 304.278198, step = 0.318581

Iteration 72:
fx = 49278.949219, xnorm = 27.928402, gnorm = 230.937714, step = 1.000000

Iteration 73:
fx = 49274.167969, xnorm = 27.872547, gnorm = 319.106354, step = 1.000000

Iteration 74:
fx = 49268.128906, xnorm = 27.834723, gnorm = 189.057877, step = 1.000000

Iteration 75:
fx = 49265.511719, xnorm = 27.830994, gnorm = 164.868881, step = 1.000000

Iteration 76:
fx = 49257.410156, xnorm = 27.795555, gnorm = 266.212311, step = 1.000000

Iteration 77:
fx = 49254.554688, xnorm = 27.765966, gnorm = 158.505768, step = 0.275076

Iteration 78:
fx = 49251.699219, xnorm = 27.727633, gnorm = 168.616867, step = 1.000000

Iteration 79:
fx = 49247.679688, xnorm = 27.655504, gnorm = 286.098724, step = 1.000000

Iteration 80:
fx = 49244.980469, xnorm = 27.615168, gnorm = 174.128204, step = 1.000000

Iteration 81:
fx = 49243.542969, xnorm = 27.624319, gnorm = 115.164246, step = 1.000000

Iteration 82:
fx = 49240.929688, xnorm = 27.622946, gnorm = 113.897781, step = 1.000000

Iteration 83:
fx = 49239.531250, xnorm = 27.606178, gnorm = 121.134544, step = 1.000000

Iteration 84:
fx = 49236.636719, xnorm = 27.565754, gnorm = 137.370422, step = 1.000000

Iteration 85:
fx = 49235.523438, xnorm = 27.547878, gnorm = 94.645813, step = 1.000000

Iteration 86:
fx = 49233.921875, xnorm = 27.521183, gnorm = 115.232971, step = 1.000000

Iteration 87:
fx = 49233.062500, xnorm = 27.499802, gnorm = 157.883423, step = 1.000000

Iteration 88:
fx = 49231.839844, xnorm = 27.493080, gnorm = 98.091721, step = 1.000000

Iteration 89:
fx = 49230.175781, xnorm = 27.475195, gnorm = 92.177391, step = 1.000000

Iteration 90:
fx = 49229.617188, xnorm = 27.460905, gnorm = 87.872726, step = 1.000000

Iteration 91:
fx = 49229.074219, xnorm = 27.430622, gnorm = 193.800827, step = 1.000000

Iteration 92:
fx = 49228.644531, xnorm = 27.428209, gnorm = 54.410355, step = 1.000000

Iteration 93:
fx = 49228.636719, xnorm = 27.428480, gnorm = 51.002140, step = 0.232037

Iteration 94:
fx = 49228.355469, xnorm = 27.424393, gnorm = 62.760876, step = 1.000000

Iteration 95:
fx = 49228.316406, xnorm = 27.423700, gnorm = 54.503906, step = 0.102095

Iteration 96:
fx = 49228.289062, xnorm = 27.421785, gnorm = 49.226925, step = 0.264467

Iteration 97:
fx = 49228.007812, xnorm = 27.409185, gnorm = 61.885712, step = 1.000000

Iteration 98:
fx = 49227.992188, xnorm = 27.407118, gnorm = 60.905357, step = 0.213847

Iteration 99:
fx = 49227.574219, xnorm = 27.389477, gnorm = 51.245159, step = 1.000000

Iteration 100:
fx = 49227.433594, xnorm = 27.385714, gnorm = 76.637634, step = 0.356704

Iteration 101:
fx = 49227.253906, xnorm = 27.379242, gnorm = 45.035042, step = 1.000000

Iteration 102:
fx = 49227.128906, xnorm = 27.376343, gnorm = 31.913126, step = 1.000000

Iteration 103:
fx = 49227.089844, xnorm = 27.374985, gnorm = 33.326351, step = 1.000000

Iteration 104:
fx = 49227.066406, xnorm = 27.373396, gnorm = 37.268185, step = 1.000000

Iteration 105:
fx = 49226.878906, xnorm = 27.371964, gnorm = 48.104134, step = 1.000000

Iteration 106:
fx = 49226.816406, xnorm = 27.371111, gnorm = 25.711878, step = 1.000000

Iteration 107:
fx = 49226.777344, xnorm = 27.370253, gnorm = 30.467175, step = 1.000000

Iteration 108:
fx = 49226.617188, xnorm = 27.368515, gnorm = 37.532627, step = 1.000000

Iteration 109:
fx = 49226.589844, xnorm = 27.368279, gnorm = 33.440876, step = 0.124657

Iteration 110:
fx = 49226.582031, xnorm = 27.366039, gnorm = 20.820339, step = 1.000000

L-BFGS optimization terminated with status code = -1001
fx = 49226.582031
[0;32mINFO[0;0m 2021-08-19 11:24:46,855 plmdca get_fields_and_couplings_from_backend 
	Data size expected from plmDCA backend: 58995
[0;32mINFO[0;0m 2021-08-19 11:24:46,856 plmdca get_fields_and_couplings_from_backend 
	Data size obtained from plmDCA backend to Python: 58995
[0;32mINFO[0;0m 2021-08-19 11:24:46,894 plmdca compute_sorted_FN 
	Computing non-APC sorted DCA score
[0;32mINFO[0;0m 2021-08-19 11:24:47,002 plmdca compute_sorted_FN_APC 
	Performing average product correction (APC) of FN  of DCA scores
[0;32mINFO[0;0m 2021-08-19 11:24:47,020 dca_utilities write_sorted_dca_scores 
	Writing DCA scores to file PLMDCA_output_3eph_E/PLMDCA_apc_fn_scores_3eph_E.txt
