[0;32mINFO[0;0m 2021-05-22 20:00:14,519 plmdca __init__ Created plmDCA instance with:
            biomolecule: RNA
            MSA sequence length: 76
            total number of (unweighted) sequences: 25000
            sequence identity: 0.8
            lambda_h: 15.0
            lambda_J: 15.0
            gradient decent iterations: 500
            number of threads: 40
        
[0;32mINFO[0;0m 2021-05-22 20:00:14,519 plmdca get_fields_and_couplings_from_backend 
	Computing fields and couplings using gradient decent
Iteration 1:
fx = 164008.343750, xnorm = 27.244520, gnorm = 10142.501953, step = 0.000031

Iteration 2:
fx = 160506.343750, xnorm = 27.190567, gnorm = 12233.837891, step = 1.000000

Iteration 3:
fx = 151257.765625, xnorm = 27.090487, gnorm = 19555.683594, step = 1.000000

Iteration 4:
fx = 135377.203125, xnorm = 27.292513, gnorm = 20630.341797, step = 1.000000

Iteration 5:
fx = 124661.687500, xnorm = 29.441507, gnorm = 22704.972656, step = 1.000000

Iteration 6:
fx = 111356.257812, xnorm = 30.120535, gnorm = 9130.375977, step = 1.000000

Iteration 7:
fx = 108285.710938, xnorm = 30.246351, gnorm = 5199.685059, step = 1.000000

Iteration 8:
fx = 106067.937500, xnorm = 30.521643, gnorm = 4877.025879, step = 1.000000

Iteration 9:
fx = 103669.750000, xnorm = 30.995579, gnorm = 5755.813965, step = 1.000000

Iteration 10:
fx = 100357.679688, xnorm = 32.244564, gnorm = 8442.000977, step = 1.000000

Iteration 11:
fx = 96957.515625, xnorm = 33.583515, gnorm = 6695.827637, step = 1.000000

Iteration 12:
fx = 94790.265625, xnorm = 34.102669, gnorm = 3802.004639, step = 1.000000

Iteration 13:
fx = 93396.976562, xnorm = 34.268730, gnorm = 3114.466309, step = 1.000000

Iteration 14:
fx = 92907.000000, xnorm = 34.160633, gnorm = 6551.254883, step = 1.000000

Iteration 15:
fx = 91857.171875, xnorm = 33.948849, gnorm = 3390.270752, step = 1.000000

Iteration 16:
fx = 91237.796875, xnorm = 33.673149, gnorm = 3314.936279, step = 1.000000

Iteration 17:
fx = 89971.937500, xnorm = 33.038345, gnorm = 3882.685303, step = 1.000000

Iteration 18:
fx = 88878.812500, xnorm = 32.185638, gnorm = 6441.989746, step = 1.000000

Iteration 19:
fx = 87516.953125, xnorm = 31.801765, gnorm = 4074.502441, step = 1.000000

Iteration 20:
fx = 86715.265625, xnorm = 31.827480, gnorm = 2783.528809, step = 1.000000

Iteration 21:
fx = 86007.164062, xnorm = 31.742620, gnorm = 2683.257568, step = 1.000000

Iteration 22:
fx = 85618.210938, xnorm = 31.609406, gnorm = 4105.795410, step = 1.000000

Iteration 23:
fx = 85020.953125, xnorm = 31.539293, gnorm = 2463.922363, step = 1.000000

Iteration 24:
fx = 84476.656250, xnorm = 31.406260, gnorm = 2495.910645, step = 1.000000

Iteration 25:
fx = 83778.656250, xnorm = 31.186380, gnorm = 3305.188232, step = 1.000000

Iteration 26:
fx = 83333.250000, xnorm = 31.057438, gnorm = 3650.017090, step = 0.442639

Iteration 27:
fx = 82754.726562, xnorm = 30.938873, gnorm = 2650.002197, step = 1.000000

Iteration 28:
fx = 82317.328125, xnorm = 30.864784, gnorm = 3042.242920, step = 1.000000

Iteration 29:
fx = 81872.023438, xnorm = 30.833015, gnorm = 2646.453369, step = 1.000000

Iteration 30:
fx = 81474.421875, xnorm = 30.808596, gnorm = 2345.949951, step = 1.000000

Iteration 31:
fx = 81046.593750, xnorm = 30.784420, gnorm = 2502.565186, step = 1.000000

Iteration 32:
fx = 80639.859375, xnorm = 30.781990, gnorm = 2589.371094, step = 1.000000

Iteration 33:
fx = 80259.507812, xnorm = 30.787346, gnorm = 2251.971436, step = 1.000000

Iteration 34:
fx = 79966.109375, xnorm = 30.840574, gnorm = 3200.620850, step = 1.000000

Iteration 35:
fx = 79699.687500, xnorm = 30.856379, gnorm = 2470.035889, step = 1.000000

Iteration 36:
fx = 79508.171875, xnorm = 30.832733, gnorm = 1868.359741, step = 1.000000

Iteration 37:
fx = 79188.085938, xnorm = 30.820713, gnorm = 1556.657715, step = 1.000000

Iteration 38:
fx = 79019.000000, xnorm = 30.867306, gnorm = 3347.867188, step = 1.000000

Iteration 39:
fx = 78679.539062, xnorm = 30.914961, gnorm = 1937.838013, step = 1.000000

Iteration 40:
fx = 78438.632812, xnorm = 31.001354, gnorm = 1383.221924, step = 1.000000

Iteration 41:
fx = 78275.359375, xnorm = 31.068087, gnorm = 1352.948486, step = 1.000000

Iteration 42:
fx = 78168.742188, xnorm = 31.110291, gnorm = 1737.996094, step = 0.340558

Iteration 43:
fx = 77972.859375, xnorm = 31.171509, gnorm = 1391.557739, step = 1.000000

Iteration 44:
fx = 77807.390625, xnorm = 31.205982, gnorm = 2248.291992, step = 1.000000

Iteration 45:
fx = 77602.367188, xnorm = 31.193224, gnorm = 1205.440552, step = 1.000000

Iteration 46:
fx = 77486.500000, xnorm = 31.100279, gnorm = 1088.136230, step = 1.000000

Iteration 47:
fx = 77379.039062, xnorm = 30.870775, gnorm = 2160.540771, step = 1.000000

Iteration 48:
fx = 77225.320312, xnorm = 30.788231, gnorm = 1177.638062, step = 1.000000

Iteration 49:
fx = 77157.265625, xnorm = 30.796625, gnorm = 971.786377, step = 1.000000

Iteration 50:
fx = 77034.382812, xnorm = 30.705986, gnorm = 1160.954102, step = 1.000000

Iteration 51:
fx = 76990.593750, xnorm = 30.533449, gnorm = 2076.010498, step = 1.000000

Iteration 52:
fx = 76893.976562, xnorm = 30.511713, gnorm = 863.594177, step = 1.000000

Iteration 53:
fx = 76853.375000, xnorm = 30.453646, gnorm = 849.205383, step = 1.000000

Iteration 54:
fx = 76805.968750, xnorm = 30.364071, gnorm = 935.453552, step = 1.000000

Iteration 55:
fx = 76757.562500, xnorm = 30.158278, gnorm = 1722.518677, step = 1.000000

Iteration 56:
fx = 76665.359375, xnorm = 30.015558, gnorm = 852.006836, step = 1.000000

Iteration 57:
fx = 76625.890625, xnorm = 29.997768, gnorm = 736.911377, step = 1.000000

Iteration 58:
fx = 76561.546875, xnorm = 29.879707, gnorm = 897.005981, step = 1.000000

Iteration 59:
fx = 76538.710938, xnorm = 29.698252, gnorm = 1797.116577, step = 1.000000

Iteration 60:
fx = 76473.906250, xnorm = 29.666395, gnorm = 837.379944, step = 1.000000

Iteration 61:
fx = 76434.070312, xnorm = 29.565247, gnorm = 576.573425, step = 1.000000

Iteration 62:
fx = 76408.382812, xnorm = 29.467848, gnorm = 613.376709, step = 1.000000

Iteration 63:
fx = 76386.593750, xnorm = 29.364988, gnorm = 877.809021, step = 0.421122

Iteration 64:
fx = 76337.375000, xnorm = 29.187702, gnorm = 546.948792, step = 1.000000

Iteration 65:
fx = 76309.843750, xnorm = 29.080366, gnorm = 720.557129, step = 1.000000

Iteration 66:
fx = 76273.109375, xnorm = 28.961191, gnorm = 523.742432, step = 1.000000

Iteration 67:
fx = 76252.070312, xnorm = 28.940075, gnorm = 458.348907, step = 1.000000

Iteration 68:
fx = 76235.531250, xnorm = 28.927063, gnorm = 586.712708, step = 1.000000

Iteration 69:
fx = 76221.101562, xnorm = 28.842125, gnorm = 825.278015, step = 1.000000

Iteration 70:
fx = 76199.851562, xnorm = 28.823463, gnorm = 446.856873, step = 1.000000

Iteration 71:
fx = 76186.664062, xnorm = 28.773005, gnorm = 369.024506, step = 1.000000

Iteration 72:
fx = 76175.453125, xnorm = 28.719463, gnorm = 481.446289, step = 1.000000

Iteration 73:
fx = 76158.914062, xnorm = 28.628681, gnorm = 459.145081, step = 1.000000

Iteration 74:
fx = 76147.484375, xnorm = 28.594927, gnorm = 406.465179, step = 1.000000

Iteration 75:
fx = 76137.820312, xnorm = 28.577951, gnorm = 363.638428, step = 1.000000

Iteration 76:
fx = 76130.437500, xnorm = 28.572266, gnorm = 302.289124, step = 1.000000

Iteration 77:
fx = 76120.648438, xnorm = 28.555132, gnorm = 355.501770, step = 1.000000

Iteration 78:
fx = 76109.500000, xnorm = 28.518751, gnorm = 438.553619, step = 0.493107

Iteration 79:
fx = 76101.031250, xnorm = 28.492533, gnorm = 269.286835, step = 1.000000

Iteration 80:
fx = 76095.554688, xnorm = 28.470676, gnorm = 234.265198, step = 1.000000

Iteration 81:
fx = 76089.523438, xnorm = 28.443710, gnorm = 308.206268, step = 1.000000

Iteration 82:
fx = 76083.742188, xnorm = 28.425774, gnorm = 260.581390, step = 1.000000

Iteration 83:
fx = 76077.992188, xnorm = 28.412848, gnorm = 242.347916, step = 1.000000

Iteration 84:
fx = 76070.656250, xnorm = 28.387341, gnorm = 320.206482, step = 1.000000

Iteration 85:
fx = 76068.109375, xnorm = 28.366497, gnorm = 370.475128, step = 1.000000

Iteration 86:
fx = 76063.804688, xnorm = 28.367487, gnorm = 195.240082, step = 1.000000

Iteration 87:
fx = 76061.250000, xnorm = 28.363356, gnorm = 162.881042, step = 1.000000

Iteration 88:
fx = 76058.281250, xnorm = 28.354326, gnorm = 202.501984, step = 1.000000

Iteration 89:
fx = 76057.695312, xnorm = 28.339682, gnorm = 376.432251, step = 1.000000

Iteration 90:
fx = 76053.585938, xnorm = 28.337996, gnorm = 156.485596, step = 1.000000

Iteration 91:
fx = 76051.992188, xnorm = 28.338350, gnorm = 146.645340, step = 1.000000

Iteration 92:
fx = 76050.796875, xnorm = 28.338388, gnorm = 149.900177, step = 1.000000

Iteration 93:
fx = 76050.546875, xnorm = 28.338999, gnorm = 144.071045, step = 0.222306

Iteration 94:
fx = 76049.812500, xnorm = 28.343414, gnorm = 148.676132, step = 1.000000

Iteration 95:
fx = 76049.195312, xnorm = 28.346140, gnorm = 177.049210, step = 0.265739

Iteration 96:
fx = 76048.437500, xnorm = 28.356524, gnorm = 162.852066, step = 1.000000

Iteration 97:
fx = 76047.718750, xnorm = 28.362263, gnorm = 124.985107, step = 0.337397

Iteration 98:
fx = 76047.296875, xnorm = 28.367172, gnorm = 84.843262, step = 0.288496

Iteration 99:
fx = 76046.984375, xnorm = 28.371820, gnorm = 77.857346, step = 0.248318

Iteration 100:
fx = 76046.789062, xnorm = 28.377237, gnorm = 77.361061, step = 0.228674

L-BFGS optimization terminated with status code = -1001
fx = 76046.781250
[0;32mINFO[0;0m 2021-05-22 20:00:35,464 plmdca get_fields_and_couplings_from_backend 
	Data size expected from plmDCA backend: 71630
[0;32mINFO[0;0m 2021-05-22 20:00:35,464 plmdca get_fields_and_couplings_from_backend 
	Data size obtained from plmDCA backend to Python: 71630
[0;32mINFO[0;0m 2021-05-22 20:00:35,509 plmdca compute_sorted_FN 
	Computing non-APC sorted DCA score
[0;32mINFO[0;0m 2021-05-22 20:00:35,659 plmdca compute_sorted_FN_APC 
	Performing average product correction (APC) of FN  of DCA scores
[0;32mINFO[0;0m 2021-05-22 20:00:35,682 dca_utilities write_sorted_dca_scores 
	Writing DCA scores to file PLMDCA_output_1qf6_B/PLMDCA_apc_fn_scores_1qf6_B.txt
