[0;32mINFO[0;0m 2021-09-18 14:46:47,478 fasta_reader get_alignment_int_form 
	Found 7 non-standard residues in 1 sequences
[0;32mINFO[0;0m 2021-09-18 14:46:47,478 fasta_reader get_alignment_int_form 
	Total number of sequences read from file: 154
[0;32mINFO[0;0m 2021-09-18 14:46:47,478 meanfield_dca compute_sequences_weight 
	Computing sequences weights
[0;32mINFO[0;0m 2021-09-18 14:46:48,355 meanfield_dca __init__ 
	Created a MeanFieldDCA object with the following attributes
        	biomolecule: RNA
        	total states at sites: 5
        	pseudocount: 0.5
        	sequence identity: 0.8
        	alignment length: 67
        	total number of unique sequences (excluding redundant sequences with 100 percent similarity): 153
        	effective number of sequences (with sequence identity 0.8): 89.06738251428654
        
[0;32mINFO[0;0m 2021-09-18 14:46:48,356 meanfield_dca get_single_site_freqs 
	Computing single site frequencies
[0;32mINFO[0;0m 2021-09-18 14:46:48,721 meanfield_dca get_reg_single_site_freqs 
	Regularizing single site frequencies
[0;32mINFO[0;0m 2021-09-18 14:46:48,845 meanfield_dca get_pair_site_freqs 
	Computing pair site frequencies
[0;32mINFO[0;0m 2021-09-18 14:46:52,140 meanfield_dca get_reg_pair_site_freqs 
	Regularizing pair site frequencies
[0;32mINFO[0;0m 2021-09-18 14:46:52,336 meanfield_dca construct_corr_mat 
	Constructing the correlation matrix
[0;32mINFO[0;0m 2021-09-18 14:46:52,648 meanfield_dca compute_couplings 
	Computing couplings
[0;32mINFO[0;0m 2021-09-18 14:46:53,193 meanfield_dca compute_couplings 
	Maximum and minimum couplings: 2.7792861562302145, -19.99999999999998
[0;32mINFO[0;0m 2021-09-18 14:46:53,193 meanfield_dca compute_sorted_FN 
	Computing Frobenius norm of couplings
[0;32mINFO[0;0m 2021-09-18 14:46:53,362 meanfield_dca compute_sorted_FN_APC 
	Performing average product correction (APC) to Frobenius norm of couplings.
[0;32mINFO[0;0m 2021-09-18 14:46:53,373 dca_utilities write_sorted_dca_scores 
	Writing DCA scores to file MFDCA_output_PKB314/MFDCA_apc_fn_scores_PKB314.txt
[0;32mINFO[0;0m 2021-09-18 14:46:53,378 mfdca_main run_meanfield_dca 
	DONE
