[0;32mINFO[0;0m 2021-08-03 00:56:41,432 fasta_reader get_alignment_int_form 
	Found 1709 non-standard residues in 89 sequences
[0;32mINFO[0;0m 2021-08-03 00:56:41,432 fasta_reader get_alignment_int_form 
	Total number of sequences read from file: 90
[0;32mINFO[0;0m 2021-08-03 00:56:41,433 meanfield_dca compute_sequences_weight 
	Computing sequences weights
[0;32mINFO[0;0m 2021-08-03 00:56:42,871 meanfield_dca __init__ 
	Created a MeanFieldDCA object with the following attributes
        	biomolecule: RNA
        	total states at sites: 5
        	pseudocount: 0.5
        	sequence identity: 0.8
        	alignment length: 122
        	total number of unique sequences (excluding redundant sequences with 100 percent similarity): 84
        	effective number of sequences (with sequence identity 0.8): 1.1335626202023599
        
[0;32mINFO[0;0m 2021-08-03 00:56:42,872 meanfield_dca get_single_site_freqs 
	Computing single site frequencies
[0;32mINFO[0;0m 2021-08-03 00:56:43,597 meanfield_dca get_reg_single_site_freqs 
	Regularizing single site frequencies
[0;32mINFO[0;0m 2021-08-03 00:56:43,807 meanfield_dca get_pair_site_freqs 
	Computing pair site frequencies
[0;32mINFO[0;0m 2021-08-03 00:56:49,826 meanfield_dca get_reg_pair_site_freqs 
	Regularizing pair site frequencies
[0;32mINFO[0;0m 2021-08-03 00:56:50,176 meanfield_dca construct_corr_mat 
	Constructing the correlation matrix
[0;32mINFO[0;0m 2021-08-03 00:56:50,710 meanfield_dca compute_couplings 
	Computing couplings
[0;32mINFO[0;0m 2021-08-03 00:56:52,780 meanfield_dca compute_couplings 
	Maximum and minimum couplings: 5.08440168280722, -20.000000000000007
[0;32mINFO[0;0m 2021-08-03 00:56:52,780 meanfield_dca compute_sorted_FN 
	Computing Frobenius norm of couplings
[0;32mINFO[0;0m 2021-08-03 00:56:53,368 meanfield_dca compute_sorted_FN_APC 
	Performing average product correction (APC) to Frobenius norm of couplings.
[0;32mINFO[0;0m 2021-08-03 00:56:53,481 dca_utilities write_sorted_dca_scores 
	Writing DCA scores to file MFDCA_output_3cc2_9/MFDCA_apc_fn_scores_3cc2_9.txt
[0;32mINFO[0;0m 2021-08-03 00:56:53,507 mfdca_main run_meanfield_dca 
	DONE
