[0;32mINFO[0;0m 2021-08-19 11:24:53,528 plmdca __init__ Created plmDCA instance with:
            biomolecule: RNA
            MSA sequence length: 34
            total number of (unweighted) sequences: 40
            sequence identity: 0.8
            lambda_h: 6.6000000000000005
            lambda_J: 6.6000000000000005
            gradient decent iterations: 500
            number of threads: 40
        
[0;32mINFO[0;0m 2021-08-19 11:24:53,528 plmdca get_fields_and_couplings_from_backend 
	Computing fields and couplings using gradient decent
Iteration 1:
fx = 135.599106, xnorm = 3.907854, gnorm = 50.462948, step = 0.014829

Iteration 2:
fx = 43.601654, xnorm = 1.188816, gnorm = 12.300632, step = 1.000000

Iteration 3:
fx = 39.609119, xnorm = 1.476193, gnorm = 6.929812, step = 1.000000

Iteration 4:
fx = 39.450397, xnorm = 1.340564, gnorm = 0.692808, step = 1.000000

L-BFGS optimization terminated with status code = -1001
fx = 39.450390
[0;32mINFO[0;0m 2021-08-19 11:24:53,565 plmdca get_fields_and_couplings_from_backend 
	Data size expected from plmDCA backend: 14195
[0;32mINFO[0;0m 2021-08-19 11:24:53,565 plmdca get_fields_and_couplings_from_backend 
	Data size obtained from plmDCA backend to Python: 14195
[0;32mINFO[0;0m 2021-08-19 11:24:53,574 plmdca compute_sorted_FN 
	Computing non-APC sorted DCA score
[0;32mINFO[0;0m 2021-08-19 11:24:53,601 plmdca compute_sorted_FN_APC 
	Performing average product correction (APC) of FN  of DCA scores
[0;32mINFO[0;0m 2021-08-19 11:24:53,604 dca_utilities write_sorted_dca_scores 
	Writing DCA scores to file PLMDCA_output_3fu2_A/PLMDCA_apc_fn_scores_3fu2_A.txt
