[0;32mINFO[0;0m 2021-08-19 12:45:27,833 plmdca __init__ Created plmDCA instance with:
            biomolecule: RNA
            MSA sequence length: 36
            total number of (unweighted) sequences: 1352
            sequence identity: 0.8
            lambda_h: 7.0
            lambda_J: 7.0
            gradient decent iterations: 500
            number of threads: 40
        
[0;32mINFO[0;0m 2021-08-19 12:45:27,833 plmdca get_fields_and_couplings_from_backend 
	Computing fields and couplings using gradient decent
Iteration 1:
fx = 11494.926758, xnorm = 22.096291, gnorm = 1665.649170, step = 0.000889

Iteration 2:
fx = 10951.508789, xnorm = 22.055195, gnorm = 683.671509, step = 1.000000

Iteration 3:
fx = 10686.797852, xnorm = 21.857405, gnorm = 639.430969, step = 1.000000

Iteration 4:
fx = 9467.012695, xnorm = 20.598101, gnorm = 1013.301025, step = 1.000000

Iteration 5:
fx = 8317.821289, xnorm = 19.400599, gnorm = 1077.005127, step = 1.000000

Iteration 6:
fx = 7665.622070, xnorm = 18.971514, gnorm = 918.491455, step = 1.000000

Iteration 7:
fx = 7242.823242, xnorm = 18.854195, gnorm = 729.174438, step = 1.000000

Iteration 8:
fx = 6946.875488, xnorm = 18.564280, gnorm = 489.003601, step = 1.000000

Iteration 9:
fx = 6724.679688, xnorm = 17.954670, gnorm = 555.413757, step = 1.000000

Iteration 10:
fx = 6495.774414, xnorm = 17.284758, gnorm = 514.729187, step = 1.000000

Iteration 11:
fx = 6105.958496, xnorm = 15.725768, gnorm = 572.542297, step = 1.000000

Iteration 12:
fx = 6038.702148, xnorm = 15.043570, gnorm = 892.563782, step = 1.000000

Iteration 13:
fx = 5786.863281, xnorm = 15.056685, gnorm = 367.042969, step = 1.000000

Iteration 14:
fx = 5727.342773, xnorm = 15.006790, gnorm = 253.543625, step = 1.000000

Iteration 15:
fx = 5668.387207, xnorm = 14.830708, gnorm = 285.965210, step = 1.000000

Iteration 16:
fx = 5604.939453, xnorm = 14.577142, gnorm = 306.406342, step = 1.000000

Iteration 17:
fx = 5538.837402, xnorm = 14.187187, gnorm = 326.213348, step = 1.000000

Iteration 18:
fx = 5473.285645, xnorm = 13.993554, gnorm = 187.531464, step = 1.000000

Iteration 19:
fx = 5436.352539, xnorm = 13.787032, gnorm = 166.071838, step = 1.000000

Iteration 20:
fx = 5408.635742, xnorm = 13.492518, gnorm = 182.494965, step = 1.000000

Iteration 21:
fx = 5380.427246, xnorm = 13.161882, gnorm = 175.974869, step = 1.000000

Iteration 22:
fx = 5355.527832, xnorm = 12.900884, gnorm = 126.380669, step = 1.000000

Iteration 23:
fx = 5346.452148, xnorm = 12.797141, gnorm = 80.671104, step = 1.000000

Iteration 24:
fx = 5341.882324, xnorm = 12.763791, gnorm = 62.002319, step = 1.000000

Iteration 25:
fx = 5337.380371, xnorm = 12.674278, gnorm = 77.414024, step = 1.000000

Iteration 26:
fx = 5332.642090, xnorm = 12.550323, gnorm = 84.602531, step = 1.000000

Iteration 27:
fx = 5328.783691, xnorm = 12.478463, gnorm = 57.412323, step = 1.000000

Iteration 28:
fx = 5324.718750, xnorm = 12.312034, gnorm = 47.460091, step = 1.000000

Iteration 29:
fx = 5324.635254, xnorm = 12.197030, gnorm = 87.922951, step = 1.000000

Iteration 30:
fx = 5322.470703, xnorm = 12.205349, gnorm = 31.114225, step = 1.000000

Iteration 31:
fx = 5321.771484, xnorm = 12.199557, gnorm = 24.129555, step = 1.000000

Iteration 32:
fx = 5320.997559, xnorm = 12.177372, gnorm = 31.957123, step = 1.000000

Iteration 33:
fx = 5319.972656, xnorm = 12.155896, gnorm = 40.586632, step = 1.000000

Iteration 34:
fx = 5318.917969, xnorm = 12.122525, gnorm = 52.297386, step = 0.480635

Iteration 35:
fx = 5318.082031, xnorm = 12.104392, gnorm = 28.016798, step = 1.000000

Iteration 36:
fx = 5317.650879, xnorm = 12.093698, gnorm = 18.173119, step = 1.000000

Iteration 37:
fx = 5317.361328, xnorm = 12.081623, gnorm = 18.891996, step = 1.000000

Iteration 38:
fx = 5317.145996, xnorm = 12.066561, gnorm = 43.359291, step = 1.000000

Iteration 39:
fx = 5316.714355, xnorm = 12.060866, gnorm = 16.466410, step = 1.000000

Iteration 40:
fx = 5316.557617, xnorm = 12.054246, gnorm = 11.156490, step = 1.000000

Iteration 41:
fx = 5316.486816, xnorm = 12.046989, gnorm = 12.571666, step = 1.000000

Iteration 42:
fx = 5316.280273, xnorm = 12.029353, gnorm = 16.600967, step = 1.000000

Iteration 43:
fx = 5316.280273, xnorm = 12.026469, gnorm = 14.134122, step = 0.100523

Iteration 44:
fx = 5316.243652, xnorm = 12.009134, gnorm = 9.109103, step = 1.000000

Iteration 45:
fx = 5316.160645, xnorm = 12.000127, gnorm = 8.160772, step = 1.000000

Iteration 46:
fx = 5316.048340, xnorm = 11.977630, gnorm = 11.969275, step = 1.000000

Iteration 47:
fx = 5315.749512, xnorm = 11.974199, gnorm = 12.291788, step = 1.000000

L-BFGS optimization terminated with status code = -1001
fx = 5315.749512
[0;32mINFO[0;0m 2021-08-19 12:45:27,986 plmdca get_fields_and_couplings_from_backend 
	Data size expected from plmDCA backend: 15930
[0;32mINFO[0;0m 2021-08-19 12:45:27,986 plmdca get_fields_and_couplings_from_backend 
	Data size obtained from plmDCA backend to Python: 15930
[0;32mINFO[0;0m 2021-08-19 12:45:27,996 plmdca compute_sorted_FN 
	Computing non-APC sorted DCA score
[0;32mINFO[0;0m 2021-08-19 12:45:28,030 plmdca compute_sorted_FN_APC 
	Performing average product correction (APC) of FN  of DCA scores
[0;32mINFO[0;0m 2021-08-19 12:45:28,033 dca_utilities write_sorted_dca_scores 
	Writing DCA scores to file PLMDCA_output_6c64_A/PLMDCA_apc_fn_scores_6c64_A.txt
