[0;32mINFO[0;0m 2021-06-10 13:37:58,374 fasta_reader get_alignment_int_form 
	Total number of sequences read from file: 18
[0;32mINFO[0;0m 2021-06-10 13:37:58,375 meanfield_dca compute_sequences_weight 
	Computing sequences weights
[0;32mINFO[0;0m 2021-06-10 13:37:59,553 meanfield_dca __init__ 
	Created a MeanFieldDCA object with the following attributes
        	biomolecule: RNA
        	total states at sites: 5
        	pseudocount: 0.5
        	sequence identity: 0.8
        	alignment length: 57
        	total number of unique sequences (excluding redundant sequences with 100 percent similarity): 17
        	effective number of sequences (with sequence identity 0.8): 2.6984848484848487
        
[0;32mINFO[0;0m 2021-06-10 13:37:59,554 meanfield_dca get_single_site_freqs 
	Computing single site frequencies
[0;32mINFO[0;0m 2021-06-10 13:38:00,026 meanfield_dca get_reg_single_site_freqs 
	Regularizing single site frequencies
[0;32mINFO[0;0m 2021-06-10 13:38:00,180 meanfield_dca get_pair_site_freqs 
	Computing pair site frequencies
[0;32mINFO[0;0m 2021-06-10 13:38:04,607 meanfield_dca get_reg_pair_site_freqs 
	Regularizing pair site frequencies
[0;32mINFO[0;0m 2021-06-10 13:38:04,854 meanfield_dca construct_corr_mat 
	Constructing the correlation matrix
[0;32mINFO[0;0m 2021-06-10 13:38:05,251 meanfield_dca compute_couplings 
	Computing couplings
[0;32mINFO[0;0m 2021-06-10 13:38:06,629 meanfield_dca compute_couplings 
	Maximum and minimum couplings: 5.162268258631287, -20.000000000000014
[0;32mINFO[0;0m 2021-06-10 13:38:06,629 meanfield_dca compute_sorted_FN 
	Computing Frobenius norm of couplings
[0;32mINFO[0;0m 2021-06-10 13:38:06,797 meanfield_dca compute_sorted_FN_APC 
	Performing average product correction (APC) to Frobenius norm of couplings.
[0;32mINFO[0;0m 2021-06-10 13:38:06,813 dca_utilities write_sorted_dca_scores 
	Writing DCA scores to file MFDCA_output_PKB260/MFDCA_apc_fn_scores_PKB260.txt
[0;32mINFO[0;0m 2021-06-10 13:38:06,821 mfdca_main run_meanfield_dca 
	DONE
