[0;32mINFO[0;0m 2021-05-22 19:47:24,313 plmdca __init__ Created plmDCA instance with:
            biomolecule: RNA
            MSA sequence length: 70
            total number of (unweighted) sequences: 2704
            sequence identity: 0.8
            lambda_h: 13.8
            lambda_J: 13.8
            gradient decent iterations: 500
            number of threads: 40
        
[0;32mINFO[0;0m 2021-05-22 19:47:24,313 plmdca get_fields_and_couplings_from_backend 
	Computing fields and couplings using gradient decent
Iteration 1:
fx = 43138.878906, xnorm = 31.219219, gnorm = 2450.220703, step = 0.000122

Iteration 2:
fx = 42308.097656, xnorm = 31.008657, gnorm = 3115.664551, step = 1.000000

Iteration 3:
fx = 40236.425781, xnorm = 30.359022, gnorm = 4880.296875, step = 1.000000

Iteration 4:
fx = 36065.218750, xnorm = 29.192455, gnorm = 5667.437012, step = 1.000000

Iteration 5:
fx = 32229.082031, xnorm = 28.401802, gnorm = 5656.050781, step = 1.000000

Iteration 6:
fx = 29156.419922, xnorm = 28.432482, gnorm = 3043.180176, step = 1.000000

Iteration 7:
fx = 28094.847656, xnorm = 28.335306, gnorm = 1643.837769, step = 1.000000

Iteration 8:
fx = 27396.796875, xnorm = 28.151768, gnorm = 1138.364380, step = 1.000000

Iteration 9:
fx = 26676.222656, xnorm = 27.807289, gnorm = 1489.963745, step = 1.000000

Iteration 10:
fx = 25672.023438, xnorm = 27.059612, gnorm = 2339.460449, step = 1.000000

Iteration 11:
fx = 24363.240234, xnorm = 26.519154, gnorm = 2057.044434, step = 1.000000

Iteration 12:
fx = 24047.435547, xnorm = 25.945501, gnorm = 3896.274902, step = 1.000000

Iteration 13:
fx = 22267.355469, xnorm = 25.529081, gnorm = 1208.295044, step = 1.000000

Iteration 14:
fx = 21806.449219, xnorm = 24.941336, gnorm = 1148.972900, step = 1.000000

Iteration 15:
fx = 21136.908203, xnorm = 23.682339, gnorm = 1450.457031, step = 1.000000

Iteration 16:
fx = 20348.714844, xnorm = 22.180004, gnorm = 1931.282959, step = 1.000000

Iteration 17:
fx = 19777.783203, xnorm = 21.314825, gnorm = 1836.213013, step = 1.000000

Iteration 18:
fx = 19378.560547, xnorm = 21.219995, gnorm = 1301.383789, step = 1.000000

Iteration 19:
fx = 19124.791016, xnorm = 20.799744, gnorm = 1013.047363, step = 1.000000

Iteration 20:
fx = 18797.056641, xnorm = 19.905151, gnorm = 1201.995239, step = 1.000000

Iteration 21:
fx = 18524.201172, xnorm = 19.088606, gnorm = 1134.353027, step = 1.000000

Iteration 22:
fx = 18294.582031, xnorm = 18.677057, gnorm = 730.052551, step = 1.000000

Iteration 23:
fx = 18146.652344, xnorm = 18.427711, gnorm = 681.990967, step = 1.000000

Iteration 24:
fx = 18022.015625, xnorm = 18.234142, gnorm = 752.585449, step = 1.000000

Iteration 25:
fx = 17939.419922, xnorm = 18.047684, gnorm = 864.009155, step = 1.000000

Iteration 26:
fx = 17850.441406, xnorm = 18.122520, gnorm = 402.770508, step = 1.000000

Iteration 27:
fx = 17813.187500, xnorm = 18.125746, gnorm = 342.138641, step = 1.000000

Iteration 28:
fx = 17769.832031, xnorm = 18.062214, gnorm = 387.851318, step = 1.000000

Iteration 29:
fx = 17756.533203, xnorm = 17.938681, gnorm = 682.555237, step = 1.000000

Iteration 30:
fx = 17707.888672, xnorm = 17.886213, gnorm = 335.605164, step = 1.000000

Iteration 31:
fx = 17682.064453, xnorm = 17.819830, gnorm = 299.863342, step = 1.000000

Iteration 32:
fx = 17650.283203, xnorm = 17.682995, gnorm = 334.258331, step = 1.000000

Iteration 33:
fx = 17647.029297, xnorm = 17.509783, gnorm = 675.927124, step = 1.000000

Iteration 34:
fx = 17608.937500, xnorm = 17.488953, gnorm = 255.004852, step = 1.000000

Iteration 35:
fx = 17596.857422, xnorm = 17.464035, gnorm = 187.070267, step = 1.000000

Iteration 36:
fx = 17584.978516, xnorm = 17.407068, gnorm = 216.214935, step = 1.000000

Iteration 37:
fx = 17569.783203, xnorm = 17.297705, gnorm = 438.998596, step = 1.000000

Iteration 38:
fx = 17544.822266, xnorm = 17.201982, gnorm = 255.617920, step = 1.000000

Iteration 39:
fx = 17533.505859, xnorm = 17.192278, gnorm = 180.156845, step = 1.000000

Iteration 40:
fx = 17517.093750, xnorm = 17.158333, gnorm = 187.295059, step = 1.000000

Iteration 41:
fx = 17506.583984, xnorm = 17.114721, gnorm = 249.416611, step = 1.000000

Iteration 42:
fx = 17494.662109, xnorm = 17.085121, gnorm = 150.048859, step = 1.000000

Iteration 43:
fx = 17487.933594, xnorm = 17.072247, gnorm = 160.695709, step = 1.000000

Iteration 44:
fx = 17483.839844, xnorm = 17.068888, gnorm = 149.897705, step = 1.000000

Iteration 45:
fx = 17480.396484, xnorm = 17.073509, gnorm = 107.985863, step = 1.000000

Iteration 46:
fx = 17474.681641, xnorm = 17.085276, gnorm = 90.394958, step = 1.000000

Iteration 47:
fx = 17472.386719, xnorm = 17.095064, gnorm = 185.803253, step = 1.000000

Iteration 48:
fx = 17469.894531, xnorm = 17.098213, gnorm = 84.940628, step = 1.000000

Iteration 49:
fx = 17468.666016, xnorm = 17.101397, gnorm = 65.681198, step = 1.000000

Iteration 50:
fx = 17467.554688, xnorm = 17.106611, gnorm = 68.179077, step = 1.000000

Iteration 51:
fx = 17466.191406, xnorm = 17.120911, gnorm = 90.753929, step = 1.000000

Iteration 52:
fx = 17465.343750, xnorm = 17.129225, gnorm = 73.389702, step = 0.355648

Iteration 53:
fx = 17464.419922, xnorm = 17.143412, gnorm = 55.321712, step = 1.000000

Iteration 54:
fx = 17464.236328, xnorm = 17.148087, gnorm = 48.484409, step = 0.312524

Iteration 55:
fx = 17463.832031, xnorm = 17.167929, gnorm = 43.505173, step = 1.000000

Iteration 56:
fx = 17463.808594, xnorm = 17.170235, gnorm = 38.436409, step = 0.152970

Iteration 57:
fx = 17463.730469, xnorm = 17.173265, gnorm = 33.417362, step = 0.285843

Iteration 58:
fx = 17463.667969, xnorm = 17.188372, gnorm = 56.717636, step = 1.000000

Iteration 59:
fx = 17463.667969, xnorm = 17.189421, gnorm = 43.197186, step = 0.098408

Iteration 60:
fx = 17463.642578, xnorm = 17.189983, gnorm = 34.654465, step = 0.219100

Iteration 61:
fx = 17463.609375, xnorm = 17.190666, gnorm = 27.265974, step = 0.201413

Iteration 62:
fx = 17463.607422, xnorm = 17.191484, gnorm = 22.054298, step = 0.184649

Iteration 63:
fx = 17463.601562, xnorm = 17.192574, gnorm = 18.458424, step = 0.206630

Iteration 64:
fx = 17463.601562, xnorm = 17.193729, gnorm = 17.314236, step = 0.190554

Iteration 65:
fx = 17463.541016, xnorm = 17.195780, gnorm = 15.529429, step = 0.274208

L-BFGS optimization terminated with status code = -1001
fx = 17463.541016
[0;32mINFO[0;0m 2021-05-22 19:47:27,253 plmdca get_fields_and_couplings_from_backend 
	Data size expected from plmDCA backend: 60725
[0;32mINFO[0;0m 2021-05-22 19:47:27,254 plmdca get_fields_and_couplings_from_backend 
	Data size obtained from plmDCA backend to Python: 60725
[0;32mINFO[0;0m 2021-05-22 19:47:27,354 plmdca compute_sorted_FN 
	Computing non-APC sorted DCA score
[0;32mINFO[0;0m 2021-05-22 19:47:27,504 plmdca compute_sorted_FN_APC 
	Performing average product correction (APC) of FN  of DCA scores
[0;32mINFO[0;0m 2021-05-22 19:47:27,545 dca_utilities write_sorted_dca_scores 
	Writing DCA scores to file PLMDCA_output_3ivn_A/PLMDCA_apc_fn_scores_3ivn_A.txt
