[0;32mINFO[0;0m 2021-09-18 15:14:11,973 fasta_reader get_alignment_int_form 
	Found 2 non-standard residues in 2 sequences
[0;32mINFO[0;0m 2021-09-18 15:14:11,973 fasta_reader get_alignment_int_form 
	Total number of sequences read from file: 38
[0;32mINFO[0;0m 2021-09-18 15:14:11,973 meanfield_dca compute_sequences_weight 
	Computing sequences weights
[0;32mINFO[0;0m 2021-09-18 15:14:12,841 meanfield_dca __init__ 
	Created a MeanFieldDCA object with the following attributes
        	biomolecule: RNA
        	total states at sites: 5
        	pseudocount: 0.5
        	sequence identity: 0.8
        	alignment length: 41
        	total number of unique sequences (excluding redundant sequences with 100 percent similarity): 37
        	effective number of sequences (with sequence identity 0.8): 7.058586815760728
        
[0;32mINFO[0;0m 2021-09-18 15:14:12,841 meanfield_dca get_single_site_freqs 
	Computing single site frequencies
[0;32mINFO[0;0m 2021-09-18 15:14:13,209 meanfield_dca get_reg_single_site_freqs 
	Regularizing single site frequencies
[0;32mINFO[0;0m 2021-09-18 15:14:13,332 meanfield_dca get_pair_site_freqs 
	Computing pair site frequencies
[0;32mINFO[0;0m 2021-09-18 15:14:16,541 meanfield_dca get_reg_pair_site_freqs 
	Regularizing pair site frequencies
[0;32mINFO[0;0m 2021-09-18 15:14:16,741 meanfield_dca construct_corr_mat 
	Constructing the correlation matrix
[0;32mINFO[0;0m 2021-09-18 15:14:17,056 meanfield_dca compute_couplings 
	Computing couplings
[0;32mINFO[0;0m 2021-09-18 15:14:17,534 meanfield_dca compute_couplings 
	Maximum and minimum couplings: 3.4908377006830396, -20.000000000000014
[0;32mINFO[0;0m 2021-09-18 15:14:17,534 meanfield_dca compute_sorted_FN 
	Computing Frobenius norm of couplings
[0;32mINFO[0;0m 2021-09-18 15:14:17,625 meanfield_dca compute_sorted_FN_APC 
	Performing average product correction (APC) to Frobenius norm of couplings.
[0;32mINFO[0;0m 2021-09-18 15:14:17,633 dca_utilities write_sorted_dca_scores 
	Writing DCA scores to file MFDCA_output_PKB240/MFDCA_apc_fn_scores_PKB240.txt
[0;32mINFO[0;0m 2021-09-18 15:14:17,638 mfdca_main run_meanfield_dca 
	DONE
