[0;32mINFO[0;0m 2021-09-18 15:19:08,026 fasta_reader get_alignment_int_form 
	Found 7 non-standard residues in 4 sequences
[0;32mINFO[0;0m 2021-09-18 15:19:08,026 fasta_reader get_alignment_int_form 
	Total number of sequences read from file: 1390
[0;32mINFO[0;0m 2021-09-18 15:19:08,026 meanfield_dca compute_sequences_weight 
	Computing sequences weights
[0;32mINFO[0;0m 2021-09-18 15:19:08,906 meanfield_dca __init__ 
	Created a MeanFieldDCA object with the following attributes
        	biomolecule: RNA
        	total states at sites: 5
        	pseudocount: 0.5
        	sequence identity: 0.8
        	alignment length: 130
        	total number of unique sequences (excluding redundant sequences with 100 percent similarity): 1389
        	effective number of sequences (with sequence identity 0.8): 22.59396511255763
        
[0;32mINFO[0;0m 2021-09-18 15:19:08,906 meanfield_dca get_single_site_freqs 
	Computing single site frequencies
[0;32mINFO[0;0m 2021-09-18 15:19:09,281 meanfield_dca get_reg_single_site_freqs 
	Regularizing single site frequencies
[0;32mINFO[0;0m 2021-09-18 15:19:09,453 meanfield_dca get_pair_site_freqs 
	Computing pair site frequencies
[0;32mINFO[0;0m 2021-09-18 15:19:12,722 meanfield_dca get_reg_pair_site_freqs 
	Regularizing pair site frequencies
[0;32mINFO[0;0m 2021-09-18 15:19:12,978 meanfield_dca construct_corr_mat 
	Constructing the correlation matrix
[0;32mINFO[0;0m 2021-09-18 15:19:13,242 meanfield_dca compute_couplings 
	Computing couplings
[0;32mINFO[0;0m 2021-09-18 15:19:13,941 meanfield_dca compute_couplings 
	Maximum and minimum couplings: 2.8910954027005866, -19.839197834084125
[0;32mINFO[0;0m 2021-09-18 15:19:13,942 meanfield_dca compute_sorted_FN 
	Computing Frobenius norm of couplings
[0;32mINFO[0;0m 2021-09-18 15:19:14,416 meanfield_dca compute_sorted_FN_APC 
	Performing average product correction (APC) to Frobenius norm of couplings.
[0;32mINFO[0;0m 2021-09-18 15:19:14,500 dca_utilities write_sorted_dca_scores 
	Writing DCA scores to file MFDCA_output_PKB312/MFDCA_apc_fn_scores_PKB312.txt
[0;32mINFO[0;0m 2021-09-18 15:19:14,519 mfdca_main run_meanfield_dca 
	DONE
