[0;32mINFO[0;0m 2021-08-19 10:53:44,919 fasta_reader get_alignment_int_form 
	Total number of sequences read from file: 469
[0;32mINFO[0;0m 2021-08-19 10:53:44,920 meanfield_dca compute_sequences_weight 
	Computing sequences weights
[0;32mINFO[0;0m 2021-08-19 10:53:45,780 meanfield_dca __init__ 
	Created a MeanFieldDCA object with the following attributes
        	biomolecule: RNA
        	total states at sites: 5
        	pseudocount: 0.5
        	sequence identity: 0.8
        	alignment length: 59
        	total number of unique sequences (excluding redundant sequences with 100 percent similarity): 469
        	effective number of sequences (with sequence identity 0.8): 242.01692748125566
        
[0;32mINFO[0;0m 2021-08-19 10:53:45,780 meanfield_dca get_single_site_freqs 
	Computing single site frequencies
[0;32mINFO[0;0m 2021-08-19 10:53:46,144 meanfield_dca get_reg_single_site_freqs 
	Regularizing single site frequencies
[0;32mINFO[0;0m 2021-08-19 10:53:46,268 meanfield_dca get_pair_site_freqs 
	Computing pair site frequencies
[0;32mINFO[0;0m 2021-08-19 10:53:49,476 meanfield_dca get_reg_pair_site_freqs 
	Regularizing pair site frequencies
[0;32mINFO[0;0m 2021-08-19 10:53:49,677 meanfield_dca construct_corr_mat 
	Constructing the correlation matrix
[0;32mINFO[0;0m 2021-08-19 10:53:49,989 meanfield_dca compute_couplings 
	Computing couplings
[0;32mINFO[0;0m 2021-08-19 10:53:50,520 meanfield_dca compute_couplings 
	Maximum and minimum couplings: 2.8422798260102233, -20.00000000000004
[0;32mINFO[0;0m 2021-08-19 10:53:50,520 meanfield_dca compute_sorted_FN 
	Computing Frobenius norm of couplings
[0;32mINFO[0;0m 2021-08-19 10:53:50,648 meanfield_dca compute_sorted_FN_APC 
	Performing average product correction (APC) to Frobenius norm of couplings.
[0;32mINFO[0;0m 2021-08-19 10:53:50,656 dca_utilities write_sorted_dca_scores 
	Writing DCA scores to file MFDCA_output_6aay_B/MFDCA_apc_fn_scores_6aay_B.txt
[0;32mINFO[0;0m 2021-08-19 10:53:50,660 mfdca_main run_meanfield_dca 
	DONE
