[0;32mINFO[0;0m 2021-06-10 14:34:26,781 fasta_reader get_alignment_int_form 
	Total number of sequences read from file: 27
[0;32mINFO[0;0m 2021-06-10 14:34:26,781 meanfield_dca compute_sequences_weight 
	Computing sequences weights
[0;32mINFO[0;0m 2021-06-10 14:34:27,757 meanfield_dca __init__ 
	Created a MeanFieldDCA object with the following attributes
        	biomolecule: RNA
        	total states at sites: 5
        	pseudocount: 0.5
        	sequence identity: 0.8
        	alignment length: 33
        	total number of unique sequences (excluding redundant sequences with 100 percent similarity): 26
        	effective number of sequences (with sequence identity 0.8): 10.501190476190477
        
[0;32mINFO[0;0m 2021-06-10 14:34:27,758 meanfield_dca get_single_site_freqs 
	Computing single site frequencies
[0;32mINFO[0;0m 2021-06-10 14:34:28,186 meanfield_dca get_reg_single_site_freqs 
	Regularizing single site frequencies
[0;32mINFO[0;0m 2021-06-10 14:34:28,332 meanfield_dca get_pair_site_freqs 
	Computing pair site frequencies
[0;32mINFO[0;0m 2021-06-10 14:34:31,873 meanfield_dca get_reg_pair_site_freqs 
	Regularizing pair site frequencies
[0;32mINFO[0;0m 2021-06-10 14:34:32,098 meanfield_dca construct_corr_mat 
	Constructing the correlation matrix
[0;32mINFO[0;0m 2021-06-10 14:34:32,446 meanfield_dca compute_couplings 
	Computing couplings
[0;32mINFO[0;0m 2021-06-10 14:34:33,019 meanfield_dca compute_couplings 
	Maximum and minimum couplings: 4.477496634408692, -20.000000000000007
[0;32mINFO[0;0m 2021-06-10 14:34:33,020 meanfield_dca compute_sorted_FN 
	Computing Frobenius norm of couplings
[0;32mINFO[0;0m 2021-06-10 14:34:33,075 meanfield_dca compute_sorted_FN_APC 
	Performing average product correction (APC) to Frobenius norm of couplings.
[0;32mINFO[0;0m 2021-06-10 14:34:33,082 dca_utilities write_sorted_dca_scores 
	Writing DCA scores to file MFDCA_output_PKB153/MFDCA_apc_fn_scores_PKB153.txt
[0;32mINFO[0;0m 2021-06-10 14:34:33,086 mfdca_main run_meanfield_dca 
	DONE
