[0;32mINFO[0;0m 2021-08-03 01:08:53,939 fasta_reader get_alignment_int_form 
	Found 165 non-standard residues in 10 sequences
[0;32mINFO[0;0m 2021-08-03 01:08:53,940 fasta_reader get_alignment_int_form 
	Total number of sequences read from file: 11
[0;32mINFO[0;0m 2021-08-03 01:08:53,940 meanfield_dca compute_sequences_weight 
	Computing sequences weights
[0;32mINFO[0;0m 2021-08-03 01:08:55,404 meanfield_dca __init__ 
	Created a MeanFieldDCA object with the following attributes
        	biomolecule: RNA
        	total states at sites: 5
        	pseudocount: 0.5
        	sequence identity: 0.8
        	alignment length: 74
        	total number of unique sequences (excluding redundant sequences with 100 percent similarity): 11
        	effective number of sequences (with sequence identity 0.8): 2.0000000000000004
        
[0;32mINFO[0;0m 2021-08-03 01:08:55,404 meanfield_dca get_single_site_freqs 
	Computing single site frequencies
[0;32mINFO[0;0m 2021-08-03 01:08:56,104 meanfield_dca get_reg_single_site_freqs 
	Regularizing single site frequencies
[0;32mINFO[0;0m 2021-08-03 01:08:56,326 meanfield_dca get_pair_site_freqs 
	Computing pair site frequencies
[0;32mINFO[0;0m 2021-08-03 01:09:01,950 meanfield_dca get_reg_pair_site_freqs 
	Regularizing pair site frequencies
[0;32mINFO[0;0m 2021-08-03 01:09:02,375 meanfield_dca construct_corr_mat 
	Constructing the correlation matrix
[0;32mINFO[0;0m 2021-08-03 01:09:02,964 meanfield_dca compute_couplings 
	Computing couplings
[0;32mINFO[0;0m 2021-08-03 01:09:04,816 meanfield_dca compute_couplings 
	Maximum and minimum couplings: 2.751912901161576, -20.000000000000007
[0;32mINFO[0;0m 2021-08-03 01:09:04,816 meanfield_dca compute_sorted_FN 
	Computing Frobenius norm of couplings
[0;32mINFO[0;0m 2021-08-03 01:09:05,035 meanfield_dca compute_sorted_FN_APC 
	Performing average product correction (APC) to Frobenius norm of couplings.
[0;32mINFO[0;0m 2021-08-03 01:09:05,061 dca_utilities write_sorted_dca_scores 
	Writing DCA scores to file MFDCA_output_2d6f_E/MFDCA_apc_fn_scores_2d6f_E.txt
[0;32mINFO[0;0m 2021-08-03 01:09:05,071 mfdca_main run_meanfield_dca 
	DONE
