[0;32mINFO[0;0m 2021-08-03 01:58:35,484 plmdca __init__ Created plmDCA instance with:
            biomolecule: RNA
            MSA sequence length: 77
            total number of (unweighted) sequences: 382
            sequence identity: 0.8
            lambda_h: 15.200000000000001
            lambda_J: 15.200000000000001
            gradient decent iterations: 500
            number of threads: 40
        
[0;32mINFO[0;0m 2021-08-03 01:58:35,485 plmdca get_fields_and_couplings_from_backend 
	Computing fields and couplings using gradient decent
Iteration 1:
fx = 1784.136108, xnorm = 10.084293, gnorm = 312.217590, step = 0.002884

Iteration 2:
fx = 783.807434, xnorm = 3.124771, gnorm = 295.325165, step = 1.000000

Iteration 3:
fx = 344.704987, xnorm = 3.467250, gnorm = 128.629166, step = 1.000000

Iteration 4:
fx = 224.611374, xnorm = 2.431489, gnorm = 34.259197, step = 1.000000

Iteration 5:
fx = 221.455002, xnorm = 2.098778, gnorm = 21.139956, step = 1.000000

Iteration 6:
fx = 218.226562, xnorm = 2.182441, gnorm = 3.711852, step = 1.000000

Iteration 7:
fx = 218.178955, xnorm = 2.171426, gnorm = 1.991201, step = 1.000000

Iteration 8:
fx = 218.158646, xnorm = 2.162285, gnorm = 0.720325, step = 1.000000

L-BFGS optimization terminated with status code = -1001
fx = 218.158554
[0;32mINFO[0;0m 2021-08-03 01:58:35,588 plmdca get_fields_and_couplings_from_backend 
	Data size expected from plmDCA backend: 73535
[0;32mINFO[0;0m 2021-08-03 01:58:35,588 plmdca get_fields_and_couplings_from_backend 
	Data size obtained from plmDCA backend to Python: 73535
[0;32mINFO[0;0m 2021-08-03 01:58:35,636 plmdca compute_sorted_FN 
	Computing non-APC sorted DCA score
[0;32mINFO[0;0m 2021-08-03 01:58:35,760 plmdca compute_sorted_FN_APC 
	Performing average product correction (APC) of FN  of DCA scores
[0;32mINFO[0;0m 2021-08-03 01:58:35,783 dca_utilities write_sorted_dca_scores 
	Writing DCA scores to file PLMDCA_output_5b63_B/PLMDCA_apc_fn_scores_5b63_B.txt
