[0;32mINFO[0;0m 2021-08-03 01:50:09,842 fasta_reader get_alignment_int_form 
	Found 23 non-standard residues in 1 sequences
[0;32mINFO[0;0m 2021-08-03 01:50:09,842 fasta_reader get_alignment_int_form 
	Total number of sequences read from file: 2
[0;32mINFO[0;0m 2021-08-03 01:50:09,842 meanfield_dca compute_sequences_weight 
	Computing sequences weights
[0;32mINFO[0;0m 2021-08-03 01:50:11,687 meanfield_dca __init__ 
	Created a MeanFieldDCA object with the following attributes
        	biomolecule: RNA
        	total states at sites: 5
        	pseudocount: 0.5
        	sequence identity: 0.8
        	alignment length: 102
        	total number of unique sequences (excluding redundant sequences with 100 percent similarity): 2
        	effective number of sequences (with sequence identity 0.8): 2.0
        
[0;32mINFO[0;0m 2021-08-03 01:50:11,688 meanfield_dca get_single_site_freqs 
	Computing single site frequencies
[0;32mINFO[0;0m 2021-08-03 01:50:12,491 meanfield_dca get_reg_single_site_freqs 
	Regularizing single site frequencies
[0;32mINFO[0;0m 2021-08-03 01:50:12,768 meanfield_dca get_pair_site_freqs 
	Computing pair site frequencies
[0;32mINFO[0;0m 2021-08-03 01:50:19,614 meanfield_dca get_reg_pair_site_freqs 
	Regularizing pair site frequencies
[0;32mINFO[0;0m 2021-08-03 01:50:20,059 meanfield_dca construct_corr_mat 
	Constructing the correlation matrix
[0;32mINFO[0;0m 2021-08-03 01:50:20,734 meanfield_dca compute_couplings 
	Computing couplings
[0;32mINFO[0;0m 2021-08-03 01:50:23,541 meanfield_dca compute_couplings 
	Maximum and minimum couplings: 0.6578947368421322, -20.00000000000002
[0;32mINFO[0;0m 2021-08-03 01:50:23,541 meanfield_dca compute_sorted_FN 
	Computing Frobenius norm of couplings
[0;32mINFO[0;0m 2021-08-03 01:50:24,010 meanfield_dca compute_sorted_FN_APC 
	Performing average product correction (APC) to Frobenius norm of couplings.
[0;32mINFO[0;0m 2021-08-03 01:50:24,086 dca_utilities write_sorted_dca_scores 
	Writing DCA scores to file MFDCA_output_4lck_C/MFDCA_apc_fn_scores_4lck_C.txt
[0;32mINFO[0;0m 2021-08-03 01:50:24,109 mfdca_main run_meanfield_dca 
	DONE
