[0;32mINFO[0;0m 2021-06-10 13:31:12,895 fasta_reader get_alignment_int_form 
	Total number of sequences read from file: 10
[0;32mINFO[0;0m 2021-06-10 13:31:12,895 meanfield_dca compute_sequences_weight 
	Computing sequences weights
[0;32mINFO[0;0m 2021-06-10 13:31:14,057 meanfield_dca __init__ 
	Created a MeanFieldDCA object with the following attributes
        	biomolecule: RNA
        	total states at sites: 5
        	pseudocount: 0.5
        	sequence identity: 0.8
        	alignment length: 81
        	total number of unique sequences (excluding redundant sequences with 100 percent similarity): 10
        	effective number of sequences (with sequence identity 0.8): 7.0
        
[0;32mINFO[0;0m 2021-06-10 13:31:14,057 meanfield_dca get_single_site_freqs 
	Computing single site frequencies
[0;32mINFO[0;0m 2021-06-10 13:31:14,505 meanfield_dca get_reg_single_site_freqs 
	Regularizing single site frequencies
[0;32mINFO[0;0m 2021-06-10 13:31:14,662 meanfield_dca get_pair_site_freqs 
	Computing pair site frequencies
[0;32mINFO[0;0m 2021-06-10 13:31:18,578 meanfield_dca get_reg_pair_site_freqs 
	Regularizing pair site frequencies
[0;32mINFO[0;0m 2021-06-10 13:31:18,925 meanfield_dca construct_corr_mat 
	Constructing the correlation matrix
[0;32mINFO[0;0m 2021-06-10 13:31:19,344 meanfield_dca compute_couplings 
	Computing couplings
[0;32mINFO[0;0m 2021-06-10 13:31:21,478 meanfield_dca compute_couplings 
	Maximum and minimum couplings: 1.9489673191536376, -20.00000000000002
[0;32mINFO[0;0m 2021-06-10 13:31:21,478 meanfield_dca compute_sorted_FN 
	Computing Frobenius norm of couplings
[0;32mINFO[0;0m 2021-06-10 13:31:21,717 meanfield_dca compute_sorted_FN_APC 
	Performing average product correction (APC) to Frobenius norm of couplings.
[0;32mINFO[0;0m 2021-06-10 13:31:21,742 dca_utilities write_sorted_dca_scores 
	Writing DCA scores to file MFDCA_output_PKB214/MFDCA_apc_fn_scores_PKB214.txt
[0;32mINFO[0;0m 2021-06-10 13:31:21,751 mfdca_main run_meanfield_dca 
	DONE
