[0;32mINFO[0;0m 2021-06-10 15:01:26,853 plmdca __init__ Created plmDCA instance with:
            biomolecule: RNA
            MSA sequence length: 32
            total number of (unweighted) sequences: 5
            sequence identity: 0.8
            lambda_h: 6.2
            lambda_J: 6.2
            gradient decent iterations: 500
            number of threads: 40
        
[0;32mINFO[0;0m 2021-06-10 15:01:26,853 plmdca get_fields_and_couplings_from_backend 
	Computing fields and couplings using gradient decent
Iteration 1:
fx = 63.348095, xnorm = 2.659356, gnorm = 31.622950, step = 0.021101

Iteration 2:
fx = 23.897224, xnorm = 1.074351, gnorm = 3.371815, step = 1.000000

Iteration 3:
fx = 23.219887, xnorm = 1.209183, gnorm = 1.509388, step = 1.000000

L-BFGS optimization terminated with status code = -1001
fx = 23.219824
[0;32mINFO[0;0m 2021-06-10 15:01:26,914 plmdca get_fields_and_couplings_from_backend 
	Data size expected from plmDCA backend: 12560
[0;32mINFO[0;0m 2021-06-10 15:01:26,914 plmdca get_fields_and_couplings_from_backend 
	Data size obtained from plmDCA backend to Python: 12560
[0;32mINFO[0;0m 2021-06-10 15:01:26,925 plmdca compute_sorted_FN 
	Computing non-APC sorted DCA score
[0;32mINFO[0;0m 2021-06-10 15:01:26,957 plmdca compute_sorted_FN_APC 
	Performing average product correction (APC) of FN  of DCA scores
[0;32mINFO[0;0m 2021-06-10 15:01:26,964 dca_utilities write_sorted_dca_scores 
	Writing DCA scores to file PLMDCA_output_PKB151/PLMDCA_apc_fn_scores_PKB151.txt
