[0;32mINFO[0;0m 2021-05-22 19:51:54,037 plmdca __init__ Created plmDCA instance with:
            biomolecule: RNA
            MSA sequence length: 124
            total number of (unweighted) sequences: 21064
            sequence identity: 0.8
            lambda_h: 24.6
            lambda_J: 24.6
            gradient decent iterations: 500
            number of threads: 40
        
[0;32mINFO[0;0m 2021-05-22 19:51:54,037 plmdca get_fields_and_couplings_from_backend 
	Computing fields and couplings using gradient decent
Iteration 1:
fx = 126581.132812, xnorm = 34.237595, gnorm = 14690.099609, step = 0.000095

Iteration 2:
fx = 121543.421875, xnorm = 34.180130, gnorm = 7842.961426, step = 1.000000

Iteration 3:
fx = 115927.375000, xnorm = 33.946388, gnorm = 7138.110352, step = 1.000000

Iteration 4:
fx = 105901.156250, xnorm = 33.420963, gnorm = 8548.342773, step = 1.000000

Iteration 5:
fx = 96712.507812, xnorm = 32.864769, gnorm = 10660.317383, step = 1.000000

Iteration 6:
fx = 91408.046875, xnorm = 32.839245, gnorm = 9985.153320, step = 1.000000

Iteration 7:
fx = 86939.750000, xnorm = 32.841534, gnorm = 6342.500977, step = 1.000000

Iteration 8:
fx = 82750.492188, xnorm = 32.766788, gnorm = 4821.450195, step = 1.000000

Iteration 9:
fx = 79690.468750, xnorm = 32.650517, gnorm = 4913.774414, step = 1.000000

Iteration 10:
fx = 75767.593750, xnorm = 32.521965, gnorm = 5895.738281, step = 1.000000

Iteration 11:
fx = 71767.320312, xnorm = 32.801445, gnorm = 5257.150391, step = 1.000000

Iteration 12:
fx = 68754.781250, xnorm = 32.993507, gnorm = 3552.767090, step = 1.000000

Iteration 13:
fx = 66992.984375, xnorm = 32.918182, gnorm = 2636.770020, step = 1.000000

Iteration 14:
fx = 65359.691406, xnorm = 32.513771, gnorm = 2960.272705, step = 1.000000

Iteration 15:
fx = 63999.472656, xnorm = 31.453470, gnorm = 5215.871094, step = 1.000000

Iteration 16:
fx = 61781.738281, xnorm = 30.747551, gnorm = 3501.164062, step = 1.000000

Iteration 17:
fx = 59628.164062, xnorm = 29.205240, gnorm = 4932.694336, step = 1.000000

Iteration 18:
fx = 57911.359375, xnorm = 28.439220, gnorm = 3451.604980, step = 1.000000

Iteration 19:
fx = 56349.464844, xnorm = 27.427032, gnorm = 2260.036865, step = 1.000000

Iteration 20:
fx = 55772.207031, xnorm = 26.528580, gnorm = 3636.655518, step = 1.000000

Iteration 21:
fx = 55039.402344, xnorm = 26.478725, gnorm = 2340.407959, step = 1.000000

Iteration 22:
fx = 54474.832031, xnorm = 26.163382, gnorm = 2431.616699, step = 1.000000

Iteration 23:
fx = 53934.882812, xnorm = 25.753632, gnorm = 2214.976562, step = 1.000000

Iteration 24:
fx = 53315.554688, xnorm = 24.987385, gnorm = 2957.258301, step = 1.000000

Iteration 25:
fx = 52733.691406, xnorm = 24.551329, gnorm = 2424.172852, step = 1.000000

Iteration 26:
fx = 52323.289062, xnorm = 24.488882, gnorm = 1765.683350, step = 1.000000

Iteration 27:
fx = 51901.730469, xnorm = 24.230309, gnorm = 1992.771118, step = 1.000000

Iteration 28:
fx = 51711.082031, xnorm = 23.927614, gnorm = 2430.304443, step = 1.000000

Iteration 29:
fx = 51433.445312, xnorm = 23.856340, gnorm = 1670.730347, step = 1.000000

Iteration 30:
fx = 51042.628906, xnorm = 23.516352, gnorm = 1334.397461, step = 1.000000

Iteration 31:
fx = 50873.625000, xnorm = 23.326370, gnorm = 1253.937866, step = 1.000000

Iteration 32:
fx = 50641.968750, xnorm = 23.052906, gnorm = 1325.724243, step = 1.000000

Iteration 33:
fx = 50528.734375, xnorm = 22.908564, gnorm = 2425.784180, step = 1.000000

Iteration 34:
fx = 50291.199219, xnorm = 22.924210, gnorm = 1248.873535, step = 1.000000

Iteration 35:
fx = 50119.886719, xnorm = 22.918484, gnorm = 963.298950, step = 1.000000

Iteration 36:
fx = 49996.941406, xnorm = 22.884171, gnorm = 965.385498, step = 1.000000

Iteration 37:
fx = 49903.019531, xnorm = 22.780228, gnorm = 2163.237793, step = 1.000000

Iteration 38:
fx = 49737.664062, xnorm = 22.762980, gnorm = 1073.614868, step = 1.000000

Iteration 39:
fx = 49683.914062, xnorm = 22.764513, gnorm = 591.316956, step = 1.000000

Iteration 40:
fx = 49636.847656, xnorm = 22.756052, gnorm = 491.642853, step = 1.000000

Iteration 41:
fx = 49575.582031, xnorm = 22.741667, gnorm = 626.592163, step = 1.000000

Iteration 42:
fx = 49549.167969, xnorm = 22.737600, gnorm = 809.719299, step = 0.301895

Iteration 43:
fx = 49489.882812, xnorm = 22.742054, gnorm = 631.639160, step = 1.000000

Iteration 44:
fx = 49457.722656, xnorm = 22.772709, gnorm = 1066.627197, step = 1.000000

Iteration 45:
fx = 49412.605469, xnorm = 22.788729, gnorm = 450.327820, step = 1.000000

Iteration 46:
fx = 49400.707031, xnorm = 22.781334, gnorm = 302.789001, step = 1.000000

Iteration 47:
fx = 49385.886719, xnorm = 22.782619, gnorm = 272.573669, step = 1.000000

Iteration 48:
fx = 49376.437500, xnorm = 22.790894, gnorm = 408.843170, step = 1.000000

Iteration 49:
fx = 49366.644531, xnorm = 22.801275, gnorm = 268.099396, step = 1.000000

Iteration 50:
fx = 49355.484375, xnorm = 22.824293, gnorm = 270.640076, step = 1.000000

Iteration 51:
fx = 49352.132812, xnorm = 22.829655, gnorm = 235.230301, step = 0.328598

Iteration 52:
fx = 49347.535156, xnorm = 22.839083, gnorm = 212.021866, step = 1.000000

Iteration 53:
fx = 49340.308594, xnorm = 22.848148, gnorm = 177.814438, step = 1.000000

Iteration 54:
fx = 49338.515625, xnorm = 22.847908, gnorm = 118.024940, step = 0.260765

Iteration 55:
fx = 49335.246094, xnorm = 22.841881, gnorm = 141.916992, step = 1.000000

Iteration 56:
fx = 49335.132812, xnorm = 22.837505, gnorm = 322.882477, step = 1.000000

Iteration 57:
fx = 49330.382812, xnorm = 22.832535, gnorm = 105.113289, step = 1.000000

Iteration 58:
fx = 49328.960938, xnorm = 22.829720, gnorm = 83.450760, step = 1.000000

Iteration 59:
fx = 49327.562500, xnorm = 22.825706, gnorm = 81.611122, step = 1.000000

Iteration 60:
fx = 49326.906250, xnorm = 22.823242, gnorm = 117.463333, step = 0.301013

Iteration 61:
fx = 49325.484375, xnorm = 22.818127, gnorm = 81.550880, step = 1.000000

Iteration 62:
fx = 49324.964844, xnorm = 22.814432, gnorm = 106.177208, step = 1.000000

Iteration 63:
fx = 49324.410156, xnorm = 22.810955, gnorm = 74.237579, step = 1.000000

Iteration 64:
fx = 49324.085938, xnorm = 22.810925, gnorm = 55.420391, step = 1.000000

Iteration 65:
fx = 49323.707031, xnorm = 22.808321, gnorm = 71.036827, step = 1.000000

Iteration 66:
fx = 49323.683594, xnorm = 22.807718, gnorm = 51.585987, step = 0.214709

Iteration 67:
fx = 49323.484375, xnorm = 22.804663, gnorm = 40.936947, step = 1.000000

Iteration 68:
fx = 49323.425781, xnorm = 22.800926, gnorm = 49.079464, step = 1.000000

Iteration 69:
fx = 49323.179688, xnorm = 22.792736, gnorm = 111.055328, step = 1.000000

Iteration 70:
fx = 49322.769531, xnorm = 22.793379, gnorm = 32.256401, step = 1.000000

Iteration 71:
fx = 49322.691406, xnorm = 22.792994, gnorm = 26.241066, step = 1.000000

Iteration 72:
fx = 49322.363281, xnorm = 22.789127, gnorm = 35.913395, step = 1.000000

L-BFGS optimization terminated with status code = -1001
fx = 49322.371094
[0;32mINFO[0;0m 2021-05-22 19:52:34,594 plmdca get_fields_and_couplings_from_backend 
	Data size expected from plmDCA backend: 191270
[0;32mINFO[0;0m 2021-05-22 19:52:34,594 plmdca get_fields_and_couplings_from_backend 
	Data size obtained from plmDCA backend to Python: 191270
[0;32mINFO[0;0m 2021-05-22 19:52:34,895 plmdca compute_sorted_FN 
	Computing non-APC sorted DCA score
[0;32mINFO[0;0m 2021-05-22 19:52:35,486 plmdca compute_sorted_FN_APC 
	Performing average product correction (APC) of FN  of DCA scores
[0;32mINFO[0;0m 2021-05-22 19:52:35,663 dca_utilities write_sorted_dca_scores 
	Writing DCA scores to file PLMDCA_output_4yzv_RB/PLMDCA_apc_fn_scores_4yzv_RB.txt
