[0;32mINFO[0;0m 2021-05-22 19:24:16,493 fasta_reader get_alignment_int_form 
	Found 1 non-standard residues in 1 sequences
[0;32mINFO[0;0m 2021-05-22 19:24:16,493 fasta_reader get_alignment_int_form 
	Total number of sequences read from file: 794
[0;32mINFO[0;0m 2021-05-22 19:24:16,493 meanfield_dca compute_sequences_weight 
	Computing sequences weights
[0;32mINFO[0;0m 2021-05-22 19:24:17,406 meanfield_dca __init__ 
	Created a MeanFieldDCA object with the following attributes
        	biomolecule: RNA
        	total states at sites: 5
        	pseudocount: 0.5
        	sequence identity: 0.8
        	alignment length: 43
        	total number of unique sequences (excluding redundant sequences with 100 percent similarity): 794
        	effective number of sequences (with sequence identity 0.8): 236.62446274493894
        
[0;32mINFO[0;0m 2021-05-22 19:24:17,406 meanfield_dca get_single_site_freqs 
	Computing single site frequencies
[0;32mINFO[0;0m 2021-05-22 19:24:17,770 meanfield_dca get_reg_single_site_freqs 
	Regularizing single site frequencies
[0;32mINFO[0;0m 2021-05-22 19:24:17,927 meanfield_dca get_pair_site_freqs 
	Computing pair site frequencies
[0;32mINFO[0;0m 2021-05-22 19:24:21,136 meanfield_dca get_reg_pair_site_freqs 
	Regularizing pair site frequencies
[0;32mINFO[0;0m 2021-05-22 19:24:21,340 meanfield_dca construct_corr_mat 
	Constructing the correlation matrix
[0;32mINFO[0;0m 2021-05-22 19:24:21,661 meanfield_dca compute_couplings 
	Computing couplings
[0;32mINFO[0;0m 2021-05-22 19:24:22,177 meanfield_dca compute_couplings 
	Maximum and minimum couplings: 2.751177935532834, -20.000000000000014
[0;32mINFO[0;0m 2021-05-22 19:24:22,177 meanfield_dca compute_sorted_FN 
	Computing Frobenius norm of couplings
[0;32mINFO[0;0m 2021-05-22 19:24:22,303 meanfield_dca compute_sorted_FN_APC 
	Performing average product correction (APC) to Frobenius norm of couplings.
[0;32mINFO[0;0m 2021-05-22 19:24:22,306 dca_utilities write_sorted_dca_scores 
	Writing DCA scores to file MFDCA_output_5o6u_A/MFDCA_apc_fn_scores_5o6u_A.txt
[0;32mINFO[0;0m 2021-05-22 19:24:22,308 mfdca_main run_meanfield_dca 
	DONE
