[0;32mINFO[0;0m 2021-09-18 15:03:24,519 fasta_reader get_alignment_int_form 
	Total number of sequences read from file: 5
[0;32mINFO[0;0m 2021-09-18 15:03:24,519 meanfield_dca compute_sequences_weight 
	Computing sequences weights
[0;32mINFO[0;0m 2021-09-18 15:03:25,404 meanfield_dca __init__ 
	Created a MeanFieldDCA object with the following attributes
        	biomolecule: RNA
        	total states at sites: 5
        	pseudocount: 0.5
        	sequence identity: 0.8
        	alignment length: 29
        	total number of unique sequences (excluding redundant sequences with 100 percent similarity): 4
        	effective number of sequences (with sequence identity 0.8): 4.0
        
[0;32mINFO[0;0m 2021-09-18 15:03:25,405 meanfield_dca get_single_site_freqs 
	Computing single site frequencies
[0;32mINFO[0;0m 2021-09-18 15:03:25,765 meanfield_dca get_reg_single_site_freqs 
	Regularizing single site frequencies
[0;32mINFO[0;0m 2021-09-18 15:03:25,890 meanfield_dca get_pair_site_freqs 
	Computing pair site frequencies
[0;32mINFO[0;0m 2021-09-18 15:03:29,098 meanfield_dca get_reg_pair_site_freqs 
	Regularizing pair site frequencies
[0;32mINFO[0;0m 2021-09-18 15:03:29,293 meanfield_dca construct_corr_mat 
	Constructing the correlation matrix
[0;32mINFO[0;0m 2021-09-18 15:03:29,607 meanfield_dca compute_couplings 
	Computing couplings
[0;32mINFO[0;0m 2021-09-18 15:03:30,066 meanfield_dca compute_couplings 
	Maximum and minimum couplings: 1.2865422752431446, -20.000000000000014
[0;32mINFO[0;0m 2021-09-18 15:03:30,066 meanfield_dca compute_sorted_FN 
	Computing Frobenius norm of couplings
[0;32mINFO[0;0m 2021-09-18 15:03:30,109 meanfield_dca compute_sorted_FN_APC 
	Performing average product correction (APC) to Frobenius norm of couplings.
[0;32mINFO[0;0m 2021-09-18 15:03:30,112 dca_utilities write_sorted_dca_scores 
	Writing DCA scores to file MFDCA_output_PKB124/MFDCA_apc_fn_scores_PKB124.txt
[0;32mINFO[0;0m 2021-09-18 15:03:30,115 mfdca_main run_meanfield_dca 
	DONE
