[0;32mINFO[0;0m 2021-05-22 16:59:17,221 fasta_reader get_alignment_int_form 
	Found 37 non-standard residues in 22 sequences
[0;32mINFO[0;0m 2021-05-22 16:59:17,222 fasta_reader get_alignment_int_form 
	Total number of sequences read from file: 25000
[0;32mINFO[0;0m 2021-05-22 16:59:17,224 meanfield_dca compute_sequences_weight 
	Computing sequences weights
[0;32mINFO[0;0m 2021-05-22 16:59:18,891 meanfield_dca __init__ 
	Created a MeanFieldDCA object with the following attributes
        	biomolecule: RNA
        	total states at sites: 5
        	pseudocount: 0.5
        	sequence identity: 0.8
        	alignment length: 74
        	total number of unique sequences (excluding redundant sequences with 100 percent similarity): 20089
        	effective number of sequences (with sequence identity 0.8): 2212.4812308067358
        
[0;32mINFO[0;0m 2021-05-22 16:59:18,892 meanfield_dca get_single_site_freqs 
	Computing single site frequencies
[0;32mINFO[0;0m 2021-05-22 16:59:19,386 meanfield_dca get_reg_single_site_freqs 
	Regularizing single site frequencies
[0;32mINFO[0;0m 2021-05-22 16:59:19,571 meanfield_dca get_pair_site_freqs 
	Computing pair site frequencies
[0;32mINFO[0;0m 2021-05-22 16:59:23,797 meanfield_dca get_reg_pair_site_freqs 
	Regularizing pair site frequencies
[0;32mINFO[0;0m 2021-05-22 16:59:24,048 meanfield_dca construct_corr_mat 
	Constructing the correlation matrix
[0;32mINFO[0;0m 2021-05-22 16:59:24,308 meanfield_dca compute_couplings 
	Computing couplings
[0;32mINFO[0;0m 2021-05-22 16:59:24,855 meanfield_dca compute_couplings 
	Maximum and minimum couplings: 3.660593797625837, -19.476078739847182
[0;32mINFO[0;0m 2021-05-22 16:59:24,855 meanfield_dca compute_sorted_FN 
	Computing Frobenius norm of couplings
[0;32mINFO[0;0m 2021-05-22 16:59:25,036 meanfield_dca compute_sorted_FN_APC 
	Performing average product correction (APC) to Frobenius norm of couplings.
[0;32mINFO[0;0m 2021-05-22 16:59:25,051 dca_utilities write_sorted_dca_scores 
	Writing DCA scores to file MFDCA_output_1u0b_A/MFDCA_apc_fn_scores_1u0b_A.txt
[0;32mINFO[0;0m 2021-05-22 16:59:25,061 mfdca_main run_meanfield_dca 
	DONE
