[0;32mINFO[0;0m 2021-05-22 19:48:01,731 plmdca __init__ Created plmDCA instance with:
            biomolecule: RNA
            MSA sequence length: 124
            total number of (unweighted) sequences: 25000
            sequence identity: 0.8
            lambda_h: 24.6
            lambda_J: 24.6
            gradient decent iterations: 500
            number of threads: 40
        
[0;32mINFO[0;0m 2021-05-22 19:48:01,731 plmdca get_fields_and_couplings_from_backend 
	Computing fields and couplings using gradient decent
Iteration 1:
fx = 275763.218750, xnorm = 32.008690, gnorm = 34384.089844, step = 0.000034

Iteration 2:
fx = 264080.343750, xnorm = 31.990877, gnorm = 19481.517578, step = 1.000000

Iteration 3:
fx = 248429.578125, xnorm = 31.921602, gnorm = 16799.441406, step = 1.000000

Iteration 4:
fx = 228446.953125, xnorm = 31.909927, gnorm = 16040.147461, step = 1.000000

Iteration 5:
fx = 224945.921875, xnorm = 32.135746, gnorm = 29658.136719, step = 1.000000

Iteration 6:
fx = 210343.671875, xnorm = 32.287445, gnorm = 13026.428711, step = 1.000000

Iteration 7:
fx = 206722.421875, xnorm = 32.324856, gnorm = 9881.680664, step = 1.000000

Iteration 8:
fx = 201303.781250, xnorm = 32.398602, gnorm = 8864.686523, step = 1.000000

Iteration 9:
fx = 195751.109375, xnorm = 32.603123, gnorm = 12452.790039, step = 1.000000

Iteration 10:
fx = 190127.687500, xnorm = 33.041012, gnorm = 11659.458984, step = 1.000000

Iteration 11:
fx = 185395.593750, xnorm = 33.181923, gnorm = 8475.236328, step = 1.000000

Iteration 12:
fx = 179907.343750, xnorm = 33.451725, gnorm = 8775.556641, step = 1.000000

Iteration 13:
fx = 177175.265625, xnorm = 33.428375, gnorm = 8165.408691, step = 1.000000

Iteration 14:
fx = 175022.312500, xnorm = 33.226730, gnorm = 6607.247559, step = 1.000000

Iteration 15:
fx = 171150.281250, xnorm = 32.723969, gnorm = 8303.226562, step = 1.000000

Iteration 16:
fx = 168191.328125, xnorm = 32.332821, gnorm = 8090.741699, step = 1.000000

Iteration 17:
fx = 165861.109375, xnorm = 32.318855, gnorm = 5797.332031, step = 1.000000

Iteration 18:
fx = 163926.078125, xnorm = 32.406216, gnorm = 5911.198242, step = 1.000000

Iteration 19:
fx = 162518.453125, xnorm = 32.492783, gnorm = 5611.023438, step = 1.000000

Iteration 20:
fx = 160263.203125, xnorm = 32.750576, gnorm = 5806.459473, step = 1.000000

Iteration 21:
fx = 158228.312500, xnorm = 33.318115, gnorm = 9952.738281, step = 1.000000

Iteration 22:
fx = 155955.265625, xnorm = 33.571991, gnorm = 5448.552246, step = 1.000000

Iteration 23:
fx = 154820.906250, xnorm = 33.519676, gnorm = 4009.434814, step = 1.000000

Iteration 24:
fx = 153767.671875, xnorm = 33.459232, gnorm = 4451.820801, step = 1.000000

Iteration 25:
fx = 152589.421875, xnorm = 33.415283, gnorm = 4824.437988, step = 1.000000

Iteration 26:
fx = 151491.531250, xnorm = 33.532764, gnorm = 4774.162109, step = 1.000000

Iteration 27:
fx = 150465.343750, xnorm = 33.716499, gnorm = 3653.043701, step = 1.000000

Iteration 28:
fx = 149381.734375, xnorm = 34.070473, gnorm = 3631.499756, step = 1.000000

Iteration 29:
fx = 148913.953125, xnorm = 34.521248, gnorm = 6244.991699, step = 1.000000

Iteration 30:
fx = 148018.359375, xnorm = 34.507206, gnorm = 2976.215820, step = 1.000000

Iteration 31:
fx = 147345.531250, xnorm = 34.424007, gnorm = 2994.779541, step = 1.000000

Iteration 32:
fx = 146583.937500, xnorm = 34.319210, gnorm = 3637.625977, step = 1.000000

Iteration 33:
fx = 145859.437500, xnorm = 34.253281, gnorm = 6247.774902, step = 1.000000

Iteration 34:
fx = 144910.796875, xnorm = 34.239269, gnorm = 3399.853027, step = 1.000000

Iteration 35:
fx = 144462.671875, xnorm = 34.230907, gnorm = 2149.473877, step = 1.000000

Iteration 36:
fx = 144049.250000, xnorm = 34.189816, gnorm = 2280.057617, step = 1.000000

Iteration 37:
fx = 143669.328125, xnorm = 34.101391, gnorm = 3411.534912, step = 1.000000

Iteration 38:
fx = 143129.859375, xnorm = 33.982544, gnorm = 2501.430420, step = 1.000000

Iteration 39:
fx = 142531.734375, xnorm = 33.806648, gnorm = 2296.014404, step = 1.000000

Iteration 40:
fx = 142274.421875, xnorm = 33.528522, gnorm = 4645.659668, step = 1.000000

Iteration 41:
fx = 141746.234375, xnorm = 33.453835, gnorm = 1974.718994, step = 1.000000

Iteration 42:
fx = 141536.968750, xnorm = 33.384090, gnorm = 1720.775024, step = 1.000000

Iteration 43:
fx = 141247.562500, xnorm = 33.192268, gnorm = 2006.624146, step = 1.000000

Iteration 44:
fx = 141071.812500, xnorm = 32.862465, gnorm = 4024.526123, step = 1.000000

Iteration 45:
fx = 140736.296875, xnorm = 32.746017, gnorm = 1720.900146, step = 1.000000

Iteration 46:
fx = 140556.500000, xnorm = 32.628403, gnorm = 1397.852295, step = 1.000000

Iteration 47:
fx = 140359.843750, xnorm = 32.430115, gnorm = 1578.373413, step = 1.000000

Iteration 48:
fx = 140248.640625, xnorm = 32.277153, gnorm = 2177.569092, step = 0.369440

Iteration 49:
fx = 140040.781250, xnorm = 32.039021, gnorm = 1391.264771, step = 1.000000

Iteration 50:
fx = 139890.109375, xnorm = 31.826611, gnorm = 1650.439453, step = 1.000000

Iteration 51:
fx = 139734.859375, xnorm = 31.625336, gnorm = 1343.052246, step = 1.000000

Iteration 52:
fx = 139636.406250, xnorm = 31.554785, gnorm = 1197.422974, step = 1.000000

Iteration 53:
fx = 139502.687500, xnorm = 31.335381, gnorm = 1918.497437, step = 1.000000

Iteration 54:
fx = 139406.203125, xnorm = 31.114563, gnorm = 2034.619995, step = 1.000000

Iteration 55:
fx = 139326.609375, xnorm = 31.121626, gnorm = 1097.319458, step = 1.000000

Iteration 56:
fx = 139250.250000, xnorm = 31.010914, gnorm = 797.076416, step = 1.000000

Iteration 57:
fx = 139188.687500, xnorm = 30.846834, gnorm = 968.986816, step = 1.000000

Iteration 58:
fx = 139182.906250, xnorm = 30.505270, gnorm = 2684.004883, step = 1.000000

Iteration 59:
fx = 139055.421875, xnorm = 30.419107, gnorm = 847.676575, step = 1.000000

Iteration 60:
fx = 139023.203125, xnorm = 30.400215, gnorm = 626.991760, step = 1.000000

Iteration 61:
fx = 138987.937500, xnorm = 30.317453, gnorm = 724.467468, step = 1.000000

Iteration 62:
fx = 138947.078125, xnorm = 30.154701, gnorm = 1321.414551, step = 1.000000

Iteration 63:
fx = 138917.000000, xnorm = 30.000292, gnorm = 800.315857, step = 1.000000

Iteration 64:
fx = 138898.156250, xnorm = 29.995407, gnorm = 485.916931, step = 1.000000

Iteration 65:
fx = 138877.781250, xnorm = 29.968437, gnorm = 503.934479, step = 1.000000

Iteration 66:
fx = 138854.500000, xnorm = 29.900074, gnorm = 616.790039, step = 1.000000

Iteration 67:
fx = 138828.281250, xnorm = 29.766153, gnorm = 761.395874, step = 1.000000

Iteration 68:
fx = 138802.890625, xnorm = 29.692064, gnorm = 441.130798, step = 1.000000

Iteration 69:
fx = 138785.015625, xnorm = 29.608627, gnorm = 426.286682, step = 1.000000

Iteration 70:
fx = 138773.468750, xnorm = 29.544147, gnorm = 604.152588, step = 1.000000

Iteration 71:
fx = 138762.578125, xnorm = 29.511705, gnorm = 366.342255, step = 1.000000

Iteration 72:
fx = 138752.046875, xnorm = 29.467661, gnorm = 334.003265, step = 1.000000

Iteration 73:
fx = 138743.062500, xnorm = 29.423677, gnorm = 420.760468, step = 1.000000

Iteration 74:
fx = 138730.687500, xnorm = 29.346838, gnorm = 351.415894, step = 1.000000

Iteration 75:
fx = 138726.062500, xnorm = 29.284063, gnorm = 524.805237, step = 1.000000

Iteration 76:
fx = 138719.828125, xnorm = 29.278008, gnorm = 253.323944, step = 1.000000

Iteration 77:
fx = 138716.421875, xnorm = 29.264885, gnorm = 212.551331, step = 1.000000

Iteration 78:
fx = 138713.484375, xnorm = 29.235111, gnorm = 251.668564, step = 1.000000

Iteration 79:
fx = 138712.093750, xnorm = 29.171383, gnorm = 603.709412, step = 1.000000

Iteration 80:
fx = 138706.500000, xnorm = 29.147165, gnorm = 224.419754, step = 1.000000

Iteration 81:
fx = 138704.140625, xnorm = 29.135885, gnorm = 162.155548, step = 1.000000

Iteration 82:
fx = 138701.671875, xnorm = 29.114050, gnorm = 167.116409, step = 1.000000

Iteration 83:
fx = 138699.500000, xnorm = 29.081917, gnorm = 383.075500, step = 1.000000

Iteration 84:
fx = 138696.453125, xnorm = 29.063339, gnorm = 159.148087, step = 1.000000

Iteration 85:
fx = 138695.093750, xnorm = 29.054478, gnorm = 129.013443, step = 1.000000

Iteration 86:
fx = 138693.328125, xnorm = 29.040663, gnorm = 154.269485, step = 1.000000

Iteration 87:
fx = 138691.828125, xnorm = 29.012152, gnorm = 325.122406, step = 1.000000

Iteration 88:
fx = 138688.078125, xnorm = 28.998207, gnorm = 143.435059, step = 1.000000

Iteration 89:
fx = 138686.218750, xnorm = 28.991806, gnorm = 108.437149, step = 1.000000

Iteration 90:
fx = 138684.781250, xnorm = 28.982981, gnorm = 115.461586, step = 1.000000

Iteration 91:
fx = 138683.218750, xnorm = 28.966721, gnorm = 269.985687, step = 1.000000

Iteration 92:
fx = 138681.515625, xnorm = 28.960447, gnorm = 105.337685, step = 1.000000

Iteration 93:
fx = 138681.109375, xnorm = 28.958946, gnorm = 82.805672, step = 1.000000

Iteration 94:
fx = 138680.546875, xnorm = 28.955120, gnorm = 96.864326, step = 1.000000

Iteration 95:
fx = 138679.937500, xnorm = 28.949482, gnorm = 125.831459, step = 1.000000

Iteration 96:
fx = 138679.625000, xnorm = 28.946409, gnorm = 98.255753, step = 0.371453

Iteration 97:
fx = 138678.890625, xnorm = 28.943195, gnorm = 74.461685, step = 1.000000

L-BFGS optimization terminated with status code = -1001
fx = 138678.875000
[0;32mINFO[0;0m 2021-05-22 19:48:47,949 plmdca get_fields_and_couplings_from_backend 
	Data size expected from plmDCA backend: 191270
[0;32mINFO[0;0m 2021-05-22 19:48:47,950 plmdca get_fields_and_couplings_from_backend 
	Data size obtained from plmDCA backend to Python: 191270
[0;32mINFO[0;0m 2021-05-22 19:48:48,194 plmdca compute_sorted_FN 
	Computing non-APC sorted DCA score
[0;32mINFO[0;0m 2021-05-22 19:48:48,911 plmdca compute_sorted_FN_APC 
	Performing average product correction (APC) of FN  of DCA scores
[0;32mINFO[0;0m 2021-05-22 19:48:49,072 dca_utilities write_sorted_dca_scores 
	Writing DCA scores to file PLMDCA_output_1xbp_9/PLMDCA_apc_fn_scores_1xbp_9.txt
