[0;32mINFO[0;0m 2021-09-18 15:12:23,079 fasta_reader get_alignment_int_form 
	Found 10 non-standard residues in 1 sequences
[0;32mINFO[0;0m 2021-09-18 15:12:23,079 fasta_reader get_alignment_int_form 
	Total number of sequences read from file: 109
[0;32mINFO[0;0m 2021-09-18 15:12:23,079 meanfield_dca compute_sequences_weight 
	Computing sequences weights
[0;32mINFO[0;0m 2021-09-18 15:12:23,965 meanfield_dca __init__ 
	Created a MeanFieldDCA object with the following attributes
        	biomolecule: RNA
        	total states at sites: 5
        	pseudocount: 0.5
        	sequence identity: 0.8
        	alignment length: 64
        	total number of unique sequences (excluding redundant sequences with 100 percent similarity): 108
        	effective number of sequences (with sequence identity 0.8): 39.76652236652237
        
[0;32mINFO[0;0m 2021-09-18 15:12:23,966 meanfield_dca get_single_site_freqs 
	Computing single site frequencies
[0;32mINFO[0;0m 2021-09-18 15:12:24,336 meanfield_dca get_reg_single_site_freqs 
	Regularizing single site frequencies
[0;32mINFO[0;0m 2021-09-18 15:12:24,466 meanfield_dca get_pair_site_freqs 
	Computing pair site frequencies
[0;32mINFO[0;0m 2021-09-18 15:12:27,759 meanfield_dca get_reg_pair_site_freqs 
	Regularizing pair site frequencies
[0;32mINFO[0;0m 2021-09-18 15:12:27,957 meanfield_dca construct_corr_mat 
	Constructing the correlation matrix
[0;32mINFO[0;0m 2021-09-18 15:12:28,270 meanfield_dca compute_couplings 
	Computing couplings
[0;32mINFO[0;0m 2021-09-18 15:12:28,802 meanfield_dca compute_couplings 
	Maximum and minimum couplings: 2.5914637050615825, -20.00000000000002
[0;32mINFO[0;0m 2021-09-18 15:12:28,803 meanfield_dca compute_sorted_FN 
	Computing Frobenius norm of couplings
[0;32mINFO[0;0m 2021-09-18 15:12:28,960 meanfield_dca compute_sorted_FN_APC 
	Performing average product correction (APC) to Frobenius norm of couplings.
[0;32mINFO[0;0m 2021-09-18 15:12:28,969 dca_utilities write_sorted_dca_scores 
	Writing DCA scores to file MFDCA_output_PKB220/MFDCA_apc_fn_scores_PKB220.txt
[0;32mINFO[0;0m 2021-09-18 15:12:28,974 mfdca_main run_meanfield_dca 
	DONE
