[0;32mINFO[0;0m 2021-08-19 11:32:52,961 plmdca __init__ Created plmDCA instance with:
            biomolecule: RNA
            MSA sequence length: 78
            total number of (unweighted) sequences: 50000
            sequence identity: 0.8
            lambda_h: 15.4
            lambda_J: 15.4
            gradient decent iterations: 500
            number of threads: 40
        
[0;32mINFO[0;0m 2021-08-19 11:32:52,961 plmdca get_fields_and_couplings_from_backend 
	Computing fields and couplings using gradient decent
Iteration 1:
fx = 63965.171875, xnorm = 32.610764, gnorm = 3884.615234, step = 0.000066

Iteration 2:
fx = 62834.695312, xnorm = 32.481567, gnorm = 4401.522949, step = 1.000000

Iteration 3:
fx = 60966.722656, xnorm = 32.189384, gnorm = 6451.567383, step = 1.000000

Iteration 4:
fx = 56543.789062, xnorm = 31.577906, gnorm = 7833.603027, step = 1.000000

Iteration 5:
fx = 50233.484375, xnorm = 30.856331, gnorm = 8011.395508, step = 1.000000

Iteration 6:
fx = 46116.089844, xnorm = 30.857536, gnorm = 3975.735352, step = 1.000000

Iteration 7:
fx = 44629.617188, xnorm = 30.885612, gnorm = 2526.760742, step = 1.000000

Iteration 8:
fx = 43169.031250, xnorm = 30.948439, gnorm = 2107.171387, step = 1.000000

Iteration 9:
fx = 42031.343750, xnorm = 31.103579, gnorm = 2910.548828, step = 1.000000

Iteration 10:
fx = 40465.542969, xnorm = 30.920391, gnorm = 2673.653809, step = 1.000000

Iteration 11:
fx = 37873.546875, xnorm = 30.221058, gnorm = 2909.746826, step = 1.000000

Iteration 12:
fx = 36339.734375, xnorm = 29.468071, gnorm = 3223.190186, step = 1.000000

Iteration 13:
fx = 35187.402344, xnorm = 28.600777, gnorm = 2681.023193, step = 1.000000

Iteration 14:
fx = 34339.324219, xnorm = 28.157619, gnorm = 1641.107666, step = 1.000000

Iteration 15:
fx = 33849.363281, xnorm = 27.692188, gnorm = 1733.845093, step = 1.000000

Iteration 16:
fx = 33305.164062, xnorm = 27.244646, gnorm = 1588.945679, step = 1.000000

Iteration 17:
fx = 32186.859375, xnorm = 25.795544, gnorm = 2195.896973, step = 1.000000

Iteration 18:
fx = 31938.429688, xnorm = 24.314854, gnorm = 3602.549072, step = 1.000000

Iteration 19:
fx = 30876.660156, xnorm = 24.486855, gnorm = 2231.287354, step = 1.000000

Iteration 20:
fx = 30608.310547, xnorm = 24.316837, gnorm = 2845.240479, step = 1.000000

Iteration 21:
fx = 30126.693359, xnorm = 24.103439, gnorm = 1435.230347, step = 1.000000

Iteration 22:
fx = 29740.667969, xnorm = 23.575771, gnorm = 1515.890137, step = 1.000000

Iteration 23:
fx = 29401.916016, xnorm = 23.224648, gnorm = 1461.492920, step = 1.000000

Iteration 24:
fx = 28877.787109, xnorm = 22.562687, gnorm = 2286.355225, step = 1.000000

Iteration 25:
fx = 28591.250000, xnorm = 22.259634, gnorm = 2603.032959, step = 1.000000

Iteration 26:
fx = 28131.800781, xnorm = 22.308784, gnorm = 1309.788330, step = 1.000000

Iteration 27:
fx = 27868.777344, xnorm = 22.280691, gnorm = 1429.447632, step = 1.000000

Iteration 28:
fx = 27645.486328, xnorm = 22.223473, gnorm = 1251.126343, step = 1.000000

Iteration 29:
fx = 27512.068359, xnorm = 22.166731, gnorm = 1467.684204, step = 0.363651

Iteration 30:
fx = 27297.312500, xnorm = 22.108006, gnorm = 780.744385, step = 1.000000

Iteration 31:
fx = 27195.916016, xnorm = 22.070358, gnorm = 644.887756, step = 1.000000

Iteration 32:
fx = 27172.769531, xnorm = 21.991323, gnorm = 1663.482300, step = 1.000000

Iteration 33:
fx = 27029.255859, xnorm = 21.955442, gnorm = 632.619263, step = 1.000000

Iteration 34:
fx = 26985.037109, xnorm = 21.921963, gnorm = 533.251282, step = 1.000000

Iteration 35:
fx = 26887.964844, xnorm = 21.798973, gnorm = 623.473083, step = 1.000000

Iteration 36:
fx = 26788.408203, xnorm = 21.630627, gnorm = 640.493713, step = 1.000000

Iteration 37:
fx = 26755.333984, xnorm = 21.571487, gnorm = 570.977295, step = 0.218784

Iteration 38:
fx = 26706.082031, xnorm = 21.470369, gnorm = 398.946686, step = 1.000000

Iteration 39:
fx = 26670.421875, xnorm = 21.379356, gnorm = 379.119751, step = 1.000000

Iteration 40:
fx = 26648.607422, xnorm = 21.333614, gnorm = 383.969086, step = 0.323224

Iteration 41:
fx = 26626.404297, xnorm = 21.273424, gnorm = 302.130920, step = 1.000000

Iteration 42:
fx = 26602.970703, xnorm = 21.190367, gnorm = 313.809875, step = 1.000000

Iteration 43:
fx = 26590.628906, xnorm = 21.035065, gnorm = 692.293091, step = 1.000000

Iteration 44:
fx = 26568.429688, xnorm = 21.045660, gnorm = 245.526718, step = 1.000000

Iteration 45:
fx = 26562.642578, xnorm = 21.038044, gnorm = 213.733154, step = 1.000000

Iteration 46:
fx = 26551.816406, xnorm = 20.985378, gnorm = 237.227539, step = 1.000000

Iteration 47:
fx = 26546.189453, xnorm = 20.941830, gnorm = 274.915039, step = 0.248420

Iteration 48:
fx = 26533.884766, xnorm = 20.838423, gnorm = 257.114929, step = 1.000000

Iteration 49:
fx = 26513.781250, xnorm = 20.642597, gnorm = 342.809601, step = 1.000000

Iteration 50:
fx = 26511.664062, xnorm = 20.339180, gnorm = 550.067261, step = 1.000000

Iteration 51:
fx = 26491.824219, xnorm = 20.436304, gnorm = 170.464279, step = 1.000000

Iteration 52:
fx = 26488.470703, xnorm = 20.439356, gnorm = 140.395294, step = 1.000000

Iteration 53:
fx = 26482.162109, xnorm = 20.398361, gnorm = 150.382477, step = 1.000000

Iteration 54:
fx = 26479.615234, xnorm = 20.355154, gnorm = 169.718857, step = 0.353790

Iteration 55:
fx = 26475.195312, xnorm = 20.277033, gnorm = 131.134354, step = 1.000000

Iteration 56:
fx = 26470.371094, xnorm = 20.186892, gnorm = 153.077576, step = 1.000000

Iteration 57:
fx = 26467.906250, xnorm = 20.114288, gnorm = 109.577820, step = 1.000000

Iteration 58:
fx = 26466.541016, xnorm = 20.116289, gnorm = 81.884338, step = 1.000000

Iteration 59:
fx = 26464.511719, xnorm = 20.111799, gnorm = 89.697235, step = 1.000000

Iteration 60:
fx = 26464.265625, xnorm = 20.085888, gnorm = 105.855698, step = 1.000000

Iteration 61:
fx = 26463.033203, xnorm = 20.070166, gnorm = 74.399986, step = 1.000000

Iteration 62:
fx = 26461.580078, xnorm = 20.026600, gnorm = 70.356934, step = 1.000000

Iteration 63:
fx = 26460.605469, xnorm = 20.003782, gnorm = 62.067307, step = 1.000000

Iteration 64:
fx = 26460.187500, xnorm = 19.993210, gnorm = 49.302032, step = 1.000000

Iteration 65:
fx = 26459.902344, xnorm = 19.967224, gnorm = 88.945198, step = 1.000000

Iteration 66:
fx = 26459.425781, xnorm = 19.955893, gnorm = 49.578579, step = 1.000000

Iteration 67:
fx = 26459.074219, xnorm = 19.951010, gnorm = 45.812901, step = 1.000000

Iteration 68:
fx = 26458.484375, xnorm = 19.934088, gnorm = 54.370167, step = 1.000000

Iteration 69:
fx = 26458.207031, xnorm = 19.926373, gnorm = 44.234894, step = 0.251539

Iteration 70:
fx = 26458.080078, xnorm = 19.921595, gnorm = 35.342209, step = 1.000000

Iteration 71:
fx = 26457.810547, xnorm = 19.912697, gnorm = 32.677967, step = 1.000000

Iteration 72:
fx = 26457.767578, xnorm = 19.910656, gnorm = 28.622602, step = 0.221069

Iteration 73:
fx = 26457.458984, xnorm = 19.899288, gnorm = 31.597178, step = 1.000000

Iteration 74:
fx = 26457.443359, xnorm = 19.898825, gnorm = 31.551941, step = 0.167964

Iteration 75:
fx = 26457.253906, xnorm = 19.896318, gnorm = 36.468376, step = 1.000000

Iteration 76:
fx = 26456.841797, xnorm = 19.896975, gnorm = 41.335819, step = 1.000000

Iteration 77:
fx = 26456.667969, xnorm = 19.895763, gnorm = 53.389198, step = 1.000000

Iteration 78:
fx = 26456.474609, xnorm = 19.898626, gnorm = 22.297117, step = 1.000000

Iteration 79:
fx = 26456.384766, xnorm = 19.900930, gnorm = 17.469719, step = 1.000000

L-BFGS optimization terminated with status code = -1001
fx = 26456.382812
[0;32mINFO[0;0m 2021-08-19 11:33:26,612 plmdca get_fields_and_couplings_from_backend 
	Data size expected from plmDCA backend: 75465
[0;32mINFO[0;0m 2021-08-19 11:33:26,613 plmdca get_fields_and_couplings_from_backend 
	Data size obtained from plmDCA backend to Python: 75465
[0;32mINFO[0;0m 2021-08-19 11:33:26,661 plmdca compute_sorted_FN 
	Computing non-APC sorted DCA score
[0;32mINFO[0;0m 2021-08-19 11:33:26,783 plmdca compute_sorted_FN_APC 
	Performing average product correction (APC) of FN  of DCA scores
[0;32mINFO[0;0m 2021-08-19 11:33:26,808 dca_utilities write_sorted_dca_scores 
	Writing DCA scores to file PLMDCA_output_4rdx_C/PLMDCA_apc_fn_scores_4rdx_C.txt
