[0;32mINFO[0;0m 2021-06-10 13:48:45,029 fasta_reader get_alignment_int_form 
	Found 3 non-standard residues in 2 sequences
[0;32mINFO[0;0m 2021-06-10 13:48:45,029 fasta_reader get_alignment_int_form 
	Total number of sequences read from file: 142
[0;32mINFO[0;0m 2021-06-10 13:48:45,029 meanfield_dca compute_sequences_weight 
	Computing sequences weights
[0;32mINFO[0;0m 2021-06-10 13:48:46,710 meanfield_dca __init__ 
	Created a MeanFieldDCA object with the following attributes
        	biomolecule: RNA
        	total states at sites: 5
        	pseudocount: 0.5
        	sequence identity: 0.8
        	alignment length: 80
        	total number of unique sequences (excluding redundant sequences with 100 percent similarity): 141
        	effective number of sequences (with sequence identity 0.8): 7.307878031649091
        
[0;32mINFO[0;0m 2021-06-10 13:48:46,710 meanfield_dca get_single_site_freqs 
	Computing single site frequencies
[0;32mINFO[0;0m 2021-06-10 13:48:47,454 meanfield_dca get_reg_single_site_freqs 
	Regularizing single site frequencies
[0;32mINFO[0;0m 2021-06-10 13:48:47,712 meanfield_dca get_pair_site_freqs 
	Computing pair site frequencies
[0;32mINFO[0;0m 2021-06-10 13:48:54,756 meanfield_dca get_reg_pair_site_freqs 
	Regularizing pair site frequencies
[0;32mINFO[0;0m 2021-06-10 13:48:55,154 meanfield_dca construct_corr_mat 
	Constructing the correlation matrix
[0;32mINFO[0;0m 2021-06-10 13:48:55,661 meanfield_dca compute_couplings 
	Computing couplings
[0;32mINFO[0;0m 2021-06-10 13:48:57,354 meanfield_dca compute_couplings 
	Maximum and minimum couplings: 1.097275885922837, -20.000000000000025
[0;32mINFO[0;0m 2021-06-10 13:48:57,354 meanfield_dca compute_sorted_FN 
	Computing Frobenius norm of couplings
[0;32mINFO[0;0m 2021-06-10 13:48:57,589 meanfield_dca compute_sorted_FN_APC 
	Performing average product correction (APC) to Frobenius norm of couplings.
[0;32mINFO[0;0m 2021-06-10 13:48:57,613 dca_utilities write_sorted_dca_scores 
	Writing DCA scores to file MFDCA_output_PKB349/MFDCA_apc_fn_scores_PKB349.txt
[0;32mINFO[0;0m 2021-06-10 13:48:57,622 mfdca_main run_meanfield_dca 
	DONE
