[0;32mINFO[0;0m 2021-06-10 15:25:55,376 plmdca __init__ Created plmDCA instance with:
            biomolecule: RNA
            MSA sequence length: 41
            total number of (unweighted) sequences: 51
            sequence identity: 0.8
            lambda_h: 8.0
            lambda_J: 8.0
            gradient decent iterations: 500
            number of threads: 40
        
[0;32mINFO[0;0m 2021-06-10 15:25:55,377 plmdca get_fields_and_couplings_from_backend 
	Computing fields and couplings using gradient decent
Iteration 1:
fx = 937.333618, xnorm = 9.632751, gnorm = 156.497787, step = 0.005742

Iteration 2:
fx = 812.237610, xnorm = 3.651045, gnorm = 288.401520, step = 1.000000

Iteration 3:
fx = 259.148529, xnorm = 3.968505, gnorm = 74.493317, step = 1.000000

Iteration 4:
fx = 196.341049, xnorm = 2.900604, gnorm = 28.881868, step = 1.000000

Iteration 5:
fx = 194.904007, xnorm = 2.552997, gnorm = 28.509905, step = 1.000000

Iteration 6:
fx = 188.683456, xnorm = 2.611850, gnorm = 5.152040, step = 1.000000

Iteration 7:
fx = 188.407150, xnorm = 2.602057, gnorm = 2.728844, step = 1.000000

Iteration 8:
fx = 188.277481, xnorm = 2.588617, gnorm = 1.867569, step = 1.000000

Iteration 9:
fx = 188.227570, xnorm = 2.587243, gnorm = 0.590383, step = 0.471539

Iteration 10:
fx = 188.213379, xnorm = 2.586614, gnorm = 0.314020, step = 1.000000

Iteration 11:
fx = 188.209763, xnorm = 2.582929, gnorm = 0.153310, step = 1.000000

Iteration 12:
fx = 188.201965, xnorm = 2.582198, gnorm = 0.159583, step = 1.000000

L-BFGS optimization terminated with status code = -1001
fx = 188.201950
[0;32mINFO[0;0m 2021-06-10 15:25:55,496 plmdca get_fields_and_couplings_from_backend 
	Data size expected from plmDCA backend: 20705
[0;32mINFO[0;0m 2021-06-10 15:25:55,496 plmdca get_fields_and_couplings_from_backend 
	Data size obtained from plmDCA backend to Python: 20705
[0;32mINFO[0;0m 2021-06-10 15:25:55,516 plmdca compute_sorted_FN 
	Computing non-APC sorted DCA score
[0;32mINFO[0;0m 2021-06-10 15:25:55,568 plmdca compute_sorted_FN_APC 
	Performing average product correction (APC) of FN  of DCA scores
[0;32mINFO[0;0m 2021-06-10 15:25:55,573 dca_utilities write_sorted_dca_scores 
	Writing DCA scores to file PLMDCA_output_PKB5/PLMDCA_apc_fn_scores_PKB5.txt
