[0;32mINFO[0;0m 2021-05-22 20:02:30,247 plmdca __init__ Created plmDCA instance with:
            biomolecule: RNA
            MSA sequence length: 74
            total number of (unweighted) sequences: 20437
            sequence identity: 0.8
            lambda_h: 14.600000000000001
            lambda_J: 14.600000000000001
            gradient decent iterations: 500
            number of threads: 40
        
[0;32mINFO[0;0m 2021-05-22 20:02:30,248 plmdca get_fields_and_couplings_from_backend 
	Computing fields and couplings using gradient decent
Iteration 1:
fx = 29887.023438, xnorm = 23.791300, gnorm = 2967.840088, step = 0.000347

Iteration 2:
fx = 28543.898438, xnorm = 23.567585, gnorm = 2529.009033, step = 1.000000

Iteration 3:
fx = 24049.273438, xnorm = 22.531122, gnorm = 2056.196045, step = 1.000000

Iteration 4:
fx = 22477.705078, xnorm = 21.961374, gnorm = 2454.503174, step = 1.000000

Iteration 5:
fx = 20944.023438, xnorm = 21.751194, gnorm = 1675.413574, step = 1.000000

Iteration 6:
fx = 19981.138672, xnorm = 21.518591, gnorm = 1496.886841, step = 1.000000

Iteration 7:
fx = 18900.744141, xnorm = 21.251638, gnorm = 1428.549927, step = 1.000000

Iteration 8:
fx = 17724.535156, xnorm = 21.075275, gnorm = 2318.674072, step = 1.000000

Iteration 9:
fx = 16279.346680, xnorm = 20.842323, gnorm = 1316.081787, step = 1.000000

Iteration 10:
fx = 15566.257812, xnorm = 20.321812, gnorm = 710.663696, step = 1.000000

Iteration 11:
fx = 15136.014648, xnorm = 19.538021, gnorm = 951.769592, step = 1.000000

Iteration 12:
fx = 14692.929688, xnorm = 18.704590, gnorm = 891.683960, step = 1.000000

Iteration 13:
fx = 14190.580078, xnorm = 17.506758, gnorm = 826.421936, step = 1.000000

Iteration 14:
fx = 13777.366211, xnorm = 16.186974, gnorm = 1021.561035, step = 1.000000

Iteration 15:
fx = 13500.921875, xnorm = 15.831498, gnorm = 667.478760, step = 1.000000

Iteration 16:
fx = 13370.162109, xnorm = 15.915739, gnorm = 364.504059, step = 1.000000

Iteration 17:
fx = 13269.647461, xnorm = 15.632000, gnorm = 352.061432, step = 1.000000

Iteration 18:
fx = 13135.679688, xnorm = 14.980809, gnorm = 629.190552, step = 1.000000

Iteration 19:
fx = 13029.411133, xnorm = 14.750269, gnorm = 553.703674, step = 1.000000

Iteration 20:
fx = 12948.519531, xnorm = 14.722085, gnorm = 400.886200, step = 1.000000

Iteration 21:
fx = 12844.159180, xnorm = 14.656192, gnorm = 364.282776, step = 1.000000

Iteration 22:
fx = 12809.982422, xnorm = 14.620663, gnorm = 467.332977, step = 1.000000

Iteration 23:
fx = 12770.227539, xnorm = 14.613339, gnorm = 246.352646, step = 1.000000

Iteration 24:
fx = 12741.733398, xnorm = 14.609282, gnorm = 197.221771, step = 1.000000

Iteration 25:
fx = 12720.873047, xnorm = 14.619259, gnorm = 215.512375, step = 1.000000

Iteration 26:
fx = 12714.512695, xnorm = 14.670316, gnorm = 461.804688, step = 1.000000

Iteration 27:
fx = 12677.959961, xnorm = 14.697721, gnorm = 144.009888, step = 1.000000

Iteration 28:
fx = 12670.470703, xnorm = 14.692389, gnorm = 99.531242, step = 1.000000

Iteration 29:
fx = 12663.086914, xnorm = 14.697374, gnorm = 92.233353, step = 1.000000

Iteration 30:
fx = 12659.396484, xnorm = 14.715196, gnorm = 169.086212, step = 1.000000

Iteration 31:
fx = 12654.583984, xnorm = 14.722777, gnorm = 66.126274, step = 1.000000

Iteration 32:
fx = 12653.350586, xnorm = 14.727334, gnorm = 47.714252, step = 1.000000

Iteration 33:
fx = 12652.203125, xnorm = 14.733627, gnorm = 48.737965, step = 1.000000

Iteration 34:
fx = 12651.373047, xnorm = 14.742827, gnorm = 89.046967, step = 1.000000

Iteration 35:
fx = 12650.390625, xnorm = 14.746059, gnorm = 35.872490, step = 1.000000

Iteration 36:
fx = 12649.973633, xnorm = 14.744074, gnorm = 24.238527, step = 1.000000

Iteration 37:
fx = 12649.667969, xnorm = 14.741952, gnorm = 21.494036, step = 1.000000

Iteration 38:
fx = 12649.659180, xnorm = 14.739511, gnorm = 32.887318, step = 1.000000

Iteration 39:
fx = 12649.556641, xnorm = 14.736932, gnorm = 18.352379, step = 1.000000

Iteration 40:
fx = 12649.524414, xnorm = 14.735198, gnorm = 12.780448, step = 1.000000

Iteration 41:
fx = 12649.462891, xnorm = 14.731793, gnorm = 12.721120, step = 1.000000

Iteration 42:
fx = 12649.441406, xnorm = 14.726738, gnorm = 15.428772, step = 1.000000

Iteration 43:
fx = 12649.324219, xnorm = 14.722264, gnorm = 9.578485, step = 1.000000

Iteration 44:
fx = 12649.239258, xnorm = 14.718235, gnorm = 7.896648, step = 1.000000

Iteration 45:
fx = 12649.149414, xnorm = 14.714692, gnorm = 7.809438, step = 1.000000

Iteration 46:
fx = 12649.072266, xnorm = 14.709806, gnorm = 6.390076, step = 1.000000

Iteration 47:
fx = 12648.963867, xnorm = 14.701884, gnorm = 9.630335, step = 1.000000

Iteration 48:
fx = 12648.905273, xnorm = 14.699404, gnorm = 5.522232, step = 1.000000

L-BFGS optimization terminated with status code = -1001
fx = 12648.902344
[0;32mINFO[0;0m 2021-05-22 20:02:40,989 plmdca get_fields_and_couplings_from_backend 
	Data size expected from plmDCA backend: 67895
[0;32mINFO[0;0m 2021-05-22 20:02:40,989 plmdca get_fields_and_couplings_from_backend 
	Data size obtained from plmDCA backend to Python: 67895
[0;32mINFO[0;0m 2021-05-22 20:02:41,089 plmdca compute_sorted_FN 
	Computing non-APC sorted DCA score
[0;32mINFO[0;0m 2021-05-22 20:02:41,322 plmdca compute_sorted_FN_APC 
	Performing average product correction (APC) of FN  of DCA scores
[0;32mINFO[0;0m 2021-05-22 20:02:41,401 dca_utilities write_sorted_dca_scores 
	Writing DCA scores to file PLMDCA_output_3moj_A/PLMDCA_apc_fn_scores_3moj_A.txt
