[0;32mINFO[0;0m 2021-10-27 21:53:55,839 fasta_reader get_alignment_int_form 
	Total number of sequences read from file: 270
[0;32mINFO[0;0m 2021-10-27 21:53:55,840 meanfield_dca compute_sequences_weight 
	Computing sequences weights
[0;32mINFO[0;0m 2021-10-27 21:53:56,690 meanfield_dca __init__ 
	Created a MeanFieldDCA object with the following attributes
        	biomolecule: RNA
        	total states at sites: 5
        	pseudocount: 0.5
        	sequence identity: 0.8
        	alignment length: 72
        	total number of unique sequences (excluding redundant sequences with 100 percent similarity): 269
        	effective number of sequences (with sequence identity 0.8): 63.28709115824175
        
[0;32mINFO[0;0m 2021-10-27 21:53:56,692 meanfield_dca get_single_site_freqs 
	Computing single site frequencies
[0;32mINFO[0;0m 2021-10-27 21:53:57,052 meanfield_dca get_reg_single_site_freqs 
	Regularizing single site frequencies
[0;32mINFO[0;0m 2021-10-27 21:53:57,174 meanfield_dca get_pair_site_freqs 
	Computing pair site frequencies
[0;32mINFO[0;0m 2021-10-27 21:54:00,366 meanfield_dca get_reg_pair_site_freqs 
	Regularizing pair site frequencies
[0;32mINFO[0;0m 2021-10-27 21:54:00,568 meanfield_dca construct_corr_mat 
	Constructing the correlation matrix
[0;32mINFO[0;0m 2021-10-27 21:54:00,886 meanfield_dca compute_couplings 
	Computing couplings
[0;32mINFO[0;0m 2021-10-27 21:54:01,437 meanfield_dca compute_couplings 
	Maximum and minimum couplings: 2.7672031488383846, -20.00000000000002
[0;32mINFO[0;0m 2021-10-27 21:54:01,438 meanfield_dca compute_sorted_FN 
	Computing Frobenius norm of couplings
[0;32mINFO[0;0m 2021-10-27 21:54:01,616 meanfield_dca compute_sorted_FN_APC 
	Performing average product correction (APC) to Frobenius norm of couplings.
[0;32mINFO[0;0m 2021-10-27 21:54:01,631 dca_utilities write_sorted_dca_scores 
	Writing DCA scores to file MFDCA_output_2zni_C/MFDCA_apc_fn_scores_2zni_C.txt
[0;32mINFO[0;0m 2021-10-27 21:54:01,637 mfdca_main run_meanfield_dca 
	DONE
