[0;32mINFO[0;0m 2021-08-01 19:07:48,087 plmdca __init__ Created plmDCA instance with:
            biomolecule: RNA
            MSA sequence length: 38
            total number of (unweighted) sequences: 1274
            sequence identity: 0.8
            lambda_h: 7.4
            lambda_J: 7.4
            gradient decent iterations: 500
            number of threads: 40
        
[0;32mINFO[0;0m 2021-08-01 19:07:48,088 plmdca get_fields_and_couplings_from_backend 
	Computing fields and couplings using gradient decent
Iteration 1:
fx = 945.760193, xnorm = 9.753747, gnorm = 144.916336, step = 0.006222

Iteration 2:
fx = 631.349426, xnorm = 5.112180, gnorm = 236.189926, step = 0.386534

Iteration 3:
fx = 280.970703, xnorm = 3.383002, gnorm = 53.998966, step = 1.000000

Iteration 4:
fx = 248.945160, xnorm = 2.586110, gnorm = 20.195536, step = 1.000000

Iteration 5:
fx = 247.532349, xnorm = 2.500018, gnorm = 14.334249, step = 0.421163

Iteration 6:
fx = 246.878052, xnorm = 2.381150, gnorm = 3.110011, step = 1.000000

Iteration 7:
fx = 246.787689, xnorm = 2.372429, gnorm = 1.866010, step = 1.000000

Iteration 8:
fx = 246.727982, xnorm = 2.359790, gnorm = 1.420517, step = 1.000000

Iteration 9:
fx = 246.711426, xnorm = 2.355396, gnorm = 1.243039, step = 1.000000

Iteration 10:
fx = 246.706863, xnorm = 2.358034, gnorm = 0.213773, step = 1.000000

L-BFGS optimization terminated with status code = -1001
fx = 246.706833
[0;32mINFO[0;0m 2021-08-01 19:07:48,273 plmdca get_fields_and_couplings_from_backend 
	Data size expected from plmDCA backend: 17765
[0;32mINFO[0;0m 2021-08-01 19:07:48,273 plmdca get_fields_and_couplings_from_backend 
	Data size obtained from plmDCA backend to Python: 17765
[0;32mINFO[0;0m 2021-08-01 19:07:48,289 plmdca compute_sorted_FN 
	Computing non-APC sorted DCA score
[0;32mINFO[0;0m 2021-08-01 19:07:48,335 plmdca compute_sorted_FN_APC 
	Performing average product correction (APC) of FN  of DCA scores
[0;32mINFO[0;0m 2021-08-01 19:07:48,340 dca_utilities write_sorted_dca_scores 
	Writing DCA scores to file PLMDCA_output_1zho_B/PLMDCA_apc_fn_scores_1zho_B.txt
