[0;32mINFO[0;0m 2021-10-28 10:13:18,300 plmdca __init__ Created plmDCA instance with:
            biomolecule: RNA
            MSA sequence length: 76
            total number of (unweighted) sequences: 50000
            sequence identity: 0.8
            lambda_h: 15.0
            lambda_J: 15.0
            gradient decent iterations: 500
            number of threads: 40
        
[0;32mINFO[0;0m 2021-10-28 10:13:18,302 plmdca get_fields_and_couplings_from_backend 
	Computing fields and couplings using gradient decent
Iteration 1:
fx = 73083.531250, xnorm = 32.947460, gnorm = 4229.952148, step = 0.000068

Iteration 2:
fx = 71815.195312, xnorm = 32.821194, gnorm = 5146.525879, step = 1.000000

Iteration 3:
fx = 69436.554688, xnorm = 32.517654, gnorm = 8044.009766, step = 1.000000

Iteration 4:
fx = 63829.871094, xnorm = 31.970469, gnorm = 10438.736328, step = 1.000000

Iteration 5:
fx = 53452.394531, xnorm = 31.738153, gnorm = 9383.854492, step = 1.000000

Iteration 6:
fx = 48079.089844, xnorm = 32.542900, gnorm = 5253.370117, step = 1.000000

Iteration 7:
fx = 46165.402344, xnorm = 32.717358, gnorm = 2621.371826, step = 1.000000

Iteration 8:
fx = 45339.355469, xnorm = 32.784454, gnorm = 1908.072632, step = 1.000000

Iteration 9:
fx = 44284.710938, xnorm = 32.822559, gnorm = 1910.660034, step = 1.000000

Iteration 10:
fx = 43069.453125, xnorm = 32.889416, gnorm = 3656.037842, step = 1.000000

Iteration 11:
fx = 41377.546875, xnorm = 32.810204, gnorm = 2679.447021, step = 1.000000

Iteration 12:
fx = 39982.230469, xnorm = 32.582741, gnorm = 2589.235840, step = 1.000000

Iteration 13:
fx = 38682.796875, xnorm = 32.069462, gnorm = 2922.399170, step = 1.000000

Iteration 14:
fx = 37254.484375, xnorm = 31.166941, gnorm = 2217.484863, step = 1.000000

Iteration 15:
fx = 36788.546875, xnorm = 30.002005, gnorm = 3497.885986, step = 1.000000

Iteration 16:
fx = 35990.773438, xnorm = 29.974356, gnorm = 1462.818604, step = 1.000000

Iteration 17:
fx = 35645.324219, xnorm = 29.692244, gnorm = 1373.856079, step = 1.000000

Iteration 18:
fx = 35087.441406, xnorm = 28.949507, gnorm = 1834.595581, step = 1.000000

Iteration 19:
fx = 34822.449219, xnorm = 27.639240, gnorm = 3959.088623, step = 1.000000

Iteration 20:
fx = 34016.945312, xnorm = 27.411285, gnorm = 2338.719482, step = 1.000000

Iteration 21:
fx = 33460.546875, xnorm = 26.862705, gnorm = 2434.599121, step = 1.000000

Iteration 22:
fx = 33034.824219, xnorm = 26.413715, gnorm = 1742.671021, step = 1.000000

Iteration 23:
fx = 32510.205078, xnorm = 25.719982, gnorm = 1466.056030, step = 1.000000

Iteration 24:
fx = 32182.105469, xnorm = 25.218178, gnorm = 2145.734863, step = 1.000000

Iteration 25:
fx = 31744.927734, xnorm = 24.856369, gnorm = 1697.680664, step = 1.000000

Iteration 26:
fx = 31371.812500, xnorm = 24.459461, gnorm = 2030.300781, step = 1.000000

Iteration 27:
fx = 31120.228516, xnorm = 24.173172, gnorm = 1941.315186, step = 1.000000

Iteration 28:
fx = 30909.777344, xnorm = 24.159107, gnorm = 1223.968872, step = 1.000000

Iteration 29:
fx = 30639.767578, xnorm = 23.898802, gnorm = 1032.352783, step = 1.000000

Iteration 30:
fx = 30434.923828, xnorm = 23.623325, gnorm = 1277.382812, step = 1.000000

Iteration 31:
fx = 30249.302734, xnorm = 23.258541, gnorm = 1544.089355, step = 1.000000

Iteration 32:
fx = 30080.439453, xnorm = 23.184872, gnorm = 840.497070, step = 1.000000

Iteration 33:
fx = 29991.810547, xnorm = 23.156256, gnorm = 770.559998, step = 1.000000

Iteration 34:
fx = 29885.933594, xnorm = 23.072081, gnorm = 885.537537, step = 1.000000

Iteration 35:
fx = 29834.103516, xnorm = 22.908905, gnorm = 1446.958252, step = 1.000000

Iteration 36:
fx = 29709.058594, xnorm = 22.849857, gnorm = 647.299927, step = 1.000000

Iteration 37:
fx = 29653.517578, xnorm = 22.772476, gnorm = 522.271240, step = 1.000000

Iteration 38:
fx = 29607.292969, xnorm = 22.692228, gnorm = 518.442383, step = 1.000000

Iteration 39:
fx = 29564.777344, xnorm = 22.549919, gnorm = 741.660400, step = 1.000000

Iteration 40:
fx = 29516.562500, xnorm = 22.522539, gnorm = 366.154938, step = 1.000000

Iteration 41:
fx = 29493.337891, xnorm = 22.511314, gnorm = 439.590179, step = 1.000000

Iteration 42:
fx = 29458.458984, xnorm = 22.458073, gnorm = 575.799744, step = 1.000000

Iteration 43:
fx = 29432.195312, xnorm = 22.372545, gnorm = 728.260254, step = 1.000000

Iteration 44:
fx = 29399.671875, xnorm = 22.345106, gnorm = 313.841919, step = 1.000000

Iteration 45:
fx = 29385.394531, xnorm = 22.316027, gnorm = 266.038849, step = 1.000000

Iteration 46:
fx = 29372.167969, xnorm = 22.272388, gnorm = 263.885712, step = 1.000000

Iteration 47:
fx = 29363.777344, xnorm = 22.242773, gnorm = 291.047272, step = 0.394569

Iteration 48:
fx = 29355.494141, xnorm = 22.208248, gnorm = 195.947449, step = 1.000000

Iteration 49:
fx = 29347.773438, xnorm = 22.177879, gnorm = 191.321732, step = 1.000000

Iteration 50:
fx = 29343.220703, xnorm = 22.152706, gnorm = 202.537796, step = 0.404979

Iteration 51:
fx = 29335.039062, xnorm = 22.113132, gnorm = 173.521149, step = 1.000000

Iteration 52:
fx = 29331.609375, xnorm = 22.072735, gnorm = 335.397064, step = 1.000000

Iteration 53:
fx = 29323.242188, xnorm = 22.046770, gnorm = 150.410370, step = 1.000000

Iteration 54:
fx = 29319.201172, xnorm = 22.034750, gnorm = 133.743881, step = 1.000000

Iteration 55:
fx = 29317.158203, xnorm = 22.017527, gnorm = 175.605118, step = 1.000000

Iteration 56:
fx = 29313.953125, xnorm = 21.997776, gnorm = 116.257820, step = 1.000000

Iteration 57:
fx = 29311.812500, xnorm = 21.982376, gnorm = 90.966934, step = 1.000000

Iteration 58:
fx = 29311.406250, xnorm = 21.960106, gnorm = 156.597839, step = 1.000000

Iteration 59:
fx = 29309.056641, xnorm = 21.949444, gnorm = 82.130615, step = 1.000000

Iteration 60:
fx = 29307.371094, xnorm = 21.936527, gnorm = 79.788506, step = 1.000000

Iteration 61:
fx = 29305.724609, xnorm = 21.915482, gnorm = 84.547821, step = 1.000000

Iteration 62:
fx = 29305.480469, xnorm = 21.875374, gnorm = 236.283676, step = 1.000000

Iteration 63:
fx = 29303.287109, xnorm = 21.869894, gnorm = 73.594353, step = 1.000000

Iteration 64:
fx = 29302.919922, xnorm = 21.865570, gnorm = 50.395824, step = 1.000000

Iteration 65:
fx = 29302.236328, xnorm = 21.852493, gnorm = 59.919231, step = 1.000000

Iteration 66:
fx = 29301.876953, xnorm = 21.830561, gnorm = 115.596733, step = 1.000000

Iteration 67:
fx = 29300.082031, xnorm = 21.810972, gnorm = 53.675144, step = 1.000000

Iteration 68:
fx = 29299.316406, xnorm = 21.803236, gnorm = 37.808033, step = 1.000000

Iteration 69:
fx = 29298.703125, xnorm = 21.793087, gnorm = 42.442471, step = 1.000000

Iteration 70:
fx = 29298.128906, xnorm = 21.776979, gnorm = 96.433823, step = 1.000000

Iteration 71:
fx = 29297.851562, xnorm = 21.774965, gnorm = 38.852474, step = 1.000000

Iteration 72:
fx = 29297.837891, xnorm = 21.772402, gnorm = 33.767460, step = 1.000000

Iteration 73:
fx = 29297.591797, xnorm = 21.766670, gnorm = 39.204853, step = 1.000000

Iteration 74:
fx = 29297.515625, xnorm = 21.754375, gnorm = 63.470367, step = 1.000000

Iteration 75:
fx = 29296.576172, xnorm = 21.739944, gnorm = 60.333130, step = 1.000000

Iteration 76:
fx = 29296.554688, xnorm = 21.740583, gnorm = 49.620834, step = 0.248688

Iteration 77:
fx = 29296.542969, xnorm = 21.741135, gnorm = 36.435936, step = 0.271776

Iteration 78:
fx = 29296.500000, xnorm = 21.741261, gnorm = 26.727381, step = 0.259946

L-BFGS optimization terminated with status code = -1001
fx = 29296.496094
[0;32mINFO[0;0m 2021-10-28 10:13:49,526 plmdca get_fields_and_couplings_from_backend 
	Data size expected from plmDCA backend: 71630
[0;32mINFO[0;0m 2021-10-28 10:13:49,526 plmdca get_fields_and_couplings_from_backend 
	Data size obtained from plmDCA backend to Python: 71630
[0;32mINFO[0;0m 2021-10-28 10:13:49,572 plmdca compute_sorted_FN 
	Computing non-APC sorted DCA score
[0;32mINFO[0;0m 2021-10-28 10:13:49,710 plmdca compute_sorted_FN_APC 
	Performing average product correction (APC) of FN  of DCA scores
[0;32mINFO[0;0m 2021-10-28 10:13:49,732 dca_utilities write_sorted_dca_scores 
	Writing DCA scores to file PLMDCA_output_4v90_AV/PLMDCA_apc_fn_scores_4v90_AV.txt
