[0;32mINFO[0;0m 2021-08-19 11:14:32,909 plmdca __init__ Created plmDCA instance with:
            biomolecule: RNA
            MSA sequence length: 75
            total number of (unweighted) sequences: 50000
            sequence identity: 0.8
            lambda_h: 14.8
            lambda_J: 14.8
            gradient decent iterations: 500
            number of threads: 40
        
[0;32mINFO[0;0m 2021-08-19 11:14:32,910 plmdca get_fields_and_couplings_from_backend 
	Computing fields and couplings using gradient decent
Iteration 1:
fx = 130687.718750, xnorm = 34.128178, gnorm = 8623.278320, step = 0.000032

Iteration 2:
fx = 128139.781250, xnorm = 34.070038, gnorm = 9570.349609, step = 1.000000

Iteration 3:
fx = 123070.835938, xnorm = 33.921345, gnorm = 15770.661133, step = 1.000000

Iteration 4:
fx = 112364.984375, xnorm = 33.774704, gnorm = 17209.886719, step = 1.000000

Iteration 5:
fx = 101612.734375, xnorm = 34.601982, gnorm = 23314.658203, step = 1.000000

Iteration 6:
fx = 90076.210938, xnorm = 35.606991, gnorm = 11426.541992, step = 1.000000

Iteration 7:
fx = 85649.164062, xnorm = 35.662411, gnorm = 6773.772949, step = 1.000000

Iteration 8:
fx = 83499.726562, xnorm = 35.850716, gnorm = 9223.685547, step = 1.000000

Iteration 9:
fx = 81232.421875, xnorm = 36.082832, gnorm = 3711.700928, step = 1.000000

Iteration 10:
fx = 80090.968750, xnorm = 36.414932, gnorm = 3835.540527, step = 1.000000

Iteration 11:
fx = 77320.593750, xnorm = 37.633080, gnorm = 4870.559570, step = 1.000000

Iteration 12:
fx = 75547.593750, xnorm = 38.709675, gnorm = 5636.526367, step = 1.000000

Iteration 13:
fx = 73352.359375, xnorm = 38.856194, gnorm = 4100.143555, step = 1.000000

Iteration 14:
fx = 71383.843750, xnorm = 38.831890, gnorm = 3559.810791, step = 0.448208

Iteration 15:
fx = 69943.796875, xnorm = 38.754314, gnorm = 3670.625244, step = 1.000000

Iteration 16:
fx = 68922.828125, xnorm = 38.124809, gnorm = 7270.256836, step = 1.000000

Iteration 17:
fx = 67017.679688, xnorm = 37.471397, gnorm = 3463.270264, step = 1.000000

Iteration 18:
fx = 66290.500000, xnorm = 37.072613, gnorm = 3100.607422, step = 1.000000

Iteration 19:
fx = 64945.343750, xnorm = 35.826324, gnorm = 2850.541260, step = 1.000000

Iteration 20:
fx = 64380.398438, xnorm = 35.313953, gnorm = 3317.931641, step = 0.351749

Iteration 21:
fx = 63628.851562, xnorm = 34.692505, gnorm = 2799.096924, step = 1.000000

Iteration 22:
fx = 63182.863281, xnorm = 34.342892, gnorm = 2608.341064, step = 1.000000

Iteration 23:
fx = 62520.492188, xnorm = 33.782692, gnorm = 2530.330811, step = 1.000000

Iteration 24:
fx = 61916.355469, xnorm = 33.178986, gnorm = 3398.379395, step = 1.000000

Iteration 25:
fx = 61331.296875, xnorm = 32.584938, gnorm = 3935.345215, step = 1.000000

Iteration 26:
fx = 60593.562500, xnorm = 32.574497, gnorm = 3087.456787, step = 1.000000

Iteration 27:
fx = 59572.753906, xnorm = 32.219479, gnorm = 3923.763184, step = 1.000000

Iteration 28:
fx = 58877.234375, xnorm = 31.884697, gnorm = 2878.571289, step = 1.000000

Iteration 29:
fx = 58396.332031, xnorm = 31.666725, gnorm = 2064.745361, step = 1.000000

Iteration 30:
fx = 57807.140625, xnorm = 31.167349, gnorm = 1965.199585, step = 1.000000

Iteration 31:
fx = 57655.125000, xnorm = 30.798418, gnorm = 3387.450684, step = 1.000000

Iteration 32:
fx = 57226.277344, xnorm = 30.731909, gnorm = 2332.086914, step = 1.000000

Iteration 33:
fx = 56735.761719, xnorm = 30.484690, gnorm = 3596.177490, step = 1.000000

Iteration 34:
fx = 56262.316406, xnorm = 30.272825, gnorm = 2568.484131, step = 1.000000

Iteration 35:
fx = 55663.746094, xnorm = 29.902424, gnorm = 2390.636475, step = 1.000000

Iteration 36:
fx = 55241.164062, xnorm = 29.523098, gnorm = 4279.831543, step = 1.000000

Iteration 37:
fx = 54671.003906, xnorm = 29.426485, gnorm = 2323.717285, step = 1.000000

Iteration 38:
fx = 54485.710938, xnorm = 29.434095, gnorm = 1642.325195, step = 1.000000

Iteration 39:
fx = 54337.488281, xnorm = 29.368223, gnorm = 2673.031738, step = 1.000000

Iteration 40:
fx = 54130.078125, xnorm = 29.334158, gnorm = 1515.551880, step = 1.000000

Iteration 41:
fx = 53912.128906, xnorm = 29.268616, gnorm = 1501.642456, step = 1.000000

Iteration 42:
fx = 53618.871094, xnorm = 29.173925, gnorm = 1810.402222, step = 1.000000

Iteration 43:
fx = 53307.562500, xnorm = 29.094482, gnorm = 2231.863281, step = 1.000000

Iteration 44:
fx = 53132.828125, xnorm = 29.077330, gnorm = 1890.917480, step = 0.452997

Iteration 45:
fx = 52937.832031, xnorm = 29.065136, gnorm = 1284.847290, step = 1.000000

Iteration 46:
fx = 52831.550781, xnorm = 29.039152, gnorm = 2027.797363, step = 1.000000

Iteration 47:
fx = 52697.308594, xnorm = 29.016438, gnorm = 1095.434204, step = 1.000000

Iteration 48:
fx = 52600.218750, xnorm = 28.977104, gnorm = 872.416565, step = 1.000000

Iteration 49:
fx = 52503.671875, xnorm = 28.912981, gnorm = 957.201416, step = 1.000000

Iteration 50:
fx = 52439.355469, xnorm = 28.864964, gnorm = 1250.841064, step = 0.450944

Iteration 51:
fx = 52347.906250, xnorm = 28.804937, gnorm = 947.631531, step = 1.000000

Iteration 52:
fx = 52270.089844, xnorm = 28.699789, gnorm = 1381.034790, step = 1.000000

Iteration 53:
fx = 52191.058594, xnorm = 28.663433, gnorm = 794.782959, step = 1.000000

Iteration 54:
fx = 52148.453125, xnorm = 28.648016, gnorm = 665.983948, step = 1.000000

Iteration 55:
fx = 52068.335938, xnorm = 28.554508, gnorm = 1158.358032, step = 1.000000

Iteration 56:
fx = 52040.062500, xnorm = 28.424824, gnorm = 1653.154053, step = 1.000000

Iteration 57:
fx = 51965.007812, xnorm = 28.441465, gnorm = 655.110962, step = 1.000000

Iteration 58:
fx = 51936.289062, xnorm = 28.412691, gnorm = 457.838226, step = 1.000000

Iteration 59:
fx = 51906.875000, xnorm = 28.349525, gnorm = 607.901611, step = 1.000000

Iteration 60:
fx = 51905.257812, xnorm = 28.242886, gnorm = 1412.140503, step = 1.000000

Iteration 61:
fx = 51846.500000, xnorm = 28.212521, gnorm = 510.770630, step = 1.000000

Iteration 62:
fx = 51815.246094, xnorm = 28.176149, gnorm = 396.909424, step = 1.000000

Iteration 63:
fx = 51789.195312, xnorm = 28.121273, gnorm = 508.922485, step = 1.000000

Iteration 64:
fx = 51751.019531, xnorm = 28.046278, gnorm = 546.509094, step = 1.000000

Iteration 65:
fx = 51730.539062, xnorm = 27.977341, gnorm = 654.230469, step = 0.299375

Iteration 66:
fx = 51694.089844, xnorm = 27.863466, gnorm = 336.274597, step = 1.000000

Iteration 67:
fx = 51684.179688, xnorm = 27.828781, gnorm = 416.405823, step = 1.000000

Iteration 68:
fx = 51672.394531, xnorm = 27.794266, gnorm = 356.158569, step = 1.000000

Iteration 69:
fx = 51661.746094, xnorm = 27.699118, gnorm = 606.215515, step = 1.000000

Iteration 70:
fx = 51641.636719, xnorm = 27.633087, gnorm = 330.470032, step = 1.000000

Iteration 71:
fx = 51633.960938, xnorm = 27.619164, gnorm = 251.305801, step = 1.000000

Iteration 72:
fx = 51625.039062, xnorm = 27.549421, gnorm = 409.710236, step = 1.000000

Iteration 73:
fx = 51622.847656, xnorm = 27.490704, gnorm = 493.417633, step = 1.000000

Iteration 74:
fx = 51615.539062, xnorm = 27.502777, gnorm = 188.451614, step = 1.000000

Iteration 75:
fx = 51612.179688, xnorm = 27.489519, gnorm = 144.045502, step = 1.000000

Iteration 76:
fx = 51606.195312, xnorm = 27.444750, gnorm = 198.634872, step = 1.000000

Iteration 77:
fx = 51604.722656, xnorm = 27.423704, gnorm = 206.335236, step = 0.340715

Iteration 78:
fx = 51598.625000, xnorm = 27.360445, gnorm = 172.712585, step = 1.000000

Iteration 79:
fx = 51592.187500, xnorm = 27.289799, gnorm = 235.256454, step = 1.000000

Iteration 80:
fx = 51589.253906, xnorm = 27.221552, gnorm = 398.231232, step = 1.000000

Iteration 81:
fx = 51586.949219, xnorm = 27.254648, gnorm = 112.688805, step = 1.000000

Iteration 82:
fx = 51586.531250, xnorm = 27.260208, gnorm = 94.576546, step = 1.000000

Iteration 83:
fx = 51584.417969, xnorm = 27.260517, gnorm = 126.029152, step = 1.000000

Iteration 84:
fx = 51581.078125, xnorm = 27.241657, gnorm = 154.196884, step = 1.000000

Iteration 85:
fx = 51578.378906, xnorm = 27.195028, gnorm = 206.530655, step = 1.000000

Iteration 86:
fx = 51574.933594, xnorm = 27.173672, gnorm = 99.339447, step = 1.000000

Iteration 87:
fx = 51574.066406, xnorm = 27.158388, gnorm = 87.055710, step = 1.000000

Iteration 88:
fx = 51572.230469, xnorm = 27.125357, gnorm = 118.921394, step = 1.000000

Iteration 89:
fx = 51571.621094, xnorm = 27.097567, gnorm = 108.373711, step = 1.000000

Iteration 90:
fx = 51571.281250, xnorm = 27.093700, gnorm = 88.918198, step = 1.000000

Iteration 91:
fx = 51570.355469, xnorm = 27.083338, gnorm = 97.253548, step = 1.000000

Iteration 92:
fx = 51570.238281, xnorm = 27.078089, gnorm = 77.432106, step = 0.210679

Iteration 93:
fx = 51570.210938, xnorm = 27.061245, gnorm = 78.013786, step = 1.000000

Iteration 94:
fx = 51569.937500, xnorm = 27.045774, gnorm = 56.708279, step = 1.000000

Iteration 95:
fx = 51569.882812, xnorm = 27.042616, gnorm = 44.035015, step = 0.198073

Iteration 96:
fx = 51569.839844, xnorm = 27.029215, gnorm = 54.016266, step = 1.000000

L-BFGS optimization terminated with status code = -1001
fx = 51569.796875
[0;32mINFO[0;0m 2021-08-19 11:15:09,518 plmdca get_fields_and_couplings_from_backend 
	Data size expected from plmDCA backend: 69750
[0;32mINFO[0;0m 2021-08-19 11:15:09,518 plmdca get_fields_and_couplings_from_backend 
	Data size obtained from plmDCA backend to Python: 69750
[0;32mINFO[0;0m 2021-08-19 11:15:09,562 plmdca compute_sorted_FN 
	Computing non-APC sorted DCA score
[0;32mINFO[0;0m 2021-08-19 11:15:09,691 plmdca compute_sorted_FN_APC 
	Performing average product correction (APC) of FN  of DCA scores
[0;32mINFO[0;0m 2021-08-19 11:15:09,714 dca_utilities write_sorted_dca_scores 
	Writing DCA scores to file PLMDCA_output_1yfg_A/PLMDCA_apc_fn_scores_1yfg_A.txt
