[0;32mINFO[0;0m 2021-05-22 19:58:06,413 plmdca __init__ Created plmDCA instance with:
            biomolecule: RNA
            MSA sequence length: 77
            total number of (unweighted) sequences: 12594
            sequence identity: 0.8
            lambda_h: 15.200000000000001
            lambda_J: 15.200000000000001
            gradient decent iterations: 500
            number of threads: 40
        
[0;32mINFO[0;0m 2021-05-22 19:58:06,414 plmdca get_fields_and_couplings_from_backend 
	Computing fields and couplings using gradient decent
Iteration 1:
fx = 96854.851562, xnorm = 32.874130, gnorm = 5143.950195, step = 0.000037

Iteration 2:
fx = 95478.359375, xnorm = 32.776653, gnorm = 6377.709473, step = 1.000000

Iteration 3:
fx = 93613.437500, xnorm = 32.632107, gnorm = 8026.386230, step = 1.000000

Iteration 4:
fx = 89239.453125, xnorm = 32.145092, gnorm = 15113.373047, step = 1.000000

Iteration 5:
fx = 80719.859375, xnorm = 31.897373, gnorm = 9639.028320, step = 1.000000

Iteration 6:
fx = 73328.492188, xnorm = 31.928232, gnorm = 4133.222168, step = 1.000000

Iteration 7:
fx = 70766.421875, xnorm = 32.305183, gnorm = 3821.307373, step = 1.000000

Iteration 8:
fx = 69717.835938, xnorm = 32.776241, gnorm = 4448.253418, step = 1.000000

Iteration 9:
fx = 68871.835938, xnorm = 32.756756, gnorm = 2245.635986, step = 1.000000

Iteration 10:
fx = 68187.210938, xnorm = 32.641808, gnorm = 2725.512451, step = 1.000000

Iteration 11:
fx = 66665.210938, xnorm = 32.244225, gnorm = 4181.043457, step = 1.000000

Iteration 12:
fx = 64516.843750, xnorm = 31.684275, gnorm = 6375.465332, step = 1.000000

Iteration 13:
fx = 62801.351562, xnorm = 31.229069, gnorm = 6298.023438, step = 1.000000

Iteration 14:
fx = 61220.675781, xnorm = 31.083397, gnorm = 3079.333496, step = 1.000000

Iteration 15:
fx = 60555.882812, xnorm = 30.906134, gnorm = 2482.790771, step = 1.000000

Iteration 16:
fx = 60087.367188, xnorm = 30.677357, gnorm = 2452.216064, step = 1.000000

Iteration 17:
fx = 59552.085938, xnorm = 30.021713, gnorm = 4319.730469, step = 1.000000

Iteration 18:
fx = 58700.878906, xnorm = 29.747862, gnorm = 2504.877441, step = 1.000000

Iteration 19:
fx = 58154.261719, xnorm = 29.543165, gnorm = 2407.389648, step = 1.000000

Iteration 20:
fx = 57217.753906, xnorm = 28.822668, gnorm = 3010.727539, step = 1.000000

Iteration 21:
fx = 56977.335938, xnorm = 27.906744, gnorm = 5402.946777, step = 1.000000

Iteration 22:
fx = 55858.960938, xnorm = 27.956034, gnorm = 1922.732178, step = 1.000000

Iteration 23:
fx = 55501.406250, xnorm = 27.815035, gnorm = 1809.051025, step = 1.000000

Iteration 24:
fx = 54757.734375, xnorm = 27.247274, gnorm = 2426.605713, step = 1.000000

Iteration 25:
fx = 54444.562500, xnorm = 27.000223, gnorm = 2654.812744, step = 0.298093

Iteration 26:
fx = 53900.714844, xnorm = 26.493690, gnorm = 2197.068115, step = 1.000000

Iteration 27:
fx = 53374.789062, xnorm = 25.915766, gnorm = 3142.739014, step = 1.000000

Iteration 28:
fx = 52898.570312, xnorm = 25.500465, gnorm = 2084.256836, step = 1.000000

Iteration 29:
fx = 52656.296875, xnorm = 25.501118, gnorm = 1520.201660, step = 1.000000

Iteration 30:
fx = 52248.160156, xnorm = 25.295080, gnorm = 1526.803345, step = 1.000000

Iteration 31:
fx = 51965.222656, xnorm = 24.983994, gnorm = 1896.788574, step = 1.000000

Iteration 32:
fx = 51712.507812, xnorm = 24.726318, gnorm = 1392.470581, step = 1.000000

Iteration 33:
fx = 51489.597656, xnorm = 24.483179, gnorm = 1413.167236, step = 1.000000

Iteration 34:
fx = 51321.816406, xnorm = 24.287258, gnorm = 1562.655518, step = 1.000000

Iteration 35:
fx = 51118.781250, xnorm = 24.174107, gnorm = 1177.058838, step = 1.000000

Iteration 36:
fx = 50847.027344, xnorm = 23.913769, gnorm = 1216.035522, step = 1.000000

Iteration 37:
fx = 50735.734375, xnorm = 23.718250, gnorm = 1996.165527, step = 1.000000

Iteration 38:
fx = 50571.300781, xnorm = 23.647720, gnorm = 1136.187134, step = 1.000000

Iteration 39:
fx = 50425.585938, xnorm = 23.526903, gnorm = 964.264038, step = 1.000000

Iteration 40:
fx = 50325.433594, xnorm = 23.394260, gnorm = 1075.271362, step = 1.000000

Iteration 41:
fx = 50258.308594, xnorm = 23.159338, gnorm = 1619.162964, step = 1.000000

Iteration 42:
fx = 50137.984375, xnorm = 23.146358, gnorm = 769.006653, step = 1.000000

Iteration 43:
fx = 50096.566406, xnorm = 23.138071, gnorm = 650.469543, step = 1.000000

Iteration 44:
fx = 50025.789062, xnorm = 23.049417, gnorm = 672.182922, step = 1.000000

Iteration 45:
fx = 50019.472656, xnorm = 22.862534, gnorm = 1910.656250, step = 1.000000

Iteration 46:
fx = 49914.316406, xnorm = 22.835562, gnorm = 711.364136, step = 1.000000

Iteration 47:
fx = 49879.382812, xnorm = 22.783686, gnorm = 479.640900, step = 1.000000

Iteration 48:
fx = 49851.660156, xnorm = 22.712437, gnorm = 513.441650, step = 1.000000

Iteration 49:
fx = 49813.082031, xnorm = 22.598242, gnorm = 708.474854, step = 1.000000

Iteration 50:
fx = 49785.609375, xnorm = 22.531464, gnorm = 518.615356, step = 0.430230

Iteration 51:
fx = 49768.273438, xnorm = 22.499235, gnorm = 371.600494, step = 1.000000

Iteration 52:
fx = 49751.714844, xnorm = 22.458250, gnorm = 437.239380, step = 1.000000

Iteration 53:
fx = 49735.226562, xnorm = 22.405155, gnorm = 505.787201, step = 1.000000

Iteration 54:
fx = 49717.890625, xnorm = 22.381945, gnorm = 389.467255, step = 1.000000

Iteration 55:
fx = 49701.652344, xnorm = 22.318895, gnorm = 414.508270, step = 1.000000

Iteration 56:
fx = 49689.625000, xnorm = 22.272652, gnorm = 381.141846, step = 1.000000

Iteration 57:
fx = 49679.195312, xnorm = 22.224939, gnorm = 283.933990, step = 1.000000

Iteration 58:
fx = 49669.539062, xnorm = 22.149164, gnorm = 330.098755, step = 1.000000

Iteration 59:
fx = 49664.000000, xnorm = 22.103136, gnorm = 362.075409, step = 1.000000

Iteration 60:
fx = 49657.750000, xnorm = 22.097254, gnorm = 217.120956, step = 1.000000

Iteration 61:
fx = 49652.679688, xnorm = 22.084108, gnorm = 189.829254, step = 1.000000

Iteration 62:
fx = 49646.519531, xnorm = 22.049301, gnorm = 252.512573, step = 1.000000

Iteration 63:
fx = 49639.796875, xnorm = 21.984467, gnorm = 423.107666, step = 1.000000

Iteration 64:
fx = 49631.769531, xnorm = 21.955013, gnorm = 227.547180, step = 1.000000

Iteration 65:
fx = 49627.460938, xnorm = 21.938383, gnorm = 154.147003, step = 1.000000

Iteration 66:
fx = 49623.300781, xnorm = 21.917181, gnorm = 151.049377, step = 1.000000

Iteration 67:
fx = 49619.781250, xnorm = 21.883156, gnorm = 229.950974, step = 1.000000

Iteration 68:
fx = 49613.921875, xnorm = 21.848059, gnorm = 145.721588, step = 1.000000

Iteration 69:
fx = 49611.199219, xnorm = 21.833029, gnorm = 116.267586, step = 1.000000

Iteration 70:
fx = 49608.175781, xnorm = 21.809835, gnorm = 135.909576, step = 1.000000

Iteration 71:
fx = 49606.566406, xnorm = 21.795311, gnorm = 140.273514, step = 0.427144

Iteration 72:
fx = 49605.757812, xnorm = 21.791765, gnorm = 97.887215, step = 1.000000

Iteration 73:
fx = 49604.429688, xnorm = 21.778631, gnorm = 80.941963, step = 1.000000

Iteration 74:
fx = 49603.890625, xnorm = 21.764647, gnorm = 145.015350, step = 1.000000

Iteration 75:
fx = 49603.097656, xnorm = 21.757736, gnorm = 91.066498, step = 1.000000

Iteration 76:
fx = 49602.140625, xnorm = 21.741144, gnorm = 71.615471, step = 1.000000

Iteration 77:
fx = 49601.683594, xnorm = 21.726555, gnorm = 84.667847, step = 1.000000

Iteration 78:
fx = 49601.480469, xnorm = 21.718721, gnorm = 74.488380, step = 0.255857

Iteration 79:
fx = 49601.023438, xnorm = 21.694807, gnorm = 64.754196, step = 1.000000

Iteration 80:
fx = 49600.945312, xnorm = 21.684910, gnorm = 66.568535, step = 1.000000

Iteration 81:
fx = 49600.378906, xnorm = 21.677994, gnorm = 58.591122, step = 1.000000

Iteration 82:
fx = 49600.007812, xnorm = 21.672054, gnorm = 51.644783, step = 1.000000

Iteration 83:
fx = 49599.589844, xnorm = 21.664019, gnorm = 64.885338, step = 1.000000

Iteration 84:
fx = 49599.191406, xnorm = 21.657284, gnorm = 56.319569, step = 1.000000

Iteration 85:
fx = 49599.152344, xnorm = 21.656231, gnorm = 47.775829, step = 0.277640

Iteration 86:
fx = 49599.113281, xnorm = 21.654671, gnorm = 37.444550, step = 0.233116

Iteration 87:
fx = 49598.933594, xnorm = 21.647196, gnorm = 60.825409, step = 1.000000

Iteration 88:
fx = 49598.917969, xnorm = 21.646339, gnorm = 46.578720, step = 0.137984

Iteration 89:
fx = 49598.894531, xnorm = 21.643742, gnorm = 36.552124, step = 1.000000

Iteration 90:
fx = 49598.761719, xnorm = 21.641481, gnorm = 45.521816, step = 1.000000

Iteration 91:
fx = 49598.296875, xnorm = 21.635439, gnorm = 46.487263, step = 1.000000

Iteration 92:
fx = 49597.824219, xnorm = 21.627663, gnorm = 48.397343, step = 1.000000

Iteration 93:
fx = 49597.390625, xnorm = 21.620094, gnorm = 49.914772, step = 1.000000

Iteration 94:
fx = 49597.355469, xnorm = 21.620499, gnorm = 43.480671, step = 0.175824

L-BFGS optimization terminated with status code = -1001
fx = 49597.347656
[0;32mINFO[0;0m 2021-05-22 19:58:21,098 plmdca get_fields_and_couplings_from_backend 
	Data size expected from plmDCA backend: 73535
[0;32mINFO[0;0m 2021-05-22 19:58:21,099 plmdca get_fields_and_couplings_from_backend 
	Data size obtained from plmDCA backend to Python: 73535
[0;32mINFO[0;0m 2021-05-22 19:58:21,167 plmdca compute_sorted_FN 
	Computing non-APC sorted DCA score
[0;32mINFO[0;0m 2021-05-22 19:58:21,325 plmdca compute_sorted_FN_APC 
	Performing average product correction (APC) of FN  of DCA scores
[0;32mINFO[0;0m 2021-05-22 19:58:21,378 dca_utilities write_sorted_dca_scores 
	Writing DCA scores to file PLMDCA_output_3d2v_A/PLMDCA_apc_fn_scores_3d2v_A.txt
