[0;32mINFO[0;0m 2021-10-27 21:49:44,706 fasta_reader get_alignment_int_form 
	Total number of sequences read from file: 2
[0;32mINFO[0;0m 2021-10-27 21:49:44,706 meanfield_dca compute_sequences_weight 
	Computing sequences weights
[0;32mINFO[0;0m 2021-10-27 21:49:45,522 meanfield_dca __init__ 
	Created a MeanFieldDCA object with the following attributes
        	biomolecule: RNA
        	total states at sites: 5
        	pseudocount: 0.5
        	sequence identity: 0.8
        	alignment length: 42
        	total number of unique sequences (excluding redundant sequences with 100 percent similarity): 2
        	effective number of sequences (with sequence identity 0.8): 2.0
        
[0;32mINFO[0;0m 2021-10-27 21:49:45,524 meanfield_dca get_single_site_freqs 
	Computing single site frequencies
[0;32mINFO[0;0m 2021-10-27 21:49:45,882 meanfield_dca get_reg_single_site_freqs 
	Regularizing single site frequencies
[0;32mINFO[0;0m 2021-10-27 21:49:46,004 meanfield_dca get_pair_site_freqs 
	Computing pair site frequencies
[0;32mINFO[0;0m 2021-10-27 21:49:49,198 meanfield_dca get_reg_pair_site_freqs 
	Regularizing pair site frequencies
[0;32mINFO[0;0m 2021-10-27 21:49:49,400 meanfield_dca construct_corr_mat 
	Constructing the correlation matrix
[0;32mINFO[0;0m 2021-10-27 21:49:49,725 meanfield_dca compute_couplings 
	Computing couplings
[0;32mINFO[0;0m 2021-10-27 21:49:50,203 meanfield_dca compute_couplings 
	Maximum and minimum couplings: 0.46404341926733517, -20.000000000000007
[0;32mINFO[0;0m 2021-10-27 21:49:50,203 meanfield_dca compute_sorted_FN 
	Computing Frobenius norm of couplings
[0;32mINFO[0;0m 2021-10-27 21:49:50,295 meanfield_dca compute_sorted_FN_APC 
	Performing average product correction (APC) to Frobenius norm of couplings.
[0;32mINFO[0;0m 2021-10-27 21:49:50,303 dca_utilities write_sorted_dca_scores 
	Writing DCA scores to file MFDCA_output_5m0h_A/MFDCA_apc_fn_scores_5m0h_A.txt
[0;32mINFO[0;0m 2021-10-27 21:49:50,309 mfdca_main run_meanfield_dca 
	DONE
