[0;32mINFO[0;0m 2021-05-22 16:48:48,158 fasta_reader get_alignment_int_form 
	Found 37 non-standard residues in 22 sequences
[0;32mINFO[0;0m 2021-05-22 16:48:48,158 fasta_reader get_alignment_int_form 
	Total number of sequences read from file: 25000
[0;32mINFO[0;0m 2021-05-22 16:48:48,160 meanfield_dca compute_sequences_weight 
	Computing sequences weights
[0;32mINFO[0;0m 2021-05-22 16:48:49,887 meanfield_dca __init__ 
	Created a MeanFieldDCA object with the following attributes
        	biomolecule: RNA
        	total states at sites: 5
        	pseudocount: 0.5
        	sequence identity: 0.8
        	alignment length: 75
        	total number of unique sequences (excluding redundant sequences with 100 percent similarity): 20168
        	effective number of sequences (with sequence identity 0.8): 2321.905004562248
        
[0;32mINFO[0;0m 2021-05-22 16:48:49,888 meanfield_dca get_single_site_freqs 
	Computing single site frequencies
[0;32mINFO[0;0m 2021-05-22 16:48:50,418 meanfield_dca get_reg_single_site_freqs 
	Regularizing single site frequencies
[0;32mINFO[0;0m 2021-05-22 16:48:50,585 meanfield_dca get_pair_site_freqs 
	Computing pair site frequencies
[0;32mINFO[0;0m 2021-05-22 16:48:54,828 meanfield_dca get_reg_pair_site_freqs 
	Regularizing pair site frequencies
[0;32mINFO[0;0m 2021-05-22 16:48:55,096 meanfield_dca construct_corr_mat 
	Constructing the correlation matrix
[0;32mINFO[0;0m 2021-05-22 16:48:55,362 meanfield_dca compute_couplings 
	Computing couplings
[0;32mINFO[0;0m 2021-05-22 16:48:55,908 meanfield_dca compute_couplings 
	Maximum and minimum couplings: 3.6320526517417084, -19.483607959755872
[0;32mINFO[0;0m 2021-05-22 16:48:55,908 meanfield_dca compute_sorted_FN 
	Computing Frobenius norm of couplings
[0;32mINFO[0;0m 2021-05-22 16:48:56,086 meanfield_dca compute_sorted_FN_APC 
	Performing average product correction (APC) to Frobenius norm of couplings.
[0;32mINFO[0;0m 2021-05-22 16:48:56,102 dca_utilities write_sorted_dca_scores 
	Writing DCA scores to file MFDCA_output_5wwr_C/MFDCA_apc_fn_scores_5wwr_C.txt
[0;32mINFO[0;0m 2021-05-22 16:48:56,112 mfdca_main run_meanfield_dca 
	DONE
