[0;32mINFO[0;0m 2021-05-22 20:10:49,977 plmdca __init__ Created plmDCA instance with:
            biomolecule: RNA
            MSA sequence length: 58
            total number of (unweighted) sequences: 44
            sequence identity: 0.8
            lambda_h: 11.4
            lambda_J: 11.4
            gradient decent iterations: 500
            number of threads: 40
        
[0;32mINFO[0;0m 2021-05-22 20:10:49,977 plmdca get_fields_and_couplings_from_backend 
	Computing fields and couplings using gradient decent
Iteration 1:
fx = 1189.205200, xnorm = 8.796774, gnorm = 197.093353, step = 0.015638

Iteration 2:
fx = 910.559753, xnorm = 4.164292, gnorm = 308.841736, step = 1.000000

Iteration 3:
fx = 526.677246, xnorm = 4.699483, gnorm = 136.223297, step = 1.000000

Iteration 4:
fx = 397.762268, xnorm = 3.812600, gnorm = 56.619549, step = 1.000000

Iteration 5:
fx = 385.015778, xnorm = 3.491813, gnorm = 37.897282, step = 1.000000

Iteration 6:
fx = 376.637848, xnorm = 3.527577, gnorm = 8.982261, step = 1.000000

Iteration 7:
fx = 376.055695, xnorm = 3.496968, gnorm = 4.494653, step = 1.000000

Iteration 8:
fx = 375.768158, xnorm = 3.452392, gnorm = 2.581250, step = 1.000000

Iteration 9:
fx = 375.612091, xnorm = 3.441985, gnorm = 2.206726, step = 1.000000

Iteration 10:
fx = 375.610962, xnorm = 3.442468, gnorm = 1.820505, step = 0.195655

Iteration 11:
fx = 375.610260, xnorm = 3.442791, gnorm = 1.505034, step = 0.174764

L-BFGS optimization terminated with status code = -1001
fx = 375.609924
[0;32mINFO[0;0m 2021-05-22 20:10:50,231 plmdca get_fields_and_couplings_from_backend 
	Data size expected from plmDCA backend: 41615
[0;32mINFO[0;0m 2021-05-22 20:10:50,231 plmdca get_fields_and_couplings_from_backend 
	Data size obtained from plmDCA backend to Python: 41615
[0;32mINFO[0;0m 2021-05-22 20:10:50,269 plmdca compute_sorted_FN 
	Computing non-APC sorted DCA score
[0;32mINFO[0;0m 2021-05-22 20:10:50,352 plmdca compute_sorted_FN_APC 
	Performing average product correction (APC) of FN  of DCA scores
[0;32mINFO[0;0m 2021-05-22 20:10:50,363 dca_utilities write_sorted_dca_scores 
	Writing DCA scores to file PLMDCA_output_3lwo_D/PLMDCA_apc_fn_scores_3lwo_D.txt
