[0;32mINFO[0;0m 2021-08-19 10:54:48,899 fasta_reader get_alignment_int_form 
	Total number of sequences read from file: 107
[0;32mINFO[0;0m 2021-08-19 10:54:48,899 meanfield_dca compute_sequences_weight 
	Computing sequences weights
[0;32mINFO[0;0m 2021-08-19 10:54:49,774 meanfield_dca __init__ 
	Created a MeanFieldDCA object with the following attributes
        	biomolecule: RNA
        	total states at sites: 5
        	pseudocount: 0.5
        	sequence identity: 0.8
        	alignment length: 132
        	total number of unique sequences (excluding redundant sequences with 100 percent similarity): 107
        	effective number of sequences (with sequence identity 0.8): 59.350984277536
        
[0;32mINFO[0;0m 2021-08-19 10:54:49,774 meanfield_dca get_single_site_freqs 
	Computing single site frequencies
[0;32mINFO[0;0m 2021-08-19 10:54:50,135 meanfield_dca get_reg_single_site_freqs 
	Regularizing single site frequencies
[0;32mINFO[0;0m 2021-08-19 10:54:50,256 meanfield_dca get_pair_site_freqs 
	Computing pair site frequencies
[0;32mINFO[0;0m 2021-08-19 10:54:53,479 meanfield_dca get_reg_pair_site_freqs 
	Regularizing pair site frequencies
[0;32mINFO[0;0m 2021-08-19 10:54:53,681 meanfield_dca construct_corr_mat 
	Constructing the correlation matrix
[0;32mINFO[0;0m 2021-08-19 10:54:54,011 meanfield_dca compute_couplings 
	Computing couplings
[0;32mINFO[0;0m 2021-08-19 10:54:54,708 meanfield_dca compute_couplings 
	Maximum and minimum couplings: 2.8174320511142947, -19.999999999999993
[0;32mINFO[0;0m 2021-08-19 10:54:54,708 meanfield_dca compute_sorted_FN 
	Computing Frobenius norm of couplings
[0;32mINFO[0;0m 2021-08-19 10:54:55,166 meanfield_dca compute_sorted_FN_APC 
	Performing average product correction (APC) to Frobenius norm of couplings.
[0;32mINFO[0;0m 2021-08-19 10:54:55,256 dca_utilities write_sorted_dca_scores 
	Writing DCA scores to file MFDCA_output_6g7z_A/MFDCA_apc_fn_scores_6g7z_A.txt
[0;32mINFO[0;0m 2021-08-19 10:54:55,274 mfdca_main run_meanfield_dca 
	DONE
