[0;32mINFO[0;0m 2021-08-03 01:09:08,008 fasta_reader get_alignment_int_form 
	Found 6787 non-standard residues in 389 sequences
[0;32mINFO[0;0m 2021-08-03 01:09:08,008 fasta_reader get_alignment_int_form 
	Total number of sequences read from file: 390
[0;32mINFO[0;0m 2021-08-03 01:09:08,008 meanfield_dca compute_sequences_weight 
	Computing sequences weights
[0;32mINFO[0;0m 2021-08-03 01:09:09,597 meanfield_dca __init__ 
	Created a MeanFieldDCA object with the following attributes
        	biomolecule: RNA
        	total states at sites: 5
        	pseudocount: 0.5
        	sequence identity: 0.8
        	alignment length: 74
        	total number of unique sequences (excluding redundant sequences with 100 percent similarity): 366
        	effective number of sequences (with sequence identity 0.8): 3.0239210963961525
        
[0;32mINFO[0;0m 2021-08-03 01:09:09,597 meanfield_dca get_single_site_freqs 
	Computing single site frequencies
[0;32mINFO[0;0m 2021-08-03 01:09:10,282 meanfield_dca get_reg_single_site_freqs 
	Regularizing single site frequencies
[0;32mINFO[0;0m 2021-08-03 01:09:10,519 meanfield_dca get_pair_site_freqs 
	Computing pair site frequencies
[0;32mINFO[0;0m 2021-08-03 01:09:16,220 meanfield_dca get_reg_pair_site_freqs 
	Regularizing pair site frequencies
[0;32mINFO[0;0m 2021-08-03 01:09:16,566 meanfield_dca construct_corr_mat 
	Constructing the correlation matrix
[0;32mINFO[0;0m 2021-08-03 01:09:17,119 meanfield_dca compute_couplings 
	Computing couplings
[0;32mINFO[0;0m 2021-08-03 01:09:19,262 meanfield_dca compute_couplings 
	Maximum and minimum couplings: 3.845026972618947, -20.000000000000004
[0;32mINFO[0;0m 2021-08-03 01:09:19,262 meanfield_dca compute_sorted_FN 
	Computing Frobenius norm of couplings
[0;32mINFO[0;0m 2021-08-03 01:09:19,474 meanfield_dca compute_sorted_FN_APC 
	Performing average product correction (APC) to Frobenius norm of couplings.
[0;32mINFO[0;0m 2021-08-03 01:09:19,497 dca_utilities write_sorted_dca_scores 
	Writing DCA scores to file MFDCA_output_3moj_A/MFDCA_apc_fn_scores_3moj_A.txt
[0;32mINFO[0;0m 2021-08-03 01:09:19,505 mfdca_main run_meanfield_dca 
	DONE
