[0;32mINFO[0;0m 2021-05-22 19:56:49,985 plmdca __init__ Created plmDCA instance with:
            biomolecule: RNA
            MSA sequence length: 101
            total number of (unweighted) sequences: 736
            sequence identity: 0.8
            lambda_h: 20.0
            lambda_J: 20.0
            gradient decent iterations: 500
            number of threads: 40
        
[0;32mINFO[0;0m 2021-05-22 19:56:49,986 plmdca get_fields_and_couplings_from_backend 
	Computing fields and couplings using gradient decent
Iteration 1:
fx = 30874.437500, xnorm = 27.805653, gnorm = 2119.703857, step = 0.000484

Iteration 2:
fx = 28547.626953, xnorm = 26.548412, gnorm = 2952.632324, step = 1.000000

Iteration 3:
fx = 22345.742188, xnorm = 22.846607, gnorm = 3485.691406, step = 1.000000

Iteration 4:
fx = 19107.333984, xnorm = 21.025805, gnorm = 3210.276367, step = 1.000000

Iteration 5:
fx = 16422.996094, xnorm = 20.331167, gnorm = 1980.439819, step = 1.000000

Iteration 6:
fx = 14995.080078, xnorm = 19.509171, gnorm = 1316.136963, step = 1.000000

Iteration 7:
fx = 13657.262695, xnorm = 18.240704, gnorm = 1029.322998, step = 1.000000

Iteration 8:
fx = 12572.396484, xnorm = 16.794048, gnorm = 1268.461182, step = 1.000000

Iteration 9:
fx = 11618.609375, xnorm = 15.567880, gnorm = 1570.745728, step = 1.000000

Iteration 10:
fx = 10799.512695, xnorm = 15.465737, gnorm = 1025.290283, step = 1.000000

Iteration 11:
fx = 10435.918945, xnorm = 15.009753, gnorm = 887.059326, step = 1.000000

Iteration 12:
fx = 10169.299805, xnorm = 14.682137, gnorm = 603.376831, step = 1.000000

Iteration 13:
fx = 9916.117188, xnorm = 13.699994, gnorm = 734.533142, step = 1.000000

Iteration 14:
fx = 9766.439453, xnorm = 13.640466, gnorm = 427.818420, step = 1.000000

Iteration 15:
fx = 9632.792969, xnorm = 13.213058, gnorm = 298.967072, step = 1.000000

Iteration 16:
fx = 9527.820312, xnorm = 12.506946, gnorm = 326.297882, step = 1.000000

Iteration 17:
fx = 9470.788086, xnorm = 12.257552, gnorm = 354.749359, step = 1.000000

Iteration 18:
fx = 9433.690430, xnorm = 12.069442, gnorm = 254.407883, step = 1.000000

Iteration 19:
fx = 9416.931641, xnorm = 12.006218, gnorm = 156.820389, step = 1.000000

Iteration 20:
fx = 9404.416992, xnorm = 11.943371, gnorm = 153.179565, step = 1.000000

Iteration 21:
fx = 9391.901367, xnorm = 11.907207, gnorm = 140.981888, step = 1.000000

Iteration 22:
fx = 9386.466797, xnorm = 11.886716, gnorm = 187.423615, step = 1.000000

Iteration 23:
fx = 9378.867188, xnorm = 11.896688, gnorm = 76.032364, step = 1.000000

Iteration 24:
fx = 9376.891602, xnorm = 11.913365, gnorm = 52.878151, step = 1.000000

Iteration 25:
fx = 9375.267578, xnorm = 11.944589, gnorm = 53.721939, step = 1.000000

Iteration 26:
fx = 9374.655273, xnorm = 11.974598, gnorm = 74.131294, step = 1.000000

Iteration 27:
fx = 9373.756836, xnorm = 11.977575, gnorm = 34.860439, step = 1.000000

Iteration 28:
fx = 9373.279297, xnorm = 11.976467, gnorm = 28.704367, step = 1.000000

Iteration 29:
fx = 9372.847656, xnorm = 11.976988, gnorm = 24.511869, step = 1.000000

Iteration 30:
fx = 9372.285156, xnorm = 11.970749, gnorm = 31.205166, step = 1.000000

Iteration 31:
fx = 9371.623047, xnorm = 11.963580, gnorm = 27.182114, step = 1.000000

Iteration 32:
fx = 9371.252930, xnorm = 11.959320, gnorm = 14.861114, step = 1.000000

Iteration 33:
fx = 9370.827148, xnorm = 11.951347, gnorm = 10.735393, step = 1.000000

Iteration 34:
fx = 9370.747070, xnorm = 11.945547, gnorm = 20.935553, step = 1.000000

Iteration 35:
fx = 9370.613281, xnorm = 11.944965, gnorm = 9.308873, step = 1.000000

Iteration 36:
fx = 9370.517578, xnorm = 11.943662, gnorm = 6.769095, step = 1.000000

Iteration 37:
fx = 9370.466797, xnorm = 11.941889, gnorm = 7.576107, step = 1.000000

Iteration 38:
fx = 9370.323242, xnorm = 11.939225, gnorm = 8.353195, step = 1.000000

Iteration 39:
fx = 9370.300781, xnorm = 11.938030, gnorm = 7.719875, step = 0.344230

Iteration 40:
fx = 9370.295898, xnorm = 11.937586, gnorm = 3.739790, step = 1.000000

Iteration 41:
fx = 9370.282227, xnorm = 11.937464, gnorm = 2.835369, step = 1.000000

Iteration 42:
fx = 9370.278320, xnorm = 11.937347, gnorm = 2.813932, step = 1.000000

L-BFGS optimization terminated with status code = -1001
fx = 9370.278320
[0;32mINFO[0;0m 2021-05-22 19:56:51,430 plmdca get_fields_and_couplings_from_backend 
	Data size expected from plmDCA backend: 126755
[0;32mINFO[0;0m 2021-05-22 19:56:51,430 plmdca get_fields_and_couplings_from_backend 
	Data size obtained from plmDCA backend to Python: 126755
[0;32mINFO[0;0m 2021-05-22 19:56:51,528 plmdca compute_sorted_FN 
	Computing non-APC sorted DCA score
[0;32mINFO[0;0m 2021-05-22 19:56:51,937 plmdca compute_sorted_FN_APC 
	Performing average product correction (APC) of FN  of DCA scores
[0;32mINFO[0;0m 2021-05-22 19:56:52,002 dca_utilities write_sorted_dca_scores 
	Writing DCA scores to file PLMDCA_output_6cc1_A/PLMDCA_apc_fn_scores_6cc1_A.txt
