[0;32mINFO[0;0m 2021-06-10 13:35:33,220 fasta_reader get_alignment_int_form 
	Found 1 non-standard residues in 1 sequences
[0;32mINFO[0;0m 2021-06-10 13:35:33,220 fasta_reader get_alignment_int_form 
	Total number of sequences read from file: 7
[0;32mINFO[0;0m 2021-06-10 13:35:33,220 meanfield_dca compute_sequences_weight 
	Computing sequences weights
[0;32mINFO[0;0m 2021-06-10 13:35:34,305 meanfield_dca __init__ 
	Created a MeanFieldDCA object with the following attributes
        	biomolecule: RNA
        	total states at sites: 5
        	pseudocount: 0.5
        	sequence identity: 0.8
        	alignment length: 41
        	total number of unique sequences (excluding redundant sequences with 100 percent similarity): 6
        	effective number of sequences (with sequence identity 0.8): 3.0
        
[0;32mINFO[0;0m 2021-06-10 13:35:34,305 meanfield_dca get_single_site_freqs 
	Computing single site frequencies
[0;32mINFO[0;0m 2021-06-10 13:35:34,756 meanfield_dca get_reg_single_site_freqs 
	Regularizing single site frequencies
[0;32mINFO[0;0m 2021-06-10 13:35:34,910 meanfield_dca get_pair_site_freqs 
	Computing pair site frequencies
[0;32mINFO[0;0m 2021-06-10 13:35:38,903 meanfield_dca get_reg_pair_site_freqs 
	Regularizing pair site frequencies
[0;32mINFO[0;0m 2021-06-10 13:35:39,152 meanfield_dca construct_corr_mat 
	Constructing the correlation matrix
[0;32mINFO[0;0m 2021-06-10 13:35:39,538 meanfield_dca compute_couplings 
	Computing couplings
[0;32mINFO[0;0m 2021-06-10 13:35:40,537 meanfield_dca compute_couplings 
	Maximum and minimum couplings: 1.9585139322671816, -20.00000000000001
[0;32mINFO[0;0m 2021-06-10 13:35:40,537 meanfield_dca compute_sorted_FN 
	Computing Frobenius norm of couplings
[0;32mINFO[0;0m 2021-06-10 13:35:40,664 meanfield_dca compute_sorted_FN_APC 
	Performing average product correction (APC) to Frobenius norm of couplings.
[0;32mINFO[0;0m 2021-06-10 13:35:40,667 dca_utilities write_sorted_dca_scores 
	Writing DCA scores to file MFDCA_output_PKB240/MFDCA_apc_fn_scores_PKB240.txt
[0;32mINFO[0;0m 2021-06-10 13:35:40,670 mfdca_main run_meanfield_dca 
	DONE
