[0;32mINFO[0;0m 2021-08-18 21:51:29,027 fasta_reader get_alignment_int_form 
	Found 449 non-standard residues in 383 sequences
[0;32mINFO[0;0m 2021-08-18 21:51:29,027 fasta_reader get_alignment_int_form 
	Total number of sequences read from file: 2004
[0;32mINFO[0;0m 2021-08-18 21:51:29,027 meanfield_dca compute_sequences_weight 
	Computing sequences weights
[0;32mINFO[0;0m 2021-08-18 21:51:29,887 meanfield_dca __init__ 
	Created a MeanFieldDCA object with the following attributes
        	biomolecule: RNA
        	total states at sites: 5
        	pseudocount: 0.5
        	sequence identity: 0.8
        	alignment length: 61
        	total number of unique sequences (excluding redundant sequences with 100 percent similarity): 1994
        	effective number of sequences (with sequence identity 0.8): 239.19353970220945
        
[0;32mINFO[0;0m 2021-08-18 21:51:29,887 meanfield_dca get_single_site_freqs 
	Computing single site frequencies
[0;32mINFO[0;0m 2021-08-18 21:51:30,283 meanfield_dca get_reg_single_site_freqs 
	Regularizing single site frequencies
[0;32mINFO[0;0m 2021-08-18 21:51:30,404 meanfield_dca get_pair_site_freqs 
	Computing pair site frequencies
[0;32mINFO[0;0m 2021-08-18 21:51:33,583 meanfield_dca get_reg_pair_site_freqs 
	Regularizing pair site frequencies
[0;32mINFO[0;0m 2021-08-18 21:51:33,826 meanfield_dca construct_corr_mat 
	Constructing the correlation matrix
[0;32mINFO[0;0m 2021-08-18 21:51:34,085 meanfield_dca compute_couplings 
	Computing couplings
[0;32mINFO[0;0m 2021-08-18 21:51:34,636 meanfield_dca compute_couplings 
	Maximum and minimum couplings: 3.049317173687704, -19.826512341377878
[0;32mINFO[0;0m 2021-08-18 21:51:34,637 meanfield_dca compute_sorted_FN 
	Computing Frobenius norm of couplings
[0;32mINFO[0;0m 2021-08-18 21:51:34,790 meanfield_dca compute_sorted_FN_APC 
	Performing average product correction (APC) to Frobenius norm of couplings.
[0;32mINFO[0;0m 2021-08-18 21:51:34,799 dca_utilities write_sorted_dca_scores 
	Writing DCA scores to file MFDCA_output_4u7u_L/MFDCA_apc_fn_scores_4u7u_L.txt
[0;32mINFO[0;0m 2021-08-18 21:51:34,803 mfdca_main run_meanfield_dca 
	DONE
