[0;32mINFO[0;0m 2021-08-19 11:14:28,691 plmdca __init__ Created plmDCA instance with:
            biomolecule: RNA
            MSA sequence length: 71
            total number of (unweighted) sequences: 2355
            sequence identity: 0.8
            lambda_h: 14.0
            lambda_J: 14.0
            gradient decent iterations: 500
            number of threads: 40
        
[0;32mINFO[0;0m 2021-08-19 11:14:28,691 plmdca get_fields_and_couplings_from_backend 
	Computing fields and couplings using gradient decent
Iteration 1:
fx = 32702.886719, xnorm = 28.864691, gnorm = 1866.525635, step = 0.000165

Iteration 2:
fx = 32030.529297, xnorm = 28.586924, gnorm = 2376.596680, step = 1.000000

Iteration 3:
fx = 30497.142578, xnorm = 27.716742, gnorm = 3882.605469, step = 1.000000

Iteration 4:
fx = 27439.548828, xnorm = 26.264690, gnorm = 4478.992188, step = 1.000000

Iteration 5:
fx = 22941.283203, xnorm = 24.737318, gnorm = 3572.754639, step = 1.000000

Iteration 6:
fx = 21110.757812, xnorm = 24.744503, gnorm = 2510.185059, step = 1.000000

Iteration 7:
fx = 20102.085938, xnorm = 24.641991, gnorm = 1113.157349, step = 1.000000

Iteration 8:
fx = 19647.591797, xnorm = 24.408232, gnorm = 886.760559, step = 1.000000

Iteration 9:
fx = 18943.427734, xnorm = 23.828606, gnorm = 1142.431274, step = 1.000000

Iteration 10:
fx = 17808.896484, xnorm = 22.648762, gnorm = 1864.523438, step = 1.000000

Iteration 11:
fx = 16764.246094, xnorm = 21.542194, gnorm = 1977.302734, step = 1.000000

Iteration 12:
fx = 15925.345703, xnorm = 21.089848, gnorm = 1436.533203, step = 1.000000

Iteration 13:
fx = 15366.645508, xnorm = 20.372732, gnorm = 1473.390747, step = 1.000000

Iteration 14:
fx = 14941.457031, xnorm = 19.927719, gnorm = 1032.658569, step = 1.000000

Iteration 15:
fx = 14551.088867, xnorm = 19.230202, gnorm = 1045.635864, step = 1.000000

Iteration 16:
fx = 14251.379883, xnorm = 18.808754, gnorm = 960.808655, step = 1.000000

Iteration 17:
fx = 13980.003906, xnorm = 18.425714, gnorm = 768.079773, step = 1.000000

Iteration 18:
fx = 13813.136719, xnorm = 17.889240, gnorm = 760.857788, step = 1.000000

Iteration 19:
fx = 13680.276367, xnorm = 17.592651, gnorm = 582.814331, step = 1.000000

Iteration 20:
fx = 13551.105469, xnorm = 17.107975, gnorm = 613.451111, step = 1.000000

Iteration 21:
fx = 13423.333008, xnorm = 16.688652, gnorm = 610.280762, step = 1.000000

Iteration 22:
fx = 13272.603516, xnorm = 16.160917, gnorm = 496.913269, step = 1.000000

Iteration 23:
fx = 13226.385742, xnorm = 15.781706, gnorm = 804.156067, step = 1.000000

Iteration 24:
fx = 13144.930664, xnorm = 15.742293, gnorm = 307.657959, step = 1.000000

Iteration 25:
fx = 13126.770508, xnorm = 15.822776, gnorm = 251.093643, step = 1.000000

Iteration 26:
fx = 13103.673828, xnorm = 15.850836, gnorm = 247.289658, step = 1.000000

Iteration 27:
fx = 13089.205078, xnorm = 15.721511, gnorm = 401.465912, step = 1.000000

Iteration 28:
fx = 13066.687500, xnorm = 15.667783, gnorm = 181.916885, step = 1.000000

Iteration 29:
fx = 13057.042969, xnorm = 15.595506, gnorm = 147.136459, step = 1.000000

Iteration 30:
fx = 13049.586914, xnorm = 15.519080, gnorm = 158.824783, step = 1.000000

Iteration 31:
fx = 13036.294922, xnorm = 15.372315, gnorm = 188.170731, step = 1.000000

Iteration 32:
fx = 13028.684570, xnorm = 15.294142, gnorm = 161.722260, step = 0.493937

Iteration 33:
fx = 13024.240234, xnorm = 15.276323, gnorm = 98.014534, step = 1.000000

Iteration 34:
fx = 13019.427734, xnorm = 15.252015, gnorm = 104.365028, step = 1.000000

Iteration 35:
fx = 13014.552734, xnorm = 15.201752, gnorm = 102.554131, step = 1.000000

Iteration 36:
fx = 13011.420898, xnorm = 15.142744, gnorm = 207.069199, step = 1.000000

Iteration 37:
fx = 13007.111328, xnorm = 15.136209, gnorm = 57.606117, step = 1.000000

Iteration 38:
fx = 13006.490234, xnorm = 15.134727, gnorm = 43.803619, step = 1.000000

Iteration 39:
fx = 13005.865234, xnorm = 15.128679, gnorm = 45.060905, step = 1.000000

Iteration 40:
fx = 13005.050781, xnorm = 15.116157, gnorm = 89.001862, step = 1.000000

Iteration 41:
fx = 13004.142578, xnorm = 15.100704, gnorm = 46.180561, step = 1.000000

Iteration 42:
fx = 13003.537109, xnorm = 15.093890, gnorm = 39.063507, step = 1.000000

Iteration 43:
fx = 13003.139648, xnorm = 15.081410, gnorm = 40.997341, step = 1.000000

Iteration 44:
fx = 13002.863281, xnorm = 15.077794, gnorm = 35.272194, step = 0.279478

Iteration 45:
fx = 13002.686523, xnorm = 15.073060, gnorm = 27.853184, step = 1.000000

Iteration 46:
fx = 13002.561523, xnorm = 15.070878, gnorm = 22.190172, step = 1.000000

Iteration 47:
fx = 13002.543945, xnorm = 15.070823, gnorm = 17.379377, step = 0.135153

Iteration 48:
fx = 13002.525391, xnorm = 15.071177, gnorm = 15.288555, step = 0.228723

Iteration 49:
fx = 13002.515625, xnorm = 15.074209, gnorm = 23.394852, step = 1.000000

L-BFGS optimization terminated with status code = -1001
fx = 13002.514648
[0;32mINFO[0;0m 2021-08-19 11:14:29,521 plmdca get_fields_and_couplings_from_backend 
	Data size expected from plmDCA backend: 62480
[0;32mINFO[0;0m 2021-08-19 11:14:29,521 plmdca get_fields_and_couplings_from_backend 
	Data size obtained from plmDCA backend to Python: 62480
[0;32mINFO[0;0m 2021-08-19 11:14:29,561 plmdca compute_sorted_FN 
	Computing non-APC sorted DCA score
[0;32mINFO[0;0m 2021-08-19 11:14:29,675 plmdca compute_sorted_FN_APC 
	Performing average product correction (APC) of FN  of DCA scores
[0;32mINFO[0;0m 2021-08-19 11:14:29,694 dca_utilities write_sorted_dca_scores 
	Writing DCA scores to file PLMDCA_output_1y26_X/PLMDCA_apc_fn_scores_1y26_X.txt
