[0;32mINFO[0;0m 2021-09-18 15:22:23,392 fasta_reader get_alignment_int_form 
	Found 1 non-standard residues in 1 sequences
[0;32mINFO[0;0m 2021-09-18 15:22:23,392 fasta_reader get_alignment_int_form 
	Total number of sequences read from file: 10
[0;32mINFO[0;0m 2021-09-18 15:22:23,392 meanfield_dca compute_sequences_weight 
	Computing sequences weights
[0;32mINFO[0;0m 2021-09-18 15:22:24,258 meanfield_dca __init__ 
	Created a MeanFieldDCA object with the following attributes
        	biomolecule: RNA
        	total states at sites: 5
        	pseudocount: 0.5
        	sequence identity: 0.8
        	alignment length: 130
        	total number of unique sequences (excluding redundant sequences with 100 percent similarity): 9
        	effective number of sequences (with sequence identity 0.8): 6.0
        
[0;32mINFO[0;0m 2021-09-18 15:22:24,258 meanfield_dca get_single_site_freqs 
	Computing single site frequencies
[0;32mINFO[0;0m 2021-09-18 15:22:24,624 meanfield_dca get_reg_single_site_freqs 
	Regularizing single site frequencies
[0;32mINFO[0;0m 2021-09-18 15:22:24,746 meanfield_dca get_pair_site_freqs 
	Computing pair site frequencies
[0;32mINFO[0;0m 2021-09-18 15:22:27,945 meanfield_dca get_reg_pair_site_freqs 
	Regularizing pair site frequencies
[0;32mINFO[0;0m 2021-09-18 15:22:28,145 meanfield_dca construct_corr_mat 
	Constructing the correlation matrix
[0;32mINFO[0;0m 2021-09-18 15:22:28,462 meanfield_dca compute_couplings 
	Computing couplings
[0;32mINFO[0;0m 2021-09-18 15:22:29,166 meanfield_dca compute_couplings 
	Maximum and minimum couplings: 1.279831570719455, -20.000000000000043
[0;32mINFO[0;0m 2021-09-18 15:22:29,167 meanfield_dca compute_sorted_FN 
	Computing Frobenius norm of couplings
[0;32mINFO[0;0m 2021-09-18 15:22:29,571 meanfield_dca compute_sorted_FN_APC 
	Performing average product correction (APC) to Frobenius norm of couplings.
[0;32mINFO[0;0m 2021-09-18 15:22:29,652 dca_utilities write_sorted_dca_scores 
	Writing DCA scores to file MFDCA_output_PKB360/MFDCA_apc_fn_scores_PKB360.txt
[0;32mINFO[0;0m 2021-09-18 15:22:29,670 mfdca_main run_meanfield_dca 
	DONE
