[0;32mINFO[0;0m 2021-08-03 01:57:08,758 fasta_reader get_alignment_int_form 
	Found 67 non-standard residues in 12 sequences
[0;32mINFO[0;0m 2021-08-03 01:57:08,758 fasta_reader get_alignment_int_form 
	Total number of sequences read from file: 13
[0;32mINFO[0;0m 2021-08-03 01:57:08,758 meanfield_dca compute_sequences_weight 
	Computing sequences weights
[0;32mINFO[0;0m 2021-08-03 01:57:09,640 meanfield_dca __init__ 
	Created a MeanFieldDCA object with the following attributes
        	biomolecule: RNA
        	total states at sites: 5
        	pseudocount: 0.5
        	sequence identity: 0.8
        	alignment length: 54
        	total number of unique sequences (excluding redundant sequences with 100 percent similarity): 12
        	effective number of sequences (with sequence identity 0.8): 1.5739898989898993
        
[0;32mINFO[0;0m 2021-08-03 01:57:09,640 meanfield_dca get_single_site_freqs 
	Computing single site frequencies
[0;32mINFO[0;0m 2021-08-03 01:57:10,041 meanfield_dca get_reg_single_site_freqs 
	Regularizing single site frequencies
[0;32mINFO[0;0m 2021-08-03 01:57:10,190 meanfield_dca get_pair_site_freqs 
	Computing pair site frequencies
[0;32mINFO[0;0m 2021-08-03 01:57:13,557 meanfield_dca get_reg_pair_site_freqs 
	Regularizing pair site frequencies
[0;32mINFO[0;0m 2021-08-03 01:57:13,766 meanfield_dca construct_corr_mat 
	Constructing the correlation matrix
[0;32mINFO[0;0m 2021-08-03 01:57:14,095 meanfield_dca compute_couplings 
	Computing couplings
[0;32mINFO[0;0m 2021-08-03 01:57:14,674 meanfield_dca compute_couplings 
	Maximum and minimum couplings: 5.234876770980233, -20.000000000000018
[0;32mINFO[0;0m 2021-08-03 01:57:14,675 meanfield_dca compute_sorted_FN 
	Computing Frobenius norm of couplings
[0;32mINFO[0;0m 2021-08-03 01:57:14,822 meanfield_dca compute_sorted_FN_APC 
	Performing average product correction (APC) to Frobenius norm of couplings.
[0;32mINFO[0;0m 2021-08-03 01:57:14,834 dca_utilities write_sorted_dca_scores 
	Writing DCA scores to file MFDCA_output_4oji_A/MFDCA_apc_fn_scores_4oji_A.txt
[0;32mINFO[0;0m 2021-08-03 01:57:14,840 mfdca_main run_meanfield_dca 
	DONE
