[0;32mINFO[0;0m 2021-10-28 10:25:26,171 plmdca __init__ Created plmDCA instance with:
            biomolecule: RNA
            MSA sequence length: 112
            total number of (unweighted) sequences: 3910
            sequence identity: 0.8
            lambda_h: 22.200000000000003
            lambda_J: 22.200000000000003
            gradient decent iterations: 500
            number of threads: 40
        
[0;32mINFO[0;0m 2021-10-28 10:25:26,171 plmdca get_fields_and_couplings_from_backend 
	Computing fields and couplings using gradient decent
Iteration 1:
fx = 32260.341797, xnorm = 28.563118, gnorm = 2373.750488, step = 0.000449

Iteration 2:
fx = 30495.884766, xnorm = 27.527187, gnorm = 3136.088379, step = 1.000000

Iteration 3:
fx = 24964.828125, xnorm = 23.968472, gnorm = 4185.756348, step = 1.000000

Iteration 4:
fx = 18865.150391, xnorm = 19.315342, gnorm = 3837.619873, step = 1.000000

Iteration 5:
fx = 15801.578125, xnorm = 18.755865, gnorm = 2257.512939, step = 1.000000

Iteration 6:
fx = 14395.045898, xnorm = 18.261507, gnorm = 1318.947876, step = 1.000000

Iteration 7:
fx = 13144.024414, xnorm = 17.166485, gnorm = 1076.845825, step = 1.000000

Iteration 8:
fx = 12140.683594, xnorm = 15.916571, gnorm = 1087.363892, step = 1.000000

Iteration 9:
fx = 11067.743164, xnorm = 13.432930, gnorm = 1844.937744, step = 1.000000

Iteration 10:
fx = 10409.969727, xnorm = 13.057408, gnorm = 1384.482300, step = 1.000000

Iteration 11:
fx = 9895.940430, xnorm = 13.023025, gnorm = 954.241699, step = 1.000000

Iteration 12:
fx = 9645.012695, xnorm = 12.859422, gnorm = 587.866760, step = 1.000000

Iteration 13:
fx = 9456.760742, xnorm = 12.513055, gnorm = 590.712952, step = 1.000000

Iteration 14:
fx = 9288.466797, xnorm = 12.018097, gnorm = 643.825378, step = 1.000000

Iteration 15:
fx = 9255.222656, xnorm = 11.520912, gnorm = 911.373657, step = 1.000000

Iteration 16:
fx = 9099.302734, xnorm = 11.651150, gnorm = 253.963943, step = 1.000000

Iteration 17:
fx = 9065.542969, xnorm = 11.519504, gnorm = 227.701706, step = 1.000000

Iteration 18:
fx = 9007.886719, xnorm = 11.152775, gnorm = 272.377136, step = 1.000000

Iteration 19:
fx = 8997.937500, xnorm = 10.650686, gnorm = 538.670837, step = 1.000000

Iteration 20:
fx = 8941.806641, xnorm = 10.618162, gnorm = 131.222519, step = 1.000000

Iteration 21:
fx = 8936.268555, xnorm = 10.610844, gnorm = 102.766335, step = 1.000000

Iteration 22:
fx = 8929.946289, xnorm = 10.570110, gnorm = 104.050301, step = 1.000000

Iteration 23:
fx = 8924.128906, xnorm = 10.493522, gnorm = 171.009842, step = 1.000000

Iteration 24:
fx = 8918.642578, xnorm = 10.448331, gnorm = 109.272911, step = 1.000000

Iteration 25:
fx = 8915.932617, xnorm = 10.459188, gnorm = 58.119831, step = 1.000000

Iteration 26:
fx = 8914.019531, xnorm = 10.461183, gnorm = 50.099178, step = 1.000000

Iteration 27:
fx = 8912.212891, xnorm = 10.451616, gnorm = 46.224209, step = 1.000000

Iteration 28:
fx = 8911.306641, xnorm = 10.441544, gnorm = 53.255493, step = 0.445718

Iteration 29:
fx = 8910.270508, xnorm = 10.426936, gnorm = 26.843204, step = 1.000000

Iteration 30:
fx = 8909.879883, xnorm = 10.419465, gnorm = 24.298475, step = 1.000000

Iteration 31:
fx = 8909.333984, xnorm = 10.410348, gnorm = 27.861265, step = 1.000000

Iteration 32:
fx = 8909.073242, xnorm = 10.410192, gnorm = 19.648277, step = 1.000000

Iteration 33:
fx = 8908.915039, xnorm = 10.411474, gnorm = 15.802269, step = 1.000000

Iteration 34:
fx = 8908.699219, xnorm = 10.411697, gnorm = 17.198065, step = 1.000000

Iteration 35:
fx = 8908.608398, xnorm = 10.411235, gnorm = 19.684563, step = 1.000000

Iteration 36:
fx = 8908.522461, xnorm = 10.410570, gnorm = 9.040606, step = 1.000000

Iteration 37:
fx = 8908.451172, xnorm = 10.409633, gnorm = 7.110971, step = 1.000000

Iteration 38:
fx = 8908.368164, xnorm = 10.408693, gnorm = 7.498679, step = 1.000000

Iteration 39:
fx = 8908.350586, xnorm = 10.408052, gnorm = 14.565613, step = 1.000000

Iteration 40:
fx = 8908.318359, xnorm = 10.408411, gnorm = 4.081116, step = 1.000000

Iteration 41:
fx = 8908.317383, xnorm = 10.408913, gnorm = 3.514591, step = 1.000000

Iteration 42:
fx = 8908.314453, xnorm = 10.409919, gnorm = 3.908255, step = 1.000000

L-BFGS optimization terminated with status code = -1001
fx = 8908.312500
[0;32mINFO[0;0m 2021-10-28 10:25:28,591 plmdca get_fields_and_couplings_from_backend 
	Data size expected from plmDCA backend: 155960
[0;32mINFO[0;0m 2021-10-28 10:25:28,591 plmdca get_fields_and_couplings_from_backend 
	Data size obtained from plmDCA backend to Python: 155960
[0;32mINFO[0;0m 2021-10-28 10:25:28,689 plmdca compute_sorted_FN 
	Computing non-APC sorted DCA score
[0;32mINFO[0;0m 2021-10-28 10:25:29,026 plmdca compute_sorted_FN_APC 
	Performing average product correction (APC) of FN  of DCA scores
[0;32mINFO[0;0m 2021-10-28 10:25:29,094 dca_utilities write_sorted_dca_scores 
	Writing DCA scores to file PLMDCA_output_3f2w_X/PLMDCA_apc_fn_scores_3f2w_X.txt
