[0;32mINFO[0;0m 2021-10-28 10:16:17,609 plmdca __init__ Created plmDCA instance with:
            biomolecule: RNA
            MSA sequence length: 101
            total number of (unweighted) sequences: 736
            sequence identity: 0.8
            lambda_h: 20.0
            lambda_J: 20.0
            gradient decent iterations: 500
            number of threads: 40
        
[0;32mINFO[0;0m 2021-10-28 10:16:17,610 plmdca get_fields_and_couplings_from_backend 
	Computing fields and couplings using gradient decent
Iteration 1:
fx = 30874.437500, xnorm = 27.805653, gnorm = 2119.703857, step = 0.000484

Iteration 2:
fx = 28547.628906, xnorm = 26.548412, gnorm = 2952.632324, step = 1.000000

Iteration 3:
fx = 22345.744141, xnorm = 22.846607, gnorm = 3485.691650, step = 1.000000

Iteration 4:
fx = 19107.339844, xnorm = 21.025808, gnorm = 3210.276123, step = 1.000000

Iteration 5:
fx = 16422.996094, xnorm = 20.331167, gnorm = 1980.439819, step = 1.000000

Iteration 6:
fx = 14995.080078, xnorm = 19.509171, gnorm = 1316.136719, step = 1.000000

Iteration 7:
fx = 13657.262695, xnorm = 18.240704, gnorm = 1029.322754, step = 1.000000

Iteration 8:
fx = 12572.394531, xnorm = 16.794050, gnorm = 1268.461670, step = 1.000000

Iteration 9:
fx = 11618.607422, xnorm = 15.567881, gnorm = 1570.747192, step = 1.000000

Iteration 10:
fx = 10799.512695, xnorm = 15.465738, gnorm = 1025.290405, step = 1.000000

Iteration 11:
fx = 10435.917969, xnorm = 15.009753, gnorm = 887.058533, step = 1.000000

Iteration 12:
fx = 10169.298828, xnorm = 14.682138, gnorm = 603.377502, step = 1.000000

Iteration 13:
fx = 9916.119141, xnorm = 13.699997, gnorm = 734.533447, step = 1.000000

Iteration 14:
fx = 9766.437500, xnorm = 13.640468, gnorm = 427.817413, step = 1.000000

Iteration 15:
fx = 9632.794922, xnorm = 13.213059, gnorm = 298.967163, step = 1.000000

Iteration 16:
fx = 9527.817383, xnorm = 12.506941, gnorm = 326.299561, step = 1.000000

Iteration 17:
fx = 9470.791992, xnorm = 12.257549, gnorm = 354.771057, step = 1.000000

Iteration 18:
fx = 9433.688477, xnorm = 12.069457, gnorm = 254.393372, step = 1.000000

Iteration 19:
fx = 9416.931641, xnorm = 12.006228, gnorm = 156.818344, step = 1.000000

Iteration 20:
fx = 9404.413086, xnorm = 11.943364, gnorm = 153.178772, step = 1.000000

Iteration 21:
fx = 9391.903320, xnorm = 11.907198, gnorm = 140.976089, step = 1.000000

Iteration 22:
fx = 9386.467773, xnorm = 11.886711, gnorm = 187.442215, step = 1.000000

Iteration 23:
fx = 9378.868164, xnorm = 11.896690, gnorm = 76.013275, step = 1.000000

Iteration 24:
fx = 9376.891602, xnorm = 11.913373, gnorm = 52.877750, step = 1.000000

Iteration 25:
fx = 9375.271484, xnorm = 11.944610, gnorm = 53.734875, step = 1.000000

Iteration 26:
fx = 9374.657227, xnorm = 11.974631, gnorm = 74.154449, step = 1.000000

Iteration 27:
fx = 9373.759766, xnorm = 11.977590, gnorm = 34.855923, step = 1.000000

Iteration 28:
fx = 9373.284180, xnorm = 11.976475, gnorm = 28.704111, step = 1.000000

Iteration 29:
fx = 9372.849609, xnorm = 11.976992, gnorm = 24.518156, step = 1.000000

Iteration 30:
fx = 9372.283203, xnorm = 11.970757, gnorm = 31.210314, step = 1.000000

Iteration 31:
fx = 9371.625977, xnorm = 11.963586, gnorm = 27.208996, step = 1.000000

Iteration 32:
fx = 9371.256836, xnorm = 11.959329, gnorm = 14.864120, step = 1.000000

Iteration 33:
fx = 9370.829102, xnorm = 11.951366, gnorm = 10.724401, step = 1.000000

Iteration 34:
fx = 9370.748047, xnorm = 11.945567, gnorm = 20.874971, step = 1.000000

Iteration 35:
fx = 9370.613281, xnorm = 11.944966, gnorm = 9.307274, step = 1.000000

Iteration 36:
fx = 9370.522461, xnorm = 11.943652, gnorm = 6.779599, step = 1.000000

Iteration 37:
fx = 9370.465820, xnorm = 11.941875, gnorm = 7.567584, step = 1.000000

Iteration 38:
fx = 9370.327148, xnorm = 11.939193, gnorm = 8.370169, step = 1.000000

Iteration 39:
fx = 9370.296875, xnorm = 11.938020, gnorm = 7.665742, step = 0.345390

Iteration 40:
fx = 9370.292969, xnorm = 11.937924, gnorm = 6.616465, step = 0.232145

Iteration 41:
fx = 9370.283203, xnorm = 11.937473, gnorm = 2.840923, step = 1.000000

Iteration 42:
fx = 9370.278320, xnorm = 11.937377, gnorm = 2.680657, step = 1.000000

Iteration 43:
fx = 9370.276367, xnorm = 11.937388, gnorm = 2.722446, step = 0.085392

L-BFGS optimization terminated with status code = -1001
fx = 9370.278320
[0;32mINFO[0;0m 2021-10-28 10:16:18,213 plmdca get_fields_and_couplings_from_backend 
	Data size expected from plmDCA backend: 126755
[0;32mINFO[0;0m 2021-10-28 10:16:18,213 plmdca get_fields_and_couplings_from_backend 
	Data size obtained from plmDCA backend to Python: 126755
[0;32mINFO[0;0m 2021-10-28 10:16:18,292 plmdca compute_sorted_FN 
	Computing non-APC sorted DCA score
[0;32mINFO[0;0m 2021-10-28 10:16:18,505 plmdca compute_sorted_FN_APC 
	Performing average product correction (APC) of FN  of DCA scores
[0;32mINFO[0;0m 2021-10-28 10:16:18,555 dca_utilities write_sorted_dca_scores 
	Writing DCA scores to file PLMDCA_output_6cc1_A/PLMDCA_apc_fn_scores_6cc1_A.txt
