[0;32mINFO[0;0m 2021-08-03 01:11:12,949 fasta_reader get_alignment_int_form 
	Found 335 non-standard residues in 22 sequences
[0;32mINFO[0;0m 2021-08-03 01:11:12,949 fasta_reader get_alignment_int_form 
	Total number of sequences read from file: 23
[0;32mINFO[0;0m 2021-08-03 01:11:12,949 meanfield_dca compute_sequences_weight 
	Computing sequences weights
[0;32mINFO[0;0m 2021-08-03 01:11:14,419 meanfield_dca __init__ 
	Created a MeanFieldDCA object with the following attributes
        	biomolecule: RNA
        	total states at sites: 5
        	pseudocount: 0.5
        	sequence identity: 0.8
        	alignment length: 124
        	total number of unique sequences (excluding redundant sequences with 100 percent similarity): 23
        	effective number of sequences (with sequence identity 0.8): 4.2601398601398595
        
[0;32mINFO[0;0m 2021-08-03 01:11:14,420 meanfield_dca get_single_site_freqs 
	Computing single site frequencies
[0;32mINFO[0;0m 2021-08-03 01:11:15,088 meanfield_dca get_reg_single_site_freqs 
	Regularizing single site frequencies
[0;32mINFO[0;0m 2021-08-03 01:11:15,321 meanfield_dca get_pair_site_freqs 
	Computing pair site frequencies
[0;32mINFO[0;0m 2021-08-03 01:11:21,163 meanfield_dca get_reg_pair_site_freqs 
	Regularizing pair site frequencies
[0;32mINFO[0;0m 2021-08-03 01:11:21,493 meanfield_dca construct_corr_mat 
	Constructing the correlation matrix
[0;32mINFO[0;0m 2021-08-03 01:11:22,061 meanfield_dca compute_couplings 
	Computing couplings
[0;32mINFO[0;0m 2021-08-03 01:11:24,106 meanfield_dca compute_couplings 
	Maximum and minimum couplings: 4.953107268248167, -19.999999999999996
[0;32mINFO[0;0m 2021-08-03 01:11:24,106 meanfield_dca compute_sorted_FN 
	Computing Frobenius norm of couplings
[0;32mINFO[0;0m 2021-08-03 01:11:24,630 meanfield_dca compute_sorted_FN_APC 
	Performing average product correction (APC) to Frobenius norm of couplings.
[0;32mINFO[0;0m 2021-08-03 01:11:24,755 dca_utilities write_sorted_dca_scores 
	Writing DCA scores to file MFDCA_output_4qk9_A/MFDCA_apc_fn_scores_4qk9_A.txt
[0;32mINFO[0;0m 2021-08-03 01:11:24,788 mfdca_main run_meanfield_dca 
	DONE
