[0;32mINFO[0;0m 2021-08-01 19:09:27,502 plmdca __init__ Created plmDCA instance with:
            biomolecule: RNA
            MSA sequence length: 42
            total number of (unweighted) sequences: 32
            sequence identity: 0.8
            lambda_h: 8.200000000000001
            lambda_J: 8.200000000000001
            gradient decent iterations: 500
            number of threads: 40
        
[0;32mINFO[0;0m 2021-08-01 19:09:27,502 plmdca get_fields_and_couplings_from_backend 
	Computing fields and couplings using gradient decent
Iteration 1:
fx = 1063.062500, xnorm = 9.331529, gnorm = 167.138763, step = 0.020676

Iteration 2:
fx = 646.230347, xnorm = 5.963385, gnorm = 173.195374, step = 0.442447

Iteration 3:
fx = 425.082825, xnorm = 4.998091, gnorm = 64.316467, step = 1.000000

Iteration 4:
fx = 402.426849, xnorm = 4.649335, gnorm = 49.446892, step = 1.000000

Iteration 5:
fx = 390.659302, xnorm = 4.514332, gnorm = 17.400200, step = 1.000000

Iteration 6:
fx = 387.325958, xnorm = 4.334530, gnorm = 11.099875, step = 1.000000

Iteration 7:
fx = 385.033722, xnorm = 4.067504, gnorm = 9.817456, step = 1.000000

Iteration 8:
fx = 384.502045, xnorm = 4.064378, gnorm = 3.513810, step = 0.497727

L-BFGS optimization terminated with status code = -1001
fx = 384.502014
[0;32mINFO[0;0m 2021-08-01 19:09:27,610 plmdca get_fields_and_couplings_from_backend 
	Data size expected from plmDCA backend: 21735
[0;32mINFO[0;0m 2021-08-01 19:09:27,610 plmdca get_fields_and_couplings_from_backend 
	Data size obtained from plmDCA backend to Python: 21735
[0;32mINFO[0;0m 2021-08-01 19:09:27,639 plmdca compute_sorted_FN 
	Computing non-APC sorted DCA score
[0;32mINFO[0;0m 2021-08-01 19:09:27,702 plmdca compute_sorted_FN_APC 
	Performing average product correction (APC) of FN  of DCA scores
[0;32mINFO[0;0m 2021-08-01 19:09:27,710 dca_utilities write_sorted_dca_scores 
	Writing DCA scores to file PLMDCA_output_5m0h_A/PLMDCA_apc_fn_scores_5m0h_A.txt
