[0;32mINFO[0;0m 2021-08-18 21:51:08,587 fasta_reader get_alignment_int_form 
	Found 643 non-standard residues in 356 sequences
[0;32mINFO[0;0m 2021-08-18 21:51:08,588 fasta_reader get_alignment_int_form 
	Total number of sequences read from file: 50000
[0;32mINFO[0;0m 2021-08-18 21:51:08,594 meanfield_dca compute_sequences_weight 
	Computing sequences weights
[0;32mINFO[0;0m 2021-08-18 21:51:13,494 meanfield_dca __init__ 
	Created a MeanFieldDCA object with the following attributes
        	biomolecule: RNA
        	total states at sites: 5
        	pseudocount: 0.5
        	sequence identity: 0.8
        	alignment length: 76
        	total number of unique sequences (excluding redundant sequences with 100 percent similarity): 49989
        	effective number of sequences (with sequence identity 0.8): 665.0948996446429
        
[0;32mINFO[0;0m 2021-08-18 21:51:13,495 meanfield_dca get_single_site_freqs 
	Computing single site frequencies
[0;32mINFO[0;0m 2021-08-18 21:51:14,149 meanfield_dca get_reg_single_site_freqs 
	Regularizing single site frequencies
[0;32mINFO[0;0m 2021-08-18 21:51:14,341 meanfield_dca get_pair_site_freqs 
	Computing pair site frequencies
[0;32mINFO[0;0m 2021-08-18 21:51:20,558 meanfield_dca get_reg_pair_site_freqs 
	Regularizing pair site frequencies
[0;32mINFO[0;0m 2021-08-18 21:51:20,763 meanfield_dca construct_corr_mat 
	Constructing the correlation matrix
[0;32mINFO[0;0m 2021-08-18 21:51:21,118 meanfield_dca compute_couplings 
	Computing couplings
[0;32mINFO[0;0m 2021-08-18 21:51:21,690 meanfield_dca compute_couplings 
	Maximum and minimum couplings: 2.705805082409476, -19.996127102323157
[0;32mINFO[0;0m 2021-08-18 21:51:21,690 meanfield_dca compute_sorted_FN 
	Computing Frobenius norm of couplings
[0;32mINFO[0;0m 2021-08-18 21:51:21,905 meanfield_dca compute_sorted_FN_APC 
	Performing average product correction (APC) to Frobenius norm of couplings.
[0;32mINFO[0;0m 2021-08-18 21:51:21,922 dca_utilities write_sorted_dca_scores 
	Writing DCA scores to file MFDCA_output_4tna_A/MFDCA_apc_fn_scores_4tna_A.txt
[0;32mINFO[0;0m 2021-08-18 21:51:21,936 mfdca_main run_meanfield_dca 
	DONE
