[0;32mINFO[0;0m 2021-08-18 21:35:30,857 fasta_reader get_alignment_int_form 
	Found 106 non-standard residues in 24 sequences
[0;32mINFO[0;0m 2021-08-18 21:35:30,857 fasta_reader get_alignment_int_form 
	Total number of sequences read from file: 6884
[0;32mINFO[0;0m 2021-08-18 21:35:30,858 meanfield_dca compute_sequences_weight 
	Computing sequences weights
[0;32mINFO[0;0m 2021-08-18 21:35:31,875 meanfield_dca __init__ 
	Created a MeanFieldDCA object with the following attributes
        	biomolecule: RNA
        	total states at sites: 5
        	pseudocount: 0.5
        	sequence identity: 0.8
        	alignment length: 112
        	total number of unique sequences (excluding redundant sequences with 100 percent similarity): 6884
        	effective number of sequences (with sequence identity 0.8): 375.3575729280258
        
[0;32mINFO[0;0m 2021-08-18 21:35:31,875 meanfield_dca get_single_site_freqs 
	Computing single site frequencies
[0;32mINFO[0;0m 2021-08-18 21:35:32,294 meanfield_dca get_reg_single_site_freqs 
	Regularizing single site frequencies
[0;32mINFO[0;0m 2021-08-18 21:35:32,417 meanfield_dca get_pair_site_freqs 
	Computing pair site frequencies
[0;32mINFO[0;0m 2021-08-18 21:35:36,014 meanfield_dca get_reg_pair_site_freqs 
	Regularizing pair site frequencies
[0;32mINFO[0;0m 2021-08-18 21:35:36,216 meanfield_dca construct_corr_mat 
	Constructing the correlation matrix
[0;32mINFO[0;0m 2021-08-18 21:35:36,540 meanfield_dca compute_couplings 
	Computing couplings
[0;32mINFO[0;0m 2021-08-18 21:35:37,184 meanfield_dca compute_couplings 
	Maximum and minimum couplings: 3.583195070684212, -19.01743656781347
[0;32mINFO[0;0m 2021-08-18 21:35:37,184 meanfield_dca compute_sorted_FN 
	Computing Frobenius norm of couplings
[0;32mINFO[0;0m 2021-08-18 21:35:37,554 meanfield_dca compute_sorted_FN_APC 
	Performing average product correction (APC) to Frobenius norm of couplings.
[0;32mINFO[0;0m 2021-08-18 21:35:37,609 dca_utilities write_sorted_dca_scores 
	Writing DCA scores to file MFDCA_output_3f2w_X/MFDCA_apc_fn_scores_3f2w_X.txt
[0;32mINFO[0;0m 2021-08-18 21:35:37,624 mfdca_main run_meanfield_dca 
	DONE
