[0;32mINFO[0;0m 2021-06-10 15:02:10,848 plmdca __init__ Created plmDCA instance with:
            biomolecule: RNA
            MSA sequence length: 113
            total number of (unweighted) sequences: 1067
            sequence identity: 0.8
            lambda_h: 22.400000000000002
            lambda_J: 22.400000000000002
            gradient decent iterations: 500
            number of threads: 40
        
[0;32mINFO[0;0m 2021-06-10 15:02:10,848 plmdca get_fields_and_couplings_from_backend 
	Computing fields and couplings using gradient decent
Iteration 1:
fx = 75633.070312, xnorm = 34.159817, gnorm = 6414.379883, step = 0.000156

Iteration 2:
fx = 72149.234375, xnorm = 33.870693, gnorm = 6233.557129, step = 1.000000

Iteration 3:
fx = 60785.324219, xnorm = 32.628292, gnorm = 5277.578613, step = 1.000000

Iteration 4:
fx = 59661.320312, xnorm = 31.590265, gnorm = 8601.292969, step = 1.000000

Iteration 5:
fx = 52948.046875, xnorm = 31.347370, gnorm = 4132.086914, step = 1.000000

Iteration 6:
fx = 50041.921875, xnorm = 31.028332, gnorm = 2770.087646, step = 1.000000

Iteration 7:
fx = 47639.179688, xnorm = 30.557699, gnorm = 2852.708984, step = 1.000000

Iteration 8:
fx = 44288.378906, xnorm = 29.889841, gnorm = 3543.806152, step = 1.000000

Iteration 9:
fx = 41306.941406, xnorm = 29.681011, gnorm = 3046.202148, step = 1.000000

Iteration 10:
fx = 38777.664062, xnorm = 29.197588, gnorm = 2121.146484, step = 1.000000

Iteration 11:
fx = 36027.273438, xnorm = 27.815311, gnorm = 2156.666992, step = 1.000000

Iteration 12:
fx = 33509.523438, xnorm = 25.332085, gnorm = 3392.062988, step = 1.000000

Iteration 13:
fx = 31503.449219, xnorm = 23.832336, gnorm = 2461.478027, step = 1.000000

Iteration 14:
fx = 30329.886719, xnorm = 23.426739, gnorm = 1597.292847, step = 1.000000

Iteration 15:
fx = 29344.843750, xnorm = 22.447306, gnorm = 1708.959229, step = 1.000000

Iteration 16:
fx = 28423.125000, xnorm = 21.171658, gnorm = 1707.523926, step = 1.000000

Iteration 17:
fx = 28047.804688, xnorm = 20.106953, gnorm = 2144.583740, step = 1.000000

Iteration 18:
fx = 27376.667969, xnorm = 20.329901, gnorm = 933.084717, step = 1.000000

Iteration 19:
fx = 27097.632812, xnorm = 20.094170, gnorm = 885.577515, step = 1.000000

Iteration 20:
fx = 26731.716797, xnorm = 19.682503, gnorm = 1007.981567, step = 1.000000

Iteration 21:
fx = 26439.068359, xnorm = 19.295094, gnorm = 1422.528076, step = 1.000000

Iteration 22:
fx = 26139.441406, xnorm = 19.051199, gnorm = 761.187439, step = 1.000000

Iteration 23:
fx = 26019.986328, xnorm = 18.996790, gnorm = 601.338562, step = 1.000000

Iteration 24:
fx = 25871.724609, xnorm = 18.841681, gnorm = 752.452148, step = 1.000000

Iteration 25:
fx = 25818.541016, xnorm = 18.758930, gnorm = 948.152710, step = 1.000000

Iteration 26:
fx = 25728.958984, xnorm = 18.761694, gnorm = 464.861877, step = 1.000000

Iteration 27:
fx = 25675.402344, xnorm = 18.737705, gnorm = 340.312683, step = 1.000000

Iteration 28:
fx = 25641.607422, xnorm = 18.711090, gnorm = 324.828461, step = 1.000000

Iteration 29:
fx = 25624.160156, xnorm = 18.663008, gnorm = 775.595886, step = 1.000000

Iteration 30:
fx = 25562.154297, xnorm = 18.655228, gnorm = 231.648224, step = 1.000000

Iteration 31:
fx = 25548.314453, xnorm = 18.651674, gnorm = 195.357254, step = 1.000000

Iteration 32:
fx = 25519.646484, xnorm = 18.631178, gnorm = 175.617447, step = 1.000000

Iteration 33:
fx = 25514.931641, xnorm = 18.625843, gnorm = 130.420731, step = 0.220901

Iteration 34:
fx = 25509.099609, xnorm = 18.617300, gnorm = 110.600227, step = 1.000000

Iteration 35:
fx = 25503.220703, xnorm = 18.605745, gnorm = 93.039650, step = 1.000000

Iteration 36:
fx = 25501.439453, xnorm = 18.599215, gnorm = 90.084778, step = 0.307369

Iteration 37:
fx = 25499.685547, xnorm = 18.586424, gnorm = 71.232368, step = 1.000000

Iteration 38:
fx = 25498.935547, xnorm = 18.572844, gnorm = 105.871719, step = 1.000000

Iteration 39:
fx = 25498.728516, xnorm = 18.569975, gnorm = 77.636215, step = 0.234158

Iteration 40:
fx = 25498.726562, xnorm = 18.560572, gnorm = 36.296101, step = 1.000000

Iteration 41:
fx = 25498.582031, xnorm = 18.555775, gnorm = 39.895134, step = 1.000000

Iteration 42:
fx = 25497.662109, xnorm = 18.544807, gnorm = 36.303177, step = 1.000000

Iteration 43:
fx = 25496.800781, xnorm = 18.533560, gnorm = 55.356327, step = 0.509645

Iteration 44:
fx = 25495.552734, xnorm = 18.523537, gnorm = 23.175936, step = 1.000000

Iteration 45:
fx = 25494.857422, xnorm = 18.518740, gnorm = 18.633352, step = 1.000000

Iteration 46:
fx = 25494.328125, xnorm = 18.510529, gnorm = 25.599560, step = 1.000000

Iteration 47:
fx = 25493.837891, xnorm = 18.502735, gnorm = 22.786278, step = 1.000000

L-BFGS optimization terminated with status code = -1001
fx = 25493.833984
[0;32mINFO[0;0m 2021-06-10 15:02:12,298 plmdca get_fields_and_couplings_from_backend 
	Data size expected from plmDCA backend: 158765
[0;32mINFO[0;0m 2021-06-10 15:02:12,299 plmdca get_fields_and_couplings_from_backend 
	Data size obtained from plmDCA backend to Python: 158765
[0;32mINFO[0;0m 2021-06-10 15:02:12,406 plmdca compute_sorted_FN 
	Computing non-APC sorted DCA score
[0;32mINFO[0;0m 2021-06-10 15:02:12,677 plmdca compute_sorted_FN_APC 
	Performing average product correction (APC) of FN  of DCA scores
[0;32mINFO[0;0m 2021-06-10 15:02:12,749 dca_utilities write_sorted_dca_scores 
	Writing DCA scores to file PLMDCA_output_PKB191/PLMDCA_apc_fn_scores_PKB191.txt
