[0;32mINFO[0;0m 2021-08-03 01:44:24,134 fasta_reader get_alignment_int_form 
	Found 11 non-standard residues in 1 sequences
[0;32mINFO[0;0m 2021-08-03 01:44:24,134 fasta_reader get_alignment_int_form 
	Total number of sequences read from file: 2
[0;32mINFO[0;0m 2021-08-03 01:44:24,134 meanfield_dca compute_sequences_weight 
	Computing sequences weights
[0;32mINFO[0;0m 2021-08-03 01:44:25,575 meanfield_dca __init__ 
	Created a MeanFieldDCA object with the following attributes
        	biomolecule: RNA
        	total states at sites: 5
        	pseudocount: 0.5
        	sequence identity: 0.8
        	alignment length: 54
        	total number of unique sequences (excluding redundant sequences with 100 percent similarity): 2
        	effective number of sequences (with sequence identity 0.8): 2.0
        
[0;32mINFO[0;0m 2021-08-03 01:44:25,575 meanfield_dca get_single_site_freqs 
	Computing single site frequencies
[0;32mINFO[0;0m 2021-08-03 01:44:26,193 meanfield_dca get_reg_single_site_freqs 
	Regularizing single site frequencies
[0;32mINFO[0;0m 2021-08-03 01:44:26,376 meanfield_dca get_pair_site_freqs 
	Computing pair site frequencies
[0;32mINFO[0;0m 2021-08-03 01:44:31,447 meanfield_dca get_reg_pair_site_freqs 
	Regularizing pair site frequencies
[0;32mINFO[0;0m 2021-08-03 01:44:31,756 meanfield_dca construct_corr_mat 
	Constructing the correlation matrix
[0;32mINFO[0;0m 2021-08-03 01:44:32,233 meanfield_dca compute_couplings 
	Computing couplings
[0;32mINFO[0;0m 2021-08-03 01:44:33,700 meanfield_dca compute_couplings 
	Maximum and minimum couplings: 1.7543859649122964, -20.000000000000007
[0;32mINFO[0;0m 2021-08-03 01:44:33,700 meanfield_dca compute_sorted_FN 
	Computing Frobenius norm of couplings
[0;32mINFO[0;0m 2021-08-03 01:44:33,838 meanfield_dca compute_sorted_FN_APC 
	Performing average product correction (APC) to Frobenius norm of couplings.
[0;32mINFO[0;0m 2021-08-03 01:44:33,850 dca_utilities write_sorted_dca_scores 
	Writing DCA scores to file MFDCA_output_6g7z_B/MFDCA_apc_fn_scores_6g7z_B.txt
[0;32mINFO[0;0m 2021-08-03 01:44:33,856 mfdca_main run_meanfield_dca 
	DONE
