[0;32mINFO[0;0m 2021-10-28 10:20:07,425 plmdca __init__ Created plmDCA instance with:
            biomolecule: RNA
            MSA sequence length: 96
            total number of (unweighted) sequences: 1134
            sequence identity: 0.8
            lambda_h: 19.0
            lambda_J: 19.0
            gradient decent iterations: 500
            number of threads: 40
        
[0;32mINFO[0;0m 2021-10-28 10:20:07,426 plmdca get_fields_and_couplings_from_backend 
	Computing fields and couplings using gradient decent
Iteration 1:
fx = 37122.453125, xnorm = 33.995319, gnorm = 2455.576660, step = 0.000460

Iteration 2:
fx = 35252.914062, xnorm = 32.852425, gnorm = 3466.336426, step = 1.000000

Iteration 3:
fx = 29649.384766, xnorm = 28.914398, gnorm = 4983.933105, step = 1.000000

Iteration 4:
fx = 21507.554688, xnorm = 23.694241, gnorm = 3867.090576, step = 1.000000

Iteration 5:
fx = 18583.326172, xnorm = 22.764862, gnorm = 2479.455078, step = 1.000000

Iteration 6:
fx = 16917.769531, xnorm = 22.247065, gnorm = 1383.701050, step = 1.000000

Iteration 7:
fx = 15526.632812, xnorm = 21.268026, gnorm = 1085.489746, step = 1.000000

Iteration 8:
fx = 14043.108398, xnorm = 19.666958, gnorm = 1266.961304, step = 1.000000

Iteration 9:
fx = 13000.175781, xnorm = 16.913019, gnorm = 2071.304688, step = 1.000000

Iteration 10:
fx = 11666.153320, xnorm = 16.490032, gnorm = 1270.136108, step = 1.000000

Iteration 11:
fx = 11150.819336, xnorm = 15.995770, gnorm = 1090.244019, step = 1.000000

Iteration 12:
fx = 10700.453125, xnorm = 15.363555, gnorm = 863.290283, step = 1.000000

Iteration 13:
fx = 10323.605469, xnorm = 14.394849, gnorm = 948.835754, step = 1.000000

Iteration 14:
fx = 10062.666992, xnorm = 13.866349, gnorm = 734.089050, step = 1.000000

Iteration 15:
fx = 9899.779297, xnorm = 13.656372, gnorm = 386.682861, step = 1.000000

Iteration 16:
fx = 9816.010742, xnorm = 13.314898, gnorm = 363.627716, step = 1.000000

Iteration 17:
fx = 9734.008789, xnorm = 12.913033, gnorm = 469.897766, step = 1.000000

Iteration 18:
fx = 9679.356445, xnorm = 12.655396, gnorm = 469.120209, step = 1.000000

Iteration 19:
fx = 9632.772461, xnorm = 12.681221, gnorm = 258.237915, step = 1.000000

Iteration 20:
fx = 9598.415039, xnorm = 12.559697, gnorm = 187.512222, step = 1.000000

Iteration 21:
fx = 9577.030273, xnorm = 12.432681, gnorm = 183.982788, step = 1.000000

Iteration 22:
fx = 9566.098633, xnorm = 12.257431, gnorm = 269.666840, step = 1.000000

Iteration 23:
fx = 9551.480469, xnorm = 12.212802, gnorm = 105.360519, step = 1.000000

Iteration 24:
fx = 9547.143555, xnorm = 12.202816, gnorm = 95.806198, step = 1.000000

Iteration 25:
fx = 9539.826172, xnorm = 12.134710, gnorm = 97.783173, step = 1.000000

Iteration 26:
fx = 9536.525391, xnorm = 12.096365, gnorm = 93.835564, step = 0.372339

Iteration 27:
fx = 9532.387695, xnorm = 12.047572, gnorm = 69.652138, step = 1.000000

Iteration 28:
fx = 9528.811523, xnorm = 12.000926, gnorm = 70.439735, step = 1.000000

Iteration 29:
fx = 9528.299805, xnorm = 11.977180, gnorm = 107.330429, step = 1.000000

Iteration 30:
fx = 9526.638672, xnorm = 11.996319, gnorm = 33.553082, step = 1.000000

Iteration 31:
fx = 9526.307617, xnorm = 12.003901, gnorm = 26.656750, step = 1.000000

Iteration 32:
fx = 9525.688477, xnorm = 12.018421, gnorm = 32.387669, step = 1.000000

Iteration 33:
fx = 9525.592773, xnorm = 12.032520, gnorm = 61.790131, step = 1.000000

Iteration 34:
fx = 9524.907227, xnorm = 12.034819, gnorm = 23.290241, step = 1.000000

Iteration 35:
fx = 9524.678711, xnorm = 12.035100, gnorm = 16.545578, step = 1.000000

Iteration 36:
fx = 9524.558594, xnorm = 12.037575, gnorm = 16.253687, step = 1.000000

Iteration 37:
fx = 9524.520508, xnorm = 12.039462, gnorm = 15.325377, step = 0.238324

Iteration 38:
fx = 9524.500000, xnorm = 12.042079, gnorm = 11.972752, step = 0.240232

Iteration 39:
fx = 9524.488281, xnorm = 12.044188, gnorm = 10.437755, step = 0.176419

Iteration 40:
fx = 9524.488281, xnorm = 12.046171, gnorm = 9.495734, step = 0.120621

L-BFGS optimization terminated with status code = -1001
fx = 9524.486328
[0;32mINFO[0;0m 2021-10-28 10:20:08,149 plmdca get_fields_and_couplings_from_backend 
	Data size expected from plmDCA backend: 114480
[0;32mINFO[0;0m 2021-10-28 10:20:08,149 plmdca get_fields_and_couplings_from_backend 
	Data size obtained from plmDCA backend to Python: 114480
[0;32mINFO[0;0m 2021-10-28 10:20:08,226 plmdca compute_sorted_FN 
	Computing non-APC sorted DCA score
[0;32mINFO[0;0m 2021-10-28 10:20:08,469 plmdca compute_sorted_FN_APC 
	Performing average product correction (APC) of FN  of DCA scores
[0;32mINFO[0;0m 2021-10-28 10:20:08,513 dca_utilities write_sorted_dca_scores 
	Writing DCA scores to file PLMDCA_output_5ml7_A/PLMDCA_apc_fn_scores_5ml7_A.txt
