[0;32mINFO[0;0m 2021-10-19 19:22:22,757 fasta_reader get_alignment_int_form 
	Found 62 non-standard residues in 40 sequences
[0;32mINFO[0;0m 2021-10-19 19:22:22,757 fasta_reader get_alignment_int_form 
	Total number of sequences read from file: 50000
[0;32mINFO[0;0m 2021-10-19 19:22:22,764 meanfield_dca compute_sequences_weight 
	Computing sequences weights
[0;32mINFO[0;0m 2021-10-19 19:22:26,333 meanfield_dca __init__ 
	Created a MeanFieldDCA object with the following attributes
        	biomolecule: RNA
        	total states at sites: 5
        	pseudocount: 0.5
        	sequence identity: 0.8
        	alignment length: 75
        	total number of unique sequences (excluding redundant sequences with 100 percent similarity): 37985
        	effective number of sequences (with sequence identity 0.8): 3266.52985265252
        
[0;32mINFO[0;0m 2021-10-19 19:22:26,335 meanfield_dca get_single_site_freqs 
	Computing single site frequencies
[0;32mINFO[0;0m 2021-10-19 19:22:26,915 meanfield_dca get_reg_single_site_freqs 
	Regularizing single site frequencies
[0;32mINFO[0;0m 2021-10-19 19:22:27,040 meanfield_dca get_pair_site_freqs 
	Computing pair site frequencies
[0;32mINFO[0;0m 2021-10-19 19:22:32,402 meanfield_dca get_reg_pair_site_freqs 
	Regularizing pair site frequencies
[0;32mINFO[0;0m 2021-10-19 19:22:32,600 meanfield_dca construct_corr_mat 
	Constructing the correlation matrix
[0;32mINFO[0;0m 2021-10-19 19:22:32,924 meanfield_dca compute_couplings 
	Computing couplings
[0;32mINFO[0;0m 2021-10-19 19:22:33,483 meanfield_dca compute_couplings 
	Maximum and minimum couplings: 3.625354723947475, -19.370110911992786
[0;32mINFO[0;0m 2021-10-19 19:22:33,483 meanfield_dca compute_sorted_FN 
	Computing Frobenius norm of couplings
[0;32mINFO[0;0m 2021-10-19 19:22:33,667 meanfield_dca compute_sorted_FN_APC 
	Performing average product correction (APC) to Frobenius norm of couplings.
[0;32mINFO[0;0m 2021-10-19 19:22:33,684 dca_utilities write_sorted_dca_scores 
	Writing DCA scores to file MFDCA_output_2dxi_C/MFDCA_apc_fn_scores_2dxi_C.txt
[0;32mINFO[0;0m 2021-10-19 19:22:33,697 mfdca_main run_meanfield_dca 
	DONE
