[0;32mINFO[0;0m 2021-10-27 21:49:00,115 fasta_reader get_alignment_int_form 
	Total number of sequences read from file: 50
[0;32mINFO[0;0m 2021-10-27 21:49:00,115 meanfield_dca compute_sequences_weight 
	Computing sequences weights
[0;32mINFO[0;0m 2021-10-27 21:49:00,962 meanfield_dca __init__ 
	Created a MeanFieldDCA object with the following attributes
        	biomolecule: RNA
        	total states at sites: 5
        	pseudocount: 0.5
        	sequence identity: 0.8
        	alignment length: 71
        	total number of unique sequences (excluding redundant sequences with 100 percent similarity): 50
        	effective number of sequences (with sequence identity 0.8): 7.6468758866203395
        
[0;32mINFO[0;0m 2021-10-27 21:49:00,963 meanfield_dca get_single_site_freqs 
	Computing single site frequencies
[0;32mINFO[0;0m 2021-10-27 21:49:01,320 meanfield_dca get_reg_single_site_freqs 
	Regularizing single site frequencies
[0;32mINFO[0;0m 2021-10-27 21:49:01,440 meanfield_dca get_pair_site_freqs 
	Computing pair site frequencies
[0;32mINFO[0;0m 2021-10-27 21:49:04,597 meanfield_dca get_reg_pair_site_freqs 
	Regularizing pair site frequencies
[0;32mINFO[0;0m 2021-10-27 21:49:04,794 meanfield_dca construct_corr_mat 
	Constructing the correlation matrix
[0;32mINFO[0;0m 2021-10-27 21:49:05,106 meanfield_dca compute_couplings 
	Computing couplings
[0;32mINFO[0;0m 2021-10-27 21:49:05,660 meanfield_dca compute_couplings 
	Maximum and minimum couplings: 1.4396687246110034, -20.000000000000043
[0;32mINFO[0;0m 2021-10-27 21:49:05,660 meanfield_dca compute_sorted_FN 
	Computing Frobenius norm of couplings
[0;32mINFO[0;0m 2021-10-27 21:49:05,833 meanfield_dca compute_sorted_FN_APC 
	Performing average product correction (APC) to Frobenius norm of couplings.
[0;32mINFO[0;0m 2021-10-27 21:49:05,847 dca_utilities write_sorted_dca_scores 
	Writing DCA scores to file MFDCA_output_5kpy_A/MFDCA_apc_fn_scores_5kpy_A.txt
[0;32mINFO[0;0m 2021-10-27 21:49:05,852 mfdca_main run_meanfield_dca 
	DONE
