[0;32mINFO[0;0m 2021-08-19 11:36:50,353 plmdca __init__ Created plmDCA instance with:
            biomolecule: RNA
            MSA sequence length: 77
            total number of (unweighted) sequences: 50000
            sequence identity: 0.8
            lambda_h: 15.200000000000001
            lambda_J: 15.200000000000001
            gradient decent iterations: 500
            number of threads: 40
        
[0;32mINFO[0;0m 2021-08-19 11:36:50,353 plmdca get_fields_and_couplings_from_backend 
	Computing fields and couplings using gradient decent
Iteration 1:
fx = 62829.449219, xnorm = 32.749390, gnorm = 3511.773682, step = 0.000063

Iteration 2:
fx = 61847.093750, xnorm = 32.610874, gnorm = 4246.233398, step = 1.000000

Iteration 3:
fx = 60343.289062, xnorm = 32.360069, gnorm = 5565.109863, step = 1.000000

Iteration 4:
fx = 56465.417969, xnorm = 31.604853, gnorm = 9379.608398, step = 1.000000

Iteration 5:
fx = 48319.738281, xnorm = 30.793312, gnorm = 7582.610840, step = 1.000000

Iteration 6:
fx = 42749.890625, xnorm = 31.031076, gnorm = 6058.267578, step = 1.000000

Iteration 7:
fx = 40715.945312, xnorm = 31.368580, gnorm = 2796.023438, step = 1.000000

Iteration 8:
fx = 40045.941406, xnorm = 31.357178, gnorm = 1797.723389, step = 1.000000

Iteration 9:
fx = 39263.984375, xnorm = 31.243250, gnorm = 1891.774414, step = 1.000000

Iteration 10:
fx = 38397.550781, xnorm = 31.008657, gnorm = 2173.153809, step = 1.000000

Iteration 11:
fx = 37397.480469, xnorm = 30.644197, gnorm = 2803.888428, step = 1.000000

Iteration 12:
fx = 35914.875000, xnorm = 30.344452, gnorm = 2489.125244, step = 1.000000

Iteration 13:
fx = 34882.265625, xnorm = 30.322622, gnorm = 3383.322998, step = 1.000000

Iteration 14:
fx = 33443.515625, xnorm = 30.148674, gnorm = 1665.026611, step = 1.000000

Iteration 15:
fx = 32773.628906, xnorm = 29.626829, gnorm = 2917.576904, step = 1.000000

Iteration 16:
fx = 32144.074219, xnorm = 29.327311, gnorm = 1669.577515, step = 1.000000

Iteration 17:
fx = 31772.046875, xnorm = 28.989374, gnorm = 1433.746094, step = 1.000000

Iteration 18:
fx = 31315.527344, xnorm = 28.627871, gnorm = 1588.923340, step = 1.000000

Iteration 19:
fx = 30411.478516, xnorm = 27.594658, gnorm = 2071.171143, step = 1.000000

Iteration 20:
fx = 29872.660156, xnorm = 26.878519, gnorm = 2146.861084, step = 0.466311

Iteration 21:
fx = 29344.623047, xnorm = 26.382910, gnorm = 1548.303711, step = 1.000000

Iteration 22:
fx = 28772.808594, xnorm = 25.570700, gnorm = 2154.354492, step = 1.000000

Iteration 23:
fx = 28363.160156, xnorm = 24.961403, gnorm = 2248.761719, step = 1.000000

Iteration 24:
fx = 27947.427734, xnorm = 24.902342, gnorm = 1555.278687, step = 1.000000

Iteration 25:
fx = 27684.230469, xnorm = 24.739553, gnorm = 1074.988037, step = 0.480506

Iteration 26:
fx = 27455.320312, xnorm = 24.387154, gnorm = 1541.909912, step = 1.000000

Iteration 27:
fx = 27192.074219, xnorm = 24.009453, gnorm = 1395.563110, step = 1.000000

Iteration 28:
fx = 26898.833984, xnorm = 23.093847, gnorm = 1702.621704, step = 1.000000

Iteration 29:
fx = 26708.136719, xnorm = 22.691002, gnorm = 1169.638550, step = 1.000000

Iteration 30:
fx = 26614.044922, xnorm = 22.757994, gnorm = 674.486694, step = 1.000000

Iteration 31:
fx = 26533.287109, xnorm = 22.686779, gnorm = 637.833008, step = 1.000000

Iteration 32:
fx = 26420.203125, xnorm = 22.465954, gnorm = 945.821777, step = 1.000000

Iteration 33:
fx = 26301.132812, xnorm = 21.986753, gnorm = 1519.930298, step = 1.000000

Iteration 34:
fx = 26127.193359, xnorm = 21.543720, gnorm = 1039.543701, step = 1.000000

Iteration 35:
fx = 26034.185547, xnorm = 21.426104, gnorm = 521.237183, step = 1.000000

Iteration 36:
fx = 25993.833984, xnorm = 21.341990, gnorm = 508.669220, step = 1.000000

Iteration 37:
fx = 25961.246094, xnorm = 21.220963, gnorm = 492.414429, step = 1.000000

Iteration 38:
fx = 25929.148438, xnorm = 21.118866, gnorm = 350.791840, step = 1.000000

Iteration 39:
fx = 25900.394531, xnorm = 21.023607, gnorm = 300.508148, step = 1.000000

Iteration 40:
fx = 25881.890625, xnorm = 20.856934, gnorm = 656.284302, step = 1.000000

Iteration 41:
fx = 25854.158203, xnorm = 20.781673, gnorm = 295.571625, step = 1.000000

Iteration 42:
fx = 25838.648438, xnorm = 20.719049, gnorm = 270.454834, step = 1.000000

Iteration 43:
fx = 25818.412109, xnorm = 20.596397, gnorm = 303.721008, step = 1.000000

Iteration 44:
fx = 25812.119141, xnorm = 20.549475, gnorm = 295.263428, step = 0.249950

Iteration 45:
fx = 25796.158203, xnorm = 20.429636, gnorm = 229.611282, step = 1.000000

Iteration 46:
fx = 25783.753906, xnorm = 20.332846, gnorm = 254.911774, step = 1.000000

Iteration 47:
fx = 25777.035156, xnorm = 20.253637, gnorm = 317.353241, step = 1.000000

Iteration 48:
fx = 25772.529297, xnorm = 20.287357, gnorm = 125.113541, step = 1.000000

Iteration 49:
fx = 25771.226562, xnorm = 20.294558, gnorm = 109.116310, step = 1.000000

Iteration 50:
fx = 25767.941406, xnorm = 20.283184, gnorm = 135.666428, step = 1.000000

Iteration 51:
fx = 25766.572266, xnorm = 20.230104, gnorm = 285.607452, step = 1.000000

Iteration 52:
fx = 25759.169922, xnorm = 20.185019, gnorm = 130.447632, step = 1.000000

Iteration 53:
fx = 25755.271484, xnorm = 20.149296, gnorm = 90.371437, step = 1.000000

Iteration 54:
fx = 25752.349609, xnorm = 20.103634, gnorm = 82.214783, step = 1.000000

Iteration 55:
fx = 25750.775391, xnorm = 20.085318, gnorm = 128.089859, step = 0.438770

Iteration 56:
fx = 25749.669922, xnorm = 20.070204, gnorm = 76.599716, step = 1.000000

Iteration 57:
fx = 25748.957031, xnorm = 20.059753, gnorm = 58.028023, step = 1.000000

Iteration 58:
fx = 25748.259766, xnorm = 20.056299, gnorm = 78.712593, step = 1.000000

Iteration 59:
fx = 25747.916016, xnorm = 20.056028, gnorm = 68.625145, step = 1.000000

Iteration 60:
fx = 25747.232422, xnorm = 20.059219, gnorm = 60.318768, step = 1.000000

Iteration 61:
fx = 25746.361328, xnorm = 20.061094, gnorm = 62.740009, step = 1.000000

Iteration 62:
fx = 25746.111328, xnorm = 20.060698, gnorm = 41.720261, step = 1.000000

Iteration 63:
fx = 25745.562500, xnorm = 20.057850, gnorm = 38.071934, step = 1.000000

Iteration 64:
fx = 25745.554688, xnorm = 20.057335, gnorm = 33.999695, step = 0.138144

Iteration 65:
fx = 25745.427734, xnorm = 20.053545, gnorm = 33.619762, step = 1.000000

Iteration 66:
fx = 25745.156250, xnorm = 20.050608, gnorm = 40.390022, step = 1.000000

Iteration 67:
fx = 25745.134766, xnorm = 20.049717, gnorm = 27.764776, step = 0.231471

Iteration 68:
fx = 25744.998047, xnorm = 20.047468, gnorm = 21.709311, step = 1.000000

L-BFGS optimization terminated with status code = -1001
fx = 25745.000000
[0;32mINFO[0;0m 2021-08-19 11:37:20,336 plmdca get_fields_and_couplings_from_backend 
	Data size expected from plmDCA backend: 73535
[0;32mINFO[0;0m 2021-08-19 11:37:20,336 plmdca get_fields_and_couplings_from_backend 
	Data size obtained from plmDCA backend to Python: 73535
[0;32mINFO[0;0m 2021-08-19 11:37:20,382 plmdca compute_sorted_FN 
	Computing non-APC sorted DCA score
[0;32mINFO[0;0m 2021-08-19 11:37:20,510 plmdca compute_sorted_FN_APC 
	Performing average product correction (APC) of FN  of DCA scores
[0;32mINFO[0;0m 2021-08-19 11:37:20,534 dca_utilities write_sorted_dca_scores 
	Writing DCA scores to file PLMDCA_output_4v9k_AW/PLMDCA_apc_fn_scores_4v9k_AW.txt
