[0;32mINFO[0;0m 2021-08-19 11:08:53,075 plmdca __init__ Created plmDCA instance with:
            biomolecule: RNA
            MSA sequence length: 77
            total number of (unweighted) sequences: 50000
            sequence identity: 0.8
            lambda_h: 15.200000000000001
            lambda_J: 15.200000000000001
            gradient decent iterations: 500
            number of threads: 40
        
[0;32mINFO[0;0m 2021-08-19 11:08:53,075 plmdca get_fields_and_couplings_from_backend 
	Computing fields and couplings using gradient decent
Iteration 1:
fx = 53503.125000, xnorm = 32.586102, gnorm = 7397.228027, step = 0.000201

Iteration 2:
fx = 50986.164062, xnorm = 32.554569, gnorm = 3166.692383, step = 1.000000

Iteration 3:
fx = 49681.085938, xnorm = 32.395763, gnorm = 2726.884277, step = 1.000000

Iteration 4:
fx = 45791.742188, xnorm = 31.709101, gnorm = 3819.696289, step = 1.000000

Iteration 5:
fx = 40393.648438, xnorm = 30.630856, gnorm = 4129.676270, step = 1.000000

Iteration 6:
fx = 37179.863281, xnorm = 30.116549, gnorm = 5317.453125, step = 1.000000

Iteration 7:
fx = 34429.968750, xnorm = 30.282272, gnorm = 3220.763672, step = 1.000000

Iteration 8:
fx = 33229.136719, xnorm = 30.166508, gnorm = 2438.707764, step = 1.000000

Iteration 9:
fx = 31922.445312, xnorm = 29.856037, gnorm = 1961.733521, step = 1.000000

Iteration 10:
fx = 30375.191406, xnorm = 29.288778, gnorm = 2364.823242, step = 1.000000

Iteration 11:
fx = 28839.482422, xnorm = 28.600376, gnorm = 3431.262451, step = 1.000000

Iteration 12:
fx = 27095.902344, xnorm = 28.313602, gnorm = 2108.231934, step = 1.000000

Iteration 13:
fx = 26084.691406, xnorm = 28.074398, gnorm = 1564.916870, step = 1.000000

Iteration 14:
fx = 25266.203125, xnorm = 27.618328, gnorm = 1334.968384, step = 1.000000

Iteration 15:
fx = 24807.691406, xnorm = 27.138224, gnorm = 1885.369141, step = 1.000000

Iteration 16:
fx = 24225.707031, xnorm = 26.576502, gnorm = 1604.731812, step = 1.000000

Iteration 17:
fx = 23438.062500, xnorm = 25.722670, gnorm = 1659.932129, step = 1.000000

Iteration 18:
fx = 22749.146484, xnorm = 24.294338, gnorm = 2799.281250, step = 1.000000

Iteration 19:
fx = 21823.771484, xnorm = 23.690157, gnorm = 1692.295288, step = 1.000000

Iteration 20:
fx = 21321.904297, xnorm = 23.314379, gnorm = 1258.392334, step = 1.000000

Iteration 21:
fx = 20995.529297, xnorm = 22.849480, gnorm = 1010.390503, step = 1.000000

Iteration 22:
fx = 20776.873047, xnorm = 22.308720, gnorm = 1517.217651, step = 1.000000

Iteration 23:
fx = 20532.968750, xnorm = 22.061193, gnorm = 955.121338, step = 1.000000

Iteration 24:
fx = 20347.369141, xnorm = 21.808338, gnorm = 849.167847, step = 1.000000

Iteration 25:
fx = 20103.078125, xnorm = 21.340765, gnorm = 998.355835, step = 1.000000

Iteration 26:
fx = 19955.740234, xnorm = 20.954145, gnorm = 1346.561890, step = 0.406791

Iteration 27:
fx = 19733.490234, xnorm = 20.565660, gnorm = 899.496704, step = 1.000000

Iteration 28:
fx = 19660.970703, xnorm = 20.250593, gnorm = 1208.942505, step = 1.000000

Iteration 29:
fx = 19552.142578, xnorm = 20.271276, gnorm = 572.919006, step = 1.000000

Iteration 30:
fx = 19507.605469, xnorm = 20.259596, gnorm = 483.575775, step = 1.000000

Iteration 31:
fx = 19435.113281, xnorm = 20.112764, gnorm = 501.095123, step = 1.000000

Iteration 32:
fx = 19386.265625, xnorm = 19.805283, gnorm = 906.459778, step = 1.000000

Iteration 33:
fx = 19314.113281, xnorm = 19.644375, gnorm = 470.043610, step = 1.000000

Iteration 34:
fx = 19278.835938, xnorm = 19.537510, gnorm = 321.177795, step = 1.000000

Iteration 35:
fx = 19257.806641, xnorm = 19.423103, gnorm = 285.981537, step = 1.000000

Iteration 36:
fx = 19242.392578, xnorm = 19.233774, gnorm = 499.604401, step = 1.000000

Iteration 37:
fx = 19220.134766, xnorm = 19.163700, gnorm = 293.879608, step = 1.000000

Iteration 38:
fx = 19209.791016, xnorm = 19.145140, gnorm = 197.874664, step = 1.000000

Iteration 39:
fx = 19200.384766, xnorm = 19.090946, gnorm = 208.060867, step = 1.000000

Iteration 40:
fx = 19190.416016, xnorm = 18.945774, gnorm = 360.445740, step = 1.000000

Iteration 41:
fx = 19178.783203, xnorm = 18.862614, gnorm = 177.129120, step = 1.000000

Iteration 42:
fx = 19174.083984, xnorm = 18.854559, gnorm = 128.795746, step = 1.000000

Iteration 43:
fx = 19166.828125, xnorm = 18.812229, gnorm = 133.205048, step = 1.000000

Iteration 44:
fx = 19160.048828, xnorm = 18.743662, gnorm = 130.849182, step = 1.000000

Iteration 45:
fx = 19154.255859, xnorm = 18.674072, gnorm = 153.740692, step = 0.467577

Iteration 46:
fx = 19150.742188, xnorm = 18.625816, gnorm = 71.509132, step = 1.000000

Iteration 47:
fx = 19149.429688, xnorm = 18.604885, gnorm = 77.024887, step = 1.000000

Iteration 48:
fx = 19148.121094, xnorm = 18.577698, gnorm = 100.992920, step = 1.000000

Iteration 49:
fx = 19147.181641, xnorm = 18.573120, gnorm = 65.560562, step = 1.000000

Iteration 50:
fx = 19146.548828, xnorm = 18.574223, gnorm = 63.505127, step = 1.000000

Iteration 51:
fx = 19145.441406, xnorm = 18.567871, gnorm = 64.935959, step = 1.000000

Iteration 52:
fx = 19144.113281, xnorm = 18.547745, gnorm = 105.974571, step = 1.000000

Iteration 53:
fx = 19143.138672, xnorm = 18.529852, gnorm = 59.833355, step = 1.000000

Iteration 54:
fx = 19142.738281, xnorm = 18.529116, gnorm = 33.453800, step = 1.000000

Iteration 55:
fx = 19142.337891, xnorm = 18.525087, gnorm = 38.764603, step = 1.000000

Iteration 56:
fx = 19142.091797, xnorm = 18.517654, gnorm = 69.350594, step = 1.000000

Iteration 57:
fx = 19141.804688, xnorm = 18.514582, gnorm = 34.229206, step = 1.000000

Iteration 58:
fx = 19141.591797, xnorm = 18.509148, gnorm = 29.315212, step = 1.000000

Iteration 59:
fx = 19141.453125, xnorm = 18.505211, gnorm = 26.439087, step = 1.000000

Iteration 60:
fx = 19141.369141, xnorm = 18.497589, gnorm = 43.566872, step = 1.000000

Iteration 61:
fx = 19141.306641, xnorm = 18.496794, gnorm = 28.701733, step = 0.284086

Iteration 62:
fx = 19141.289062, xnorm = 18.496748, gnorm = 21.686937, step = 0.267044

Iteration 63:
fx = 19141.287109, xnorm = 18.496775, gnorm = 17.317757, step = 0.213282

Iteration 64:
fx = 19141.287109, xnorm = 18.496824, gnorm = 15.261007, step = 0.174683

Iteration 65:
fx = 19141.255859, xnorm = 18.496943, gnorm = 14.516159, step = 0.160167

L-BFGS optimization terminated with status code = -1001
fx = 19141.255859
[0;32mINFO[0;0m 2021-08-19 11:09:23,810 plmdca get_fields_and_couplings_from_backend 
	Data size expected from plmDCA backend: 73535
[0;32mINFO[0;0m 2021-08-19 11:09:23,810 plmdca get_fields_and_couplings_from_backend 
	Data size obtained from plmDCA backend to Python: 73535
[0;32mINFO[0;0m 2021-08-19 11:09:23,856 plmdca compute_sorted_FN 
	Computing non-APC sorted DCA score
[0;32mINFO[0;0m 2021-08-19 11:09:24,009 plmdca compute_sorted_FN_APC 
	Performing average product correction (APC) of FN  of DCA scores
[0;32mINFO[0;0m 2021-08-19 11:09:24,033 dca_utilities write_sorted_dca_scores 
	Writing DCA scores to file PLMDCA_output_1h4s_T/PLMDCA_apc_fn_scores_1h4s_T.txt
