[0;32mINFO[0;0m 2021-10-28 10:10:48,080 plmdca __init__ Created plmDCA instance with:
            biomolecule: RNA
            MSA sequence length: 159
            total number of (unweighted) sequences: 1726
            sequence identity: 0.8
            lambda_h: 31.6
            lambda_J: 31.6
            gradient decent iterations: 500
            number of threads: 40
        
[0;32mINFO[0;0m 2021-10-28 10:10:48,081 plmdca get_fields_and_couplings_from_backend 
	Computing fields and couplings using gradient decent
Iteration 1:
fx = 134659.328125, xnorm = 38.083763, gnorm = 15415.056641, step = 0.000100

Iteration 2:
fx = 129552.054688, xnorm = 38.026764, gnorm = 7307.971680, step = 1.000000

Iteration 3:
fx = 125797.632812, xnorm = 37.775543, gnorm = 6463.799316, step = 1.000000

Iteration 4:
fx = 116787.046875, xnorm = 36.885380, gnorm = 9405.767578, step = 1.000000

Iteration 5:
fx = 102563.265625, xnorm = 35.326614, gnorm = 9701.048828, step = 1.000000

Iteration 6:
fx = 96243.328125, xnorm = 34.215889, gnorm = 12709.080078, step = 1.000000

Iteration 7:
fx = 87888.812500, xnorm = 34.153389, gnorm = 7033.250977, step = 1.000000

Iteration 8:
fx = 84737.664062, xnorm = 33.982422, gnorm = 5280.130859, step = 1.000000

Iteration 9:
fx = 81792.625000, xnorm = 33.709755, gnorm = 4546.665039, step = 1.000000

Iteration 10:
fx = 75993.023438, xnorm = 32.935211, gnorm = 4894.429199, step = 1.000000

Iteration 11:
fx = 73809.710938, xnorm = 31.797121, gnorm = 10685.500977, step = 1.000000

Iteration 12:
fx = 67438.031250, xnorm = 31.399895, gnorm = 5786.187988, step = 1.000000

Iteration 13:
fx = 64126.460938, xnorm = 30.615305, gnorm = 4351.739258, step = 1.000000

Iteration 14:
fx = 61530.113281, xnorm = 29.764307, gnorm = 4125.810547, step = 1.000000

Iteration 15:
fx = 59072.414062, xnorm = 28.134157, gnorm = 5711.289062, step = 1.000000

Iteration 16:
fx = 57257.351562, xnorm = 27.319313, gnorm = 5650.932129, step = 1.000000

Iteration 17:
fx = 55479.871094, xnorm = 27.387312, gnorm = 3199.570312, step = 1.000000

Iteration 18:
fx = 54410.210938, xnorm = 26.870789, gnorm = 4147.195801, step = 1.000000

Iteration 19:
fx = 53247.328125, xnorm = 26.303822, gnorm = 3531.289307, step = 1.000000

Iteration 20:
fx = 51656.000000, xnorm = 25.250753, gnorm = 3743.543213, step = 1.000000

Iteration 21:
fx = 50208.960938, xnorm = 23.716799, gnorm = 4056.147461, step = 1.000000

Iteration 22:
fx = 49353.917969, xnorm = 23.531124, gnorm = 3298.085449, step = 1.000000

Iteration 23:
fx = 48811.203125, xnorm = 23.572908, gnorm = 2077.360352, step = 1.000000

Iteration 24:
fx = 48475.167969, xnorm = 23.283535, gnorm = 3035.867188, step = 1.000000

Iteration 25:
fx = 48058.691406, xnorm = 23.072037, gnorm = 1443.487427, step = 1.000000

Iteration 26:
fx = 47789.578125, xnorm = 22.810879, gnorm = 1381.043457, step = 1.000000

Iteration 27:
fx = 47318.230469, xnorm = 22.321169, gnorm = 1573.005981, step = 1.000000

Iteration 28:
fx = 47112.371094, xnorm = 21.724710, gnorm = 3536.243408, step = 1.000000

Iteration 29:
fx = 46641.148438, xnorm = 21.577902, gnorm = 1840.379883, step = 1.000000

Iteration 30:
fx = 46416.578125, xnorm = 21.580109, gnorm = 1244.773071, step = 1.000000

Iteration 31:
fx = 46271.710938, xnorm = 21.497953, gnorm = 1245.972900, step = 1.000000

Iteration 32:
fx = 46134.792969, xnorm = 21.380735, gnorm = 1014.295349, step = 1.000000

Iteration 33:
fx = 46018.191406, xnorm = 21.265797, gnorm = 827.968140, step = 1.000000

Iteration 34:
fx = 45935.667969, xnorm = 21.159115, gnorm = 1017.636475, step = 1.000000

Iteration 35:
fx = 45852.964844, xnorm = 21.093410, gnorm = 731.490234, step = 1.000000

Iteration 36:
fx = 45791.000000, xnorm = 21.037876, gnorm = 775.862488, step = 1.000000

Iteration 37:
fx = 45737.351562, xnorm = 20.996758, gnorm = 655.736389, step = 1.000000

Iteration 38:
fx = 45680.644531, xnorm = 20.940811, gnorm = 640.578247, step = 1.000000

Iteration 39:
fx = 45654.132812, xnorm = 20.876457, gnorm = 876.675903, step = 1.000000

Iteration 40:
fx = 45618.238281, xnorm = 20.861912, gnorm = 418.973816, step = 1.000000

Iteration 41:
fx = 45601.687500, xnorm = 20.847857, gnorm = 352.773468, step = 1.000000

Iteration 42:
fx = 45583.152344, xnorm = 20.822069, gnorm = 434.054962, step = 1.000000

Iteration 43:
fx = 45571.738281, xnorm = 20.781834, gnorm = 737.402710, step = 1.000000

Iteration 44:
fx = 45549.710938, xnorm = 20.775719, gnorm = 356.493744, step = 1.000000

Iteration 45:
fx = 45539.988281, xnorm = 20.771526, gnorm = 277.547516, step = 1.000000

Iteration 46:
fx = 45530.417969, xnorm = 20.762285, gnorm = 285.070160, step = 1.000000

Iteration 47:
fx = 45530.187500, xnorm = 20.749126, gnorm = 644.117493, step = 1.000000

Iteration 48:
fx = 45515.679688, xnorm = 20.748842, gnorm = 237.576950, step = 1.000000

Iteration 49:
fx = 45509.777344, xnorm = 20.747639, gnorm = 184.582779, step = 1.000000

Iteration 50:
fx = 45504.527344, xnorm = 20.745258, gnorm = 211.251648, step = 1.000000

Iteration 51:
fx = 45500.546875, xnorm = 20.744383, gnorm = 351.402863, step = 1.000000

Iteration 52:
fx = 45495.011719, xnorm = 20.743807, gnorm = 181.537842, step = 1.000000

Iteration 53:
fx = 45493.058594, xnorm = 20.744825, gnorm = 130.552155, step = 1.000000

Iteration 54:
fx = 45490.964844, xnorm = 20.747288, gnorm = 126.293709, step = 1.000000

Iteration 55:
fx = 45489.937500, xnorm = 20.750702, gnorm = 248.810104, step = 1.000000

Iteration 56:
fx = 45487.894531, xnorm = 20.752148, gnorm = 129.611420, step = 1.000000

Iteration 57:
fx = 45486.601562, xnorm = 20.754313, gnorm = 90.075333, step = 1.000000

Iteration 58:
fx = 45485.921875, xnorm = 20.756769, gnorm = 88.830193, step = 1.000000

Iteration 59:
fx = 45485.429688, xnorm = 20.758886, gnorm = 103.854012, step = 0.382275

Iteration 60:
fx = 45484.828125, xnorm = 20.763994, gnorm = 61.171303, step = 1.000000

Iteration 61:
fx = 45484.503906, xnorm = 20.765989, gnorm = 48.425941, step = 1.000000

Iteration 62:
fx = 45484.332031, xnorm = 20.771111, gnorm = 73.277122, step = 1.000000

Iteration 63:
fx = 45484.296875, xnorm = 20.771437, gnorm = 55.233303, step = 0.112693

Iteration 64:
fx = 45484.253906, xnorm = 20.772024, gnorm = 52.247715, step = 1.000000

Iteration 65:
fx = 45484.191406, xnorm = 20.773094, gnorm = 64.165733, step = 1.000000

Iteration 66:
fx = 45484.074219, xnorm = 20.775833, gnorm = 55.034771, step = 1.000000

Iteration 67:
fx = 45484.007812, xnorm = 20.776266, gnorm = 47.327065, step = 0.120951

Iteration 68:
fx = 45483.988281, xnorm = 20.778200, gnorm = 28.688051, step = 1.000000

Iteration 69:
fx = 45483.941406, xnorm = 20.779242, gnorm = 23.967245, step = 1.000000

Iteration 70:
fx = 45483.890625, xnorm = 20.780899, gnorm = 25.896591, step = 1.000000

Iteration 71:
fx = 45483.867188, xnorm = 20.781013, gnorm = 22.377058, step = 0.080378

L-BFGS optimization terminated with status code = -1001
fx = 45483.863281
[0;32mINFO[0;0m 2021-10-28 10:10:51,824 plmdca get_fields_and_couplings_from_backend 
	Data size expected from plmDCA backend: 314820
[0;32mINFO[0;0m 2021-10-28 10:10:51,824 plmdca get_fields_and_couplings_from_backend 
	Data size obtained from plmDCA backend to Python: 314820
[0;32mINFO[0;0m 2021-10-28 10:10:52,019 plmdca compute_sorted_FN 
	Computing non-APC sorted DCA score
[0;32mINFO[0;0m 2021-10-28 10:10:52,710 plmdca compute_sorted_FN_APC 
	Performing average product correction (APC) of FN  of DCA scores
[0;32mINFO[0;0m 2021-10-28 10:10:52,911 dca_utilities write_sorted_dca_scores 
	Writing DCA scores to file PLMDCA_output_2r8s_R/PLMDCA_apc_fn_scores_2r8s_R.txt
