[0;32mINFO[0;0m 2021-08-19 11:25:49,485 plmdca __init__ Created plmDCA instance with:
            biomolecule: RNA
            MSA sequence length: 74
            total number of (unweighted) sequences: 31091
            sequence identity: 0.8
            lambda_h: 14.600000000000001
            lambda_J: 14.600000000000001
            gradient decent iterations: 500
            number of threads: 40
        
[0;32mINFO[0;0m 2021-08-19 11:25:49,485 plmdca get_fields_and_couplings_from_backend 
	Computing fields and couplings using gradient decent
Iteration 1:
fx = 35497.277344, xnorm = 23.026316, gnorm = 3547.547363, step = 0.000279

Iteration 2:
fx = 33873.554688, xnorm = 22.847044, gnorm = 3087.603027, step = 1.000000

Iteration 3:
fx = 28921.251953, xnorm = 22.217442, gnorm = 2386.290283, step = 1.000000

Iteration 4:
fx = 27221.828125, xnorm = 22.025190, gnorm = 3015.895020, step = 1.000000

Iteration 5:
fx = 25376.853516, xnorm = 21.981436, gnorm = 1938.064453, step = 1.000000

Iteration 6:
fx = 24287.730469, xnorm = 21.926336, gnorm = 1710.419189, step = 1.000000

Iteration 7:
fx = 22999.832031, xnorm = 21.893127, gnorm = 1599.084595, step = 1.000000

Iteration 8:
fx = 21402.408203, xnorm = 22.047573, gnorm = 2060.341309, step = 1.000000

Iteration 9:
fx = 20315.595703, xnorm = 22.314342, gnorm = 2105.416748, step = 1.000000

Iteration 10:
fx = 19387.400391, xnorm = 21.845013, gnorm = 1040.442627, step = 1.000000

Iteration 11:
fx = 19006.193359, xnorm = 21.261532, gnorm = 940.422119, step = 1.000000

Iteration 12:
fx = 18453.787109, xnorm = 19.995375, gnorm = 1213.605713, step = 1.000000

Iteration 13:
fx = 17955.197266, xnorm = 18.891100, gnorm = 1213.026245, step = 1.000000

Iteration 14:
fx = 17503.265625, xnorm = 18.468658, gnorm = 824.866943, step = 1.000000

Iteration 15:
fx = 17192.396484, xnorm = 18.195213, gnorm = 934.522644, step = 1.000000

Iteration 16:
fx = 16863.060547, xnorm = 17.767025, gnorm = 934.120056, step = 1.000000

Iteration 17:
fx = 16566.218750, xnorm = 17.423796, gnorm = 732.247314, step = 1.000000

Iteration 18:
fx = 16395.193359, xnorm = 17.269562, gnorm = 570.563538, step = 1.000000

Iteration 19:
fx = 16269.592773, xnorm = 17.170998, gnorm = 501.484589, step = 1.000000

Iteration 20:
fx = 16120.794922, xnorm = 17.038734, gnorm = 546.452209, step = 1.000000

Iteration 21:
fx = 16046.036133, xnorm = 16.936214, gnorm = 926.913940, step = 1.000000

Iteration 22:
fx = 15905.177734, xnorm = 16.918753, gnorm = 368.328033, step = 1.000000

Iteration 23:
fx = 15861.596680, xnorm = 16.895916, gnorm = 259.025696, step = 1.000000

Iteration 24:
fx = 15830.779297, xnorm = 16.865601, gnorm = 241.465179, step = 1.000000

Iteration 25:
fx = 15794.792969, xnorm = 16.794044, gnorm = 430.841644, step = 1.000000

Iteration 26:
fx = 15762.966797, xnorm = 16.756096, gnorm = 282.387482, step = 1.000000

Iteration 27:
fx = 15748.154297, xnorm = 16.750751, gnorm = 160.030365, step = 1.000000

Iteration 28:
fx = 15735.697266, xnorm = 16.725723, gnorm = 133.930359, step = 1.000000

Iteration 29:
fx = 15724.077148, xnorm = 16.683489, gnorm = 156.936279, step = 1.000000

Iteration 30:
fx = 15718.086914, xnorm = 16.654005, gnorm = 123.051819, step = 0.421123

Iteration 31:
fx = 15711.619141, xnorm = 16.614632, gnorm = 85.162399, step = 1.000000

Iteration 32:
fx = 15708.080078, xnorm = 16.581827, gnorm = 106.956100, step = 1.000000

Iteration 33:
fx = 15702.952148, xnorm = 16.553118, gnorm = 72.495155, step = 1.000000

Iteration 34:
fx = 15698.412109, xnorm = 16.519011, gnorm = 64.376900, step = 1.000000

Iteration 35:
fx = 15696.214844, xnorm = 16.487173, gnorm = 74.872910, step = 1.000000

Iteration 36:
fx = 15694.465820, xnorm = 16.473986, gnorm = 40.518532, step = 1.000000

Iteration 37:
fx = 15693.506836, xnorm = 16.458017, gnorm = 37.764786, step = 1.000000

Iteration 38:
fx = 15692.918945, xnorm = 16.434315, gnorm = 47.115467, step = 1.000000

Iteration 39:
fx = 15692.150391, xnorm = 16.409033, gnorm = 30.733047, step = 1.000000

Iteration 40:
fx = 15691.748047, xnorm = 16.387930, gnorm = 30.918087, step = 1.000000

Iteration 41:
fx = 15691.288086, xnorm = 16.368713, gnorm = 28.203094, step = 1.000000

Iteration 42:
fx = 15691.041992, xnorm = 16.363676, gnorm = 16.690281, step = 1.000000

Iteration 43:
fx = 15690.793945, xnorm = 16.357235, gnorm = 14.491247, step = 1.000000

Iteration 44:
fx = 15690.688477, xnorm = 16.344421, gnorm = 20.936935, step = 1.000000

Iteration 45:
fx = 15690.489258, xnorm = 16.329914, gnorm = 18.399685, step = 1.000000

Iteration 46:
fx = 15690.466797, xnorm = 16.325764, gnorm = 11.239309, step = 1.000000

Iteration 47:
fx = 15690.424805, xnorm = 16.323082, gnorm = 9.221171, step = 1.000000

Iteration 48:
fx = 15690.329102, xnorm = 16.317194, gnorm = 9.563320, step = 1.000000

Iteration 49:
fx = 15690.286133, xnorm = 16.312029, gnorm = 12.183369, step = 1.000000

Iteration 50:
fx = 15690.268555, xnorm = 16.310894, gnorm = 7.105869, step = 1.000000

Iteration 51:
fx = 15690.262695, xnorm = 16.310625, gnorm = 6.294645, step = 0.144005

L-BFGS optimization terminated with status code = -1001
fx = 15690.261719
[0;32mINFO[0;0m 2021-08-19 11:26:02,896 plmdca get_fields_and_couplings_from_backend 
	Data size expected from plmDCA backend: 67895
[0;32mINFO[0;0m 2021-08-19 11:26:02,896 plmdca get_fields_and_couplings_from_backend 
	Data size obtained from plmDCA backend to Python: 67895
[0;32mINFO[0;0m 2021-08-19 11:26:02,939 plmdca compute_sorted_FN 
	Computing non-APC sorted DCA score
[0;32mINFO[0;0m 2021-08-19 11:26:03,054 plmdca compute_sorted_FN_APC 
	Performing average product correction (APC) of FN  of DCA scores
[0;32mINFO[0;0m 2021-08-19 11:26:03,076 dca_utilities write_sorted_dca_scores 
	Writing DCA scores to file PLMDCA_output_3moj_A/PLMDCA_apc_fn_scores_3moj_A.txt
