[0;32mINFO[0;0m 2021-05-22 18:52:03,891 fasta_reader get_alignment_int_form 
	Total number of sequences read from file: 185
[0;32mINFO[0;0m 2021-05-22 18:52:03,891 meanfield_dca compute_sequences_weight 
	Computing sequences weights
[0;32mINFO[0;0m 2021-05-22 18:52:04,762 meanfield_dca __init__ 
	Created a MeanFieldDCA object with the following attributes
        	biomolecule: RNA
        	total states at sites: 5
        	pseudocount: 0.5
        	sequence identity: 0.8
        	alignment length: 95
        	total number of unique sequences (excluding redundant sequences with 100 percent similarity): 185
        	effective number of sequences (with sequence identity 0.8): 41.80039191584106
        
[0;32mINFO[0;0m 2021-05-22 18:52:04,762 meanfield_dca get_single_site_freqs 
	Computing single site frequencies
[0;32mINFO[0;0m 2021-05-22 18:52:05,127 meanfield_dca get_reg_single_site_freqs 
	Regularizing single site frequencies
[0;32mINFO[0;0m 2021-05-22 18:52:05,250 meanfield_dca get_pair_site_freqs 
	Computing pair site frequencies
[0;32mINFO[0;0m 2021-05-22 18:52:08,650 meanfield_dca get_reg_pair_site_freqs 
	Regularizing pair site frequencies
[0;32mINFO[0;0m 2021-05-22 18:52:08,852 meanfield_dca construct_corr_mat 
	Constructing the correlation matrix
[0;32mINFO[0;0m 2021-05-22 18:52:09,172 meanfield_dca compute_couplings 
	Computing couplings
[0;32mINFO[0;0m 2021-05-22 18:52:09,834 meanfield_dca compute_couplings 
	Maximum and minimum couplings: 3.10805574302556, -20.00000000000002
[0;32mINFO[0;0m 2021-05-22 18:52:09,834 meanfield_dca compute_sorted_FN 
	Computing Frobenius norm of couplings
[0;32mINFO[0;0m 2021-05-22 18:52:10,139 meanfield_dca compute_sorted_FN_APC 
	Performing average product correction (APC) to Frobenius norm of couplings.
[0;32mINFO[0;0m 2021-05-22 18:52:10,171 dca_utilities write_sorted_dca_scores 
	Writing DCA scores to file MFDCA_output_5t83_A/MFDCA_apc_fn_scores_5t83_A.txt
[0;32mINFO[0;0m 2021-05-22 18:52:10,180 mfdca_main run_meanfield_dca 
	DONE
