[0;32mINFO[0;0m 2021-10-27 21:48:20,987 fasta_reader get_alignment_int_form 
	Total number of sequences read from file: 10
[0;32mINFO[0;0m 2021-10-27 21:48:20,987 meanfield_dca compute_sequences_weight 
	Computing sequences weights
[0;32mINFO[0;0m 2021-10-27 21:48:21,831 meanfield_dca __init__ 
	Created a MeanFieldDCA object with the following attributes
        	biomolecule: RNA
        	total states at sites: 5
        	pseudocount: 0.5
        	sequence identity: 0.8
        	alignment length: 52
        	total number of unique sequences (excluding redundant sequences with 100 percent similarity): 10
        	effective number of sequences (with sequence identity 0.8): 3.7666666666666666
        
[0;32mINFO[0;0m 2021-10-27 21:48:21,832 meanfield_dca get_single_site_freqs 
	Computing single site frequencies
[0;32mINFO[0;0m 2021-10-27 21:48:22,188 meanfield_dca get_reg_single_site_freqs 
	Regularizing single site frequencies
[0;32mINFO[0;0m 2021-10-27 21:48:22,309 meanfield_dca get_pair_site_freqs 
	Computing pair site frequencies
[0;32mINFO[0;0m 2021-10-27 21:48:25,453 meanfield_dca get_reg_pair_site_freqs 
	Regularizing pair site frequencies
[0;32mINFO[0;0m 2021-10-27 21:48:25,652 meanfield_dca construct_corr_mat 
	Constructing the correlation matrix
[0;32mINFO[0;0m 2021-10-27 21:48:25,967 meanfield_dca compute_couplings 
	Computing couplings
[0;32mINFO[0;0m 2021-10-27 21:48:26,465 meanfield_dca compute_couplings 
	Maximum and minimum couplings: 2.759405645850902, -20.00000000000002
[0;32mINFO[0;0m 2021-10-27 21:48:26,465 meanfield_dca compute_sorted_FN 
	Computing Frobenius norm of couplings
[0;32mINFO[0;0m 2021-10-27 21:48:26,603 meanfield_dca compute_sorted_FN_APC 
	Performing average product correction (APC) to Frobenius norm of couplings.
[0;32mINFO[0;0m 2021-10-27 21:48:26,608 dca_utilities write_sorted_dca_scores 
	Writing DCA scores to file MFDCA_output_6tfe_A/MFDCA_apc_fn_scores_6tfe_A.txt
[0;32mINFO[0;0m 2021-10-27 21:48:26,611 mfdca_main run_meanfield_dca 
	DONE
