[0;32mINFO[0;0m 2021-10-28 10:19:31,367 plmdca __init__ Created plmDCA instance with:
            biomolecule: RNA
            MSA sequence length: 72
            total number of (unweighted) sequences: 2383
            sequence identity: 0.8
            lambda_h: 14.200000000000001
            lambda_J: 14.200000000000001
            gradient decent iterations: 500
            number of threads: 40
        
[0;32mINFO[0;0m 2021-10-28 10:19:31,367 plmdca get_fields_and_couplings_from_backend 
	Computing fields and couplings using gradient decent
Iteration 1:
fx = 34930.960938, xnorm = 28.864029, gnorm = 3148.322266, step = 0.000347

Iteration 2:
fx = 33500.125000, xnorm = 28.605743, gnorm = 2721.187256, step = 1.000000

Iteration 3:
fx = 26871.216797, xnorm = 26.880304, gnorm = 3021.155273, step = 1.000000

Iteration 4:
fx = 23343.349609, xnorm = 26.367325, gnorm = 2071.104004, step = 1.000000

Iteration 5:
fx = 22072.636719, xnorm = 26.167894, gnorm = 1526.311768, step = 1.000000

Iteration 6:
fx = 21105.371094, xnorm = 25.917065, gnorm = 1295.366455, step = 1.000000

Iteration 7:
fx = 20041.027344, xnorm = 25.151579, gnorm = 2820.504883, step = 1.000000

Iteration 8:
fx = 18562.923828, xnorm = 24.849596, gnorm = 1531.387695, step = 1.000000

Iteration 9:
fx = 17749.849609, xnorm = 24.391317, gnorm = 1058.054565, step = 1.000000

Iteration 10:
fx = 16386.910156, xnorm = 23.209341, gnorm = 1485.466064, step = 1.000000

Iteration 11:
fx = 15630.436523, xnorm = 22.098310, gnorm = 1292.707642, step = 1.000000

Iteration 12:
fx = 15195.150391, xnorm = 21.698952, gnorm = 1244.361206, step = 1.000000

Iteration 13:
fx = 14810.713867, xnorm = 21.440582, gnorm = 800.572388, step = 1.000000

Iteration 14:
fx = 14260.401367, xnorm = 20.583378, gnorm = 883.654480, step = 1.000000

Iteration 15:
fx = 13728.678711, xnorm = 19.516298, gnorm = 1012.253723, step = 1.000000

Iteration 16:
fx = 13346.051758, xnorm = 18.790411, gnorm = 947.205933, step = 1.000000

Iteration 17:
fx = 13137.961914, xnorm = 18.382334, gnorm = 620.122925, step = 1.000000

Iteration 18:
fx = 13027.100586, xnorm = 18.162079, gnorm = 350.348511, step = 1.000000

Iteration 19:
fx = 12939.541992, xnorm = 17.798969, gnorm = 385.932007, step = 1.000000

Iteration 20:
fx = 12849.304688, xnorm = 17.432833, gnorm = 442.366974, step = 1.000000

Iteration 21:
fx = 12804.398438, xnorm = 16.670443, gnorm = 650.180359, step = 1.000000

Iteration 22:
fx = 12712.150391, xnorm = 16.733479, gnorm = 250.120361, step = 1.000000

Iteration 23:
fx = 12697.617188, xnorm = 16.808784, gnorm = 169.942123, step = 1.000000

Iteration 24:
fx = 12673.867188, xnorm = 16.814350, gnorm = 143.924500, step = 1.000000

Iteration 25:
fx = 12649.529297, xnorm = 16.713528, gnorm = 226.673218, step = 1.000000

Iteration 26:
fx = 12637.827148, xnorm = 16.563387, gnorm = 207.011581, step = 1.000000

Iteration 27:
fx = 12627.697266, xnorm = 16.540358, gnorm = 89.956314, step = 1.000000

Iteration 28:
fx = 12622.031250, xnorm = 16.487707, gnorm = 77.384567, step = 1.000000

Iteration 29:
fx = 12615.954102, xnorm = 16.401978, gnorm = 87.341431, step = 1.000000

Iteration 30:
fx = 12613.727539, xnorm = 16.282658, gnorm = 219.105469, step = 1.000000

Iteration 31:
fx = 12606.817383, xnorm = 16.278236, gnorm = 63.435066, step = 1.000000

Iteration 32:
fx = 12605.560547, xnorm = 16.283922, gnorm = 41.736324, step = 1.000000

Iteration 33:
fx = 12604.048828, xnorm = 16.279751, gnorm = 49.556824, step = 1.000000

Iteration 34:
fx = 12601.651367, xnorm = 16.280897, gnorm = 67.103676, step = 1.000000

Iteration 35:
fx = 12600.141602, xnorm = 16.270012, gnorm = 103.033249, step = 1.000000

Iteration 36:
fx = 12598.776367, xnorm = 16.273800, gnorm = 30.971210, step = 1.000000

Iteration 37:
fx = 12598.459961, xnorm = 16.273977, gnorm = 24.582825, step = 1.000000

Iteration 38:
fx = 12598.089844, xnorm = 16.272644, gnorm = 28.481730, step = 1.000000

Iteration 39:
fx = 12597.958008, xnorm = 16.271120, gnorm = 44.327354, step = 1.000000

Iteration 40:
fx = 12597.891602, xnorm = 16.270752, gnorm = 25.096922, step = 1.000000

Iteration 41:
fx = 12597.731445, xnorm = 16.271299, gnorm = 16.378202, step = 1.000000

Iteration 42:
fx = 12597.585938, xnorm = 16.272964, gnorm = 15.161523, step = 1.000000

Iteration 43:
fx = 12597.570312, xnorm = 16.274881, gnorm = 17.778961, step = 1.000000

Iteration 44:
fx = 12597.566406, xnorm = 16.275345, gnorm = 14.346471, step = 0.196926

Iteration 45:
fx = 12597.557617, xnorm = 16.275835, gnorm = 12.500215, step = 0.196992

Iteration 46:
fx = 12597.557617, xnorm = 16.276348, gnorm = 11.303186, step = 0.162227

Iteration 47:
fx = 12597.553711, xnorm = 16.276953, gnorm = 8.539576, step = 0.174245

L-BFGS optimization terminated with status code = -1001
fx = 12597.545898
[0;32mINFO[0;0m 2021-10-28 10:19:32,145 plmdca get_fields_and_couplings_from_backend 
	Data size expected from plmDCA backend: 64260
[0;32mINFO[0;0m 2021-10-28 10:19:32,145 plmdca get_fields_and_couplings_from_backend 
	Data size obtained from plmDCA backend to Python: 64260
[0;32mINFO[0;0m 2021-10-28 10:19:32,185 plmdca compute_sorted_FN 
	Computing non-APC sorted DCA score
[0;32mINFO[0;0m 2021-10-28 10:19:32,306 plmdca compute_sorted_FN_APC 
	Performing average product correction (APC) of FN  of DCA scores
[0;32mINFO[0;0m 2021-10-28 10:19:32,326 dca_utilities write_sorted_dca_scores 
	Writing DCA scores to file PLMDCA_output_5ud5_C/PLMDCA_apc_fn_scores_5ud5_C.txt
