[0;32mINFO[0;0m 2021-08-19 10:41:38,408 fasta_reader get_alignment_int_form 
	Total number of sequences read from file: 239
[0;32mINFO[0;0m 2021-08-19 10:41:38,408 meanfield_dca compute_sequences_weight 
	Computing sequences weights
[0;32mINFO[0;0m 2021-08-19 10:41:39,260 meanfield_dca __init__ 
	Created a MeanFieldDCA object with the following attributes
        	biomolecule: RNA
        	total states at sites: 5
        	pseudocount: 0.5
        	sequence identity: 0.8
        	alignment length: 96
        	total number of unique sequences (excluding redundant sequences with 100 percent similarity): 238
        	effective number of sequences (with sequence identity 0.8): 68.82048186427174
        
[0;32mINFO[0;0m 2021-08-19 10:41:39,260 meanfield_dca get_single_site_freqs 
	Computing single site frequencies
[0;32mINFO[0;0m 2021-08-19 10:41:39,618 meanfield_dca get_reg_single_site_freqs 
	Regularizing single site frequencies
[0;32mINFO[0;0m 2021-08-19 10:41:39,741 meanfield_dca get_pair_site_freqs 
	Computing pair site frequencies
[0;32mINFO[0;0m 2021-08-19 10:41:42,895 meanfield_dca get_reg_pair_site_freqs 
	Regularizing pair site frequencies
[0;32mINFO[0;0m 2021-08-19 10:41:43,092 meanfield_dca construct_corr_mat 
	Constructing the correlation matrix
[0;32mINFO[0;0m 2021-08-19 10:41:43,404 meanfield_dca compute_couplings 
	Computing couplings
[0;32mINFO[0;0m 2021-08-19 10:41:44,020 meanfield_dca compute_couplings 
	Maximum and minimum couplings: 2.4401604787371074, -20.000000000000014
[0;32mINFO[0;0m 2021-08-19 10:41:44,020 meanfield_dca compute_sorted_FN 
	Computing Frobenius norm of couplings
[0;32mINFO[0;0m 2021-08-19 10:41:44,312 meanfield_dca compute_sorted_FN_APC 
	Performing average product correction (APC) to Frobenius norm of couplings.
[0;32mINFO[0;0m 2021-08-19 10:41:44,346 dca_utilities write_sorted_dca_scores 
	Writing DCA scores to file MFDCA_output_3ktw_C/MFDCA_apc_fn_scores_3ktw_C.txt
[0;32mINFO[0;0m 2021-08-19 10:41:44,356 mfdca_main run_meanfield_dca 
	DONE
