[0;32mINFO[0;0m 2021-10-28 10:07:48,308 plmdca __init__ Created plmDCA instance with:
            biomolecule: RNA
            MSA sequence length: 40
            total number of (unweighted) sequences: 2
            sequence identity: 0.8
            lambda_h: 7.800000000000001
            lambda_J: 7.800000000000001
            gradient decent iterations: 500
            number of threads: 40
        
[0;32mINFO[0;0m 2021-10-28 10:07:48,308 plmdca get_fields_and_couplings_from_backend 
	Computing fields and couplings using gradient decent
Iteration 1:
fx = 244.749084, xnorm = 4.985395, gnorm = 78.992790, step = 0.010025

Iteration 2:
fx = 59.864246, xnorm = 1.682222, gnorm = 17.268450, step = 1.000000

Iteration 3:
fx = 54.842777, xnorm = 1.872700, gnorm = 10.171861, step = 1.000000

Iteration 4:
fx = 54.170528, xnorm = 1.749201, gnorm = 1.294694, step = 1.000000

Iteration 5:
fx = 54.169868, xnorm = 1.746868, gnorm = 1.116806, step = 0.121254

L-BFGS optimization terminated with status code = -1001
fx = 54.169872
[0;32mINFO[0;0m 2021-10-28 10:07:48,345 plmdca get_fields_and_couplings_from_backend 
	Data size expected from plmDCA backend: 19700
[0;32mINFO[0;0m 2021-10-28 10:07:48,346 plmdca get_fields_and_couplings_from_backend 
	Data size obtained from plmDCA backend to Python: 19700
[0;32mINFO[0;0m 2021-10-28 10:07:48,363 plmdca compute_sorted_FN 
	Computing non-APC sorted DCA score
[0;32mINFO[0;0m 2021-10-28 10:07:48,410 plmdca compute_sorted_FN_APC 
	Performing average product correction (APC) of FN  of DCA scores
[0;32mINFO[0;0m 2021-10-28 10:07:48,415 dca_utilities write_sorted_dca_scores 
	Writing DCA scores to file PLMDCA_output_3p22_A/PLMDCA_apc_fn_scores_3p22_A.txt
