[0;32mINFO[0;0m 2021-09-18 15:24:34,491 fasta_reader get_alignment_int_form 
	Found 30 non-standard residues in 29 sequences
[0;32mINFO[0;0m 2021-09-18 15:24:34,491 fasta_reader get_alignment_int_form 
	Total number of sequences read from file: 2998
[0;32mINFO[0;0m 2021-09-18 15:24:34,491 meanfield_dca compute_sequences_weight 
	Computing sequences weights
[0;32mINFO[0;0m 2021-09-18 15:24:35,406 meanfield_dca __init__ 
	Created a MeanFieldDCA object with the following attributes
        	biomolecule: RNA
        	total states at sites: 5
        	pseudocount: 0.5
        	sequence identity: 0.8
        	alignment length: 130
        	total number of unique sequences (excluding redundant sequences with 100 percent similarity): 2997
        	effective number of sequences (with sequence identity 0.8): 2141.2036331786867
        
[0;32mINFO[0;0m 2021-09-18 15:24:35,407 meanfield_dca get_single_site_freqs 
	Computing single site frequencies
[0;32mINFO[0;0m 2021-09-18 15:24:35,842 meanfield_dca get_reg_single_site_freqs 
	Regularizing single site frequencies
[0;32mINFO[0;0m 2021-09-18 15:24:35,969 meanfield_dca get_pair_site_freqs 
	Computing pair site frequencies
[0;32mINFO[0;0m 2021-09-18 15:24:39,440 meanfield_dca get_reg_pair_site_freqs 
	Regularizing pair site frequencies
[0;32mINFO[0;0m 2021-09-18 15:24:39,639 meanfield_dca construct_corr_mat 
	Constructing the correlation matrix
[0;32mINFO[0;0m 2021-09-18 15:24:39,901 meanfield_dca compute_couplings 
	Computing couplings
[0;32mINFO[0;0m 2021-09-18 15:24:40,595 meanfield_dca compute_couplings 
	Maximum and minimum couplings: 5.509442486316908, -19.82799831064458
[0;32mINFO[0;0m 2021-09-18 15:24:40,595 meanfield_dca compute_sorted_FN 
	Computing Frobenius norm of couplings
[0;32mINFO[0;0m 2021-09-18 15:24:41,137 meanfield_dca compute_sorted_FN_APC 
	Performing average product correction (APC) to Frobenius norm of couplings.
[0;32mINFO[0;0m 2021-09-18 15:24:41,222 dca_utilities write_sorted_dca_scores 
	Writing DCA scores to file MFDCA_output_PKB387/MFDCA_apc_fn_scores_PKB387.txt
[0;32mINFO[0;0m 2021-09-18 15:24:41,241 mfdca_main run_meanfield_dca 
	DONE
