[0;32mINFO[0;0m 2021-08-03 01:53:57,468 plmdca __init__ Created plmDCA instance with:
            biomolecule: RNA
            MSA sequence length: 55
            total number of (unweighted) sequences: 1
            sequence identity: 0.8
            lambda_h: 10.8
            lambda_J: 10.8
            gradient decent iterations: 500
            number of threads: 40
        
[0;32mINFO[0;0m 2021-08-03 01:53:57,469 plmdca get_fields_and_couplings_from_backend 
	Computing fields and couplings using gradient decent
Iteration 1:
fx = 193.556900, xnorm = 3.766034, gnorm = 82.601326, step = 0.009221

Iteration 2:
fx = 45.697262, xnorm = 1.114691, gnorm = 14.501622, step = 1.000000

Iteration 3:
fx = 43.967602, xnorm = 1.519644, gnorm = 8.809117, step = 1.000000

Iteration 4:
fx = 43.153046, xnorm = 1.343287, gnorm = 0.288183, step = 1.000000

L-BFGS optimization terminated with status code = -1001
fx = 43.153046
[0;32mINFO[0;0m 2021-08-03 01:53:57,611 plmdca get_fields_and_couplings_from_backend 
	Data size expected from plmDCA backend: 37400
[0;32mINFO[0;0m 2021-08-03 01:53:57,612 plmdca get_fields_and_couplings_from_backend 
	Data size obtained from plmDCA backend to Python: 37400
[0;32mINFO[0;0m 2021-08-03 01:53:57,670 plmdca compute_sorted_FN 
	Computing non-APC sorted DCA score
[0;32mINFO[0;0m 2021-08-03 01:53:57,813 plmdca compute_sorted_FN_APC 
	Performing average product correction (APC) of FN  of DCA scores
[0;32mINFO[0;0m 2021-08-03 01:53:57,833 dca_utilities write_sorted_dca_scores 
	Writing DCA scores to file PLMDCA_output_1c9s_W/PLMDCA_apc_fn_scores_1c9s_W.txt
