[0;32mINFO[0;0m 2021-05-22 19:42:14,702 plmdca __init__ Created plmDCA instance with:
            biomolecule: RNA
            MSA sequence length: 83
            total number of (unweighted) sequences: 32739
            sequence identity: 0.8
            lambda_h: 16.400000000000002
            lambda_J: 16.400000000000002
            gradient decent iterations: 500
            number of threads: 40
        
[0;32mINFO[0;0m 2021-05-22 19:42:14,703 plmdca get_fields_and_couplings_from_backend 
	Computing fields and couplings using gradient decent
Iteration 1:
fx = 143601.468750, xnorm = 32.121635, gnorm = 20232.470703, step = 0.000068

Iteration 2:
fx = 136659.125000, xnorm = 32.104145, gnorm = 9791.512695, step = 1.000000

Iteration 3:
fx = 131152.046875, xnorm = 32.034534, gnorm = 8241.391602, step = 1.000000

Iteration 4:
fx = 120284.921875, xnorm = 31.907087, gnorm = 10198.722656, step = 1.000000

Iteration 5:
fx = 108112.453125, xnorm = 32.073441, gnorm = 12031.718750, step = 1.000000

Iteration 6:
fx = 101372.828125, xnorm = 33.046272, gnorm = 12235.632812, step = 1.000000

Iteration 7:
fx = 95148.078125, xnorm = 33.533432, gnorm = 7390.626953, step = 1.000000

Iteration 8:
fx = 92613.500000, xnorm = 34.075325, gnorm = 7953.988770, step = 1.000000

Iteration 9:
fx = 89857.679688, xnorm = 34.368149, gnorm = 5520.403809, step = 1.000000

Iteration 10:
fx = 86091.273438, xnorm = 34.903263, gnorm = 5872.360840, step = 1.000000

Iteration 11:
fx = 83363.289062, xnorm = 35.254559, gnorm = 5617.807129, step = 1.000000

Iteration 12:
fx = 81356.648438, xnorm = 36.451740, gnorm = 9856.773438, step = 1.000000

Iteration 13:
fx = 77646.617188, xnorm = 36.408257, gnorm = 5239.291992, step = 1.000000

Iteration 14:
fx = 76249.210938, xnorm = 35.882534, gnorm = 2955.547607, step = 1.000000

Iteration 15:
fx = 75100.046875, xnorm = 35.291199, gnorm = 2583.055664, step = 1.000000

Iteration 16:
fx = 73776.781250, xnorm = 34.674370, gnorm = 4296.886719, step = 1.000000

Iteration 17:
fx = 72702.765625, xnorm = 34.102772, gnorm = 6397.241699, step = 1.000000

Iteration 18:
fx = 70958.359375, xnorm = 34.206200, gnorm = 2801.794434, step = 1.000000

Iteration 19:
fx = 70285.640625, xnorm = 34.056259, gnorm = 2348.468018, step = 1.000000

Iteration 20:
fx = 69415.234375, xnorm = 33.455349, gnorm = 4294.309082, step = 1.000000

Iteration 21:
fx = 68511.234375, xnorm = 33.012722, gnorm = 3225.086914, step = 1.000000

Iteration 22:
fx = 67932.000000, xnorm = 32.717957, gnorm = 2782.322510, step = 1.000000

Iteration 23:
fx = 67115.304688, xnorm = 32.021313, gnorm = 3142.341064, step = 1.000000

Iteration 24:
fx = 66557.789062, xnorm = 31.547146, gnorm = 4113.956055, step = 1.000000

Iteration 25:
fx = 65975.640625, xnorm = 31.509510, gnorm = 2697.866943, step = 1.000000

Iteration 26:
fx = 65327.945312, xnorm = 31.353487, gnorm = 2679.898193, step = 1.000000

Iteration 27:
fx = 64863.613281, xnorm = 31.184278, gnorm = 2574.844238, step = 1.000000

Iteration 28:
fx = 64070.464844, xnorm = 30.762537, gnorm = 3401.460938, step = 1.000000

Iteration 29:
fx = 63827.289062, xnorm = 30.609240, gnorm = 4344.123047, step = 1.000000

Iteration 30:
fx = 63039.046875, xnorm = 30.544800, gnorm = 2751.918213, step = 1.000000

Iteration 31:
fx = 62709.039062, xnorm = 30.457495, gnorm = 3525.793213, step = 1.000000

Iteration 32:
fx = 62215.128906, xnorm = 30.389311, gnorm = 1866.891113, step = 1.000000

Iteration 33:
fx = 61751.625000, xnorm = 30.309345, gnorm = 1995.750977, step = 1.000000

Iteration 34:
fx = 61183.015625, xnorm = 30.245901, gnorm = 2714.522461, step = 1.000000

Iteration 35:
fx = 60861.027344, xnorm = 30.230642, gnorm = 2292.424561, step = 0.362323

Iteration 36:
fx = 60533.164062, xnorm = 30.186884, gnorm = 1606.816772, step = 1.000000

Iteration 37:
fx = 60346.742188, xnorm = 30.150370, gnorm = 2161.096191, step = 1.000000

Iteration 38:
fx = 60103.789062, xnorm = 30.079443, gnorm = 1568.579712, step = 1.000000

Iteration 39:
fx = 59940.550781, xnorm = 30.013479, gnorm = 1289.957642, step = 1.000000

Iteration 40:
fx = 59738.636719, xnorm = 29.817070, gnorm = 1998.740967, step = 1.000000

Iteration 41:
fx = 59587.292969, xnorm = 29.679976, gnorm = 2415.709473, step = 1.000000

Iteration 42:
fx = 59416.507812, xnorm = 29.664873, gnorm = 1351.684448, step = 1.000000

Iteration 43:
fx = 59291.097656, xnorm = 29.572367, gnorm = 1064.476562, step = 1.000000

Iteration 44:
fx = 59200.644531, xnorm = 29.495747, gnorm = 1134.198242, step = 1.000000

Iteration 45:
fx = 59041.753906, xnorm = 29.260036, gnorm = 1364.342041, step = 1.000000

Iteration 46:
fx = 58998.105469, xnorm = 29.088243, gnorm = 2279.309814, step = 1.000000

Iteration 47:
fx = 58882.660156, xnorm = 29.099703, gnorm = 1110.098389, step = 1.000000

Iteration 48:
fx = 58791.781250, xnorm = 29.048010, gnorm = 929.937805, step = 1.000000

Iteration 49:
fx = 58707.148438, xnorm = 28.944597, gnorm = 1155.393555, step = 1.000000

Iteration 50:
fx = 58595.621094, xnorm = 28.744799, gnorm = 1597.557495, step = 1.000000

Iteration 51:
fx = 58501.769531, xnorm = 28.611820, gnorm = 1275.095581, step = 0.465521

Iteration 52:
fx = 58431.015625, xnorm = 28.528719, gnorm = 754.119324, step = 1.000000

Iteration 53:
fx = 58371.261719, xnorm = 28.445684, gnorm = 714.333252, step = 1.000000

Iteration 54:
fx = 58310.082031, xnorm = 28.317131, gnorm = 886.901550, step = 1.000000

Iteration 55:
fx = 58250.425781, xnorm = 28.143578, gnorm = 1370.860229, step = 1.000000

Iteration 56:
fx = 58173.714844, xnorm = 28.059694, gnorm = 746.561462, step = 1.000000

Iteration 57:
fx = 58104.332031, xnorm = 27.925974, gnorm = 726.188416, step = 1.000000

Iteration 58:
fx = 58081.234375, xnorm = 27.841928, gnorm = 996.802490, step = 1.000000

Iteration 59:
fx = 58041.039062, xnorm = 27.781593, gnorm = 596.793274, step = 1.000000

Iteration 60:
fx = 58004.023438, xnorm = 27.703362, gnorm = 556.752625, step = 1.000000

Iteration 61:
fx = 57979.000000, xnorm = 27.654343, gnorm = 633.422302, step = 1.000000

Iteration 62:
fx = 57948.695312, xnorm = 27.587318, gnorm = 478.361572, step = 1.000000

Iteration 63:
fx = 57920.773438, xnorm = 27.539345, gnorm = 416.036438, step = 1.000000

Iteration 64:
fx = 57904.781250, xnorm = 27.497206, gnorm = 558.063538, step = 0.406452

Iteration 65:
fx = 57884.250000, xnorm = 27.462902, gnorm = 401.294983, step = 1.000000

Iteration 66:
fx = 57860.359375, xnorm = 27.415247, gnorm = 306.457733, step = 1.000000

Iteration 67:
fx = 57847.070312, xnorm = 27.357111, gnorm = 821.369324, step = 1.000000

Iteration 68:
fx = 57826.000000, xnorm = 27.331722, gnorm = 427.513611, step = 1.000000

Iteration 69:
fx = 57822.121094, xnorm = 27.343611, gnorm = 262.795105, step = 1.000000

Iteration 70:
fx = 57816.328125, xnorm = 27.349428, gnorm = 214.426529, step = 1.000000

Iteration 71:
fx = 57810.753906, xnorm = 27.345261, gnorm = 252.465851, step = 1.000000

Iteration 72:
fx = 57805.433594, xnorm = 27.324297, gnorm = 564.421448, step = 1.000000

Iteration 73:
fx = 57796.992188, xnorm = 27.321501, gnorm = 220.021255, step = 1.000000

Iteration 74:
fx = 57792.886719, xnorm = 27.314947, gnorm = 190.447968, step = 1.000000

Iteration 75:
fx = 57790.324219, xnorm = 27.308249, gnorm = 201.690247, step = 1.000000

Iteration 76:
fx = 57788.292969, xnorm = 27.304953, gnorm = 286.069336, step = 0.243246

Iteration 77:
fx = 57785.480469, xnorm = 27.297405, gnorm = 216.542023, step = 1.000000

Iteration 78:
fx = 57784.183594, xnorm = 27.295082, gnorm = 158.223312, step = 1.000000

Iteration 79:
fx = 57782.835938, xnorm = 27.295698, gnorm = 112.125565, step = 0.326344

Iteration 80:
fx = 57782.585938, xnorm = 27.296637, gnorm = 102.026283, step = 0.239649

Iteration 81:
fx = 57782.214844, xnorm = 27.298765, gnorm = 108.218361, step = 0.224897

Iteration 82:
fx = 57781.074219, xnorm = 27.302549, gnorm = 100.284851, step = 0.223914

Iteration 83:
fx = 57780.726562, xnorm = 27.305595, gnorm = 78.721832, step = 0.242335

L-BFGS optimization terminated with status code = -1001
fx = 57780.730469
[0;32mINFO[0;0m 2021-05-22 19:42:53,636 plmdca get_fields_and_couplings_from_backend 
	Data size expected from plmDCA backend: 85490
[0;32mINFO[0;0m 2021-05-22 19:42:53,637 plmdca get_fields_and_couplings_from_backend 
	Data size obtained from plmDCA backend to Python: 85490
[0;32mINFO[0;0m 2021-05-22 19:42:53,691 plmdca compute_sorted_FN 
	Computing non-APC sorted DCA score
[0;32mINFO[0;0m 2021-05-22 19:42:53,847 plmdca compute_sorted_FN_APC 
	Performing average product correction (APC) of FN  of DCA scores
[0;32mINFO[0;0m 2021-05-22 19:42:53,878 dca_utilities write_sorted_dca_scores 
	Writing DCA scores to file PLMDCA_output_2bte_B/PLMDCA_apc_fn_scores_2bte_B.txt
