[0;32mINFO[0;0m 2021-09-18 14:45:59,545 fasta_reader get_alignment_int_form 
	Total number of sequences read from file: 5
[0;32mINFO[0;0m 2021-09-18 14:45:59,546 meanfield_dca compute_sequences_weight 
	Computing sequences weights
[0;32mINFO[0;0m 2021-09-18 14:46:00,405 meanfield_dca __init__ 
	Created a MeanFieldDCA object with the following attributes
        	biomolecule: RNA
        	total states at sites: 5
        	pseudocount: 0.5
        	sequence identity: 0.8
        	alignment length: 37
        	total number of unique sequences (excluding redundant sequences with 100 percent similarity): 4
        	effective number of sequences (with sequence identity 0.8): 3.0
        
[0;32mINFO[0;0m 2021-09-18 14:46:00,407 meanfield_dca get_single_site_freqs 
	Computing single site frequencies
[0;32mINFO[0;0m 2021-09-18 14:46:00,768 meanfield_dca get_reg_single_site_freqs 
	Regularizing single site frequencies
[0;32mINFO[0;0m 2021-09-18 14:46:00,890 meanfield_dca get_pair_site_freqs 
	Computing pair site frequencies
[0;32mINFO[0;0m 2021-09-18 14:46:04,153 meanfield_dca get_reg_pair_site_freqs 
	Regularizing pair site frequencies
[0;32mINFO[0;0m 2021-09-18 14:46:04,350 meanfield_dca construct_corr_mat 
	Constructing the correlation matrix
[0;32mINFO[0;0m 2021-09-18 14:46:04,663 meanfield_dca compute_couplings 
	Computing couplings
[0;32mINFO[0;0m 2021-09-18 14:46:05,134 meanfield_dca compute_couplings 
	Maximum and minimum couplings: 3.3481200347730535, -20.00000000000001
[0;32mINFO[0;0m 2021-09-18 14:46:05,134 meanfield_dca compute_sorted_FN 
	Computing Frobenius norm of couplings
[0;32mINFO[0;0m 2021-09-18 14:46:05,215 meanfield_dca compute_sorted_FN_APC 
	Performing average product correction (APC) to Frobenius norm of couplings.
[0;32mINFO[0;0m 2021-09-18 14:46:05,223 dca_utilities write_sorted_dca_scores 
	Writing DCA scores to file MFDCA_output_PKB300/MFDCA_apc_fn_scores_PKB300.txt
[0;32mINFO[0;0m 2021-09-18 14:46:05,228 mfdca_main run_meanfield_dca 
	DONE
