[0;32mINFO[0;0m 2021-09-18 14:35:03,084 fasta_reader get_alignment_int_form 
	Found 2 non-standard residues in 2 sequences
[0;32mINFO[0;0m 2021-09-18 14:35:03,085 fasta_reader get_alignment_int_form 
	Total number of sequences read from file: 171
[0;32mINFO[0;0m 2021-09-18 14:35:03,085 meanfield_dca compute_sequences_weight 
	Computing sequences weights
[0;32mINFO[0;0m 2021-09-18 14:35:03,964 meanfield_dca __init__ 
	Created a MeanFieldDCA object with the following attributes
        	biomolecule: RNA
        	total states at sites: 5
        	pseudocount: 0.5
        	sequence identity: 0.8
        	alignment length: 128
        	total number of unique sequences (excluding redundant sequences with 100 percent similarity): 170
        	effective number of sequences (with sequence identity 0.8): 33.18780595714558
        
[0;32mINFO[0;0m 2021-09-18 14:35:03,965 meanfield_dca get_single_site_freqs 
	Computing single site frequencies
[0;32mINFO[0;0m 2021-09-18 14:35:04,332 meanfield_dca get_reg_single_site_freqs 
	Regularizing single site frequencies
[0;32mINFO[0;0m 2021-09-18 14:35:04,455 meanfield_dca get_pair_site_freqs 
	Computing pair site frequencies
[0;32mINFO[0;0m 2021-09-18 14:35:07,709 meanfield_dca get_reg_pair_site_freqs 
	Regularizing pair site frequencies
[0;32mINFO[0;0m 2021-09-18 14:35:07,909 meanfield_dca construct_corr_mat 
	Constructing the correlation matrix
[0;32mINFO[0;0m 2021-09-18 14:35:08,226 meanfield_dca compute_couplings 
	Computing couplings
[0;32mINFO[0;0m 2021-09-18 14:35:08,923 meanfield_dca compute_couplings 
	Maximum and minimum couplings: 2.2994428307774704, -19.806140225652015
[0;32mINFO[0;0m 2021-09-18 14:35:08,924 meanfield_dca compute_sorted_FN 
	Computing Frobenius norm of couplings
[0;32mINFO[0;0m 2021-09-18 14:35:09,377 meanfield_dca compute_sorted_FN_APC 
	Performing average product correction (APC) to Frobenius norm of couplings.
[0;32mINFO[0;0m 2021-09-18 14:35:09,459 dca_utilities write_sorted_dca_scores 
	Writing DCA scores to file MFDCA_output_PKB174/MFDCA_apc_fn_scores_PKB174.txt
[0;32mINFO[0;0m 2021-09-18 14:35:09,476 mfdca_main run_meanfield_dca 
	DONE
