[0;32mINFO[0;0m 2021-09-18 15:11:02,177 fasta_reader get_alignment_int_form 
	Found 554 non-standard residues in 271 sequences
[0;32mINFO[0;0m 2021-09-18 15:11:02,177 fasta_reader get_alignment_int_form 
	Total number of sequences read from file: 1860
[0;32mINFO[0;0m 2021-09-18 15:11:02,177 meanfield_dca compute_sequences_weight 
	Computing sequences weights
[0;32mINFO[0;0m 2021-09-18 15:11:03,048 meanfield_dca __init__ 
	Created a MeanFieldDCA object with the following attributes
        	biomolecule: RNA
        	total states at sites: 5
        	pseudocount: 0.5
        	sequence identity: 0.8
        	alignment length: 76
        	total number of unique sequences (excluding redundant sequences with 100 percent similarity): 1842
        	effective number of sequences (with sequence identity 0.8): 20.438237573820892
        
[0;32mINFO[0;0m 2021-09-18 15:11:03,049 meanfield_dca get_single_site_freqs 
	Computing single site frequencies
[0;32mINFO[0;0m 2021-09-18 15:11:03,463 meanfield_dca get_reg_single_site_freqs 
	Regularizing single site frequencies
[0;32mINFO[0;0m 2021-09-18 15:11:03,589 meanfield_dca get_pair_site_freqs 
	Computing pair site frequencies
[0;32mINFO[0;0m 2021-09-18 15:11:06,884 meanfield_dca get_reg_pair_site_freqs 
	Regularizing pair site frequencies
[0;32mINFO[0;0m 2021-09-18 15:11:07,137 meanfield_dca construct_corr_mat 
	Constructing the correlation matrix
[0;32mINFO[0;0m 2021-09-18 15:11:07,398 meanfield_dca compute_couplings 
	Computing couplings
[0;32mINFO[0;0m 2021-09-18 15:11:07,956 meanfield_dca compute_couplings 
	Maximum and minimum couplings: 3.233581345335382, -19.93271140069487
[0;32mINFO[0;0m 2021-09-18 15:11:07,956 meanfield_dca compute_sorted_FN 
	Computing Frobenius norm of couplings
[0;32mINFO[0;0m 2021-09-18 15:11:08,153 meanfield_dca compute_sorted_FN_APC 
	Performing average product correction (APC) to Frobenius norm of couplings.
[0;32mINFO[0;0m 2021-09-18 15:11:08,170 dca_utilities write_sorted_dca_scores 
	Writing DCA scores to file MFDCA_output_PKB209/MFDCA_apc_fn_scores_PKB209.txt
[0;32mINFO[0;0m 2021-09-18 15:11:08,177 mfdca_main run_meanfield_dca 
	DONE
