[0;32mINFO[0;0m 2021-09-18 14:28:24,745 fasta_reader get_alignment_int_form 
	Found 4 non-standard residues in 2 sequences
[0;32mINFO[0;0m 2021-09-18 14:28:24,745 fasta_reader get_alignment_int_form 
	Total number of sequences read from file: 60
[0;32mINFO[0;0m 2021-09-18 14:28:24,745 meanfield_dca compute_sequences_weight 
	Computing sequences weights
[0;32mINFO[0;0m 2021-09-18 14:28:25,605 meanfield_dca __init__ 
	Created a MeanFieldDCA object with the following attributes
        	biomolecule: RNA
        	total states at sites: 5
        	pseudocount: 0.5
        	sequence identity: 0.8
        	alignment length: 57
        	total number of unique sequences (excluding redundant sequences with 100 percent similarity): 60
        	effective number of sequences (with sequence identity 0.8): 14.16545646784777
        
[0;32mINFO[0;0m 2021-09-18 14:28:25,606 meanfield_dca get_single_site_freqs 
	Computing single site frequencies
[0;32mINFO[0;0m 2021-09-18 14:28:25,968 meanfield_dca get_reg_single_site_freqs 
	Regularizing single site frequencies
[0;32mINFO[0;0m 2021-09-18 14:28:26,094 meanfield_dca get_pair_site_freqs 
	Computing pair site frequencies
[0;32mINFO[0;0m 2021-09-18 14:28:29,296 meanfield_dca get_reg_pair_site_freqs 
	Regularizing pair site frequencies
[0;32mINFO[0;0m 2021-09-18 14:28:29,496 meanfield_dca construct_corr_mat 
	Constructing the correlation matrix
[0;32mINFO[0;0m 2021-09-18 14:28:29,810 meanfield_dca compute_couplings 
	Computing couplings
[0;32mINFO[0;0m 2021-09-18 14:28:30,315 meanfield_dca compute_couplings 
	Maximum and minimum couplings: 3.805827690991788, -20.000000000000014
[0;32mINFO[0;0m 2021-09-18 14:28:30,315 meanfield_dca compute_sorted_FN 
	Computing Frobenius norm of couplings
[0;32mINFO[0;0m 2021-09-18 14:28:30,457 meanfield_dca compute_sorted_FN_APC 
	Performing average product correction (APC) to Frobenius norm of couplings.
[0;32mINFO[0;0m 2021-09-18 14:28:30,463 dca_utilities write_sorted_dca_scores 
	Writing DCA scores to file MFDCA_output_PKB106/MFDCA_apc_fn_scores_PKB106.txt
[0;32mINFO[0;0m 2021-09-18 14:28:30,467 mfdca_main run_meanfield_dca 
	DONE
