[0;32mINFO[0;0m 2021-05-22 18:59:54,210 fasta_reader get_alignment_int_form 
	Found 7 non-standard residues in 1 sequences
[0;32mINFO[0;0m 2021-05-22 18:59:54,210 fasta_reader get_alignment_int_form 
	Total number of sequences read from file: 328
[0;32mINFO[0;0m 2021-05-22 18:59:54,210 meanfield_dca compute_sequences_weight 
	Computing sequences weights
[0;32mINFO[0;0m 2021-05-22 18:59:55,153 meanfield_dca __init__ 
	Created a MeanFieldDCA object with the following attributes
        	biomolecule: RNA
        	total states at sites: 5
        	pseudocount: 0.5
        	sequence identity: 0.8
        	alignment length: 118
        	total number of unique sequences (excluding redundant sequences with 100 percent similarity): 328
        	effective number of sequences (with sequence identity 0.8): 28.737116672173993
        
[0;32mINFO[0;0m 2021-05-22 18:59:55,153 meanfield_dca get_single_site_freqs 
	Computing single site frequencies
[0;32mINFO[0;0m 2021-05-22 18:59:55,511 meanfield_dca get_reg_single_site_freqs 
	Regularizing single site frequencies
[0;32mINFO[0;0m 2021-05-22 18:59:55,631 meanfield_dca get_pair_site_freqs 
	Computing pair site frequencies
[0;32mINFO[0;0m 2021-05-22 18:59:58,790 meanfield_dca get_reg_pair_site_freqs 
	Regularizing pair site frequencies
[0;32mINFO[0;0m 2021-05-22 18:59:58,986 meanfield_dca construct_corr_mat 
	Constructing the correlation matrix
[0;32mINFO[0;0m 2021-05-22 18:59:59,296 meanfield_dca compute_couplings 
	Computing couplings
[0;32mINFO[0;0m 2021-05-22 18:59:59,996 meanfield_dca compute_couplings 
	Maximum and minimum couplings: 3.6915434133894407, -20.00000000000003
[0;32mINFO[0;0m 2021-05-22 18:59:59,997 meanfield_dca compute_sorted_FN 
	Computing Frobenius norm of couplings
[0;32mINFO[0;0m 2021-05-22 19:00:00,584 meanfield_dca compute_sorted_FN_APC 
	Performing average product correction (APC) to Frobenius norm of couplings.
[0;32mINFO[0;0m 2021-05-22 19:00:00,649 dca_utilities write_sorted_dca_scores 
	Writing DCA scores to file MFDCA_output_5f9r_A/MFDCA_apc_fn_scores_5f9r_A.txt
[0;32mINFO[0;0m 2021-05-22 19:00:00,664 mfdca_main run_meanfield_dca 
	DONE
