[0;32mINFO[0;0m 2021-10-28 10:07:26,102 plmdca __init__ Created plmDCA instance with:
            biomolecule: RNA
            MSA sequence length: 43
            total number of (unweighted) sequences: 2
            sequence identity: 0.8
            lambda_h: 8.4
            lambda_J: 8.4
            gradient decent iterations: 500
            number of threads: 40
        
[0;32mINFO[0;0m 2021-10-28 10:07:26,103 plmdca get_fields_and_couplings_from_backend 
	Computing fields and couplings using gradient decent
Iteration 1:
fx = 120.494431, xnorm = 3.282315, gnorm = 55.495255, step = 0.013100

Iteration 2:
fx = 34.405941, xnorm = 1.206780, gnorm = 6.584790, step = 1.000000

Iteration 3:
fx = 33.853558, xnorm = 1.431644, gnorm = 3.477799, step = 1.000000

Iteration 4:
fx = 33.692917, xnorm = 1.342688, gnorm = 0.072428, step = 1.000000

Iteration 5:
fx = 33.692429, xnorm = 1.340775, gnorm = 0.000868, step = 1.000000

L-BFGS optimization terminated with status code = 0
fx = 33.692429
[0;32mINFO[0;0m 2021-10-28 10:07:26,135 plmdca get_fields_and_couplings_from_backend 
	Data size expected from plmDCA backend: 22790
[0;32mINFO[0;0m 2021-10-28 10:07:26,135 plmdca get_fields_and_couplings_from_backend 
	Data size obtained from plmDCA backend to Python: 22790
[0;32mINFO[0;0m 2021-10-28 10:07:26,150 plmdca compute_sorted_FN 
	Computing non-APC sorted DCA score
[0;32mINFO[0;0m 2021-10-28 10:07:26,195 plmdca compute_sorted_FN_APC 
	Performing average product correction (APC) of FN  of DCA scores
[0;32mINFO[0;0m 2021-10-28 10:07:26,199 dca_utilities write_sorted_dca_scores 
	Writing DCA scores to file PLMDCA_output_5ng6_B/PLMDCA_apc_fn_scores_5ng6_B.txt
