[0;32mINFO[0;0m 2021-08-19 11:22:29,641 plmdca __init__ Created plmDCA instance with:
            biomolecule: RNA
            MSA sequence length: 78
            total number of (unweighted) sequences: 50000
            sequence identity: 0.8
            lambda_h: 15.4
            lambda_J: 15.4
            gradient decent iterations: 500
            number of threads: 40
        
[0;32mINFO[0;0m 2021-08-19 11:22:29,641 plmdca get_fields_and_couplings_from_backend 
	Computing fields and couplings using gradient decent
Iteration 1:
fx = 56881.847656, xnorm = 38.074383, gnorm = 2868.739502, step = 0.000084

Iteration 2:
fx = 56076.585938, xnorm = 37.893795, gnorm = 3353.439209, step = 1.000000

Iteration 3:
fx = 54733.277344, xnorm = 37.409077, gnorm = 5745.019043, step = 1.000000

Iteration 4:
fx = 51727.753906, xnorm = 36.429390, gnorm = 7949.233398, step = 1.000000

Iteration 5:
fx = 44033.570312, xnorm = 34.346638, gnorm = 8126.114746, step = 1.000000

Iteration 6:
fx = 36893.652344, xnorm = 33.306717, gnorm = 4841.972656, step = 1.000000

Iteration 7:
fx = 34950.324219, xnorm = 33.160301, gnorm = 2713.244629, step = 1.000000

Iteration 8:
fx = 33955.484375, xnorm = 32.923199, gnorm = 1866.991211, step = 1.000000

Iteration 9:
fx = 33185.664062, xnorm = 32.598022, gnorm = 1469.659180, step = 1.000000

Iteration 10:
fx = 32105.744141, xnorm = 31.946087, gnorm = 1994.571045, step = 1.000000

Iteration 11:
fx = 30953.292969, xnorm = 30.155424, gnorm = 3964.021240, step = 1.000000

Iteration 12:
fx = 28977.939453, xnorm = 29.291491, gnorm = 2536.799072, step = 1.000000

Iteration 13:
fx = 26869.238281, xnorm = 27.637205, gnorm = 2425.301514, step = 1.000000

Iteration 14:
fx = 25940.343750, xnorm = 25.944151, gnorm = 3331.454834, step = 1.000000

Iteration 15:
fx = 24658.755859, xnorm = 25.198988, gnorm = 1881.960571, step = 1.000000

Iteration 16:
fx = 24043.472656, xnorm = 24.372429, gnorm = 2104.399170, step = 1.000000

Iteration 17:
fx = 23630.558594, xnorm = 23.892134, gnorm = 1823.539917, step = 1.000000

Iteration 18:
fx = 23262.578125, xnorm = 23.582109, gnorm = 1409.523682, step = 1.000000

Iteration 19:
fx = 22972.091797, xnorm = 23.149923, gnorm = 1431.022217, step = 1.000000

Iteration 20:
fx = 22527.025391, xnorm = 22.222942, gnorm = 1885.352905, step = 1.000000

Iteration 21:
fx = 22129.003906, xnorm = 21.401588, gnorm = 1940.392334, step = 1.000000

Iteration 22:
fx = 21707.183594, xnorm = 20.964319, gnorm = 1356.828491, step = 1.000000

Iteration 23:
fx = 21287.839844, xnorm = 19.795130, gnorm = 1744.535889, step = 1.000000

Iteration 24:
fx = 21037.117188, xnorm = 19.556208, gnorm = 1790.724243, step = 1.000000

Iteration 25:
fx = 20820.015625, xnorm = 19.413942, gnorm = 890.758728, step = 1.000000

Iteration 26:
fx = 20669.199219, xnorm = 18.919508, gnorm = 838.002808, step = 1.000000

Iteration 27:
fx = 20545.558594, xnorm = 18.659384, gnorm = 865.009460, step = 1.000000

Iteration 28:
fx = 20490.093750, xnorm = 18.211452, gnorm = 1538.147217, step = 1.000000

Iteration 29:
fx = 20319.347656, xnorm = 18.272720, gnorm = 609.308289, step = 1.000000

Iteration 30:
fx = 20261.650391, xnorm = 18.303698, gnorm = 572.474487, step = 1.000000

Iteration 31:
fx = 20172.349609, xnorm = 18.258390, gnorm = 717.360901, step = 1.000000

Iteration 32:
fx = 20144.816406, xnorm = 18.171070, gnorm = 1444.592529, step = 1.000000

Iteration 33:
fx = 20036.517578, xnorm = 18.101816, gnorm = 633.903015, step = 1.000000

Iteration 34:
fx = 20008.314453, xnorm = 18.074301, gnorm = 374.067291, step = 1.000000

Iteration 35:
fx = 19987.222656, xnorm = 18.036114, gnorm = 320.126404, step = 1.000000

Iteration 36:
fx = 19966.503906, xnorm = 17.994905, gnorm = 354.300568, step = 1.000000

Iteration 37:
fx = 19942.021484, xnorm = 17.929337, gnorm = 562.758606, step = 1.000000

Iteration 38:
fx = 19909.101562, xnorm = 17.898109, gnorm = 340.439514, step = 1.000000

Iteration 39:
fx = 19889.060547, xnorm = 17.892021, gnorm = 235.620895, step = 1.000000

Iteration 40:
fx = 19880.025391, xnorm = 17.892553, gnorm = 315.064514, step = 1.000000

Iteration 41:
fx = 19871.250000, xnorm = 17.886982, gnorm = 347.929749, step = 1.000000

Iteration 42:
fx = 19863.550781, xnorm = 17.884651, gnorm = 215.938263, step = 1.000000

Iteration 43:
fx = 19854.000000, xnorm = 17.874731, gnorm = 171.188385, step = 1.000000

Iteration 44:
fx = 19848.210938, xnorm = 17.869493, gnorm = 185.007202, step = 1.000000

Iteration 45:
fx = 19842.359375, xnorm = 17.855654, gnorm = 398.382782, step = 1.000000

Iteration 46:
fx = 19831.285156, xnorm = 17.855598, gnorm = 153.017670, step = 1.000000

Iteration 47:
fx = 19829.363281, xnorm = 17.856604, gnorm = 95.251907, step = 1.000000

Iteration 48:
fx = 19827.273438, xnorm = 17.855457, gnorm = 74.559959, step = 1.000000

Iteration 49:
fx = 19825.207031, xnorm = 17.851742, gnorm = 143.754684, step = 1.000000

Iteration 50:
fx = 19823.019531, xnorm = 17.848057, gnorm = 106.291634, step = 1.000000

Iteration 51:
fx = 19820.962891, xnorm = 17.843479, gnorm = 88.170845, step = 1.000000

Iteration 52:
fx = 19819.587891, xnorm = 17.836763, gnorm = 197.488037, step = 1.000000

Iteration 53:
fx = 19818.320312, xnorm = 17.834438, gnorm = 94.568245, step = 1.000000

Iteration 54:
fx = 19817.718750, xnorm = 17.833845, gnorm = 57.539688, step = 1.000000

Iteration 55:
fx = 19817.140625, xnorm = 17.831469, gnorm = 58.437824, step = 1.000000

Iteration 56:
fx = 19816.859375, xnorm = 17.829323, gnorm = 57.914837, step = 0.350524

Iteration 57:
fx = 19816.111328, xnorm = 17.822195, gnorm = 49.120342, step = 1.000000

Iteration 58:
fx = 19815.511719, xnorm = 17.816404, gnorm = 47.052025, step = 1.000000

Iteration 59:
fx = 19815.078125, xnorm = 17.812904, gnorm = 49.801712, step = 0.511282

Iteration 60:
fx = 19814.791016, xnorm = 17.811205, gnorm = 32.903114, step = 1.000000

Iteration 61:
fx = 19814.333984, xnorm = 17.808916, gnorm = 34.770424, step = 1.000000

Iteration 62:
fx = 19814.263672, xnorm = 17.804739, gnorm = 71.198715, step = 1.000000

Iteration 63:
fx = 19813.765625, xnorm = 17.801865, gnorm = 40.408390, step = 1.000000

Iteration 64:
fx = 19813.398438, xnorm = 17.798407, gnorm = 29.569757, step = 1.000000

Iteration 65:
fx = 19813.238281, xnorm = 17.795734, gnorm = 27.982866, step = 1.000000

Iteration 66:
fx = 19812.953125, xnorm = 17.789885, gnorm = 62.561558, step = 1.000000

Iteration 67:
fx = 19812.787109, xnorm = 17.788969, gnorm = 24.488264, step = 1.000000

Iteration 68:
fx = 19812.667969, xnorm = 17.788054, gnorm = 20.310490, step = 1.000000

Iteration 69:
fx = 19812.384766, xnorm = 17.785549, gnorm = 22.535774, step = 1.000000

Iteration 70:
fx = 19812.363281, xnorm = 17.784588, gnorm = 25.740934, step = 0.292381

Iteration 71:
fx = 19812.037109, xnorm = 17.781033, gnorm = 17.787542, step = 1.000000

Iteration 72:
fx = 19811.904297, xnorm = 17.779282, gnorm = 24.369158, step = 1.000000

Iteration 73:
fx = 19811.767578, xnorm = 17.777733, gnorm = 12.469381, step = 1.000000

Iteration 74:
fx = 19811.757812, xnorm = 17.777895, gnorm = 11.698513, step = 1.000000

L-BFGS optimization terminated with status code = -1001
fx = 19811.757812
[0;32mINFO[0;0m 2021-08-19 11:23:01,786 plmdca get_fields_and_couplings_from_backend 
	Data size expected from plmDCA backend: 75465
[0;32mINFO[0;0m 2021-08-19 11:23:01,787 plmdca get_fields_and_couplings_from_backend 
	Data size obtained from plmDCA backend to Python: 75465
[0;32mINFO[0;0m 2021-08-19 11:23:01,833 plmdca compute_sorted_FN 
	Computing non-APC sorted DCA score
[0;32mINFO[0;0m 2021-08-19 11:23:01,966 plmdca compute_sorted_FN_APC 
	Performing average product correction (APC) of FN  of DCA scores
[0;32mINFO[0;0m 2021-08-19 11:23:01,991 dca_utilities write_sorted_dca_scores 
	Writing DCA scores to file PLMDCA_output_3amt_B/PLMDCA_apc_fn_scores_3amt_B.txt
