[0;32mINFO[0;0m 2021-09-18 14:54:24,010 fasta_reader get_alignment_int_form 
	Total number of sequences read from file: 252
[0;32mINFO[0;0m 2021-09-18 14:54:24,010 meanfield_dca compute_sequences_weight 
	Computing sequences weights
[0;32mINFO[0;0m 2021-09-18 14:54:24,885 meanfield_dca __init__ 
	Created a MeanFieldDCA object with the following attributes
        	biomolecule: RNA
        	total states at sites: 5
        	pseudocount: 0.5
        	sequence identity: 0.8
        	alignment length: 59
        	total number of unique sequences (excluding redundant sequences with 100 percent similarity): 251
        	effective number of sequences (with sequence identity 0.8): 15.550988676664463
        
[0;32mINFO[0;0m 2021-09-18 14:54:24,887 meanfield_dca get_single_site_freqs 
	Computing single site frequencies
[0;32mINFO[0;0m 2021-09-18 14:54:25,256 meanfield_dca get_reg_single_site_freqs 
	Regularizing single site frequencies
[0;32mINFO[0;0m 2021-09-18 14:54:25,386 meanfield_dca get_pair_site_freqs 
	Computing pair site frequencies
[0;32mINFO[0;0m 2021-09-18 14:54:28,672 meanfield_dca get_reg_pair_site_freqs 
	Regularizing pair site frequencies
[0;32mINFO[0;0m 2021-09-18 14:54:28,870 meanfield_dca construct_corr_mat 
	Constructing the correlation matrix
[0;32mINFO[0;0m 2021-09-18 14:54:29,182 meanfield_dca compute_couplings 
	Computing couplings
[0;32mINFO[0;0m 2021-09-18 14:54:29,700 meanfield_dca compute_couplings 
	Maximum and minimum couplings: 3.2891765280334058, -20.000000000000025
[0;32mINFO[0;0m 2021-09-18 14:54:29,700 meanfield_dca compute_sorted_FN 
	Computing Frobenius norm of couplings
[0;32mINFO[0;0m 2021-09-18 14:54:29,811 meanfield_dca compute_sorted_FN_APC 
	Performing average product correction (APC) to Frobenius norm of couplings.
[0;32mINFO[0;0m 2021-09-18 14:54:29,821 dca_utilities write_sorted_dca_scores 
	Writing DCA scores to file MFDCA_output_PKB50/MFDCA_apc_fn_scores_PKB50.txt
[0;32mINFO[0;0m 2021-09-18 14:54:29,825 mfdca_main run_meanfield_dca 
	DONE
