[0;32mINFO[0;0m 2021-06-10 15:00:46,077 plmdca __init__ Created plmDCA instance with:
            biomolecule: RNA
            MSA sequence length: 42
            total number of (unweighted) sequences: 10
            sequence identity: 0.8
            lambda_h: 8.200000000000001
            lambda_J: 8.200000000000001
            gradient decent iterations: 500
            number of threads: 40
        
[0;32mINFO[0;0m 2021-06-10 15:00:46,077 plmdca get_fields_and_couplings_from_backend 
	Computing fields and couplings using gradient decent
Iteration 1:
fx = 152.674759, xnorm = 3.750274, gnorm = 60.672318, step = 0.012384

Iteration 2:
fx = 48.763344, xnorm = 1.029929, gnorm = 18.621460, step = 1.000000

Iteration 3:
fx = 41.864704, xnorm = 1.478405, gnorm = 10.680173, step = 1.000000

Iteration 4:
fx = 41.285118, xnorm = 1.266197, gnorm = 1.139735, step = 1.000000

L-BFGS optimization terminated with status code = -1001
fx = 41.285126
[0;32mINFO[0;0m 2021-06-10 15:00:46,146 plmdca get_fields_and_couplings_from_backend 
	Data size expected from plmDCA backend: 21735
[0;32mINFO[0;0m 2021-06-10 15:00:46,146 plmdca get_fields_and_couplings_from_backend 
	Data size obtained from plmDCA backend to Python: 21735
[0;32mINFO[0;0m 2021-06-10 15:00:46,165 plmdca compute_sorted_FN 
	Computing non-APC sorted DCA score
[0;32mINFO[0;0m 2021-06-10 15:00:46,230 plmdca compute_sorted_FN_APC 
	Performing average product correction (APC) of FN  of DCA scores
[0;32mINFO[0;0m 2021-06-10 15:00:46,236 dca_utilities write_sorted_dca_scores 
	Writing DCA scores to file PLMDCA_output_PKB11/PLMDCA_apc_fn_scores_PKB11.txt
