[0;32mINFO[0;0m 2021-08-19 10:50:43,320 fasta_reader get_alignment_int_form 
	Found 100 non-standard residues in 5 sequences
[0;32mINFO[0;0m 2021-08-19 10:50:43,320 fasta_reader get_alignment_int_form 
	Total number of sequences read from file: 105
[0;32mINFO[0;0m 2021-08-19 10:50:43,320 meanfield_dca compute_sequences_weight 
	Computing sequences weights
[0;32mINFO[0;0m 2021-08-19 10:50:44,173 meanfield_dca __init__ 
	Created a MeanFieldDCA object with the following attributes
        	biomolecule: RNA
        	total states at sites: 5
        	pseudocount: 0.5
        	sequence identity: 0.8
        	alignment length: 73
        	total number of unique sequences (excluding redundant sequences with 100 percent similarity): 102
        	effective number of sequences (with sequence identity 0.8): 15.78786235715945
        
[0;32mINFO[0;0m 2021-08-19 10:50:44,174 meanfield_dca get_single_site_freqs 
	Computing single site frequencies
[0;32mINFO[0;0m 2021-08-19 10:50:44,536 meanfield_dca get_reg_single_site_freqs 
	Regularizing single site frequencies
[0;32mINFO[0;0m 2021-08-19 10:50:44,658 meanfield_dca get_pair_site_freqs 
	Computing pair site frequencies
[0;32mINFO[0;0m 2021-08-19 10:50:47,864 meanfield_dca get_reg_pair_site_freqs 
	Regularizing pair site frequencies
[0;32mINFO[0;0m 2021-08-19 10:50:48,066 meanfield_dca construct_corr_mat 
	Constructing the correlation matrix
[0;32mINFO[0;0m 2021-08-19 10:50:48,393 meanfield_dca compute_couplings 
	Computing couplings
[0;32mINFO[0;0m 2021-08-19 10:50:48,962 meanfield_dca compute_couplings 
	Maximum and minimum couplings: 3.159169490138033, -20.00000000000002
[0;32mINFO[0;0m 2021-08-19 10:50:48,962 meanfield_dca compute_sorted_FN 
	Computing Frobenius norm of couplings
[0;32mINFO[0;0m 2021-08-19 10:50:49,171 meanfield_dca compute_sorted_FN_APC 
	Performing average product correction (APC) to Frobenius norm of couplings.
[0;32mINFO[0;0m 2021-08-19 10:50:49,186 dca_utilities write_sorted_dca_scores 
	Writing DCA scores to file MFDCA_output_5axw_B/MFDCA_apc_fn_scores_5axw_B.txt
[0;32mINFO[0;0m 2021-08-19 10:50:49,191 mfdca_main run_meanfield_dca 
	DONE
