[0;32mINFO[0;0m 2021-06-10 14:34:13,034 fasta_reader get_alignment_int_form 
	Total number of sequences read from file: 6
[0;32mINFO[0;0m 2021-06-10 14:34:13,034 meanfield_dca compute_sequences_weight 
	Computing sequences weights
[0;32mINFO[0;0m 2021-06-10 14:34:14,002 meanfield_dca __init__ 
	Created a MeanFieldDCA object with the following attributes
        	biomolecule: RNA
        	total states at sites: 5
        	pseudocount: 0.5
        	sequence identity: 0.8
        	alignment length: 32
        	total number of unique sequences (excluding redundant sequences with 100 percent similarity): 5
        	effective number of sequences (with sequence identity 0.8): 1.1
        
[0;32mINFO[0;0m 2021-06-10 14:34:14,002 meanfield_dca get_single_site_freqs 
	Computing single site frequencies
[0;32mINFO[0;0m 2021-06-10 14:34:14,418 meanfield_dca get_reg_single_site_freqs 
	Regularizing single site frequencies
[0;32mINFO[0;0m 2021-06-10 14:34:14,559 meanfield_dca get_pair_site_freqs 
	Computing pair site frequencies
[0;32mINFO[0;0m 2021-06-10 14:34:18,178 meanfield_dca get_reg_pair_site_freqs 
	Regularizing pair site frequencies
[0;32mINFO[0;0m 2021-06-10 14:34:18,407 meanfield_dca construct_corr_mat 
	Constructing the correlation matrix
[0;32mINFO[0;0m 2021-06-10 14:34:18,761 meanfield_dca compute_couplings 
	Computing couplings
[0;32mINFO[0;0m 2021-06-10 14:34:19,345 meanfield_dca compute_couplings 
	Maximum and minimum couplings: 5.348049957730294, -20.000000000000014
[0;32mINFO[0;0m 2021-06-10 14:34:19,345 meanfield_dca compute_sorted_FN 
	Computing Frobenius norm of couplings
[0;32mINFO[0;0m 2021-06-10 14:34:19,404 meanfield_dca compute_sorted_FN_APC 
	Performing average product correction (APC) to Frobenius norm of couplings.
[0;32mINFO[0;0m 2021-06-10 14:34:19,408 dca_utilities write_sorted_dca_scores 
	Writing DCA scores to file MFDCA_output_PKB151/MFDCA_apc_fn_scores_PKB151.txt
[0;32mINFO[0;0m 2021-06-10 14:34:19,411 mfdca_main run_meanfield_dca 
	DONE
