[0;32mINFO[0;0m 2021-08-19 10:52:13,911 fasta_reader get_alignment_int_form 
	Found 2 non-standard residues in 1 sequences
[0;32mINFO[0;0m 2021-08-19 10:52:13,911 fasta_reader get_alignment_int_form 
	Total number of sequences read from file: 355
[0;32mINFO[0;0m 2021-08-19 10:52:13,911 meanfield_dca compute_sequences_weight 
	Computing sequences weights
[0;32mINFO[0;0m 2021-08-19 10:52:14,761 meanfield_dca __init__ 
	Created a MeanFieldDCA object with the following attributes
        	biomolecule: RNA
        	total states at sites: 5
        	pseudocount: 0.5
        	sequence identity: 0.8
        	alignment length: 41
        	total number of unique sequences (excluding redundant sequences with 100 percent similarity): 354
        	effective number of sequences (with sequence identity 0.8): 5.111373912359571
        
[0;32mINFO[0;0m 2021-08-19 10:52:14,761 meanfield_dca get_single_site_freqs 
	Computing single site frequencies
[0;32mINFO[0;0m 2021-08-19 10:52:15,118 meanfield_dca get_reg_single_site_freqs 
	Regularizing single site frequencies
[0;32mINFO[0;0m 2021-08-19 10:52:15,238 meanfield_dca get_pair_site_freqs 
	Computing pair site frequencies
[0;32mINFO[0;0m 2021-08-19 10:52:18,388 meanfield_dca get_reg_pair_site_freqs 
	Regularizing pair site frequencies
[0;32mINFO[0;0m 2021-08-19 10:52:18,585 meanfield_dca construct_corr_mat 
	Constructing the correlation matrix
[0;32mINFO[0;0m 2021-08-19 10:52:18,892 meanfield_dca compute_couplings 
	Computing couplings
[0;32mINFO[0;0m 2021-08-19 10:52:19,372 meanfield_dca compute_couplings 
	Maximum and minimum couplings: 4.39955685360435, -20.00000000000002
[0;32mINFO[0;0m 2021-08-19 10:52:19,372 meanfield_dca compute_sorted_FN 
	Computing Frobenius norm of couplings
[0;32mINFO[0;0m 2021-08-19 10:52:19,469 meanfield_dca compute_sorted_FN_APC 
	Performing average product correction (APC) to Frobenius norm of couplings.
[0;32mINFO[0;0m 2021-08-19 10:52:19,477 dca_utilities write_sorted_dca_scores 
	Writing DCA scores to file MFDCA_output_5o69_A/MFDCA_apc_fn_scores_5o69_A.txt
[0;32mINFO[0;0m 2021-08-19 10:52:19,483 mfdca_main run_meanfield_dca 
	DONE
